[2024-02-08T01:58:55+08:00][sql] CONNECT:[ UseTime:0.000892s ] mysql:host=127.0.0.1;port=3306;dbname=www_fsqf_com;charset=utf8
[2024-02-08T01:58:55+08:00][sql] SHOW FULL COLUMNS FROM `jm_nav` [ RunTime:0.001690s ]
[2024-02-08T01:58:55+08:00][sql] SELECT * FROM `jm_nav` ORDER BY `sort` ASC [ RunTime:0.000715s ]
[2024-02-08T01:58:55+08:00][sql] SHOW FULL COLUMNS FROM `jm_browse_index` [ RunTime:0.001247s ]
[2024-02-08T01:58:55+08:00][sql] SELECT * FROM `jm_browse_index` WHERE  `ip` = '101.67.49.53' ORDER BY `id` DESC LIMIT 1 [ RunTime:0.001152s ]
[2024-02-08T01:58:55+08:00][sql] INSERT INTO `jm_browse_index` SET `cid` = 77 , `url` = '/list/77.html' , `ip` = '101.67.49.53' , `mark` = '68e8f77d3442a6d7379bf361c3e97bf7' , `user_agent` = 'Mozilla/5.0 (Windows NT 6.1; Win64; x64) AppleWebKit/537.36 (KHTML, like Gecko) Chrome/69.0.3497.81 YisouSpider/5.0 Safari/537.36' , `create_time` = '2024-02-08 01:58:55.176659' [ RunTime:0.000462s ]
[2024-02-08T01:58:55+08:00][sql] SHOW FULL COLUMNS FROM `jm_category` [ RunTime:0.001698s ]
[2024-02-08T01:58:55+08:00][sql] SELECT `pid` FROM `jm_category` WHERE  `id` = 77 LIMIT 1 [ RunTime:0.000638s ]
[2024-02-08T01:58:55+08:00][sql] SHOW FULL COLUMNS FROM `jm_news_index` [ RunTime:0.001943s ]
[2024-02-08T01:58:55+08:00][sql] SELECT COUNT(*) AS think_count FROM `jm_news_index` WHERE  `status` = 1  AND `c_id` = 77 LIMIT 1 [ RunTime:0.000794s ]
[2024-02-08T01:58:55+08:00][sql] SELECT * FROM `jm_news_index` WHERE  `status` = 1  AND `c_id` = 77 ORDER BY `create_time` DESC LIMIT 0,5 [ RunTime:0.000939s ]
[2024-02-08T01:58:55+08:00][sql] SELECT * FROM `jm_category` WHERE  `id` = 77 LIMIT 1 [ RunTime:0.000445s ]
[2024-02-08T01:58:55+08:00][sql] SELECT * FROM `jm_category` WHERE  `id` = 74 LIMIT 1 [ RunTime:0.000297s ]
[2024-02-08T01:58:55+08:00][sql] SHOW FULL COLUMNS FROM `jm_ad_index` [ RunTime:0.002067s ]
[2024-02-08T01:58:55+08:00][sql] SELECT * FROM `jm_ad_index` WHERE  `g_id` = 74 LIMIT 1 [ RunTime:0.000587s ]
[2024-02-08T01:58:55+08:00][sql] SELECT * FROM `jm_category` WHERE  `pid` = 74 ORDER BY `sort` ASC [ RunTime:0.000380s ]
[2024-02-08T02:47:08+08:00][sql] CONNECT:[ UseTime:0.001052s ] mysql:host=127.0.0.1;port=3306;dbname=www_fsqf_com;charset=utf8
[2024-02-08T02:47:08+08:00][sql] SHOW FULL COLUMNS FROM `jm_nav` [ RunTime:0.003500s ]
[2024-02-08T02:47:08+08:00][sql] SELECT * FROM `jm_nav` ORDER BY `sort` ASC [ RunTime:0.001146s ]
[2024-02-08T02:47:08+08:00][sql] SHOW FULL COLUMNS FROM `jm_browse_index` [ RunTime:0.002773s ]
[2024-02-08T02:47:08+08:00][sql] SELECT * FROM `jm_browse_index` WHERE  `ip` = '124.71.166.204' ORDER BY `id` DESC LIMIT 1 [ RunTime:0.000628s ]
[2024-02-08T02:47:08+08:00][sql] INSERT INTO `jm_browse_index` SET `cid` = 0 , `url` = '/' , `ip` = '124.71.166.204' , `mark` = '7c62193c5417ab3e6792617b22a0fd2a' , `user_agent` = 'Mozilla/5.0 (Windows NT 9.2; Win64; x64) AppleWebKit/537.36 (KHTML, like Gecko) Chrome/73.0.3352.88 Safari/537.36' , `create_time` = '2024-02-08 02:47:08.172690' [ RunTime:0.000499s ]
[2024-02-08T02:47:08+08:00][sql] SHOW FULL COLUMNS FROM `jm_news_index` [ RunTime:0.002381s ]
[2024-02-08T02:47:08+08:00][sql] SELECT * FROM `jm_news_index` WHERE  `c_id` = 78  AND `status` = 1 ORDER BY `create_time` DESC LIMIT 5 [ RunTime:0.001065s ]
[2024-02-08T02:47:08+08:00][sql] SELECT * FROM `jm_news_index` WHERE  `c_id` = 79  AND `status` = 1 ORDER BY `create_time` DESC LIMIT 5 [ RunTime:0.000957s ]
[2024-02-08T02:47:08+08:00][sql] SELECT * FROM `jm_news_index` WHERE  `c_id` = 77  AND `status` = 1 ORDER BY `create_time` DESC LIMIT 5 [ RunTime:0.000898s ]
[2024-02-08T02:47:08+08:00][sql] CONNECT:[ UseTime:0.001060s ] mysql:host=127.0.0.1;port=3306;dbname=www_fsqf_com;charset=utf8
[2024-02-08T02:47:08+08:00][sql] SHOW FULL COLUMNS FROM `jm_nav` [ RunTime:0.003436s ]
[2024-02-08T02:47:08+08:00][sql] SELECT * FROM `jm_nav` ORDER BY `sort` ASC [ RunTime:0.000900s ]
[2024-02-08T02:47:08+08:00][sql] SHOW FULL COLUMNS FROM `jm_browse_index` [ RunTime:0.002382s ]
[2024-02-08T02:47:08+08:00][sql] SELECT * FROM `jm_browse_index` WHERE  `ip` = '124.71.166.204' ORDER BY `id` DESC LIMIT 1 [ RunTime:0.000496s ]
[2024-02-08T02:47:08+08:00][sql] INSERT INTO `jm_browse_index` SET `cid` = 0 , `url` = '/page/2.html' , `ip` = '124.71.166.204' , `mark` = '205796afff6a8cd9b4900e37f9828a6a' , `user_agent` = 'Mozilla/5.0 (Windows NT 10.2; Win64; x64) AppleWebKit/537.36 (KHTML, like Gecko) Chrome/71.0.1377.88 Safari/537.36' , `create_time` = '2024-02-08 02:47:08.301815' [ RunTime:0.000388s ]
[2024-02-08T02:47:08+08:00][sql] SHOW FULL COLUMNS FROM `jm_page_index` [ RunTime:0.003024s ]
[2024-02-08T02:47:08+08:00][sql] SELECT * FROM `jm_page_index` WHERE  `id` = 2 LIMIT 1 [ RunTime:0.001247s ]
[2024-02-08T02:47:08+08:00][sql] SHOW FULL COLUMNS FROM `jm_category` [ RunTime:0.003137s ]
[2024-02-08T02:47:08+08:00][sql] SELECT * FROM `jm_category` WHERE  `id` = 75 LIMIT 1 [ RunTime:0.000853s ]
[2024-02-08T02:47:08+08:00][sql] SELECT * FROM `jm_category` WHERE  `id` = 0 LIMIT 1 [ RunTime:0.000258s ]
[2024-02-08T02:47:08+08:00][sql] SHOW FULL COLUMNS FROM `jm_ad_index` [ RunTime:0.001154s ]
[2024-02-08T02:47:08+08:00][sql] SELECT * FROM `jm_ad_index` WHERE  `g_id` = 75 LIMIT 1 [ RunTime:0.000531s ]
[2024-02-08T02:47:08+08:00][sql] SELECT `id` FROM `jm_page_index` WHERE  `c_id` = 75 LIMIT 1 [ RunTime:0.000261s ]
[2024-02-08T02:47:08+08:00][sql] SELECT * FROM `jm_category` WHERE  `pid` = 75 [ RunTime:0.000302s ]
[2024-02-08T02:47:08+08:00][sql] SELECT * FROM `jm_page_index` WHERE  `c_id` = 76 ORDER BY `sort` ASC [ RunTime:0.000302s ]
[2024-02-08T02:50:48+08:00][sql] CONNECT:[ UseTime:0.001179s ] mysql:host=127.0.0.1;port=3306;dbname=www_fsqf_com;charset=utf8
[2024-02-08T02:50:48+08:00][sql] SHOW FULL COLUMNS FROM `jm_nav` [ RunTime:0.003463s ]
[2024-02-08T02:50:48+08:00][sql] SELECT * FROM `jm_nav` ORDER BY `sort` ASC [ RunTime:0.000922s ]
[2024-02-08T02:50:48+08:00][sql] SHOW FULL COLUMNS FROM `jm_browse_index` [ RunTime:0.002641s ]
[2024-02-08T02:50:48+08:00][sql] SELECT * FROM `jm_browse_index` WHERE  `ip` = '60.188.10.133' ORDER BY `id` DESC LIMIT 1 [ RunTime:0.000687s ]
[2024-02-08T02:50:48+08:00][sql] INSERT INTO `jm_browse_index` SET `cid` = 79 , `url` = '/list/79.html' , `ip` = '60.188.10.133' , `mark` = '7277092bb3c2d8fc9c1c85b7d4a0e425' , `user_agent` = 'Mozilla/5.0 (Windows NT 6.1; Win64; x64) AppleWebKit/537.36 (KHTML, like Gecko) Chrome/69.0.3497.81 YisouSpider/5.0 Safari/537.36' , `create_time` = '2024-02-08 02:50:48.948948' [ RunTime:0.000420s ]
[2024-02-08T02:50:48+08:00][sql] SHOW FULL COLUMNS FROM `jm_category` [ RunTime:0.001315s ]
[2024-02-08T02:50:48+08:00][sql] SELECT `pid` FROM `jm_category` WHERE  `id` = 79 LIMIT 1 [ RunTime:0.000533s ]
[2024-02-08T02:50:48+08:00][sql] SHOW FULL COLUMNS FROM `jm_news_index` [ RunTime:0.002242s ]
[2024-02-08T02:50:48+08:00][sql] SELECT COUNT(*) AS think_count FROM `jm_news_index` WHERE  `status` = 1  AND `c_id` = 79 LIMIT 1 [ RunTime:0.000579s ]
[2024-02-08T02:50:48+08:00][sql] SELECT * FROM `jm_news_index` WHERE  `status` = 1  AND `c_id` = 79 ORDER BY `create_time` DESC LIMIT 0,5 [ RunTime:0.000803s ]
[2024-02-08T02:50:48+08:00][sql] SELECT * FROM `jm_category` WHERE  `id` = 79 LIMIT 1 [ RunTime:0.000450s ]
[2024-02-08T02:50:48+08:00][sql] SELECT * FROM `jm_category` WHERE  `id` = 74 LIMIT 1 [ RunTime:0.000348s ]
[2024-02-08T02:50:48+08:00][sql] SHOW FULL COLUMNS FROM `jm_ad_index` [ RunTime:0.001660s ]
[2024-02-08T02:50:48+08:00][sql] SELECT * FROM `jm_ad_index` WHERE  `g_id` = 74 LIMIT 1 [ RunTime:0.000535s ]
[2024-02-08T02:50:48+08:00][sql] SELECT * FROM `jm_category` WHERE  `pid` = 74 ORDER BY `sort` ASC [ RunTime:0.000393s ]
[2024-02-08T02:53:17+08:00][sql] CONNECT:[ UseTime:0.000694s ] mysql:host=127.0.0.1;port=3306;dbname=www_fsqf_com;charset=utf8
[2024-02-08T02:53:17+08:00][sql] SHOW FULL COLUMNS FROM `jm_nav` [ RunTime:0.001508s ]
[2024-02-08T02:53:17+08:00][sql] SELECT * FROM `jm_nav` ORDER BY `sort` ASC [ RunTime:0.000604s ]
[2024-02-08T02:53:17+08:00][sql] SHOW FULL COLUMNS FROM `jm_browse_index` [ RunTime:0.001220s ]
[2024-02-08T02:53:17+08:00][sql] SHOW FULL COLUMNS FROM `jm_news_index` [ RunTime:0.001599s ]
[2024-02-08T02:53:17+08:00][sql] SELECT `c_id` FROM `jm_news_index` WHERE  `id` = 169 LIMIT 1 [ RunTime:0.000498s ]
[2024-02-08T02:53:17+08:00][sql] SELECT * FROM `jm_browse_index` WHERE  `ip` = '101.67.50.15' ORDER BY `id` DESC LIMIT 1 [ RunTime:0.003945s ]
[2024-02-08T02:53:17+08:00][sql] INSERT INTO `jm_browse_index` SET `cid` = 77 , `url` = '/show/169.html' , `ip` = '101.67.50.15' , `mark` = 'e10ae3ef534983298b46c8db9c601521' , `user_agent` = 'Mozilla/5.0 (Windows NT 6.1; Win64; x64) AppleWebKit/537.36 (KHTML, like Gecko) Chrome/69.0.3497.81 YisouSpider/5.0 Safari/537.36' , `create_time` = '2024-02-08 02:53:17.898509' [ RunTime:0.000467s ]
[2024-02-08T02:53:17+08:00][sql] SELECT * FROM `jm_news_index` WHERE  `id` = 169 LIMIT 1 [ RunTime:0.000423s ]
[2024-02-08T02:53:17+08:00][sql] SHOW FULL COLUMNS FROM `jm_category` [ RunTime:0.001302s ]
[2024-02-08T02:53:17+08:00][sql] SELECT * FROM `jm_category` WHERE  `id` = 77 LIMIT 1 [ RunTime:0.000776s ]
[2024-02-08T02:53:17+08:00][sql] SELECT * FROM `jm_category` WHERE  `id` = 74 LIMIT 1 [ RunTime:0.000441s ]
[2024-02-08T02:53:17+08:00][sql] SHOW FULL COLUMNS FROM `jm_ad_index` [ RunTime:0.002059s ]
[2024-02-08T02:53:17+08:00][sql] SELECT * FROM `jm_ad_index` WHERE  `g_id` = 74 LIMIT 1 [ RunTime:0.000970s ]
[2024-02-08T02:53:17+08:00][sql] SELECT * FROM `jm_category` WHERE  `pid` = 74 [ RunTime:0.000612s ]
[2024-02-08T02:53:17+08:00][sql] SELECT * FROM `jm_news_index` WHERE  `c_id` = 77  AND `id` > 169  AND `status` = 1 LIMIT 1 [ RunTime:0.000865s ]
[2024-02-08T02:53:17+08:00][sql] SELECT * FROM `jm_news_index` WHERE  `c_id` = 77  AND `id` < 169  AND `status` = 1 LIMIT 1 [ RunTime:0.000758s ]
[2024-02-08T06:05:56+08:00][sql] CONNECT:[ UseTime:0.001511s ] mysql:host=127.0.0.1;port=3306;dbname=www_fsqf_com;charset=utf8
[2024-02-08T06:05:56+08:00][sql] SHOW FULL COLUMNS FROM `jm_nav` [ RunTime:0.003997s ]
[2024-02-08T06:05:56+08:00][sql] SELECT * FROM `jm_nav` ORDER BY `sort` ASC [ RunTime:0.001341s ]
[2024-02-08T06:05:56+08:00][sql] SHOW FULL COLUMNS FROM `jm_browse_index` [ RunTime:0.002923s ]
[2024-02-08T06:05:56+08:00][sql] SELECT * FROM `jm_browse_index` WHERE  `ip` = '220.181.108.112' ORDER BY `id` DESC LIMIT 1 [ RunTime:0.000804s ]
[2024-02-08T06:05:56+08:00][sql] INSERT INTO `jm_browse_index` SET `cid` = 79 , `url` = '/list/79.html' , `ip` = '220.181.108.112' , `mark` = 'abbcc3282889cb6801ba703ec8a135fa' , `user_agent` = 'Mozilla/5.0 (compatible; Baiduspider/2.0; +http://www.baidu.com/search/spider.html)' , `create_time` = '2024-02-08 06:05:56.369439' [ RunTime:0.000434s ]
[2024-02-08T06:05:56+08:00][sql] SHOW FULL COLUMNS FROM `jm_category` [ RunTime:0.001657s ]
[2024-02-08T06:05:56+08:00][sql] SELECT `pid` FROM `jm_category` WHERE  `id` = 79 LIMIT 1 [ RunTime:0.000811s ]
[2024-02-08T06:05:56+08:00][sql] SHOW FULL COLUMNS FROM `jm_news_index` [ RunTime:0.001911s ]
[2024-02-08T06:05:56+08:00][sql] SELECT COUNT(*) AS think_count FROM `jm_news_index` WHERE  `status` = 1  AND `c_id` = 79 LIMIT 1 [ RunTime:0.000978s ]
[2024-02-08T06:05:56+08:00][sql] SELECT * FROM `jm_news_index` WHERE  `status` = 1  AND `c_id` = 79 ORDER BY `create_time` DESC LIMIT 0,5 [ RunTime:0.000973s ]
[2024-02-08T06:05:56+08:00][sql] SELECT * FROM `jm_category` WHERE  `id` = 79 LIMIT 1 [ RunTime:0.000732s ]
[2024-02-08T06:05:56+08:00][sql] SELECT * FROM `jm_category` WHERE  `id` = 74 LIMIT 1 [ RunTime:0.000568s ]
[2024-02-08T06:05:56+08:00][sql] SHOW FULL COLUMNS FROM `jm_ad_index` [ RunTime:0.001816s ]
[2024-02-08T06:05:56+08:00][sql] SELECT * FROM `jm_ad_index` WHERE  `g_id` = 74 LIMIT 1 [ RunTime:0.000703s ]
[2024-02-08T06:05:56+08:00][sql] SELECT * FROM `jm_category` WHERE  `pid` = 74 ORDER BY `sort` ASC [ RunTime:0.000387s ]
[2024-02-08T07:58:52+08:00][sql] CONNECT:[ UseTime:0.001360s ] mysql:host=127.0.0.1;port=3306;dbname=www_fsqf_com;charset=utf8
[2024-02-08T07:58:52+08:00][sql] SHOW FULL COLUMNS FROM `jm_nav` [ RunTime:0.003747s ]
[2024-02-08T07:58:52+08:00][sql] SELECT * FROM `jm_nav` ORDER BY `sort` ASC [ RunTime:0.001376s ]
[2024-02-08T07:58:52+08:00][sql] SHOW FULL COLUMNS FROM `jm_browse_index` [ RunTime:0.001677s ]
[2024-02-08T07:58:52+08:00][sql] SHOW FULL COLUMNS FROM `jm_news_index` [ RunTime:0.001979s ]
[2024-02-08T07:58:52+08:00][sql] SELECT `c_id` FROM `jm_news_index` WHERE  `id` = 175 LIMIT 1 [ RunTime:0.000752s ]
[2024-02-08T07:58:52+08:00][sql] SELECT * FROM `jm_browse_index` WHERE  `ip` = '101.67.29.140' ORDER BY `id` DESC LIMIT 1 [ RunTime:0.004938s ]
[2024-02-08T07:58:52+08:00][sql] INSERT INTO `jm_browse_index` SET `cid` = 79 , `url` = '/show/175.html' , `ip` = '101.67.29.140' , `mark` = 'fd291a041390437d98f374e8befc5728' , `user_agent` = 'Mozilla/5.0 (Windows NT 6.1; Win64; x64) AppleWebKit/537.36 (KHTML, like Gecko) Chrome/69.0.3497.81 YisouSpider/5.0 Safari/537.36' , `create_time` = '2024-02-08 07:58:52.907008' [ RunTime:0.000385s ]
[2024-02-08T07:58:52+08:00][sql] SELECT * FROM `jm_news_index` WHERE  `id` = 175 LIMIT 1 [ RunTime:0.000640s ]
[2024-02-08T07:58:52+08:00][sql] SHOW FULL COLUMNS FROM `jm_category` [ RunTime:0.002617s ]
[2024-02-08T07:58:52+08:00][sql] SELECT * FROM `jm_category` WHERE  `id` = 79 LIMIT 1 [ RunTime:0.000955s ]
[2024-02-08T07:58:52+08:00][sql] SELECT * FROM `jm_category` WHERE  `id` = 74 LIMIT 1 [ RunTime:0.000521s ]
[2024-02-08T07:58:52+08:00][sql] SHOW FULL COLUMNS FROM `jm_ad_index` [ RunTime:0.002291s ]
[2024-02-08T07:58:52+08:00][sql] SELECT * FROM `jm_ad_index` WHERE  `g_id` = 74 LIMIT 1 [ RunTime:0.001024s ]
[2024-02-08T07:58:52+08:00][sql] SELECT * FROM `jm_category` WHERE  `pid` = 74 [ RunTime:0.000525s ]
[2024-02-08T07:58:52+08:00][sql] SELECT * FROM `jm_news_index` WHERE  `c_id` = 79  AND `id` > 175  AND `status` = 1 LIMIT 1 [ RunTime:0.000651s ]
[2024-02-08T07:58:52+08:00][sql] SELECT * FROM `jm_news_index` WHERE  `c_id` = 79  AND `id` < 175  AND `status` = 1 LIMIT 1 [ RunTime:0.000504s ]
[2024-02-08T13:33:45+08:00][sql] CONNECT:[ UseTime:0.001138s ] mysql:host=127.0.0.1;port=3306;dbname=www_fsqf_com;charset=utf8
[2024-02-08T13:33:45+08:00][sql] SHOW FULL COLUMNS FROM `jm_nav` [ RunTime:0.003827s ]
[2024-02-08T13:33:45+08:00][sql] SELECT * FROM `jm_nav` ORDER BY `sort` ASC [ RunTime:0.001333s ]
[2024-02-08T13:33:45+08:00][sql] SHOW FULL COLUMNS FROM `jm_browse_index` [ RunTime:0.002196s ]
[2024-02-08T13:33:45+08:00][sql] SELECT * FROM `jm_browse_index` WHERE  `ip` = '101.67.50.13' ORDER BY `id` DESC LIMIT 1 [ RunTime:0.004346s ]
[2024-02-08T13:33:45+08:00][sql] INSERT INTO `jm_browse_index` SET `cid` = 74 , `url` = '/list/74.html?page=1' , `ip` = '101.67.50.13' , `mark` = '8b6107156bae7831d560f76166bae40f' , `user_agent` = 'Mozilla/5.0 (Windows NT 6.1; Win64; x64) AppleWebKit/537.36 (KHTML, like Gecko) Chrome/69.0.3497.81 YisouSpider/5.0 Safari/537.36' , `create_time` = '2024-02-08 13:33:45.205506' [ RunTime:0.000620s ]
[2024-02-08T13:33:45+08:00][sql] SHOW FULL COLUMNS FROM `jm_category` [ RunTime:0.001556s ]
[2024-02-08T13:33:45+08:00][sql] SELECT `pid` FROM `jm_category` WHERE  `id` = 74 LIMIT 1 [ RunTime:0.000649s ]
[2024-02-08T13:33:45+08:00][sql] SELECT `id` FROM `jm_category` WHERE  `pid` = 74 [ RunTime:0.000629s ]
[2024-02-08T13:33:45+08:00][sql] SHOW FULL COLUMNS FROM `jm_news_index` [ RunTime:0.003226s ]
[2024-02-08T13:33:45+08:00][sql] SELECT COUNT(*) AS think_count FROM `jm_news_index` WHERE  `status` = 1  AND `c_id` IN (77,78,79) LIMIT 1 [ RunTime:0.001107s ]
[2024-02-08T13:33:45+08:00][sql] SELECT * FROM `jm_news_index` WHERE  `status` = 1  AND `c_id` IN (77,78,79) ORDER BY `create_time` DESC LIMIT 0,5 [ RunTime:0.001059s ]
[2024-02-08T13:33:45+08:00][sql] SELECT * FROM `jm_category` WHERE  `id` = 74 LIMIT 1 [ RunTime:0.000619s ]
[2024-02-08T13:33:45+08:00][sql] SELECT * FROM `jm_category` WHERE  `id` = 0 LIMIT 1 [ RunTime:0.000485s ]
[2024-02-08T13:33:45+08:00][sql] SHOW FULL COLUMNS FROM `jm_ad_index` [ RunTime:0.001559s ]
[2024-02-08T13:33:45+08:00][sql] SELECT * FROM `jm_ad_index` WHERE  `g_id` = 74 LIMIT 1 [ RunTime:0.000547s ]
[2024-02-08T13:33:45+08:00][sql] SELECT * FROM `jm_category` WHERE  `pid` = 74 ORDER BY `sort` ASC [ RunTime:0.000314s ]
[2024-02-08T14:18:00+08:00][sql] CONNECT:[ UseTime:0.001507s ] mysql:host=127.0.0.1;port=3306;dbname=www_fsqf_com;charset=utf8
[2024-02-08T14:18:00+08:00][sql] SHOW FULL COLUMNS FROM `jm_nav` [ RunTime:0.004002s ]
[2024-02-08T14:18:00+08:00][sql] SELECT * FROM `jm_nav` ORDER BY `sort` ASC [ RunTime:0.001244s ]
[2024-02-08T14:18:00+08:00][sql] SHOW FULL COLUMNS FROM `jm_browse_index` [ RunTime:0.001323s ]
[2024-02-08T14:18:00+08:00][sql] SHOW FULL COLUMNS FROM `jm_news_index` [ RunTime:0.001576s ]
[2024-02-08T14:18:00+08:00][sql] SELECT `c_id` FROM `jm_news_index` WHERE  `id` = 175 LIMIT 1 [ RunTime:0.000562s ]
[2024-02-08T14:18:00+08:00][sql] SELECT * FROM `jm_browse_index` WHERE  `ip` = '112.13.112.34' ORDER BY `id` DESC LIMIT 1 [ RunTime:0.000889s ]
[2024-02-08T14:18:00+08:00][sql] INSERT INTO `jm_browse_index` SET `cid` = 79 , `url` = '/show/175.html' , `ip` = '112.13.112.34' , `mark` = 'c11b40347ccdff63d31c4cd9faaa9a19' , `user_agent` = 'Mozilla/5.0 (Windows NT 6.1; Win64; x64) AppleWebKit/537.36 (KHTML, like Gecko) Chrome/69.0.3497.81 YisouSpider/5.0 Safari/537.36' , `create_time` = '2024-02-08 14:18:00.911492' [ RunTime:0.000379s ]
[2024-02-08T14:18:00+08:00][sql] SELECT * FROM `jm_news_index` WHERE  `id` = 175 LIMIT 1 [ RunTime:0.000523s ]
[2024-02-08T14:18:00+08:00][sql] SHOW FULL COLUMNS FROM `jm_category` [ RunTime:0.001616s ]
[2024-02-08T14:18:00+08:00][sql] SELECT * FROM `jm_category` WHERE  `id` = 79 LIMIT 1 [ RunTime:0.000685s ]
[2024-02-08T14:18:00+08:00][sql] SELECT * FROM `jm_category` WHERE  `id` = 74 LIMIT 1 [ RunTime:0.000470s ]
[2024-02-08T14:18:00+08:00][sql] SHOW FULL COLUMNS FROM `jm_ad_index` [ RunTime:0.002127s ]
[2024-02-08T14:18:00+08:00][sql] SELECT * FROM `jm_ad_index` WHERE  `g_id` = 74 LIMIT 1 [ RunTime:0.000796s ]
[2024-02-08T14:18:00+08:00][sql] SELECT * FROM `jm_category` WHERE  `pid` = 74 [ RunTime:0.000422s ]
[2024-02-08T14:18:00+08:00][sql] SELECT * FROM `jm_news_index` WHERE  `c_id` = 79  AND `id` > 175  AND `status` = 1 LIMIT 1 [ RunTime:0.000552s ]
[2024-02-08T14:18:00+08:00][sql] SELECT * FROM `jm_news_index` WHERE  `c_id` = 79  AND `id` < 175  AND `status` = 1 LIMIT 1 [ RunTime:0.000535s ]
[2024-02-08T17:04:12+08:00][sql] CONNECT:[ UseTime:0.001131s ] mysql:host=127.0.0.1;port=3306;dbname=www_fsqf_com;charset=utf8
[2024-02-08T17:04:12+08:00][sql] SHOW FULL COLUMNS FROM `jm_nav` [ RunTime:0.002095s ]
[2024-02-08T17:04:12+08:00][sql] SELECT * FROM `jm_nav` ORDER BY `sort` ASC [ RunTime:0.000821s ]
[2024-02-08T17:04:12+08:00][sql] SHOW FULL COLUMNS FROM `jm_browse_index` [ RunTime:0.001641s ]
[2024-02-08T17:04:12+08:00][sql] SELECT * FROM `jm_browse_index` WHERE  `ip` = '116.179.32.73' ORDER BY `id` DESC LIMIT 1 [ RunTime:0.000889s ]
[2024-02-08T17:04:12+08:00][sql] INSERT INTO `jm_browse_index` SET `cid` = 74 , `url` = '/list/74.html?page=2' , `ip` = '116.179.32.73' , `mark` = '0c67a793ad63b657ea0e2a5b324c7c30' , `user_agent` = 'Mozilla/5.0 (compatible; Baiduspider/2.0; +http://www.baidu.com/search/spider.html)' , `create_time` = '2024-02-08 17:04:12.373963' [ RunTime:0.000454s ]
[2024-02-08T17:04:12+08:00][sql] SHOW FULL COLUMNS FROM `jm_category` [ RunTime:0.001903s ]
[2024-02-08T17:04:12+08:00][sql] SELECT `pid` FROM `jm_category` WHERE  `id` = 74 LIMIT 1 [ RunTime:0.001254s ]
[2024-02-08T17:04:12+08:00][sql] SELECT `id` FROM `jm_category` WHERE  `pid` = 74 [ RunTime:0.000562s ]
[2024-02-08T17:04:12+08:00][sql] SHOW FULL COLUMNS FROM `jm_news_index` [ RunTime:0.003151s ]
[2024-02-08T17:04:12+08:00][sql] SELECT COUNT(*) AS think_count FROM `jm_news_index` WHERE  `status` = 1  AND `c_id` IN (77,78,79) LIMIT 1 [ RunTime:0.001301s ]
[2024-02-08T17:04:12+08:00][sql] SELECT * FROM `jm_news_index` WHERE  `status` = 1  AND `c_id` IN (77,78,79) ORDER BY `create_time` DESC LIMIT 5,5 [ RunTime:0.001431s ]
[2024-02-08T17:04:12+08:00][sql] SELECT * FROM `jm_category` WHERE  `id` = 74 LIMIT 1 [ RunTime:0.000410s ]
[2024-02-08T17:04:12+08:00][sql] SELECT * FROM `jm_category` WHERE  `id` = 0 LIMIT 1 [ RunTime:0.000314s ]
[2024-02-08T17:04:12+08:00][sql] SHOW FULL COLUMNS FROM `jm_ad_index` [ RunTime:0.001157s ]
[2024-02-08T17:04:12+08:00][sql] SELECT * FROM `jm_ad_index` WHERE  `g_id` = 74 LIMIT 1 [ RunTime:0.000545s ]
[2024-02-08T17:04:12+08:00][sql] SELECT * FROM `jm_category` WHERE  `pid` = 74 ORDER BY `sort` ASC [ RunTime:0.000329s ]
[2024-02-08T19:18:35+08:00][sql] CONNECT:[ UseTime:0.000630s ] mysql:host=127.0.0.1;port=3306;dbname=www_fsqf_com;charset=utf8
[2024-02-08T19:18:35+08:00][sql] SHOW FULL COLUMNS FROM `jm_nav` [ RunTime:0.002981s ]
[2024-02-08T19:18:35+08:00][sql] SELECT * FROM `jm_nav` ORDER BY `sort` ASC [ RunTime:0.000867s ]
[2024-02-08T19:18:35+08:00][sql] SHOW FULL COLUMNS FROM `jm_browse_index` [ RunTime:0.002162s ]
[2024-02-08T19:18:35+08:00][sql] SHOW FULL COLUMNS FROM `jm_news_index` [ RunTime:0.002338s ]
[2024-02-08T19:18:35+08:00][sql] SELECT `c_id` FROM `jm_news_index` WHERE  `id` = 172 LIMIT 1 [ RunTime:0.000727s ]
[2024-02-08T19:18:35+08:00][sql] SELECT * FROM `jm_browse_index` WHERE  `ip` = '60.188.11.32' ORDER BY `id` DESC LIMIT 1 [ RunTime:0.004322s ]
[2024-02-08T19:18:35+08:00][sql] INSERT INTO `jm_browse_index` SET `cid` = 79 , `url` = '/show/172.html' , `ip` = '60.188.11.32' , `mark` = 'a8715d6054156c0b729b249c9f5b9906' , `user_agent` = 'Mozilla/5.0 (Windows NT 6.1; Win64; x64) AppleWebKit/537.36 (KHTML, like Gecko) Chrome/69.0.3497.81 YisouSpider/5.0 Safari/537.36' , `create_time` = '2024-02-08 19:18:35.433583' [ RunTime:0.000334s ]
[2024-02-08T19:18:35+08:00][sql] SELECT * FROM `jm_news_index` WHERE  `id` = 172 LIMIT 1 [ RunTime:0.000505s ]
[2024-02-08T19:18:35+08:00][sql] SHOW FULL COLUMNS FROM `jm_category` [ RunTime:0.001840s ]
[2024-02-08T19:18:35+08:00][sql] SELECT * FROM `jm_category` WHERE  `id` = 79 LIMIT 1 [ RunTime:0.000740s ]
[2024-02-08T19:18:35+08:00][sql] SELECT * FROM `jm_category` WHERE  `id` = 74 LIMIT 1 [ RunTime:0.000375s ]
[2024-02-08T19:18:35+08:00][sql] SHOW FULL COLUMNS FROM `jm_ad_index` [ RunTime:0.001570s ]
[2024-02-08T19:18:35+08:00][sql] SELECT * FROM `jm_ad_index` WHERE  `g_id` = 74 LIMIT 1 [ RunTime:0.000721s ]
[2024-02-08T19:18:35+08:00][sql] SELECT * FROM `jm_category` WHERE  `pid` = 74 [ RunTime:0.000456s ]
[2024-02-08T19:18:35+08:00][sql] SELECT * FROM `jm_news_index` WHERE  `c_id` = 79  AND `id` > 172  AND `status` = 1 LIMIT 1 [ RunTime:0.000676s ]
[2024-02-08T19:18:35+08:00][sql] SELECT * FROM `jm_news_index` WHERE  `c_id` = 79  AND `id` < 172  AND `status` = 1 LIMIT 1 [ RunTime:0.000475s ]
[2024-02-08T19:46:06+08:00][sql] CONNECT:[ UseTime:0.001356s ] mysql:host=127.0.0.1;port=3306;dbname=www_fsqf_com;charset=utf8
[2024-02-08T19:46:06+08:00][sql] SHOW FULL COLUMNS FROM `jm_nav` [ RunTime:0.003468s ]
[2024-02-08T19:46:06+08:00][sql] SELECT * FROM `jm_nav` ORDER BY `sort` ASC [ RunTime:0.001540s ]
[2024-02-08T19:46:06+08:00][sql] SHOW FULL COLUMNS FROM `jm_browse_index` [ RunTime:0.002090s ]
[2024-02-08T19:46:06+08:00][sql] SELECT * FROM `jm_browse_index` WHERE  `ip` = '35.90.115.143' ORDER BY `id` DESC LIMIT 1 [ RunTime:0.005415s ]
[2024-02-08T19:46:06+08:00][sql] INSERT INTO `jm_browse_index` SET `cid` = 0 , `url` = '/' , `ip` = '35.90.115.143' , `mark` = 'eb2dcc429184f9e1dbd587e2fa02f5ba' , `user_agent` = 'Mozilla/5.0 (X11; Linux x86_64) AppleWebKit/537.36 (KHTML, like Gecko) Chrome/83.0.4103.97 Safari/537.36' , `create_time` = '2024-02-08 19:46:06.593444' [ RunTime:0.000358s ]
[2024-02-08T19:46:06+08:00][sql] SHOW FULL COLUMNS FROM `jm_news_index` [ RunTime:0.001382s ]
[2024-02-08T19:46:06+08:00][sql] SELECT * FROM `jm_news_index` WHERE  `c_id` = 78  AND `status` = 1 ORDER BY `create_time` DESC LIMIT 5 [ RunTime:0.000769s ]
[2024-02-08T19:46:06+08:00][sql] SELECT * FROM `jm_news_index` WHERE  `c_id` = 79  AND `status` = 1 ORDER BY `create_time` DESC LIMIT 5 [ RunTime:0.000553s ]
[2024-02-08T19:46:06+08:00][sql] SELECT * FROM `jm_news_index` WHERE  `c_id` = 77  AND `status` = 1 ORDER BY `create_time` DESC LIMIT 5 [ RunTime:0.000542s ]
