[2023-10-01T01:20:21+08:00][sql] CONNECT:[ UseTime:0.000904s ] mysql:host=127.0.0.1;port=3306;dbname=www_fsqf_com;charset=utf8
[2023-10-01T01:20:21+08:00][sql] SHOW FULL COLUMNS FROM `jm_nav` [ RunTime:0.002439s ]
[2023-10-01T01:20:21+08:00][sql] SELECT * FROM `jm_nav` ORDER BY `sort` ASC [ RunTime:0.000971s ]
[2023-10-01T01:20:21+08:00][sql] SHOW FULL COLUMNS FROM `jm_browse_index` [ RunTime:0.001909s ]
[2023-10-01T01:20:21+08:00][sql] SHOW FULL COLUMNS FROM `jm_news_index` [ RunTime:0.001966s ]
[2023-10-01T01:20:21+08:00][sql] SELECT `c_id` FROM `jm_news_index` WHERE  `id` = 171 LIMIT 1 [ RunTime:0.000758s ]
[2023-10-01T01:20:21+08:00][sql] SELECT * FROM `jm_browse_index` WHERE  `ip` = '101.67.50.108' ORDER BY `id` DESC LIMIT 1 [ RunTime:0.002358s ]
[2023-10-01T01:20:21+08:00][sql] INSERT INTO `jm_browse_index` SET `cid` = 79 , `url` = '/show/171.html' , `ip` = '101.67.50.108' , `mark` = '5415cc4de62e6df2af5d734d728887f8' , `user_agent` = 'Mozilla/5.0 (Windows NT 6.1; Win64; x64) AppleWebKit/537.36 (KHTML, like Gecko) Chrome/69.0.3497.81 YisouSpider/5.0 Safari/537.36' , `create_time` = '2023-10-01 01:20:21.953553' [ RunTime:0.000493s ]
[2023-10-01T01:20:21+08:00][sql] SELECT * FROM `jm_news_index` WHERE  `id` = 171 LIMIT 1 [ RunTime:0.000632s ]
[2023-10-01T01:20:21+08:00][sql] SHOW FULL COLUMNS FROM `jm_category` [ RunTime:0.002092s ]
[2023-10-01T01:20:21+08:00][sql] SELECT * FROM `jm_category` WHERE  `id` = 79 LIMIT 1 [ RunTime:0.000766s ]
[2023-10-01T01:20:21+08:00][sql] SELECT * FROM `jm_category` WHERE  `id` = 74 LIMIT 1 [ RunTime:0.000350s ]
[2023-10-01T01:20:21+08:00][sql] SHOW FULL COLUMNS FROM `jm_ad_index` [ RunTime:0.001518s ]
[2023-10-01T01:20:21+08:00][sql] SELECT * FROM `jm_ad_index` WHERE  `g_id` = 74 LIMIT 1 [ RunTime:0.000618s ]
[2023-10-01T01:20:21+08:00][sql] SELECT * FROM `jm_category` WHERE  `pid` = 74 [ RunTime:0.000410s ]
[2023-10-01T01:20:21+08:00][sql] SELECT * FROM `jm_news_index` WHERE  `c_id` = 79  AND `id` > 171  AND `status` = 1 LIMIT 1 [ RunTime:0.000495s ]
[2023-10-01T01:20:21+08:00][sql] SELECT * FROM `jm_news_index` WHERE  `c_id` = 79  AND `id` < 171  AND `status` = 1 LIMIT 1 [ RunTime:0.000548s ]
[2023-10-01T06:06:07+08:00][sql] CONNECT:[ UseTime:0.000803s ] mysql:host=127.0.0.1;port=3306;dbname=www_fsqf_com;charset=utf8
[2023-10-01T06:06:07+08:00][sql] SHOW FULL COLUMNS FROM `jm_nav` [ RunTime:0.001896s ]
[2023-10-01T06:06:07+08:00][sql] SELECT * FROM `jm_nav` ORDER BY `sort` ASC [ RunTime:0.000785s ]
[2023-10-01T06:06:07+08:00][sql] SHOW FULL COLUMNS FROM `jm_browse_index` [ RunTime:0.001369s ]
[2023-10-01T06:06:07+08:00][sql] SELECT * FROM `jm_browse_index` WHERE  `ip` = '60.188.11.99' ORDER BY `id` DESC LIMIT 1 [ RunTime:0.001557s ]
[2023-10-01T06:06:07+08:00][sql] INSERT INTO `jm_browse_index` SET `cid` = 78 , `url` = '/list/78.html' , `ip` = '60.188.11.99' , `mark` = '8857e43854e1f1cfbc8a2c72254da730' , `user_agent` = 'Mozilla/5.0 (Windows NT 6.1; Win64; x64) AppleWebKit/537.36 (KHTML, like Gecko) Chrome/69.0.3497.81 YisouSpider/5.0 Safari/537.36' , `create_time` = '2023-10-01 06:06:07.862765' [ RunTime:0.000432s ]
[2023-10-01T06:06:07+08:00][sql] SHOW FULL COLUMNS FROM `jm_category` [ RunTime:0.001771s ]
[2023-10-01T06:06:07+08:00][sql] SELECT `pid` FROM `jm_category` WHERE  `id` = 78 LIMIT 1 [ RunTime:0.000904s ]
[2023-10-01T06:06:07+08:00][sql] SHOW FULL COLUMNS FROM `jm_news_index` [ RunTime:0.002014s ]
[2023-10-01T06:06:07+08:00][sql] SELECT COUNT(*) AS think_count FROM `jm_news_index` WHERE  `status` = 1  AND `c_id` = 78 LIMIT 1 [ RunTime:0.000964s ]
[2023-10-01T06:06:07+08:00][sql] SELECT * FROM `jm_news_index` WHERE  `status` = 1  AND `c_id` = 78 ORDER BY `create_time` DESC LIMIT 0,5 [ RunTime:0.000821s ]
[2023-10-01T06:06:07+08:00][sql] SELECT * FROM `jm_category` WHERE  `id` = 78 LIMIT 1 [ RunTime:0.000483s ]
[2023-10-01T06:06:07+08:00][sql] SELECT * FROM `jm_category` WHERE  `id` = 74 LIMIT 1 [ RunTime:0.000382s ]
[2023-10-01T06:06:07+08:00][sql] SHOW FULL COLUMNS FROM `jm_ad_index` [ RunTime:0.002035s ]
[2023-10-01T06:06:07+08:00][sql] SELECT * FROM `jm_ad_index` WHERE  `g_id` = 74 LIMIT 1 [ RunTime:0.000745s ]
[2023-10-01T06:06:07+08:00][sql] SELECT * FROM `jm_category` WHERE  `pid` = 74 ORDER BY `sort` ASC [ RunTime:0.000705s ]
[2023-10-01T08:32:34+08:00][sql] CONNECT:[ UseTime:0.000602s ] mysql:host=127.0.0.1;port=3306;dbname=www_fsqf_com;charset=utf8
[2023-10-01T08:32:34+08:00][sql] SHOW FULL COLUMNS FROM `jm_nav` [ RunTime:0.002020s ]
[2023-10-01T08:32:34+08:00][sql] SELECT * FROM `jm_nav` ORDER BY `sort` ASC [ RunTime:0.000719s ]
[2023-10-01T08:32:34+08:00][sql] SHOW FULL COLUMNS FROM `jm_browse_index` [ RunTime:0.001396s ]
[2023-10-01T08:32:34+08:00][sql] SELECT * FROM `jm_browse_index` WHERE  `ip` = '144.255.49.232' ORDER BY `id` DESC LIMIT 1 [ RunTime:0.001672s ]
[2023-10-01T08:32:34+08:00][sql] INSERT INTO `jm_browse_index` SET `cid` = 0 , `url` = '/' , `ip` = '144.255.49.232' , `mark` = '5e98903c179be570c5dca0c1e322336e' , `user_agent` = 'Mozilla/5.0 (Windows NT 10.0; Win64; x64) AppleWebKit/537.36 (KHTML, like Gecko) Chrome/53.0.2785.143 Safari/537.36' , `create_time` = '2023-10-01 08:32:34.854273' [ RunTime:0.000468s ]
[2023-10-01T08:32:34+08:00][sql] SHOW FULL COLUMNS FROM `jm_news_index` [ RunTime:0.001958s ]
[2023-10-01T08:32:34+08:00][sql] SELECT * FROM `jm_news_index` WHERE  `c_id` = 78  AND `status` = 1 ORDER BY `create_time` DESC LIMIT 5 [ RunTime:0.000959s ]
[2023-10-01T08:32:34+08:00][sql] SELECT * FROM `jm_news_index` WHERE  `c_id` = 79  AND `status` = 1 ORDER BY `create_time` DESC LIMIT 5 [ RunTime:0.000612s ]
[2023-10-01T08:32:34+08:00][sql] SELECT * FROM `jm_news_index` WHERE  `c_id` = 77  AND `status` = 1 ORDER BY `create_time` DESC LIMIT 5 [ RunTime:0.000645s ]
[2023-10-01T08:32:34+08:00][sql] CONNECT:[ UseTime:0.000928s ] mysql:host=127.0.0.1;port=3306;dbname=www_fsqf_com;charset=utf8
[2023-10-01T08:32:34+08:00][sql] SHOW FULL COLUMNS FROM `jm_nav` [ RunTime:0.002046s ]
[2023-10-01T08:32:34+08:00][sql] SELECT * FROM `jm_nav` ORDER BY `sort` ASC [ RunTime:0.000788s ]
[2023-10-01T08:32:34+08:00][sql] SHOW FULL COLUMNS FROM `jm_browse_index` [ RunTime:0.001677s ]
[2023-10-01T08:32:34+08:00][sql] SELECT * FROM `jm_browse_index` WHERE  `ip` = '123.189.147.223' ORDER BY `id` DESC LIMIT 1 [ RunTime:0.001819s ]
[2023-10-01T08:32:34+08:00][sql] INSERT INTO `jm_browse_index` SET `cid` = 0 , `url` = '/' , `ip` = '123.189.147.223' , `mark` = '4b8ba6075f6e80fbb8ef7fa307af24c8' , `user_agent` = 'Mozilla/5.0 (Windows NT 10.0; Win64; x64) AppleWebKit/537.36 (KHTML, like Gecko) Chrome/53.0.2785.143 Safari/537.36' , `create_time` = '2023-10-01 08:32:34.854812' [ RunTime:0.000483s ]
[2023-10-01T08:32:34+08:00][sql] SHOW FULL COLUMNS FROM `jm_news_index` [ RunTime:0.001906s ]
[2023-10-01T08:32:34+08:00][sql] SELECT * FROM `jm_news_index` WHERE  `c_id` = 78  AND `status` = 1 ORDER BY `create_time` DESC LIMIT 5 [ RunTime:0.001023s ]
[2023-10-01T08:32:34+08:00][sql] SELECT * FROM `jm_news_index` WHERE  `c_id` = 79  AND `status` = 1 ORDER BY `create_time` DESC LIMIT 5 [ RunTime:0.001205s ]
[2023-10-01T08:32:34+08:00][sql] SELECT * FROM `jm_news_index` WHERE  `c_id` = 77  AND `status` = 1 ORDER BY `create_time` DESC LIMIT 5 [ RunTime:0.000667s ]
[2023-10-01T08:33:05+08:00][sql] CONNECT:[ UseTime:0.000925s ] mysql:host=127.0.0.1;port=3306;dbname=www_fsqf_com;charset=utf8
[2023-10-01T08:33:05+08:00][sql] SHOW FULL COLUMNS FROM `jm_nav` [ RunTime:0.002057s ]
[2023-10-01T08:33:05+08:00][sql] SELECT * FROM `jm_nav` ORDER BY `sort` ASC [ RunTime:0.000666s ]
[2023-10-01T08:33:05+08:00][sql] SHOW FULL COLUMNS FROM `jm_browse_index` [ RunTime:0.001628s ]
[2023-10-01T08:33:05+08:00][sql] SELECT * FROM `jm_browse_index` WHERE  `ip` = '144.255.49.232' ORDER BY `id` DESC LIMIT 1 [ RunTime:0.000637s ]
[2023-10-01T08:33:05+08:00][sql] INSERT INTO `jm_browse_index` SET `cid` = 0 , `url` = '/page/1.html' , `ip` = '144.255.49.232' , `mark` = 'd9b1a927ec0b2b85db0a13702ae33403' , `user_agent` = 'Mozilla/5.0 (Windows NT 10.0; Win64; x64) AppleWebKit/537.36 (KHTML, like Gecko) Chrome/53.0.2785.143 Safari/537.36' , `create_time` = '2023-10-01 08:33:05.798931' [ RunTime:0.000554s ]
[2023-10-01T08:33:05+08:00][sql] SHOW FULL COLUMNS FROM `jm_page_index` [ RunTime:0.002047s ]
[2023-10-01T08:33:05+08:00][sql] SELECT * FROM `jm_page_index` WHERE  `id` = 1 LIMIT 1 [ RunTime:0.000823s ]
[2023-10-01T08:33:05+08:00][sql] SHOW FULL COLUMNS FROM `jm_category` [ RunTime:0.001458s ]
[2023-10-01T08:33:05+08:00][sql] SELECT * FROM `jm_category` WHERE  `id` = 52 LIMIT 1 [ RunTime:0.000646s ]
[2023-10-01T08:33:05+08:00][sql] SELECT * FROM `jm_category` WHERE  `id` = 0 LIMIT 1 [ RunTime:0.000305s ]
[2023-10-01T08:33:05+08:00][sql] SHOW FULL COLUMNS FROM `jm_ad_index` [ RunTime:0.001507s ]
[2023-10-01T08:33:05+08:00][sql] SELECT * FROM `jm_ad_index` WHERE  `g_id` = 52 LIMIT 1 [ RunTime:0.000666s ]
[2023-10-01T08:33:05+08:00][sql] SELECT `id` FROM `jm_page_index` WHERE  `c_id` = 52 LIMIT 1 [ RunTime:0.000326s ]
[2023-10-01T08:33:05+08:00][sql] SELECT * FROM `jm_category` WHERE  `pid` = 52 [ RunTime:0.000396s ]
[2023-10-01T08:33:05+08:00][sql] SELECT * FROM `jm_page_index` WHERE  `c_id` = 76 ORDER BY `sort` ASC [ RunTime:0.000392s ]
[2023-10-01T08:33:06+08:00][sql] CONNECT:[ UseTime:0.000739s ] mysql:host=127.0.0.1;port=3306;dbname=www_fsqf_com;charset=utf8
[2023-10-01T08:33:06+08:00][sql] SHOW FULL COLUMNS FROM `jm_nav` [ RunTime:0.001756s ]
[2023-10-01T08:33:06+08:00][sql] SELECT * FROM `jm_nav` ORDER BY `sort` ASC [ RunTime:0.000595s ]
[2023-10-01T08:33:06+08:00][sql] SHOW FULL COLUMNS FROM `jm_browse_index` [ RunTime:0.001548s ]
[2023-10-01T08:33:06+08:00][sql] SELECT * FROM `jm_browse_index` WHERE  `ip` = '123.189.147.223' ORDER BY `id` DESC LIMIT 1 [ RunTime:0.000535s ]
[2023-10-01T08:33:06+08:00][sql] INSERT INTO `jm_browse_index` SET `cid` = 0 , `url` = '/page/1.html' , `ip` = '123.189.147.223' , `mark` = '94841a0a2b691a980c86a99b0fbe79a2' , `user_agent` = 'Mozilla/5.0 (Windows NT 10.0; Win64; x64) AppleWebKit/537.36 (KHTML, like Gecko) Chrome/53.0.2785.143 Safari/537.36' , `create_time` = '2023-10-01 08:33:06.557368' [ RunTime:0.000416s ]
[2023-10-01T08:33:06+08:00][sql] SHOW FULL COLUMNS FROM `jm_page_index` [ RunTime:0.001340s ]
[2023-10-01T08:33:06+08:00][sql] SELECT * FROM `jm_page_index` WHERE  `id` = 1 LIMIT 1 [ RunTime:0.000639s ]
[2023-10-01T08:33:06+08:00][sql] SHOW FULL COLUMNS FROM `jm_category` [ RunTime:0.001875s ]
[2023-10-01T08:33:06+08:00][sql] SELECT * FROM `jm_category` WHERE  `id` = 52 LIMIT 1 [ RunTime:0.000499s ]
[2023-10-01T08:33:06+08:00][sql] SELECT * FROM `jm_category` WHERE  `id` = 0 LIMIT 1 [ RunTime:0.000322s ]
[2023-10-01T08:33:06+08:00][sql] SHOW FULL COLUMNS FROM `jm_ad_index` [ RunTime:0.001230s ]
[2023-10-01T08:33:06+08:00][sql] SELECT * FROM `jm_ad_index` WHERE  `g_id` = 52 LIMIT 1 [ RunTime:0.000453s ]
[2023-10-01T08:33:06+08:00][sql] SELECT `id` FROM `jm_page_index` WHERE  `c_id` = 52 LIMIT 1 [ RunTime:0.000285s ]
[2023-10-01T08:33:06+08:00][sql] SELECT * FROM `jm_category` WHERE  `pid` = 52 [ RunTime:0.000311s ]
[2023-10-01T08:33:06+08:00][sql] SELECT * FROM `jm_page_index` WHERE  `c_id` = 76 ORDER BY `sort` ASC [ RunTime:0.000451s ]
[2023-10-01T08:33:07+08:00][sql] CONNECT:[ UseTime:0.000724s ] mysql:host=127.0.0.1;port=3306;dbname=www_fsqf_com;charset=utf8
[2023-10-01T08:33:07+08:00][sql] SHOW FULL COLUMNS FROM `jm_nav` [ RunTime:0.001898s ]
[2023-10-01T08:33:07+08:00][sql] SELECT * FROM `jm_nav` ORDER BY `sort` ASC [ RunTime:0.000530s ]
[2023-10-01T08:33:07+08:00][sql] SHOW FULL COLUMNS FROM `jm_browse_index` [ RunTime:0.001353s ]
[2023-10-01T08:33:07+08:00][sql] SELECT * FROM `jm_browse_index` WHERE  `ip` = '123.189.147.223' ORDER BY `id` DESC LIMIT 1 [ RunTime:0.000564s ]
[2023-10-01T08:33:07+08:00][sql] INSERT INTO `jm_browse_index` SET `cid` = 0 , `url` = '/page/2.html' , `ip` = '123.189.147.223' , `mark` = '4d51d0593beae535155a45dcdbf6cc8f' , `user_agent` = 'Mozilla/5.0 (Windows NT 10.0; Win64; x64) AppleWebKit/537.36 (KHTML, like Gecko) Chrome/53.0.2785.143 Safari/537.36' , `create_time` = '2023-10-01 08:33:07.003927' [ RunTime:0.000498s ]
[2023-10-01T08:33:07+08:00][sql] SHOW FULL COLUMNS FROM `jm_page_index` [ RunTime:0.001464s ]
[2023-10-01T08:33:07+08:00][sql] SELECT * FROM `jm_page_index` WHERE  `id` = 2 LIMIT 1 [ RunTime:0.000536s ]
[2023-10-01T08:33:07+08:00][sql] SHOW FULL COLUMNS FROM `jm_category` [ RunTime:0.001371s ]
[2023-10-01T08:33:07+08:00][sql] SELECT * FROM `jm_category` WHERE  `id` = 75 LIMIT 1 [ RunTime:0.000455s ]
[2023-10-01T08:33:07+08:00][sql] SELECT * FROM `jm_category` WHERE  `id` = 0 LIMIT 1 [ RunTime:0.000309s ]
[2023-10-01T08:33:07+08:00][sql] SHOW FULL COLUMNS FROM `jm_ad_index` [ RunTime:0.001593s ]
[2023-10-01T08:33:07+08:00][sql] SELECT * FROM `jm_ad_index` WHERE  `g_id` = 75 LIMIT 1 [ RunTime:0.000598s ]
[2023-10-01T08:33:07+08:00][sql] SELECT `id` FROM `jm_page_index` WHERE  `c_id` = 75 LIMIT 1 [ RunTime:0.000427s ]
[2023-10-01T08:33:07+08:00][sql] SELECT * FROM `jm_category` WHERE  `pid` = 75 [ RunTime:0.000449s ]
[2023-10-01T08:33:07+08:00][sql] SELECT * FROM `jm_page_index` WHERE  `c_id` = 76 ORDER BY `sort` ASC [ RunTime:0.000421s ]
[2023-10-01T08:33:07+08:00][sql] CONNECT:[ UseTime:0.000791s ] mysql:host=127.0.0.1;port=3306;dbname=www_fsqf_com;charset=utf8
[2023-10-01T08:33:07+08:00][sql] SHOW FULL COLUMNS FROM `jm_nav` [ RunTime:0.001829s ]
[2023-10-01T08:33:07+08:00][sql] SELECT * FROM `jm_nav` ORDER BY `sort` ASC [ RunTime:0.000609s ]
[2023-10-01T08:33:07+08:00][sql] SHOW FULL COLUMNS FROM `jm_browse_index` [ RunTime:0.001384s ]
[2023-10-01T08:33:07+08:00][sql] SELECT * FROM `jm_browse_index` WHERE  `ip` = '144.255.49.232' ORDER BY `id` DESC LIMIT 1 [ RunTime:0.000617s ]
[2023-10-01T08:33:07+08:00][sql] SHOW FULL COLUMNS FROM `jm_page_index` [ RunTime:0.001452s ]
[2023-10-01T08:33:07+08:00][sql] SELECT * FROM `jm_page_index` WHERE  `id` = 1 LIMIT 1 [ RunTime:0.000564s ]
[2023-10-01T08:33:07+08:00][sql] SHOW FULL COLUMNS FROM `jm_category` [ RunTime:0.001539s ]
[2023-10-01T08:33:07+08:00][sql] SELECT * FROM `jm_category` WHERE  `id` = 52 LIMIT 1 [ RunTime:0.000521s ]
[2023-10-01T08:33:07+08:00][sql] SELECT * FROM `jm_category` WHERE  `id` = 0 LIMIT 1 [ RunTime:0.000327s ]
[2023-10-01T08:33:07+08:00][sql] SHOW FULL COLUMNS FROM `jm_ad_index` [ RunTime:0.001363s ]
[2023-10-01T08:33:07+08:00][sql] SELECT * FROM `jm_ad_index` WHERE  `g_id` = 52 LIMIT 1 [ RunTime:0.000449s ]
[2023-10-01T08:33:07+08:00][sql] SELECT `id` FROM `jm_page_index` WHERE  `c_id` = 52 LIMIT 1 [ RunTime:0.000328s ]
[2023-10-01T08:33:07+08:00][sql] SELECT * FROM `jm_category` WHERE  `pid` = 52 [ RunTime:0.000333s ]
[2023-10-01T08:33:07+08:00][sql] SELECT * FROM `jm_page_index` WHERE  `c_id` = 76 ORDER BY `sort` ASC [ RunTime:0.000357s ]
[2023-10-01T08:33:07+08:00][sql] CONNECT:[ UseTime:0.000893s ] mysql:host=127.0.0.1;port=3306;dbname=www_fsqf_com;charset=utf8
[2023-10-01T08:33:07+08:00][sql] SHOW FULL COLUMNS FROM `jm_nav` [ RunTime:0.001829s ]
[2023-10-01T08:33:07+08:00][sql] SELECT * FROM `jm_nav` ORDER BY `sort` ASC [ RunTime:0.000524s ]
[2023-10-01T08:33:07+08:00][sql] SHOW FULL COLUMNS FROM `jm_browse_index` [ RunTime:0.001376s ]
[2023-10-01T08:33:07+08:00][sql] SELECT * FROM `jm_browse_index` WHERE  `ip` = '123.189.147.223' ORDER BY `id` DESC LIMIT 1 [ RunTime:0.000481s ]
[2023-10-01T08:33:07+08:00][sql] INSERT INTO `jm_browse_index` SET `cid` = 0 , `url` = '/page/1.html' , `ip` = '123.189.147.223' , `mark` = '94841a0a2b691a980c86a99b0fbe79a2' , `user_agent` = 'Mozilla/5.0 (Windows NT 10.0; Win64; x64) AppleWebKit/537.36 (KHTML, like Gecko) Chrome/53.0.2785.143 Safari/537.36' , `create_time` = '2023-10-01 08:33:07.833541' [ RunTime:0.000514s ]
[2023-10-01T08:33:07+08:00][sql] SHOW FULL COLUMNS FROM `jm_page_index` [ RunTime:0.001468s ]
[2023-10-01T08:33:07+08:00][sql] SELECT * FROM `jm_page_index` WHERE  `id` = 1 LIMIT 1 [ RunTime:0.000637s ]
[2023-10-01T08:33:07+08:00][sql] SHOW FULL COLUMNS FROM `jm_category` [ RunTime:0.001503s ]
[2023-10-01T08:33:07+08:00][sql] SELECT * FROM `jm_category` WHERE  `id` = 52 LIMIT 1 [ RunTime:0.000480s ]
[2023-10-01T08:33:07+08:00][sql] SELECT * FROM `jm_category` WHERE  `id` = 0 LIMIT 1 [ RunTime:0.000326s ]
[2023-10-01T08:33:07+08:00][sql] SHOW FULL COLUMNS FROM `jm_ad_index` [ RunTime:0.001349s ]
[2023-10-01T08:33:07+08:00][sql] SELECT * FROM `jm_ad_index` WHERE  `g_id` = 52 LIMIT 1 [ RunTime:0.000499s ]
[2023-10-01T08:33:07+08:00][sql] SELECT `id` FROM `jm_page_index` WHERE  `c_id` = 52 LIMIT 1 [ RunTime:0.000304s ]
[2023-10-01T08:33:07+08:00][sql] SELECT * FROM `jm_category` WHERE  `pid` = 52 [ RunTime:0.000419s ]
[2023-10-01T08:33:07+08:00][sql] SELECT * FROM `jm_page_index` WHERE  `c_id` = 76 ORDER BY `sort` ASC [ RunTime:0.000357s ]
[2023-10-01T08:33:08+08:00][sql] CONNECT:[ UseTime:0.000732s ] mysql:host=127.0.0.1;port=3306;dbname=www_fsqf_com;charset=utf8
[2023-10-01T08:33:08+08:00][sql] SHOW FULL COLUMNS FROM `jm_nav` [ RunTime:0.002046s ]
[2023-10-01T08:33:08+08:00][sql] SELECT * FROM `jm_nav` ORDER BY `sort` ASC [ RunTime:0.000624s ]
[2023-10-01T08:33:08+08:00][sql] SHOW FULL COLUMNS FROM `jm_browse_index` [ RunTime:0.001433s ]
[2023-10-01T08:33:08+08:00][sql] SELECT * FROM `jm_browse_index` WHERE  `ip` = '144.255.49.232' ORDER BY `id` DESC LIMIT 1 [ RunTime:0.000570s ]
[2023-10-01T08:33:08+08:00][sql] INSERT INTO `jm_browse_index` SET `cid` = 0 , `url` = '/page/2.html' , `ip` = '144.255.49.232' , `mark` = '9e654ea1fb1a14d13f663ca9c8619986' , `user_agent` = 'Mozilla/5.0 (Windows NT 10.0; Win64; x64) AppleWebKit/537.36 (KHTML, like Gecko) Chrome/53.0.2785.143 Safari/537.36' , `create_time` = '2023-10-01 08:33:08.139632' [ RunTime:0.000491s ]
[2023-10-01T08:33:08+08:00][sql] SHOW FULL COLUMNS FROM `jm_page_index` [ RunTime:0.001750s ]
[2023-10-01T08:33:08+08:00][sql] SELECT * FROM `jm_page_index` WHERE  `id` = 2 LIMIT 1 [ RunTime:0.000585s ]
[2023-10-01T08:33:08+08:00][sql] SHOW FULL COLUMNS FROM `jm_category` [ RunTime:0.001483s ]
[2023-10-01T08:33:08+08:00][sql] SELECT * FROM `jm_category` WHERE  `id` = 75 LIMIT 1 [ RunTime:0.000536s ]
[2023-10-01T08:33:08+08:00][sql] SELECT * FROM `jm_category` WHERE  `id` = 0 LIMIT 1 [ RunTime:0.000309s ]
[2023-10-01T08:33:08+08:00][sql] SHOW FULL COLUMNS FROM `jm_ad_index` [ RunTime:0.001321s ]
[2023-10-01T08:33:08+08:00][sql] SELECT * FROM `jm_ad_index` WHERE  `g_id` = 75 LIMIT 1 [ RunTime:0.000465s ]
[2023-10-01T08:33:08+08:00][sql] SELECT `id` FROM `jm_page_index` WHERE  `c_id` = 75 LIMIT 1 [ RunTime:0.000333s ]
[2023-10-01T08:33:08+08:00][sql] SELECT * FROM `jm_category` WHERE  `pid` = 75 [ RunTime:0.000297s ]
[2023-10-01T08:33:08+08:00][sql] SELECT * FROM `jm_page_index` WHERE  `c_id` = 76 ORDER BY `sort` ASC [ RunTime:0.000334s ]
[2023-10-01T08:33:08+08:00][sql] CONNECT:[ UseTime:0.000848s ] mysql:host=127.0.0.1;port=3306;dbname=www_fsqf_com;charset=utf8
[2023-10-01T08:33:08+08:00][sql] SHOW FULL COLUMNS FROM `jm_nav` [ RunTime:0.001750s ]
[2023-10-01T08:33:08+08:00][sql] SELECT * FROM `jm_nav` ORDER BY `sort` ASC [ RunTime:0.000590s ]
[2023-10-01T08:33:08+08:00][sql] SHOW FULL COLUMNS FROM `jm_browse_index` [ RunTime:0.001553s ]
[2023-10-01T08:33:08+08:00][sql] SELECT * FROM `jm_browse_index` WHERE  `ip` = '144.255.49.232' ORDER BY `id` DESC LIMIT 1 [ RunTime:0.000584s ]
[2023-10-01T08:33:08+08:00][sql] SHOW FULL COLUMNS FROM `jm_page_index` [ RunTime:0.001585s ]
[2023-10-01T08:33:08+08:00][sql] SELECT * FROM `jm_page_index` WHERE  `id` = 2 LIMIT 1 [ RunTime:0.000588s ]
[2023-10-01T08:33:08+08:00][sql] SHOW FULL COLUMNS FROM `jm_category` [ RunTime:0.001437s ]
[2023-10-01T08:33:08+08:00][sql] SELECT * FROM `jm_category` WHERE  `id` = 75 LIMIT 1 [ RunTime:0.000522s ]
[2023-10-01T08:33:08+08:00][sql] SELECT * FROM `jm_category` WHERE  `id` = 0 LIMIT 1 [ RunTime:0.000339s ]
[2023-10-01T08:33:08+08:00][sql] SHOW FULL COLUMNS FROM `jm_ad_index` [ RunTime:0.001422s ]
[2023-10-01T08:33:08+08:00][sql] SELECT * FROM `jm_ad_index` WHERE  `g_id` = 75 LIMIT 1 [ RunTime:0.000489s ]
[2023-10-01T08:33:08+08:00][sql] SELECT `id` FROM `jm_page_index` WHERE  `c_id` = 75 LIMIT 1 [ RunTime:0.000342s ]
[2023-10-01T08:33:08+08:00][sql] SELECT * FROM `jm_category` WHERE  `pid` = 75 [ RunTime:0.000342s ]
[2023-10-01T08:33:08+08:00][sql] SELECT * FROM `jm_page_index` WHERE  `c_id` = 76 ORDER BY `sort` ASC [ RunTime:0.000400s ]
[2023-10-01T08:33:15+08:00][sql] CONNECT:[ UseTime:0.000740s ] mysql:host=127.0.0.1;port=3306;dbname=www_fsqf_com;charset=utf8
[2023-10-01T08:33:15+08:00][sql] SHOW FULL COLUMNS FROM `jm_nav` [ RunTime:0.001824s ]
[2023-10-01T08:33:15+08:00][sql] SELECT * FROM `jm_nav` ORDER BY `sort` ASC [ RunTime:0.000695s ]
[2023-10-01T08:33:15+08:00][sql] SHOW FULL COLUMNS FROM `jm_browse_index` [ RunTime:0.001336s ]
[2023-10-01T08:33:15+08:00][sql] SELECT * FROM `jm_browse_index` WHERE  `ip` = '123.189.147.223' ORDER BY `id` DESC LIMIT 1 [ RunTime:0.000540s ]
[2023-10-01T08:33:15+08:00][sql] INSERT INTO `jm_browse_index` SET `cid` = 0 , `url` = '/page/2.html' , `ip` = '123.189.147.223' , `mark` = '4d51d0593beae535155a45dcdbf6cc8f' , `user_agent` = 'Mozilla/5.0 (Windows NT 10.0; Win64; x64) AppleWebKit/537.36 (KHTML, like Gecko) Chrome/53.0.2785.143 Safari/537.36' , `create_time` = '2023-10-01 08:33:15.809726' [ RunTime:0.004955s ]
[2023-10-01T08:33:15+08:00][sql] SHOW FULL COLUMNS FROM `jm_page_index` [ RunTime:0.001752s ]
[2023-10-01T08:33:15+08:00][sql] SELECT * FROM `jm_page_index` WHERE  `id` = 2 LIMIT 1 [ RunTime:0.000532s ]
[2023-10-01T08:33:15+08:00][sql] SHOW FULL COLUMNS FROM `jm_category` [ RunTime:0.001442s ]
[2023-10-01T08:33:15+08:00][sql] SELECT * FROM `jm_category` WHERE  `id` = 75 LIMIT 1 [ RunTime:0.000455s ]
[2023-10-01T08:33:15+08:00][sql] SELECT * FROM `jm_category` WHERE  `id` = 0 LIMIT 1 [ RunTime:0.000326s ]
[2023-10-01T08:33:15+08:00][sql] SHOW FULL COLUMNS FROM `jm_ad_index` [ RunTime:0.001466s ]
[2023-10-01T08:33:15+08:00][sql] SELECT * FROM `jm_ad_index` WHERE  `g_id` = 75 LIMIT 1 [ RunTime:0.000467s ]
[2023-10-01T08:33:15+08:00][sql] SELECT `id` FROM `jm_page_index` WHERE  `c_id` = 75 LIMIT 1 [ RunTime:0.000307s ]
[2023-10-01T08:33:15+08:00][sql] SELECT * FROM `jm_category` WHERE  `pid` = 75 [ RunTime:0.000293s ]
[2023-10-01T08:33:15+08:00][sql] SELECT * FROM `jm_page_index` WHERE  `c_id` = 76 ORDER BY `sort` ASC [ RunTime:0.000379s ]
[2023-10-01T10:35:42+08:00][sql] CONNECT:[ UseTime:0.000747s ] mysql:host=127.0.0.1;port=3306;dbname=www_fsqf_com;charset=utf8
[2023-10-01T10:35:42+08:00][sql] SHOW FULL COLUMNS FROM `jm_nav` [ RunTime:0.001765s ]
[2023-10-01T10:35:42+08:00][sql] SELECT * FROM `jm_nav` ORDER BY `sort` ASC [ RunTime:0.000773s ]
[2023-10-01T10:35:42+08:00][sql] SHOW FULL COLUMNS FROM `jm_browse_index` [ RunTime:0.001451s ]
[2023-10-01T10:35:42+08:00][sql] SHOW FULL COLUMNS FROM `jm_news_index` [ RunTime:0.001825s ]
[2023-10-01T10:35:42+08:00][sql] SELECT `c_id` FROM `jm_news_index` WHERE  `id` = 177 LIMIT 1 [ RunTime:0.000907s ]
[2023-10-01T10:35:42+08:00][sql] SELECT * FROM `jm_browse_index` WHERE  `ip` = '101.67.49.136' ORDER BY `id` DESC LIMIT 1 [ RunTime:0.001687s ]
[2023-10-01T10:35:42+08:00][sql] INSERT INTO `jm_browse_index` SET `cid` = 78 , `url` = '/show/177.html' , `ip` = '101.67.49.136' , `mark` = 'e0363060626f5f4142b86ad75359e974' , `user_agent` = 'Mozilla/5.0 (Windows NT 6.1; Win64; x64) AppleWebKit/537.36 (KHTML, like Gecko) Chrome/69.0.3497.81 YisouSpider/5.0 Safari/537.36' , `create_time` = '2023-10-01 10:35:42.178385' [ RunTime:0.000468s ]
[2023-10-01T10:35:42+08:00][sql] SELECT * FROM `jm_news_index` WHERE  `id` = 177 LIMIT 1 [ RunTime:0.000549s ]
[2023-10-01T10:35:42+08:00][sql] SHOW FULL COLUMNS FROM `jm_category` [ RunTime:0.001977s ]
[2023-10-01T10:35:42+08:00][sql] SELECT * FROM `jm_category` WHERE  `id` = 78 LIMIT 1 [ RunTime:0.000706s ]
[2023-10-01T10:35:42+08:00][sql] SELECT * FROM `jm_category` WHERE  `id` = 74 LIMIT 1 [ RunTime:0.000398s ]
[2023-10-01T10:35:42+08:00][sql] SHOW FULL COLUMNS FROM `jm_ad_index` [ RunTime:0.001588s ]
[2023-10-01T10:35:42+08:00][sql] SELECT * FROM `jm_ad_index` WHERE  `g_id` = 74 LIMIT 1 [ RunTime:0.000722s ]
[2023-10-01T10:35:42+08:00][sql] SELECT * FROM `jm_category` WHERE  `pid` = 74 [ RunTime:0.000349s ]
[2023-10-01T10:35:42+08:00][sql] SELECT * FROM `jm_news_index` WHERE  `c_id` = 78  AND `id` > 177  AND `status` = 1 LIMIT 1 [ RunTime:0.000441s ]
[2023-10-01T10:35:42+08:00][sql] SELECT * FROM `jm_news_index` WHERE  `c_id` = 78  AND `id` < 177  AND `status` = 1 LIMIT 1 [ RunTime:0.000526s ]
[2023-10-01T10:58:22+08:00][sql] CONNECT:[ UseTime:0.001066s ] mysql:host=127.0.0.1;port=3306;dbname=www_fsqf_com;charset=utf8
[2023-10-01T10:58:22+08:00][sql] SHOW FULL COLUMNS FROM `jm_nav` [ RunTime:0.001978s ]
[2023-10-01T10:58:22+08:00][sql] SELECT * FROM `jm_nav` ORDER BY `sort` ASC [ RunTime:0.000744s ]
[2023-10-01T10:58:22+08:00][sql] SHOW FULL COLUMNS FROM `jm_browse_index` [ RunTime:0.001453s ]
[2023-10-01T10:58:22+08:00][sql] SELECT * FROM `jm_browse_index` WHERE  `ip` = '124.71.166.204' ORDER BY `id` DESC LIMIT 1 [ RunTime:0.000889s ]
[2023-10-01T10:58:22+08:00][sql] INSERT INTO `jm_browse_index` SET `cid` = 0 , `url` = '/' , `ip` = '124.71.166.204' , `mark` = '057fc6eb775646c5ed6af744c501a879' , `user_agent` = 'Mozilla/5.0 (Windows NT 6.4; Win64; x64) AppleWebKit/537.36 (KHTML, like Gecko) Chrome/74.0.3641.88 Safari/537.36' , `create_time` = '2023-10-01 10:58:22.630191' [ RunTime:0.000679s ]
[2023-10-01T10:58:22+08:00][sql] SHOW FULL COLUMNS FROM `jm_news_index` [ RunTime:0.001938s ]
[2023-10-01T10:58:22+08:00][sql] SELECT * FROM `jm_news_index` WHERE  `c_id` = 78  AND `status` = 1 ORDER BY `create_time` DESC LIMIT 5 [ RunTime:0.001215s ]
[2023-10-01T10:58:22+08:00][sql] SELECT * FROM `jm_news_index` WHERE  `c_id` = 79  AND `status` = 1 ORDER BY `create_time` DESC LIMIT 5 [ RunTime:0.001366s ]
[2023-10-01T10:58:22+08:00][sql] SELECT * FROM `jm_news_index` WHERE  `c_id` = 77  AND `status` = 1 ORDER BY `create_time` DESC LIMIT 5 [ RunTime:0.000755s ]
[2023-10-01T10:58:22+08:00][sql] CONNECT:[ UseTime:0.000857s ] mysql:host=127.0.0.1;port=3306;dbname=www_fsqf_com;charset=utf8
[2023-10-01T10:58:22+08:00][sql] SHOW FULL COLUMNS FROM `jm_nav` [ RunTime:0.001827s ]
[2023-10-01T10:58:22+08:00][sql] SELECT * FROM `jm_nav` ORDER BY `sort` ASC [ RunTime:0.000648s ]
[2023-10-01T10:58:22+08:00][sql] SHOW FULL COLUMNS FROM `jm_browse_index` [ RunTime:0.001397s ]
[2023-10-01T10:58:22+08:00][sql] SELECT * FROM `jm_browse_index` WHERE  `ip` = '124.71.166.204' ORDER BY `id` DESC LIMIT 1 [ RunTime:0.000884s ]
[2023-10-01T10:58:22+08:00][sql] INSERT INTO `jm_browse_index` SET `cid` = 0 , `url` = '/page/2.html' , `ip` = '124.71.166.204' , `mark` = '7014d8577b4aee3a716c429f4eae0f60' , `user_agent` = 'Mozilla/5.0 (Windows NT 5.6; Win64; x64) AppleWebKit/537.36 (KHTML, like Gecko) Chrome/76.0.3328.88 Safari/537.36' , `create_time` = '2023-10-01 10:58:22.754450' [ RunTime:0.000602s ]
[2023-10-01T10:58:22+08:00][sql] SHOW FULL COLUMNS FROM `jm_page_index` [ RunTime:0.001728s ]
[2023-10-01T10:58:22+08:00][sql] SELECT * FROM `jm_page_index` WHERE  `id` = 2 LIMIT 1 [ RunTime:0.000688s ]
[2023-10-01T10:58:22+08:00][sql] SHOW FULL COLUMNS FROM `jm_category` [ RunTime:0.001612s ]
[2023-10-01T10:58:22+08:00][sql] SELECT * FROM `jm_category` WHERE  `id` = 75 LIMIT 1 [ RunTime:0.000623s ]
[2023-10-01T10:58:22+08:00][sql] SELECT * FROM `jm_category` WHERE  `id` = 0 LIMIT 1 [ RunTime:0.000341s ]
[2023-10-01T10:58:22+08:00][sql] SHOW FULL COLUMNS FROM `jm_ad_index` [ RunTime:0.001699s ]
[2023-10-01T10:58:22+08:00][sql] SELECT * FROM `jm_ad_index` WHERE  `g_id` = 75 LIMIT 1 [ RunTime:0.000574s ]
[2023-10-01T10:58:22+08:00][sql] SELECT `id` FROM `jm_page_index` WHERE  `c_id` = 75 LIMIT 1 [ RunTime:0.000319s ]
[2023-10-01T10:58:22+08:00][sql] SELECT * FROM `jm_category` WHERE  `pid` = 75 [ RunTime:0.000402s ]
[2023-10-01T10:58:22+08:00][sql] SELECT * FROM `jm_page_index` WHERE  `c_id` = 76 ORDER BY `sort` ASC [ RunTime:0.000408s ]
[2023-10-01T11:46:42+08:00][sql] CONNECT:[ UseTime:0.000834s ] mysql:host=127.0.0.1;port=3306;dbname=www_fsqf_com;charset=utf8
[2023-10-01T11:46:42+08:00][sql] SHOW FULL COLUMNS FROM `jm_nav` [ RunTime:0.002217s ]
[2023-10-01T11:46:42+08:00][sql] SELECT * FROM `jm_nav` ORDER BY `sort` ASC [ RunTime:0.000872s ]
[2023-10-01T11:46:42+08:00][sql] SHOW FULL COLUMNS FROM `jm_browse_index` [ RunTime:0.002160s ]
[2023-10-01T11:46:42+08:00][sql] SELECT * FROM `jm_browse_index` WHERE  `ip` = '93.158.90.163' ORDER BY `id` DESC LIMIT 1 [ RunTime:0.001605s ]
[2023-10-01T11:46:42+08:00][sql] INSERT INTO `jm_browse_index` SET `cid` = 0 , `url` = '/' , `ip` = '93.158.90.163' , `mark` = '128ba2423ddfd8e4e90adfa9e6a960b6' , `user_agent` = 'Mozilla/5.0 (iPad; CPU OS 6_0 like Mac OS X) AppleWebKit/536.26 (KHTML, like Gecko) Version/6.0 Mobile/10A5355d Safari/8536.25' , `create_time` = '2023-10-01 11:46:42.170761' [ RunTime:0.000455s ]
[2023-10-01T11:46:42+08:00][sql] SHOW FULL COLUMNS FROM `jm_news_index` [ RunTime:0.002449s ]
[2023-10-01T11:46:42+08:00][sql] SELECT * FROM `jm_news_index` WHERE  `c_id` = 78  AND `status` = 1 ORDER BY `create_time` DESC LIMIT 5 [ RunTime:0.001221s ]
[2023-10-01T11:46:42+08:00][sql] SELECT * FROM `jm_news_index` WHERE  `c_id` = 79  AND `status` = 1 ORDER BY `create_time` DESC LIMIT 5 [ RunTime:0.001060s ]
[2023-10-01T11:46:42+08:00][sql] SELECT * FROM `jm_news_index` WHERE  `c_id` = 77  AND `status` = 1 ORDER BY `create_time` DESC LIMIT 5 [ RunTime:0.000764s ]
[2023-10-01T15:05:32+08:00][sql] CONNECT:[ UseTime:0.000795s ] mysql:host=127.0.0.1;port=3306;dbname=www_fsqf_com;charset=utf8
[2023-10-01T15:05:32+08:00][sql] SHOW FULL COLUMNS FROM `jm_nav` [ RunTime:0.001738s ]
[2023-10-01T15:05:32+08:00][sql] SELECT * FROM `jm_nav` ORDER BY `sort` ASC [ RunTime:0.000695s ]
[2023-10-01T15:05:32+08:00][sql] SHOW FULL COLUMNS FROM `jm_browse_index` [ RunTime:0.001377s ]
[2023-10-01T15:05:32+08:00][sql] SELECT * FROM `jm_browse_index` WHERE  `ip` = '39.173.107.173' ORDER BY `id` DESC LIMIT 1 [ RunTime:0.001689s ]
[2023-10-01T15:05:32+08:00][sql] INSERT INTO `jm_browse_index` SET `cid` = 0 , `url` = '/page/12.html' , `ip` = '39.173.107.173' , `mark` = '49c23d160468d1441c148db066659b0c' , `user_agent` = 'Mozilla/5.0 (Windows NT 6.1; Win64; x64) AppleWebKit/537.36 (KHTML, like Gecko) Chrome/69.0.3497.81 YisouSpider/5.0 Safari/537.36' , `create_time` = '2023-10-01 15:05:32.025982' [ RunTime:0.000419s ]
[2023-10-01T15:05:32+08:00][sql] SHOW FULL COLUMNS FROM `jm_page_index` [ RunTime:0.001722s ]
[2023-10-01T15:05:32+08:00][sql] SELECT * FROM `jm_page_index` WHERE  `id` = 12 LIMIT 1 [ RunTime:0.000769s ]
[2023-10-01T15:05:32+08:00][sql] SHOW FULL COLUMNS FROM `jm_category` [ RunTime:0.001663s ]
[2023-10-01T15:05:32+08:00][sql] SELECT * FROM `jm_category` WHERE  `id` = 76 LIMIT 1 [ RunTime:0.000601s ]
[2023-10-01T15:05:32+08:00][sql] SELECT * FROM `jm_category` WHERE  `id` = 0 LIMIT 1 [ RunTime:0.000407s ]
[2023-10-01T15:05:32+08:00][sql] SHOW FULL COLUMNS FROM `jm_ad_index` [ RunTime:0.001309s ]
[2023-10-01T15:05:32+08:00][sql] SELECT * FROM `jm_ad_index` WHERE  `g_id` = 76 LIMIT 1 [ RunTime:0.000615s ]
[2023-10-01T15:05:32+08:00][sql] SELECT `id` FROM `jm_page_index` WHERE  `c_id` = 76 LIMIT 1 [ RunTime:0.000373s ]
[2023-10-01T15:05:32+08:00][sql] SELECT * FROM `jm_category` WHERE  `pid` = 76 [ RunTime:0.000386s ]
[2023-10-01T15:05:32+08:00][sql] SELECT * FROM `jm_page_index` WHERE  `c_id` = 76 ORDER BY `sort` ASC [ RunTime:0.000366s ]
[2023-10-01T19:35:55+08:00][sql] CONNECT:[ UseTime:0.000958s ] mysql:host=127.0.0.1;port=3306;dbname=www_fsqf_com;charset=utf8
[2023-10-01T19:35:55+08:00][sql] SHOW FULL COLUMNS FROM `jm_nav` [ RunTime:0.002621s ]
[2023-10-01T19:35:55+08:00][sql] SELECT * FROM `jm_nav` ORDER BY `sort` ASC [ RunTime:0.001077s ]
[2023-10-01T19:35:55+08:00][sql] SHOW FULL COLUMNS FROM `jm_browse_index` [ RunTime:0.002003s ]
[2023-10-01T19:35:55+08:00][sql] SELECT * FROM `jm_browse_index` WHERE  `ip` = '60.188.10.213' ORDER BY `id` DESC LIMIT 1 [ RunTime:0.002202s ]
[2023-10-01T19:35:55+08:00][sql] INSERT INTO `jm_browse_index` SET `cid` = 0 , `url` = '/page/11.html' , `ip` = '60.188.10.213' , `mark` = '17fd548535396e1306261013bd9214d4' , `user_agent` = 'Mozilla/5.0 (Windows NT 6.1; Win64; x64) AppleWebKit/537.36 (KHTML, like Gecko) Chrome/69.0.3497.81 YisouSpider/5.0 Safari/537.36' , `create_time` = '2023-10-01 19:35:55.895616' [ RunTime:0.000681s ]
[2023-10-01T19:35:55+08:00][sql] SHOW FULL COLUMNS FROM `jm_page_index` [ RunTime:0.002452s ]
[2023-10-01T19:35:55+08:00][sql] SELECT * FROM `jm_page_index` WHERE  `id` = 11 LIMIT 1 [ RunTime:0.000995s ]
[2023-10-01T19:35:55+08:00][sql] SHOW FULL COLUMNS FROM `jm_category` [ RunTime:0.001575s ]
[2023-10-01T19:35:55+08:00][sql] SELECT * FROM `jm_category` WHERE  `id` = 76 LIMIT 1 [ RunTime:0.000761s ]
[2023-10-01T19:35:55+08:00][sql] SELECT * FROM `jm_category` WHERE  `id` = 0 LIMIT 1 [ RunTime:0.000302s ]
[2023-10-01T19:35:55+08:00][sql] SHOW FULL COLUMNS FROM `jm_ad_index` [ RunTime:0.001391s ]
[2023-10-01T19:35:55+08:00][sql] SELECT * FROM `jm_ad_index` WHERE  `g_id` = 76 LIMIT 1 [ RunTime:0.000623s ]
[2023-10-01T19:35:55+08:00][sql] SELECT `id` FROM `jm_page_index` WHERE  `c_id` = 76 LIMIT 1 [ RunTime:0.000278s ]
[2023-10-01T19:35:55+08:00][sql] SELECT * FROM `jm_category` WHERE  `pid` = 76 [ RunTime:0.000660s ]
[2023-10-01T19:35:55+08:00][sql] SELECT * FROM `jm_page_index` WHERE  `c_id` = 76 ORDER BY `sort` ASC [ RunTime:0.000492s ]
