[2023-10-05T07:55:51+08:00][sql] CONNECT:[ UseTime:0.000729s ] mysql:host=127.0.0.1;port=3306;dbname=www_fsqf_com;charset=utf8
[2023-10-05T07:55:51+08:00][sql] SHOW FULL COLUMNS FROM `jm_nav` [ RunTime:0.002165s ]
[2023-10-05T07:55:51+08:00][sql] SELECT * FROM `jm_nav` ORDER BY `sort` ASC [ RunTime:0.000690s ]
[2023-10-05T07:55:51+08:00][sql] SHOW FULL COLUMNS FROM `jm_browse_index` [ RunTime:0.001453s ]
[2023-10-05T07:55:51+08:00][sql] SELECT * FROM `jm_browse_index` WHERE  `ip` = '120.33.4.170' ORDER BY `id` DESC LIMIT 1 [ RunTime:0.001732s ]
[2023-10-05T07:55:51+08:00][sql] INSERT INTO `jm_browse_index` SET `cid` = 0 , `url` = '/' , `ip` = '120.33.4.170' , `mark` = '9fe9c28b9d6dd22b832f5adc28c9c02f' , `user_agent` = 'Mozilla/5.0 (Windows NT 10.0; Win64; x64) AppleWebKit/537.36 (KHTML, like Gecko) Chrome/53.0.2785.143 Safari/537.36' , `create_time` = '2023-10-05 07:55:50.998184' [ RunTime:0.000649s ]
[2023-10-05T07:55:51+08:00][sql] SHOW FULL COLUMNS FROM `jm_news_index` [ RunTime:0.001721s ]
[2023-10-05T07:55:51+08:00][sql] SELECT * FROM `jm_news_index` WHERE  `c_id` = 78  AND `status` = 1 ORDER BY `create_time` DESC LIMIT 5 [ RunTime:0.001049s ]
[2023-10-05T07:55:51+08:00][sql] SELECT * FROM `jm_news_index` WHERE  `c_id` = 79  AND `status` = 1 ORDER BY `create_time` DESC LIMIT 5 [ RunTime:0.000644s ]
[2023-10-05T07:55:51+08:00][sql] SELECT * FROM `jm_news_index` WHERE  `c_id` = 77  AND `status` = 1 ORDER BY `create_time` DESC LIMIT 5 [ RunTime:0.000579s ]
[2023-10-05T07:55:52+08:00][sql] CONNECT:[ UseTime:0.001264s ] mysql:host=127.0.0.1;port=3306;dbname=www_fsqf_com;charset=utf8
[2023-10-05T07:55:52+08:00][sql] SHOW FULL COLUMNS FROM `jm_nav` [ RunTime:0.001894s ]
[2023-10-05T07:55:52+08:00][sql] SELECT * FROM `jm_nav` ORDER BY `sort` ASC [ RunTime:0.000538s ]
[2023-10-05T07:55:52+08:00][sql] SHOW FULL COLUMNS FROM `jm_browse_index` [ RunTime:0.001480s ]
[2023-10-05T07:55:52+08:00][sql] SELECT * FROM `jm_browse_index` WHERE  `ip` = '117.27.164.222' ORDER BY `id` DESC LIMIT 1 [ RunTime:0.001563s ]
[2023-10-05T07:55:52+08:00][sql] INSERT INTO `jm_browse_index` SET `cid` = 0 , `url` = '/' , `ip` = '117.27.164.222' , `mark` = '7774db37ee8e1a63232eb5df08e52653' , `user_agent` = 'Mozilla/5.0 (Windows NT 10.0; Win64; x64) AppleWebKit/537.36 (KHTML, like Gecko) Chrome/53.0.2785.143 Safari/537.36' , `create_time` = '2023-10-05 07:55:52.467943' [ RunTime:0.000528s ]
[2023-10-05T07:55:52+08:00][sql] SHOW FULL COLUMNS FROM `jm_news_index` [ RunTime:0.001939s ]
[2023-10-05T07:55:52+08:00][sql] SELECT * FROM `jm_news_index` WHERE  `c_id` = 78  AND `status` = 1 ORDER BY `create_time` DESC LIMIT 5 [ RunTime:0.001130s ]
[2023-10-05T07:55:52+08:00][sql] SELECT * FROM `jm_news_index` WHERE  `c_id` = 79  AND `status` = 1 ORDER BY `create_time` DESC LIMIT 5 [ RunTime:0.000831s ]
[2023-10-05T07:55:52+08:00][sql] SELECT * FROM `jm_news_index` WHERE  `c_id` = 77  AND `status` = 1 ORDER BY `create_time` DESC LIMIT 5 [ RunTime:0.000662s ]
[2023-10-05T07:56:25+08:00][sql] CONNECT:[ UseTime:0.000716s ] mysql:host=127.0.0.1;port=3306;dbname=www_fsqf_com;charset=utf8
[2023-10-05T07:56:25+08:00][sql] SHOW FULL COLUMNS FROM `jm_nav` [ RunTime:0.001716s ]
[2023-10-05T07:56:25+08:00][sql] SELECT * FROM `jm_nav` ORDER BY `sort` ASC [ RunTime:0.000506s ]
[2023-10-05T07:56:25+08:00][sql] SHOW FULL COLUMNS FROM `jm_browse_index` [ RunTime:0.001208s ]
[2023-10-05T07:56:25+08:00][sql] SELECT * FROM `jm_browse_index` WHERE  `ip` = '117.27.164.222' ORDER BY `id` DESC LIMIT 1 [ RunTime:0.000479s ]
[2023-10-05T07:56:25+08:00][sql] INSERT INTO `jm_browse_index` SET `cid` = 0 , `url` = '/page/1.html' , `ip` = '117.27.164.222' , `mark` = '114d9a88424f59aba390c11fa90155a7' , `user_agent` = 'Mozilla/5.0 (Windows NT 10.0; Win64; x64) AppleWebKit/537.36 (KHTML, like Gecko) Chrome/53.0.2785.143 Safari/537.36' , `create_time` = '2023-10-05 07:56:25.786384' [ RunTime:0.000581s ]
[2023-10-05T07:56:25+08:00][sql] SHOW FULL COLUMNS FROM `jm_page_index` [ RunTime:0.001313s ]
[2023-10-05T07:56:25+08:00][sql] SELECT * FROM `jm_page_index` WHERE  `id` = 1 LIMIT 1 [ RunTime:0.000904s ]
[2023-10-05T07:56:25+08:00][sql] SHOW FULL COLUMNS FROM `jm_category` [ RunTime:0.002154s ]
[2023-10-05T07:56:25+08:00][sql] SELECT * FROM `jm_category` WHERE  `id` = 52 LIMIT 1 [ RunTime:0.000604s ]
[2023-10-05T07:56:25+08:00][sql] SELECT * FROM `jm_category` WHERE  `id` = 0 LIMIT 1 [ RunTime:0.000350s ]
[2023-10-05T07:56:25+08:00][sql] SHOW FULL COLUMNS FROM `jm_ad_index` [ RunTime:0.001289s ]
[2023-10-05T07:56:25+08:00][sql] SELECT * FROM `jm_ad_index` WHERE  `g_id` = 52 LIMIT 1 [ RunTime:0.000716s ]
[2023-10-05T07:56:25+08:00][sql] SELECT `id` FROM `jm_page_index` WHERE  `c_id` = 52 LIMIT 1 [ RunTime:0.000295s ]
[2023-10-05T07:56:25+08:00][sql] SELECT * FROM `jm_category` WHERE  `pid` = 52 [ RunTime:0.000313s ]
[2023-10-05T07:56:25+08:00][sql] SELECT * FROM `jm_page_index` WHERE  `c_id` = 76 ORDER BY `sort` ASC [ RunTime:0.000505s ]
[2023-10-05T07:56:26+08:00][sql] CONNECT:[ UseTime:0.000799s ] mysql:host=127.0.0.1;port=3306;dbname=www_fsqf_com;charset=utf8
[2023-10-05T07:56:26+08:00][sql] SHOW FULL COLUMNS FROM `jm_nav` [ RunTime:0.002178s ]
[2023-10-05T07:56:26+08:00][sql] SELECT * FROM `jm_nav` ORDER BY `sort` ASC [ RunTime:0.000640s ]
[2023-10-05T07:56:26+08:00][sql] SHOW FULL COLUMNS FROM `jm_browse_index` [ RunTime:0.001730s ]
[2023-10-05T07:56:26+08:00][sql] SELECT * FROM `jm_browse_index` WHERE  `ip` = '120.33.4.170' ORDER BY `id` DESC LIMIT 1 [ RunTime:0.000623s ]
[2023-10-05T07:56:26+08:00][sql] INSERT INTO `jm_browse_index` SET `cid` = 0 , `url` = '/page/2.html' , `ip` = '120.33.4.170' , `mark` = '6c9d1a32dbf7995af2348485a1400566' , `user_agent` = 'Mozilla/5.0 (Windows NT 10.0; Win64; x64) AppleWebKit/537.36 (KHTML, like Gecko) Chrome/53.0.2785.143 Safari/537.36' , `create_time` = '2023-10-05 07:56:26.073321' [ RunTime:0.000480s ]
[2023-10-05T07:56:26+08:00][sql] SHOW FULL COLUMNS FROM `jm_page_index` [ RunTime:0.002148s ]
[2023-10-05T07:56:26+08:00][sql] SELECT * FROM `jm_page_index` WHERE  `id` = 2 LIMIT 1 [ RunTime:0.000681s ]
[2023-10-05T07:56:26+08:00][sql] SHOW FULL COLUMNS FROM `jm_category` [ RunTime:0.001940s ]
[2023-10-05T07:56:26+08:00][sql] SELECT * FROM `jm_category` WHERE  `id` = 75 LIMIT 1 [ RunTime:0.000606s ]
[2023-10-05T07:56:26+08:00][sql] SELECT * FROM `jm_category` WHERE  `id` = 0 LIMIT 1 [ RunTime:0.000418s ]
[2023-10-05T07:56:26+08:00][sql] SHOW FULL COLUMNS FROM `jm_ad_index` [ RunTime:0.001700s ]
[2023-10-05T07:56:26+08:00][sql] SELECT * FROM `jm_ad_index` WHERE  `g_id` = 75 LIMIT 1 [ RunTime:0.000514s ]
[2023-10-05T07:56:26+08:00][sql] SELECT `id` FROM `jm_page_index` WHERE  `c_id` = 75 LIMIT 1 [ RunTime:0.000362s ]
[2023-10-05T07:56:26+08:00][sql] SELECT * FROM `jm_category` WHERE  `pid` = 75 [ RunTime:0.000355s ]
[2023-10-05T07:56:26+08:00][sql] SELECT * FROM `jm_page_index` WHERE  `c_id` = 76 ORDER BY `sort` ASC [ RunTime:0.000438s ]
[2023-10-05T07:56:26+08:00][sql] CONNECT:[ UseTime:0.000676s ] mysql:host=127.0.0.1;port=3306;dbname=www_fsqf_com;charset=utf8
[2023-10-05T07:56:26+08:00][sql] SHOW FULL COLUMNS FROM `jm_nav` [ RunTime:0.001969s ]
[2023-10-05T07:56:26+08:00][sql] SELECT * FROM `jm_nav` ORDER BY `sort` ASC [ RunTime:0.000554s ]
[2023-10-05T07:56:26+08:00][sql] SHOW FULL COLUMNS FROM `jm_browse_index` [ RunTime:0.001575s ]
[2023-10-05T07:56:26+08:00][sql] SELECT * FROM `jm_browse_index` WHERE  `ip` = '120.33.4.170' ORDER BY `id` DESC LIMIT 1 [ RunTime:0.000695s ]
[2023-10-05T07:56:26+08:00][sql] INSERT INTO `jm_browse_index` SET `cid` = 0 , `url` = '/page/1.html' , `ip` = '120.33.4.170' , `mark` = 'f27918630820d85b293f6e96a1ae4155' , `user_agent` = 'Mozilla/5.0 (Windows NT 10.0; Win64; x64) AppleWebKit/537.36 (KHTML, like Gecko) Chrome/53.0.2785.143 Safari/537.36' , `create_time` = '2023-10-05 07:56:26.259018' [ RunTime:0.000552s ]
[2023-10-05T07:56:26+08:00][sql] SHOW FULL COLUMNS FROM `jm_page_index` [ RunTime:0.001763s ]
[2023-10-05T07:56:26+08:00][sql] SELECT * FROM `jm_page_index` WHERE  `id` = 1 LIMIT 1 [ RunTime:0.000619s ]
[2023-10-05T07:56:26+08:00][sql] SHOW FULL COLUMNS FROM `jm_category` [ RunTime:0.001643s ]
[2023-10-05T07:56:26+08:00][sql] SELECT * FROM `jm_category` WHERE  `id` = 52 LIMIT 1 [ RunTime:0.000521s ]
[2023-10-05T07:56:26+08:00][sql] SELECT * FROM `jm_category` WHERE  `id` = 0 LIMIT 1 [ RunTime:0.000326s ]
[2023-10-05T07:56:26+08:00][sql] SHOW FULL COLUMNS FROM `jm_ad_index` [ RunTime:0.001632s ]
[2023-10-05T07:56:26+08:00][sql] SELECT * FROM `jm_ad_index` WHERE  `g_id` = 52 LIMIT 1 [ RunTime:0.000440s ]
[2023-10-05T07:56:26+08:00][sql] SELECT `id` FROM `jm_page_index` WHERE  `c_id` = 52 LIMIT 1 [ RunTime:0.000315s ]
[2023-10-05T07:56:26+08:00][sql] SELECT * FROM `jm_category` WHERE  `pid` = 52 [ RunTime:0.000305s ]
[2023-10-05T07:56:26+08:00][sql] SELECT * FROM `jm_page_index` WHERE  `c_id` = 76 ORDER BY `sort` ASC [ RunTime:0.000336s ]
[2023-10-05T07:56:26+08:00][sql] CONNECT:[ UseTime:0.000917s ] mysql:host=127.0.0.1;port=3306;dbname=www_fsqf_com;charset=utf8
[2023-10-05T07:56:26+08:00][sql] SHOW FULL COLUMNS FROM `jm_nav` [ RunTime:0.001784s ]
[2023-10-05T07:56:26+08:00][sql] SELECT * FROM `jm_nav` ORDER BY `sort` ASC [ RunTime:0.000506s ]
[2023-10-05T07:56:26+08:00][sql] SHOW FULL COLUMNS FROM `jm_browse_index` [ RunTime:0.001248s ]
[2023-10-05T07:56:26+08:00][sql] SELECT * FROM `jm_browse_index` WHERE  `ip` = '120.33.4.170' ORDER BY `id` DESC LIMIT 1 [ RunTime:0.000533s ]
[2023-10-05T07:56:26+08:00][sql] SHOW FULL COLUMNS FROM `jm_page_index` [ RunTime:0.001362s ]
[2023-10-05T07:56:26+08:00][sql] SELECT * FROM `jm_page_index` WHERE  `id` = 1 LIMIT 1 [ RunTime:0.000457s ]
[2023-10-05T07:56:26+08:00][sql] SHOW FULL COLUMNS FROM `jm_category` [ RunTime:0.001380s ]
[2023-10-05T07:56:26+08:00][sql] SELECT * FROM `jm_category` WHERE  `id` = 52 LIMIT 1 [ RunTime:0.000466s ]
[2023-10-05T07:56:26+08:00][sql] SELECT * FROM `jm_category` WHERE  `id` = 0 LIMIT 1 [ RunTime:0.000374s ]
[2023-10-05T07:56:26+08:00][sql] SHOW FULL COLUMNS FROM `jm_ad_index` [ RunTime:0.001329s ]
[2023-10-05T07:56:26+08:00][sql] SELECT * FROM `jm_ad_index` WHERE  `g_id` = 52 LIMIT 1 [ RunTime:0.000492s ]
[2023-10-05T07:56:26+08:00][sql] SELECT `id` FROM `jm_page_index` WHERE  `c_id` = 52 LIMIT 1 [ RunTime:0.000303s ]
[2023-10-05T07:56:26+08:00][sql] SELECT * FROM `jm_category` WHERE  `pid` = 52 [ RunTime:0.000367s ]
[2023-10-05T07:56:26+08:00][sql] SELECT * FROM `jm_page_index` WHERE  `c_id` = 76 ORDER BY `sort` ASC [ RunTime:0.000343s ]
[2023-10-05T07:56:26+08:00][sql] CONNECT:[ UseTime:0.000869s ] mysql:host=127.0.0.1;port=3306;dbname=www_fsqf_com;charset=utf8
[2023-10-05T07:56:26+08:00][sql] SHOW FULL COLUMNS FROM `jm_nav` [ RunTime:0.001902s ]
[2023-10-05T07:56:26+08:00][sql] SELECT * FROM `jm_nav` ORDER BY `sort` ASC [ RunTime:0.000550s ]
[2023-10-05T07:56:26+08:00][sql] SHOW FULL COLUMNS FROM `jm_browse_index` [ RunTime:0.001354s ]
[2023-10-05T07:56:26+08:00][sql] SELECT * FROM `jm_browse_index` WHERE  `ip` = '117.27.164.222' ORDER BY `id` DESC LIMIT 1 [ RunTime:0.000511s ]
[2023-10-05T07:56:26+08:00][sql] INSERT INTO `jm_browse_index` SET `cid` = 0 , `url` = '/page/2.html' , `ip` = '117.27.164.222' , `mark` = '72aff93016651ddab9e021bf109f2604' , `user_agent` = 'Mozilla/5.0 (Windows NT 10.0; Win64; x64) AppleWebKit/537.36 (KHTML, like Gecko) Chrome/53.0.2785.143 Safari/537.36' , `create_time` = '2023-10-05 07:56:26.584691' [ RunTime:0.000452s ]
[2023-10-05T07:56:26+08:00][sql] SHOW FULL COLUMNS FROM `jm_page_index` [ RunTime:0.001629s ]
[2023-10-05T07:56:26+08:00][sql] SELECT * FROM `jm_page_index` WHERE  `id` = 2 LIMIT 1 [ RunTime:0.000532s ]
[2023-10-05T07:56:26+08:00][sql] SHOW FULL COLUMNS FROM `jm_category` [ RunTime:0.001386s ]
[2023-10-05T07:56:26+08:00][sql] SELECT * FROM `jm_category` WHERE  `id` = 75 LIMIT 1 [ RunTime:0.000509s ]
[2023-10-05T07:56:26+08:00][sql] SELECT * FROM `jm_category` WHERE  `id` = 0 LIMIT 1 [ RunTime:0.000292s ]
[2023-10-05T07:56:26+08:00][sql] SHOW FULL COLUMNS FROM `jm_ad_index` [ RunTime:0.001251s ]
[2023-10-05T07:56:26+08:00][sql] SELECT * FROM `jm_ad_index` WHERE  `g_id` = 75 LIMIT 1 [ RunTime:0.000501s ]
[2023-10-05T07:56:26+08:00][sql] SELECT `id` FROM `jm_page_index` WHERE  `c_id` = 75 LIMIT 1 [ RunTime:0.000285s ]
[2023-10-05T07:56:26+08:00][sql] SELECT * FROM `jm_category` WHERE  `pid` = 75 [ RunTime:0.000341s ]
[2023-10-05T07:56:26+08:00][sql] SELECT * FROM `jm_page_index` WHERE  `c_id` = 76 ORDER BY `sort` ASC [ RunTime:0.000342s ]
[2023-10-05T07:56:26+08:00][sql] CONNECT:[ UseTime:0.001019s ] mysql:host=127.0.0.1;port=3306;dbname=www_fsqf_com;charset=utf8
[2023-10-05T07:56:26+08:00][sql] SHOW FULL COLUMNS FROM `jm_nav` [ RunTime:0.002630s ]
[2023-10-05T07:56:26+08:00][sql] SELECT * FROM `jm_nav` ORDER BY `sort` ASC [ RunTime:0.000784s ]
[2023-10-05T07:56:26+08:00][sql] SHOW FULL COLUMNS FROM `jm_browse_index` [ RunTime:0.001723s ]
[2023-10-05T07:56:26+08:00][sql] SELECT * FROM `jm_browse_index` WHERE  `ip` = '117.27.164.222' ORDER BY `id` DESC LIMIT 1 [ RunTime:0.000877s ]
[2023-10-05T07:56:26+08:00][sql] SHOW FULL COLUMNS FROM `jm_page_index` [ RunTime:0.002230s ]
[2023-10-05T07:56:26+08:00][sql] SELECT * FROM `jm_page_index` WHERE  `id` = 2 LIMIT 1 [ RunTime:0.000868s ]
[2023-10-05T07:56:26+08:00][sql] SHOW FULL COLUMNS FROM `jm_category` [ RunTime:0.002235s ]
[2023-10-05T07:56:26+08:00][sql] SELECT * FROM `jm_category` WHERE  `id` = 75 LIMIT 1 [ RunTime:0.000715s ]
[2023-10-05T07:56:26+08:00][sql] SELECT * FROM `jm_category` WHERE  `id` = 0 LIMIT 1 [ RunTime:0.000322s ]
[2023-10-05T07:56:26+08:00][sql] SHOW FULL COLUMNS FROM `jm_ad_index` [ RunTime:0.001382s ]
[2023-10-05T07:56:26+08:00][sql] SELECT * FROM `jm_ad_index` WHERE  `g_id` = 75 LIMIT 1 [ RunTime:0.000557s ]
[2023-10-05T07:56:26+08:00][sql] SELECT `id` FROM `jm_page_index` WHERE  `c_id` = 75 LIMIT 1 [ RunTime:0.000333s ]
[2023-10-05T07:56:26+08:00][sql] SELECT * FROM `jm_category` WHERE  `pid` = 75 [ RunTime:0.000369s ]
[2023-10-05T07:56:26+08:00][sql] SELECT * FROM `jm_page_index` WHERE  `c_id` = 76 ORDER BY `sort` ASC [ RunTime:0.000362s ]
[2023-10-05T07:56:26+08:00][sql] CONNECT:[ UseTime:0.000772s ] mysql:host=127.0.0.1;port=3306;dbname=www_fsqf_com;charset=utf8
[2023-10-05T07:56:26+08:00][sql] SHOW FULL COLUMNS FROM `jm_nav` [ RunTime:0.001857s ]
[2023-10-05T07:56:26+08:00][sql] SELECT * FROM `jm_nav` ORDER BY `sort` ASC [ RunTime:0.000646s ]
[2023-10-05T07:56:26+08:00][sql] SHOW FULL COLUMNS FROM `jm_browse_index` [ RunTime:0.001402s ]
[2023-10-05T07:56:26+08:00][sql] SELECT * FROM `jm_browse_index` WHERE  `ip` = '117.27.164.222' ORDER BY `id` DESC LIMIT 1 [ RunTime:0.000602s ]
[2023-10-05T07:56:26+08:00][sql] INSERT INTO `jm_browse_index` SET `cid` = 0 , `url` = '/page/1.html' , `ip` = '117.27.164.222' , `mark` = '114d9a88424f59aba390c11fa90155a7' , `user_agent` = 'Mozilla/5.0 (Windows NT 10.0; Win64; x64) AppleWebKit/537.36 (KHTML, like Gecko) Chrome/53.0.2785.143 Safari/537.36' , `create_time` = '2023-10-05 07:56:26.774675' [ RunTime:0.000497s ]
[2023-10-05T07:56:26+08:00][sql] SHOW FULL COLUMNS FROM `jm_page_index` [ RunTime:0.001578s ]
[2023-10-05T07:56:26+08:00][sql] SELECT * FROM `jm_page_index` WHERE  `id` = 1 LIMIT 1 [ RunTime:0.000634s ]
[2023-10-05T07:56:26+08:00][sql] SHOW FULL COLUMNS FROM `jm_category` [ RunTime:0.001598s ]
[2023-10-05T07:56:26+08:00][sql] SELECT * FROM `jm_category` WHERE  `id` = 52 LIMIT 1 [ RunTime:0.000996s ]
[2023-10-05T07:56:26+08:00][sql] SELECT * FROM `jm_category` WHERE  `id` = 0 LIMIT 1 [ RunTime:0.000300s ]
[2023-10-05T07:56:26+08:00][sql] SHOW FULL COLUMNS FROM `jm_ad_index` [ RunTime:0.001380s ]
[2023-10-05T07:56:26+08:00][sql] SELECT * FROM `jm_ad_index` WHERE  `g_id` = 52 LIMIT 1 [ RunTime:0.000473s ]
[2023-10-05T07:56:26+08:00][sql] SELECT `id` FROM `jm_page_index` WHERE  `c_id` = 52 LIMIT 1 [ RunTime:0.000297s ]
[2023-10-05T07:56:26+08:00][sql] SELECT * FROM `jm_category` WHERE  `pid` = 52 [ RunTime:0.000286s ]
[2023-10-05T07:56:26+08:00][sql] SELECT * FROM `jm_page_index` WHERE  `c_id` = 76 ORDER BY `sort` ASC [ RunTime:0.000482s ]
[2023-10-05T07:56:27+08:00][sql] CONNECT:[ UseTime:0.001051s ] mysql:host=127.0.0.1;port=3306;dbname=www_fsqf_com;charset=utf8
[2023-10-05T07:56:27+08:00][sql] SHOW FULL COLUMNS FROM `jm_nav` [ RunTime:0.001951s ]
[2023-10-05T07:56:27+08:00][sql] SELECT * FROM `jm_nav` ORDER BY `sort` ASC [ RunTime:0.000617s ]
[2023-10-05T07:56:27+08:00][sql] SHOW FULL COLUMNS FROM `jm_browse_index` [ RunTime:0.001426s ]
[2023-10-05T07:56:27+08:00][sql] SELECT * FROM `jm_browse_index` WHERE  `ip` = '120.33.4.170' ORDER BY `id` DESC LIMIT 1 [ RunTime:0.000655s ]
[2023-10-05T07:56:27+08:00][sql] INSERT INTO `jm_browse_index` SET `cid` = 0 , `url` = '/page/2.html' , `ip` = '120.33.4.170' , `mark` = '6c9d1a32dbf7995af2348485a1400566' , `user_agent` = 'Mozilla/5.0 (Windows NT 10.0; Win64; x64) AppleWebKit/537.36 (KHTML, like Gecko) Chrome/53.0.2785.143 Safari/537.36' , `create_time` = '2023-10-05 07:56:27.211881' [ RunTime:0.000486s ]
[2023-10-05T07:56:27+08:00][sql] SHOW FULL COLUMNS FROM `jm_page_index` [ RunTime:0.002015s ]
[2023-10-05T07:56:27+08:00][sql] SELECT * FROM `jm_page_index` WHERE  `id` = 2 LIMIT 1 [ RunTime:0.000691s ]
[2023-10-05T07:56:27+08:00][sql] SHOW FULL COLUMNS FROM `jm_category` [ RunTime:0.001849s ]
[2023-10-05T07:56:27+08:00][sql] SELECT * FROM `jm_category` WHERE  `id` = 75 LIMIT 1 [ RunTime:0.000637s ]
[2023-10-05T07:56:27+08:00][sql] SELECT * FROM `jm_category` WHERE  `id` = 0 LIMIT 1 [ RunTime:0.000373s ]
[2023-10-05T07:56:27+08:00][sql] SHOW FULL COLUMNS FROM `jm_ad_index` [ RunTime:0.001313s ]
[2023-10-05T07:56:27+08:00][sql] SELECT * FROM `jm_ad_index` WHERE  `g_id` = 75 LIMIT 1 [ RunTime:0.000489s ]
[2023-10-05T07:56:27+08:00][sql] SELECT `id` FROM `jm_page_index` WHERE  `c_id` = 75 LIMIT 1 [ RunTime:0.000316s ]
[2023-10-05T07:56:27+08:00][sql] SELECT * FROM `jm_category` WHERE  `pid` = 75 [ RunTime:0.000310s ]
[2023-10-05T07:56:27+08:00][sql] SELECT * FROM `jm_page_index` WHERE  `c_id` = 76 ORDER BY `sort` ASC [ RunTime:0.000481s ]
[2023-10-05T11:19:26+08:00][sql] CONNECT:[ UseTime:0.000801s ] mysql:host=127.0.0.1;port=3306;dbname=www_fsqf_com;charset=utf8
[2023-10-05T11:19:26+08:00][sql] SHOW FULL COLUMNS FROM `jm_nav` [ RunTime:0.001957s ]
[2023-10-05T11:19:26+08:00][sql] SELECT * FROM `jm_nav` ORDER BY `sort` ASC [ RunTime:0.000709s ]
[2023-10-05T11:19:26+08:00][sql] SHOW FULL COLUMNS FROM `jm_browse_index` [ RunTime:0.001334s ]
[2023-10-05T11:19:26+08:00][sql] SELECT * FROM `jm_browse_index` WHERE  `ip` = '124.71.166.204' ORDER BY `id` DESC LIMIT 1 [ RunTime:0.000648s ]
[2023-10-05T11:19:26+08:00][sql] INSERT INTO `jm_browse_index` SET `cid` = 0 , `url` = '/' , `ip` = '124.71.166.204' , `mark` = '9ac93aa386f9b048c29b6add70df087a' , `user_agent` = 'Mozilla/5.0 (Windows NT 9.6; Win64; x64) AppleWebKit/537.36 (KHTML, like Gecko) Chrome/70.0.3406.88 Safari/537.36' , `create_time` = '2023-10-05 11:19:26.921640' [ RunTime:0.000497s ]
[2023-10-05T11:19:26+08:00][sql] SHOW FULL COLUMNS FROM `jm_news_index` [ RunTime:0.002094s ]
[2023-10-05T11:19:26+08:00][sql] SELECT * FROM `jm_news_index` WHERE  `c_id` = 78  AND `status` = 1 ORDER BY `create_time` DESC LIMIT 5 [ RunTime:0.001192s ]
[2023-10-05T11:19:26+08:00][sql] SELECT * FROM `jm_news_index` WHERE  `c_id` = 79  AND `status` = 1 ORDER BY `create_time` DESC LIMIT 5 [ RunTime:0.000840s ]
[2023-10-05T11:19:26+08:00][sql] SELECT * FROM `jm_news_index` WHERE  `c_id` = 77  AND `status` = 1 ORDER BY `create_time` DESC LIMIT 5 [ RunTime:0.000620s ]
[2023-10-05T11:19:27+08:00][sql] CONNECT:[ UseTime:0.000817s ] mysql:host=127.0.0.1;port=3306;dbname=www_fsqf_com;charset=utf8
[2023-10-05T11:19:27+08:00][sql] SHOW FULL COLUMNS FROM `jm_nav` [ RunTime:0.002180s ]
[2023-10-05T11:19:27+08:00][sql] SELECT * FROM `jm_nav` ORDER BY `sort` ASC [ RunTime:0.000611s ]
[2023-10-05T11:19:27+08:00][sql] SHOW FULL COLUMNS FROM `jm_browse_index` [ RunTime:0.001759s ]
[2023-10-05T11:19:27+08:00][sql] SELECT * FROM `jm_browse_index` WHERE  `ip` = '124.71.166.204' ORDER BY `id` DESC LIMIT 1 [ RunTime:0.000583s ]
[2023-10-05T11:19:27+08:00][sql] INSERT INTO `jm_browse_index` SET `cid` = 0 , `url` = '/page/2.html' , `ip` = '124.71.166.204' , `mark` = '51c54f26584279426f5abf902f66432b' , `user_agent` = 'Mozilla/5.0 (Windows NT 5.9; Win64; x64) AppleWebKit/537.36 (KHTML, like Gecko) Chrome/70.0.2250.88 Safari/537.36' , `create_time` = '2023-10-05 11:19:27.039285' [ RunTime:0.000470s ]
[2023-10-05T11:19:27+08:00][sql] SHOW FULL COLUMNS FROM `jm_page_index` [ RunTime:0.001792s ]
[2023-10-05T11:19:27+08:00][sql] SELECT * FROM `jm_page_index` WHERE  `id` = 2 LIMIT 1 [ RunTime:0.000802s ]
[2023-10-05T11:19:27+08:00][sql] SHOW FULL COLUMNS FROM `jm_category` [ RunTime:0.001818s ]
[2023-10-05T11:19:27+08:00][sql] SELECT * FROM `jm_category` WHERE  `id` = 75 LIMIT 1 [ RunTime:0.000598s ]
[2023-10-05T11:19:27+08:00][sql] SELECT * FROM `jm_category` WHERE  `id` = 0 LIMIT 1 [ RunTime:0.000289s ]
[2023-10-05T11:19:27+08:00][sql] SHOW FULL COLUMNS FROM `jm_ad_index` [ RunTime:0.001557s ]
[2023-10-05T11:19:27+08:00][sql] SELECT * FROM `jm_ad_index` WHERE  `g_id` = 75 LIMIT 1 [ RunTime:0.000589s ]
[2023-10-05T11:19:27+08:00][sql] SELECT `id` FROM `jm_page_index` WHERE  `c_id` = 75 LIMIT 1 [ RunTime:0.000283s ]
[2023-10-05T11:19:27+08:00][sql] SELECT * FROM `jm_category` WHERE  `pid` = 75 [ RunTime:0.000326s ]
[2023-10-05T11:19:27+08:00][sql] SELECT * FROM `jm_page_index` WHERE  `c_id` = 76 ORDER BY `sort` ASC [ RunTime:0.000318s ]
[2023-10-05T13:03:25+08:00][sql] CONNECT:[ UseTime:0.000690s ] mysql:host=127.0.0.1;port=3306;dbname=www_fsqf_com;charset=utf8
[2023-10-05T13:03:25+08:00][sql] SHOW FULL COLUMNS FROM `jm_nav` [ RunTime:0.001886s ]
[2023-10-05T13:03:25+08:00][sql] SELECT * FROM `jm_nav` ORDER BY `sort` ASC [ RunTime:0.000639s ]
[2023-10-05T13:03:25+08:00][sql] SHOW FULL COLUMNS FROM `jm_browse_index` [ RunTime:0.001307s ]
[2023-10-05T13:03:25+08:00][sql] SELECT * FROM `jm_browse_index` WHERE  `ip` = '218.74.84.203' ORDER BY `id` DESC LIMIT 1 [ RunTime:0.001549s ]
[2023-10-05T13:03:25+08:00][sql] INSERT INTO `jm_browse_index` SET `cid` = 0 , `url` = '/' , `ip` = '218.74.84.203' , `mark` = '3e2e7336c6c61b850fd0dcb9a9ec3388' , `user_agent` = 'Mozilla/5.0 (Windows NT 10.0; Win64; x64) AppleWebKit/537.36 (KHTML, like Gecko) Chrome/53.0.2785.143 Safari/537.36' , `create_time` = '2023-10-05 13:03:25.631996' [ RunTime:0.000431s ]
[2023-10-05T13:03:25+08:00][sql] SHOW FULL COLUMNS FROM `jm_news_index` [ RunTime:0.001902s ]
[2023-10-05T13:03:25+08:00][sql] SELECT * FROM `jm_news_index` WHERE  `c_id` = 78  AND `status` = 1 ORDER BY `create_time` DESC LIMIT 5 [ RunTime:0.001163s ]
[2023-10-05T13:03:25+08:00][sql] SELECT * FROM `jm_news_index` WHERE  `c_id` = 79  AND `status` = 1 ORDER BY `create_time` DESC LIMIT 5 [ RunTime:0.000806s ]
[2023-10-05T13:03:25+08:00][sql] SELECT * FROM `jm_news_index` WHERE  `c_id` = 77  AND `status` = 1 ORDER BY `create_time` DESC LIMIT 5 [ RunTime:0.000639s ]
[2023-10-05T13:03:31+08:00][sql] CONNECT:[ UseTime:0.000958s ] mysql:host=127.0.0.1;port=3306;dbname=www_fsqf_com;charset=utf8
[2023-10-05T13:03:31+08:00][sql] SHOW FULL COLUMNS FROM `jm_nav` [ RunTime:0.001896s ]
[2023-10-05T13:03:31+08:00][sql] SELECT * FROM `jm_nav` ORDER BY `sort` ASC [ RunTime:0.000708s ]
[2023-10-05T13:03:31+08:00][sql] SHOW FULL COLUMNS FROM `jm_browse_index` [ RunTime:0.001518s ]
[2023-10-05T13:03:31+08:00][sql] SELECT * FROM `jm_browse_index` WHERE  `ip` = '218.74.84.203' ORDER BY `id` DESC LIMIT 1 [ RunTime:0.000608s ]
[2023-10-05T13:03:31+08:00][sql] INSERT INTO `jm_browse_index` SET `cid` = 0 , `url` = '/page/1.html' , `ip` = '218.74.84.203' , `mark` = '6cd3fabd89e1d3063f59cee4c5bd29c6' , `user_agent` = 'Mozilla/5.0 (Windows NT 10.0; Win64; x64) AppleWebKit/537.36 (KHTML, like Gecko) Chrome/53.0.2785.143 Safari/537.36' , `create_time` = '2023-10-05 13:03:31.223446' [ RunTime:0.000512s ]
[2023-10-05T13:03:31+08:00][sql] SHOW FULL COLUMNS FROM `jm_page_index` [ RunTime:0.001665s ]
[2023-10-05T13:03:31+08:00][sql] SELECT * FROM `jm_page_index` WHERE  `id` = 1 LIMIT 1 [ RunTime:0.000719s ]
[2023-10-05T13:03:31+08:00][sql] SHOW FULL COLUMNS FROM `jm_category` [ RunTime:0.001690s ]
[2023-10-05T13:03:31+08:00][sql] SELECT * FROM `jm_category` WHERE  `id` = 52 LIMIT 1 [ RunTime:0.000691s ]
[2023-10-05T13:03:31+08:00][sql] SELECT * FROM `jm_category` WHERE  `id` = 0 LIMIT 1 [ RunTime:0.000375s ]
[2023-10-05T13:03:31+08:00][sql] SHOW FULL COLUMNS FROM `jm_ad_index` [ RunTime:0.001516s ]
[2023-10-05T13:03:31+08:00][sql] SELECT * FROM `jm_ad_index` WHERE  `g_id` = 52 LIMIT 1 [ RunTime:0.000660s ]
[2023-10-05T13:03:31+08:00][sql] SELECT `id` FROM `jm_page_index` WHERE  `c_id` = 52 LIMIT 1 [ RunTime:0.000403s ]
[2023-10-05T13:03:31+08:00][sql] SELECT * FROM `jm_category` WHERE  `pid` = 52 [ RunTime:0.000361s ]
[2023-10-05T13:03:31+08:00][sql] SELECT * FROM `jm_page_index` WHERE  `c_id` = 76 ORDER BY `sort` ASC [ RunTime:0.000493s ]
[2023-10-05T13:03:31+08:00][sql] CONNECT:[ UseTime:0.000569s ] mysql:host=127.0.0.1;port=3306;dbname=www_fsqf_com;charset=utf8
[2023-10-05T13:03:31+08:00][sql] SHOW FULL COLUMNS FROM `jm_nav` [ RunTime:0.001671s ]
[2023-10-05T13:03:31+08:00][sql] SELECT * FROM `jm_nav` ORDER BY `sort` ASC [ RunTime:0.000449s ]
[2023-10-05T13:03:31+08:00][sql] SHOW FULL COLUMNS FROM `jm_browse_index` [ RunTime:0.001574s ]
[2023-10-05T13:03:31+08:00][sql] SELECT * FROM `jm_browse_index` WHERE  `ip` = '218.74.84.203' ORDER BY `id` DESC LIMIT 1 [ RunTime:0.000508s ]
[2023-10-05T13:03:31+08:00][sql] INSERT INTO `jm_browse_index` SET `cid` = 0 , `url` = '/page/2.html' , `ip` = '218.74.84.203' , `mark` = '519ee92a08dc63f5f46c97f851664194' , `user_agent` = 'Mozilla/5.0 (Windows NT 10.0; Win64; x64) AppleWebKit/537.36 (KHTML, like Gecko) Chrome/53.0.2785.143 Safari/537.36' , `create_time` = '2023-10-05 13:03:31.230457' [ RunTime:0.000537s ]
[2023-10-05T13:03:31+08:00][sql] SHOW FULL COLUMNS FROM `jm_page_index` [ RunTime:0.001898s ]
[2023-10-05T13:03:31+08:00][sql] SELECT * FROM `jm_page_index` WHERE  `id` = 2 LIMIT 1 [ RunTime:0.000684s ]
[2023-10-05T13:03:31+08:00][sql] SHOW FULL COLUMNS FROM `jm_category` [ RunTime:0.002040s ]
[2023-10-05T13:03:31+08:00][sql] SELECT * FROM `jm_category` WHERE  `id` = 75 LIMIT 1 [ RunTime:0.000577s ]
[2023-10-05T13:03:31+08:00][sql] SELECT * FROM `jm_category` WHERE  `id` = 0 LIMIT 1 [ RunTime:0.000373s ]
[2023-10-05T13:03:31+08:00][sql] SHOW FULL COLUMNS FROM `jm_ad_index` [ RunTime:0.001892s ]
[2023-10-05T13:03:31+08:00][sql] SELECT * FROM `jm_ad_index` WHERE  `g_id` = 75 LIMIT 1 [ RunTime:0.000624s ]
[2023-10-05T13:03:31+08:00][sql] SELECT `id` FROM `jm_page_index` WHERE  `c_id` = 75 LIMIT 1 [ RunTime:0.000455s ]
[2023-10-05T13:03:31+08:00][sql] SELECT * FROM `jm_category` WHERE  `pid` = 75 [ RunTime:0.000402s ]
[2023-10-05T13:03:31+08:00][sql] SELECT * FROM `jm_page_index` WHERE  `c_id` = 76 ORDER BY `sort` ASC [ RunTime:0.000425s ]
[2023-10-05T13:03:51+08:00][sql] CONNECT:[ UseTime:0.000928s ] mysql:host=127.0.0.1;port=3306;dbname=www_fsqf_com;charset=utf8
[2023-10-05T13:03:51+08:00][sql] SHOW FULL COLUMNS FROM `jm_nav` [ RunTime:0.002508s ]
[2023-10-05T13:03:51+08:00][sql] SELECT * FROM `jm_nav` ORDER BY `sort` ASC [ RunTime:0.000766s ]
[2023-10-05T13:03:51+08:00][sql] SHOW FULL COLUMNS FROM `jm_browse_index` [ RunTime:0.001972s ]
[2023-10-05T13:03:51+08:00][sql] SELECT * FROM `jm_browse_index` WHERE  `ip` = '218.74.84.203' ORDER BY `id` DESC LIMIT 1 [ RunTime:0.000653s ]
[2023-10-05T13:03:51+08:00][sql] SHOW FULL COLUMNS FROM `jm_page_index` [ RunTime:0.001962s ]
[2023-10-05T13:03:51+08:00][sql] SELECT * FROM `jm_page_index` WHERE  `id` = 2 LIMIT 1 [ RunTime:0.000662s ]
[2023-10-05T13:03:51+08:00][sql] SHOW FULL COLUMNS FROM `jm_category` [ RunTime:0.002028s ]
[2023-10-05T13:03:51+08:00][sql] SELECT * FROM `jm_category` WHERE  `id` = 75 LIMIT 1 [ RunTime:0.000735s ]
[2023-10-05T13:03:51+08:00][sql] SELECT * FROM `jm_category` WHERE  `id` = 0 LIMIT 1 [ RunTime:0.000365s ]
[2023-10-05T13:03:51+08:00][sql] SHOW FULL COLUMNS FROM `jm_ad_index` [ RunTime:0.001315s ]
[2023-10-05T13:03:51+08:00][sql] SELECT * FROM `jm_ad_index` WHERE  `g_id` = 75 LIMIT 1 [ RunTime:0.000468s ]
[2023-10-05T13:03:51+08:00][sql] SELECT `id` FROM `jm_page_index` WHERE  `c_id` = 75 LIMIT 1 [ RunTime:0.000287s ]
[2023-10-05T13:03:51+08:00][sql] SELECT * FROM `jm_category` WHERE  `pid` = 75 [ RunTime:0.000662s ]
[2023-10-05T13:03:51+08:00][sql] SELECT * FROM `jm_page_index` WHERE  `c_id` = 76 ORDER BY `sort` ASC [ RunTime:0.000416s ]
[2023-10-05T13:03:51+08:00][sql] CONNECT:[ UseTime:0.000595s ] mysql:host=127.0.0.1;port=3306;dbname=www_fsqf_com;charset=utf8
[2023-10-05T13:03:51+08:00][sql] SHOW FULL COLUMNS FROM `jm_nav` [ RunTime:0.001512s ]
[2023-10-05T13:03:51+08:00][sql] SELECT * FROM `jm_nav` ORDER BY `sort` ASC [ RunTime:0.000552s ]
[2023-10-05T13:03:51+08:00][sql] SHOW FULL COLUMNS FROM `jm_browse_index` [ RunTime:0.001343s ]
[2023-10-05T13:03:51+08:00][sql] SELECT * FROM `jm_browse_index` WHERE  `ip` = '218.74.84.203' ORDER BY `id` DESC LIMIT 1 [ RunTime:0.000555s ]
[2023-10-05T13:03:51+08:00][sql] INSERT INTO `jm_browse_index` SET `cid` = 0 , `url` = '/page/1.html' , `ip` = '218.74.84.203' , `mark` = '6cd3fabd89e1d3063f59cee4c5bd29c6' , `user_agent` = 'Mozilla/5.0 (Windows NT 10.0; Win64; x64) AppleWebKit/537.36 (KHTML, like Gecko) Chrome/53.0.2785.143 Safari/537.36' , `create_time` = '2023-10-05 13:03:51.374532' [ RunTime:0.000479s ]
[2023-10-05T13:03:51+08:00][sql] SHOW FULL COLUMNS FROM `jm_page_index` [ RunTime:0.001613s ]
[2023-10-05T13:03:51+08:00][sql] SELECT * FROM `jm_page_index` WHERE  `id` = 1 LIMIT 1 [ RunTime:0.000526s ]
[2023-10-05T13:03:51+08:00][sql] SHOW FULL COLUMNS FROM `jm_category` [ RunTime:0.001490s ]
[2023-10-05T13:03:51+08:00][sql] SELECT * FROM `jm_category` WHERE  `id` = 52 LIMIT 1 [ RunTime:0.000497s ]
[2023-10-05T13:03:51+08:00][sql] SELECT * FROM `jm_category` WHERE  `id` = 0 LIMIT 1 [ RunTime:0.000423s ]
[2023-10-05T13:03:51+08:00][sql] SHOW FULL COLUMNS FROM `jm_ad_index` [ RunTime:0.001422s ]
[2023-10-05T13:03:51+08:00][sql] SELECT * FROM `jm_ad_index` WHERE  `g_id` = 52 LIMIT 1 [ RunTime:0.000449s ]
[2023-10-05T13:03:51+08:00][sql] SELECT `id` FROM `jm_page_index` WHERE  `c_id` = 52 LIMIT 1 [ RunTime:0.000336s ]
[2023-10-05T13:03:51+08:00][sql] SELECT * FROM `jm_category` WHERE  `pid` = 52 [ RunTime:0.000346s ]
[2023-10-05T13:03:51+08:00][sql] SELECT * FROM `jm_page_index` WHERE  `c_id` = 76 ORDER BY `sort` ASC [ RunTime:0.000391s ]
