[2023-10-15T02:15:51+08:00][sql] CONNECT:[ UseTime:0.000777s ] mysql:host=127.0.0.1;port=3306;dbname=www_fsqf_com;charset=utf8
[2023-10-15T02:15:51+08:00][sql] SHOW FULL COLUMNS FROM `jm_nav` [ RunTime:0.002390s ]
[2023-10-15T02:15:51+08:00][sql] SELECT * FROM `jm_nav` ORDER BY `sort` ASC [ RunTime:0.000830s ]
[2023-10-15T02:15:51+08:00][sql] SHOW FULL COLUMNS FROM `jm_browse_index` [ RunTime:0.001962s ]
[2023-10-15T02:15:51+08:00][sql] SHOW FULL COLUMNS FROM `jm_news_index` [ RunTime:0.001703s ]
[2023-10-15T02:15:51+08:00][sql] SELECT `c_id` FROM `jm_news_index` WHERE  `id` = 173 LIMIT 1 [ RunTime:0.000838s ]
[2023-10-15T02:15:51+08:00][sql] SELECT * FROM `jm_browse_index` WHERE  `ip` = '101.67.49.60' ORDER BY `id` DESC LIMIT 1 [ RunTime:0.002216s ]
[2023-10-15T02:15:51+08:00][sql] INSERT INTO `jm_browse_index` SET `cid` = 79 , `url` = '/show/173.html' , `ip` = '101.67.49.60' , `mark` = 'c52a9c2b4135a54d99e97a202f2c83a0' , `user_agent` = 'Mozilla/5.0 (Windows NT 6.1; Win64; x64) AppleWebKit/537.36 (KHTML, like Gecko) Chrome/69.0.3497.81 YisouSpider/5.0 Safari/537.36' , `create_time` = '2023-10-15 02:15:51.442072' [ RunTime:0.000619s ]
[2023-10-15T02:15:51+08:00][sql] SELECT * FROM `jm_news_index` WHERE  `id` = 173 LIMIT 1 [ RunTime:0.000547s ]
[2023-10-15T02:15:51+08:00][sql] SHOW FULL COLUMNS FROM `jm_category` [ RunTime:0.001890s ]
[2023-10-15T02:15:51+08:00][sql] SELECT * FROM `jm_category` WHERE  `id` = 79 LIMIT 1 [ RunTime:0.000760s ]
[2023-10-15T02:15:51+08:00][sql] SELECT * FROM `jm_category` WHERE  `id` = 74 LIMIT 1 [ RunTime:0.000394s ]
[2023-10-15T02:15:51+08:00][sql] SHOW FULL COLUMNS FROM `jm_ad_index` [ RunTime:0.001399s ]
[2023-10-15T02:15:51+08:00][sql] SELECT * FROM `jm_ad_index` WHERE  `g_id` = 74 LIMIT 1 [ RunTime:0.000734s ]
[2023-10-15T02:15:51+08:00][sql] SELECT * FROM `jm_category` WHERE  `pid` = 74 [ RunTime:0.000370s ]
[2023-10-15T02:15:51+08:00][sql] SELECT * FROM `jm_news_index` WHERE  `c_id` = 79  AND `id` > 173  AND `status` = 1 LIMIT 1 [ RunTime:0.000482s ]
[2023-10-15T02:15:51+08:00][sql] SELECT * FROM `jm_news_index` WHERE  `c_id` = 79  AND `id` < 173  AND `status` = 1 LIMIT 1 [ RunTime:0.000521s ]
[2023-10-15T02:57:35+08:00][sql] CONNECT:[ UseTime:0.000930s ] mysql:host=127.0.0.1;port=3306;dbname=www_fsqf_com;charset=utf8
[2023-10-15T02:57:35+08:00][sql] SHOW FULL COLUMNS FROM `jm_nav` [ RunTime:0.001977s ]
[2023-10-15T02:57:35+08:00][sql] SELECT * FROM `jm_nav` ORDER BY `sort` ASC [ RunTime:0.000725s ]
[2023-10-15T02:57:35+08:00][sql] SHOW FULL COLUMNS FROM `jm_browse_index` [ RunTime:0.001452s ]
[2023-10-15T02:57:35+08:00][sql] SELECT * FROM `jm_browse_index` WHERE  `ip` = '101.67.49.33' ORDER BY `id` DESC LIMIT 1 [ RunTime:0.001781s ]
[2023-10-15T02:57:35+08:00][sql] INSERT INTO `jm_browse_index` SET `cid` = 0 , `url` = '/' , `ip` = '101.67.49.33' , `mark` = '5b70b821797d5753fe75c06f92bf9b5b' , `user_agent` = 'Mozilla/5.0 (iPhone; CPU iPhone OS 10_3 like Mac OS X) AppleWebKit/602.1.50 (KHTML, like Gecko) CriOS/56.0.2924.75 Mobile/14E5239e YisouSpider/5.0 Safari/602.1' , `create_time` = '2023-10-15 02:57:35.385002' [ RunTime:0.000680s ]
[2023-10-15T02:57:35+08:00][sql] SHOW FULL COLUMNS FROM `jm_news_index` [ RunTime:0.002643s ]
[2023-10-15T02:57:35+08:00][sql] SELECT * FROM `jm_news_index` WHERE  `c_id` = 78  AND `status` = 1 ORDER BY `create_time` DESC LIMIT 5 [ RunTime:0.001128s ]
[2023-10-15T02:57:35+08:00][sql] SELECT * FROM `jm_news_index` WHERE  `c_id` = 79  AND `status` = 1 ORDER BY `create_time` DESC LIMIT 5 [ RunTime:0.000865s ]
[2023-10-15T02:57:35+08:00][sql] SELECT * FROM `jm_news_index` WHERE  `c_id` = 77  AND `status` = 1 ORDER BY `create_time` DESC LIMIT 5 [ RunTime:0.000660s ]
[2023-10-15T08:00:06+08:00][sql] CONNECT:[ UseTime:0.000771s ] mysql:host=127.0.0.1;port=3306;dbname=www_fsqf_com;charset=utf8
[2023-10-15T08:00:06+08:00][sql] SHOW FULL COLUMNS FROM `jm_nav` [ RunTime:0.001962s ]
[2023-10-15T08:00:06+08:00][sql] SELECT * FROM `jm_nav` ORDER BY `sort` ASC [ RunTime:0.000747s ]
[2023-10-15T08:00:06+08:00][sql] SHOW FULL COLUMNS FROM `jm_browse_index` [ RunTime:0.001729s ]
[2023-10-15T08:00:06+08:00][sql] SELECT * FROM `jm_browse_index` WHERE  `ip` = '220.181.108.102' ORDER BY `id` DESC LIMIT 1 [ RunTime:0.001273s ]
[2023-10-15T08:00:06+08:00][sql] INSERT INTO `jm_browse_index` SET `cid` = 74 , `url` = '/list/74.html?page=3' , `ip` = '220.181.108.102' , `mark` = '7ff9105b61070a2779cf259c09799095' , `user_agent` = 'Mozilla/5.0 (compatible; Baiduspider/2.0; +http://www.baidu.com/search/spider.html)' , `create_time` = '2023-10-15 08:00:06.712050' [ RunTime:0.000759s ]
[2023-10-15T08:00:06+08:00][sql] SHOW FULL COLUMNS FROM `jm_category` [ RunTime:0.002955s ]
[2023-10-15T08:00:06+08:00][sql] SELECT `pid` FROM `jm_category` WHERE  `id` = 74 LIMIT 1 [ RunTime:0.000948s ]
[2023-10-15T08:00:06+08:00][sql] SELECT `id` FROM `jm_category` WHERE  `pid` = 74 [ RunTime:0.000433s ]
[2023-10-15T08:00:06+08:00][sql] SHOW FULL COLUMNS FROM `jm_news_index` [ RunTime:0.002314s ]
[2023-10-15T08:00:06+08:00][sql] SELECT COUNT(*) AS think_count FROM `jm_news_index` WHERE  `status` = 1  AND `c_id` IN (77,78,79) LIMIT 1 [ RunTime:0.001106s ]
[2023-10-15T08:00:06+08:00][sql] SELECT * FROM `jm_news_index` WHERE  `status` = 1  AND `c_id` IN (77,78,79) ORDER BY `create_time` DESC LIMIT 10,5 [ RunTime:0.000776s ]
[2023-10-15T08:00:06+08:00][sql] SELECT * FROM `jm_category` WHERE  `id` = 74 LIMIT 1 [ RunTime:0.000394s ]
[2023-10-15T08:00:06+08:00][sql] SELECT * FROM `jm_category` WHERE  `id` = 0 LIMIT 1 [ RunTime:0.000397s ]
[2023-10-15T08:00:06+08:00][sql] SHOW FULL COLUMNS FROM `jm_ad_index` [ RunTime:0.001608s ]
[2023-10-15T08:00:06+08:00][sql] SELECT * FROM `jm_ad_index` WHERE  `g_id` = 74 LIMIT 1 [ RunTime:0.000676s ]
[2023-10-15T08:00:06+08:00][sql] SELECT * FROM `jm_category` WHERE  `pid` = 74 ORDER BY `sort` ASC [ RunTime:0.000422s ]
[2023-10-15T08:33:26+08:00][sql] CONNECT:[ UseTime:0.000888s ] mysql:host=127.0.0.1;port=3306;dbname=www_fsqf_com;charset=utf8
[2023-10-15T08:33:26+08:00][sql] SHOW FULL COLUMNS FROM `jm_nav` [ RunTime:0.001968s ]
[2023-10-15T08:33:26+08:00][sql] SELECT * FROM `jm_nav` ORDER BY `sort` ASC [ RunTime:0.000551s ]
[2023-10-15T08:33:26+08:00][sql] SHOW FULL COLUMNS FROM `jm_browse_index` [ RunTime:0.001469s ]
[2023-10-15T08:33:26+08:00][sql] SELECT * FROM `jm_browse_index` WHERE  `ip` = '220.181.108.110' ORDER BY `id` DESC LIMIT 1 [ RunTime:0.001688s ]
[2023-10-15T08:33:26+08:00][sql] INSERT INTO `jm_browse_index` SET `cid` = 74 , `url` = '/list/74.html?page=1' , `ip` = '220.181.108.110' , `mark` = '4c6d82b0f05ecb96b68df280cbc2ac85' , `user_agent` = 'Mozilla/5.0 (compatible; Baiduspider/2.0; +http://www.baidu.com/search/spider.html)' , `create_time` = '2023-10-15 08:33:26.698927' [ RunTime:0.000527s ]
[2023-10-15T08:33:26+08:00][sql] SHOW FULL COLUMNS FROM `jm_category` [ RunTime:0.002907s ]
[2023-10-15T08:33:26+08:00][sql] SELECT `pid` FROM `jm_category` WHERE  `id` = 74 LIMIT 1 [ RunTime:0.000643s ]
[2023-10-15T08:33:26+08:00][sql] SELECT `id` FROM `jm_category` WHERE  `pid` = 74 [ RunTime:0.000524s ]
[2023-10-15T08:33:26+08:00][sql] SHOW FULL COLUMNS FROM `jm_news_index` [ RunTime:0.002396s ]
[2023-10-15T08:33:26+08:00][sql] SELECT COUNT(*) AS think_count FROM `jm_news_index` WHERE  `status` = 1  AND `c_id` IN (77,78,79) LIMIT 1 [ RunTime:0.000792s ]
[2023-10-15T08:33:26+08:00][sql] SELECT * FROM `jm_news_index` WHERE  `status` = 1  AND `c_id` IN (77,78,79) ORDER BY `create_time` DESC LIMIT 0,5 [ RunTime:0.000958s ]
[2023-10-15T08:33:26+08:00][sql] SELECT * FROM `jm_category` WHERE  `id` = 74 LIMIT 1 [ RunTime:0.000501s ]
[2023-10-15T08:33:26+08:00][sql] SELECT * FROM `jm_category` WHERE  `id` = 0 LIMIT 1 [ RunTime:0.000420s ]
[2023-10-15T08:33:26+08:00][sql] SHOW FULL COLUMNS FROM `jm_ad_index` [ RunTime:0.001642s ]
[2023-10-15T08:33:26+08:00][sql] SELECT * FROM `jm_ad_index` WHERE  `g_id` = 74 LIMIT 1 [ RunTime:0.000647s ]
[2023-10-15T08:33:26+08:00][sql] SELECT * FROM `jm_category` WHERE  `pid` = 74 ORDER BY `sort` ASC [ RunTime:0.000522s ]
[2023-10-15T08:33:58+08:00][sql] CONNECT:[ UseTime:0.000783s ] mysql:host=127.0.0.1;port=3306;dbname=www_fsqf_com;charset=utf8
[2023-10-15T08:33:58+08:00][sql] SHOW FULL COLUMNS FROM `jm_nav` [ RunTime:0.001910s ]
[2023-10-15T08:33:58+08:00][sql] SELECT * FROM `jm_nav` ORDER BY `sort` ASC [ RunTime:0.000629s ]
[2023-10-15T08:33:58+08:00][sql] SHOW FULL COLUMNS FROM `jm_browse_index` [ RunTime:0.001414s ]
[2023-10-15T08:33:58+08:00][sql] SELECT * FROM `jm_browse_index` WHERE  `ip` = '220.181.108.82' ORDER BY `id` DESC LIMIT 1 [ RunTime:0.000935s ]
[2023-10-15T08:33:58+08:00][sql] INSERT INTO `jm_browse_index` SET `cid` = 74 , `url` = '/list/74.html?page=1' , `ip` = '220.181.108.82' , `mark` = '5a185ab8c5e4eb2b3ffe95ad21ce4b64' , `user_agent` = 'Mozilla/5.0 (compatible; Baiduspider/2.0; +http://www.baidu.com/search/spider.html)' , `create_time` = '2023-10-15 08:33:58.206610' [ RunTime:0.000659s ]
[2023-10-15T08:33:58+08:00][sql] SHOW FULL COLUMNS FROM `jm_category` [ RunTime:0.001882s ]
[2023-10-15T08:33:58+08:00][sql] SELECT `pid` FROM `jm_category` WHERE  `id` = 74 LIMIT 1 [ RunTime:0.000477s ]
[2023-10-15T08:33:58+08:00][sql] SELECT `id` FROM `jm_category` WHERE  `pid` = 74 [ RunTime:0.000298s ]
[2023-10-15T08:33:58+08:00][sql] SHOW FULL COLUMNS FROM `jm_news_index` [ RunTime:0.001496s ]
[2023-10-15T08:33:58+08:00][sql] SELECT COUNT(*) AS think_count FROM `jm_news_index` WHERE  `status` = 1  AND `c_id` IN (77,78,79) LIMIT 1 [ RunTime:0.000573s ]
[2023-10-15T08:33:58+08:00][sql] SELECT * FROM `jm_news_index` WHERE  `status` = 1  AND `c_id` IN (77,78,79) ORDER BY `create_time` DESC LIMIT 0,5 [ RunTime:0.000700s ]
[2023-10-15T08:33:58+08:00][sql] SELECT * FROM `jm_category` WHERE  `id` = 74 LIMIT 1 [ RunTime:0.000449s ]
[2023-10-15T08:33:58+08:00][sql] SELECT * FROM `jm_category` WHERE  `id` = 0 LIMIT 1 [ RunTime:0.000285s ]
[2023-10-15T08:33:58+08:00][sql] SHOW FULL COLUMNS FROM `jm_ad_index` [ RunTime:0.001538s ]
[2023-10-15T08:33:58+08:00][sql] SELECT * FROM `jm_ad_index` WHERE  `g_id` = 74 LIMIT 1 [ RunTime:0.000666s ]
[2023-10-15T08:33:58+08:00][sql] SELECT * FROM `jm_category` WHERE  `pid` = 74 ORDER BY `sort` ASC [ RunTime:0.000383s ]
[2023-10-15T10:24:33+08:00][sql] CONNECT:[ UseTime:0.000887s ] mysql:host=127.0.0.1;port=3306;dbname=www_fsqf_com;charset=utf8
[2023-10-15T10:24:33+08:00][sql] SHOW FULL COLUMNS FROM `jm_nav` [ RunTime:0.002047s ]
[2023-10-15T10:24:33+08:00][sql] SELECT * FROM `jm_nav` ORDER BY `sort` ASC [ RunTime:0.000981s ]
[2023-10-15T10:24:33+08:00][sql] SHOW FULL COLUMNS FROM `jm_browse_index` [ RunTime:0.001698s ]
[2023-10-15T10:24:33+08:00][sql] SELECT * FROM `jm_browse_index` WHERE  `ip` = '124.71.166.204' ORDER BY `id` DESC LIMIT 1 [ RunTime:0.000799s ]
[2023-10-15T10:24:33+08:00][sql] INSERT INTO `jm_browse_index` SET `cid` = 0 , `url` = '/' , `ip` = '124.71.166.204' , `mark` = '56f1b8560ae990fb91480df96abbdf04' , `user_agent` = 'Mozilla/5.0 (Windows NT 5.4; Win64; x64) AppleWebKit/537.36 (KHTML, like Gecko) Chrome/76.0.3288.88 Safari/537.36' , `create_time` = '2023-10-15 10:24:33.687896' [ RunTime:0.000618s ]
[2023-10-15T10:24:33+08:00][sql] SHOW FULL COLUMNS FROM `jm_news_index` [ RunTime:0.002684s ]
[2023-10-15T10:24:33+08:00][sql] SELECT * FROM `jm_news_index` WHERE  `c_id` = 78  AND `status` = 1 ORDER BY `create_time` DESC LIMIT 5 [ RunTime:0.001256s ]
[2023-10-15T10:24:33+08:00][sql] SELECT * FROM `jm_news_index` WHERE  `c_id` = 79  AND `status` = 1 ORDER BY `create_time` DESC LIMIT 5 [ RunTime:0.000963s ]
[2023-10-15T10:24:33+08:00][sql] SELECT * FROM `jm_news_index` WHERE  `c_id` = 77  AND `status` = 1 ORDER BY `create_time` DESC LIMIT 5 [ RunTime:0.000762s ]
[2023-10-15T10:24:33+08:00][sql] CONNECT:[ UseTime:0.000721s ] mysql:host=127.0.0.1;port=3306;dbname=www_fsqf_com;charset=utf8
[2023-10-15T10:24:33+08:00][sql] SHOW FULL COLUMNS FROM `jm_nav` [ RunTime:0.001831s ]
[2023-10-15T10:24:33+08:00][sql] SELECT * FROM `jm_nav` ORDER BY `sort` ASC [ RunTime:0.000595s ]
[2023-10-15T10:24:33+08:00][sql] SHOW FULL COLUMNS FROM `jm_browse_index` [ RunTime:0.001467s ]
[2023-10-15T10:24:33+08:00][sql] SELECT * FROM `jm_browse_index` WHERE  `ip` = '124.71.166.204' ORDER BY `id` DESC LIMIT 1 [ RunTime:0.000485s ]
[2023-10-15T10:24:33+08:00][sql] INSERT INTO `jm_browse_index` SET `cid` = 0 , `url` = '/page/2.html' , `ip` = '124.71.166.204' , `mark` = '1170dc7d8e466b601d7add165df65ca2' , `user_agent` = 'Mozilla/5.0 (Windows NT 6.5; Win64; x64) AppleWebKit/537.36 (KHTML, like Gecko) Chrome/70.0.3709.88 Safari/537.36' , `create_time` = '2023-10-15 10:24:33.795206' [ RunTime:0.000652s ]
[2023-10-15T10:24:33+08:00][sql] SHOW FULL COLUMNS FROM `jm_page_index` [ RunTime:0.001883s ]
[2023-10-15T10:24:33+08:00][sql] SELECT * FROM `jm_page_index` WHERE  `id` = 2 LIMIT 1 [ RunTime:0.000841s ]
[2023-10-15T10:24:33+08:00][sql] SHOW FULL COLUMNS FROM `jm_category` [ RunTime:0.002192s ]
[2023-10-15T10:24:33+08:00][sql] SELECT * FROM `jm_category` WHERE  `id` = 75 LIMIT 1 [ RunTime:0.000636s ]
[2023-10-15T10:24:33+08:00][sql] SELECT * FROM `jm_category` WHERE  `id` = 0 LIMIT 1 [ RunTime:0.000335s ]
[2023-10-15T10:24:33+08:00][sql] SHOW FULL COLUMNS FROM `jm_ad_index` [ RunTime:0.001380s ]
[2023-10-15T10:24:33+08:00][sql] SELECT * FROM `jm_ad_index` WHERE  `g_id` = 75 LIMIT 1 [ RunTime:0.000569s ]
[2023-10-15T10:24:33+08:00][sql] SELECT `id` FROM `jm_page_index` WHERE  `c_id` = 75 LIMIT 1 [ RunTime:0.000263s ]
[2023-10-15T10:24:33+08:00][sql] SELECT * FROM `jm_category` WHERE  `pid` = 75 [ RunTime:0.000262s ]
[2023-10-15T10:24:33+08:00][sql] SELECT * FROM `jm_page_index` WHERE  `c_id` = 76 ORDER BY `sort` ASC [ RunTime:0.000349s ]
[2023-10-15T18:34:19+08:00][sql] CONNECT:[ UseTime:0.000785s ] mysql:host=127.0.0.1;port=3306;dbname=www_fsqf_com;charset=utf8
[2023-10-15T18:34:19+08:00][sql] SHOW FULL COLUMNS FROM `jm_nav` [ RunTime:0.001800s ]
[2023-10-15T18:34:19+08:00][sql] SELECT * FROM `jm_nav` ORDER BY `sort` ASC [ RunTime:0.000691s ]
[2023-10-15T18:34:19+08:00][sql] SHOW FULL COLUMNS FROM `jm_browse_index` [ RunTime:0.001507s ]
[2023-10-15T18:34:19+08:00][sql] SELECT * FROM `jm_browse_index` WHERE  `ip` = '116.179.32.178' ORDER BY `id` DESC LIMIT 1 [ RunTime:0.001890s ]
[2023-10-15T18:34:19+08:00][sql] INSERT INTO `jm_browse_index` SET `cid` = 0 , `url` = '/page/11.html' , `ip` = '116.179.32.178' , `mark` = '81a3207b53c5a99d691a3125e129905b' , `user_agent` = 'Mozilla/5.0 (compatible; Baiduspider/2.0; +http://www.baidu.com/search/spider.html)' , `create_time` = '2023-10-15 18:34:19.011070' [ RunTime:0.000445s ]
[2023-10-15T18:34:19+08:00][sql] SHOW FULL COLUMNS FROM `jm_page_index` [ RunTime:0.001696s ]
[2023-10-15T18:34:19+08:00][sql] SELECT * FROM `jm_page_index` WHERE  `id` = 11 LIMIT 1 [ RunTime:0.000664s ]
[2023-10-15T18:34:19+08:00][sql] SHOW FULL COLUMNS FROM `jm_category` [ RunTime:0.001554s ]
[2023-10-15T18:34:19+08:00][sql] SELECT * FROM `jm_category` WHERE  `id` = 76 LIMIT 1 [ RunTime:0.000599s ]
[2023-10-15T18:34:19+08:00][sql] SELECT * FROM `jm_category` WHERE  `id` = 0 LIMIT 1 [ RunTime:0.000415s ]
[2023-10-15T18:34:19+08:00][sql] SHOW FULL COLUMNS FROM `jm_ad_index` [ RunTime:0.001479s ]
[2023-10-15T18:34:19+08:00][sql] SELECT * FROM `jm_ad_index` WHERE  `g_id` = 76 LIMIT 1 [ RunTime:0.000532s ]
[2023-10-15T18:34:19+08:00][sql] SELECT `id` FROM `jm_page_index` WHERE  `c_id` = 76 LIMIT 1 [ RunTime:0.000364s ]
[2023-10-15T18:34:19+08:00][sql] SELECT * FROM `jm_category` WHERE  `pid` = 76 [ RunTime:0.001081s ]
[2023-10-15T18:34:19+08:00][sql] SELECT * FROM `jm_page_index` WHERE  `c_id` = 76 ORDER BY `sort` ASC [ RunTime:0.000431s ]
[2023-10-15T21:16:54+08:00][sql] CONNECT:[ UseTime:0.000914s ] mysql:host=127.0.0.1;port=3306;dbname=www_fsqf_com;charset=utf8
[2023-10-15T21:16:54+08:00][sql] SHOW FULL COLUMNS FROM `jm_nav` [ RunTime:0.002059s ]
[2023-10-15T21:16:54+08:00][sql] SELECT * FROM `jm_nav` ORDER BY `sort` ASC [ RunTime:0.000728s ]
[2023-10-15T21:16:54+08:00][sql] SHOW FULL COLUMNS FROM `jm_browse_index` [ RunTime:0.001373s ]
[2023-10-15T21:16:54+08:00][sql] SHOW FULL COLUMNS FROM `jm_news_index` [ RunTime:0.001599s ]
[2023-10-15T21:16:54+08:00][sql] SELECT `c_id` FROM `jm_news_index` WHERE  `id` = 176 LIMIT 1 [ RunTime:0.000665s ]
[2023-10-15T21:16:54+08:00][sql] SELECT * FROM `jm_browse_index` WHERE  `ip` = '220.181.108.165' ORDER BY `id` DESC LIMIT 1 [ RunTime:0.001025s ]
[2023-10-15T21:16:54+08:00][sql] INSERT INTO `jm_browse_index` SET `cid` = 78 , `url` = '/show/176.html' , `ip` = '220.181.108.165' , `mark` = 'ebf7f3d3a31a32ef3724318bbf5840fe' , `user_agent` = 'Mozilla/5.0 (compatible; Baiduspider/2.0; +http://www.baidu.com/search/spider.html)' , `create_time` = '2023-10-15 21:16:54.837099' [ RunTime:0.000512s ]
[2023-10-15T21:16:54+08:00][sql] SELECT * FROM `jm_news_index` WHERE  `id` = 176 LIMIT 1 [ RunTime:0.000596s ]
[2023-10-15T21:16:54+08:00][sql] SHOW FULL COLUMNS FROM `jm_category` [ RunTime:0.001841s ]
[2023-10-15T21:16:54+08:00][sql] SELECT * FROM `jm_category` WHERE  `id` = 78 LIMIT 1 [ RunTime:0.000755s ]
[2023-10-15T21:16:54+08:00][sql] SELECT * FROM `jm_category` WHERE  `id` = 74 LIMIT 1 [ RunTime:0.000375s ]
[2023-10-15T21:16:54+08:00][sql] SHOW FULL COLUMNS FROM `jm_ad_index` [ RunTime:0.001516s ]
[2023-10-15T21:16:54+08:00][sql] SELECT * FROM `jm_ad_index` WHERE  `g_id` = 74 LIMIT 1 [ RunTime:0.000668s ]
[2023-10-15T21:16:54+08:00][sql] SELECT * FROM `jm_category` WHERE  `pid` = 74 [ RunTime:0.000501s ]
[2023-10-15T21:16:54+08:00][sql] SELECT * FROM `jm_news_index` WHERE  `c_id` = 78  AND `id` > 176  AND `status` = 1 LIMIT 1 [ RunTime:0.000591s ]
[2023-10-15T21:16:54+08:00][sql] SELECT * FROM `jm_news_index` WHERE  `c_id` = 78  AND `id` < 176  AND `status` = 1 LIMIT 1 [ RunTime:0.000635s ]
[2023-10-15T23:08:25+08:00][sql] CONNECT:[ UseTime:0.000843s ] mysql:host=127.0.0.1;port=3306;dbname=www_fsqf_com;charset=utf8
[2023-10-15T23:08:25+08:00][sql] SHOW FULL COLUMNS FROM `jm_nav` [ RunTime:0.002645s ]
[2023-10-15T23:08:25+08:00][sql] SELECT * FROM `jm_nav` ORDER BY `sort` ASC [ RunTime:0.001050s ]
[2023-10-15T23:08:25+08:00][sql] SHOW FULL COLUMNS FROM `jm_browse_index` [ RunTime:0.001629s ]
[2023-10-15T23:08:25+08:00][sql] SELECT * FROM `jm_browse_index` WHERE  `ip` = '101.67.50.68' ORDER BY `id` DESC LIMIT 1 [ RunTime:0.001848s ]
[2023-10-15T23:08:25+08:00][sql] INSERT INTO `jm_browse_index` SET `cid` = 74 , `url` = '/list/74.html?page=2' , `ip` = '101.67.50.68' , `mark` = '9d5ed19a334acd494140108bed44a061' , `user_agent` = 'Mozilla/5.0 (Windows NT 6.1; Win64; x64) AppleWebKit/537.36 (KHTML, like Gecko) Chrome/69.0.3497.81 YisouSpider/5.0 Safari/537.36' , `create_time` = '2023-10-15 23:08:25.058544' [ RunTime:0.000706s ]
[2023-10-15T23:08:25+08:00][sql] SHOW FULL COLUMNS FROM `jm_category` [ RunTime:0.002360s ]
[2023-10-15T23:08:25+08:00][sql] SELECT `pid` FROM `jm_category` WHERE  `id` = 74 LIMIT 1 [ RunTime:0.001040s ]
[2023-10-15T23:08:25+08:00][sql] SELECT `id` FROM `jm_category` WHERE  `pid` = 74 [ RunTime:0.000441s ]
[2023-10-15T23:08:25+08:00][sql] SHOW FULL COLUMNS FROM `jm_news_index` [ RunTime:0.001892s ]
[2023-10-15T23:08:25+08:00][sql] SELECT COUNT(*) AS think_count FROM `jm_news_index` WHERE  `status` = 1  AND `c_id` IN (77,78,79) LIMIT 1 [ RunTime:0.000945s ]
[2023-10-15T23:08:25+08:00][sql] SELECT * FROM `jm_news_index` WHERE  `status` = 1  AND `c_id` IN (77,78,79) ORDER BY `create_time` DESC LIMIT 5,5 [ RunTime:0.001628s ]
[2023-10-15T23:08:25+08:00][sql] SELECT * FROM `jm_category` WHERE  `id` = 74 LIMIT 1 [ RunTime:0.000590s ]
[2023-10-15T23:08:25+08:00][sql] SELECT * FROM `jm_category` WHERE  `id` = 0 LIMIT 1 [ RunTime:0.000433s ]
[2023-10-15T23:08:25+08:00][sql] SHOW FULL COLUMNS FROM `jm_ad_index` [ RunTime:0.002490s ]
[2023-10-15T23:08:25+08:00][sql] SELECT * FROM `jm_ad_index` WHERE  `g_id` = 74 LIMIT 1 [ RunTime:0.002137s ]
[2023-10-15T23:08:25+08:00][sql] SELECT * FROM `jm_category` WHERE  `pid` = 74 ORDER BY `sort` ASC [ RunTime:0.000393s ]
