[2023-08-15T20:59:07+08:00][sql] CONNECT:[ UseTime:0.000644s ] mysql:host=127.0.0.1;port=3306;dbname=www_fsqf_com;charset=utf8
[2023-08-15T20:59:07+08:00][sql] SHOW FULL COLUMNS FROM `jm_admin_admin` [ RunTime:0.003129s ]
[2023-08-15T20:59:07+08:00][sql] SELECT * FROM `jm_admin_admin` WHERE (  `username` = 'admin'  AND `password` = 'adc3949ba59abbe56e057f20f8'  AND `status` = 1 ) AND `jm_admin_admin`.`delete_time` IS NULL LIMIT 1 [ RunTime:0.001169s ]
[2023-08-15T20:59:07+08:00][sql] UPDATE `jm_admin_admin`  SET `token` = 'uFNNdQHmZfWvOqyOKDbGzzaWwwtE3Q9a11692104347.0678' , `update_time` = '2023-08-15 20:59:07.067801'  WHERE (  `id` = 1 ) AND `jm_admin_admin`.`delete_time` IS NULL [ RunTime:0.000493s ]
[2023-08-15T20:59:07+08:00][sql] SELECT * FROM `jm_admin_admin` WHERE (  `id` = 1 ) AND `jm_admin_admin`.`delete_time` IS NULL LIMIT 1 [ RunTime:0.000398s ]
[2023-08-15T20:59:07+08:00][sql] SHOW FULL COLUMNS FROM `jm_admin_role` [ RunTime:0.001789s ]
[2023-08-15T20:59:07+08:00][sql] SHOW FULL COLUMNS FROM `jm_admin_admin_role` [ RunTime:0.001618s ]
[2023-08-15T20:59:07+08:00][sql] SELECT `jm_admin_role`.*,`pivot`.`id` AS `pivot__id`,`pivot`.`admin_id` AS `pivot__admin_id`,`pivot`.`role_id` AS `pivot__role_id` FROM `jm_admin_role` INNER JOIN `jm_admin_admin_role` `pivot` ON `pivot`.`role_id`=`jm_admin_role`.`id` WHERE (  `pivot`.`admin_id` = '1' ) AND `jm_admin_role`.`delete_time` IS NULL [ RunTime:0.001727s ]
[2023-08-15T20:59:07+08:00][sql] SHOW FULL COLUMNS FROM `jm_admin_permission` [ RunTime:0.001725s ]
[2023-08-15T20:59:07+08:00][sql] SHOW FULL COLUMNS FROM `jm_admin_admin_permission` [ RunTime:0.001441s ]
[2023-08-15T20:59:07+08:00][sql] SELECT `jm_admin_permission`.*,`pivot`.`id` AS `pivot__id`,`pivot`.`admin_id` AS `pivot__admin_id`,`pivot`.`permission_id` AS `pivot__permission_id` FROM `jm_admin_permission` INNER JOIN `jm_admin_admin_permission` `pivot` ON `pivot`.`permission_id`=`jm_admin_permission`.`id` WHERE  `pivot`.`admin_id` = '1' [ RunTime:0.001571s ]
[2023-08-15T20:59:07+08:00][sql] SELECT * FROM `jm_admin_permission` ORDER BY `sort` ASC [ RunTime:0.000404s ]
[2023-08-15T20:59:07+08:00][sql] SHOW FULL COLUMNS FROM `jm_admin_admin_log` [ RunTime:0.002223s ]
[2023-08-15T20:59:07+08:00][sql] SELECT * FROM `jm_admin_admin_log` WHERE  `uid` = 1 ORDER BY `id` DESC LIMIT 1 [ RunTime:0.001018s ]
[2023-08-15T20:59:07+08:00][sql] INSERT INTO `jm_admin_admin_log` SET `uid` = 1 , `url` = '/admin.php/login/index' , `desc` = '{\"username\":\"admin\",\"captcha\":\"ygxp\"}' , `ip` = '183.218.145.149' , `user_agent` = 'Mozilla/5.0 (Windows NT 10.0; WOW64) AppleWebKit/537.36 (KHTML, like Gecko) Chrome/86.0.4240.198 Safari/537.36' , `create_time` = '2023-08-15 20:59:07.098305' [ RunTime:0.000408s ]
[2023-08-15T20:59:08+08:00][sql] CONNECT:[ UseTime:0.000727s ] mysql:host=127.0.0.1;port=3306;dbname=www_fsqf_com;charset=utf8
[2023-08-15T20:59:08+08:00][sql] SHOW FULL COLUMNS FROM `jm_admin_admin_log` [ RunTime:0.001664s ]
[2023-08-15T20:59:08+08:00][sql] SELECT * FROM `jm_admin_admin_log` WHERE  `uid` = 1 ORDER BY `id` DESC LIMIT 1 [ RunTime:0.000576s ]
[2023-08-15T20:59:08+08:00][sql] INSERT INTO `jm_admin_admin_log` SET `uid` = 1 , `url` = '/admin.php' , `desc` = '[]' , `ip` = '183.218.145.149' , `user_agent` = 'Mozilla/5.0 (Windows NT 10.0; WOW64) AppleWebKit/537.36 (KHTML, like Gecko) Chrome/86.0.4240.198 Safari/537.36' , `create_time` = '2023-08-15 20:59:08.524117' [ RunTime:0.000375s ]
[2023-08-15T20:59:08+08:00][sql] SHOW FULL COLUMNS FROM `jm_admin_admin` [ RunTime:0.001295s ]
[2023-08-15T20:59:08+08:00][sql] SELECT `nickname` FROM `jm_admin_admin` WHERE  `id` = 1 ORDER BY `id` DESC LIMIT 1 [ RunTime:0.000499s ]
[2023-08-15T20:59:09+08:00][sql] CONNECT:[ UseTime:0.000651s ] mysql:host=127.0.0.1;port=3306;dbname=www_fsqf_com;charset=utf8
[2023-08-15T20:59:09+08:00][sql] SHOW FULL COLUMNS FROM `jm_admin_admin_log` [ RunTime:0.001633s ]
[2023-08-15T20:59:09+08:00][sql] CONNECT:[ UseTime:0.000549s ] mysql:host=127.0.0.1;port=3306;dbname=www_fsqf_com;charset=utf8
[2023-08-15T20:59:09+08:00][sql] SHOW FULL COLUMNS FROM `jm_admin_admin_log` [ RunTime:0.001540s ]
[2023-08-15T20:59:09+08:00][sql] SELECT * FROM `jm_admin_admin_log` WHERE  `uid` = 1 ORDER BY `id` DESC LIMIT 1 [ RunTime:0.000470s ]
[2023-08-15T20:59:09+08:00][sql] INSERT INTO `jm_admin_admin_log` SET `uid` = 1 , `url` = '/admin.php/index/home' , `desc` = '[]' , `ip` = '183.218.145.149' , `user_agent` = 'Mozilla/5.0 (Windows NT 10.0; WOW64) AppleWebKit/537.36 (KHTML, like Gecko) Chrome/86.0.4240.198 Safari/537.36' , `create_time` = '2023-08-15 20:59:09.053541' [ RunTime:0.000405s ]
[2023-08-15T20:59:09+08:00][sql] SHOW FULL COLUMNS FROM `jm_browse_index` [ RunTime:0.001317s ]
[2023-08-15T20:59:09+08:00][sql] SELECT COUNT(*) AS think_count FROM `jm_browse_index` WHERE  `create_time` BETWEEN '2023-08-15 00:00:00' AND '2023-08-15 23:59:59'  LIMIT 1 [ RunTime:0.000513s ]
[2023-08-15T20:59:09+08:00][sql] SELECT COUNT(*) AS think_count FROM `jm_browse_index` WHERE  `create_time` BETWEEN '2023-08-14 00:00:00' AND '2023-08-14 23:59:59'  LIMIT 1 [ RunTime:0.000293s ]
[2023-08-15T20:59:09+08:00][sql] SELECT COUNT(*) AS think_count FROM `jm_browse_index` WHERE  `create_time` BETWEEN '2023-08-13 00:00:00' AND '2023-08-13 23:59:59'  LIMIT 1 [ RunTime:0.000333s ]
[2023-08-15T20:59:09+08:00][sql] SELECT COUNT(*) AS think_count FROM `jm_browse_index` WHERE  `create_time` BETWEEN '2023-08-12 00:00:00' AND '2023-08-12 23:59:59'  LIMIT 1 [ RunTime:0.000397s ]
[2023-08-15T20:59:09+08:00][sql] SELECT COUNT(*) AS think_count FROM `jm_browse_index` WHERE  `create_time` BETWEEN '2023-08-11 00:00:00' AND '2023-08-11 23:59:59'  LIMIT 1 [ RunTime:0.000295s ]
[2023-08-15T20:59:09+08:00][sql] SELECT COUNT(*) AS think_count FROM `jm_browse_index` WHERE  `create_time` BETWEEN '2023-08-10 00:00:00' AND '2023-08-10 23:59:59'  LIMIT 1 [ RunTime:0.000274s ]
[2023-08-15T20:59:09+08:00][sql] SELECT COUNT(*) AS think_count FROM `jm_browse_index` WHERE  `create_time` BETWEEN '2023-08-09 00:00:00' AND '2023-08-09 23:59:59'  LIMIT 1 [ RunTime:0.000333s ]
[2023-08-15T20:59:09+08:00][sql] SELECT COUNT(*) AS think_count FROM `jm_browse_index` WHERE  `cid` = 0 LIMIT 1 [ RunTime:0.000268s ]
[2023-08-15T20:59:09+08:00][sql] SHOW FULL COLUMNS FROM `jm_category` [ RunTime:0.002633s ]
[2023-08-15T20:59:09+08:00][sql] SELECT `id`,`title` FROM `jm_category` WHERE  `pid` > 0 [ RunTime:0.001051s ]
[2023-08-15T20:59:09+08:00][sql] SELECT COUNT(*) AS think_count FROM `jm_browse_index` WHERE  `cid` = 77 LIMIT 1 [ RunTime:0.000300s ]
[2023-08-15T20:59:09+08:00][sql] SELECT COUNT(*) AS think_count FROM `jm_browse_index` WHERE  `cid` = 78 LIMIT 1 [ RunTime:0.000261s ]
[2023-08-15T20:59:09+08:00][sql] SELECT COUNT(*) AS think_count FROM `jm_browse_index` WHERE  `cid` = 79 LIMIT 1 [ RunTime:0.000269s ]
[2023-08-15T20:59:09+08:00][sql] SELECT COUNT(*) AS think_count FROM `jm_category` WHERE  `pid` > 0 LIMIT 1 [ RunTime:0.000331s ]
[2023-08-15T20:59:09+08:00][sql] SHOW FULL COLUMNS FROM `jm_news_index` [ RunTime:0.001383s ]
[2023-08-15T20:59:09+08:00][sql] SELECT COUNT(*) AS think_count FROM `jm_news_index` LIMIT 1 [ RunTime:0.001055s ]
[2023-08-15T20:59:09+08:00][sql] SHOW FULL COLUMNS FROM `jm_images_index` [ RunTime:0.001867s ]
[2023-08-15T20:59:09+08:00][sql] SELECT COUNT(*) AS think_count FROM `jm_images_index` LIMIT 1 [ RunTime:0.001506s ]
[2023-08-15T20:59:09+08:00][sql] SELECT VERSION() as mysql_version [ RunTime:0.000227s ]
