[2024-04-16T01:13:25+08:00][sql] CONNECT:[ UseTime:0.000738s ] mysql:host=127.0.0.1;port=3306;dbname=www_fsqf_com;charset=utf8
[2024-04-16T01:13:25+08:00][sql] SHOW FULL COLUMNS FROM `jm_nav` [ RunTime:0.002111s ]
[2024-04-16T01:13:25+08:00][sql] SELECT * FROM `jm_nav` ORDER BY `sort` ASC [ RunTime:0.000784s ]
[2024-04-16T01:13:25+08:00][sql] SHOW FULL COLUMNS FROM `jm_browse_index` [ RunTime:0.001570s ]
[2024-04-16T01:13:25+08:00][sql] SELECT * FROM `jm_browse_index` WHERE  `ip` = '124.160.170.161' ORDER BY `id` DESC LIMIT 1 [ RunTime:0.000782s ]
[2024-04-16T01:13:25+08:00][sql] INSERT INTO `jm_browse_index` SET `cid` = 74 , `url` = '/list/74.html?page=2' , `ip` = '124.160.170.161' , `mark` = 'c0eba723fb3779aac6525d3daade5b3b' , `user_agent` = 'Mozilla/5.0 (Windows NT 6.1; Win64; x64) AppleWebKit/537.36 (KHTML, like Gecko) Chrome/69.0.3497.81 YisouSpider/5.0 Safari/537.36' , `create_time` = '2024-04-16 01:13:25.631347' [ RunTime:0.000438s ]
[2024-04-16T01:13:25+08:00][sql] SHOW FULL COLUMNS FROM `jm_category` [ RunTime:0.001732s ]
[2024-04-16T01:13:25+08:00][sql] SELECT `pid` FROM `jm_category` WHERE  `id` = 74 LIMIT 1 [ RunTime:0.000682s ]
[2024-04-16T01:13:25+08:00][sql] SELECT `id` FROM `jm_category` WHERE  `pid` = 74 [ RunTime:0.000410s ]
[2024-04-16T01:13:25+08:00][sql] SHOW FULL COLUMNS FROM `jm_news_index` [ RunTime:0.001709s ]
[2024-04-16T01:13:25+08:00][sql] SELECT COUNT(*) AS think_count FROM `jm_news_index` WHERE  `status` = 1  AND `c_id` IN (77,78,79) LIMIT 1 [ RunTime:0.000654s ]
[2024-04-16T01:13:25+08:00][sql] SELECT * FROM `jm_news_index` WHERE  `status` = 1  AND `c_id` IN (77,78,79) ORDER BY `create_time` DESC LIMIT 5,5 [ RunTime:0.000843s ]
[2024-04-16T01:13:25+08:00][sql] SELECT * FROM `jm_category` WHERE  `id` = 74 LIMIT 1 [ RunTime:0.000429s ]
[2024-04-16T01:13:25+08:00][sql] SELECT * FROM `jm_category` WHERE  `id` = 0 LIMIT 1 [ RunTime:0.000341s ]
[2024-04-16T01:13:25+08:00][sql] SHOW FULL COLUMNS FROM `jm_ad_index` [ RunTime:0.001568s ]
[2024-04-16T01:13:25+08:00][sql] SELECT * FROM `jm_ad_index` WHERE  `g_id` = 74 LIMIT 1 [ RunTime:0.000567s ]
[2024-04-16T01:13:25+08:00][sql] SELECT * FROM `jm_category` WHERE  `pid` = 74 ORDER BY `sort` ASC [ RunTime:0.000383s ]
[2024-04-16T01:26:33+08:00][sql] CONNECT:[ UseTime:0.001115s ] mysql:host=127.0.0.1;port=3306;dbname=www_fsqf_com;charset=utf8
[2024-04-16T01:26:33+08:00][sql] SHOW FULL COLUMNS FROM `jm_nav` [ RunTime:0.003682s ]
[2024-04-16T01:26:33+08:00][sql] SELECT * FROM `jm_nav` ORDER BY `sort` ASC [ RunTime:0.000553s ]
[2024-04-16T01:26:33+08:00][sql] SHOW FULL COLUMNS FROM `jm_browse_index` [ RunTime:0.001186s ]
[2024-04-16T01:26:33+08:00][sql] SELECT * FROM `jm_browse_index` WHERE  `ip` = '112.13.112.19' ORDER BY `id` DESC LIMIT 1 [ RunTime:0.001399s ]
[2024-04-16T01:26:33+08:00][sql] INSERT INTO `jm_browse_index` SET `cid` = 0 , `url` = '/page/10.html' , `ip` = '112.13.112.19' , `mark` = '17465bd44b5e7f5889573241e2edc37c' , `user_agent` = 'Mozilla/5.0 (Windows NT 6.1; Win64; x64) AppleWebKit/537.36 (KHTML, like Gecko) Chrome/69.0.3497.81 YisouSpider/5.0 Safari/537.36' , `create_time` = '2024-04-16 01:26:33.522866' [ RunTime:0.000331s ]
[2024-04-16T01:26:33+08:00][sql] SHOW FULL COLUMNS FROM `jm_page_index` [ RunTime:0.002148s ]
[2024-04-16T01:26:33+08:00][sql] SELECT * FROM `jm_page_index` WHERE  `id` = 10 LIMIT 1 [ RunTime:0.000851s ]
[2024-04-16T01:26:33+08:00][sql] SHOW FULL COLUMNS FROM `jm_category` [ RunTime:0.001951s ]
[2024-04-16T01:26:33+08:00][sql] SELECT * FROM `jm_category` WHERE  `id` = 76 LIMIT 1 [ RunTime:0.000659s ]
[2024-04-16T01:26:33+08:00][sql] SELECT * FROM `jm_category` WHERE  `id` = 0 LIMIT 1 [ RunTime:0.000483s ]
[2024-04-16T01:26:33+08:00][sql] SHOW FULL COLUMNS FROM `jm_ad_index` [ RunTime:0.001656s ]
[2024-04-16T01:26:33+08:00][sql] SELECT * FROM `jm_ad_index` WHERE  `g_id` = 76 LIMIT 1 [ RunTime:0.000716s ]
[2024-04-16T01:26:33+08:00][sql] SELECT `id` FROM `jm_page_index` WHERE  `c_id` = 76 LIMIT 1 [ RunTime:0.000401s ]
[2024-04-16T01:26:33+08:00][sql] SELECT * FROM `jm_category` WHERE  `pid` = 76 [ RunTime:0.000418s ]
[2024-04-16T01:26:33+08:00][sql] SELECT * FROM `jm_page_index` WHERE  `c_id` = 76 ORDER BY `sort` ASC [ RunTime:0.000388s ]
[2024-04-16T01:42:08+08:00][sql] CONNECT:[ UseTime:0.000961s ] mysql:host=127.0.0.1;port=3306;dbname=www_fsqf_com;charset=utf8
[2024-04-16T01:42:08+08:00][sql] SHOW FULL COLUMNS FROM `jm_nav` [ RunTime:0.003136s ]
[2024-04-16T01:42:08+08:00][sql] SELECT * FROM `jm_nav` ORDER BY `sort` ASC [ RunTime:0.000942s ]
[2024-04-16T01:42:08+08:00][sql] SHOW FULL COLUMNS FROM `jm_browse_index` [ RunTime:0.002816s ]
[2024-04-16T01:42:08+08:00][sql] SHOW FULL COLUMNS FROM `jm_news_index` [ RunTime:0.002926s ]
[2024-04-16T01:42:08+08:00][sql] SELECT `c_id` FROM `jm_news_index` WHERE  `id` = 167 LIMIT 1 [ RunTime:0.000542s ]
[2024-04-16T01:42:08+08:00][sql] SELECT * FROM `jm_browse_index` WHERE  `ip` = '112.13.112.176' ORDER BY `id` DESC LIMIT 1 [ RunTime:0.004218s ]
[2024-04-16T01:42:08+08:00][sql] INSERT INTO `jm_browse_index` SET `cid` = 77 , `url` = '/show/167.html' , `ip` = '112.13.112.176' , `mark` = '80ef111cf34f9ffb4529224b64b94471' , `user_agent` = 'Mozilla/5.0 (Windows NT 6.1; Win64; x64) AppleWebKit/537.36 (KHTML, like Gecko) Chrome/69.0.3497.81 YisouSpider/5.0 Safari/537.36' , `create_time` = '2024-04-16 01:42:08.549900' [ RunTime:0.000429s ]
[2024-04-16T01:42:08+08:00][sql] SELECT * FROM `jm_news_index` WHERE  `id` = 167 LIMIT 1 [ RunTime:0.000436s ]
[2024-04-16T01:42:08+08:00][sql] SHOW FULL COLUMNS FROM `jm_category` [ RunTime:0.001842s ]
[2024-04-16T01:42:08+08:00][sql] SELECT * FROM `jm_category` WHERE  `id` = 77 LIMIT 1 [ RunTime:0.000516s ]
[2024-04-16T01:42:08+08:00][sql] SELECT * FROM `jm_category` WHERE  `id` = 74 LIMIT 1 [ RunTime:0.000336s ]
[2024-04-16T01:42:08+08:00][sql] SHOW FULL COLUMNS FROM `jm_ad_index` [ RunTime:0.001685s ]
[2024-04-16T01:42:08+08:00][sql] SELECT * FROM `jm_ad_index` WHERE  `g_id` = 74 LIMIT 1 [ RunTime:0.000529s ]
[2024-04-16T01:42:08+08:00][sql] SELECT * FROM `jm_category` WHERE  `pid` = 74 [ RunTime:0.000433s ]
[2024-04-16T01:42:08+08:00][sql] SELECT * FROM `jm_news_index` WHERE  `c_id` = 77  AND `id` > 167  AND `status` = 1 LIMIT 1 [ RunTime:0.000737s ]
[2024-04-16T01:42:08+08:00][sql] SELECT * FROM `jm_news_index` WHERE  `c_id` = 77  AND `id` < 167  AND `status` = 1 LIMIT 1 [ RunTime:0.000717s ]
[2024-04-16T08:48:59+08:00][sql] CONNECT:[ UseTime:0.001123s ] mysql:host=127.0.0.1;port=3306;dbname=www_fsqf_com;charset=utf8
[2024-04-16T08:48:59+08:00][sql] SHOW FULL COLUMNS FROM `jm_nav` [ RunTime:0.003457s ]
[2024-04-16T08:48:59+08:00][sql] SELECT * FROM `jm_nav` ORDER BY `sort` ASC [ RunTime:0.001101s ]
[2024-04-16T08:48:59+08:00][sql] SHOW FULL COLUMNS FROM `jm_browse_index` [ RunTime:0.003038s ]
[2024-04-16T08:48:59+08:00][sql] SELECT * FROM `jm_browse_index` WHERE  `ip` = '154.92.55.113' ORDER BY `id` DESC LIMIT 1 [ RunTime:0.010683s ]
[2024-04-16T08:48:59+08:00][sql] INSERT INTO `jm_browse_index` SET `cid` = 74 , `url` = '//list/74.html' , `ip` = '154.92.55.113' , `mark` = 'e48f20627b0f496bc46da70a3de58203' , `user_agent` = 'Mozilla/5.0 (Linux;u;Android 4.2.2;zh-cn;) AppleWebKit/534.46 (KHTML,like Gecko)Version/5.1 Mobile Safari/10600.6.3 (compatible; Baiduspider/2.0;+http://www.baidu.com/search/spider.html)' , `create_time` = '2024-04-16 08:48:59.100407' [ RunTime:0.000951s ]
[2024-04-16T08:48:59+08:00][sql] SHOW FULL COLUMNS FROM `jm_category` [ RunTime:0.002463s ]
[2024-04-16T08:48:59+08:00][sql] SELECT `pid` FROM `jm_category` WHERE  `id` = 74 LIMIT 1 [ RunTime:0.000720s ]
[2024-04-16T08:48:59+08:00][sql] SELECT `id` FROM `jm_category` WHERE  `pid` = 74 [ RunTime:0.000423s ]
[2024-04-16T08:48:59+08:00][sql] SHOW FULL COLUMNS FROM `jm_news_index` [ RunTime:0.002712s ]
[2024-04-16T08:48:59+08:00][sql] SELECT COUNT(*) AS think_count FROM `jm_news_index` WHERE  `status` = 1  AND `c_id` IN (77,78,79) LIMIT 1 [ RunTime:0.001128s ]
[2024-04-16T08:48:59+08:00][sql] SELECT * FROM `jm_news_index` WHERE  `status` = 1  AND `c_id` IN (77,78,79) ORDER BY `create_time` DESC LIMIT 0,5 [ RunTime:0.001162s ]
[2024-04-16T08:48:59+08:00][sql] SELECT * FROM `jm_category` WHERE  `id` = 74 LIMIT 1 [ RunTime:0.000634s ]
[2024-04-16T08:48:59+08:00][sql] SELECT * FROM `jm_category` WHERE  `id` = 0 LIMIT 1 [ RunTime:0.000473s ]
[2024-04-16T08:48:59+08:00][sql] SHOW FULL COLUMNS FROM `jm_ad_index` [ RunTime:0.002707s ]
[2024-04-16T08:48:59+08:00][sql] SELECT * FROM `jm_ad_index` WHERE  `g_id` = 74 LIMIT 1 [ RunTime:0.000886s ]
[2024-04-16T08:48:59+08:00][sql] SELECT * FROM `jm_category` WHERE  `pid` = 74 ORDER BY `sort` ASC [ RunTime:0.000384s ]
[2024-04-16T09:25:42+08:00][sql] CONNECT:[ UseTime:0.000828s ] mysql:host=127.0.0.1;port=3306;dbname=www_fsqf_com;charset=utf8
[2024-04-16T09:25:42+08:00][sql] SHOW FULL COLUMNS FROM `jm_nav` [ RunTime:0.001562s ]
[2024-04-16T09:25:42+08:00][sql] SELECT * FROM `jm_nav` ORDER BY `sort` ASC [ RunTime:0.000611s ]
[2024-04-16T09:25:42+08:00][sql] SHOW FULL COLUMNS FROM `jm_browse_index` [ RunTime:0.001444s ]
[2024-04-16T09:25:42+08:00][sql] SELECT * FROM `jm_browse_index` WHERE  `ip` = '220.181.108.174' ORDER BY `id` DESC LIMIT 1 [ RunTime:0.000791s ]
[2024-04-16T09:25:42+08:00][sql] INSERT INTO `jm_browse_index` SET `cid` = 0 , `url` = '/page/1.html' , `ip` = '220.181.108.174' , `mark` = '55ba5f7053a55f718a9f4c296ea77505' , `user_agent` = 'Mozilla/5.0 (Linux;u;Android 4.2.2;zh-cn;) AppleWebKit/534.46 (KHTML,like Gecko) Version/5.1 Mobile Safari/10600.6.3 (compatible; Baiduspider/2.0; +http://www.baidu.com/search/spider.html)' , `create_time` = '2024-04-16 09:25:42.726247' [ RunTime:0.000407s ]
[2024-04-16T09:25:42+08:00][sql] SHOW FULL COLUMNS FROM `jm_page_index` [ RunTime:0.001681s ]
[2024-04-16T09:25:42+08:00][sql] SELECT * FROM `jm_page_index` WHERE  `id` = 1 LIMIT 1 [ RunTime:0.000644s ]
[2024-04-16T09:25:42+08:00][sql] SHOW FULL COLUMNS FROM `jm_category` [ RunTime:0.001647s ]
[2024-04-16T09:25:42+08:00][sql] SELECT * FROM `jm_category` WHERE  `id` = 52 LIMIT 1 [ RunTime:0.000594s ]
[2024-04-16T09:25:42+08:00][sql] SELECT * FROM `jm_category` WHERE  `id` = 0 LIMIT 1 [ RunTime:0.000369s ]
[2024-04-16T09:25:42+08:00][sql] SHOW FULL COLUMNS FROM `jm_ad_index` [ RunTime:0.001535s ]
[2024-04-16T09:25:42+08:00][sql] SELECT * FROM `jm_ad_index` WHERE  `g_id` = 52 LIMIT 1 [ RunTime:0.000528s ]
[2024-04-16T09:25:42+08:00][sql] SELECT `id` FROM `jm_page_index` WHERE  `c_id` = 52 LIMIT 1 [ RunTime:0.000442s ]
[2024-04-16T09:25:42+08:00][sql] SELECT * FROM `jm_category` WHERE  `pid` = 52 [ RunTime:0.000321s ]
[2024-04-16T09:25:42+08:00][sql] SELECT * FROM `jm_page_index` WHERE  `c_id` = 76 ORDER BY `sort` ASC [ RunTime:0.000471s ]
[2024-04-16T10:19:30+08:00][sql] CONNECT:[ UseTime:0.000898s ] mysql:host=127.0.0.1;port=3306;dbname=www_fsqf_com;charset=utf8
[2024-04-16T10:19:30+08:00][sql] SHOW FULL COLUMNS FROM `jm_nav` [ RunTime:0.002663s ]
[2024-04-16T10:19:30+08:00][sql] SELECT * FROM `jm_nav` ORDER BY `sort` ASC [ RunTime:0.001114s ]
[2024-04-16T10:19:30+08:00][sql] SHOW FULL COLUMNS FROM `jm_browse_index` [ RunTime:0.001901s ]
[2024-04-16T10:19:30+08:00][sql] SELECT * FROM `jm_browse_index` WHERE  `ip` = '39.173.97.86' ORDER BY `id` DESC LIMIT 1 [ RunTime:0.007337s ]
[2024-04-16T10:19:30+08:00][sql] INSERT INTO `jm_browse_index` SET `cid` = 74 , `url` = '/list/74.html?page=3' , `ip` = '39.173.97.86' , `mark` = '10c26e5c20d3880ba9bb57baac915910' , `user_agent` = 'Mozilla/5.0 (Windows NT 6.1; Win64; x64) AppleWebKit/537.36 (KHTML, like Gecko) Chrome/69.0.3497.81 YisouSpider/5.0 Safari/537.36' , `create_time` = '2024-04-16 10:19:30.140474' [ RunTime:0.000357s ]
[2024-04-16T10:19:30+08:00][sql] SHOW FULL COLUMNS FROM `jm_category` [ RunTime:0.001935s ]
[2024-04-16T10:19:30+08:00][sql] SELECT `pid` FROM `jm_category` WHERE  `id` = 74 LIMIT 1 [ RunTime:0.000665s ]
[2024-04-16T10:19:30+08:00][sql] SELECT `id` FROM `jm_category` WHERE  `pid` = 74 [ RunTime:0.000453s ]
[2024-04-16T10:19:30+08:00][sql] SHOW FULL COLUMNS FROM `jm_news_index` [ RunTime:0.001683s ]
[2024-04-16T10:19:30+08:00][sql] SELECT COUNT(*) AS think_count FROM `jm_news_index` WHERE  `status` = 1  AND `c_id` IN (77,78,79) LIMIT 1 [ RunTime:0.000712s ]
[2024-04-16T10:19:30+08:00][sql] SELECT * FROM `jm_news_index` WHERE  `status` = 1  AND `c_id` IN (77,78,79) ORDER BY `create_time` DESC LIMIT 10,5 [ RunTime:0.000725s ]
[2024-04-16T10:19:30+08:00][sql] SELECT * FROM `jm_category` WHERE  `id` = 74 LIMIT 1 [ RunTime:0.000478s ]
[2024-04-16T10:19:30+08:00][sql] SELECT * FROM `jm_category` WHERE  `id` = 0 LIMIT 1 [ RunTime:0.000351s ]
[2024-04-16T10:19:30+08:00][sql] SHOW FULL COLUMNS FROM `jm_ad_index` [ RunTime:0.001689s ]
[2024-04-16T10:19:30+08:00][sql] SELECT * FROM `jm_ad_index` WHERE  `g_id` = 74 LIMIT 1 [ RunTime:0.000595s ]
[2024-04-16T10:19:30+08:00][sql] SELECT * FROM `jm_category` WHERE  `pid` = 74 ORDER BY `sort` ASC [ RunTime:0.000322s ]
[2024-04-16T11:00:33+08:00][sql] CONNECT:[ UseTime:0.000938s ] mysql:host=127.0.0.1;port=3306;dbname=www_fsqf_com;charset=utf8
[2024-04-16T11:00:33+08:00][sql] SHOW FULL COLUMNS FROM `jm_nav` [ RunTime:0.003938s ]
[2024-04-16T11:00:33+08:00][sql] SELECT * FROM `jm_nav` ORDER BY `sort` ASC [ RunTime:0.001253s ]
[2024-04-16T11:00:33+08:00][sql] SHOW FULL COLUMNS FROM `jm_browse_index` [ RunTime:0.001890s ]
[2024-04-16T11:00:33+08:00][sql] SHOW FULL COLUMNS FROM `jm_news_index` [ RunTime:0.001862s ]
[2024-04-16T11:00:33+08:00][sql] SELECT `c_id` FROM `jm_news_index` WHERE  `id` = 174 LIMIT 1 [ RunTime:0.000702s ]
[2024-04-16T11:00:33+08:00][sql] SELECT * FROM `jm_browse_index` WHERE  `ip` = '160.124.130.13' ORDER BY `id` DESC LIMIT 1 [ RunTime:0.006048s ]
[2024-04-16T11:00:33+08:00][sql] INSERT INTO `jm_browse_index` SET `cid` = 79 , `url` = '//show/174.html' , `ip` = '160.124.130.13' , `mark` = '3bf7ee68e936c1958790cbd6594d9b5f' , `user_agent` = 'Mozilla/5.0 (Linux;u;Android 4.2.2;zh-cn;) AppleWebKit/534.46 (KHTML,like Gecko)Version/5.1 Mobile Safari/10600.6.3 (compatible; Baiduspider/2.0;+http://www.baidu.com/search/spider.html)' , `create_time` = '2024-04-16 11:00:33.751129' [ RunTime:0.000454s ]
[2024-04-16T11:00:33+08:00][sql] SELECT * FROM `jm_news_index` WHERE  `id` = 174 LIMIT 1 [ RunTime:0.000629s ]
[2024-04-16T11:00:33+08:00][sql] SHOW FULL COLUMNS FROM `jm_category` [ RunTime:0.002930s ]
[2024-04-16T11:00:33+08:00][sql] SELECT * FROM `jm_category` WHERE  `id` = 79 LIMIT 1 [ RunTime:0.000940s ]
[2024-04-16T11:00:33+08:00][sql] SELECT * FROM `jm_category` WHERE  `id` = 74 LIMIT 1 [ RunTime:0.000460s ]
[2024-04-16T11:00:33+08:00][sql] SHOW FULL COLUMNS FROM `jm_ad_index` [ RunTime:0.002038s ]
[2024-04-16T11:00:33+08:00][sql] SELECT * FROM `jm_ad_index` WHERE  `g_id` = 74 LIMIT 1 [ RunTime:0.000604s ]
[2024-04-16T11:00:33+08:00][sql] SELECT * FROM `jm_category` WHERE  `pid` = 74 [ RunTime:0.000397s ]
[2024-04-16T11:00:33+08:00][sql] SELECT * FROM `jm_news_index` WHERE  `c_id` = 79  AND `id` > 174  AND `status` = 1 LIMIT 1 [ RunTime:0.000598s ]
[2024-04-16T11:00:33+08:00][sql] SELECT * FROM `jm_news_index` WHERE  `c_id` = 79  AND `id` < 174  AND `status` = 1 LIMIT 1 [ RunTime:0.000717s ]
[2024-04-16T16:30:05+08:00][sql] CONNECT:[ UseTime:0.001361s ] mysql:host=127.0.0.1;port=3306;dbname=www_fsqf_com;charset=utf8
[2024-04-16T16:30:05+08:00][sql] SHOW FULL COLUMNS FROM `jm_nav` [ RunTime:0.003507s ]
[2024-04-16T16:30:05+08:00][sql] SELECT * FROM `jm_nav` ORDER BY `sort` ASC [ RunTime:0.000860s ]
[2024-04-16T16:30:05+08:00][sql] SHOW FULL COLUMNS FROM `jm_browse_index` [ RunTime:0.002132s ]
[2024-04-16T16:30:05+08:00][sql] SHOW FULL COLUMNS FROM `jm_news_index` [ RunTime:0.002236s ]
[2024-04-16T16:30:05+08:00][sql] SELECT `c_id` FROM `jm_news_index` WHERE  `id` = 177 LIMIT 1 [ RunTime:0.000753s ]
[2024-04-16T16:30:05+08:00][sql] SELECT * FROM `jm_browse_index` WHERE  `ip` = '39.173.107.160' ORDER BY `id` DESC LIMIT 1 [ RunTime:0.005329s ]
[2024-04-16T16:30:05+08:00][sql] INSERT INTO `jm_browse_index` SET `cid` = 78 , `url` = '/show/177.html' , `ip` = '39.173.107.160' , `mark` = 'a1f516e300ebca41c2ef4c7ac87e1287' , `user_agent` = 'Mozilla/5.0 (Windows NT 6.1; Win64; x64) AppleWebKit/537.36 (KHTML, like Gecko) Chrome/69.0.3497.81 YisouSpider/5.0 Safari/537.36' , `create_time` = '2024-04-16 16:30:05.746174' [ RunTime:0.000459s ]
[2024-04-16T16:30:05+08:00][sql] SELECT * FROM `jm_news_index` WHERE  `id` = 177 LIMIT 1 [ RunTime:0.000431s ]
[2024-04-16T16:30:05+08:00][sql] SHOW FULL COLUMNS FROM `jm_category` [ RunTime:0.001732s ]
[2024-04-16T16:30:05+08:00][sql] SELECT * FROM `jm_category` WHERE  `id` = 78 LIMIT 1 [ RunTime:0.000844s ]
[2024-04-16T16:30:05+08:00][sql] SELECT * FROM `jm_category` WHERE  `id` = 74 LIMIT 1 [ RunTime:0.000623s ]
[2024-04-16T16:30:05+08:00][sql] SHOW FULL COLUMNS FROM `jm_ad_index` [ RunTime:0.002786s ]
[2024-04-16T16:30:05+08:00][sql] SELECT * FROM `jm_ad_index` WHERE  `g_id` = 74 LIMIT 1 [ RunTime:0.000760s ]
[2024-04-16T16:30:05+08:00][sql] SELECT * FROM `jm_category` WHERE  `pid` = 74 [ RunTime:0.000430s ]
[2024-04-16T16:30:05+08:00][sql] SELECT * FROM `jm_news_index` WHERE  `c_id` = 78  AND `id` > 177  AND `status` = 1 LIMIT 1 [ RunTime:0.000673s ]
[2024-04-16T16:30:05+08:00][sql] SELECT * FROM `jm_news_index` WHERE  `c_id` = 78  AND `id` < 177  AND `status` = 1 LIMIT 1 [ RunTime:0.000699s ]
[2024-04-16T17:44:47+08:00][sql] CONNECT:[ UseTime:0.000893s ] mysql:host=127.0.0.1;port=3306;dbname=www_fsqf_com;charset=utf8
[2024-04-16T17:44:47+08:00][sql] SHOW FULL COLUMNS FROM `jm_nav` [ RunTime:0.002443s ]
[2024-04-16T17:44:47+08:00][sql] SELECT * FROM `jm_nav` ORDER BY `sort` ASC [ RunTime:0.000844s ]
[2024-04-16T17:44:47+08:00][sql] SHOW FULL COLUMNS FROM `jm_browse_index` [ RunTime:0.002095s ]
[2024-04-16T17:44:47+08:00][sql] SELECT * FROM `jm_browse_index` WHERE  `ip` = '101.67.49.39' ORDER BY `id` DESC LIMIT 1 [ RunTime:0.007256s ]
[2024-04-16T17:44:47+08:00][sql] INSERT INTO `jm_browse_index` SET `cid` = 0 , `url` = '/' , `ip` = '101.67.49.39' , `mark` = '7bbbbfc4398b3c65b96fd1352fc52cb7' , `user_agent` = 'Mozilla/5.0 (iPhone; CPU iPhone OS 10_3 like Mac OS X) AppleWebKit/602.1.50 (KHTML, like Gecko) CriOS/56.0.2924.75 Mobile/14E5239e YisouSpider/5.0 Safari/602.1' , `create_time` = '2024-04-16 17:44:47.731223' [ RunTime:0.000405s ]
[2024-04-16T17:44:47+08:00][sql] SHOW FULL COLUMNS FROM `jm_news_index` [ RunTime:0.001403s ]
[2024-04-16T17:44:47+08:00][sql] SELECT * FROM `jm_news_index` WHERE  `c_id` = 78  AND `status` = 1 ORDER BY `create_time` DESC LIMIT 5 [ RunTime:0.000720s ]
[2024-04-16T17:44:47+08:00][sql] SELECT * FROM `jm_news_index` WHERE  `c_id` = 79  AND `status` = 1 ORDER BY `create_time` DESC LIMIT 5 [ RunTime:0.000763s ]
[2024-04-16T17:44:47+08:00][sql] SELECT * FROM `jm_news_index` WHERE  `c_id` = 77  AND `status` = 1 ORDER BY `create_time` DESC LIMIT 5 [ RunTime:0.000684s ]
[2024-04-16T21:00:17+08:00][sql] CONNECT:[ UseTime:0.000663s ] mysql:host=127.0.0.1;port=3306;dbname=www_fsqf_com;charset=utf8
[2024-04-16T21:00:17+08:00][sql] SHOW FULL COLUMNS FROM `jm_nav` [ RunTime:0.001441s ]
[2024-04-16T21:00:17+08:00][sql] SELECT * FROM `jm_nav` ORDER BY `sort` ASC [ RunTime:0.000541s ]
[2024-04-16T21:00:17+08:00][sql] SHOW FULL COLUMNS FROM `jm_browse_index` [ RunTime:0.001203s ]
[2024-04-16T21:00:17+08:00][sql] SHOW FULL COLUMNS FROM `jm_news_index` [ RunTime:0.003282s ]
[2024-04-16T21:00:17+08:00][sql] SELECT `c_id` FROM `jm_news_index` WHERE  `id` = 177 LIMIT 1 [ RunTime:0.000729s ]
[2024-04-16T21:00:17+08:00][sql] SELECT * FROM `jm_browse_index` WHERE  `ip` = '23.225.133.43' ORDER BY `id` DESC LIMIT 1 [ RunTime:0.008214s ]
[2024-04-16T21:00:17+08:00][sql] INSERT INTO `jm_browse_index` SET `cid` = 78 , `url` = '//show/177.html' , `ip` = '23.225.133.43' , `mark` = '4cdd1d13ad79c7ea86b019b8ac057ebc' , `user_agent` = 'Mozilla/5.0 (Linux;u;Android 4.2.2;zh-cn;) AppleWebKit/534.46 (KHTML,like Gecko)Version/5.1 Mobile Safari/10600.6.3 (compatible; Baiduspider/2.0;+http://www.baidu.com/search/spider.html)' , `create_time` = '2024-04-16 21:00:17.122169' [ RunTime:0.000525s ]
[2024-04-16T21:00:17+08:00][sql] SELECT * FROM `jm_news_index` WHERE  `id` = 177 LIMIT 1 [ RunTime:0.000702s ]
[2024-04-16T21:00:17+08:00][sql] SHOW FULL COLUMNS FROM `jm_category` [ RunTime:0.002684s ]
[2024-04-16T21:00:17+08:00][sql] SELECT * FROM `jm_category` WHERE  `id` = 78 LIMIT 1 [ RunTime:0.000916s ]
[2024-04-16T21:00:17+08:00][sql] SELECT * FROM `jm_category` WHERE  `id` = 74 LIMIT 1 [ RunTime:0.000548s ]
[2024-04-16T21:00:17+08:00][sql] SHOW FULL COLUMNS FROM `jm_ad_index` [ RunTime:0.002374s ]
[2024-04-16T21:00:17+08:00][sql] SELECT * FROM `jm_ad_index` WHERE  `g_id` = 74 LIMIT 1 [ RunTime:0.000828s ]
[2024-04-16T21:00:17+08:00][sql] SELECT * FROM `jm_category` WHERE  `pid` = 74 [ RunTime:0.000407s ]
[2024-04-16T21:00:17+08:00][sql] SELECT * FROM `jm_news_index` WHERE  `c_id` = 78  AND `id` > 177  AND `status` = 1 LIMIT 1 [ RunTime:0.000440s ]
[2024-04-16T21:00:17+08:00][sql] SELECT * FROM `jm_news_index` WHERE  `c_id` = 78  AND `id` < 177  AND `status` = 1 LIMIT 1 [ RunTime:0.000469s ]
[2024-04-16T22:57:29+08:00][sql] CONNECT:[ UseTime:0.000825s ] mysql:host=127.0.0.1;port=3306;dbname=www_fsqf_com;charset=utf8
[2024-04-16T22:57:29+08:00][sql] SHOW FULL COLUMNS FROM `jm_nav` [ RunTime:0.001597s ]
[2024-04-16T22:57:29+08:00][sql] SELECT * FROM `jm_nav` ORDER BY `sort` ASC [ RunTime:0.000570s ]
[2024-04-16T22:57:29+08:00][sql] SHOW FULL COLUMNS FROM `jm_browse_index` [ RunTime:0.001422s ]
[2024-04-16T22:57:29+08:00][sql] SELECT * FROM `jm_browse_index` WHERE  `ip` = '175.178.200.221' ORDER BY `id` DESC LIMIT 1 [ RunTime:0.004135s ]
[2024-04-16T22:57:29+08:00][sql] INSERT INTO `jm_browse_index` SET `cid` = 0 , `url` = '/' , `ip` = '175.178.200.221' , `mark` = '999bff433b2e9a9f1c207a8ee358d16f' , `user_agent` = 'Mozilla/5.0 (Windows NT 6.1; Win64; x64) AppleWebKit/537.36 (KHTML, like Gecko) Chrome/90.0.4430.212 Safari/537.36' , `create_time` = '2024-04-16 22:57:29.188757' [ RunTime:0.000669s ]
[2024-04-16T22:57:29+08:00][sql] SHOW FULL COLUMNS FROM `jm_news_index` [ RunTime:0.002076s ]
[2024-04-16T22:57:29+08:00][sql] SELECT * FROM `jm_news_index` WHERE  `c_id` = 78  AND `status` = 1 ORDER BY `create_time` DESC LIMIT 5 [ RunTime:0.001003s ]
[2024-04-16T22:57:29+08:00][sql] SELECT * FROM `jm_news_index` WHERE  `c_id` = 79  AND `status` = 1 ORDER BY `create_time` DESC LIMIT 5 [ RunTime:0.000819s ]
[2024-04-16T22:57:29+08:00][sql] SELECT * FROM `jm_news_index` WHERE  `c_id` = 77  AND `status` = 1 ORDER BY `create_time` DESC LIMIT 5 [ RunTime:0.000733s ]
[2024-04-16T22:57:30+08:00][sql] CONNECT:[ UseTime:0.000634s ] mysql:host=127.0.0.1;port=3306;dbname=www_fsqf_com;charset=utf8
[2024-04-16T22:57:30+08:00][sql] SHOW FULL COLUMNS FROM `jm_nav` [ RunTime:0.001372s ]
[2024-04-16T22:57:30+08:00][sql] SELECT * FROM `jm_nav` ORDER BY `sort` ASC [ RunTime:0.000388s ]
[2024-04-16T22:57:30+08:00][sql] SHOW FULL COLUMNS FROM `jm_browse_index` [ RunTime:0.001128s ]
[2024-04-16T22:57:30+08:00][sql] SELECT * FROM `jm_browse_index` WHERE  `ip` = '175.178.200.221' ORDER BY `id` DESC LIMIT 1 [ RunTime:0.000398s ]
[2024-04-16T22:57:30+08:00][sql] INSERT INTO `jm_browse_index` SET `cid` = 0 , `url` = '/page/2.html' , `ip` = '175.178.200.221' , `mark` = '24ef5735d0cf5c4913d2b71e5abd17d7' , `user_agent` = 'Mozilla/5.0 (Windows NT 6.1; Win64; x64) AppleWebKit/537.36 (KHTML, like Gecko) Chrome/90.0.4430.212 Safari/537.36' , `create_time` = '2024-04-16 22:57:30.847579' [ RunTime:0.000323s ]
[2024-04-16T22:57:30+08:00][sql] SHOW FULL COLUMNS FROM `jm_page_index` [ RunTime:0.005763s ]
[2024-04-16T22:57:30+08:00][sql] SELECT * FROM `jm_page_index` WHERE  `id` = 2 LIMIT 1 [ RunTime:0.001225s ]
[2024-04-16T22:57:30+08:00][sql] SHOW FULL COLUMNS FROM `jm_category` [ RunTime:0.002940s ]
[2024-04-16T22:57:30+08:00][sql] SELECT * FROM `jm_category` WHERE  `id` = 75 LIMIT 1 [ RunTime:0.000547s ]
[2024-04-16T22:57:30+08:00][sql] SELECT * FROM `jm_category` WHERE  `id` = 0 LIMIT 1 [ RunTime:0.000274s ]
[2024-04-16T22:57:30+08:00][sql] SHOW FULL COLUMNS FROM `jm_ad_index` [ RunTime:0.001139s ]
[2024-04-16T22:57:30+08:00][sql] SELECT * FROM `jm_ad_index` WHERE  `g_id` = 75 LIMIT 1 [ RunTime:0.000472s ]
[2024-04-16T22:57:30+08:00][sql] SELECT `id` FROM `jm_page_index` WHERE  `c_id` = 75 LIMIT 1 [ RunTime:0.000362s ]
[2024-04-16T22:57:30+08:00][sql] SELECT * FROM `jm_category` WHERE  `pid` = 75 [ RunTime:0.000442s ]
[2024-04-16T22:57:30+08:00][sql] SELECT * FROM `jm_page_index` WHERE  `c_id` = 76 ORDER BY `sort` ASC [ RunTime:0.000428s ]
[2024-04-16T23:40:53+08:00][sql] CONNECT:[ UseTime:0.000932s ] mysql:host=127.0.0.1;port=3306;dbname=www_fsqf_com;charset=utf8
[2024-04-16T23:40:53+08:00][sql] SHOW FULL COLUMNS FROM `jm_nav` [ RunTime:0.001526s ]
[2024-04-16T23:40:53+08:00][sql] SELECT * FROM `jm_nav` ORDER BY `sort` ASC [ RunTime:0.000578s ]
[2024-04-16T23:40:53+08:00][sql] SHOW FULL COLUMNS FROM `jm_browse_index` [ RunTime:0.001236s ]
[2024-04-16T23:40:53+08:00][sql] SELECT * FROM `jm_browse_index` WHERE  `ip` = '120.24.250.155' ORDER BY `id` DESC LIMIT 1 [ RunTime:0.000792s ]
[2024-04-16T23:40:53+08:00][sql] SHOW FULL COLUMNS FROM `jm_news_index` [ RunTime:0.001670s ]
[2024-04-16T23:40:53+08:00][sql] SELECT * FROM `jm_news_index` WHERE  `c_id` = 78  AND `status` = 1 ORDER BY `create_time` DESC LIMIT 5 [ RunTime:0.000762s ]
[2024-04-16T23:40:53+08:00][sql] SELECT * FROM `jm_news_index` WHERE  `c_id` = 79  AND `status` = 1 ORDER BY `create_time` DESC LIMIT 5 [ RunTime:0.000743s ]
[2024-04-16T23:40:53+08:00][sql] SELECT * FROM `jm_news_index` WHERE  `c_id` = 77  AND `status` = 1 ORDER BY `create_time` DESC LIMIT 5 [ RunTime:0.000723s ]
[2024-04-16T23:40:53+08:00][sql] CONNECT:[ UseTime:0.000957s ] mysql:host=127.0.0.1;port=3306;dbname=www_fsqf_com;charset=utf8
[2024-04-16T23:40:53+08:00][sql] SHOW FULL COLUMNS FROM `jm_nav` [ RunTime:0.003143s ]
[2024-04-16T23:40:53+08:00][sql] SELECT * FROM `jm_nav` ORDER BY `sort` ASC [ RunTime:0.000817s ]
[2024-04-16T23:40:53+08:00][sql] SHOW FULL COLUMNS FROM `jm_browse_index` [ RunTime:0.002731s ]
[2024-04-16T23:40:53+08:00][sql] SELECT * FROM `jm_browse_index` WHERE  `ip` = '120.24.250.155' ORDER BY `id` DESC LIMIT 1 [ RunTime:0.000509s ]
[2024-04-16T23:40:53+08:00][sql] SHOW FULL COLUMNS FROM `jm_news_index` [ RunTime:0.001248s ]
[2024-04-16T23:40:53+08:00][sql] SELECT * FROM `jm_news_index` WHERE  `c_id` = 78  AND `status` = 1 ORDER BY `create_time` DESC LIMIT 5 [ RunTime:0.000539s ]
[2024-04-16T23:40:53+08:00][sql] SELECT * FROM `jm_news_index` WHERE  `c_id` = 79  AND `status` = 1 ORDER BY `create_time` DESC LIMIT 5 [ RunTime:0.000525s ]
[2024-04-16T23:40:53+08:00][sql] SELECT * FROM `jm_news_index` WHERE  `c_id` = 77  AND `status` = 1 ORDER BY `create_time` DESC LIMIT 5 [ RunTime:0.000462s ]
