[2023-12-25T00:53:21+08:00][sql] CONNECT:[ UseTime:0.000733s ] mysql:host=127.0.0.1;port=3306;dbname=www_fsqf_com;charset=utf8
[2023-12-25T00:53:21+08:00][sql] SHOW FULL COLUMNS FROM `jm_nav` [ RunTime:0.002851s ]
[2023-12-25T00:53:21+08:00][sql] SELECT * FROM `jm_nav` ORDER BY `sort` ASC [ RunTime:0.001289s ]
[2023-12-25T00:53:21+08:00][sql] SHOW FULL COLUMNS FROM `jm_browse_index` [ RunTime:0.002263s ]
[2023-12-25T00:53:21+08:00][sql] SELECT * FROM `jm_browse_index` WHERE  `ip` = '113.24.224.76' ORDER BY `id` DESC LIMIT 1 [ RunTime:0.004586s ]
[2023-12-25T00:53:21+08:00][sql] INSERT INTO `jm_browse_index` SET `cid` = 0 , `url` = '/' , `ip` = '113.24.224.76' , `mark` = '875df6bbd69444d13fa54877bca9ae2c' , `user_agent` = 'Mozilla/5.0 (Windows NT 6.1; WOW64; rv:43.0) Gecko/20100101 Firefox/43.0' , `create_time` = '2023-12-25 00:53:21.051331' [ RunTime:0.000569s ]
[2023-12-25T00:53:21+08:00][sql] SHOW FULL COLUMNS FROM `jm_news_index` [ RunTime:0.003017s ]
[2023-12-25T00:53:21+08:00][sql] SELECT * FROM `jm_news_index` WHERE  `c_id` = 78  AND `status` = 1 ORDER BY `create_time` DESC LIMIT 5 [ RunTime:0.000986s ]
[2023-12-25T00:53:21+08:00][sql] SELECT * FROM `jm_news_index` WHERE  `c_id` = 79  AND `status` = 1 ORDER BY `create_time` DESC LIMIT 5 [ RunTime:0.000636s ]
[2023-12-25T00:53:21+08:00][sql] SELECT * FROM `jm_news_index` WHERE  `c_id` = 77  AND `status` = 1 ORDER BY `create_time` DESC LIMIT 5 [ RunTime:0.000600s ]
[2023-12-25T00:53:21+08:00][sql] CONNECT:[ UseTime:0.000888s ] mysql:host=127.0.0.1;port=3306;dbname=www_fsqf_com;charset=utf8
[2023-12-25T00:53:21+08:00][sql] SHOW FULL COLUMNS FROM `jm_nav` [ RunTime:0.001864s ]
[2023-12-25T00:53:21+08:00][sql] SELECT * FROM `jm_nav` ORDER BY `sort` ASC [ RunTime:0.000616s ]
[2023-12-25T00:53:21+08:00][sql] SHOW FULL COLUMNS FROM `jm_browse_index` [ RunTime:0.001517s ]
[2023-12-25T00:53:21+08:00][sql] SELECT * FROM `jm_browse_index` WHERE  `ip` = '113.24.224.95' ORDER BY `id` DESC LIMIT 1 [ RunTime:0.003993s ]
[2023-12-25T00:53:21+08:00][sql] INSERT INTO `jm_browse_index` SET `cid` = 0 , `url` = '/' , `ip` = '113.24.224.95' , `mark` = 'a38f48cb73056269d16888704f88d7e7' , `user_agent` = 'Mozilla/5.0 (Windows NT 6.1; WOW64; rv:43.0) Gecko/20100101 Firefox/43.0' , `create_time` = '2023-12-25 00:53:21.746453' [ RunTime:0.000378s ]
[2023-12-25T00:53:21+08:00][sql] SHOW FULL COLUMNS FROM `jm_news_index` [ RunTime:0.001920s ]
[2023-12-25T00:53:21+08:00][sql] SELECT * FROM `jm_news_index` WHERE  `c_id` = 78  AND `status` = 1 ORDER BY `create_time` DESC LIMIT 5 [ RunTime:0.000877s ]
[2023-12-25T00:53:21+08:00][sql] SELECT * FROM `jm_news_index` WHERE  `c_id` = 79  AND `status` = 1 ORDER BY `create_time` DESC LIMIT 5 [ RunTime:0.000821s ]
[2023-12-25T00:53:21+08:00][sql] SELECT * FROM `jm_news_index` WHERE  `c_id` = 77  AND `status` = 1 ORDER BY `create_time` DESC LIMIT 5 [ RunTime:0.000700s ]
[2023-12-25T02:23:32+08:00][sql] CONNECT:[ UseTime:0.000972s ] mysql:host=127.0.0.1;port=3306;dbname=www_fsqf_com;charset=utf8
[2023-12-25T02:23:32+08:00][sql] SHOW FULL COLUMNS FROM `jm_nav` [ RunTime:0.002466s ]
[2023-12-25T02:23:32+08:00][sql] SELECT * FROM `jm_nav` ORDER BY `sort` ASC [ RunTime:0.000842s ]
[2023-12-25T02:23:32+08:00][sql] SHOW FULL COLUMNS FROM `jm_browse_index` [ RunTime:0.001735s ]
[2023-12-25T02:23:32+08:00][sql] SHOW FULL COLUMNS FROM `jm_news_index` [ RunTime:0.001891s ]
[2023-12-25T02:23:32+08:00][sql] SELECT `c_id` FROM `jm_news_index` WHERE  `id` = 175 LIMIT 1 [ RunTime:0.000697s ]
[2023-12-25T02:23:32+08:00][sql] SELECT * FROM `jm_browse_index` WHERE  `ip` = '39.173.107.146' ORDER BY `id` DESC LIMIT 1 [ RunTime:0.004499s ]
[2023-12-25T02:23:32+08:00][sql] INSERT INTO `jm_browse_index` SET `cid` = 79 , `url` = '/show/175.html' , `ip` = '39.173.107.146' , `mark` = 'c65eaa0b009f9ceb994bd1152dbdf83d' , `user_agent` = 'Mozilla/5.0 (Windows NT 6.1; Win64; x64) AppleWebKit/537.36 (KHTML, like Gecko) Chrome/69.0.3497.81 YisouSpider/5.0 Safari/537.36' , `create_time` = '2023-12-25 02:23:32.484660' [ RunTime:0.000465s ]
[2023-12-25T02:23:32+08:00][sql] SELECT * FROM `jm_news_index` WHERE  `id` = 175 LIMIT 1 [ RunTime:0.000576s ]
[2023-12-25T02:23:32+08:00][sql] SHOW FULL COLUMNS FROM `jm_category` [ RunTime:0.002720s ]
[2023-12-25T02:23:32+08:00][sql] SELECT * FROM `jm_category` WHERE  `id` = 79 LIMIT 1 [ RunTime:0.001136s ]
[2023-12-25T02:23:32+08:00][sql] SELECT * FROM `jm_category` WHERE  `id` = 74 LIMIT 1 [ RunTime:0.000461s ]
[2023-12-25T02:23:32+08:00][sql] SHOW FULL COLUMNS FROM `jm_ad_index` [ RunTime:0.002601s ]
[2023-12-25T02:23:32+08:00][sql] SELECT * FROM `jm_ad_index` WHERE  `g_id` = 74 LIMIT 1 [ RunTime:0.001187s ]
[2023-12-25T02:23:32+08:00][sql] SELECT * FROM `jm_category` WHERE  `pid` = 74 [ RunTime:0.000626s ]
[2023-12-25T02:23:32+08:00][sql] SELECT * FROM `jm_news_index` WHERE  `c_id` = 79  AND `id` > 175  AND `status` = 1 LIMIT 1 [ RunTime:0.000789s ]
[2023-12-25T02:23:32+08:00][sql] SELECT * FROM `jm_news_index` WHERE  `c_id` = 79  AND `id` < 175  AND `status` = 1 LIMIT 1 [ RunTime:0.000762s ]
[2023-12-25T03:33:19+08:00][sql] CONNECT:[ UseTime:0.000680s ] mysql:host=127.0.0.1;port=3306;dbname=www_fsqf_com;charset=utf8
[2023-12-25T03:33:19+08:00][sql] SHOW FULL COLUMNS FROM `jm_nav` [ RunTime:0.001528s ]
[2023-12-25T03:33:19+08:00][sql] SELECT * FROM `jm_nav` ORDER BY `sort` ASC [ RunTime:0.000647s ]
[2023-12-25T03:33:19+08:00][sql] SHOW FULL COLUMNS FROM `jm_browse_index` [ RunTime:0.001236s ]
[2023-12-25T03:33:19+08:00][sql] SELECT * FROM `jm_browse_index` WHERE  `ip` = '116.179.32.31' ORDER BY `id` DESC LIMIT 1 [ RunTime:0.002449s ]
[2023-12-25T03:33:19+08:00][sql] INSERT INTO `jm_browse_index` SET `cid` = 0 , `url` = '/page/1.html' , `ip` = '116.179.32.31' , `mark` = '59ba38afad87d9243ce52789ab6df48f' , `user_agent` = 'Mozilla/5.0 (compatible; Baiduspider/2.0; +http://www.baidu.com/search/spider.html)' , `create_time` = '2023-12-25 03:33:19.247245' [ RunTime:0.000441s ]
[2023-12-25T03:33:19+08:00][sql] SHOW FULL COLUMNS FROM `jm_page_index` [ RunTime:0.002006s ]
[2023-12-25T03:33:19+08:00][sql] SELECT * FROM `jm_page_index` WHERE  `id` = 1 LIMIT 1 [ RunTime:0.000914s ]
[2023-12-25T03:33:19+08:00][sql] SHOW FULL COLUMNS FROM `jm_category` [ RunTime:0.002381s ]
[2023-12-25T03:33:19+08:00][sql] SELECT * FROM `jm_category` WHERE  `id` = 52 LIMIT 1 [ RunTime:0.001364s ]
[2023-12-25T03:33:19+08:00][sql] SELECT * FROM `jm_category` WHERE  `id` = 0 LIMIT 1 [ RunTime:0.000566s ]
[2023-12-25T03:33:19+08:00][sql] SHOW FULL COLUMNS FROM `jm_ad_index` [ RunTime:0.002352s ]
[2023-12-25T03:33:19+08:00][sql] SELECT * FROM `jm_ad_index` WHERE  `g_id` = 52 LIMIT 1 [ RunTime:0.000792s ]
[2023-12-25T03:33:19+08:00][sql] SELECT `id` FROM `jm_page_index` WHERE  `c_id` = 52 LIMIT 1 [ RunTime:0.000325s ]
[2023-12-25T03:33:19+08:00][sql] SELECT * FROM `jm_category` WHERE  `pid` = 52 [ RunTime:0.000408s ]
[2023-12-25T03:33:19+08:00][sql] SELECT * FROM `jm_page_index` WHERE  `c_id` = 76 ORDER BY `sort` ASC [ RunTime:0.000475s ]
[2023-12-25T04:09:31+08:00][sql] CONNECT:[ UseTime:0.000914s ] mysql:host=127.0.0.1;port=3306;dbname=www_fsqf_com;charset=utf8
[2023-12-25T04:09:31+08:00][sql] SHOW FULL COLUMNS FROM `jm_nav` [ RunTime:0.001960s ]
[2023-12-25T04:09:31+08:00][sql] SELECT * FROM `jm_nav` ORDER BY `sort` ASC [ RunTime:0.000726s ]
[2023-12-25T04:09:31+08:00][sql] SHOW FULL COLUMNS FROM `jm_browse_index` [ RunTime:0.001521s ]
[2023-12-25T04:09:31+08:00][sql] SELECT * FROM `jm_browse_index` WHERE  `ip` = '220.181.108.94' ORDER BY `id` DESC LIMIT 1 [ RunTime:0.000781s ]
[2023-12-25T04:09:31+08:00][sql] INSERT INTO `jm_browse_index` SET `cid` = 74 , `url` = '/list/74.html?page=3' , `ip` = '220.181.108.94' , `mark` = 'a509e333987fb8afe2ae8af24a8ff93d' , `user_agent` = 'Mozilla/5.0 (compatible; Baiduspider/2.0; +http://www.baidu.com/search/spider.html)' , `create_time` = '2023-12-25 04:09:31.582751' [ RunTime:0.000573s ]
[2023-12-25T04:09:31+08:00][sql] SHOW FULL COLUMNS FROM `jm_category` [ RunTime:0.002550s ]
[2023-12-25T04:09:31+08:00][sql] SELECT `pid` FROM `jm_category` WHERE  `id` = 74 LIMIT 1 [ RunTime:0.000776s ]
[2023-12-25T04:09:31+08:00][sql] SELECT `id` FROM `jm_category` WHERE  `pid` = 74 [ RunTime:0.000307s ]
[2023-12-25T04:09:31+08:00][sql] SHOW FULL COLUMNS FROM `jm_news_index` [ RunTime:0.002226s ]
[2023-12-25T04:09:31+08:00][sql] SELECT COUNT(*) AS think_count FROM `jm_news_index` WHERE  `status` = 1  AND `c_id` IN (77,78,79) LIMIT 1 [ RunTime:0.000873s ]
[2023-12-25T04:09:31+08:00][sql] SELECT * FROM `jm_news_index` WHERE  `status` = 1  AND `c_id` IN (77,78,79) ORDER BY `create_time` DESC LIMIT 10,5 [ RunTime:0.000851s ]
[2023-12-25T04:09:31+08:00][sql] SELECT * FROM `jm_category` WHERE  `id` = 74 LIMIT 1 [ RunTime:0.000558s ]
[2023-12-25T04:09:31+08:00][sql] SELECT * FROM `jm_category` WHERE  `id` = 0 LIMIT 1 [ RunTime:0.000406s ]
[2023-12-25T04:09:31+08:00][sql] SHOW FULL COLUMNS FROM `jm_ad_index` [ RunTime:0.002118s ]
[2023-12-25T04:09:31+08:00][sql] SELECT * FROM `jm_ad_index` WHERE  `g_id` = 74 LIMIT 1 [ RunTime:0.000822s ]
[2023-12-25T04:09:31+08:00][sql] SELECT * FROM `jm_category` WHERE  `pid` = 74 ORDER BY `sort` ASC [ RunTime:0.000490s ]
[2023-12-25T08:11:02+08:00][sql] CONNECT:[ UseTime:0.001410s ] mysql:host=127.0.0.1;port=3306;dbname=www_fsqf_com;charset=utf8
[2023-12-25T08:11:02+08:00][sql] SHOW FULL COLUMNS FROM `jm_nav` [ RunTime:0.002176s ]
[2023-12-25T08:11:02+08:00][sql] SELECT * FROM `jm_nav` ORDER BY `sort` ASC [ RunTime:0.000809s ]
[2023-12-25T08:11:02+08:00][sql] SHOW FULL COLUMNS FROM `jm_browse_index` [ RunTime:0.001748s ]
[2023-12-25T08:11:02+08:00][sql] SELECT * FROM `jm_browse_index` WHERE  `ip` = '124.71.166.204' ORDER BY `id` DESC LIMIT 1 [ RunTime:0.000832s ]
[2023-12-25T08:11:02+08:00][sql] INSERT INTO `jm_browse_index` SET `cid` = 0 , `url` = '/' , `ip` = '124.71.166.204' , `mark` = '18f1df91ef2c5162a5bc8d316b097b1a' , `user_agent` = 'Mozilla/5.0 (Windows NT 7.0; Win64; x64) AppleWebKit/537.36 (KHTML, like Gecko) Chrome/74.0.2216.88 Safari/537.36' , `create_time` = '2023-12-25 08:11:02.297523' [ RunTime:0.000412s ]
[2023-12-25T08:11:02+08:00][sql] SHOW FULL COLUMNS FROM `jm_news_index` [ RunTime:0.002005s ]
[2023-12-25T08:11:02+08:00][sql] SELECT * FROM `jm_news_index` WHERE  `c_id` = 78  AND `status` = 1 ORDER BY `create_time` DESC LIMIT 5 [ RunTime:0.001037s ]
[2023-12-25T08:11:02+08:00][sql] SELECT * FROM `jm_news_index` WHERE  `c_id` = 79  AND `status` = 1 ORDER BY `create_time` DESC LIMIT 5 [ RunTime:0.001228s ]
[2023-12-25T08:11:02+08:00][sql] SELECT * FROM `jm_news_index` WHERE  `c_id` = 77  AND `status` = 1 ORDER BY `create_time` DESC LIMIT 5 [ RunTime:0.000741s ]
[2023-12-25T08:11:02+08:00][sql] CONNECT:[ UseTime:0.000770s ] mysql:host=127.0.0.1;port=3306;dbname=www_fsqf_com;charset=utf8
[2023-12-25T08:11:02+08:00][sql] SHOW FULL COLUMNS FROM `jm_nav` [ RunTime:0.001648s ]
[2023-12-25T08:11:02+08:00][sql] SELECT * FROM `jm_nav` ORDER BY `sort` ASC [ RunTime:0.000485s ]
[2023-12-25T08:11:02+08:00][sql] SHOW FULL COLUMNS FROM `jm_browse_index` [ RunTime:0.001237s ]
[2023-12-25T08:11:02+08:00][sql] SELECT * FROM `jm_browse_index` WHERE  `ip` = '124.71.166.204' ORDER BY `id` DESC LIMIT 1 [ RunTime:0.000582s ]
[2023-12-25T08:11:02+08:00][sql] INSERT INTO `jm_browse_index` SET `cid` = 0 , `url` = '/page/2.html' , `ip` = '124.71.166.204' , `mark` = 'de459071c847cfc9fee6121b9c4b8b6f' , `user_agent` = 'Mozilla/5.0 (Windows NT 9.8; Win64; x64) AppleWebKit/537.36 (KHTML, like Gecko) Chrome/72.0.3630.88 Safari/537.36' , `create_time` = '2023-12-25 08:11:02.417991' [ RunTime:0.000466s ]
[2023-12-25T08:11:02+08:00][sql] SHOW FULL COLUMNS FROM `jm_page_index` [ RunTime:0.002690s ]
[2023-12-25T08:11:02+08:00][sql] SELECT * FROM `jm_page_index` WHERE  `id` = 2 LIMIT 1 [ RunTime:0.000973s ]
[2023-12-25T08:11:02+08:00][sql] SHOW FULL COLUMNS FROM `jm_category` [ RunTime:0.002355s ]
[2023-12-25T08:11:02+08:00][sql] SELECT * FROM `jm_category` WHERE  `id` = 75 LIMIT 1 [ RunTime:0.000783s ]
[2023-12-25T08:11:02+08:00][sql] SELECT * FROM `jm_category` WHERE  `id` = 0 LIMIT 1 [ RunTime:0.000377s ]
[2023-12-25T08:11:02+08:00][sql] SHOW FULL COLUMNS FROM `jm_ad_index` [ RunTime:0.001588s ]
[2023-12-25T08:11:02+08:00][sql] SELECT * FROM `jm_ad_index` WHERE  `g_id` = 75 LIMIT 1 [ RunTime:0.000636s ]
[2023-12-25T08:11:02+08:00][sql] SELECT `id` FROM `jm_page_index` WHERE  `c_id` = 75 LIMIT 1 [ RunTime:0.000398s ]
[2023-12-25T08:11:02+08:00][sql] SELECT * FROM `jm_category` WHERE  `pid` = 75 [ RunTime:0.000361s ]
[2023-12-25T08:11:02+08:00][sql] SELECT * FROM `jm_page_index` WHERE  `c_id` = 76 ORDER BY `sort` ASC [ RunTime:0.000816s ]
[2023-12-25T08:16:47+08:00][sql] CONNECT:[ UseTime:0.001253s ] mysql:host=127.0.0.1;port=3306;dbname=www_fsqf_com;charset=utf8
[2023-12-25T08:16:47+08:00][sql] SHOW FULL COLUMNS FROM `jm_nav` [ RunTime:0.003771s ]
[2023-12-25T08:16:47+08:00][sql] SELECT * FROM `jm_nav` ORDER BY `sort` ASC [ RunTime:0.001395s ]
[2023-12-25T08:16:47+08:00][sql] SHOW FULL COLUMNS FROM `jm_browse_index` [ RunTime:0.002254s ]
[2023-12-25T08:16:47+08:00][sql] SELECT * FROM `jm_browse_index` WHERE  `ip` = '101.67.50.123' ORDER BY `id` DESC LIMIT 1 [ RunTime:0.003291s ]
[2023-12-25T08:16:47+08:00][sql] INSERT INTO `jm_browse_index` SET `cid` = 0 , `url` = '/page/13.html' , `ip` = '101.67.50.123' , `mark` = 'f185a1dbf01b93009e4c8831ca63ff55' , `user_agent` = 'Mozilla/5.0 (Windows NT 6.1; Win64; x64) AppleWebKit/537.36 (KHTML, like Gecko) Chrome/69.0.3497.81 YisouSpider/5.0 Safari/537.36' , `create_time` = '2023-12-25 08:16:47.725624' [ RunTime:0.000466s ]
[2023-12-25T08:16:47+08:00][sql] SHOW FULL COLUMNS FROM `jm_page_index` [ RunTime:0.002565s ]
[2023-12-25T08:16:47+08:00][sql] SELECT * FROM `jm_page_index` WHERE  `id` = 13 LIMIT 1 [ RunTime:0.000781s ]
[2023-12-25T08:16:47+08:00][sql] SHOW FULL COLUMNS FROM `jm_category` [ RunTime:0.001891s ]
[2023-12-25T08:16:47+08:00][sql] SELECT * FROM `jm_category` WHERE  `id` = 76 LIMIT 1 [ RunTime:0.000684s ]
[2023-12-25T08:16:47+08:00][sql] SELECT * FROM `jm_category` WHERE  `id` = 0 LIMIT 1 [ RunTime:0.000384s ]
[2023-12-25T08:16:47+08:00][sql] SHOW FULL COLUMNS FROM `jm_ad_index` [ RunTime:0.001671s ]
[2023-12-25T08:16:47+08:00][sql] SELECT * FROM `jm_ad_index` WHERE  `g_id` = 76 LIMIT 1 [ RunTime:0.000462s ]
[2023-12-25T08:16:47+08:00][sql] SELECT `id` FROM `jm_page_index` WHERE  `c_id` = 76 LIMIT 1 [ RunTime:0.000296s ]
[2023-12-25T08:16:47+08:00][sql] SELECT * FROM `jm_category` WHERE  `pid` = 76 [ RunTime:0.000291s ]
[2023-12-25T08:16:47+08:00][sql] SELECT * FROM `jm_page_index` WHERE  `c_id` = 76 ORDER BY `sort` ASC [ RunTime:0.000312s ]
[2023-12-25T11:01:26+08:00][sql] CONNECT:[ UseTime:0.001085s ] mysql:host=127.0.0.1;port=3306;dbname=www_fsqf_com;charset=utf8
[2023-12-25T11:01:26+08:00][sql] SHOW FULL COLUMNS FROM `jm_nav` [ RunTime:0.003319s ]
[2023-12-25T11:01:26+08:00][sql] SELECT * FROM `jm_nav` ORDER BY `sort` ASC [ RunTime:0.001150s ]
[2023-12-25T11:01:26+08:00][sql] SHOW FULL COLUMNS FROM `jm_browse_index` [ RunTime:0.001881s ]
[2023-12-25T11:01:26+08:00][sql] SELECT * FROM `jm_browse_index` WHERE  `ip` = '113.185.43.92' ORDER BY `id` DESC LIMIT 1 [ RunTime:0.003542s ]
[2023-12-25T11:01:26+08:00][sql] INSERT INTO `jm_browse_index` SET `cid` = 0 , `url` = '/' , `ip` = '113.185.43.92' , `mark` = 'd48bb9af8e4a0710c2d1392ab64d6c25' , `user_agent` = 'Mozilla/5.0 (Windows NT 10.0; Win64; x64) AppleWebKit/537.36 (KHTML, like Gecko) Chrome/114.0.5735.289 Safari/537.36' , `create_time` = '2023-12-25 11:01:26.687434' [ RunTime:0.000501s ]
[2023-12-25T11:01:26+08:00][sql] SHOW FULL COLUMNS FROM `jm_news_index` [ RunTime:0.002433s ]
[2023-12-25T11:01:26+08:00][sql] SELECT * FROM `jm_news_index` WHERE  `c_id` = 78  AND `status` = 1 ORDER BY `create_time` DESC LIMIT 5 [ RunTime:0.001287s ]
[2023-12-25T11:01:26+08:00][sql] SELECT * FROM `jm_news_index` WHERE  `c_id` = 79  AND `status` = 1 ORDER BY `create_time` DESC LIMIT 5 [ RunTime:0.000906s ]
[2023-12-25T11:01:26+08:00][sql] SELECT * FROM `jm_news_index` WHERE  `c_id` = 77  AND `status` = 1 ORDER BY `create_time` DESC LIMIT 5 [ RunTime:0.001162s ]
[2023-12-25T11:01:29+08:00][sql] CONNECT:[ UseTime:0.001028s ] mysql:host=127.0.0.1;port=3306;dbname=www_fsqf_com;charset=utf8
[2023-12-25T11:01:29+08:00][sql] SHOW FULL COLUMNS FROM `jm_nav` [ RunTime:0.002801s ]
[2023-12-25T11:01:29+08:00][sql] SELECT * FROM `jm_nav` ORDER BY `sort` ASC [ RunTime:0.000837s ]
[2023-12-25T11:01:29+08:00][sql] SHOW FULL COLUMNS FROM `jm_browse_index` [ RunTime:0.002187s ]
[2023-12-25T11:01:29+08:00][sql] SELECT * FROM `jm_browse_index` WHERE  `ip` = '113.185.43.92' ORDER BY `id` DESC LIMIT 1 [ RunTime:0.000561s ]
[2023-12-25T11:01:29+08:00][sql] INSERT INTO `jm_browse_index` SET `cid` = 0 , `url` = '/page/2.html' , `ip` = '113.185.43.92' , `mark` = 'ad3871a2714b16619f6040861380e086' , `user_agent` = 'Mozilla/5.0 (Windows NT 10.0; Win64; x64) AppleWebKit/537.36 (KHTML, like Gecko) Chrome/114.0.5735.289 Safari/537.36' , `create_time` = '2023-12-25 11:01:29.929311' [ RunTime:0.000437s ]
[2023-12-25T11:01:29+08:00][sql] SHOW FULL COLUMNS FROM `jm_page_index` [ RunTime:0.002250s ]
[2023-12-25T11:01:29+08:00][sql] SELECT * FROM `jm_page_index` WHERE  `id` = 2 LIMIT 1 [ RunTime:0.000920s ]
[2023-12-25T11:01:29+08:00][sql] SHOW FULL COLUMNS FROM `jm_category` [ RunTime:0.001988s ]
[2023-12-25T11:01:29+08:00][sql] SELECT * FROM `jm_category` WHERE  `id` = 75 LIMIT 1 [ RunTime:0.000806s ]
[2023-12-25T11:01:29+08:00][sql] SELECT * FROM `jm_category` WHERE  `id` = 0 LIMIT 1 [ RunTime:0.000518s ]
[2023-12-25T11:01:29+08:00][sql] SHOW FULL COLUMNS FROM `jm_ad_index` [ RunTime:0.001850s ]
[2023-12-25T11:01:29+08:00][sql] SELECT * FROM `jm_ad_index` WHERE  `g_id` = 75 LIMIT 1 [ RunTime:0.000747s ]
[2023-12-25T11:01:29+08:00][sql] SELECT `id` FROM `jm_page_index` WHERE  `c_id` = 75 LIMIT 1 [ RunTime:0.000459s ]
[2023-12-25T11:01:29+08:00][sql] SELECT * FROM `jm_category` WHERE  `pid` = 75 [ RunTime:0.000381s ]
[2023-12-25T11:01:29+08:00][sql] SELECT * FROM `jm_page_index` WHERE  `c_id` = 76 ORDER BY `sort` ASC [ RunTime:0.000486s ]
[2023-12-25T11:01:32+08:00][sql] CONNECT:[ UseTime:0.000611s ] mysql:host=127.0.0.1;port=3306;dbname=www_fsqf_com;charset=utf8
[2023-12-25T11:01:32+08:00][sql] SHOW FULL COLUMNS FROM `jm_nav` [ RunTime:0.001522s ]
[2023-12-25T11:01:32+08:00][sql] SELECT * FROM `jm_nav` ORDER BY `sort` ASC [ RunTime:0.000451s ]
[2023-12-25T11:01:32+08:00][sql] SHOW FULL COLUMNS FROM `jm_browse_index` [ RunTime:0.001154s ]
[2023-12-25T11:01:32+08:00][sql] SELECT * FROM `jm_browse_index` WHERE  `ip` = '113.185.43.92' ORDER BY `id` DESC LIMIT 1 [ RunTime:0.000411s ]
[2023-12-25T11:01:32+08:00][sql] SHOW FULL COLUMNS FROM `jm_page_index` [ RunTime:0.001127s ]
[2023-12-25T11:01:32+08:00][sql] SELECT * FROM `jm_page_index` WHERE  `id` = 2 LIMIT 1 [ RunTime:0.000398s ]
[2023-12-25T11:01:32+08:00][sql] SHOW FULL COLUMNS FROM `jm_category` [ RunTime:0.001243s ]
[2023-12-25T11:01:32+08:00][sql] SELECT * FROM `jm_category` WHERE  `id` = 75 LIMIT 1 [ RunTime:0.000417s ]
[2023-12-25T11:01:32+08:00][sql] SELECT * FROM `jm_category` WHERE  `id` = 0 LIMIT 1 [ RunTime:0.000213s ]
[2023-12-25T11:01:32+08:00][sql] SHOW FULL COLUMNS FROM `jm_ad_index` [ RunTime:0.001061s ]
[2023-12-25T11:01:32+08:00][sql] SELECT * FROM `jm_ad_index` WHERE  `g_id` = 75 LIMIT 1 [ RunTime:0.000345s ]
[2023-12-25T11:01:32+08:00][sql] SELECT `id` FROM `jm_page_index` WHERE  `c_id` = 75 LIMIT 1 [ RunTime:0.000180s ]
[2023-12-25T11:01:32+08:00][sql] SELECT * FROM `jm_category` WHERE  `pid` = 75 [ RunTime:0.000214s ]
[2023-12-25T11:01:32+08:00][sql] SELECT * FROM `jm_page_index` WHERE  `c_id` = 76 ORDER BY `sort` ASC [ RunTime:0.000253s ]
[2023-12-25T11:01:36+08:00][sql] CONNECT:[ UseTime:0.001067s ] mysql:host=127.0.0.1;port=3306;dbname=www_fsqf_com;charset=utf8
[2023-12-25T11:01:36+08:00][sql] SHOW FULL COLUMNS FROM `jm_nav` [ RunTime:0.002680s ]
[2023-12-25T11:01:36+08:00][sql] SELECT * FROM `jm_nav` ORDER BY `sort` ASC [ RunTime:0.000768s ]
[2023-12-25T11:01:36+08:00][sql] SHOW FULL COLUMNS FROM `jm_browse_index` [ RunTime:0.002425s ]
[2023-12-25T11:01:36+08:00][sql] SELECT * FROM `jm_browse_index` WHERE  `ip` = '113.185.43.92' ORDER BY `id` DESC LIMIT 1 [ RunTime:0.000768s ]
[2023-12-25T11:01:36+08:00][sql] INSERT INTO `jm_browse_index` SET `cid` = 0 , `url` = '/page/12.html' , `ip` = '113.185.43.92' , `mark` = '3eb6b67fb15aaee94b4c6abfb476396f' , `user_agent` = 'Mozilla/5.0 (Windows NT 10.0; Win64; x64) AppleWebKit/537.36 (KHTML, like Gecko) Chrome/114.0.5735.289 Safari/537.36' , `create_time` = '2023-12-25 11:01:36.699299' [ RunTime:0.000647s ]
[2023-12-25T11:01:36+08:00][sql] SHOW FULL COLUMNS FROM `jm_page_index` [ RunTime:0.003056s ]
[2023-12-25T11:01:36+08:00][sql] SELECT * FROM `jm_page_index` WHERE  `id` = 12 LIMIT 1 [ RunTime:0.001013s ]
[2023-12-25T11:01:36+08:00][sql] SHOW FULL COLUMNS FROM `jm_category` [ RunTime:0.002749s ]
[2023-12-25T11:01:36+08:00][sql] SELECT * FROM `jm_category` WHERE  `id` = 76 LIMIT 1 [ RunTime:0.000605s ]
[2023-12-25T11:01:36+08:00][sql] SELECT * FROM `jm_category` WHERE  `id` = 0 LIMIT 1 [ RunTime:0.000385s ]
[2023-12-25T11:01:36+08:00][sql] SHOW FULL COLUMNS FROM `jm_ad_index` [ RunTime:0.001798s ]
[2023-12-25T11:01:36+08:00][sql] SELECT * FROM `jm_ad_index` WHERE  `g_id` = 76 LIMIT 1 [ RunTime:0.000610s ]
[2023-12-25T11:01:36+08:00][sql] SELECT `id` FROM `jm_page_index` WHERE  `c_id` = 76 LIMIT 1 [ RunTime:0.000319s ]
[2023-12-25T11:01:36+08:00][sql] SELECT * FROM `jm_category` WHERE  `pid` = 76 [ RunTime:0.000616s ]
[2023-12-25T11:01:36+08:00][sql] SELECT * FROM `jm_page_index` WHERE  `c_id` = 76 ORDER BY `sort` ASC [ RunTime:0.000475s ]
[2023-12-25T11:01:47+08:00][sql] CONNECT:[ UseTime:0.000821s ] mysql:host=127.0.0.1;port=3306;dbname=www_fsqf_com;charset=utf8
[2023-12-25T11:01:47+08:00][sql] SHOW FULL COLUMNS FROM `jm_nav` [ RunTime:0.001954s ]
[2023-12-25T11:01:47+08:00][sql] SELECT * FROM `jm_nav` ORDER BY `sort` ASC [ RunTime:0.000501s ]
[2023-12-25T11:01:47+08:00][sql] SHOW FULL COLUMNS FROM `jm_browse_index` [ RunTime:0.001385s ]
[2023-12-25T11:01:47+08:00][sql] SELECT * FROM `jm_browse_index` WHERE  `ip` = '113.185.43.92' ORDER BY `id` DESC LIMIT 1 [ RunTime:0.000472s ]
[2023-12-25T11:01:47+08:00][sql] SHOW FULL COLUMNS FROM `jm_page_index` [ RunTime:0.001317s ]
[2023-12-25T11:01:47+08:00][sql] SELECT * FROM `jm_page_index` WHERE  `id` = 12 LIMIT 1 [ RunTime:0.000520s ]
[2023-12-25T11:01:47+08:00][sql] SHOW FULL COLUMNS FROM `jm_category` [ RunTime:0.001380s ]
[2023-12-25T11:01:47+08:00][sql] SELECT * FROM `jm_category` WHERE  `id` = 76 LIMIT 1 [ RunTime:0.000468s ]
[2023-12-25T11:01:47+08:00][sql] SELECT * FROM `jm_category` WHERE  `id` = 0 LIMIT 1 [ RunTime:0.000333s ]
[2023-12-25T11:01:47+08:00][sql] SHOW FULL COLUMNS FROM `jm_ad_index` [ RunTime:0.001285s ]
[2023-12-25T11:01:47+08:00][sql] SELECT * FROM `jm_ad_index` WHERE  `g_id` = 76 LIMIT 1 [ RunTime:0.000387s ]
[2023-12-25T11:01:47+08:00][sql] SELECT `id` FROM `jm_page_index` WHERE  `c_id` = 76 LIMIT 1 [ RunTime:0.000268s ]
[2023-12-25T11:01:47+08:00][sql] SELECT * FROM `jm_category` WHERE  `pid` = 76 [ RunTime:0.000288s ]
[2023-12-25T11:01:47+08:00][sql] SELECT * FROM `jm_page_index` WHERE  `c_id` = 76 ORDER BY `sort` ASC [ RunTime:0.000282s ]
[2023-12-25T11:01:49+08:00][sql] CONNECT:[ UseTime:0.001025s ] mysql:host=127.0.0.1;port=3306;dbname=www_fsqf_com;charset=utf8
[2023-12-25T11:01:49+08:00][sql] SHOW FULL COLUMNS FROM `jm_nav` [ RunTime:0.002068s ]
[2023-12-25T11:01:49+08:00][sql] SELECT * FROM `jm_nav` ORDER BY `sort` ASC [ RunTime:0.000634s ]
[2023-12-25T11:01:49+08:00][sql] SHOW FULL COLUMNS FROM `jm_browse_index` [ RunTime:0.001811s ]
[2023-12-25T11:01:49+08:00][sql] SELECT * FROM `jm_browse_index` WHERE  `ip` = '113.185.43.92' ORDER BY `id` DESC LIMIT 1 [ RunTime:0.000693s ]
[2023-12-25T11:01:49+08:00][sql] SHOW FULL COLUMNS FROM `jm_page_index` [ RunTime:0.001780s ]
[2023-12-25T11:01:49+08:00][sql] SELECT * FROM `jm_page_index` WHERE  `id` = 12 LIMIT 1 [ RunTime:0.000593s ]
[2023-12-25T11:01:49+08:00][sql] SHOW FULL COLUMNS FROM `jm_category` [ RunTime:0.001844s ]
[2023-12-25T11:01:49+08:00][sql] SELECT * FROM `jm_category` WHERE  `id` = 76 LIMIT 1 [ RunTime:0.000643s ]
[2023-12-25T11:01:49+08:00][sql] SELECT * FROM `jm_category` WHERE  `id` = 0 LIMIT 1 [ RunTime:0.000385s ]
[2023-12-25T11:01:49+08:00][sql] SHOW FULL COLUMNS FROM `jm_ad_index` [ RunTime:0.001726s ]
[2023-12-25T11:01:49+08:00][sql] SELECT * FROM `jm_ad_index` WHERE  `g_id` = 76 LIMIT 1 [ RunTime:0.000550s ]
[2023-12-25T11:01:49+08:00][sql] SELECT `id` FROM `jm_page_index` WHERE  `c_id` = 76 LIMIT 1 [ RunTime:0.000372s ]
[2023-12-25T11:01:49+08:00][sql] SELECT * FROM `jm_category` WHERE  `pid` = 76 [ RunTime:0.000398s ]
[2023-12-25T11:01:49+08:00][sql] SELECT * FROM `jm_page_index` WHERE  `c_id` = 76 ORDER BY `sort` ASC [ RunTime:0.000449s ]
[2023-12-25T13:45:49+08:00][sql] CONNECT:[ UseTime:0.000930s ] mysql:host=127.0.0.1;port=3306;dbname=www_fsqf_com;charset=utf8
[2023-12-25T13:45:49+08:00][sql] SHOW FULL COLUMNS FROM `jm_nav` [ RunTime:0.001589s ]
[2023-12-25T13:45:49+08:00][sql] SELECT * FROM `jm_nav` ORDER BY `sort` ASC [ RunTime:0.000822s ]
[2023-12-25T13:45:49+08:00][sql] SHOW FULL COLUMNS FROM `jm_browse_index` [ RunTime:0.001858s ]
[2023-12-25T13:45:49+08:00][sql] SELECT * FROM `jm_browse_index` WHERE  `ip` = '60.188.9.115' ORDER BY `id` DESC LIMIT 1 [ RunTime:0.003326s ]
[2023-12-25T13:45:49+08:00][sql] INSERT INTO `jm_browse_index` SET `cid` = 0 , `url` = '/page/12.html' , `ip` = '60.188.9.115' , `mark` = '591ea2a9c57cc5b78a4df38dee68b8ed' , `user_agent` = 'Mozilla/5.0 (Windows NT 6.1; Win64; x64) AppleWebKit/537.36 (KHTML, like Gecko) Chrome/69.0.3497.81 YisouSpider/5.0 Safari/537.36' , `create_time` = '2023-12-25 13:45:49.197278' [ RunTime:0.000425s ]
[2023-12-25T13:45:49+08:00][sql] SHOW FULL COLUMNS FROM `jm_page_index` [ RunTime:0.001987s ]
[2023-12-25T13:45:49+08:00][sql] SELECT * FROM `jm_page_index` WHERE  `id` = 12 LIMIT 1 [ RunTime:0.000779s ]
[2023-12-25T13:45:49+08:00][sql] SHOW FULL COLUMNS FROM `jm_category` [ RunTime:0.001808s ]
[2023-12-25T13:45:49+08:00][sql] SELECT * FROM `jm_category` WHERE  `id` = 76 LIMIT 1 [ RunTime:0.000758s ]
[2023-12-25T13:45:49+08:00][sql] SELECT * FROM `jm_category` WHERE  `id` = 0 LIMIT 1 [ RunTime:0.000344s ]
[2023-12-25T13:45:49+08:00][sql] SHOW FULL COLUMNS FROM `jm_ad_index` [ RunTime:0.001822s ]
[2023-12-25T13:45:49+08:00][sql] SELECT * FROM `jm_ad_index` WHERE  `g_id` = 76 LIMIT 1 [ RunTime:0.000729s ]
[2023-12-25T13:45:49+08:00][sql] SELECT `id` FROM `jm_page_index` WHERE  `c_id` = 76 LIMIT 1 [ RunTime:0.000327s ]
[2023-12-25T13:45:49+08:00][sql] SELECT * FROM `jm_category` WHERE  `pid` = 76 [ RunTime:0.000312s ]
[2023-12-25T13:45:49+08:00][sql] SELECT * FROM `jm_page_index` WHERE  `c_id` = 76 ORDER BY `sort` ASC [ RunTime:0.000387s ]
[2023-12-25T16:11:39+08:00][sql] CONNECT:[ UseTime:0.000838s ] mysql:host=127.0.0.1;port=3306;dbname=www_fsqf_com;charset=utf8
[2023-12-25T16:11:39+08:00][sql] SHOW FULL COLUMNS FROM `jm_nav` [ RunTime:0.001885s ]
[2023-12-25T16:11:39+08:00][sql] SELECT * FROM `jm_nav` ORDER BY `sort` ASC [ RunTime:0.001603s ]
[2023-12-25T16:11:39+08:00][sql] SHOW FULL COLUMNS FROM `jm_browse_index` [ RunTime:0.001680s ]
[2023-12-25T16:11:39+08:00][sql] SELECT * FROM `jm_browse_index` WHERE  `ip` = '36.34.9.195' ORDER BY `id` DESC LIMIT 1 [ RunTime:0.002922s ]
[2023-12-25T16:11:39+08:00][sql] INSERT INTO `jm_browse_index` SET `cid` = 0 , `url` = '/page/1.html' , `ip` = '36.34.9.195' , `mark` = '1912b9e6d23dd7e1907586e25b31b71a' , `user_agent` = 'Mozilla/5.0 (Windows NT 10.0; Win64; x64) AppleWebKit/537.36 (KHTML, like Gecko) Chrome/114.0.5735.289 Safari/537.36' , `create_time` = '2023-12-25 16:11:38.923324' [ RunTime:0.000456s ]
[2023-12-25T16:11:39+08:00][sql] SHOW FULL COLUMNS FROM `jm_page_index` [ RunTime:0.003723s ]
[2023-12-25T16:11:39+08:00][sql] SELECT * FROM `jm_page_index` WHERE  `id` = 1 LIMIT 1 [ RunTime:0.001354s ]
[2023-12-25T16:11:39+08:00][sql] SHOW FULL COLUMNS FROM `jm_category` [ RunTime:0.003502s ]
[2023-12-25T16:11:39+08:00][sql] SELECT * FROM `jm_category` WHERE  `id` = 52 LIMIT 1 [ RunTime:0.001359s ]
[2023-12-25T16:11:39+08:00][sql] SELECT * FROM `jm_category` WHERE  `id` = 0 LIMIT 1 [ RunTime:0.000504s ]
[2023-12-25T16:11:39+08:00][sql] SHOW FULL COLUMNS FROM `jm_ad_index` [ RunTime:0.003273s ]
[2023-12-25T16:11:39+08:00][sql] SELECT * FROM `jm_ad_index` WHERE  `g_id` = 52 LIMIT 1 [ RunTime:0.001224s ]
[2023-12-25T16:11:39+08:00][sql] SELECT `id` FROM `jm_page_index` WHERE  `c_id` = 52 LIMIT 1 [ RunTime:0.000494s ]
[2023-12-25T16:11:39+08:00][sql] SELECT * FROM `jm_category` WHERE  `pid` = 52 [ RunTime:0.000457s ]
[2023-12-25T16:11:39+08:00][sql] SELECT * FROM `jm_page_index` WHERE  `c_id` = 76 ORDER BY `sort` ASC [ RunTime:0.000508s ]
[2023-12-25T16:11:43+08:00][sql] CONNECT:[ UseTime:0.001245s ] mysql:host=127.0.0.1;port=3306;dbname=www_fsqf_com;charset=utf8
[2023-12-25T16:11:43+08:00][sql] SHOW FULL COLUMNS FROM `jm_nav` [ RunTime:0.003577s ]
[2023-12-25T16:11:43+08:00][sql] SELECT * FROM `jm_nav` ORDER BY `sort` ASC [ RunTime:0.001105s ]
[2023-12-25T16:11:43+08:00][sql] SHOW FULL COLUMNS FROM `jm_browse_index` [ RunTime:0.002674s ]
[2023-12-25T16:11:43+08:00][sql] SELECT * FROM `jm_browse_index` WHERE  `ip` = '36.34.9.195' ORDER BY `id` DESC LIMIT 1 [ RunTime:0.000653s ]
[2023-12-25T16:11:43+08:00][sql] INSERT INTO `jm_browse_index` SET `cid` = 0 , `url` = '/page/2.html' , `ip` = '36.34.9.195' , `mark` = 'c253df44d8a63be2bae73cb06e8617d9' , `user_agent` = 'Mozilla/5.0 (Windows NT 10.0; Win64; x64) AppleWebKit/537.36 (KHTML, like Gecko) Chrome/114.0.5735.289 Safari/537.36' , `create_time` = '2023-12-25 16:11:43.847798' [ RunTime:0.000527s ]
[2023-12-25T16:11:43+08:00][sql] SHOW FULL COLUMNS FROM `jm_page_index` [ RunTime:0.002672s ]
[2023-12-25T16:11:43+08:00][sql] SELECT * FROM `jm_page_index` WHERE  `id` = 2 LIMIT 1 [ RunTime:0.000770s ]
[2023-12-25T16:11:43+08:00][sql] SHOW FULL COLUMNS FROM `jm_category` [ RunTime:0.002452s ]
[2023-12-25T16:11:43+08:00][sql] SELECT * FROM `jm_category` WHERE  `id` = 75 LIMIT 1 [ RunTime:0.000830s ]
[2023-12-25T16:11:43+08:00][sql] SELECT * FROM `jm_category` WHERE  `id` = 0 LIMIT 1 [ RunTime:0.000432s ]
[2023-12-25T16:11:43+08:00][sql] SHOW FULL COLUMNS FROM `jm_ad_index` [ RunTime:0.003100s ]
[2023-12-25T16:11:43+08:00][sql] SELECT * FROM `jm_ad_index` WHERE  `g_id` = 75 LIMIT 1 [ RunTime:0.000537s ]
[2023-12-25T16:11:43+08:00][sql] SELECT `id` FROM `jm_page_index` WHERE  `c_id` = 75 LIMIT 1 [ RunTime:0.000286s ]
[2023-12-25T16:11:43+08:00][sql] SELECT * FROM `jm_category` WHERE  `pid` = 75 [ RunTime:0.000289s ]
[2023-12-25T16:11:43+08:00][sql] SELECT * FROM `jm_page_index` WHERE  `c_id` = 76 ORDER BY `sort` ASC [ RunTime:0.000506s ]
[2023-12-25T16:12:32+08:00][sql] CONNECT:[ UseTime:0.000848s ] mysql:host=127.0.0.1;port=3306;dbname=www_fsqf_com;charset=utf8
[2023-12-25T16:12:32+08:00][sql] SHOW FULL COLUMNS FROM `jm_nav` [ RunTime:0.001684s ]
[2023-12-25T16:12:32+08:00][sql] SELECT * FROM `jm_nav` ORDER BY `sort` ASC [ RunTime:0.000536s ]
[2023-12-25T16:12:32+08:00][sql] SHOW FULL COLUMNS FROM `jm_browse_index` [ RunTime:0.001684s ]
[2023-12-25T16:12:32+08:00][sql] SELECT * FROM `jm_browse_index` WHERE  `ip` = '123.6.49.42' ORDER BY `id` DESC LIMIT 1 [ RunTime:0.004105s ]
[2023-12-25T16:12:32+08:00][sql] INSERT INTO `jm_browse_index` SET `cid` = 0 , `url` = '/' , `ip` = '123.6.49.42' , `mark` = '5c9e361638065ddf67d858208903a7ab' , `user_agent` = 'Mozilla/5.0 (Linux; Android 8.0; Pixel 2 Build/OPD3.170816.012) AppleWebKit/537.36 (KHTML, like Gecko) Chrome/87.0.4280.88 Mobile Safari/537.36' , `create_time` = '2023-12-25 16:12:32.789683' [ RunTime:0.000711s ]
[2023-12-25T16:12:32+08:00][sql] SHOW FULL COLUMNS FROM `jm_news_index` [ RunTime:0.003169s ]
[2023-12-25T16:12:32+08:00][sql] SELECT * FROM `jm_news_index` WHERE  `c_id` = 78  AND `status` = 1 ORDER BY `create_time` DESC LIMIT 5 [ RunTime:0.001478s ]
[2023-12-25T16:12:32+08:00][sql] SELECT * FROM `jm_news_index` WHERE  `c_id` = 79  AND `status` = 1 ORDER BY `create_time` DESC LIMIT 5 [ RunTime:0.000732s ]
[2023-12-25T16:12:32+08:00][sql] SELECT * FROM `jm_news_index` WHERE  `c_id` = 77  AND `status` = 1 ORDER BY `create_time` DESC LIMIT 5 [ RunTime:0.000597s ]
[2023-12-25T16:12:53+08:00][sql] CONNECT:[ UseTime:0.001289s ] mysql:host=127.0.0.1;port=3306;dbname=www_fsqf_com;charset=utf8
[2023-12-25T16:12:53+08:00][sql] SHOW FULL COLUMNS FROM `jm_nav` [ RunTime:0.003284s ]
[2023-12-25T16:12:53+08:00][sql] SELECT * FROM `jm_nav` ORDER BY `sort` ASC [ RunTime:0.000796s ]
[2023-12-25T16:12:53+08:00][sql] SHOW FULL COLUMNS FROM `jm_browse_index` [ RunTime:0.002306s ]
[2023-12-25T16:12:53+08:00][sql] SELECT * FROM `jm_browse_index` WHERE  `ip` = '123.6.49.50' ORDER BY `id` DESC LIMIT 1 [ RunTime:0.002888s ]
[2023-12-25T16:12:53+08:00][sql] SHOW FULL COLUMNS FROM `jm_page_index` [ RunTime:0.001827s ]
[2023-12-25T16:12:53+08:00][sql] SELECT * FROM `jm_page_index` WHERE  `id` = 1 LIMIT 1 [ RunTime:0.000507s ]
[2023-12-25T16:12:53+08:00][sql] SHOW FULL COLUMNS FROM `jm_category` [ RunTime:0.001318s ]
[2023-12-25T16:12:53+08:00][sql] SELECT * FROM `jm_category` WHERE  `id` = 52 LIMIT 1 [ RunTime:0.000454s ]
[2023-12-25T16:12:53+08:00][sql] SELECT * FROM `jm_category` WHERE  `id` = 0 LIMIT 1 [ RunTime:0.000332s ]
[2023-12-25T16:12:53+08:00][sql] SHOW FULL COLUMNS FROM `jm_ad_index` [ RunTime:0.001226s ]
[2023-12-25T16:12:53+08:00][sql] SELECT * FROM `jm_ad_index` WHERE  `g_id` = 52 LIMIT 1 [ RunTime:0.000460s ]
[2023-12-25T16:12:53+08:00][sql] SELECT `id` FROM `jm_page_index` WHERE  `c_id` = 52 LIMIT 1 [ RunTime:0.000261s ]
[2023-12-25T16:12:53+08:00][sql] SELECT * FROM `jm_category` WHERE  `pid` = 52 [ RunTime:0.000292s ]
[2023-12-25T16:12:53+08:00][sql] SELECT * FROM `jm_page_index` WHERE  `c_id` = 76 ORDER BY `sort` ASC [ RunTime:0.000308s ]
[2023-12-25T16:12:53+08:00][sql] CONNECT:[ UseTime:0.000843s ] mysql:host=127.0.0.1;port=3306;dbname=www_fsqf_com;charset=utf8
[2023-12-25T16:12:53+08:00][sql] SHOW FULL COLUMNS FROM `jm_nav` [ RunTime:0.001938s ]
[2023-12-25T16:12:53+08:00][sql] SELECT * FROM `jm_nav` ORDER BY `sort` ASC [ RunTime:0.000589s ]
[2023-12-25T16:12:53+08:00][sql] SHOW FULL COLUMNS FROM `jm_browse_index` [ RunTime:0.001319s ]
[2023-12-25T16:12:53+08:00][sql] SELECT * FROM `jm_browse_index` WHERE  `ip` = '123.6.49.47' ORDER BY `id` DESC LIMIT 1 [ RunTime:0.001413s ]
[2023-12-25T16:12:53+08:00][sql] INSERT INTO `jm_browse_index` SET `cid` = 0 , `url` = '/page/1.html' , `ip` = '123.6.49.47' , `mark` = '24f0e70c1665b786c84fa0ebf609205c' , `user_agent` = 'Mozilla/5.0 (Linux; Android 8.0; Pixel 2 Build/OPD3.170816.012) AppleWebKit/537.36 (KHTML, like Gecko) Chrome/87.0.4280.88 Mobile Safari/537.36' , `create_time` = '2023-12-25 16:12:53.496357' [ RunTime:0.000357s ]
[2023-12-25T16:12:53+08:00][sql] SHOW FULL COLUMNS FROM `jm_page_index` [ RunTime:0.001596s ]
[2023-12-25T16:12:53+08:00][sql] SELECT * FROM `jm_page_index` WHERE  `id` = 1 LIMIT 1 [ RunTime:0.000524s ]
[2023-12-25T16:12:53+08:00][sql] SHOW FULL COLUMNS FROM `jm_category` [ RunTime:0.001326s ]
[2023-12-25T16:12:53+08:00][sql] SELECT * FROM `jm_category` WHERE  `id` = 52 LIMIT 1 [ RunTime:0.000511s ]
[2023-12-25T16:12:53+08:00][sql] SELECT * FROM `jm_category` WHERE  `id` = 0 LIMIT 1 [ RunTime:0.000254s ]
[2023-12-25T16:12:53+08:00][sql] SHOW FULL COLUMNS FROM `jm_ad_index` [ RunTime:0.001245s ]
[2023-12-25T16:12:53+08:00][sql] SELECT * FROM `jm_ad_index` WHERE  `g_id` = 52 LIMIT 1 [ RunTime:0.000477s ]
[2023-12-25T16:12:53+08:00][sql] SELECT `id` FROM `jm_page_index` WHERE  `c_id` = 52 LIMIT 1 [ RunTime:0.000299s ]
[2023-12-25T16:12:53+08:00][sql] SELECT * FROM `jm_category` WHERE  `pid` = 52 [ RunTime:0.000537s ]
[2023-12-25T16:12:53+08:00][sql] SELECT * FROM `jm_page_index` WHERE  `c_id` = 76 ORDER BY `sort` ASC [ RunTime:0.000370s ]
[2023-12-25T16:13:00+08:00][sql] CONNECT:[ UseTime:0.001012s ] mysql:host=127.0.0.1;port=3306;dbname=www_fsqf_com;charset=utf8
[2023-12-25T16:13:00+08:00][sql] SHOW FULL COLUMNS FROM `jm_nav` [ RunTime:0.002296s ]
[2023-12-25T16:13:00+08:00][sql] SELECT * FROM `jm_nav` ORDER BY `sort` ASC [ RunTime:0.000691s ]
[2023-12-25T16:13:00+08:00][sql] SHOW FULL COLUMNS FROM `jm_browse_index` [ RunTime:0.002093s ]
[2023-12-25T16:13:00+08:00][sql] SELECT * FROM `jm_browse_index` WHERE  `ip` = '116.179.32.108' ORDER BY `id` DESC LIMIT 1 [ RunTime:0.004481s ]
[2023-12-25T16:13:00+08:00][sql] INSERT INTO `jm_browse_index` SET `cid` = 0 , `url` = '/page/1.html' , `ip` = '116.179.32.108' , `mark` = 'b70d5fe06dd21035d984c617b2a002e2' , `user_agent` = 'Mozilla/5.0 (compatible; Baiduspider/2.0; +http://www.baidu.com/search/spider.html)' , `create_time` = '2023-12-25 16:13:00.586606' [ RunTime:0.000641s ]
[2023-12-25T16:13:00+08:00][sql] SHOW FULL COLUMNS FROM `jm_page_index` [ RunTime:0.002611s ]
[2023-12-25T16:13:00+08:00][sql] SELECT * FROM `jm_page_index` WHERE  `id` = 1 LIMIT 1 [ RunTime:0.000798s ]
[2023-12-25T16:13:00+08:00][sql] SHOW FULL COLUMNS FROM `jm_category` [ RunTime:0.001917s ]
[2023-12-25T16:13:00+08:00][sql] SELECT * FROM `jm_category` WHERE  `id` = 52 LIMIT 1 [ RunTime:0.000854s ]
[2023-12-25T16:13:00+08:00][sql] SELECT * FROM `jm_category` WHERE  `id` = 0 LIMIT 1 [ RunTime:0.000548s ]
[2023-12-25T16:13:00+08:00][sql] SHOW FULL COLUMNS FROM `jm_ad_index` [ RunTime:0.002708s ]
[2023-12-25T16:13:00+08:00][sql] SELECT * FROM `jm_ad_index` WHERE  `g_id` = 52 LIMIT 1 [ RunTime:0.000736s ]
[2023-12-25T16:13:00+08:00][sql] SELECT `id` FROM `jm_page_index` WHERE  `c_id` = 52 LIMIT 1 [ RunTime:0.000452s ]
[2023-12-25T16:13:00+08:00][sql] SELECT * FROM `jm_category` WHERE  `pid` = 52 [ RunTime:0.000488s ]
[2023-12-25T16:13:00+08:00][sql] SELECT * FROM `jm_page_index` WHERE  `c_id` = 76 ORDER BY `sort` ASC [ RunTime:0.000447s ]
[2023-12-25T16:13:39+08:00][sql] CONNECT:[ UseTime:0.000768s ] mysql:host=127.0.0.1;port=3306;dbname=www_fsqf_com;charset=utf8
[2023-12-25T16:13:39+08:00][sql] SHOW FULL COLUMNS FROM `jm_nav` [ RunTime:0.001588s ]
[2023-12-25T16:13:39+08:00][sql] SELECT * FROM `jm_nav` ORDER BY `sort` ASC [ RunTime:0.000475s ]
[2023-12-25T16:13:39+08:00][sql] SHOW FULL COLUMNS FROM `jm_browse_index` [ RunTime:0.001256s ]
[2023-12-25T16:13:39+08:00][sql] SELECT * FROM `jm_browse_index` WHERE  `ip` = '27.115.124.53' ORDER BY `id` DESC LIMIT 1 [ RunTime:0.000801s ]
[2023-12-25T16:13:39+08:00][sql] SHOW FULL COLUMNS FROM `jm_page_index` [ RunTime:0.001249s ]
[2023-12-25T16:13:39+08:00][sql] SELECT * FROM `jm_page_index` WHERE  `id` = 2 LIMIT 1 [ RunTime:0.000449s ]
[2023-12-25T16:13:39+08:00][sql] SHOW FULL COLUMNS FROM `jm_category` [ RunTime:0.001249s ]
[2023-12-25T16:13:39+08:00][sql] SELECT * FROM `jm_category` WHERE  `id` = 75 LIMIT 1 [ RunTime:0.000443s ]
[2023-12-25T16:13:39+08:00][sql] SELECT * FROM `jm_category` WHERE  `id` = 0 LIMIT 1 [ RunTime:0.000384s ]
[2023-12-25T16:13:39+08:00][sql] SHOW FULL COLUMNS FROM `jm_ad_index` [ RunTime:0.001325s ]
[2023-12-25T16:13:39+08:00][sql] SELECT * FROM `jm_ad_index` WHERE  `g_id` = 75 LIMIT 1 [ RunTime:0.000487s ]
[2023-12-25T16:13:39+08:00][sql] SELECT `id` FROM `jm_page_index` WHERE  `c_id` = 75 LIMIT 1 [ RunTime:0.000316s ]
[2023-12-25T16:13:39+08:00][sql] SELECT * FROM `jm_category` WHERE  `pid` = 75 [ RunTime:0.000375s ]
[2023-12-25T16:13:39+08:00][sql] SELECT * FROM `jm_page_index` WHERE  `c_id` = 76 ORDER BY `sort` ASC [ RunTime:0.000369s ]
[2023-12-25T16:13:39+08:00][sql] CONNECT:[ UseTime:0.000832s ] mysql:host=127.0.0.1;port=3306;dbname=www_fsqf_com;charset=utf8
[2023-12-25T16:13:39+08:00][sql] SHOW FULL COLUMNS FROM `jm_nav` [ RunTime:0.001584s ]
[2023-12-25T16:13:39+08:00][sql] SELECT * FROM `jm_nav` ORDER BY `sort` ASC [ RunTime:0.000344s ]
[2023-12-25T16:13:39+08:00][sql] SHOW FULL COLUMNS FROM `jm_browse_index` [ RunTime:0.001276s ]
[2023-12-25T16:13:39+08:00][sql] SELECT * FROM `jm_browse_index` WHERE  `ip` = '27.115.124.53' ORDER BY `id` DESC LIMIT 1 [ RunTime:0.000680s ]
[2023-12-25T16:13:39+08:00][sql] SHOW FULL COLUMNS FROM `jm_page_index` [ RunTime:0.001213s ]
[2023-12-25T16:13:39+08:00][sql] SELECT * FROM `jm_page_index` WHERE  `id` = 2 LIMIT 1 [ RunTime:0.000363s ]
[2023-12-25T16:13:39+08:00][sql] SHOW FULL COLUMNS FROM `jm_category` [ RunTime:0.001223s ]
[2023-12-25T16:13:39+08:00][sql] SELECT * FROM `jm_category` WHERE  `id` = 75 LIMIT 1 [ RunTime:0.000344s ]
[2023-12-25T16:13:39+08:00][sql] SELECT * FROM `jm_category` WHERE  `id` = 0 LIMIT 1 [ RunTime:0.000240s ]
[2023-12-25T16:13:39+08:00][sql] SHOW FULL COLUMNS FROM `jm_ad_index` [ RunTime:0.001165s ]
[2023-12-25T16:13:39+08:00][sql] SELECT * FROM `jm_ad_index` WHERE  `g_id` = 75 LIMIT 1 [ RunTime:0.000313s ]
[2023-12-25T16:13:39+08:00][sql] SELECT `id` FROM `jm_page_index` WHERE  `c_id` = 75 LIMIT 1 [ RunTime:0.000234s ]
[2023-12-25T16:13:39+08:00][sql] SELECT * FROM `jm_category` WHERE  `pid` = 75 [ RunTime:0.000231s ]
[2023-12-25T16:13:39+08:00][sql] SELECT * FROM `jm_page_index` WHERE  `c_id` = 76 ORDER BY `sort` ASC [ RunTime:0.000283s ]
[2023-12-25T19:12:04+08:00][sql] CONNECT:[ UseTime:0.001263s ] mysql:host=127.0.0.1;port=3306;dbname=www_fsqf_com;charset=utf8
[2023-12-25T19:12:04+08:00][sql] SHOW FULL COLUMNS FROM `jm_nav` [ RunTime:0.003708s ]
[2023-12-25T19:12:04+08:00][sql] SELECT * FROM `jm_nav` ORDER BY `sort` ASC [ RunTime:0.000996s ]
[2023-12-25T19:12:04+08:00][sql] SHOW FULL COLUMNS FROM `jm_browse_index` [ RunTime:0.001781s ]
[2023-12-25T19:12:04+08:00][sql] SELECT * FROM `jm_browse_index` WHERE  `ip` = '60.188.11.13' ORDER BY `id` DESC LIMIT 1 [ RunTime:0.003381s ]
[2023-12-25T19:12:04+08:00][sql] INSERT INTO `jm_browse_index` SET `cid` = 0 , `url` = '/page/11.html' , `ip` = '60.188.11.13' , `mark` = 'a3afb3d873ac59e3a393791f4170d2ca' , `user_agent` = 'Mozilla/5.0 (Windows NT 6.1; Win64; x64) AppleWebKit/537.36 (KHTML, like Gecko) Chrome/69.0.3497.81 YisouSpider/5.0 Safari/537.36' , `create_time` = '2023-12-25 19:12:04.440701' [ RunTime:0.000684s ]
[2023-12-25T19:12:04+08:00][sql] SHOW FULL COLUMNS FROM `jm_page_index` [ RunTime:0.004811s ]
[2023-12-25T19:12:04+08:00][sql] SELECT * FROM `jm_page_index` WHERE  `id` = 11 LIMIT 1 [ RunTime:0.001028s ]
[2023-12-25T19:12:04+08:00][sql] SHOW FULL COLUMNS FROM `jm_category` [ RunTime:0.002032s ]
[2023-12-25T19:12:04+08:00][sql] SELECT * FROM `jm_category` WHERE  `id` = 76 LIMIT 1 [ RunTime:0.000892s ]
[2023-12-25T19:12:04+08:00][sql] SELECT * FROM `jm_category` WHERE  `id` = 0 LIMIT 1 [ RunTime:0.000428s ]
[2023-12-25T19:12:04+08:00][sql] SHOW FULL COLUMNS FROM `jm_ad_index` [ RunTime:0.001808s ]
[2023-12-25T19:12:04+08:00][sql] SELECT * FROM `jm_ad_index` WHERE  `g_id` = 76 LIMIT 1 [ RunTime:0.000704s ]
[2023-12-25T19:12:04+08:00][sql] SELECT `id` FROM `jm_page_index` WHERE  `c_id` = 76 LIMIT 1 [ RunTime:0.000339s ]
[2023-12-25T19:12:04+08:00][sql] SELECT * FROM `jm_category` WHERE  `pid` = 76 [ RunTime:0.000711s ]
[2023-12-25T19:12:04+08:00][sql] SELECT * FROM `jm_page_index` WHERE  `c_id` = 76 ORDER BY `sort` ASC [ RunTime:0.000549s ]
[2023-12-25T21:08:10+08:00][sql] CONNECT:[ UseTime:0.000789s ] mysql:host=127.0.0.1;port=3306;dbname=www_fsqf_com;charset=utf8
[2023-12-25T21:08:10+08:00][sql] SHOW FULL COLUMNS FROM `jm_nav` [ RunTime:0.002177s ]
[2023-12-25T21:08:10+08:00][sql] SELECT * FROM `jm_nav` ORDER BY `sort` ASC [ RunTime:0.000846s ]
[2023-12-25T21:08:10+08:00][sql] SHOW FULL COLUMNS FROM `jm_browse_index` [ RunTime:0.001900s ]
[2023-12-25T21:08:10+08:00][sql] SELECT * FROM `jm_browse_index` WHERE  `ip` = '34.220.118.214' ORDER BY `id` DESC LIMIT 1 [ RunTime:0.003500s ]
[2023-12-25T21:08:10+08:00][sql] INSERT INTO `jm_browse_index` SET `cid` = 0 , `url` = '/' , `ip` = '34.220.118.214' , `mark` = '9a2c16837a063b60eaa70886b82fc3cc' , `user_agent` = 'Mozilla/5.0 (X11; Linux x86_64) AppleWebKit/537.36 (KHTML, like Gecko) Chrome/83.0.4103.97 Safari/537.36' , `create_time` = '2023-12-25 21:08:10.255795' [ RunTime:0.000464s ]
[2023-12-25T21:08:10+08:00][sql] SHOW FULL COLUMNS FROM `jm_news_index` [ RunTime:0.002188s ]
[2023-12-25T21:08:10+08:00][sql] SELECT * FROM `jm_news_index` WHERE  `c_id` = 78  AND `status` = 1 ORDER BY `create_time` DESC LIMIT 5 [ RunTime:0.001035s ]
[2023-12-25T21:08:10+08:00][sql] SELECT * FROM `jm_news_index` WHERE  `c_id` = 79  AND `status` = 1 ORDER BY `create_time` DESC LIMIT 5 [ RunTime:0.000853s ]
[2023-12-25T21:08:10+08:00][sql] SELECT * FROM `jm_news_index` WHERE  `c_id` = 77  AND `status` = 1 ORDER BY `create_time` DESC LIMIT 5 [ RunTime:0.000811s ]
[2023-12-25T21:27:53+08:00][sql] CONNECT:[ UseTime:0.001036s ] mysql:host=127.0.0.1;port=3306;dbname=www_fsqf_com;charset=utf8
[2023-12-25T21:27:53+08:00][sql] SHOW FULL COLUMNS FROM `jm_nav` [ RunTime:0.002284s ]
[2023-12-25T21:27:53+08:00][sql] SELECT * FROM `jm_nav` ORDER BY `sort` ASC [ RunTime:0.000812s ]
[2023-12-25T21:27:53+08:00][sql] SHOW FULL COLUMNS FROM `jm_browse_index` [ RunTime:0.002011s ]
[2023-12-25T21:27:53+08:00][sql] SELECT * FROM `jm_browse_index` WHERE  `ip` = '220.181.108.103' ORDER BY `id` DESC LIMIT 1 [ RunTime:0.001941s ]
[2023-12-25T21:27:53+08:00][sql] INSERT INTO `jm_browse_index` SET `cid` = 77 , `url` = '/list/77.html' , `ip` = '220.181.108.103' , `mark` = '078bddaf871914cda9f10e724ba91bbf' , `user_agent` = 'Mozilla/5.0 (compatible; Baiduspider/2.0; +http://www.baidu.com/search/spider.html)' , `create_time` = '2023-12-25 21:27:53.810356' [ RunTime:0.000366s ]
[2023-12-25T21:27:53+08:00][sql] SHOW FULL COLUMNS FROM `jm_category` [ RunTime:0.002291s ]
[2023-12-25T21:27:53+08:00][sql] SELECT `pid` FROM `jm_category` WHERE  `id` = 77 LIMIT 1 [ RunTime:0.001115s ]
[2023-12-25T21:27:53+08:00][sql] SHOW FULL COLUMNS FROM `jm_news_index` [ RunTime:0.003477s ]
[2023-12-25T21:27:53+08:00][sql] SELECT COUNT(*) AS think_count FROM `jm_news_index` WHERE  `status` = 1  AND `c_id` = 77 LIMIT 1 [ RunTime:0.000741s ]
[2023-12-25T21:27:53+08:00][sql] SELECT * FROM `jm_news_index` WHERE  `status` = 1  AND `c_id` = 77 ORDER BY `create_time` DESC LIMIT 0,5 [ RunTime:0.000845s ]
[2023-12-25T21:27:53+08:00][sql] SELECT * FROM `jm_category` WHERE  `id` = 77 LIMIT 1 [ RunTime:0.000534s ]
[2023-12-25T21:27:53+08:00][sql] SELECT * FROM `jm_category` WHERE  `id` = 74 LIMIT 1 [ RunTime:0.000434s ]
[2023-12-25T21:27:53+08:00][sql] SHOW FULL COLUMNS FROM `jm_ad_index` [ RunTime:0.002101s ]
[2023-12-25T21:27:53+08:00][sql] SELECT * FROM `jm_ad_index` WHERE  `g_id` = 74 LIMIT 1 [ RunTime:0.000920s ]
[2023-12-25T21:27:53+08:00][sql] SELECT * FROM `jm_category` WHERE  `pid` = 74 ORDER BY `sort` ASC [ RunTime:0.000409s ]
