[2024-01-22T02:37:15+08:00][sql] CONNECT:[ UseTime:0.001024s ] mysql:host=127.0.0.1;port=3306;dbname=www_fsqf_com;charset=utf8
[2024-01-22T02:37:15+08:00][sql] SHOW FULL COLUMNS FROM `jm_nav` [ RunTime:0.002731s ]
[2024-01-22T02:37:15+08:00][sql] SELECT * FROM `jm_nav` ORDER BY `sort` ASC [ RunTime:0.000944s ]
[2024-01-22T02:37:15+08:00][sql] SHOW FULL COLUMNS FROM `jm_browse_index` [ RunTime:0.002086s ]
[2024-01-22T02:37:15+08:00][sql] SELECT * FROM `jm_browse_index` WHERE  `ip` = '80.248.227.19' ORDER BY `id` DESC LIMIT 1 [ RunTime:0.005038s ]
[2024-01-22T02:37:15+08:00][sql] INSERT INTO `jm_browse_index` SET `cid` = 0 , `url` = '/' , `ip` = '80.248.227.19' , `mark` = 'bbb3cef4404812e337b612fb3d541ea5' , `user_agent` = 'Mozilla/5.0 (Windows NT 10.0; Win64; x64) AppleWebKit/537.36 (KHTML, like Gecko) Teams/1.5.00.17656 Chrome/85.0.4183.121 Electron/10.4.7 Safari/537.36' , `create_time` = '2024-01-22 02:37:15.617397' [ RunTime:0.000670s ]
[2024-01-22T02:37:15+08:00][sql] SHOW FULL COLUMNS FROM `jm_news_index` [ RunTime:0.002483s ]
[2024-01-22T02:37:15+08:00][sql] SELECT * FROM `jm_news_index` WHERE  `c_id` = 78  AND `status` = 1 ORDER BY `create_time` DESC LIMIT 5 [ RunTime:0.001178s ]
[2024-01-22T02:37:15+08:00][sql] SELECT * FROM `jm_news_index` WHERE  `c_id` = 79  AND `status` = 1 ORDER BY `create_time` DESC LIMIT 5 [ RunTime:0.000884s ]
[2024-01-22T02:37:15+08:00][sql] SELECT * FROM `jm_news_index` WHERE  `c_id` = 77  AND `status` = 1 ORDER BY `create_time` DESC LIMIT 5 [ RunTime:0.000876s ]
[2024-01-22T04:34:45+08:00][sql] CONNECT:[ UseTime:0.001211s ] mysql:host=127.0.0.1;port=3306;dbname=www_fsqf_com;charset=utf8
[2024-01-22T04:34:45+08:00][sql] SHOW FULL COLUMNS FROM `jm_nav` [ RunTime:0.003483s ]
[2024-01-22T04:34:45+08:00][sql] SELECT * FROM `jm_nav` ORDER BY `sort` ASC [ RunTime:0.001345s ]
[2024-01-22T04:34:45+08:00][sql] SHOW FULL COLUMNS FROM `jm_browse_index` [ RunTime:0.002682s ]
[2024-01-22T04:34:45+08:00][sql] SELECT * FROM `jm_browse_index` WHERE  `ip` = '14.22.113.119' ORDER BY `id` DESC LIMIT 1 [ RunTime:0.003530s ]
[2024-01-22T04:34:45+08:00][sql] INSERT INTO `jm_browse_index` SET `cid` = 0 , `url` = '/' , `ip` = '14.22.113.119' , `mark` = '60f28ca843b62ef4b4115ffc5f367d7d' , `user_agent` = 'Mozilla/5.0 (Windows NT 10.0; Win64; x64) AppleWebKit/537.36 (KHTML, like Gecko) Chrome/96.0.4664.93 Safari/537.36' , `create_time` = '2024-01-22 04:34:45.770764' [ RunTime:0.000417s ]
[2024-01-22T04:34:45+08:00][sql] SHOW FULL COLUMNS FROM `jm_news_index` [ RunTime:0.002648s ]
[2024-01-22T04:34:45+08:00][sql] SELECT * FROM `jm_news_index` WHERE  `c_id` = 78  AND `status` = 1 ORDER BY `create_time` DESC LIMIT 5 [ RunTime:0.001161s ]
[2024-01-22T04:34:45+08:00][sql] SELECT * FROM `jm_news_index` WHERE  `c_id` = 79  AND `status` = 1 ORDER BY `create_time` DESC LIMIT 5 [ RunTime:0.001020s ]
[2024-01-22T04:34:45+08:00][sql] SELECT * FROM `jm_news_index` WHERE  `c_id` = 77  AND `status` = 1 ORDER BY `create_time` DESC LIMIT 5 [ RunTime:0.000971s ]
[2024-01-22T04:34:45+08:00][sql] CONNECT:[ UseTime:0.000876s ] mysql:host=127.0.0.1;port=3306;dbname=www_fsqf_com;charset=utf8
[2024-01-22T04:34:45+08:00][sql] SHOW FULL COLUMNS FROM `jm_nav` [ RunTime:0.002556s ]
[2024-01-22T04:34:45+08:00][sql] SELECT * FROM `jm_nav` ORDER BY `sort` ASC [ RunTime:0.000839s ]
[2024-01-22T04:34:45+08:00][sql] SHOW FULL COLUMNS FROM `jm_browse_index` [ RunTime:0.002015s ]
[2024-01-22T04:34:45+08:00][sql] SELECT * FROM `jm_browse_index` WHERE  `ip` = '14.22.113.119' ORDER BY `id` DESC LIMIT 1 [ RunTime:0.000633s ]
[2024-01-22T04:34:45+08:00][sql] SHOW FULL COLUMNS FROM `jm_news_index` [ RunTime:0.001855s ]
[2024-01-22T04:34:45+08:00][sql] SELECT * FROM `jm_news_index` WHERE  `c_id` = 78  AND `status` = 1 ORDER BY `create_time` DESC LIMIT 5 [ RunTime:0.000745s ]
[2024-01-22T04:34:45+08:00][sql] SELECT * FROM `jm_news_index` WHERE  `c_id` = 79  AND `status` = 1 ORDER BY `create_time` DESC LIMIT 5 [ RunTime:0.000692s ]
[2024-01-22T04:34:45+08:00][sql] SELECT * FROM `jm_news_index` WHERE  `c_id` = 77  AND `status` = 1 ORDER BY `create_time` DESC LIMIT 5 [ RunTime:0.000589s ]
[2024-01-22T04:34:46+08:00][sql] CONNECT:[ UseTime:0.000704s ] mysql:host=127.0.0.1;port=3306;dbname=www_fsqf_com;charset=utf8
[2024-01-22T04:34:46+08:00][sql] SHOW FULL COLUMNS FROM `jm_nav` [ RunTime:0.001936s ]
[2024-01-22T04:34:46+08:00][sql] SELECT * FROM `jm_nav` ORDER BY `sort` ASC [ RunTime:0.000487s ]
[2024-01-22T04:34:46+08:00][sql] SHOW FULL COLUMNS FROM `jm_browse_index` [ RunTime:0.002337s ]
[2024-01-22T04:34:46+08:00][sql] SELECT * FROM `jm_browse_index` WHERE  `ip` = '14.22.113.119' ORDER BY `id` DESC LIMIT 1 [ RunTime:0.000797s ]
[2024-01-22T04:34:46+08:00][sql] INSERT INTO `jm_browse_index` SET `cid` = 0 , `url` = '/page/11.html' , `ip` = '14.22.113.119' , `mark` = '1cdb435413a6a3bf83d969246181acbd' , `user_agent` = 'Mozilla/5.0 (Windows NT 10.0; Win64; x64) AppleWebKit/537.36 (KHTML, like Gecko) Chrome/96.0.4664.93 Safari/537.36' , `create_time` = '2024-01-22 04:34:46.076527' [ RunTime:0.000636s ]
[2024-01-22T04:34:46+08:00][sql] SHOW FULL COLUMNS FROM `jm_page_index` [ RunTime:0.003084s ]
[2024-01-22T04:34:46+08:00][sql] SELECT * FROM `jm_page_index` WHERE  `id` = 11 LIMIT 1 [ RunTime:0.001353s ]
[2024-01-22T04:34:46+08:00][sql] SHOW FULL COLUMNS FROM `jm_category` [ RunTime:0.002213s ]
[2024-01-22T04:34:46+08:00][sql] SELECT * FROM `jm_category` WHERE  `id` = 76 LIMIT 1 [ RunTime:0.001012s ]
[2024-01-22T04:34:46+08:00][sql] SELECT * FROM `jm_category` WHERE  `id` = 0 LIMIT 1 [ RunTime:0.000408s ]
[2024-01-22T04:34:46+08:00][sql] SHOW FULL COLUMNS FROM `jm_ad_index` [ RunTime:0.001942s ]
[2024-01-22T04:34:46+08:00][sql] SELECT * FROM `jm_ad_index` WHERE  `g_id` = 76 LIMIT 1 [ RunTime:0.000795s ]
[2024-01-22T04:34:46+08:00][sql] SELECT `id` FROM `jm_page_index` WHERE  `c_id` = 76 LIMIT 1 [ RunTime:0.000450s ]
[2024-01-22T04:34:46+08:00][sql] SELECT * FROM `jm_category` WHERE  `pid` = 76 [ RunTime:0.000488s ]
[2024-01-22T04:34:46+08:00][sql] SELECT * FROM `jm_page_index` WHERE  `c_id` = 76 ORDER BY `sort` ASC [ RunTime:0.000520s ]
[2024-01-22T04:34:46+08:00][sql] CONNECT:[ UseTime:0.000816s ] mysql:host=127.0.0.1;port=3306;dbname=www_fsqf_com;charset=utf8
[2024-01-22T04:34:46+08:00][sql] SHOW FULL COLUMNS FROM `jm_nav` [ RunTime:0.002209s ]
[2024-01-22T04:34:46+08:00][sql] SELECT * FROM `jm_nav` ORDER BY `sort` ASC [ RunTime:0.000682s ]
[2024-01-22T04:34:46+08:00][sql] SHOW FULL COLUMNS FROM `jm_browse_index` [ RunTime:0.001842s ]
[2024-01-22T04:34:46+08:00][sql] SELECT * FROM `jm_browse_index` WHERE  `ip` = '14.22.113.119' ORDER BY `id` DESC LIMIT 1 [ RunTime:0.000706s ]
[2024-01-22T04:34:46+08:00][sql] INSERT INTO `jm_browse_index` SET `cid` = 0 , `url` = '/page/12.html' , `ip` = '14.22.113.119' , `mark` = '7a8d5cd532be5732347df6b9de3954e5' , `user_agent` = 'Mozilla/5.0 (Windows NT 10.0; Win64; x64) AppleWebKit/537.36 (KHTML, like Gecko) Chrome/96.0.4664.93 Safari/537.36' , `create_time` = '2024-01-22 04:34:46.130961' [ RunTime:0.000479s ]
[2024-01-22T04:34:46+08:00][sql] SHOW FULL COLUMNS FROM `jm_page_index` [ RunTime:0.001673s ]
[2024-01-22T04:34:46+08:00][sql] SELECT * FROM `jm_page_index` WHERE  `id` = 12 LIMIT 1 [ RunTime:0.000661s ]
[2024-01-22T04:34:46+08:00][sql] SHOW FULL COLUMNS FROM `jm_category` [ RunTime:0.001628s ]
[2024-01-22T04:34:46+08:00][sql] SELECT * FROM `jm_category` WHERE  `id` = 76 LIMIT 1 [ RunTime:0.000625s ]
[2024-01-22T04:34:46+08:00][sql] SELECT * FROM `jm_category` WHERE  `id` = 0 LIMIT 1 [ RunTime:0.000274s ]
[2024-01-22T04:34:46+08:00][sql] SHOW FULL COLUMNS FROM `jm_ad_index` [ RunTime:0.001272s ]
[2024-01-22T04:34:46+08:00][sql] SELECT * FROM `jm_ad_index` WHERE  `g_id` = 76 LIMIT 1 [ RunTime:0.000426s ]
[2024-01-22T04:34:46+08:00][sql] SELECT `id` FROM `jm_page_index` WHERE  `c_id` = 76 LIMIT 1 [ RunTime:0.000313s ]
[2024-01-22T04:34:46+08:00][sql] SELECT * FROM `jm_category` WHERE  `pid` = 76 [ RunTime:0.000234s ]
[2024-01-22T04:34:46+08:00][sql] SELECT * FROM `jm_page_index` WHERE  `c_id` = 76 ORDER BY `sort` ASC [ RunTime:0.000257s ]
[2024-01-22T04:34:46+08:00][sql] CONNECT:[ UseTime:0.001077s ] mysql:host=127.0.0.1;port=3306;dbname=www_fsqf_com;charset=utf8
[2024-01-22T04:34:46+08:00][sql] SHOW FULL COLUMNS FROM `jm_nav` [ RunTime:0.003423s ]
[2024-01-22T04:34:46+08:00][sql] SELECT * FROM `jm_nav` ORDER BY `sort` ASC [ RunTime:0.001052s ]
[2024-01-22T04:34:46+08:00][sql] SHOW FULL COLUMNS FROM `jm_browse_index` [ RunTime:0.002460s ]
[2024-01-22T04:34:46+08:00][sql] SELECT * FROM `jm_browse_index` WHERE  `ip` = '14.22.113.119' ORDER BY `id` DESC LIMIT 1 [ RunTime:0.000664s ]
[2024-01-22T04:34:46+08:00][sql] INSERT INTO `jm_browse_index` SET `cid` = 0 , `url` = '/page/10.html' , `ip` = '14.22.113.119' , `mark` = '28839e4e62a900c689ba11766ba67e8e' , `user_agent` = 'Mozilla/5.0 (Windows NT 10.0; Win64; x64) AppleWebKit/537.36 (KHTML, like Gecko) Chrome/96.0.4664.93 Safari/537.36' , `create_time` = '2024-01-22 04:34:46.236758' [ RunTime:0.000456s ]
[2024-01-22T04:34:46+08:00][sql] SHOW FULL COLUMNS FROM `jm_page_index` [ RunTime:0.002257s ]
[2024-01-22T04:34:46+08:00][sql] SELECT * FROM `jm_page_index` WHERE  `id` = 10 LIMIT 1 [ RunTime:0.000780s ]
[2024-01-22T04:34:46+08:00][sql] SHOW FULL COLUMNS FROM `jm_category` [ RunTime:0.002155s ]
[2024-01-22T04:34:46+08:00][sql] SELECT * FROM `jm_category` WHERE  `id` = 76 LIMIT 1 [ RunTime:0.000678s ]
[2024-01-22T04:34:46+08:00][sql] SELECT * FROM `jm_category` WHERE  `id` = 0 LIMIT 1 [ RunTime:0.000396s ]
[2024-01-22T04:34:46+08:00][sql] SHOW FULL COLUMNS FROM `jm_ad_index` [ RunTime:0.001483s ]
[2024-01-22T04:34:46+08:00][sql] SELECT * FROM `jm_ad_index` WHERE  `g_id` = 76 LIMIT 1 [ RunTime:0.000488s ]
[2024-01-22T04:34:46+08:00][sql] SELECT `id` FROM `jm_page_index` WHERE  `c_id` = 76 LIMIT 1 [ RunTime:0.000271s ]
[2024-01-22T04:34:46+08:00][sql] SELECT * FROM `jm_category` WHERE  `pid` = 76 [ RunTime:0.000313s ]
[2024-01-22T04:34:46+08:00][sql] SELECT * FROM `jm_page_index` WHERE  `c_id` = 76 ORDER BY `sort` ASC [ RunTime:0.000356s ]
[2024-01-22T04:34:46+08:00][sql] CONNECT:[ UseTime:0.000775s ] mysql:host=127.0.0.1;port=3306;dbname=www_fsqf_com;charset=utf8
[2024-01-22T04:34:46+08:00][sql] SHOW FULL COLUMNS FROM `jm_nav` [ RunTime:0.001724s ]
[2024-01-22T04:34:46+08:00][sql] SELECT * FROM `jm_nav` ORDER BY `sort` ASC [ RunTime:0.000571s ]
[2024-01-22T04:34:46+08:00][sql] SHOW FULL COLUMNS FROM `jm_browse_index` [ RunTime:0.001425s ]
[2024-01-22T04:34:46+08:00][sql] SELECT * FROM `jm_browse_index` WHERE  `ip` = '14.22.113.119' ORDER BY `id` DESC LIMIT 1 [ RunTime:0.000510s ]
[2024-01-22T04:34:46+08:00][sql] INSERT INTO `jm_browse_index` SET `cid` = 0 , `url` = '/page/1.html' , `ip` = '14.22.113.119' , `mark` = 'c5914be2ba72e32dc32c37c65cc68c85' , `user_agent` = 'Mozilla/5.0 (Windows NT 10.0; Win64; x64) AppleWebKit/537.36 (KHTML, like Gecko) Chrome/96.0.4664.93 Safari/537.36' , `create_time` = '2024-01-22 04:34:46.431941' [ RunTime:0.000370s ]
[2024-01-22T04:34:46+08:00][sql] SHOW FULL COLUMNS FROM `jm_page_index` [ RunTime:0.001900s ]
[2024-01-22T04:34:46+08:00][sql] SELECT * FROM `jm_page_index` WHERE  `id` = 1 LIMIT 1 [ RunTime:0.000710s ]
[2024-01-22T04:34:46+08:00][sql] SHOW FULL COLUMNS FROM `jm_category` [ RunTime:0.001889s ]
[2024-01-22T04:34:46+08:00][sql] SELECT * FROM `jm_category` WHERE  `id` = 52 LIMIT 1 [ RunTime:0.000637s ]
[2024-01-22T04:34:46+08:00][sql] SELECT * FROM `jm_category` WHERE  `id` = 0 LIMIT 1 [ RunTime:0.000366s ]
[2024-01-22T04:34:46+08:00][sql] SHOW FULL COLUMNS FROM `jm_ad_index` [ RunTime:0.002121s ]
[2024-01-22T04:34:46+08:00][sql] SELECT * FROM `jm_ad_index` WHERE  `g_id` = 52 LIMIT 1 [ RunTime:0.000625s ]
[2024-01-22T04:34:46+08:00][sql] SELECT `id` FROM `jm_page_index` WHERE  `c_id` = 52 LIMIT 1 [ RunTime:0.000379s ]
[2024-01-22T04:34:46+08:00][sql] SELECT * FROM `jm_category` WHERE  `pid` = 52 [ RunTime:0.000599s ]
[2024-01-22T04:34:46+08:00][sql] SELECT * FROM `jm_page_index` WHERE  `c_id` = 76 ORDER BY `sort` ASC [ RunTime:0.000534s ]
[2024-01-22T04:34:46+08:00][sql] CONNECT:[ UseTime:0.000676s ] mysql:host=127.0.0.1;port=3306;dbname=www_fsqf_com;charset=utf8
[2024-01-22T04:34:46+08:00][sql] SHOW FULL COLUMNS FROM `jm_nav` [ RunTime:0.001960s ]
[2024-01-22T04:34:46+08:00][sql] SELECT * FROM `jm_nav` ORDER BY `sort` ASC [ RunTime:0.000621s ]
[2024-01-22T04:34:46+08:00][sql] SHOW FULL COLUMNS FROM `jm_browse_index` [ RunTime:0.002151s ]
[2024-01-22T04:34:46+08:00][sql] SHOW FULL COLUMNS FROM `jm_news_index` [ RunTime:0.002326s ]
[2024-01-22T04:34:46+08:00][sql] SELECT `c_id` FROM `jm_news_index` WHERE  `id` = 176 LIMIT 1 [ RunTime:0.000576s ]
[2024-01-22T04:34:46+08:00][sql] SELECT * FROM `jm_browse_index` WHERE  `ip` = '14.22.113.119' ORDER BY `id` DESC LIMIT 1 [ RunTime:0.000568s ]
[2024-01-22T04:34:46+08:00][sql] INSERT INTO `jm_browse_index` SET `cid` = 78 , `url` = '/show/176.html' , `ip` = '14.22.113.119' , `mark` = 'b74658016466162387996ede31f983ae' , `user_agent` = 'Mozilla/5.0 (Windows NT 10.0; Win64; x64) AppleWebKit/537.36 (KHTML, like Gecko) Chrome/96.0.4664.93 Safari/537.36' , `create_time` = '2024-01-22 04:34:46.440930' [ RunTime:0.000462s ]
[2024-01-22T04:34:46+08:00][sql] SELECT * FROM `jm_news_index` WHERE  `id` = 176 LIMIT 1 [ RunTime:0.000537s ]
[2024-01-22T04:34:46+08:00][sql] SHOW FULL COLUMNS FROM `jm_category` [ RunTime:0.002415s ]
[2024-01-22T04:34:46+08:00][sql] SELECT * FROM `jm_category` WHERE  `id` = 78 LIMIT 1 [ RunTime:0.000671s ]
[2024-01-22T04:34:46+08:00][sql] SELECT * FROM `jm_category` WHERE  `id` = 74 LIMIT 1 [ RunTime:0.000355s ]
[2024-01-22T04:34:46+08:00][sql] SHOW FULL COLUMNS FROM `jm_ad_index` [ RunTime:0.001786s ]
[2024-01-22T04:34:46+08:00][sql] SELECT * FROM `jm_ad_index` WHERE  `g_id` = 74 LIMIT 1 [ RunTime:0.000583s ]
[2024-01-22T04:34:46+08:00][sql] SELECT * FROM `jm_category` WHERE  `pid` = 74 [ RunTime:0.000427s ]
[2024-01-22T04:34:46+08:00][sql] SELECT * FROM `jm_news_index` WHERE  `c_id` = 78  AND `id` > 176  AND `status` = 1 LIMIT 1 [ RunTime:0.001604s ]
[2024-01-22T04:34:46+08:00][sql] SELECT * FROM `jm_news_index` WHERE  `c_id` = 78  AND `id` < 176  AND `status` = 1 LIMIT 1 [ RunTime:0.000559s ]
[2024-01-22T04:34:46+08:00][sql] CONNECT:[ UseTime:0.000799s ] mysql:host=127.0.0.1;port=3306;dbname=www_fsqf_com;charset=utf8
[2024-01-22T04:34:46+08:00][sql] SHOW FULL COLUMNS FROM `jm_nav` [ RunTime:0.001524s ]
[2024-01-22T04:34:46+08:00][sql] SELECT * FROM `jm_nav` ORDER BY `sort` ASC [ RunTime:0.000409s ]
[2024-01-22T04:34:46+08:00][sql] SHOW FULL COLUMNS FROM `jm_browse_index` [ RunTime:0.001303s ]
[2024-01-22T04:34:46+08:00][sql] SHOW FULL COLUMNS FROM `jm_news_index` [ RunTime:0.001484s ]
[2024-01-22T04:34:46+08:00][sql] SELECT `c_id` FROM `jm_news_index` WHERE  `id` = 177 LIMIT 1 [ RunTime:0.000419s ]
[2024-01-22T04:34:46+08:00][sql] SELECT * FROM `jm_browse_index` WHERE  `ip` = '14.22.113.119' ORDER BY `id` DESC LIMIT 1 [ RunTime:0.000341s ]
[2024-01-22T04:34:46+08:00][sql] INSERT INTO `jm_browse_index` SET `cid` = 78 , `url` = '/show/177.html' , `ip` = '14.22.113.119' , `mark` = '4a99215578c8c40e3b5c9095feb438a8' , `user_agent` = 'Mozilla/5.0 (Windows NT 10.0; Win64; x64) AppleWebKit/537.36 (KHTML, like Gecko) Chrome/96.0.4664.93 Safari/537.36' , `create_time` = '2024-01-22 04:34:46.580094' [ RunTime:0.000324s ]
[2024-01-22T04:34:46+08:00][sql] SELECT * FROM `jm_news_index` WHERE  `id` = 177 LIMIT 1 [ RunTime:0.000793s ]
[2024-01-22T04:34:46+08:00][sql] SHOW FULL COLUMNS FROM `jm_category` [ RunTime:0.002856s ]
[2024-01-22T04:34:46+08:00][sql] SELECT * FROM `jm_category` WHERE  `id` = 78 LIMIT 1 [ RunTime:0.001036s ]
[2024-01-22T04:34:46+08:00][sql] SELECT * FROM `jm_category` WHERE  `id` = 74 LIMIT 1 [ RunTime:0.000723s ]
[2024-01-22T04:34:46+08:00][sql] SHOW FULL COLUMNS FROM `jm_ad_index` [ RunTime:0.003133s ]
[2024-01-22T04:34:46+08:00][sql] SELECT * FROM `jm_ad_index` WHERE  `g_id` = 74 LIMIT 1 [ RunTime:0.001180s ]
[2024-01-22T04:34:46+08:00][sql] SELECT * FROM `jm_category` WHERE  `pid` = 74 [ RunTime:0.000917s ]
[2024-01-22T04:34:46+08:00][sql] SELECT * FROM `jm_news_index` WHERE  `c_id` = 78  AND `id` > 177  AND `status` = 1 LIMIT 1 [ RunTime:0.000662s ]
[2024-01-22T04:34:46+08:00][sql] SELECT * FROM `jm_news_index` WHERE  `c_id` = 78  AND `id` < 177  AND `status` = 1 LIMIT 1 [ RunTime:0.000612s ]
[2024-01-22T04:34:46+08:00][sql] CONNECT:[ UseTime:0.000656s ] mysql:host=127.0.0.1;port=3306;dbname=www_fsqf_com;charset=utf8
[2024-01-22T04:34:46+08:00][sql] SHOW FULL COLUMNS FROM `jm_nav` [ RunTime:0.001933s ]
[2024-01-22T04:34:46+08:00][sql] SELECT * FROM `jm_nav` ORDER BY `sort` ASC [ RunTime:0.000616s ]
[2024-01-22T04:34:46+08:00][sql] SHOW FULL COLUMNS FROM `jm_browse_index` [ RunTime:0.001748s ]
[2024-01-22T04:34:46+08:00][sql] SELECT * FROM `jm_browse_index` WHERE  `ip` = '14.22.113.119' ORDER BY `id` DESC LIMIT 1 [ RunTime:0.000596s ]
[2024-01-22T04:34:46+08:00][sql] INSERT INTO `jm_browse_index` SET `cid` = 79 , `url` = '/list/79.html' , `ip` = '14.22.113.119' , `mark` = '0611434b031fedaf456cd2eda72017b3' , `user_agent` = 'Mozilla/5.0 (Windows NT 10.0; Win64; x64) AppleWebKit/537.36 (KHTML, like Gecko) Chrome/96.0.4664.93 Safari/537.36' , `create_time` = '2024-01-22 04:34:46.581109' [ RunTime:0.000442s ]
[2024-01-22T04:34:46+08:00][sql] SHOW FULL COLUMNS FROM `jm_category` [ RunTime:0.002021s ]
[2024-01-22T04:34:46+08:00][sql] SELECT `pid` FROM `jm_category` WHERE  `id` = 79 LIMIT 1 [ RunTime:0.000581s ]
[2024-01-22T04:34:46+08:00][sql] SHOW FULL COLUMNS FROM `jm_news_index` [ RunTime:0.001806s ]
[2024-01-22T04:34:46+08:00][sql] SELECT COUNT(*) AS think_count FROM `jm_news_index` WHERE  `status` = 1  AND `c_id` = 79 LIMIT 1 [ RunTime:0.000622s ]
[2024-01-22T04:34:46+08:00][sql] SELECT * FROM `jm_news_index` WHERE  `status` = 1  AND `c_id` = 79 ORDER BY `create_time` DESC LIMIT 0,5 [ RunTime:0.000814s ]
[2024-01-22T04:34:46+08:00][sql] SELECT * FROM `jm_category` WHERE  `id` = 79 LIMIT 1 [ RunTime:0.000444s ]
[2024-01-22T04:34:46+08:00][sql] SELECT * FROM `jm_category` WHERE  `id` = 74 LIMIT 1 [ RunTime:0.000449s ]
[2024-01-22T04:34:46+08:00][sql] SHOW FULL COLUMNS FROM `jm_ad_index` [ RunTime:0.002016s ]
[2024-01-22T04:34:46+08:00][sql] SELECT * FROM `jm_ad_index` WHERE  `g_id` = 74 LIMIT 1 [ RunTime:0.000572s ]
[2024-01-22T04:34:46+08:00][sql] SELECT * FROM `jm_category` WHERE  `pid` = 74 ORDER BY `sort` ASC [ RunTime:0.000446s ]
[2024-01-22T04:34:46+08:00][sql] CONNECT:[ UseTime:0.000925s ] mysql:host=127.0.0.1;port=3306;dbname=www_fsqf_com;charset=utf8
[2024-01-22T04:34:46+08:00][sql] SHOW FULL COLUMNS FROM `jm_nav` [ RunTime:0.002637s ]
[2024-01-22T04:34:46+08:00][sql] SELECT * FROM `jm_nav` ORDER BY `sort` ASC [ RunTime:0.000743s ]
[2024-01-22T04:34:46+08:00][sql] SHOW FULL COLUMNS FROM `jm_browse_index` [ RunTime:0.001624s ]
[2024-01-22T04:34:46+08:00][sql] SELECT * FROM `jm_browse_index` WHERE  `ip` = '14.22.113.119' ORDER BY `id` DESC LIMIT 1 [ RunTime:0.000603s ]
[2024-01-22T04:34:46+08:00][sql] INSERT INTO `jm_browse_index` SET `cid` = 0 , `url` = '/page/9.html' , `ip` = '14.22.113.119' , `mark` = '563c1bb31597a2994f28e6a821fccbc4' , `user_agent` = 'Mozilla/5.0 (Windows NT 10.0; Win64; x64) AppleWebKit/537.36 (KHTML, like Gecko) Chrome/96.0.4664.93 Safari/537.36' , `create_time` = '2024-01-22 04:34:46.742641' [ RunTime:0.000474s ]
[2024-01-22T04:34:46+08:00][sql] SHOW FULL COLUMNS FROM `jm_page_index` [ RunTime:0.001850s ]
[2024-01-22T04:34:46+08:00][sql] SELECT * FROM `jm_page_index` WHERE  `id` = 9 LIMIT 1 [ RunTime:0.000619s ]
[2024-01-22T04:34:46+08:00][sql] SHOW FULL COLUMNS FROM `jm_category` [ RunTime:0.001837s ]
[2024-01-22T04:34:46+08:00][sql] SELECT * FROM `jm_category` WHERE  `id` = 76 LIMIT 1 [ RunTime:0.000576s ]
[2024-01-22T04:34:46+08:00][sql] SELECT * FROM `jm_category` WHERE  `id` = 0 LIMIT 1 [ RunTime:0.000353s ]
[2024-01-22T04:34:46+08:00][sql] SHOW FULL COLUMNS FROM `jm_ad_index` [ RunTime:0.001649s ]
[2024-01-22T04:34:46+08:00][sql] SELECT * FROM `jm_ad_index` WHERE  `g_id` = 76 LIMIT 1 [ RunTime:0.000490s ]
[2024-01-22T04:34:46+08:00][sql] SELECT `id` FROM `jm_page_index` WHERE  `c_id` = 76 LIMIT 1 [ RunTime:0.000315s ]
[2024-01-22T04:34:46+08:00][sql] SELECT * FROM `jm_category` WHERE  `pid` = 76 [ RunTime:0.000390s ]
[2024-01-22T04:34:46+08:00][sql] SELECT * FROM `jm_page_index` WHERE  `c_id` = 76 ORDER BY `sort` ASC [ RunTime:0.000387s ]
[2024-01-22T04:34:46+08:00][sql] CONNECT:[ UseTime:0.000804s ] mysql:host=127.0.0.1;port=3306;dbname=www_fsqf_com;charset=utf8
[2024-01-22T04:34:46+08:00][sql] SHOW FULL COLUMNS FROM `jm_nav` [ RunTime:0.001896s ]
[2024-01-22T04:34:46+08:00][sql] SELECT * FROM `jm_nav` ORDER BY `sort` ASC [ RunTime:0.000512s ]
[2024-01-22T04:34:46+08:00][sql] SHOW FULL COLUMNS FROM `jm_browse_index` [ RunTime:0.001628s ]
[2024-01-22T04:34:46+08:00][sql] SHOW FULL COLUMNS FROM `jm_news_index` [ RunTime:0.003250s ]
[2024-01-22T04:34:46+08:00][sql] SELECT `c_id` FROM `jm_news_index` WHERE  `id` = 175 LIMIT 1 [ RunTime:0.000581s ]
[2024-01-22T04:34:46+08:00][sql] SELECT * FROM `jm_browse_index` WHERE  `ip` = '14.22.113.119' ORDER BY `id` DESC LIMIT 1 [ RunTime:0.000590s ]
[2024-01-22T04:34:46+08:00][sql] INSERT INTO `jm_browse_index` SET `cid` = 79 , `url` = '/show/175.html' , `ip` = '14.22.113.119' , `mark` = '9bb8796c3cc4f673e623eed29fd43a10' , `user_agent` = 'Mozilla/5.0 (Windows NT 10.0; Win64; x64) AppleWebKit/537.36 (KHTML, like Gecko) Chrome/96.0.4664.93 Safari/537.36' , `create_time` = '2024-01-22 04:34:46.748273' [ RunTime:0.000933s ]
[2024-01-22T04:34:46+08:00][sql] SELECT * FROM `jm_news_index` WHERE  `id` = 175 LIMIT 1 [ RunTime:0.000503s ]
[2024-01-22T04:34:46+08:00][sql] SHOW FULL COLUMNS FROM `jm_category` [ RunTime:0.001977s ]
[2024-01-22T04:34:46+08:00][sql] SELECT * FROM `jm_category` WHERE  `id` = 79 LIMIT 1 [ RunTime:0.000641s ]
[2024-01-22T04:34:46+08:00][sql] SELECT * FROM `jm_category` WHERE  `id` = 74 LIMIT 1 [ RunTime:0.000446s ]
[2024-01-22T04:34:46+08:00][sql] SHOW FULL COLUMNS FROM `jm_ad_index` [ RunTime:0.001993s ]
[2024-01-22T04:34:46+08:00][sql] SELECT * FROM `jm_ad_index` WHERE  `g_id` = 74 LIMIT 1 [ RunTime:0.000562s ]
[2024-01-22T04:34:46+08:00][sql] SELECT * FROM `jm_category` WHERE  `pid` = 74 [ RunTime:0.000491s ]
[2024-01-22T04:34:46+08:00][sql] SELECT * FROM `jm_news_index` WHERE  `c_id` = 79  AND `id` > 175  AND `status` = 1 LIMIT 1 [ RunTime:0.000541s ]
[2024-01-22T04:34:46+08:00][sql] SELECT * FROM `jm_news_index` WHERE  `c_id` = 79  AND `id` < 175  AND `status` = 1 LIMIT 1 [ RunTime:0.000602s ]
[2024-01-22T04:34:46+08:00][sql] CONNECT:[ UseTime:0.000605s ] mysql:host=127.0.0.1;port=3306;dbname=www_fsqf_com;charset=utf8
[2024-01-22T04:34:46+08:00][sql] SHOW FULL COLUMNS FROM `jm_nav` [ RunTime:0.002120s ]
[2024-01-22T04:34:46+08:00][sql] SELECT * FROM `jm_nav` ORDER BY `sort` ASC [ RunTime:0.000516s ]
[2024-01-22T04:34:46+08:00][sql] SHOW FULL COLUMNS FROM `jm_browse_index` [ RunTime:0.001870s ]
[2024-01-22T04:34:46+08:00][sql] SHOW FULL COLUMNS FROM `jm_news_index` [ RunTime:0.002062s ]
[2024-01-22T04:34:46+08:00][sql] SELECT `c_id` FROM `jm_news_index` WHERE  `id` = 171 LIMIT 1 [ RunTime:0.000403s ]
[2024-01-22T04:34:46+08:00][sql] SELECT * FROM `jm_browse_index` WHERE  `ip` = '14.22.113.119' ORDER BY `id` DESC LIMIT 1 [ RunTime:0.000457s ]
[2024-01-22T04:34:46+08:00][sql] INSERT INTO `jm_browse_index` SET `cid` = 79 , `url` = '/show/171.html' , `ip` = '14.22.113.119' , `mark` = 'baf09fe0a932a9fcacb6c8027d08e7a3' , `user_agent` = 'Mozilla/5.0 (Windows NT 10.0; Win64; x64) AppleWebKit/537.36 (KHTML, like Gecko) Chrome/96.0.4664.93 Safari/537.36' , `create_time` = '2024-01-22 04:34:46.897439' [ RunTime:0.000376s ]
[2024-01-22T04:34:46+08:00][sql] SELECT * FROM `jm_news_index` WHERE  `id` = 171 LIMIT 1 [ RunTime:0.000866s ]
[2024-01-22T04:34:46+08:00][sql] SHOW FULL COLUMNS FROM `jm_category` [ RunTime:0.001501s ]
[2024-01-22T04:34:46+08:00][sql] SELECT * FROM `jm_category` WHERE  `id` = 79 LIMIT 1 [ RunTime:0.000575s ]
[2024-01-22T04:34:46+08:00][sql] SELECT * FROM `jm_category` WHERE  `id` = 74 LIMIT 1 [ RunTime:0.000378s ]
[2024-01-22T04:34:46+08:00][sql] SHOW FULL COLUMNS FROM `jm_ad_index` [ RunTime:0.001834s ]
[2024-01-22T04:34:46+08:00][sql] SELECT * FROM `jm_ad_index` WHERE  `g_id` = 74 LIMIT 1 [ RunTime:0.000595s ]
[2024-01-22T04:34:46+08:00][sql] SELECT * FROM `jm_category` WHERE  `pid` = 74 [ RunTime:0.000446s ]
[2024-01-22T04:34:46+08:00][sql] SELECT * FROM `jm_news_index` WHERE  `c_id` = 79  AND `id` > 171  AND `status` = 1 LIMIT 1 [ RunTime:0.000586s ]
[2024-01-22T04:34:46+08:00][sql] SELECT * FROM `jm_news_index` WHERE  `c_id` = 79  AND `id` < 171  AND `status` = 1 LIMIT 1 [ RunTime:0.000616s ]
[2024-01-22T04:34:46+08:00][sql] CONNECT:[ UseTime:0.000899s ] mysql:host=127.0.0.1;port=3306;dbname=www_fsqf_com;charset=utf8
[2024-01-22T04:34:46+08:00][sql] SHOW FULL COLUMNS FROM `jm_nav` [ RunTime:0.002442s ]
[2024-01-22T04:34:46+08:00][sql] SELECT * FROM `jm_nav` ORDER BY `sort` ASC [ RunTime:0.000678s ]
[2024-01-22T04:34:46+08:00][sql] SHOW FULL COLUMNS FROM `jm_browse_index` [ RunTime:0.002430s ]
[2024-01-22T04:34:46+08:00][sql] SHOW FULL COLUMNS FROM `jm_news_index` [ RunTime:0.003058s ]
[2024-01-22T04:34:46+08:00][sql] SELECT `c_id` FROM `jm_news_index` WHERE  `id` = 174 LIMIT 1 [ RunTime:0.000843s ]
[2024-01-22T04:34:46+08:00][sql] SELECT * FROM `jm_browse_index` WHERE  `ip` = '14.22.113.119' ORDER BY `id` DESC LIMIT 1 [ RunTime:0.000707s ]
[2024-01-22T04:34:46+08:00][sql] INSERT INTO `jm_browse_index` SET `cid` = 79 , `url` = '/show/174.html' , `ip` = '14.22.113.119' , `mark` = 'e35113e6618f07e3856cc0c066ae1e93' , `user_agent` = 'Mozilla/5.0 (Windows NT 10.0; Win64; x64) AppleWebKit/537.36 (KHTML, like Gecko) Chrome/96.0.4664.93 Safari/537.36' , `create_time` = '2024-01-22 04:34:46.901572' [ RunTime:0.000824s ]
[2024-01-22T04:34:46+08:00][sql] SELECT * FROM `jm_news_index` WHERE  `id` = 174 LIMIT 1 [ RunTime:0.000695s ]
[2024-01-22T04:34:46+08:00][sql] SHOW FULL COLUMNS FROM `jm_category` [ RunTime:0.002161s ]
[2024-01-22T04:34:46+08:00][sql] SELECT * FROM `jm_category` WHERE  `id` = 79 LIMIT 1 [ RunTime:0.000921s ]
[2024-01-22T04:34:46+08:00][sql] SELECT * FROM `jm_category` WHERE  `id` = 74 LIMIT 1 [ RunTime:0.000440s ]
[2024-01-22T04:34:46+08:00][sql] SHOW FULL COLUMNS FROM `jm_ad_index` [ RunTime:0.002367s ]
[2024-01-22T04:34:46+08:00][sql] SELECT * FROM `jm_ad_index` WHERE  `g_id` = 74 LIMIT 1 [ RunTime:0.000521s ]
[2024-01-22T04:34:46+08:00][sql] SELECT * FROM `jm_category` WHERE  `pid` = 74 [ RunTime:0.000330s ]
[2024-01-22T04:34:46+08:00][sql] SELECT * FROM `jm_news_index` WHERE  `c_id` = 79  AND `id` > 174  AND `status` = 1 LIMIT 1 [ RunTime:0.000481s ]
[2024-01-22T04:34:46+08:00][sql] SELECT * FROM `jm_news_index` WHERE  `c_id` = 79  AND `id` < 174  AND `status` = 1 LIMIT 1 [ RunTime:0.000932s ]
[2024-01-22T04:34:47+08:00][sql] CONNECT:[ UseTime:0.000813s ] mysql:host=127.0.0.1;port=3306;dbname=www_fsqf_com;charset=utf8
[2024-01-22T04:34:47+08:00][sql] SHOW FULL COLUMNS FROM `jm_nav` [ RunTime:0.002410s ]
[2024-01-22T04:34:47+08:00][sql] SELECT * FROM `jm_nav` ORDER BY `sort` ASC [ RunTime:0.000740s ]
[2024-01-22T04:34:47+08:00][sql] SHOW FULL COLUMNS FROM `jm_browse_index` [ RunTime:0.002475s ]
[2024-01-22T04:34:47+08:00][sql] SHOW FULL COLUMNS FROM `jm_news_index` [ RunTime:0.002639s ]
[2024-01-22T04:34:47+08:00][sql] SELECT `c_id` FROM `jm_news_index` WHERE  `id` = 167 LIMIT 1 [ RunTime:0.000565s ]
[2024-01-22T04:34:47+08:00][sql] SELECT * FROM `jm_browse_index` WHERE  `ip` = '14.22.113.119' ORDER BY `id` DESC LIMIT 1 [ RunTime:0.000527s ]
[2024-01-22T04:34:47+08:00][sql] INSERT INTO `jm_browse_index` SET `cid` = 77 , `url` = '/show/167.html' , `ip` = '14.22.113.119' , `mark` = '15a7019596643b0ea4788ac137a5ae9b' , `user_agent` = 'Mozilla/5.0 (Windows NT 10.0; Win64; x64) AppleWebKit/537.36 (KHTML, like Gecko) Chrome/96.0.4664.93 Safari/537.36' , `create_time` = '2024-01-22 04:34:47.040923' [ RunTime:0.000475s ]
[2024-01-22T04:34:47+08:00][sql] SELECT * FROM `jm_news_index` WHERE  `id` = 167 LIMIT 1 [ RunTime:0.000709s ]
[2024-01-22T04:34:47+08:00][sql] SHOW FULL COLUMNS FROM `jm_category` [ RunTime:0.002769s ]
[2024-01-22T04:34:47+08:00][sql] SELECT * FROM `jm_category` WHERE  `id` = 77 LIMIT 1 [ RunTime:0.000766s ]
[2024-01-22T04:34:47+08:00][sql] SELECT * FROM `jm_category` WHERE  `id` = 74 LIMIT 1 [ RunTime:0.000506s ]
[2024-01-22T04:34:47+08:00][sql] SHOW FULL COLUMNS FROM `jm_ad_index` [ RunTime:0.001889s ]
[2024-01-22T04:34:47+08:00][sql] SELECT * FROM `jm_ad_index` WHERE  `g_id` = 74 LIMIT 1 [ RunTime:0.000661s ]
[2024-01-22T04:34:47+08:00][sql] SELECT * FROM `jm_category` WHERE  `pid` = 74 [ RunTime:0.000492s ]
[2024-01-22T04:34:47+08:00][sql] SELECT * FROM `jm_news_index` WHERE  `c_id` = 77  AND `id` > 167  AND `status` = 1 LIMIT 1 [ RunTime:0.000656s ]
[2024-01-22T04:34:47+08:00][sql] SELECT * FROM `jm_news_index` WHERE  `c_id` = 77  AND `id` < 167  AND `status` = 1 LIMIT 1 [ RunTime:0.000660s ]
[2024-01-22T04:34:47+08:00][sql] CONNECT:[ UseTime:0.000674s ] mysql:host=127.0.0.1;port=3306;dbname=www_fsqf_com;charset=utf8
[2024-01-22T04:34:47+08:00][sql] SHOW FULL COLUMNS FROM `jm_nav` [ RunTime:0.002174s ]
[2024-01-22T04:34:47+08:00][sql] SELECT * FROM `jm_nav` ORDER BY `sort` ASC [ RunTime:0.000567s ]
[2024-01-22T04:34:47+08:00][sql] SHOW FULL COLUMNS FROM `jm_browse_index` [ RunTime:0.001597s ]
[2024-01-22T04:34:47+08:00][sql] SHOW FULL COLUMNS FROM `jm_news_index` [ RunTime:0.001876s ]
[2024-01-22T04:34:47+08:00][sql] SELECT `c_id` FROM `jm_news_index` WHERE  `id` = 169 LIMIT 1 [ RunTime:0.000587s ]
[2024-01-22T04:34:47+08:00][sql] SELECT * FROM `jm_browse_index` WHERE  `ip` = '14.22.113.119' ORDER BY `id` DESC LIMIT 1 [ RunTime:0.000476s ]
[2024-01-22T04:34:47+08:00][sql] INSERT INTO `jm_browse_index` SET `cid` = 77 , `url` = '/show/169.html' , `ip` = '14.22.113.119' , `mark` = 'd82d607024b6847c8d968a83fd0aa65c' , `user_agent` = 'Mozilla/5.0 (Windows NT 10.0; Win64; x64) AppleWebKit/537.36 (KHTML, like Gecko) Chrome/96.0.4664.93 Safari/537.36' , `create_time` = '2024-01-22 04:34:47.059130' [ RunTime:0.000413s ]
[2024-01-22T04:34:47+08:00][sql] SELECT * FROM `jm_news_index` WHERE  `id` = 169 LIMIT 1 [ RunTime:0.000507s ]
[2024-01-22T04:34:47+08:00][sql] SHOW FULL COLUMNS FROM `jm_category` [ RunTime:0.001579s ]
[2024-01-22T04:34:47+08:00][sql] SELECT * FROM `jm_category` WHERE  `id` = 77 LIMIT 1 [ RunTime:0.000523s ]
[2024-01-22T04:34:47+08:00][sql] SELECT * FROM `jm_category` WHERE  `id` = 74 LIMIT 1 [ RunTime:0.000270s ]
[2024-01-22T04:34:47+08:00][sql] SHOW FULL COLUMNS FROM `jm_ad_index` [ RunTime:0.001321s ]
[2024-01-22T04:34:47+08:00][sql] SELECT * FROM `jm_ad_index` WHERE  `g_id` = 74 LIMIT 1 [ RunTime:0.000525s ]
[2024-01-22T04:34:47+08:00][sql] SELECT * FROM `jm_category` WHERE  `pid` = 74 [ RunTime:0.000370s ]
[2024-01-22T04:34:47+08:00][sql] SELECT * FROM `jm_news_index` WHERE  `c_id` = 77  AND `id` > 169  AND `status` = 1 LIMIT 1 [ RunTime:0.000610s ]
[2024-01-22T04:34:47+08:00][sql] SELECT * FROM `jm_news_index` WHERE  `c_id` = 77  AND `id` < 169  AND `status` = 1 LIMIT 1 [ RunTime:0.000418s ]
[2024-01-22T04:34:47+08:00][sql] CONNECT:[ UseTime:0.000798s ] mysql:host=127.0.0.1;port=3306;dbname=www_fsqf_com;charset=utf8
[2024-01-22T04:34:47+08:00][sql] SHOW FULL COLUMNS FROM `jm_nav` [ RunTime:0.001719s ]
[2024-01-22T04:34:47+08:00][sql] SELECT * FROM `jm_nav` ORDER BY `sort` ASC [ RunTime:0.000589s ]
[2024-01-22T04:34:47+08:00][sql] SHOW FULL COLUMNS FROM `jm_browse_index` [ RunTime:0.001994s ]
[2024-01-22T04:34:47+08:00][sql] SHOW FULL COLUMNS FROM `jm_news_index` [ RunTime:0.002323s ]
[2024-01-22T04:34:47+08:00][sql] SELECT `c_id` FROM `jm_news_index` WHERE  `id` = 168 LIMIT 1 [ RunTime:0.000643s ]
[2024-01-22T04:34:47+08:00][sql] SELECT * FROM `jm_browse_index` WHERE  `ip` = '14.22.113.119' ORDER BY `id` DESC LIMIT 1 [ RunTime:0.000626s ]
[2024-01-22T04:34:47+08:00][sql] INSERT INTO `jm_browse_index` SET `cid` = 77 , `url` = '/show/168.html' , `ip` = '14.22.113.119' , `mark` = '02d7934885285a04badd4eafde7a4038' , `user_agent` = 'Mozilla/5.0 (Windows NT 10.0; Win64; x64) AppleWebKit/537.36 (KHTML, like Gecko) Chrome/96.0.4664.93 Safari/537.36' , `create_time` = '2024-01-22 04:34:47.174544' [ RunTime:0.000407s ]
[2024-01-22T04:34:47+08:00][sql] SELECT * FROM `jm_news_index` WHERE  `id` = 168 LIMIT 1 [ RunTime:0.000984s ]
[2024-01-22T04:34:47+08:00][sql] SHOW FULL COLUMNS FROM `jm_category` [ RunTime:0.002955s ]
[2024-01-22T04:34:47+08:00][sql] SELECT * FROM `jm_category` WHERE  `id` = 77 LIMIT 1 [ RunTime:0.000903s ]
[2024-01-22T04:34:47+08:00][sql] SELECT * FROM `jm_category` WHERE  `id` = 74 LIMIT 1 [ RunTime:0.000731s ]
[2024-01-22T04:34:47+08:00][sql] SHOW FULL COLUMNS FROM `jm_ad_index` [ RunTime:0.002682s ]
[2024-01-22T04:34:47+08:00][sql] SELECT * FROM `jm_ad_index` WHERE  `g_id` = 74 LIMIT 1 [ RunTime:0.000461s ]
[2024-01-22T04:34:47+08:00][sql] SELECT * FROM `jm_category` WHERE  `pid` = 74 [ RunTime:0.000306s ]
[2024-01-22T04:34:47+08:00][sql] SELECT * FROM `jm_news_index` WHERE  `c_id` = 77  AND `id` > 168  AND `status` = 1 LIMIT 1 [ RunTime:0.000410s ]
[2024-01-22T04:34:47+08:00][sql] SELECT * FROM `jm_news_index` WHERE  `c_id` = 77  AND `id` < 168  AND `status` = 1 LIMIT 1 [ RunTime:0.000351s ]
[2024-01-22T04:34:47+08:00][sql] CONNECT:[ UseTime:0.001038s ] mysql:host=127.0.0.1;port=3306;dbname=www_fsqf_com;charset=utf8
[2024-01-22T04:34:47+08:00][sql] SHOW FULL COLUMNS FROM `jm_nav` [ RunTime:0.002014s ]
[2024-01-22T04:34:47+08:00][sql] SELECT * FROM `jm_nav` ORDER BY `sort` ASC [ RunTime:0.000465s ]
[2024-01-22T04:34:47+08:00][sql] SHOW FULL COLUMNS FROM `jm_browse_index` [ RunTime:0.001817s ]
[2024-01-22T04:34:47+08:00][sql] SELECT * FROM `jm_browse_index` WHERE  `ip` = '14.22.113.119' ORDER BY `id` DESC LIMIT 1 [ RunTime:0.001074s ]
[2024-01-22T04:34:47+08:00][sql] INSERT INTO `jm_browse_index` SET `cid` = 77 , `url` = '/list/77.html' , `ip` = '14.22.113.119' , `mark` = 'c7db8a8ecfc004dbaaa32827c206de2a' , `user_agent` = 'Mozilla/5.0 (Windows NT 10.0; Win64; x64) AppleWebKit/537.36 (KHTML, like Gecko) Chrome/96.0.4664.93 Safari/537.36' , `create_time` = '2024-01-22 04:34:47.212988' [ RunTime:0.000428s ]
[2024-01-22T04:34:47+08:00][sql] SHOW FULL COLUMNS FROM `jm_category` [ RunTime:0.002310s ]
[2024-01-22T04:34:47+08:00][sql] SELECT `pid` FROM `jm_category` WHERE  `id` = 77 LIMIT 1 [ RunTime:0.000647s ]
[2024-01-22T04:34:47+08:00][sql] SHOW FULL COLUMNS FROM `jm_news_index` [ RunTime:0.002038s ]
[2024-01-22T04:34:47+08:00][sql] SELECT COUNT(*) AS think_count FROM `jm_news_index` WHERE  `status` = 1  AND `c_id` = 77 LIMIT 1 [ RunTime:0.000522s ]
[2024-01-22T04:34:47+08:00][sql] SELECT * FROM `jm_news_index` WHERE  `status` = 1  AND `c_id` = 77 ORDER BY `create_time` DESC LIMIT 0,5 [ RunTime:0.000728s ]
[2024-01-22T04:34:47+08:00][sql] SELECT * FROM `jm_category` WHERE  `id` = 77 LIMIT 1 [ RunTime:0.000507s ]
[2024-01-22T04:34:47+08:00][sql] SELECT * FROM `jm_category` WHERE  `id` = 74 LIMIT 1 [ RunTime:0.000356s ]
[2024-01-22T04:34:47+08:00][sql] SHOW FULL COLUMNS FROM `jm_ad_index` [ RunTime:0.002062s ]
[2024-01-22T04:34:47+08:00][sql] SELECT * FROM `jm_ad_index` WHERE  `g_id` = 74 LIMIT 1 [ RunTime:0.000611s ]
[2024-01-22T04:34:47+08:00][sql] SELECT * FROM `jm_category` WHERE  `pid` = 74 ORDER BY `sort` ASC [ RunTime:0.000505s ]
[2024-01-22T04:34:47+08:00][sql] CONNECT:[ UseTime:0.001024s ] mysql:host=127.0.0.1;port=3306;dbname=www_fsqf_com;charset=utf8
[2024-01-22T04:34:47+08:00][sql] SHOW FULL COLUMNS FROM `jm_nav` [ RunTime:0.002258s ]
[2024-01-22T04:34:47+08:00][sql] SELECT * FROM `jm_nav` ORDER BY `sort` ASC [ RunTime:0.000590s ]
[2024-01-22T04:34:47+08:00][sql] SHOW FULL COLUMNS FROM `jm_browse_index` [ RunTime:0.002255s ]
[2024-01-22T04:34:47+08:00][sql] SHOW FULL COLUMNS FROM `jm_news_index` [ RunTime:0.002012s ]
[2024-01-22T04:34:47+08:00][sql] SELECT `c_id` FROM `jm_news_index` WHERE  `id` = 166 LIMIT 1 [ RunTime:0.000427s ]
[2024-01-22T04:34:47+08:00][sql] SELECT * FROM `jm_browse_index` WHERE  `ip` = '14.22.113.119' ORDER BY `id` DESC LIMIT 1 [ RunTime:0.000410s ]
[2024-01-22T04:34:47+08:00][sql] INSERT INTO `jm_browse_index` SET `cid` = 77 , `url` = '/show/166.html' , `ip` = '14.22.113.119' , `mark` = 'bfa748376e6265134545cc9b0fe97354' , `user_agent` = 'Mozilla/5.0 (Windows NT 10.0; Win64; x64) AppleWebKit/537.36 (KHTML, like Gecko) Chrome/96.0.4664.93 Safari/537.36' , `create_time` = '2024-01-22 04:34:47.335137' [ RunTime:0.000390s ]
[2024-01-22T04:34:47+08:00][sql] SELECT * FROM `jm_news_index` WHERE  `id` = 166 LIMIT 1 [ RunTime:0.000543s ]
[2024-01-22T04:34:47+08:00][sql] SHOW FULL COLUMNS FROM `jm_category` [ RunTime:0.001851s ]
[2024-01-22T04:34:47+08:00][sql] SELECT * FROM `jm_category` WHERE  `id` = 77 LIMIT 1 [ RunTime:0.000563s ]
[2024-01-22T04:34:47+08:00][sql] SELECT * FROM `jm_category` WHERE  `id` = 74 LIMIT 1 [ RunTime:0.000507s ]
[2024-01-22T04:34:47+08:00][sql] SHOW FULL COLUMNS FROM `jm_ad_index` [ RunTime:0.001688s ]
[2024-01-22T04:34:47+08:00][sql] SELECT * FROM `jm_ad_index` WHERE  `g_id` = 74 LIMIT 1 [ RunTime:0.000517s ]
[2024-01-22T04:34:47+08:00][sql] SELECT * FROM `jm_category` WHERE  `pid` = 74 [ RunTime:0.000465s ]
[2024-01-22T04:34:47+08:00][sql] SELECT * FROM `jm_news_index` WHERE  `c_id` = 77  AND `id` > 166  AND `status` = 1 LIMIT 1 [ RunTime:0.000531s ]
[2024-01-22T04:34:47+08:00][sql] SELECT * FROM `jm_news_index` WHERE  `c_id` = 77  AND `id` < 166  AND `status` = 1 LIMIT 1 [ RunTime:0.000572s ]
[2024-01-22T04:34:47+08:00][sql] CONNECT:[ UseTime:0.000779s ] mysql:host=127.0.0.1;port=3306;dbname=www_fsqf_com;charset=utf8
[2024-01-22T04:34:47+08:00][sql] SHOW FULL COLUMNS FROM `jm_nav` [ RunTime:0.002147s ]
[2024-01-22T04:34:47+08:00][sql] SELECT * FROM `jm_nav` ORDER BY `sort` ASC [ RunTime:0.000481s ]
[2024-01-22T04:34:47+08:00][sql] SHOW FULL COLUMNS FROM `jm_browse_index` [ RunTime:0.001310s ]
[2024-01-22T04:34:47+08:00][sql] SHOW FULL COLUMNS FROM `jm_news_index` [ RunTime:0.001499s ]
[2024-01-22T04:34:47+08:00][sql] SELECT `c_id` FROM `jm_news_index` WHERE  `id` = 172 LIMIT 1 [ RunTime:0.000385s ]
[2024-01-22T04:34:47+08:00][sql] SELECT * FROM `jm_browse_index` WHERE  `ip` = '14.22.113.119' ORDER BY `id` DESC LIMIT 1 [ RunTime:0.000261s ]
[2024-01-22T04:34:47+08:00][sql] INSERT INTO `jm_browse_index` SET `cid` = 79 , `url` = '/show/172.html' , `ip` = '14.22.113.119' , `mark` = '04a692b0e4be2094db90e8f207ea0ff7' , `user_agent` = 'Mozilla/5.0 (Windows NT 10.0; Win64; x64) AppleWebKit/537.36 (KHTML, like Gecko) Chrome/96.0.4664.93 Safari/537.36' , `create_time` = '2024-01-22 04:34:47.361916' [ RunTime:0.000324s ]
[2024-01-22T04:34:47+08:00][sql] SELECT * FROM `jm_news_index` WHERE  `id` = 172 LIMIT 1 [ RunTime:0.000711s ]
[2024-01-22T04:34:47+08:00][sql] SHOW FULL COLUMNS FROM `jm_category` [ RunTime:0.001774s ]
[2024-01-22T04:34:47+08:00][sql] SELECT * FROM `jm_category` WHERE  `id` = 79 LIMIT 1 [ RunTime:0.000465s ]
[2024-01-22T04:34:47+08:00][sql] SELECT * FROM `jm_category` WHERE  `id` = 74 LIMIT 1 [ RunTime:0.000434s ]
[2024-01-22T04:34:47+08:00][sql] SHOW FULL COLUMNS FROM `jm_ad_index` [ RunTime:0.001528s ]
[2024-01-22T04:34:47+08:00][sql] SELECT * FROM `jm_ad_index` WHERE  `g_id` = 74 LIMIT 1 [ RunTime:0.000444s ]
[2024-01-22T04:34:47+08:00][sql] SELECT * FROM `jm_category` WHERE  `pid` = 74 [ RunTime:0.000389s ]
[2024-01-22T04:34:47+08:00][sql] SELECT * FROM `jm_news_index` WHERE  `c_id` = 79  AND `id` > 172  AND `status` = 1 LIMIT 1 [ RunTime:0.000545s ]
[2024-01-22T04:34:47+08:00][sql] SELECT * FROM `jm_news_index` WHERE  `c_id` = 79  AND `id` < 172  AND `status` = 1 LIMIT 1 [ RunTime:0.000535s ]
[2024-01-22T04:34:47+08:00][sql] CONNECT:[ UseTime:0.000634s ] mysql:host=127.0.0.1;port=3306;dbname=www_fsqf_com;charset=utf8
[2024-01-22T04:34:47+08:00][sql] SHOW FULL COLUMNS FROM `jm_nav` [ RunTime:0.001635s ]
[2024-01-22T04:34:47+08:00][sql] SELECT * FROM `jm_nav` ORDER BY `sort` ASC [ RunTime:0.000393s ]
[2024-01-22T04:34:47+08:00][sql] SHOW FULL COLUMNS FROM `jm_browse_index` [ RunTime:0.001362s ]
[2024-01-22T04:34:47+08:00][sql] SELECT * FROM `jm_browse_index` WHERE  `ip` = '14.22.113.119' ORDER BY `id` DESC LIMIT 1 [ RunTime:0.000445s ]
[2024-01-22T04:34:47+08:00][sql] INSERT INTO `jm_browse_index` SET `cid` = 0 , `url` = '/page/2.html' , `ip` = '14.22.113.119' , `mark` = 'ddb3b75337cc14ef86670065bd4ff1e5' , `user_agent` = 'Mozilla/5.0 (Windows NT 10.0; Win64; x64) AppleWebKit/537.36 (KHTML, like Gecko) Chrome/96.0.4664.93 Safari/537.36' , `create_time` = '2024-01-22 04:34:47.473722' [ RunTime:0.000405s ]
[2024-01-22T04:34:47+08:00][sql] SHOW FULL COLUMNS FROM `jm_page_index` [ RunTime:0.002033s ]
[2024-01-22T04:34:47+08:00][sql] SELECT * FROM `jm_page_index` WHERE  `id` = 2 LIMIT 1 [ RunTime:0.000528s ]
[2024-01-22T04:34:47+08:00][sql] SHOW FULL COLUMNS FROM `jm_category` [ RunTime:0.001742s ]
[2024-01-22T04:34:47+08:00][sql] SELECT * FROM `jm_category` WHERE  `id` = 75 LIMIT 1 [ RunTime:0.000477s ]
[2024-01-22T04:34:47+08:00][sql] SELECT * FROM `jm_category` WHERE  `id` = 0 LIMIT 1 [ RunTime:0.000375s ]
[2024-01-22T04:34:47+08:00][sql] SHOW FULL COLUMNS FROM `jm_ad_index` [ RunTime:0.001546s ]
[2024-01-22T04:34:47+08:00][sql] SELECT * FROM `jm_ad_index` WHERE  `g_id` = 75 LIMIT 1 [ RunTime:0.000439s ]
[2024-01-22T04:34:47+08:00][sql] SELECT `id` FROM `jm_page_index` WHERE  `c_id` = 75 LIMIT 1 [ RunTime:0.000364s ]
[2024-01-22T04:34:47+08:00][sql] SELECT * FROM `jm_category` WHERE  `pid` = 75 [ RunTime:0.000410s ]
[2024-01-22T04:34:47+08:00][sql] SELECT * FROM `jm_page_index` WHERE  `c_id` = 76 ORDER BY `sort` ASC [ RunTime:0.000450s ]
[2024-01-22T04:34:47+08:00][sql] CONNECT:[ UseTime:0.000752s ] mysql:host=127.0.0.1;port=3306;dbname=www_fsqf_com;charset=utf8
[2024-01-22T04:34:47+08:00][sql] SHOW FULL COLUMNS FROM `jm_nav` [ RunTime:0.001464s ]
[2024-01-22T04:34:47+08:00][sql] SELECT * FROM `jm_nav` ORDER BY `sort` ASC [ RunTime:0.000417s ]
[2024-01-22T04:34:47+08:00][sql] SHOW FULL COLUMNS FROM `jm_browse_index` [ RunTime:0.001365s ]
[2024-01-22T04:34:47+08:00][sql] SELECT * FROM `jm_browse_index` WHERE  `ip` = '14.22.113.119' ORDER BY `id` DESC LIMIT 1 [ RunTime:0.000358s ]
[2024-01-22T04:34:47+08:00][sql] INSERT INTO `jm_browse_index` SET `cid` = 0 , `url` = '/page/13.html' , `ip` = '14.22.113.119' , `mark` = '7811567ebdba7e95950350c617ae5905' , `user_agent` = 'Mozilla/5.0 (Windows NT 10.0; Win64; x64) AppleWebKit/537.36 (KHTML, like Gecko) Chrome/96.0.4664.93 Safari/537.36' , `create_time` = '2024-01-22 04:34:47.495099' [ RunTime:0.000345s ]
[2024-01-22T04:34:47+08:00][sql] SHOW FULL COLUMNS FROM `jm_page_index` [ RunTime:0.001766s ]
[2024-01-22T04:34:47+08:00][sql] SELECT * FROM `jm_page_index` WHERE  `id` = 13 LIMIT 1 [ RunTime:0.000735s ]
[2024-01-22T04:34:47+08:00][sql] SHOW FULL COLUMNS FROM `jm_category` [ RunTime:0.003252s ]
[2024-01-22T04:34:47+08:00][sql] SELECT * FROM `jm_category` WHERE  `id` = 76 LIMIT 1 [ RunTime:0.000495s ]
[2024-01-22T04:34:47+08:00][sql] SELECT * FROM `jm_category` WHERE  `id` = 0 LIMIT 1 [ RunTime:0.000320s ]
[2024-01-22T04:34:47+08:00][sql] SHOW FULL COLUMNS FROM `jm_ad_index` [ RunTime:0.001832s ]
[2024-01-22T04:34:47+08:00][sql] SELECT * FROM `jm_ad_index` WHERE  `g_id` = 76 LIMIT 1 [ RunTime:0.000424s ]
[2024-01-22T04:34:47+08:00][sql] SELECT `id` FROM `jm_page_index` WHERE  `c_id` = 76 LIMIT 1 [ RunTime:0.000346s ]
[2024-01-22T04:34:47+08:00][sql] SELECT * FROM `jm_category` WHERE  `pid` = 76 [ RunTime:0.000366s ]
[2024-01-22T04:34:47+08:00][sql] SELECT * FROM `jm_page_index` WHERE  `c_id` = 76 ORDER BY `sort` ASC [ RunTime:0.000465s ]
[2024-01-22T04:34:47+08:00][sql] CONNECT:[ UseTime:0.000805s ] mysql:host=127.0.0.1;port=3306;dbname=www_fsqf_com;charset=utf8
[2024-01-22T04:34:47+08:00][sql] SHOW FULL COLUMNS FROM `jm_nav` [ RunTime:0.001924s ]
[2024-01-22T04:34:47+08:00][sql] SELECT * FROM `jm_nav` ORDER BY `sort` ASC [ RunTime:0.000483s ]
[2024-01-22T04:34:47+08:00][sql] SHOW FULL COLUMNS FROM `jm_browse_index` [ RunTime:0.001532s ]
[2024-01-22T04:34:47+08:00][sql] SELECT * FROM `jm_browse_index` WHERE  `ip` = '14.22.113.119' ORDER BY `id` DESC LIMIT 1 [ RunTime:0.000433s ]
[2024-01-22T04:34:47+08:00][sql] INSERT INTO `jm_browse_index` SET `cid` = 74 , `url` = '/list/74.html' , `ip` = '14.22.113.119' , `mark` = '92f9e4da9c32a1506b9f3b18fb0d4664' , `user_agent` = 'Mozilla/5.0 (Windows NT 10.0; Win64; x64) AppleWebKit/537.36 (KHTML, like Gecko) Chrome/96.0.4664.93 Safari/537.36' , `create_time` = '2024-01-22 04:34:47.608003' [ RunTime:0.000494s ]
[2024-01-22T04:34:47+08:00][sql] SHOW FULL COLUMNS FROM `jm_category` [ RunTime:0.002385s ]
[2024-01-22T04:34:47+08:00][sql] SELECT `pid` FROM `jm_category` WHERE  `id` = 74 LIMIT 1 [ RunTime:0.000447s ]
[2024-01-22T04:34:47+08:00][sql] SELECT `id` FROM `jm_category` WHERE  `pid` = 74 [ RunTime:0.000377s ]
[2024-01-22T04:34:47+08:00][sql] SHOW FULL COLUMNS FROM `jm_news_index` [ RunTime:0.002009s ]
[2024-01-22T04:34:47+08:00][sql] SELECT COUNT(*) AS think_count FROM `jm_news_index` WHERE  `status` = 1  AND `c_id` IN (77,78,79) LIMIT 1 [ RunTime:0.000599s ]
[2024-01-22T04:34:47+08:00][sql] SELECT * FROM `jm_news_index` WHERE  `status` = 1  AND `c_id` IN (77,78,79) ORDER BY `create_time` DESC LIMIT 0,5 [ RunTime:0.000933s ]
[2024-01-22T04:34:47+08:00][sql] SELECT * FROM `jm_category` WHERE  `id` = 74 LIMIT 1 [ RunTime:0.000534s ]
[2024-01-22T04:34:47+08:00][sql] SELECT * FROM `jm_category` WHERE  `id` = 0 LIMIT 1 [ RunTime:0.000394s ]
[2024-01-22T04:34:47+08:00][sql] SHOW FULL COLUMNS FROM `jm_ad_index` [ RunTime:0.002401s ]
[2024-01-22T04:34:47+08:00][sql] SELECT * FROM `jm_ad_index` WHERE  `g_id` = 74 LIMIT 1 [ RunTime:0.000373s ]
[2024-01-22T04:34:47+08:00][sql] SELECT * FROM `jm_category` WHERE  `pid` = 74 ORDER BY `sort` ASC [ RunTime:0.000372s ]
[2024-01-22T04:34:47+08:00][sql] CONNECT:[ UseTime:0.000965s ] mysql:host=127.0.0.1;port=3306;dbname=www_fsqf_com;charset=utf8
[2024-01-22T04:34:47+08:00][sql] SHOW FULL COLUMNS FROM `jm_nav` [ RunTime:0.002674s ]
[2024-01-22T04:34:47+08:00][sql] SELECT * FROM `jm_nav` ORDER BY `sort` ASC [ RunTime:0.000581s ]
[2024-01-22T04:34:47+08:00][sql] SHOW FULL COLUMNS FROM `jm_browse_index` [ RunTime:0.001952s ]
[2024-01-22T04:34:47+08:00][sql] SHOW FULL COLUMNS FROM `jm_news_index` [ RunTime:0.002006s ]
[2024-01-22T04:34:47+08:00][sql] SELECT `c_id` FROM `jm_news_index` WHERE  `id` = 173 LIMIT 1 [ RunTime:0.000432s ]
[2024-01-22T04:34:47+08:00][sql] SELECT * FROM `jm_browse_index` WHERE  `ip` = '14.22.113.119' ORDER BY `id` DESC LIMIT 1 [ RunTime:0.000371s ]
[2024-01-22T04:34:47+08:00][sql] INSERT INTO `jm_browse_index` SET `cid` = 79 , `url` = '/show/173.html' , `ip` = '14.22.113.119' , `mark` = '83264282e6347f34dab2aebbc93091a7' , `user_agent` = 'Mozilla/5.0 (Windows NT 10.0; Win64; x64) AppleWebKit/537.36 (KHTML, like Gecko) Chrome/96.0.4664.93 Safari/537.36' , `create_time` = '2024-01-22 04:34:47.662059' [ RunTime:0.000375s ]
[2024-01-22T04:34:47+08:00][sql] SELECT * FROM `jm_news_index` WHERE  `id` = 173 LIMIT 1 [ RunTime:0.000695s ]
[2024-01-22T04:34:47+08:00][sql] SHOW FULL COLUMNS FROM `jm_category` [ RunTime:0.002495s ]
[2024-01-22T04:34:47+08:00][sql] SELECT * FROM `jm_category` WHERE  `id` = 79 LIMIT 1 [ RunTime:0.000565s ]
[2024-01-22T04:34:47+08:00][sql] SELECT * FROM `jm_category` WHERE  `id` = 74 LIMIT 1 [ RunTime:0.000671s ]
[2024-01-22T04:34:47+08:00][sql] SHOW FULL COLUMNS FROM `jm_ad_index` [ RunTime:0.002647s ]
[2024-01-22T04:34:47+08:00][sql] SELECT * FROM `jm_ad_index` WHERE  `g_id` = 74 LIMIT 1 [ RunTime:0.000551s ]
[2024-01-22T04:34:47+08:00][sql] SELECT * FROM `jm_category` WHERE  `pid` = 74 [ RunTime:0.000529s ]
[2024-01-22T04:34:47+08:00][sql] SELECT * FROM `jm_news_index` WHERE  `c_id` = 79  AND `id` > 173  AND `status` = 1 LIMIT 1 [ RunTime:0.000816s ]
[2024-01-22T04:34:47+08:00][sql] SELECT * FROM `jm_news_index` WHERE  `c_id` = 79  AND `id` < 173  AND `status` = 1 LIMIT 1 [ RunTime:0.000561s ]
[2024-01-22T04:34:47+08:00][sql] CONNECT:[ UseTime:0.000938s ] mysql:host=127.0.0.1;port=3306;dbname=www_fsqf_com;charset=utf8
[2024-01-22T04:34:47+08:00][sql] SHOW FULL COLUMNS FROM `jm_nav` [ RunTime:0.002444s ]
[2024-01-22T04:34:47+08:00][sql] SELECT * FROM `jm_nav` ORDER BY `sort` ASC [ RunTime:0.000778s ]
[2024-01-22T04:34:47+08:00][sql] SHOW FULL COLUMNS FROM `jm_browse_index` [ RunTime:0.002729s ]
[2024-01-22T04:34:47+08:00][sql] SELECT * FROM `jm_browse_index` WHERE  `ip` = '14.22.113.119' ORDER BY `id` DESC LIMIT 1 [ RunTime:0.000858s ]
[2024-01-22T04:34:47+08:00][sql] INSERT INTO `jm_browse_index` SET `cid` = 78 , `url` = '/list/78.html' , `ip` = '14.22.113.119' , `mark` = 'c98572c2e3cb0af6325c47f201069451' , `user_agent` = 'Mozilla/5.0 (Windows NT 10.0; Win64; x64) AppleWebKit/537.36 (KHTML, like Gecko) Chrome/96.0.4664.93 Safari/537.36' , `create_time` = '2024-01-22 04:34:47.748973' [ RunTime:0.000787s ]
[2024-01-22T04:34:47+08:00][sql] SHOW FULL COLUMNS FROM `jm_category` [ RunTime:0.001922s ]
[2024-01-22T04:34:47+08:00][sql] SELECT `pid` FROM `jm_category` WHERE  `id` = 78 LIMIT 1 [ RunTime:0.000435s ]
[2024-01-22T04:34:47+08:00][sql] SHOW FULL COLUMNS FROM `jm_news_index` [ RunTime:0.001566s ]
[2024-01-22T04:34:47+08:00][sql] SELECT COUNT(*) AS think_count FROM `jm_news_index` WHERE  `status` = 1  AND `c_id` = 78 LIMIT 1 [ RunTime:0.000470s ]
[2024-01-22T04:34:47+08:00][sql] SELECT * FROM `jm_news_index` WHERE  `status` = 1  AND `c_id` = 78 ORDER BY `create_time` DESC LIMIT 0,5 [ RunTime:0.000625s ]
[2024-01-22T04:34:47+08:00][sql] SELECT * FROM `jm_category` WHERE  `id` = 78 LIMIT 1 [ RunTime:0.000494s ]
[2024-01-22T04:34:47+08:00][sql] SELECT * FROM `jm_category` WHERE  `id` = 74 LIMIT 1 [ RunTime:0.000456s ]
[2024-01-22T04:34:47+08:00][sql] SHOW FULL COLUMNS FROM `jm_ad_index` [ RunTime:0.001911s ]
[2024-01-22T04:34:47+08:00][sql] SELECT * FROM `jm_ad_index` WHERE  `g_id` = 74 LIMIT 1 [ RunTime:0.000390s ]
[2024-01-22T04:34:47+08:00][sql] SELECT * FROM `jm_category` WHERE  `pid` = 74 ORDER BY `sort` ASC [ RunTime:0.000389s ]
[2024-01-22T04:34:47+08:00][sql] CONNECT:[ UseTime:0.001169s ] mysql:host=127.0.0.1;port=3306;dbname=www_fsqf_com;charset=utf8
[2024-01-22T04:34:47+08:00][sql] SHOW FULL COLUMNS FROM `jm_nav` [ RunTime:0.003006s ]
[2024-01-22T04:34:47+08:00][sql] SELECT * FROM `jm_nav` ORDER BY `sort` ASC [ RunTime:0.000680s ]
[2024-01-22T04:34:47+08:00][sql] SHOW FULL COLUMNS FROM `jm_browse_index` [ RunTime:0.002083s ]
[2024-01-22T04:34:47+08:00][sql] SHOW FULL COLUMNS FROM `jm_news_index` [ RunTime:0.001918s ]
[2024-01-22T04:34:47+08:00][sql] SELECT `c_id` FROM `jm_news_index` WHERE  `id` = 170 LIMIT 1 [ RunTime:0.000427s ]
[2024-01-22T04:34:47+08:00][sql] SELECT * FROM `jm_browse_index` WHERE  `ip` = '14.22.113.119' ORDER BY `id` DESC LIMIT 1 [ RunTime:0.000407s ]
[2024-01-22T04:34:47+08:00][sql] INSERT INTO `jm_browse_index` SET `cid` = 77 , `url` = '/show/170.html' , `ip` = '14.22.113.119' , `mark` = '96713dac8a6351d87ee3da18bfb96b97' , `user_agent` = 'Mozilla/5.0 (Windows NT 10.0; Win64; x64) AppleWebKit/537.36 (KHTML, like Gecko) Chrome/96.0.4664.93 Safari/537.36' , `create_time` = '2024-01-22 04:34:47.890500' [ RunTime:0.000423s ]
[2024-01-22T04:34:47+08:00][sql] SELECT * FROM `jm_news_index` WHERE  `id` = 170 LIMIT 1 [ RunTime:0.000774s ]
[2024-01-22T04:34:47+08:00][sql] SHOW FULL COLUMNS FROM `jm_category` [ RunTime:0.002323s ]
[2024-01-22T04:34:47+08:00][sql] SELECT * FROM `jm_category` WHERE  `id` = 77 LIMIT 1 [ RunTime:0.000642s ]
[2024-01-22T04:34:47+08:00][sql] SELECT * FROM `jm_category` WHERE  `id` = 74 LIMIT 1 [ RunTime:0.000478s ]
[2024-01-22T04:34:47+08:00][sql] SHOW FULL COLUMNS FROM `jm_ad_index` [ RunTime:0.001871s ]
[2024-01-22T04:34:47+08:00][sql] SELECT * FROM `jm_ad_index` WHERE  `g_id` = 74 LIMIT 1 [ RunTime:0.000505s ]
[2024-01-22T04:34:47+08:00][sql] SELECT * FROM `jm_category` WHERE  `pid` = 74 [ RunTime:0.000407s ]
[2024-01-22T04:34:47+08:00][sql] SELECT * FROM `jm_news_index` WHERE  `c_id` = 77  AND `id` > 170  AND `status` = 1 LIMIT 1 [ RunTime:0.000676s ]
[2024-01-22T04:34:47+08:00][sql] SELECT * FROM `jm_news_index` WHERE  `c_id` = 77  AND `id` < 170  AND `status` = 1 LIMIT 1 [ RunTime:0.000612s ]
[2024-01-22T04:34:48+08:00][sql] CONNECT:[ UseTime:0.000788s ] mysql:host=127.0.0.1;port=3306;dbname=www_fsqf_com;charset=utf8
[2024-01-22T04:34:48+08:00][sql] SHOW FULL COLUMNS FROM `jm_nav` [ RunTime:0.002122s ]
[2024-01-22T04:34:48+08:00][sql] SELECT * FROM `jm_nav` ORDER BY `sort` ASC [ RunTime:0.000507s ]
[2024-01-22T04:34:48+08:00][sql] SHOW FULL COLUMNS FROM `jm_browse_index` [ RunTime:0.002254s ]
[2024-01-22T04:34:48+08:00][sql] SELECT * FROM `jm_browse_index` WHERE  `ip` = '14.22.113.119' ORDER BY `id` DESC LIMIT 1 [ RunTime:0.000673s ]
[2024-01-22T04:34:48+08:00][sql] INSERT INTO `jm_browse_index` SET `cid` = 74 , `url` = '/list/74.html?page=3' , `ip` = '14.22.113.119' , `mark` = '2ba3c720210c3cf73afed0c5847f1527' , `user_agent` = 'Mozilla/5.0 (Windows NT 10.0; Win64; x64) AppleWebKit/537.36 (KHTML, like Gecko) Chrome/96.0.4664.93 Safari/537.36' , `create_time` = '2024-01-22 04:34:48.048410' [ RunTime:0.000525s ]
[2024-01-22T04:34:48+08:00][sql] SHOW FULL COLUMNS FROM `jm_category` [ RunTime:0.002430s ]
[2024-01-22T04:34:48+08:00][sql] SELECT `pid` FROM `jm_category` WHERE  `id` = 74 LIMIT 1 [ RunTime:0.000554s ]
[2024-01-22T04:34:48+08:00][sql] SELECT `id` FROM `jm_category` WHERE  `pid` = 74 [ RunTime:0.000379s ]
[2024-01-22T04:34:48+08:00][sql] SHOW FULL COLUMNS FROM `jm_news_index` [ RunTime:0.002159s ]
[2024-01-22T04:34:48+08:00][sql] SELECT COUNT(*) AS think_count FROM `jm_news_index` WHERE  `status` = 1  AND `c_id` IN (77,78,79) LIMIT 1 [ RunTime:0.000573s ]
[2024-01-22T04:34:48+08:00][sql] SELECT * FROM `jm_news_index` WHERE  `status` = 1  AND `c_id` IN (77,78,79) ORDER BY `create_time` DESC LIMIT 10,5 [ RunTime:0.001213s ]
[2024-01-22T04:34:48+08:00][sql] SELECT * FROM `jm_category` WHERE  `id` = 74 LIMIT 1 [ RunTime:0.000522s ]
[2024-01-22T04:34:48+08:00][sql] SELECT * FROM `jm_category` WHERE  `id` = 0 LIMIT 1 [ RunTime:0.000404s ]
[2024-01-22T04:34:48+08:00][sql] SHOW FULL COLUMNS FROM `jm_ad_index` [ RunTime:0.002324s ]
[2024-01-22T04:34:48+08:00][sql] SELECT * FROM `jm_ad_index` WHERE  `g_id` = 74 LIMIT 1 [ RunTime:0.000593s ]
[2024-01-22T04:34:48+08:00][sql] SELECT * FROM `jm_category` WHERE  `pid` = 74 ORDER BY `sort` ASC [ RunTime:0.000744s ]
[2024-01-22T04:34:48+08:00][sql] CONNECT:[ UseTime:0.001124s ] mysql:host=127.0.0.1;port=3306;dbname=www_fsqf_com;charset=utf8
[2024-01-22T04:34:48+08:00][sql] SHOW FULL COLUMNS FROM `jm_nav` [ RunTime:0.002834s ]
[2024-01-22T04:34:48+08:00][sql] SELECT * FROM `jm_nav` ORDER BY `sort` ASC [ RunTime:0.000618s ]
[2024-01-22T04:34:48+08:00][sql] SHOW FULL COLUMNS FROM `jm_browse_index` [ RunTime:0.002039s ]
[2024-01-22T04:34:48+08:00][sql] SELECT * FROM `jm_browse_index` WHERE  `ip` = '14.22.113.119' ORDER BY `id` DESC LIMIT 1 [ RunTime:0.000666s ]
[2024-01-22T04:34:48+08:00][sql] INSERT INTO `jm_browse_index` SET `cid` = 74 , `url` = '/list/74.html?page=2' , `ip` = '14.22.113.119' , `mark` = '857d5ad7a5e6487930134384b6679033' , `user_agent` = 'Mozilla/5.0 (Windows NT 10.0; Win64; x64) AppleWebKit/537.36 (KHTML, like Gecko) Chrome/96.0.4664.93 Safari/537.36' , `create_time` = '2024-01-22 04:34:48.049710' [ RunTime:0.000561s ]
[2024-01-22T04:34:48+08:00][sql] SHOW FULL COLUMNS FROM `jm_category` [ RunTime:0.002158s ]
[2024-01-22T04:34:48+08:00][sql] SELECT `pid` FROM `jm_category` WHERE  `id` = 74 LIMIT 1 [ RunTime:0.000681s ]
[2024-01-22T04:34:48+08:00][sql] SELECT `id` FROM `jm_category` WHERE  `pid` = 74 [ RunTime:0.000477s ]
[2024-01-22T04:34:48+08:00][sql] SHOW FULL COLUMNS FROM `jm_news_index` [ RunTime:0.002633s ]
[2024-01-22T04:34:48+08:00][sql] SELECT COUNT(*) AS think_count FROM `jm_news_index` WHERE  `status` = 1  AND `c_id` IN (77,78,79) LIMIT 1 [ RunTime:0.000566s ]
[2024-01-22T04:34:48+08:00][sql] SELECT * FROM `jm_news_index` WHERE  `status` = 1  AND `c_id` IN (77,78,79) ORDER BY `create_time` DESC LIMIT 5,5 [ RunTime:0.001989s ]
[2024-01-22T04:34:48+08:00][sql] SELECT * FROM `jm_category` WHERE  `id` = 74 LIMIT 1 [ RunTime:0.000405s ]
[2024-01-22T04:34:48+08:00][sql] SELECT * FROM `jm_category` WHERE  `id` = 0 LIMIT 1 [ RunTime:0.000263s ]
[2024-01-22T04:34:48+08:00][sql] SHOW FULL COLUMNS FROM `jm_ad_index` [ RunTime:0.001955s ]
[2024-01-22T04:34:48+08:00][sql] SELECT * FROM `jm_ad_index` WHERE  `g_id` = 74 LIMIT 1 [ RunTime:0.000478s ]
[2024-01-22T04:34:48+08:00][sql] SELECT * FROM `jm_category` WHERE  `pid` = 74 ORDER BY `sort` ASC [ RunTime:0.000417s ]
[2024-01-22T04:34:48+08:00][sql] CONNECT:[ UseTime:0.000664s ] mysql:host=127.0.0.1;port=3306;dbname=www_fsqf_com;charset=utf8
[2024-01-22T04:34:48+08:00][sql] SHOW FULL COLUMNS FROM `jm_nav` [ RunTime:0.001648s ]
[2024-01-22T04:34:48+08:00][sql] SELECT * FROM `jm_nav` ORDER BY `sort` ASC [ RunTime:0.000403s ]
[2024-01-22T04:34:48+08:00][sql] SHOW FULL COLUMNS FROM `jm_browse_index` [ RunTime:0.001398s ]
[2024-01-22T04:34:48+08:00][sql] SELECT * FROM `jm_browse_index` WHERE  `ip` = '14.22.113.119' ORDER BY `id` DESC LIMIT 1 [ RunTime:0.000517s ]
[2024-01-22T04:34:48+08:00][sql] INSERT INTO `jm_browse_index` SET `cid` = 74 , `url` = '/list/74.html?page=1' , `ip` = '14.22.113.119' , `mark` = '1dce652ef4d9e098480288851035ad50' , `user_agent` = 'Mozilla/5.0 (Windows NT 10.0; Win64; x64) AppleWebKit/537.36 (KHTML, like Gecko) Chrome/96.0.4664.93 Safari/537.36' , `create_time` = '2024-01-22 04:34:48.203633' [ RunTime:0.000325s ]
[2024-01-22T04:34:48+08:00][sql] SHOW FULL COLUMNS FROM `jm_category` [ RunTime:0.001464s ]
[2024-01-22T04:34:48+08:00][sql] SELECT `pid` FROM `jm_category` WHERE  `id` = 74 LIMIT 1 [ RunTime:0.000475s ]
[2024-01-22T04:34:48+08:00][sql] SELECT `id` FROM `jm_category` WHERE  `pid` = 74 [ RunTime:0.000318s ]
[2024-01-22T04:34:48+08:00][sql] SHOW FULL COLUMNS FROM `jm_news_index` [ RunTime:0.001819s ]
[2024-01-22T04:34:48+08:00][sql] SELECT COUNT(*) AS think_count FROM `jm_news_index` WHERE  `status` = 1  AND `c_id` IN (77,78,79) LIMIT 1 [ RunTime:0.000532s ]
[2024-01-22T04:34:48+08:00][sql] SELECT * FROM `jm_news_index` WHERE  `status` = 1  AND `c_id` IN (77,78,79) ORDER BY `create_time` DESC LIMIT 0,5 [ RunTime:0.000758s ]
[2024-01-22T04:34:48+08:00][sql] SELECT * FROM `jm_category` WHERE  `id` = 74 LIMIT 1 [ RunTime:0.000401s ]
[2024-01-22T04:34:48+08:00][sql] SELECT * FROM `jm_category` WHERE  `id` = 0 LIMIT 1 [ RunTime:0.000309s ]
[2024-01-22T04:34:48+08:00][sql] SHOW FULL COLUMNS FROM `jm_ad_index` [ RunTime:0.001544s ]
[2024-01-22T04:34:48+08:00][sql] SELECT * FROM `jm_ad_index` WHERE  `g_id` = 74 LIMIT 1 [ RunTime:0.000395s ]
[2024-01-22T04:34:48+08:00][sql] SELECT * FROM `jm_category` WHERE  `pid` = 74 ORDER BY `sort` ASC [ RunTime:0.000361s ]
[2024-01-22T05:02:11+08:00][sql] CONNECT:[ UseTime:0.000720s ] mysql:host=127.0.0.1;port=3306;dbname=www_fsqf_com;charset=utf8
[2024-01-22T05:02:11+08:00][sql] SHOW FULL COLUMNS FROM `jm_nav` [ RunTime:0.001723s ]
[2024-01-22T05:02:11+08:00][sql] SELECT * FROM `jm_nav` ORDER BY `sort` ASC [ RunTime:0.000557s ]
[2024-01-22T05:02:11+08:00][sql] SHOW FULL COLUMNS FROM `jm_browse_index` [ RunTime:0.001480s ]
[2024-01-22T05:02:11+08:00][sql] SELECT * FROM `jm_browse_index` WHERE  `ip` = '124.71.166.204' ORDER BY `id` DESC LIMIT 1 [ RunTime:0.000653s ]
[2024-01-22T05:02:11+08:00][sql] INSERT INTO `jm_browse_index` SET `cid` = 0 , `url` = '/' , `ip` = '124.71.166.204' , `mark` = '5030fe03382caa231dafc6f702f21542' , `user_agent` = 'Mozilla/5.0 (Windows NT 5.0; Win64; x64) AppleWebKit/537.36 (KHTML, like Gecko) Chrome/78.0.3694.88 Safari/537.36' , `create_time` = '2024-01-22 05:02:11.695055' [ RunTime:0.000500s ]
[2024-01-22T05:02:11+08:00][sql] SHOW FULL COLUMNS FROM `jm_news_index` [ RunTime:0.002162s ]
[2024-01-22T05:02:11+08:00][sql] SELECT * FROM `jm_news_index` WHERE  `c_id` = 78  AND `status` = 1 ORDER BY `create_time` DESC LIMIT 5 [ RunTime:0.000910s ]
[2024-01-22T05:02:11+08:00][sql] SELECT * FROM `jm_news_index` WHERE  `c_id` = 79  AND `status` = 1 ORDER BY `create_time` DESC LIMIT 5 [ RunTime:0.000689s ]
[2024-01-22T05:02:11+08:00][sql] SELECT * FROM `jm_news_index` WHERE  `c_id` = 77  AND `status` = 1 ORDER BY `create_time` DESC LIMIT 5 [ RunTime:0.000622s ]
[2024-01-22T05:02:11+08:00][sql] CONNECT:[ UseTime:0.000782s ] mysql:host=127.0.0.1;port=3306;dbname=www_fsqf_com;charset=utf8
[2024-01-22T05:02:11+08:00][sql] SHOW FULL COLUMNS FROM `jm_nav` [ RunTime:0.002079s ]
[2024-01-22T05:02:11+08:00][sql] SELECT * FROM `jm_nav` ORDER BY `sort` ASC [ RunTime:0.000585s ]
[2024-01-22T05:02:11+08:00][sql] SHOW FULL COLUMNS FROM `jm_browse_index` [ RunTime:0.001866s ]
[2024-01-22T05:02:11+08:00][sql] SELECT * FROM `jm_browse_index` WHERE  `ip` = '124.71.166.204' ORDER BY `id` DESC LIMIT 1 [ RunTime:0.000619s ]
[2024-01-22T05:02:11+08:00][sql] INSERT INTO `jm_browse_index` SET `cid` = 0 , `url` = '/page/2.html' , `ip` = '124.71.166.204' , `mark` = 'a96db4e14d56c9f72020d1df1853489e' , `user_agent` = 'Mozilla/5.0 (Windows NT 8.5; Win64; x64) AppleWebKit/537.36 (KHTML, like Gecko) Chrome/79.0.2339.88 Safari/537.36' , `create_time` = '2024-01-22 05:02:11.815090' [ RunTime:0.000611s ]
[2024-01-22T05:02:11+08:00][sql] SHOW FULL COLUMNS FROM `jm_page_index` [ RunTime:0.003062s ]
[2024-01-22T05:02:11+08:00][sql] SELECT * FROM `jm_page_index` WHERE  `id` = 2 LIMIT 1 [ RunTime:0.001222s ]
[2024-01-22T05:02:11+08:00][sql] SHOW FULL COLUMNS FROM `jm_category` [ RunTime:0.002337s ]
[2024-01-22T05:02:11+08:00][sql] SELECT * FROM `jm_category` WHERE  `id` = 75 LIMIT 1 [ RunTime:0.000605s ]
[2024-01-22T05:02:11+08:00][sql] SELECT * FROM `jm_category` WHERE  `id` = 0 LIMIT 1 [ RunTime:0.000460s ]
[2024-01-22T05:02:11+08:00][sql] SHOW FULL COLUMNS FROM `jm_ad_index` [ RunTime:0.001641s ]
[2024-01-22T05:02:11+08:00][sql] SELECT * FROM `jm_ad_index` WHERE  `g_id` = 75 LIMIT 1 [ RunTime:0.000685s ]
[2024-01-22T05:02:11+08:00][sql] SELECT `id` FROM `jm_page_index` WHERE  `c_id` = 75 LIMIT 1 [ RunTime:0.000353s ]
[2024-01-22T05:02:11+08:00][sql] SELECT * FROM `jm_category` WHERE  `pid` = 75 [ RunTime:0.000444s ]
[2024-01-22T05:02:11+08:00][sql] SELECT * FROM `jm_page_index` WHERE  `c_id` = 76 ORDER BY `sort` ASC [ RunTime:0.000674s ]
[2024-01-22T07:39:49+08:00][sql] CONNECT:[ UseTime:0.001212s ] mysql:host=127.0.0.1;port=3306;dbname=www_fsqf_com;charset=utf8
[2024-01-22T07:39:49+08:00][sql] SHOW FULL COLUMNS FROM `jm_nav` [ RunTime:0.002252s ]
[2024-01-22T07:39:49+08:00][sql] SELECT * FROM `jm_nav` ORDER BY `sort` ASC [ RunTime:0.000867s ]
[2024-01-22T07:39:49+08:00][sql] SHOW FULL COLUMNS FROM `jm_browse_index` [ RunTime:0.002057s ]
[2024-01-22T07:39:49+08:00][sql] SELECT * FROM `jm_browse_index` WHERE  `ip` = '43.132.166.92' ORDER BY `id` DESC LIMIT 1 [ RunTime:0.005338s ]
[2024-01-22T07:39:49+08:00][sql] INSERT INTO `jm_browse_index` SET `cid` = 0 , `url` = '/' , `ip` = '43.132.166.92' , `mark` = 'c83fff6be40780bc2e37ae36b6d154d1' , `user_agent` = 'Mozilla/5.0 (iPhone; CPU iPhone OS 13_2_3 like Mac OS X) AppleWebKit/605.1.15 (KHTML, like Gecko) Version/13.0.3 Mobile/15E148 Safari/604.1' , `create_time` = '2024-01-22 07:39:49.638887' [ RunTime:0.000509s ]
[2024-01-22T07:39:49+08:00][sql] SHOW FULL COLUMNS FROM `jm_news_index` [ RunTime:0.002562s ]
[2024-01-22T07:39:49+08:00][sql] SELECT * FROM `jm_news_index` WHERE  `c_id` = 78  AND `status` = 1 ORDER BY `create_time` DESC LIMIT 5 [ RunTime:0.001092s ]
[2024-01-22T07:39:49+08:00][sql] SELECT * FROM `jm_news_index` WHERE  `c_id` = 79  AND `status` = 1 ORDER BY `create_time` DESC LIMIT 5 [ RunTime:0.001022s ]
[2024-01-22T07:39:49+08:00][sql] SELECT * FROM `jm_news_index` WHERE  `c_id` = 77  AND `status` = 1 ORDER BY `create_time` DESC LIMIT 5 [ RunTime:0.002026s ]
[2024-01-22T07:39:50+08:00][sql] CONNECT:[ UseTime:0.000961s ] mysql:host=127.0.0.1;port=3306;dbname=www_fsqf_com;charset=utf8
[2024-01-22T07:39:50+08:00][sql] SHOW FULL COLUMNS FROM `jm_nav` [ RunTime:0.002688s ]
[2024-01-22T07:39:50+08:00][sql] SELECT * FROM `jm_nav` ORDER BY `sort` ASC [ RunTime:0.000724s ]
[2024-01-22T07:39:50+08:00][sql] SHOW FULL COLUMNS FROM `jm_browse_index` [ RunTime:0.002348s ]
[2024-01-22T07:39:50+08:00][sql] SELECT * FROM `jm_browse_index` WHERE  `ip` = '43.132.166.92' ORDER BY `id` DESC LIMIT 1 [ RunTime:0.000762s ]
[2024-01-22T07:39:50+08:00][sql] INSERT INTO `jm_browse_index` SET `cid` = 0 , `url` = '/index.php?m=admin&c=index&a=login&pc_hash=' , `ip` = '43.132.166.92' , `mark` = '1bcd15bac60beea0733771f5acaf6e9a' , `user_agent` = 'Mozilla/5.0 (iPhone; CPU iPhone OS 13_2_3 like Mac OS X) AppleWebKit/605.1.15 (KHTML, like Gecko) Version/13.0.3 Mobile/15E148 Safari/604.1' , `create_time` = '2024-01-22 07:39:50.094139' [ RunTime:0.000555s ]
[2024-01-22T07:39:50+08:00][sql] SHOW FULL COLUMNS FROM `jm_news_index` [ RunTime:0.002819s ]
[2024-01-22T07:39:50+08:00][sql] SELECT * FROM `jm_news_index` WHERE  `c_id` = 78  AND `status` = 1 ORDER BY `create_time` DESC LIMIT 5 [ RunTime:0.001241s ]
[2024-01-22T07:39:50+08:00][sql] SELECT * FROM `jm_news_index` WHERE  `c_id` = 79  AND `status` = 1 ORDER BY `create_time` DESC LIMIT 5 [ RunTime:0.000865s ]
[2024-01-22T07:39:50+08:00][sql] SELECT * FROM `jm_news_index` WHERE  `c_id` = 77  AND `status` = 1 ORDER BY `create_time` DESC LIMIT 5 [ RunTime:0.000799s ]
[2024-01-22T08:36:38+08:00][sql] CONNECT:[ UseTime:0.001366s ] mysql:host=127.0.0.1;port=3306;dbname=www_fsqf_com;charset=utf8
[2024-01-22T08:36:38+08:00][sql] SHOW FULL COLUMNS FROM `jm_nav` [ RunTime:0.003935s ]
[2024-01-22T08:36:38+08:00][sql] SELECT * FROM `jm_nav` ORDER BY `sort` ASC [ RunTime:0.000928s ]
[2024-01-22T08:36:38+08:00][sql] SHOW FULL COLUMNS FROM `jm_browse_index` [ RunTime:0.001871s ]
[2024-01-22T08:36:38+08:00][sql] SHOW FULL COLUMNS FROM `jm_news_index` [ RunTime:0.002035s ]
[2024-01-22T08:36:38+08:00][sql] SELECT `c_id` FROM `jm_news_index` WHERE  `id` = 172 LIMIT 1 [ RunTime:0.000565s ]
[2024-01-22T08:36:38+08:00][sql] SELECT * FROM `jm_browse_index` WHERE  `ip` = '60.188.9.65' ORDER BY `id` DESC LIMIT 1 [ RunTime:0.002385s ]
[2024-01-22T08:36:38+08:00][sql] INSERT INTO `jm_browse_index` SET `cid` = 79 , `url` = '/show/172.html' , `ip` = '60.188.9.65' , `mark` = '2e20a466cb3dc1de94ba9e7a4b136000' , `user_agent` = 'Mozilla/5.0 (Windows NT 6.1; Win64; x64) AppleWebKit/537.36 (KHTML, like Gecko) Chrome/69.0.3497.81 YisouSpider/5.0 Safari/537.36' , `create_time` = '2024-01-22 08:36:38.612434' [ RunTime:0.000481s ]
[2024-01-22T08:36:38+08:00][sql] SELECT * FROM `jm_news_index` WHERE  `id` = 172 LIMIT 1 [ RunTime:0.000654s ]
[2024-01-22T08:36:38+08:00][sql] SHOW FULL COLUMNS FROM `jm_category` [ RunTime:0.001873s ]
[2024-01-22T08:36:38+08:00][sql] SELECT * FROM `jm_category` WHERE  `id` = 79 LIMIT 1 [ RunTime:0.000706s ]
[2024-01-22T08:36:38+08:00][sql] SELECT * FROM `jm_category` WHERE  `id` = 74 LIMIT 1 [ RunTime:0.000373s ]
[2024-01-22T08:36:38+08:00][sql] SHOW FULL COLUMNS FROM `jm_ad_index` [ RunTime:0.001801s ]
[2024-01-22T08:36:38+08:00][sql] SELECT * FROM `jm_ad_index` WHERE  `g_id` = 74 LIMIT 1 [ RunTime:0.000733s ]
[2024-01-22T08:36:38+08:00][sql] SELECT * FROM `jm_category` WHERE  `pid` = 74 [ RunTime:0.000402s ]
[2024-01-22T08:36:38+08:00][sql] SELECT * FROM `jm_news_index` WHERE  `c_id` = 79  AND `id` > 172  AND `status` = 1 LIMIT 1 [ RunTime:0.000633s ]
[2024-01-22T08:36:38+08:00][sql] SELECT * FROM `jm_news_index` WHERE  `c_id` = 79  AND `id` < 172  AND `status` = 1 LIMIT 1 [ RunTime:0.000605s ]
[2024-01-22T09:13:26+08:00][sql] CONNECT:[ UseTime:0.001123s ] mysql:host=127.0.0.1;port=3306;dbname=www_fsqf_com;charset=utf8
[2024-01-22T09:13:26+08:00][sql] SHOW FULL COLUMNS FROM `jm_nav` [ RunTime:0.003765s ]
[2024-01-22T09:13:26+08:00][sql] SELECT * FROM `jm_nav` ORDER BY `sort` ASC [ RunTime:0.000860s ]
[2024-01-22T09:13:26+08:00][sql] SHOW FULL COLUMNS FROM `jm_browse_index` [ RunTime:0.001839s ]
[2024-01-22T09:13:26+08:00][sql] SELECT * FROM `jm_browse_index` WHERE  `ip` = '191.102.179.48' ORDER BY `id` DESC LIMIT 1 [ RunTime:0.004598s ]
[2024-01-22T09:13:26+08:00][sql] INSERT INTO `jm_browse_index` SET `cid` = 0 , `url` = '/' , `ip` = '191.102.179.48' , `mark` = '10585c5cbf4667f4ecbabdf206ba0706' , `user_agent` = 'Mozilla/5.0 (Macintosh; Intel Mac OS X 10_15_7) AppleWebKit/537.36 (KHTML, like Gecko) Chrome/107.0.0.0 Safari/537.36' , `create_time` = '2024-01-22 09:13:26.846316' [ RunTime:0.000447s ]
[2024-01-22T09:13:26+08:00][sql] SHOW FULL COLUMNS FROM `jm_news_index` [ RunTime:0.001496s ]
[2024-01-22T09:13:26+08:00][sql] SELECT * FROM `jm_news_index` WHERE  `c_id` = 78  AND `status` = 1 ORDER BY `create_time` DESC LIMIT 5 [ RunTime:0.000776s ]
[2024-01-22T09:13:26+08:00][sql] SELECT * FROM `jm_news_index` WHERE  `c_id` = 79  AND `status` = 1 ORDER BY `create_time` DESC LIMIT 5 [ RunTime:0.000560s ]
[2024-01-22T09:13:26+08:00][sql] SELECT * FROM `jm_news_index` WHERE  `c_id` = 77  AND `status` = 1 ORDER BY `create_time` DESC LIMIT 5 [ RunTime:0.000508s ]
[2024-01-22T09:13:30+08:00][sql] CONNECT:[ UseTime:0.000849s ] mysql:host=127.0.0.1;port=3306;dbname=www_fsqf_com;charset=utf8
[2024-01-22T09:13:30+08:00][sql] SHOW FULL COLUMNS FROM `jm_nav` [ RunTime:0.002010s ]
[2024-01-22T09:13:30+08:00][sql] SELECT * FROM `jm_nav` ORDER BY `sort` ASC [ RunTime:0.000780s ]
[2024-01-22T09:13:30+08:00][sql] SHOW FULL COLUMNS FROM `jm_browse_index` [ RunTime:0.002142s ]
[2024-01-22T09:13:30+08:00][sql] SELECT * FROM `jm_browse_index` WHERE  `ip` = '170.231.251.221' ORDER BY `id` DESC LIMIT 1 [ RunTime:0.004382s ]
[2024-01-22T09:13:30+08:00][sql] INSERT INTO `jm_browse_index` SET `cid` = 0 , `url` = '/' , `ip` = '170.231.251.221' , `mark` = 'ca3f5c754c7b2fd48c4ef767f8933c76' , `user_agent` = 'Mozilla/5.0 (Macintosh; Intel Mac OS X 10_15_7) AppleWebKit/537.36 (KHTML, like Gecko) Chrome/107.0.0.0 Safari/537.36' , `create_time` = '2024-01-22 09:13:30.751562' [ RunTime:0.000627s ]
[2024-01-22T09:13:30+08:00][sql] SHOW FULL COLUMNS FROM `jm_news_index` [ RunTime:0.002547s ]
[2024-01-22T09:13:30+08:00][sql] SELECT * FROM `jm_news_index` WHERE  `c_id` = 78  AND `status` = 1 ORDER BY `create_time` DESC LIMIT 5 [ RunTime:0.001017s ]
[2024-01-22T09:13:30+08:00][sql] SELECT * FROM `jm_news_index` WHERE  `c_id` = 79  AND `status` = 1 ORDER BY `create_time` DESC LIMIT 5 [ RunTime:0.000922s ]
[2024-01-22T09:13:30+08:00][sql] SELECT * FROM `jm_news_index` WHERE  `c_id` = 77  AND `status` = 1 ORDER BY `create_time` DESC LIMIT 5 [ RunTime:0.000720s ]
[2024-01-22T09:13:35+08:00][sql] CONNECT:[ UseTime:0.000988s ] mysql:host=127.0.0.1;port=3306;dbname=www_fsqf_com;charset=utf8
[2024-01-22T09:13:35+08:00][sql] SHOW FULL COLUMNS FROM `jm_nav` [ RunTime:0.002406s ]
[2024-01-22T09:13:35+08:00][sql] SELECT * FROM `jm_nav` ORDER BY `sort` ASC [ RunTime:0.000653s ]
[2024-01-22T09:13:35+08:00][sql] SHOW FULL COLUMNS FROM `jm_browse_index` [ RunTime:0.001950s ]
[2024-01-22T09:13:35+08:00][sql] SELECT * FROM `jm_browse_index` WHERE  `ip` = '138.122.193.84' ORDER BY `id` DESC LIMIT 1 [ RunTime:0.004592s ]
[2024-01-22T09:13:35+08:00][sql] INSERT INTO `jm_browse_index` SET `cid` = 0 , `url` = '/' , `ip` = '138.122.193.84' , `mark` = '18ad1e4e241803267a308bcb0f02a796' , `user_agent` = 'Mozilla/5.0 (Macintosh; Intel Mac OS X 10_15_7) AppleWebKit/537.36 (KHTML, like Gecko) Chrome/107.0.0.0 Safari/537.36' , `create_time` = '2024-01-22 09:13:35.387175' [ RunTime:0.000554s ]
[2024-01-22T09:13:35+08:00][sql] SHOW FULL COLUMNS FROM `jm_news_index` [ RunTime:0.002401s ]
[2024-01-22T09:13:35+08:00][sql] SELECT * FROM `jm_news_index` WHERE  `c_id` = 78  AND `status` = 1 ORDER BY `create_time` DESC LIMIT 5 [ RunTime:0.000880s ]
[2024-01-22T09:13:35+08:00][sql] SELECT * FROM `jm_news_index` WHERE  `c_id` = 79  AND `status` = 1 ORDER BY `create_time` DESC LIMIT 5 [ RunTime:0.000801s ]
[2024-01-22T09:13:35+08:00][sql] SELECT * FROM `jm_news_index` WHERE  `c_id` = 77  AND `status` = 1 ORDER BY `create_time` DESC LIMIT 5 [ RunTime:0.000691s ]
[2024-01-22T09:13:38+08:00][sql] CONNECT:[ UseTime:0.001127s ] mysql:host=127.0.0.1;port=3306;dbname=www_fsqf_com;charset=utf8
[2024-01-22T09:13:38+08:00][sql] SHOW FULL COLUMNS FROM `jm_nav` [ RunTime:0.001717s ]
[2024-01-22T09:13:38+08:00][sql] SELECT * FROM `jm_nav` ORDER BY `sort` ASC [ RunTime:0.000665s ]
[2024-01-22T09:13:38+08:00][sql] SHOW FULL COLUMNS FROM `jm_browse_index` [ RunTime:0.001936s ]
[2024-01-22T09:13:38+08:00][sql] SELECT * FROM `jm_browse_index` WHERE  `ip` = '138.122.193.84' ORDER BY `id` DESC LIMIT 1 [ RunTime:0.000655s ]
[2024-01-22T09:13:38+08:00][sql] SHOW FULL COLUMNS FROM `jm_news_index` [ RunTime:0.001637s ]
[2024-01-22T09:13:38+08:00][sql] SELECT * FROM `jm_news_index` WHERE  `c_id` = 78  AND `status` = 1 ORDER BY `create_time` DESC LIMIT 5 [ RunTime:0.000773s ]
[2024-01-22T09:13:38+08:00][sql] SELECT * FROM `jm_news_index` WHERE  `c_id` = 79  AND `status` = 1 ORDER BY `create_time` DESC LIMIT 5 [ RunTime:0.000699s ]
[2024-01-22T09:13:38+08:00][sql] SELECT * FROM `jm_news_index` WHERE  `c_id` = 77  AND `status` = 1 ORDER BY `create_time` DESC LIMIT 5 [ RunTime:0.000778s ]
[2024-01-22T09:13:40+08:00][sql] CONNECT:[ UseTime:0.000936s ] mysql:host=127.0.0.1;port=3306;dbname=www_fsqf_com;charset=utf8
[2024-01-22T09:13:40+08:00][sql] SHOW FULL COLUMNS FROM `jm_nav` [ RunTime:0.002332s ]
[2024-01-22T09:13:40+08:00][sql] SELECT * FROM `jm_nav` ORDER BY `sort` ASC [ RunTime:0.000757s ]
[2024-01-22T09:13:40+08:00][sql] SHOW FULL COLUMNS FROM `jm_browse_index` [ RunTime:0.002995s ]
[2024-01-22T09:13:40+08:00][sql] SELECT * FROM `jm_browse_index` WHERE  `ip` = '54.221.41.118' ORDER BY `id` DESC LIMIT 1 [ RunTime:0.004640s ]
[2024-01-22T09:13:40+08:00][sql] INSERT INTO `jm_browse_index` SET `cid` = 0 , `url` = '/' , `ip` = '54.221.41.118' , `mark` = '78d73f3c3b0755bbf2f26db5229ac9eb' , `user_agent` = 'Mozilla/5.0 (Macintosh; Intel Mac OS X 10_15_7) AppleWebKit/537.36 (KHTML, like Gecko) Chrome/107.0.0.0 Safari/537.36' , `create_time` = '2024-01-22 09:13:40.416809' [ RunTime:0.000915s ]
[2024-01-22T09:13:40+08:00][sql] SHOW FULL COLUMNS FROM `jm_news_index` [ RunTime:0.002305s ]
[2024-01-22T09:13:40+08:00][sql] SELECT * FROM `jm_news_index` WHERE  `c_id` = 78  AND `status` = 1 ORDER BY `create_time` DESC LIMIT 5 [ RunTime:0.000838s ]
[2024-01-22T09:13:40+08:00][sql] SELECT * FROM `jm_news_index` WHERE  `c_id` = 79  AND `status` = 1 ORDER BY `create_time` DESC LIMIT 5 [ RunTime:0.000795s ]
[2024-01-22T09:13:40+08:00][sql] SELECT * FROM `jm_news_index` WHERE  `c_id` = 77  AND `status` = 1 ORDER BY `create_time` DESC LIMIT 5 [ RunTime:0.000681s ]
[2024-01-22T09:13:42+08:00][sql] CONNECT:[ UseTime:0.000976s ] mysql:host=127.0.0.1;port=3306;dbname=www_fsqf_com;charset=utf8
[2024-01-22T09:13:42+08:00][sql] SHOW FULL COLUMNS FROM `jm_nav` [ RunTime:0.002010s ]
[2024-01-22T09:13:42+08:00][sql] SELECT * FROM `jm_nav` ORDER BY `sort` ASC [ RunTime:0.000719s ]
[2024-01-22T09:13:42+08:00][sql] SHOW FULL COLUMNS FROM `jm_browse_index` [ RunTime:0.002010s ]
[2024-01-22T09:13:42+08:00][sql] SELECT * FROM `jm_browse_index` WHERE  `ip` = '38.154.214.54' ORDER BY `id` DESC LIMIT 1 [ RunTime:0.004345s ]
[2024-01-22T09:13:42+08:00][sql] INSERT INTO `jm_browse_index` SET `cid` = 0 , `url` = '/' , `ip` = '38.154.214.54' , `mark` = '9848dd0dd1250343f6fdef2e1747d971' , `user_agent` = 'Mozilla/5.0 (Macintosh; Intel Mac OS X 10_15_7) AppleWebKit/537.36 (KHTML, like Gecko) Chrome/107.0.0.0 Safari/537.36' , `create_time` = '2024-01-22 09:13:42.209790' [ RunTime:0.000571s ]
[2024-01-22T09:13:42+08:00][sql] SHOW FULL COLUMNS FROM `jm_news_index` [ RunTime:0.002878s ]
[2024-01-22T09:13:42+08:00][sql] SELECT * FROM `jm_news_index` WHERE  `c_id` = 78  AND `status` = 1 ORDER BY `create_time` DESC LIMIT 5 [ RunTime:0.001085s ]
[2024-01-22T09:13:42+08:00][sql] SELECT * FROM `jm_news_index` WHERE  `c_id` = 79  AND `status` = 1 ORDER BY `create_time` DESC LIMIT 5 [ RunTime:0.001645s ]
[2024-01-22T09:13:42+08:00][sql] SELECT * FROM `jm_news_index` WHERE  `c_id` = 77  AND `status` = 1 ORDER BY `create_time` DESC LIMIT 5 [ RunTime:0.000955s ]
[2024-01-22T09:13:43+08:00][sql] CONNECT:[ UseTime:0.000905s ] mysql:host=127.0.0.1;port=3306;dbname=www_fsqf_com;charset=utf8
[2024-01-22T09:13:43+08:00][sql] SHOW FULL COLUMNS FROM `jm_nav` [ RunTime:0.002107s ]
[2024-01-22T09:13:43+08:00][sql] SELECT * FROM `jm_nav` ORDER BY `sort` ASC [ RunTime:0.000636s ]
[2024-01-22T09:13:43+08:00][sql] SHOW FULL COLUMNS FROM `jm_browse_index` [ RunTime:0.002164s ]
[2024-01-22T09:13:43+08:00][sql] SELECT * FROM `jm_browse_index` WHERE  `ip` = '3.95.61.108' ORDER BY `id` DESC LIMIT 1 [ RunTime:0.004133s ]
[2024-01-22T09:13:43+08:00][sql] INSERT INTO `jm_browse_index` SET `cid` = 0 , `url` = '/' , `ip` = '3.95.61.108' , `mark` = 'f66c630318a5f3d099d3bbcdb8cc882f' , `user_agent` = 'Mozilla/5.0 (Macintosh; Intel Mac OS X 10_15_7) AppleWebKit/537.36 (KHTML, like Gecko) Chrome/107.0.0.0 Safari/537.36' , `create_time` = '2024-01-22 09:13:43.210080' [ RunTime:0.000443s ]
[2024-01-22T09:13:43+08:00][sql] SHOW FULL COLUMNS FROM `jm_news_index` [ RunTime:0.002478s ]
[2024-01-22T09:13:43+08:00][sql] SELECT * FROM `jm_news_index` WHERE  `c_id` = 78  AND `status` = 1 ORDER BY `create_time` DESC LIMIT 5 [ RunTime:0.000817s ]
[2024-01-22T09:13:43+08:00][sql] SELECT * FROM `jm_news_index` WHERE  `c_id` = 79  AND `status` = 1 ORDER BY `create_time` DESC LIMIT 5 [ RunTime:0.000729s ]
[2024-01-22T09:13:43+08:00][sql] SELECT * FROM `jm_news_index` WHERE  `c_id` = 77  AND `status` = 1 ORDER BY `create_time` DESC LIMIT 5 [ RunTime:0.000658s ]
[2024-01-22T10:35:05+08:00][sql] CONNECT:[ UseTime:0.000765s ] mysql:host=127.0.0.1;port=3306;dbname=www_fsqf_com;charset=utf8
[2024-01-22T10:35:05+08:00][sql] SHOW FULL COLUMNS FROM `jm_nav` [ RunTime:0.002128s ]
[2024-01-22T10:35:05+08:00][sql] SELECT * FROM `jm_nav` ORDER BY `sort` ASC [ RunTime:0.000852s ]
[2024-01-22T10:35:05+08:00][sql] SHOW FULL COLUMNS FROM `jm_browse_index` [ RunTime:0.001806s ]
[2024-01-22T10:35:05+08:00][sql] SELECT * FROM `jm_browse_index` WHERE  `ip` = '191.102.162.249' ORDER BY `id` DESC LIMIT 1 [ RunTime:0.004736s ]
[2024-01-22T10:35:05+08:00][sql] INSERT INTO `jm_browse_index` SET `cid` = 0 , `url` = '/' , `ip` = '191.102.162.249' , `mark` = 'b31c264b9f113862e82cd9b7f51e9c95' , `user_agent` = 'Mozilla/5.0 (Windows NT 10.0; Win64; x64) AppleWebKit/537.36 (KHTML, like Gecko) Chrome/108.0.0.0 Safari/537.36' , `create_time` = '2024-01-22 10:35:05.377566' [ RunTime:0.000476s ]
[2024-01-22T10:35:05+08:00][sql] SHOW FULL COLUMNS FROM `jm_news_index` [ RunTime:0.002213s ]
[2024-01-22T10:35:05+08:00][sql] SELECT * FROM `jm_news_index` WHERE  `c_id` = 78  AND `status` = 1 ORDER BY `create_time` DESC LIMIT 5 [ RunTime:0.001139s ]
[2024-01-22T10:35:05+08:00][sql] SELECT * FROM `jm_news_index` WHERE  `c_id` = 79  AND `status` = 1 ORDER BY `create_time` DESC LIMIT 5 [ RunTime:0.000764s ]
[2024-01-22T10:35:05+08:00][sql] SELECT * FROM `jm_news_index` WHERE  `c_id` = 77  AND `status` = 1 ORDER BY `create_time` DESC LIMIT 5 [ RunTime:0.000640s ]
[2024-01-22T11:59:18+08:00][sql] CONNECT:[ UseTime:0.001317s ] mysql:host=127.0.0.1;port=3306;dbname=www_fsqf_com;charset=utf8
[2024-01-22T11:59:18+08:00][sql] SHOW FULL COLUMNS FROM `jm_nav` [ RunTime:0.004395s ]
[2024-01-22T11:59:18+08:00][sql] SELECT * FROM `jm_nav` ORDER BY `sort` ASC [ RunTime:0.001661s ]
[2024-01-22T11:59:18+08:00][sql] SHOW FULL COLUMNS FROM `jm_browse_index` [ RunTime:0.002736s ]
[2024-01-22T11:59:18+08:00][sql] SHOW FULL COLUMNS FROM `jm_news_index` [ RunTime:0.003716s ]
[2024-01-22T11:59:18+08:00][sql] SELECT `c_id` FROM `jm_news_index` WHERE  `id` = 168 LIMIT 1 [ RunTime:0.001017s ]
[2024-01-22T11:59:18+08:00][sql] SELECT * FROM `jm_browse_index` WHERE  `ip` = '60.188.9.233' ORDER BY `id` DESC LIMIT 1 [ RunTime:0.005368s ]
[2024-01-22T11:59:18+08:00][sql] INSERT INTO `jm_browse_index` SET `cid` = 77 , `url` = '/show/168.html' , `ip` = '60.188.9.233' , `mark` = '5f11567500bf0f4ea1e5915a2f94b99a' , `user_agent` = 'Mozilla/5.0 (Windows NT 6.1; Win64; x64) AppleWebKit/537.36 (KHTML, like Gecko) Chrome/69.0.3497.81 YisouSpider/5.0 Safari/537.36' , `create_time` = '2024-01-22 11:59:18.191147' [ RunTime:0.000702s ]
[2024-01-22T11:59:18+08:00][sql] SELECT * FROM `jm_news_index` WHERE  `id` = 168 LIMIT 1 [ RunTime:0.000639s ]
[2024-01-22T11:59:18+08:00][sql] SHOW FULL COLUMNS FROM `jm_category` [ RunTime:0.001702s ]
[2024-01-22T11:59:18+08:00][sql] SELECT * FROM `jm_category` WHERE  `id` = 77 LIMIT 1 [ RunTime:0.001038s ]
[2024-01-22T11:59:18+08:00][sql] SELECT * FROM `jm_category` WHERE  `id` = 74 LIMIT 1 [ RunTime:0.000604s ]
[2024-01-22T11:59:18+08:00][sql] SHOW FULL COLUMNS FROM `jm_ad_index` [ RunTime:0.001873s ]
[2024-01-22T11:59:18+08:00][sql] SELECT * FROM `jm_ad_index` WHERE  `g_id` = 74 LIMIT 1 [ RunTime:0.000763s ]
[2024-01-22T11:59:18+08:00][sql] SELECT * FROM `jm_category` WHERE  `pid` = 74 [ RunTime:0.000435s ]
[2024-01-22T11:59:18+08:00][sql] SELECT * FROM `jm_news_index` WHERE  `c_id` = 77  AND `id` > 168  AND `status` = 1 LIMIT 1 [ RunTime:0.000597s ]
[2024-01-22T11:59:18+08:00][sql] SELECT * FROM `jm_news_index` WHERE  `c_id` = 77  AND `id` < 168  AND `status` = 1 LIMIT 1 [ RunTime:0.000929s ]
[2024-01-22T14:12:40+08:00][sql] CONNECT:[ UseTime:0.001317s ] mysql:host=127.0.0.1;port=3306;dbname=www_fsqf_com;charset=utf8
[2024-01-22T14:12:40+08:00][sql] SHOW FULL COLUMNS FROM `jm_nav` [ RunTime:0.001674s ]
[2024-01-22T14:12:40+08:00][sql] SELECT * FROM `jm_nav` ORDER BY `sort` ASC [ RunTime:0.000720s ]
[2024-01-22T14:12:40+08:00][sql] SHOW FULL COLUMNS FROM `jm_browse_index` [ RunTime:0.001983s ]
[2024-01-22T14:12:40+08:00][sql] SELECT * FROM `jm_browse_index` WHERE  `ip` = '39.173.107.146' ORDER BY `id` DESC LIMIT 1 [ RunTime:0.001799s ]
[2024-01-22T14:12:40+08:00][sql] INSERT INTO `jm_browse_index` SET `cid` = 0 , `url` = '/page/13.html' , `ip` = '39.173.107.146' , `mark` = '8610bde95177562a7d4233e5e6d6ad51' , `user_agent` = 'Mozilla/5.0 (Windows NT 6.1; Win64; x64) AppleWebKit/537.36 (KHTML, like Gecko) Chrome/69.0.3497.81 YisouSpider/5.0 Safari/537.36' , `create_time` = '2024-01-22 14:12:39.826121' [ RunTime:0.000474s ]
[2024-01-22T14:12:40+08:00][sql] SHOW FULL COLUMNS FROM `jm_page_index` [ RunTime:0.002148s ]
[2024-01-22T14:12:40+08:00][sql] SELECT * FROM `jm_page_index` WHERE  `id` = 13 LIMIT 1 [ RunTime:0.000970s ]
[2024-01-22T14:12:40+08:00][sql] SHOW FULL COLUMNS FROM `jm_category` [ RunTime:0.002272s ]
[2024-01-22T14:12:40+08:00][sql] SELECT * FROM `jm_category` WHERE  `id` = 76 LIMIT 1 [ RunTime:0.000809s ]
[2024-01-22T14:12:40+08:00][sql] SELECT * FROM `jm_category` WHERE  `id` = 0 LIMIT 1 [ RunTime:0.000394s ]
[2024-01-22T14:12:40+08:00][sql] SHOW FULL COLUMNS FROM `jm_ad_index` [ RunTime:0.001891s ]
[2024-01-22T14:12:40+08:00][sql] SELECT * FROM `jm_ad_index` WHERE  `g_id` = 76 LIMIT 1 [ RunTime:0.000709s ]
[2024-01-22T14:12:40+08:00][sql] SELECT `id` FROM `jm_page_index` WHERE  `c_id` = 76 LIMIT 1 [ RunTime:0.000324s ]
[2024-01-22T14:12:40+08:00][sql] SELECT * FROM `jm_category` WHERE  `pid` = 76 [ RunTime:0.000354s ]
[2024-01-22T14:12:40+08:00][sql] SELECT * FROM `jm_page_index` WHERE  `c_id` = 76 ORDER BY `sort` ASC [ RunTime:0.000482s ]
[2024-01-22T15:55:40+08:00][sql] CONNECT:[ UseTime:0.000870s ] mysql:host=127.0.0.1;port=3306;dbname=www_fsqf_com;charset=utf8
[2024-01-22T15:55:40+08:00][sql] SHOW FULL COLUMNS FROM `jm_nav` [ RunTime:0.002503s ]
[2024-01-22T15:55:40+08:00][sql] SELECT * FROM `jm_nav` ORDER BY `sort` ASC [ RunTime:0.000936s ]
[2024-01-22T15:55:40+08:00][sql] SHOW FULL COLUMNS FROM `jm_browse_index` [ RunTime:0.002033s ]
[2024-01-22T15:55:40+08:00][sql] SELECT * FROM `jm_browse_index` WHERE  `ip` = '52.167.144.232' ORDER BY `id` DESC LIMIT 1 [ RunTime:0.005058s ]
[2024-01-22T15:55:40+08:00][sql] INSERT INTO `jm_browse_index` SET `cid` = 0 , `url` = '/page/12.html' , `ip` = '52.167.144.232' , `mark` = 'ddf7308930978850094c63756202651d' , `user_agent` = 'Mozilla/5.0 AppleWebKit/537.36 (KHTML, like Gecko; compatible; bingbot/2.0; +http://www.bing.com/bingbot.htm) Chrome/116.0.1938.76 Safari/537.36' , `create_time` = '2024-01-22 15:55:40.147096' [ RunTime:0.000592s ]
[2024-01-22T15:55:40+08:00][sql] SHOW FULL COLUMNS FROM `jm_page_index` [ RunTime:0.002265s ]
[2024-01-22T15:55:40+08:00][sql] SELECT * FROM `jm_page_index` WHERE  `id` = 12 LIMIT 1 [ RunTime:0.000789s ]
[2024-01-22T15:55:40+08:00][sql] SHOW FULL COLUMNS FROM `jm_category` [ RunTime:0.002194s ]
[2024-01-22T15:55:40+08:00][sql] SELECT * FROM `jm_category` WHERE  `id` = 76 LIMIT 1 [ RunTime:0.000976s ]
[2024-01-22T15:55:40+08:00][sql] SELECT * FROM `jm_category` WHERE  `id` = 0 LIMIT 1 [ RunTime:0.000540s ]
[2024-01-22T15:55:40+08:00][sql] SHOW FULL COLUMNS FROM `jm_ad_index` [ RunTime:0.002024s ]
[2024-01-22T15:55:40+08:00][sql] SELECT * FROM `jm_ad_index` WHERE  `g_id` = 76 LIMIT 1 [ RunTime:0.000800s ]
[2024-01-22T15:55:40+08:00][sql] SELECT `id` FROM `jm_page_index` WHERE  `c_id` = 76 LIMIT 1 [ RunTime:0.000487s ]
[2024-01-22T15:55:40+08:00][sql] SELECT * FROM `jm_category` WHERE  `pid` = 76 [ RunTime:0.000781s ]
[2024-01-22T15:55:40+08:00][sql] SELECT * FROM `jm_page_index` WHERE  `c_id` = 76 ORDER BY `sort` ASC [ RunTime:0.000497s ]
[2024-01-22T16:08:54+08:00][sql] CONNECT:[ UseTime:0.000952s ] mysql:host=127.0.0.1;port=3306;dbname=www_fsqf_com;charset=utf8
[2024-01-22T16:08:54+08:00][sql] SHOW FULL COLUMNS FROM `jm_nav` [ RunTime:0.002106s ]
[2024-01-22T16:08:54+08:00][sql] SELECT * FROM `jm_nav` ORDER BY `sort` ASC [ RunTime:0.000681s ]
[2024-01-22T16:08:54+08:00][sql] SHOW FULL COLUMNS FROM `jm_browse_index` [ RunTime:0.001579s ]
[2024-01-22T16:08:54+08:00][sql] SELECT * FROM `jm_browse_index` WHERE  `ip` = '218.95.2.19' ORDER BY `id` DESC LIMIT 1 [ RunTime:0.001334s ]
[2024-01-22T16:08:54+08:00][sql] SHOW FULL COLUMNS FROM `jm_news_index` [ RunTime:0.002329s ]
[2024-01-22T16:08:54+08:00][sql] SELECT * FROM `jm_news_index` WHERE  `c_id` = 78  AND `status` = 1 ORDER BY `create_time` DESC LIMIT 5 [ RunTime:0.001285s ]
[2024-01-22T16:08:54+08:00][sql] SELECT * FROM `jm_news_index` WHERE  `c_id` = 79  AND `status` = 1 ORDER BY `create_time` DESC LIMIT 5 [ RunTime:0.000846s ]
[2024-01-22T16:08:54+08:00][sql] SELECT * FROM `jm_news_index` WHERE  `c_id` = 77  AND `status` = 1 ORDER BY `create_time` DESC LIMIT 5 [ RunTime:0.000755s ]
[2024-01-22T19:37:05+08:00][sql] CONNECT:[ UseTime:0.001042s ] mysql:host=127.0.0.1;port=3306;dbname=www_fsqf_com;charset=utf8
[2024-01-22T19:37:05+08:00][sql] SHOW FULL COLUMNS FROM `jm_nav` [ RunTime:0.002430s ]
[2024-01-22T19:37:05+08:00][sql] SELECT * FROM `jm_nav` ORDER BY `sort` ASC [ RunTime:0.000823s ]
[2024-01-22T19:37:05+08:00][sql] SHOW FULL COLUMNS FROM `jm_browse_index` [ RunTime:0.002077s ]
[2024-01-22T19:37:05+08:00][sql] SELECT * FROM `jm_browse_index` WHERE  `ip` = '112.13.112.35' ORDER BY `id` DESC LIMIT 1 [ RunTime:0.003718s ]
[2024-01-22T19:37:05+08:00][sql] INSERT INTO `jm_browse_index` SET `cid` = 0 , `url` = '/page/1.html' , `ip` = '112.13.112.35' , `mark` = '7925aa1a746de03ec6969779c5daf2bf' , `user_agent` = 'Mozilla/5.0 (Windows NT 6.1; Win64; x64) AppleWebKit/537.36 (KHTML, like Gecko) Chrome/69.0.3497.81 YisouSpider/5.0 Safari/537.36' , `create_time` = '2024-01-22 19:37:05.145610' [ RunTime:0.000565s ]
[2024-01-22T19:37:05+08:00][sql] SHOW FULL COLUMNS FROM `jm_page_index` [ RunTime:0.003568s ]
[2024-01-22T19:37:05+08:00][sql] SELECT * FROM `jm_page_index` WHERE  `id` = 1 LIMIT 1 [ RunTime:0.001152s ]
[2024-01-22T19:37:05+08:00][sql] SHOW FULL COLUMNS FROM `jm_category` [ RunTime:0.001987s ]
[2024-01-22T19:37:05+08:00][sql] SELECT * FROM `jm_category` WHERE  `id` = 52 LIMIT 1 [ RunTime:0.000701s ]
[2024-01-22T19:37:05+08:00][sql] SELECT * FROM `jm_category` WHERE  `id` = 0 LIMIT 1 [ RunTime:0.000531s ]
[2024-01-22T19:37:05+08:00][sql] SHOW FULL COLUMNS FROM `jm_ad_index` [ RunTime:0.001877s ]
[2024-01-22T19:37:05+08:00][sql] SELECT * FROM `jm_ad_index` WHERE  `g_id` = 52 LIMIT 1 [ RunTime:0.000747s ]
[2024-01-22T19:37:05+08:00][sql] SELECT `id` FROM `jm_page_index` WHERE  `c_id` = 52 LIMIT 1 [ RunTime:0.000347s ]
[2024-01-22T19:37:05+08:00][sql] SELECT * FROM `jm_category` WHERE  `pid` = 52 [ RunTime:0.000344s ]
[2024-01-22T19:37:05+08:00][sql] SELECT * FROM `jm_page_index` WHERE  `c_id` = 76 ORDER BY `sort` ASC [ RunTime:0.000408s ]
[2024-01-22T21:50:39+08:00][sql] CONNECT:[ UseTime:0.000938s ] mysql:host=127.0.0.1;port=3306;dbname=www_fsqf_com;charset=utf8
[2024-01-22T21:50:39+08:00][sql] SHOW FULL COLUMNS FROM `jm_nav` [ RunTime:0.002310s ]
[2024-01-22T21:50:39+08:00][sql] SELECT * FROM `jm_nav` ORDER BY `sort` ASC [ RunTime:0.000840s ]
[2024-01-22T21:50:39+08:00][sql] SHOW FULL COLUMNS FROM `jm_browse_index` [ RunTime:0.001520s ]
[2024-01-22T21:50:39+08:00][sql] SELECT * FROM `jm_browse_index` WHERE  `ip` = '34.220.211.232' ORDER BY `id` DESC LIMIT 1 [ RunTime:0.004721s ]
[2024-01-22T21:50:39+08:00][sql] INSERT INTO `jm_browse_index` SET `cid` = 0 , `url` = '/' , `ip` = '34.220.211.232' , `mark` = 'ad3ef638263fa09a61ceab6138304272' , `user_agent` = 'Mozilla/5.0 (X11; Linux x86_64) AppleWebKit/537.36 (KHTML, like Gecko) Chrome/83.0.4103.97 Safari/537.36' , `create_time` = '2024-01-22 21:50:39.815665' [ RunTime:0.000451s ]
[2024-01-22T21:50:39+08:00][sql] SHOW FULL COLUMNS FROM `jm_news_index` [ RunTime:0.003182s ]
[2024-01-22T21:50:39+08:00][sql] SELECT * FROM `jm_news_index` WHERE  `c_id` = 78  AND `status` = 1 ORDER BY `create_time` DESC LIMIT 5 [ RunTime:0.001591s ]
[2024-01-22T21:50:39+08:00][sql] SELECT * FROM `jm_news_index` WHERE  `c_id` = 79  AND `status` = 1 ORDER BY `create_time` DESC LIMIT 5 [ RunTime:0.000870s ]
[2024-01-22T21:50:39+08:00][sql] SELECT * FROM `jm_news_index` WHERE  `c_id` = 77  AND `status` = 1 ORDER BY `create_time` DESC LIMIT 5 [ RunTime:0.000825s ]
[2024-01-22T21:52:19+08:00][sql] CONNECT:[ UseTime:0.001116s ] mysql:host=127.0.0.1;port=3306;dbname=www_fsqf_com;charset=utf8
[2024-01-22T21:52:19+08:00][sql] SHOW FULL COLUMNS FROM `jm_nav` [ RunTime:0.003500s ]
[2024-01-22T21:52:19+08:00][sql] SELECT * FROM `jm_nav` ORDER BY `sort` ASC [ RunTime:0.001815s ]
[2024-01-22T21:52:19+08:00][sql] SHOW FULL COLUMNS FROM `jm_browse_index` [ RunTime:0.002353s ]
[2024-01-22T21:52:19+08:00][sql] SELECT * FROM `jm_browse_index` WHERE  `ip` = '34.223.250.253' ORDER BY `id` DESC LIMIT 1 [ RunTime:0.003201s ]
[2024-01-22T21:52:19+08:00][sql] INSERT INTO `jm_browse_index` SET `cid` = 0 , `url` = '/' , `ip` = '34.223.250.253' , `mark` = 'aba9a74535567f5cce2a2cfa1a0080b4' , `user_agent` = 'Mozilla/5.0 (X11; Linux x86_64) AppleWebKit/537.36 (KHTML, like Gecko) Chrome/83.0.4103.97 Safari/537.36' , `create_time` = '2024-01-22 21:52:19.091698' [ RunTime:0.000421s ]
[2024-01-22T21:52:19+08:00][sql] SHOW FULL COLUMNS FROM `jm_news_index` [ RunTime:0.002410s ]
[2024-01-22T21:52:19+08:00][sql] SELECT * FROM `jm_news_index` WHERE  `c_id` = 78  AND `status` = 1 ORDER BY `create_time` DESC LIMIT 5 [ RunTime:0.001011s ]
[2024-01-22T21:52:19+08:00][sql] SELECT * FROM `jm_news_index` WHERE  `c_id` = 79  AND `status` = 1 ORDER BY `create_time` DESC LIMIT 5 [ RunTime:0.000754s ]
[2024-01-22T21:52:19+08:00][sql] SELECT * FROM `jm_news_index` WHERE  `c_id` = 77  AND `status` = 1 ORDER BY `create_time` DESC LIMIT 5 [ RunTime:0.000632s ]
[2024-01-22T22:28:37+08:00][sql] CONNECT:[ UseTime:0.001203s ] mysql:host=127.0.0.1;port=3306;dbname=www_fsqf_com;charset=utf8
[2024-01-22T22:28:37+08:00][sql] SHOW FULL COLUMNS FROM `jm_nav` [ RunTime:0.002268s ]
[2024-01-22T22:28:37+08:00][sql] SELECT * FROM `jm_nav` ORDER BY `sort` ASC [ RunTime:0.000845s ]
[2024-01-22T22:28:37+08:00][sql] SHOW FULL COLUMNS FROM `jm_browse_index` [ RunTime:0.001760s ]
[2024-01-22T22:28:37+08:00][sql] SELECT * FROM `jm_browse_index` WHERE  `ip` = '40.77.167.235' ORDER BY `id` DESC LIMIT 1 [ RunTime:0.001588s ]
[2024-01-22T22:28:37+08:00][sql] INSERT INTO `jm_browse_index` SET `cid` = 74 , `url` = '/list/74.html' , `ip` = '40.77.167.235' , `mark` = 'c7949d08e57ce87b20dba4b9ebd39b40' , `user_agent` = 'Mozilla/5.0 AppleWebKit/537.36 (KHTML, like Gecko; compatible; bingbot/2.0; +http://www.bing.com/bingbot.htm) Chrome/116.0.1938.76 Safari/537.36' , `create_time` = '2024-01-22 22:28:37.869285' [ RunTime:0.000606s ]
[2024-01-22T22:28:37+08:00][sql] SHOW FULL COLUMNS FROM `jm_category` [ RunTime:0.002499s ]
[2024-01-22T22:28:37+08:00][sql] SELECT `pid` FROM `jm_category` WHERE  `id` = 74 LIMIT 1 [ RunTime:0.000972s ]
[2024-01-22T22:28:37+08:00][sql] SELECT `id` FROM `jm_category` WHERE  `pid` = 74 [ RunTime:0.000669s ]
[2024-01-22T22:28:37+08:00][sql] SHOW FULL COLUMNS FROM `jm_news_index` [ RunTime:0.002286s ]
[2024-01-22T22:28:37+08:00][sql] SELECT COUNT(*) AS think_count FROM `jm_news_index` WHERE  `status` = 1  AND `c_id` IN (77,78,79) LIMIT 1 [ RunTime:0.001235s ]
[2024-01-22T22:28:37+08:00][sql] SELECT * FROM `jm_news_index` WHERE  `status` = 1  AND `c_id` IN (77,78,79) ORDER BY `create_time` DESC LIMIT 0,5 [ RunTime:0.001196s ]
[2024-01-22T22:28:37+08:00][sql] SELECT * FROM `jm_category` WHERE  `id` = 74 LIMIT 1 [ RunTime:0.000650s ]
[2024-01-22T22:28:37+08:00][sql] SELECT * FROM `jm_category` WHERE  `id` = 0 LIMIT 1 [ RunTime:0.000458s ]
[2024-01-22T22:28:37+08:00][sql] SHOW FULL COLUMNS FROM `jm_ad_index` [ RunTime:0.002743s ]
[2024-01-22T22:28:37+08:00][sql] SELECT * FROM `jm_ad_index` WHERE  `g_id` = 74 LIMIT 1 [ RunTime:0.000970s ]
[2024-01-22T22:28:37+08:00][sql] SELECT * FROM `jm_category` WHERE  `pid` = 74 ORDER BY `sort` ASC [ RunTime:0.000551s ]
