[2024-01-31T02:01:50+08:00][sql] CONNECT:[ UseTime:0.001805s ] mysql:host=127.0.0.1;port=3306;dbname=www_fsqf_com;charset=utf8
[2024-01-31T02:01:50+08:00][sql] SHOW FULL COLUMNS FROM `jm_nav` [ RunTime:0.003120s ]
[2024-01-31T02:01:50+08:00][sql] SELECT * FROM `jm_nav` ORDER BY `sort` ASC [ RunTime:0.001123s ]
[2024-01-31T02:01:50+08:00][sql] SHOW FULL COLUMNS FROM `jm_browse_index` [ RunTime:0.003148s ]
[2024-01-31T02:01:50+08:00][sql] SHOW FULL COLUMNS FROM `jm_news_index` [ RunTime:0.002470s ]
[2024-01-31T02:01:50+08:00][sql] SELECT `c_id` FROM `jm_news_index` WHERE  `id` = 177 LIMIT 1 [ RunTime:0.000821s ]
[2024-01-31T02:01:50+08:00][sql] SELECT * FROM `jm_browse_index` WHERE  `ip` = '220.181.108.144' ORDER BY `id` DESC LIMIT 1 [ RunTime:0.003172s ]
[2024-01-31T02:01:50+08:00][sql] INSERT INTO `jm_browse_index` SET `cid` = 78 , `url` = '/show/177.html' , `ip` = '220.181.108.144' , `mark` = '2388bfad8b881be745d27d2cc1fee0fa' , `user_agent` = 'Mozilla/5.0 (compatible; Baiduspider/2.0; +http://www.baidu.com/search/spider.html)' , `create_time` = '2024-01-31 02:01:50.277917' [ RunTime:0.000597s ]
[2024-01-31T02:01:50+08:00][sql] SELECT * FROM `jm_news_index` WHERE  `id` = 177 LIMIT 1 [ RunTime:0.000790s ]
[2024-01-31T02:01:50+08:00][sql] SHOW FULL COLUMNS FROM `jm_category` [ RunTime:0.002427s ]
[2024-01-31T02:01:50+08:00][sql] SELECT * FROM `jm_category` WHERE  `id` = 78 LIMIT 1 [ RunTime:0.000917s ]
[2024-01-31T02:01:50+08:00][sql] SELECT * FROM `jm_category` WHERE  `id` = 74 LIMIT 1 [ RunTime:0.000417s ]
[2024-01-31T02:01:50+08:00][sql] SHOW FULL COLUMNS FROM `jm_ad_index` [ RunTime:0.002106s ]
[2024-01-31T02:01:50+08:00][sql] SELECT * FROM `jm_ad_index` WHERE  `g_id` = 74 LIMIT 1 [ RunTime:0.000853s ]
[2024-01-31T02:01:50+08:00][sql] SELECT * FROM `jm_category` WHERE  `pid` = 74 [ RunTime:0.000486s ]
[2024-01-31T02:01:50+08:00][sql] SELECT * FROM `jm_news_index` WHERE  `c_id` = 78  AND `id` > 177  AND `status` = 1 LIMIT 1 [ RunTime:0.000621s ]
[2024-01-31T02:01:50+08:00][sql] SELECT * FROM `jm_news_index` WHERE  `c_id` = 78  AND `id` < 177  AND `status` = 1 LIMIT 1 [ RunTime:0.000907s ]
[2024-01-31T02:16:23+08:00][sql] CONNECT:[ UseTime:0.000946s ] mysql:host=127.0.0.1;port=3306;dbname=www_fsqf_com;charset=utf8
[2024-01-31T02:16:23+08:00][sql] SHOW FULL COLUMNS FROM `jm_nav` [ RunTime:0.002687s ]
[2024-01-31T02:16:23+08:00][sql] SELECT * FROM `jm_nav` ORDER BY `sort` ASC [ RunTime:0.000768s ]
[2024-01-31T02:16:23+08:00][sql] SHOW FULL COLUMNS FROM `jm_browse_index` [ RunTime:0.001786s ]
[2024-01-31T02:16:23+08:00][sql] SHOW FULL COLUMNS FROM `jm_news_index` [ RunTime:0.001702s ]
[2024-01-31T02:16:23+08:00][sql] SELECT `c_id` FROM `jm_news_index` WHERE  `id` = 175 LIMIT 1 [ RunTime:0.000591s ]
[2024-01-31T02:16:23+08:00][sql] SELECT * FROM `jm_browse_index` WHERE  `ip` = '112.13.112.185' ORDER BY `id` DESC LIMIT 1 [ RunTime:0.003558s ]
[2024-01-31T02:16:23+08:00][sql] INSERT INTO `jm_browse_index` SET `cid` = 79 , `url` = '/show/175.html' , `ip` = '112.13.112.185' , `mark` = '33a57e7367b02a05229bfddf5fc8ccdf' , `user_agent` = 'Mozilla/5.0 (Windows NT 6.1; Win64; x64) AppleWebKit/537.36 (KHTML, like Gecko) Chrome/69.0.3497.81 YisouSpider/5.0 Safari/537.36' , `create_time` = '2024-01-31 02:16:23.092522' [ RunTime:0.000664s ]
[2024-01-31T02:16:23+08:00][sql] SELECT * FROM `jm_news_index` WHERE  `id` = 175 LIMIT 1 [ RunTime:0.000765s ]
[2024-01-31T02:16:23+08:00][sql] SHOW FULL COLUMNS FROM `jm_category` [ RunTime:0.002512s ]
[2024-01-31T02:16:23+08:00][sql] SELECT * FROM `jm_category` WHERE  `id` = 79 LIMIT 1 [ RunTime:0.000852s ]
[2024-01-31T02:16:23+08:00][sql] SELECT * FROM `jm_category` WHERE  `id` = 74 LIMIT 1 [ RunTime:0.000792s ]
[2024-01-31T02:16:23+08:00][sql] SHOW FULL COLUMNS FROM `jm_ad_index` [ RunTime:0.002400s ]
[2024-01-31T02:16:23+08:00][sql] SELECT * FROM `jm_ad_index` WHERE  `g_id` = 74 LIMIT 1 [ RunTime:0.000850s ]
[2024-01-31T02:16:23+08:00][sql] SELECT * FROM `jm_category` WHERE  `pid` = 74 [ RunTime:0.000582s ]
[2024-01-31T02:16:23+08:00][sql] SELECT * FROM `jm_news_index` WHERE  `c_id` = 79  AND `id` > 175  AND `status` = 1 LIMIT 1 [ RunTime:0.000763s ]
[2024-01-31T02:16:23+08:00][sql] SELECT * FROM `jm_news_index` WHERE  `c_id` = 79  AND `id` < 175  AND `status` = 1 LIMIT 1 [ RunTime:0.000962s ]
[2024-01-31T02:45:39+08:00][sql] CONNECT:[ UseTime:0.000937s ] mysql:host=127.0.0.1;port=3306;dbname=www_fsqf_com;charset=utf8
[2024-01-31T02:45:39+08:00][sql] SHOW FULL COLUMNS FROM `jm_nav` [ RunTime:0.002699s ]
[2024-01-31T02:45:39+08:00][sql] SELECT * FROM `jm_nav` ORDER BY `sort` ASC [ RunTime:0.000874s ]
[2024-01-31T02:45:39+08:00][sql] SHOW FULL COLUMNS FROM `jm_browse_index` [ RunTime:0.002329s ]
[2024-01-31T02:45:39+08:00][sql] SELECT * FROM `jm_browse_index` WHERE  `ip` = '112.13.112.58' ORDER BY `id` DESC LIMIT 1 [ RunTime:0.005408s ]
[2024-01-31T02:45:39+08:00][sql] INSERT INTO `jm_browse_index` SET `cid` = 78 , `url` = '/list/78.html' , `ip` = '112.13.112.58' , `mark` = 'ed009f645092e254f2bfe93880b432ce' , `user_agent` = 'Mozilla/5.0 (Windows NT 6.1; Win64; x64) AppleWebKit/537.36 (KHTML, like Gecko) Chrome/69.0.3497.81 YisouSpider/5.0 Safari/537.36' , `create_time` = '2024-01-31 02:45:39.413821' [ RunTime:0.000688s ]
[2024-01-31T02:45:39+08:00][sql] SHOW FULL COLUMNS FROM `jm_category` [ RunTime:0.002380s ]
[2024-01-31T02:45:39+08:00][sql] SELECT `pid` FROM `jm_category` WHERE  `id` = 78 LIMIT 1 [ RunTime:0.000602s ]
[2024-01-31T02:45:39+08:00][sql] SHOW FULL COLUMNS FROM `jm_news_index` [ RunTime:0.001682s ]
[2024-01-31T02:45:39+08:00][sql] SELECT COUNT(*) AS think_count FROM `jm_news_index` WHERE  `status` = 1  AND `c_id` = 78 LIMIT 1 [ RunTime:0.000584s ]
[2024-01-31T02:45:39+08:00][sql] SELECT * FROM `jm_news_index` WHERE  `status` = 1  AND `c_id` = 78 ORDER BY `create_time` DESC LIMIT 0,5 [ RunTime:0.000606s ]
[2024-01-31T02:45:39+08:00][sql] SELECT * FROM `jm_category` WHERE  `id` = 78 LIMIT 1 [ RunTime:0.001032s ]
[2024-01-31T02:45:39+08:00][sql] SELECT * FROM `jm_category` WHERE  `id` = 74 LIMIT 1 [ RunTime:0.000717s ]
[2024-01-31T02:45:39+08:00][sql] SHOW FULL COLUMNS FROM `jm_ad_index` [ RunTime:0.002760s ]
[2024-01-31T02:45:39+08:00][sql] SELECT * FROM `jm_ad_index` WHERE  `g_id` = 74 LIMIT 1 [ RunTime:0.000969s ]
[2024-01-31T02:45:39+08:00][sql] SELECT * FROM `jm_category` WHERE  `pid` = 74 ORDER BY `sort` ASC [ RunTime:0.000706s ]
[2024-01-31T03:20:48+08:00][sql] CONNECT:[ UseTime:0.001433s ] mysql:host=127.0.0.1;port=3306;dbname=www_fsqf_com;charset=utf8
[2024-01-31T03:20:48+08:00][sql] SHOW FULL COLUMNS FROM `jm_nav` [ RunTime:0.002920s ]
[2024-01-31T03:20:48+08:00][sql] SELECT * FROM `jm_nav` ORDER BY `sort` ASC [ RunTime:0.001058s ]
[2024-01-31T03:20:48+08:00][sql] SHOW FULL COLUMNS FROM `jm_browse_index` [ RunTime:0.002153s ]
[2024-01-31T03:20:48+08:00][sql] SELECT * FROM `jm_browse_index` WHERE  `ip` = '119.101.107.108' ORDER BY `id` DESC LIMIT 1 [ RunTime:0.004669s ]
[2024-01-31T03:20:48+08:00][sql] INSERT INTO `jm_browse_index` SET `cid` = 0 , `url` = '/' , `ip` = '119.101.107.108' , `mark` = '1355207181cd44ca24b7b75e4c9f80cb' , `user_agent` = 'Mozilla/5.0 (Macintosh; Intel Mac OS X 10_13_6) AppleWebKit/537.36 (KHTML, like Gecko) Chrome/73.0.3683.103 Safari/537.36' , `create_time` = '2024-01-31 03:20:48.802161' [ RunTime:0.000725s ]
[2024-01-31T03:20:48+08:00][sql] SHOW FULL COLUMNS FROM `jm_news_index` [ RunTime:0.002548s ]
[2024-01-31T03:20:48+08:00][sql] SELECT * FROM `jm_news_index` WHERE  `c_id` = 78  AND `status` = 1 ORDER BY `create_time` DESC LIMIT 5 [ RunTime:0.001597s ]
[2024-01-31T03:20:48+08:00][sql] SELECT * FROM `jm_news_index` WHERE  `c_id` = 79  AND `status` = 1 ORDER BY `create_time` DESC LIMIT 5 [ RunTime:0.000941s ]
[2024-01-31T03:20:48+08:00][sql] SELECT * FROM `jm_news_index` WHERE  `c_id` = 77  AND `status` = 1 ORDER BY `create_time` DESC LIMIT 5 [ RunTime:0.000985s ]
[2024-01-31T03:32:58+08:00][sql] CONNECT:[ UseTime:0.001411s ] mysql:host=127.0.0.1;port=3306;dbname=www_fsqf_com;charset=utf8
[2024-01-31T03:32:58+08:00][sql] SHOW FULL COLUMNS FROM `jm_nav` [ RunTime:0.002675s ]
[2024-01-31T03:32:58+08:00][sql] SELECT * FROM `jm_nav` ORDER BY `sort` ASC [ RunTime:0.000799s ]
[2024-01-31T03:32:58+08:00][sql] SHOW FULL COLUMNS FROM `jm_browse_index` [ RunTime:0.002320s ]
[2024-01-31T03:32:58+08:00][sql] SELECT * FROM `jm_browse_index` WHERE  `ip` = '124.71.166.204' ORDER BY `id` DESC LIMIT 1 [ RunTime:0.000854s ]
[2024-01-31T03:32:58+08:00][sql] INSERT INTO `jm_browse_index` SET `cid` = 0 , `url` = '/' , `ip` = '124.71.166.204' , `mark` = '8ea96954feb4e1bb2851116209a8802a' , `user_agent` = 'Mozilla/5.0 (Windows NT 6.2; Win64; x64) AppleWebKit/537.36 (KHTML, like Gecko) Chrome/76.0.3909.88 Safari/537.36' , `create_time` = '2024-01-31 03:32:57.992985' [ RunTime:0.000583s ]
[2024-01-31T03:32:58+08:00][sql] SHOW FULL COLUMNS FROM `jm_news_index` [ RunTime:0.002717s ]
[2024-01-31T03:32:58+08:00][sql] SELECT * FROM `jm_news_index` WHERE  `c_id` = 78  AND `status` = 1 ORDER BY `create_time` DESC LIMIT 5 [ RunTime:0.001181s ]
[2024-01-31T03:32:58+08:00][sql] SELECT * FROM `jm_news_index` WHERE  `c_id` = 79  AND `status` = 1 ORDER BY `create_time` DESC LIMIT 5 [ RunTime:0.000852s ]
[2024-01-31T03:32:58+08:00][sql] SELECT * FROM `jm_news_index` WHERE  `c_id` = 77  AND `status` = 1 ORDER BY `create_time` DESC LIMIT 5 [ RunTime:0.000734s ]
[2024-01-31T03:32:58+08:00][sql] CONNECT:[ UseTime:0.000794s ] mysql:host=127.0.0.1;port=3306;dbname=www_fsqf_com;charset=utf8
[2024-01-31T03:32:58+08:00][sql] SHOW FULL COLUMNS FROM `jm_nav` [ RunTime:0.001931s ]
[2024-01-31T03:32:58+08:00][sql] SELECT * FROM `jm_nav` ORDER BY `sort` ASC [ RunTime:0.000649s ]
[2024-01-31T03:32:58+08:00][sql] SHOW FULL COLUMNS FROM `jm_browse_index` [ RunTime:0.001623s ]
[2024-01-31T03:32:58+08:00][sql] SELECT * FROM `jm_browse_index` WHERE  `ip` = '124.71.166.204' ORDER BY `id` DESC LIMIT 1 [ RunTime:0.000860s ]
[2024-01-31T03:32:58+08:00][sql] INSERT INTO `jm_browse_index` SET `cid` = 0 , `url` = '/page/2.html' , `ip` = '124.71.166.204' , `mark` = 'fe77ced4caffca4b38a1559e24f8276b' , `user_agent` = 'Mozilla/5.0 (Windows NT 9.3; Win64; x64) AppleWebKit/537.36 (KHTML, like Gecko) Chrome/75.0.3461.88 Safari/537.36' , `create_time` = '2024-01-31 03:32:58.133477' [ RunTime:0.001079s ]
[2024-01-31T03:32:58+08:00][sql] SHOW FULL COLUMNS FROM `jm_page_index` [ RunTime:0.003480s ]
[2024-01-31T03:32:58+08:00][sql] SELECT * FROM `jm_page_index` WHERE  `id` = 2 LIMIT 1 [ RunTime:0.001185s ]
[2024-01-31T03:32:58+08:00][sql] SHOW FULL COLUMNS FROM `jm_category` [ RunTime:0.001727s ]
[2024-01-31T03:32:58+08:00][sql] SELECT * FROM `jm_category` WHERE  `id` = 75 LIMIT 1 [ RunTime:0.000716s ]
[2024-01-31T03:32:58+08:00][sql] SELECT * FROM `jm_category` WHERE  `id` = 0 LIMIT 1 [ RunTime:0.000302s ]
[2024-01-31T03:32:58+08:00][sql] SHOW FULL COLUMNS FROM `jm_ad_index` [ RunTime:0.001370s ]
[2024-01-31T03:32:58+08:00][sql] SELECT * FROM `jm_ad_index` WHERE  `g_id` = 75 LIMIT 1 [ RunTime:0.000588s ]
[2024-01-31T03:32:58+08:00][sql] SELECT `id` FROM `jm_page_index` WHERE  `c_id` = 75 LIMIT 1 [ RunTime:0.000261s ]
[2024-01-31T03:32:58+08:00][sql] SELECT * FROM `jm_category` WHERE  `pid` = 75 [ RunTime:0.000263s ]
[2024-01-31T03:32:58+08:00][sql] SELECT * FROM `jm_page_index` WHERE  `c_id` = 76 ORDER BY `sort` ASC [ RunTime:0.000505s ]
[2024-01-31T04:00:23+08:00][sql] CONNECT:[ UseTime:0.001227s ] mysql:host=127.0.0.1;port=3306;dbname=www_fsqf_com;charset=utf8
[2024-01-31T04:00:23+08:00][sql] SHOW FULL COLUMNS FROM `jm_nav` [ RunTime:0.003072s ]
[2024-01-31T04:00:23+08:00][sql] SELECT * FROM `jm_nav` ORDER BY `sort` ASC [ RunTime:0.000814s ]
[2024-01-31T04:00:23+08:00][sql] SHOW FULL COLUMNS FROM `jm_browse_index` [ RunTime:0.002740s ]
[2024-01-31T04:00:23+08:00][sql] SELECT * FROM `jm_browse_index` WHERE  `ip` = '39.173.107.108' ORDER BY `id` DESC LIMIT 1 [ RunTime:0.003622s ]
[2024-01-31T04:00:23+08:00][sql] INSERT INTO `jm_browse_index` SET `cid` = 0 , `url` = '/' , `ip` = '39.173.107.108' , `mark` = '704d28354fa843bd1443df927af47d63' , `user_agent` = 'Mozilla/5.0 (iPhone; CPU iPhone OS 10_3 like Mac OS X) AppleWebKit/602.1.50 (KHTML, like Gecko) CriOS/56.0.2924.75 Mobile/14E5239e YisouSpider/5.0 Safari/602.1' , `create_time` = '2024-01-31 04:00:23.917170' [ RunTime:0.000679s ]
[2024-01-31T04:00:23+08:00][sql] SHOW FULL COLUMNS FROM `jm_news_index` [ RunTime:0.002110s ]
[2024-01-31T04:00:23+08:00][sql] SELECT * FROM `jm_news_index` WHERE  `c_id` = 78  AND `status` = 1 ORDER BY `create_time` DESC LIMIT 5 [ RunTime:0.001046s ]
[2024-01-31T04:00:23+08:00][sql] SELECT * FROM `jm_news_index` WHERE  `c_id` = 79  AND `status` = 1 ORDER BY `create_time` DESC LIMIT 5 [ RunTime:0.000896s ]
[2024-01-31T04:00:23+08:00][sql] SELECT * FROM `jm_news_index` WHERE  `c_id` = 77  AND `status` = 1 ORDER BY `create_time` DESC LIMIT 5 [ RunTime:0.001249s ]
[2024-01-31T04:32:23+08:00][sql] CONNECT:[ UseTime:0.001073s ] mysql:host=127.0.0.1;port=3306;dbname=www_fsqf_com;charset=utf8
[2024-01-31T04:32:23+08:00][sql] SHOW FULL COLUMNS FROM `jm_nav` [ RunTime:0.002309s ]
[2024-01-31T04:32:23+08:00][sql] SELECT * FROM `jm_nav` ORDER BY `sort` ASC [ RunTime:0.001025s ]
[2024-01-31T04:32:23+08:00][sql] SHOW FULL COLUMNS FROM `jm_browse_index` [ RunTime:0.001541s ]
[2024-01-31T04:32:23+08:00][sql] SELECT * FROM `jm_browse_index` WHERE  `ip` = '220.181.108.113' ORDER BY `id` DESC LIMIT 1 [ RunTime:0.000952s ]
[2024-01-31T04:32:23+08:00][sql] INSERT INTO `jm_browse_index` SET `cid` = 0 , `url` = '/page/10.html' , `ip` = '220.181.108.113' , `mark` = '9ed969147428d8e31a255131839eb56f' , `user_agent` = 'Mozilla/5.0 (compatible; Baiduspider/2.0; +http://www.baidu.com/search/spider.html)' , `create_time` = '2024-01-31 04:32:23.779286' [ RunTime:0.000417s ]
[2024-01-31T04:32:23+08:00][sql] SHOW FULL COLUMNS FROM `jm_page_index` [ RunTime:0.002116s ]
[2024-01-31T04:32:23+08:00][sql] SELECT * FROM `jm_page_index` WHERE  `id` = 10 LIMIT 1 [ RunTime:0.000768s ]
[2024-01-31T04:32:23+08:00][sql] SHOW FULL COLUMNS FROM `jm_category` [ RunTime:0.001956s ]
[2024-01-31T04:32:23+08:00][sql] SELECT * FROM `jm_category` WHERE  `id` = 76 LIMIT 1 [ RunTime:0.000636s ]
[2024-01-31T04:32:23+08:00][sql] SELECT * FROM `jm_category` WHERE  `id` = 0 LIMIT 1 [ RunTime:0.000311s ]
[2024-01-31T04:32:23+08:00][sql] SHOW FULL COLUMNS FROM `jm_ad_index` [ RunTime:0.001380s ]
[2024-01-31T04:32:23+08:00][sql] SELECT * FROM `jm_ad_index` WHERE  `g_id` = 76 LIMIT 1 [ RunTime:0.000786s ]
[2024-01-31T04:32:23+08:00][sql] SELECT `id` FROM `jm_page_index` WHERE  `c_id` = 76 LIMIT 1 [ RunTime:0.000381s ]
[2024-01-31T04:32:23+08:00][sql] SELECT * FROM `jm_category` WHERE  `pid` = 76 [ RunTime:0.000337s ]
[2024-01-31T04:32:23+08:00][sql] SELECT * FROM `jm_page_index` WHERE  `c_id` = 76 ORDER BY `sort` ASC [ RunTime:0.000436s ]
[2024-01-31T05:26:38+08:00][sql] CONNECT:[ UseTime:0.001488s ] mysql:host=127.0.0.1;port=3306;dbname=www_fsqf_com;charset=utf8
[2024-01-31T05:26:38+08:00][sql] SHOW FULL COLUMNS FROM `jm_nav` [ RunTime:0.002064s ]
[2024-01-31T05:26:38+08:00][sql] SELECT * FROM `jm_nav` ORDER BY `sort` ASC [ RunTime:0.000814s ]
[2024-01-31T05:26:38+08:00][sql] SHOW FULL COLUMNS FROM `jm_browse_index` [ RunTime:0.001609s ]
[2024-01-31T05:26:38+08:00][sql] SELECT * FROM `jm_browse_index` WHERE  `ip` = '218.95.2.19' ORDER BY `id` DESC LIMIT 1 [ RunTime:0.002385s ]
[2024-01-31T05:26:38+08:00][sql] SHOW FULL COLUMNS FROM `jm_news_index` [ RunTime:0.002297s ]
[2024-01-31T05:26:38+08:00][sql] SELECT * FROM `jm_news_index` WHERE  `c_id` = 78  AND `status` = 1 ORDER BY `create_time` DESC LIMIT 5 [ RunTime:0.001226s ]
[2024-01-31T05:26:38+08:00][sql] SELECT * FROM `jm_news_index` WHERE  `c_id` = 79  AND `status` = 1 ORDER BY `create_time` DESC LIMIT 5 [ RunTime:0.000916s ]
[2024-01-31T05:26:38+08:00][sql] SELECT * FROM `jm_news_index` WHERE  `c_id` = 77  AND `status` = 1 ORDER BY `create_time` DESC LIMIT 5 [ RunTime:0.000797s ]
[2024-01-31T05:26:38+08:00][sql] CONNECT:[ UseTime:0.000770s ] mysql:host=127.0.0.1;port=3306;dbname=www_fsqf_com;charset=utf8
[2024-01-31T05:26:38+08:00][sql] SHOW FULL COLUMNS FROM `jm_nav` [ RunTime:0.002508s ]
[2024-01-31T05:26:38+08:00][sql] SELECT * FROM `jm_nav` ORDER BY `sort` ASC [ RunTime:0.000807s ]
[2024-01-31T05:26:38+08:00][sql] SHOW FULL COLUMNS FROM `jm_browse_index` [ RunTime:0.001855s ]
[2024-01-31T05:26:38+08:00][sql] SELECT * FROM `jm_browse_index` WHERE  `ip` = '218.95.2.19' ORDER BY `id` DESC LIMIT 1 [ RunTime:0.002520s ]
[2024-01-31T05:26:38+08:00][sql] INSERT INTO `jm_browse_index` SET `cid` = 0 , `url` = '/page/13.html' , `ip` = '218.95.2.19' , `mark` = 'bfdb1fe093f235aaecaee3fde58a9d35' , `user_agent` = 'python-requests/2.28.2' , `create_time` = '2024-01-31 05:26:38.728200' [ RunTime:0.000615s ]
[2024-01-31T05:26:38+08:00][sql] SHOW FULL COLUMNS FROM `jm_page_index` [ RunTime:0.002108s ]
[2024-01-31T05:26:38+08:00][sql] SELECT * FROM `jm_page_index` WHERE  `id` = 13 LIMIT 1 [ RunTime:0.000879s ]
[2024-01-31T05:26:38+08:00][sql] SHOW FULL COLUMNS FROM `jm_category` [ RunTime:0.002089s ]
[2024-01-31T05:26:38+08:00][sql] SELECT * FROM `jm_category` WHERE  `id` = 76 LIMIT 1 [ RunTime:0.000766s ]
[2024-01-31T05:26:38+08:00][sql] SELECT * FROM `jm_category` WHERE  `id` = 0 LIMIT 1 [ RunTime:0.000368s ]
[2024-01-31T05:26:38+08:00][sql] SHOW FULL COLUMNS FROM `jm_ad_index` [ RunTime:0.002690s ]
[2024-01-31T05:26:38+08:00][sql] SELECT * FROM `jm_ad_index` WHERE  `g_id` = 76 LIMIT 1 [ RunTime:0.000824s ]
[2024-01-31T05:26:38+08:00][sql] SELECT `id` FROM `jm_page_index` WHERE  `c_id` = 76 LIMIT 1 [ RunTime:0.000368s ]
[2024-01-31T05:26:38+08:00][sql] SELECT * FROM `jm_category` WHERE  `pid` = 76 [ RunTime:0.000452s ]
[2024-01-31T05:26:38+08:00][sql] SELECT * FROM `jm_page_index` WHERE  `c_id` = 76 ORDER BY `sort` ASC [ RunTime:0.000661s ]
[2024-01-31T05:26:43+08:00][sql] CONNECT:[ UseTime:0.001186s ] mysql:host=127.0.0.1;port=3306;dbname=www_fsqf_com;charset=utf8
[2024-01-31T05:26:43+08:00][sql] SHOW FULL COLUMNS FROM `jm_nav` [ RunTime:0.002581s ]
[2024-01-31T05:26:43+08:00][sql] SELECT * FROM `jm_nav` ORDER BY `sort` ASC [ RunTime:0.000794s ]
[2024-01-31T05:26:43+08:00][sql] SHOW FULL COLUMNS FROM `jm_browse_index` [ RunTime:0.001993s ]
[2024-01-31T05:26:43+08:00][sql] SELECT * FROM `jm_browse_index` WHERE  `ip` = '218.95.2.19' ORDER BY `id` DESC LIMIT 1 [ RunTime:0.000776s ]
[2024-01-31T05:26:43+08:00][sql] INSERT INTO `jm_browse_index` SET `cid` = 0 , `url` = '/page/12.html' , `ip` = '218.95.2.19' , `mark` = 'f77c18ca7c7ee1ff67655959713a45a9' , `user_agent` = 'python-requests/2.28.2' , `create_time` = '2024-01-31 05:26:43.877751' [ RunTime:0.000572s ]
[2024-01-31T05:26:43+08:00][sql] SHOW FULL COLUMNS FROM `jm_page_index` [ RunTime:0.002445s ]
[2024-01-31T05:26:43+08:00][sql] SELECT * FROM `jm_page_index` WHERE  `id` = 12 LIMIT 1 [ RunTime:0.000845s ]
[2024-01-31T05:26:43+08:00][sql] SHOW FULL COLUMNS FROM `jm_category` [ RunTime:0.001593s ]
[2024-01-31T05:26:43+08:00][sql] SELECT * FROM `jm_category` WHERE  `id` = 76 LIMIT 1 [ RunTime:0.000552s ]
[2024-01-31T05:26:43+08:00][sql] SELECT * FROM `jm_category` WHERE  `id` = 0 LIMIT 1 [ RunTime:0.000369s ]
[2024-01-31T05:26:43+08:00][sql] SHOW FULL COLUMNS FROM `jm_ad_index` [ RunTime:0.001850s ]
[2024-01-31T05:26:43+08:00][sql] SELECT * FROM `jm_ad_index` WHERE  `g_id` = 76 LIMIT 1 [ RunTime:0.000565s ]
[2024-01-31T05:26:43+08:00][sql] SELECT `id` FROM `jm_page_index` WHERE  `c_id` = 76 LIMIT 1 [ RunTime:0.000390s ]
[2024-01-31T05:26:43+08:00][sql] SELECT * FROM `jm_category` WHERE  `pid` = 76 [ RunTime:0.000405s ]
[2024-01-31T05:26:43+08:00][sql] SELECT * FROM `jm_page_index` WHERE  `c_id` = 76 ORDER BY `sort` ASC [ RunTime:0.000551s ]
[2024-01-31T05:26:46+08:00][sql] CONNECT:[ UseTime:0.001036s ] mysql:host=127.0.0.1;port=3306;dbname=www_fsqf_com;charset=utf8
[2024-01-31T05:26:46+08:00][sql] SHOW FULL COLUMNS FROM `jm_nav` [ RunTime:0.002415s ]
[2024-01-31T05:26:46+08:00][sql] SELECT * FROM `jm_nav` ORDER BY `sort` ASC [ RunTime:0.000769s ]
[2024-01-31T05:26:46+08:00][sql] SHOW FULL COLUMNS FROM `jm_browse_index` [ RunTime:0.002036s ]
[2024-01-31T05:26:46+08:00][sql] SELECT * FROM `jm_browse_index` WHERE  `ip` = '218.95.2.19' ORDER BY `id` DESC LIMIT 1 [ RunTime:0.000968s ]
[2024-01-31T05:26:46+08:00][sql] INSERT INTO `jm_browse_index` SET `cid` = 0 , `url` = '/page/11.html' , `ip` = '218.95.2.19' , `mark` = 'ca8384c1f8468ed4f0985a98fe2a0ee5' , `user_agent` = 'python-requests/2.28.2' , `create_time` = '2024-01-31 05:26:46.106410' [ RunTime:0.000617s ]
[2024-01-31T05:26:46+08:00][sql] SHOW FULL COLUMNS FROM `jm_page_index` [ RunTime:0.002873s ]
[2024-01-31T05:26:46+08:00][sql] SELECT * FROM `jm_page_index` WHERE  `id` = 11 LIMIT 1 [ RunTime:0.000825s ]
[2024-01-31T05:26:46+08:00][sql] SHOW FULL COLUMNS FROM `jm_category` [ RunTime:0.002249s ]
[2024-01-31T05:26:46+08:00][sql] SELECT * FROM `jm_category` WHERE  `id` = 76 LIMIT 1 [ RunTime:0.000765s ]
[2024-01-31T05:26:46+08:00][sql] SELECT * FROM `jm_category` WHERE  `id` = 0 LIMIT 1 [ RunTime:0.000536s ]
[2024-01-31T05:26:46+08:00][sql] SHOW FULL COLUMNS FROM `jm_ad_index` [ RunTime:0.001924s ]
[2024-01-31T05:26:46+08:00][sql] SELECT * FROM `jm_ad_index` WHERE  `g_id` = 76 LIMIT 1 [ RunTime:0.000631s ]
[2024-01-31T05:26:46+08:00][sql] SELECT `id` FROM `jm_page_index` WHERE  `c_id` = 76 LIMIT 1 [ RunTime:0.000333s ]
[2024-01-31T05:26:46+08:00][sql] SELECT * FROM `jm_category` WHERE  `pid` = 76 [ RunTime:0.000361s ]
[2024-01-31T05:26:46+08:00][sql] SELECT * FROM `jm_page_index` WHERE  `c_id` = 76 ORDER BY `sort` ASC [ RunTime:0.000491s ]
[2024-01-31T05:26:49+08:00][sql] CONNECT:[ UseTime:0.000917s ] mysql:host=127.0.0.1;port=3306;dbname=www_fsqf_com;charset=utf8
[2024-01-31T05:26:49+08:00][sql] SHOW FULL COLUMNS FROM `jm_nav` [ RunTime:0.002538s ]
[2024-01-31T05:26:49+08:00][sql] SELECT * FROM `jm_nav` ORDER BY `sort` ASC [ RunTime:0.000801s ]
[2024-01-31T05:26:49+08:00][sql] SHOW FULL COLUMNS FROM `jm_browse_index` [ RunTime:0.002243s ]
[2024-01-31T05:26:49+08:00][sql] SELECT * FROM `jm_browse_index` WHERE  `ip` = '218.95.2.19' ORDER BY `id` DESC LIMIT 1 [ RunTime:0.000833s ]
[2024-01-31T05:26:49+08:00][sql] INSERT INTO `jm_browse_index` SET `cid` = 0 , `url` = '/page/9.html' , `ip` = '218.95.2.19' , `mark` = 'ee638476c8b2d7cd6ddd68ae23f053c2' , `user_agent` = 'python-requests/2.28.2' , `create_time` = '2024-01-31 05:26:49.135904' [ RunTime:0.000920s ]
[2024-01-31T05:26:49+08:00][sql] SHOW FULL COLUMNS FROM `jm_page_index` [ RunTime:0.002374s ]
[2024-01-31T05:26:49+08:00][sql] SELECT * FROM `jm_page_index` WHERE  `id` = 9 LIMIT 1 [ RunTime:0.000796s ]
[2024-01-31T05:26:49+08:00][sql] SHOW FULL COLUMNS FROM `jm_category` [ RunTime:0.002388s ]
[2024-01-31T05:26:49+08:00][sql] SELECT * FROM `jm_category` WHERE  `id` = 76 LIMIT 1 [ RunTime:0.000759s ]
[2024-01-31T05:26:49+08:00][sql] SELECT * FROM `jm_category` WHERE  `id` = 0 LIMIT 1 [ RunTime:0.000513s ]
[2024-01-31T05:26:49+08:00][sql] SHOW FULL COLUMNS FROM `jm_ad_index` [ RunTime:0.001964s ]
[2024-01-31T05:26:49+08:00][sql] SELECT * FROM `jm_ad_index` WHERE  `g_id` = 76 LIMIT 1 [ RunTime:0.000697s ]
[2024-01-31T05:26:49+08:00][sql] SELECT `id` FROM `jm_page_index` WHERE  `c_id` = 76 LIMIT 1 [ RunTime:0.000384s ]
[2024-01-31T05:26:49+08:00][sql] SELECT * FROM `jm_category` WHERE  `pid` = 76 [ RunTime:0.000415s ]
[2024-01-31T05:26:49+08:00][sql] SELECT * FROM `jm_page_index` WHERE  `c_id` = 76 ORDER BY `sort` ASC [ RunTime:0.000467s ]
[2024-01-31T05:26:52+08:00][sql] CONNECT:[ UseTime:0.001023s ] mysql:host=127.0.0.1;port=3306;dbname=www_fsqf_com;charset=utf8
[2024-01-31T05:26:52+08:00][sql] SHOW FULL COLUMNS FROM `jm_nav` [ RunTime:0.003127s ]
[2024-01-31T05:26:52+08:00][sql] SELECT * FROM `jm_nav` ORDER BY `sort` ASC [ RunTime:0.000962s ]
[2024-01-31T05:26:52+08:00][sql] SHOW FULL COLUMNS FROM `jm_browse_index` [ RunTime:0.002710s ]
[2024-01-31T05:26:52+08:00][sql] SELECT * FROM `jm_browse_index` WHERE  `ip` = '218.95.2.19' ORDER BY `id` DESC LIMIT 1 [ RunTime:0.001005s ]
[2024-01-31T05:26:52+08:00][sql] INSERT INTO `jm_browse_index` SET `cid` = 0 , `url` = '/page/1.html' , `ip` = '218.95.2.19' , `mark` = '373d599b5fd30d69f9217cb19926275d' , `user_agent` = 'python-requests/2.28.2' , `create_time` = '2024-01-31 05:26:52.408252' [ RunTime:0.000692s ]
[2024-01-31T05:26:52+08:00][sql] SHOW FULL COLUMNS FROM `jm_page_index` [ RunTime:0.002449s ]
[2024-01-31T05:26:52+08:00][sql] SELECT * FROM `jm_page_index` WHERE  `id` = 1 LIMIT 1 [ RunTime:0.000914s ]
[2024-01-31T05:26:52+08:00][sql] SHOW FULL COLUMNS FROM `jm_category` [ RunTime:0.002256s ]
[2024-01-31T05:26:52+08:00][sql] SELECT * FROM `jm_category` WHERE  `id` = 52 LIMIT 1 [ RunTime:0.000820s ]
[2024-01-31T05:26:52+08:00][sql] SELECT * FROM `jm_category` WHERE  `id` = 0 LIMIT 1 [ RunTime:0.000845s ]
[2024-01-31T05:26:52+08:00][sql] SHOW FULL COLUMNS FROM `jm_ad_index` [ RunTime:0.003994s ]
[2024-01-31T05:26:52+08:00][sql] SELECT * FROM `jm_ad_index` WHERE  `g_id` = 52 LIMIT 1 [ RunTime:0.000984s ]
[2024-01-31T05:26:52+08:00][sql] SELECT `id` FROM `jm_page_index` WHERE  `c_id` = 52 LIMIT 1 [ RunTime:0.000675s ]
[2024-01-31T05:26:52+08:00][sql] SELECT * FROM `jm_category` WHERE  `pid` = 52 [ RunTime:0.000526s ]
[2024-01-31T05:26:52+08:00][sql] SELECT * FROM `jm_page_index` WHERE  `c_id` = 76 ORDER BY `sort` ASC [ RunTime:0.000523s ]
[2024-01-31T05:26:56+08:00][sql] CONNECT:[ UseTime:0.001106s ] mysql:host=127.0.0.1;port=3306;dbname=www_fsqf_com;charset=utf8
[2024-01-31T05:26:56+08:00][sql] SHOW FULL COLUMNS FROM `jm_nav` [ RunTime:0.002815s ]
[2024-01-31T05:26:56+08:00][sql] SELECT * FROM `jm_nav` ORDER BY `sort` ASC [ RunTime:0.001022s ]
[2024-01-31T05:26:56+08:00][sql] SHOW FULL COLUMNS FROM `jm_browse_index` [ RunTime:0.002172s ]
[2024-01-31T05:26:56+08:00][sql] SELECT * FROM `jm_browse_index` WHERE  `ip` = '218.95.2.19' ORDER BY `id` DESC LIMIT 1 [ RunTime:0.000757s ]
[2024-01-31T05:26:56+08:00][sql] INSERT INTO `jm_browse_index` SET `cid` = 0 , `url` = '/page/2.html' , `ip` = '218.95.2.19' , `mark` = 'a4ce1e37b60f49c31a66630af71f4cc9' , `user_agent` = 'python-requests/2.28.2' , `create_time` = '2024-01-31 05:26:56.749130' [ RunTime:0.000501s ]
[2024-01-31T05:26:56+08:00][sql] SHOW FULL COLUMNS FROM `jm_page_index` [ RunTime:0.002168s ]
[2024-01-31T05:26:56+08:00][sql] SELECT * FROM `jm_page_index` WHERE  `id` = 2 LIMIT 1 [ RunTime:0.000677s ]
[2024-01-31T05:26:56+08:00][sql] SHOW FULL COLUMNS FROM `jm_category` [ RunTime:0.001832s ]
[2024-01-31T05:26:56+08:00][sql] SELECT * FROM `jm_category` WHERE  `id` = 75 LIMIT 1 [ RunTime:0.000544s ]
[2024-01-31T05:26:56+08:00][sql] SELECT * FROM `jm_category` WHERE  `id` = 0 LIMIT 1 [ RunTime:0.000324s ]
[2024-01-31T05:26:56+08:00][sql] SHOW FULL COLUMNS FROM `jm_ad_index` [ RunTime:0.001688s ]
[2024-01-31T05:26:56+08:00][sql] SELECT * FROM `jm_ad_index` WHERE  `g_id` = 75 LIMIT 1 [ RunTime:0.000626s ]
[2024-01-31T05:26:56+08:00][sql] SELECT `id` FROM `jm_page_index` WHERE  `c_id` = 75 LIMIT 1 [ RunTime:0.000393s ]
[2024-01-31T05:26:56+08:00][sql] SELECT * FROM `jm_category` WHERE  `pid` = 75 [ RunTime:0.000407s ]
[2024-01-31T05:26:56+08:00][sql] SELECT * FROM `jm_page_index` WHERE  `c_id` = 76 ORDER BY `sort` ASC [ RunTime:0.000455s ]
[2024-01-31T05:26:59+08:00][sql] CONNECT:[ UseTime:0.001121s ] mysql:host=127.0.0.1;port=3306;dbname=www_fsqf_com;charset=utf8
[2024-01-31T05:26:59+08:00][sql] SHOW FULL COLUMNS FROM `jm_nav` [ RunTime:0.002698s ]
[2024-01-31T05:26:59+08:00][sql] SELECT * FROM `jm_nav` ORDER BY `sort` ASC [ RunTime:0.000796s ]
[2024-01-31T05:26:59+08:00][sql] SHOW FULL COLUMNS FROM `jm_browse_index` [ RunTime:0.002157s ]
[2024-01-31T05:26:59+08:00][sql] SHOW FULL COLUMNS FROM `jm_news_index` [ RunTime:0.003357s ]
[2024-01-31T05:26:59+08:00][sql] SELECT `c_id` FROM `jm_news_index` WHERE  `id` = 176 LIMIT 1 [ RunTime:0.000559s ]
[2024-01-31T05:26:59+08:00][sql] SELECT * FROM `jm_browse_index` WHERE  `ip` = '218.95.2.19' ORDER BY `id` DESC LIMIT 1 [ RunTime:0.000510s ]
[2024-01-31T05:26:59+08:00][sql] INSERT INTO `jm_browse_index` SET `cid` = 78 , `url` = '/show/176.html' , `ip` = '218.95.2.19' , `mark` = '6b41dafcf28b040f394c9016bf40b3da' , `user_agent` = 'python-requests/2.28.2' , `create_time` = '2024-01-31 05:26:59.456159' [ RunTime:0.000334s ]
[2024-01-31T05:26:59+08:00][sql] SELECT * FROM `jm_news_index` WHERE  `id` = 176 LIMIT 1 [ RunTime:0.000810s ]
[2024-01-31T05:26:59+08:00][sql] SHOW FULL COLUMNS FROM `jm_category` [ RunTime:0.002391s ]
[2024-01-31T05:26:59+08:00][sql] SELECT * FROM `jm_category` WHERE  `id` = 78 LIMIT 1 [ RunTime:0.000750s ]
[2024-01-31T05:26:59+08:00][sql] SELECT * FROM `jm_category` WHERE  `id` = 74 LIMIT 1 [ RunTime:0.000419s ]
[2024-01-31T05:26:59+08:00][sql] SHOW FULL COLUMNS FROM `jm_ad_index` [ RunTime:0.002136s ]
[2024-01-31T05:26:59+08:00][sql] SELECT * FROM `jm_ad_index` WHERE  `g_id` = 74 LIMIT 1 [ RunTime:0.000470s ]
[2024-01-31T05:26:59+08:00][sql] SELECT * FROM `jm_category` WHERE  `pid` = 74 [ RunTime:0.000342s ]
[2024-01-31T05:26:59+08:00][sql] SELECT * FROM `jm_news_index` WHERE  `c_id` = 78  AND `id` > 176  AND `status` = 1 LIMIT 1 [ RunTime:0.000544s ]
[2024-01-31T05:26:59+08:00][sql] SELECT * FROM `jm_news_index` WHERE  `c_id` = 78  AND `id` < 176  AND `status` = 1 LIMIT 1 [ RunTime:0.000409s ]
[2024-01-31T05:27:02+08:00][sql] CONNECT:[ UseTime:0.001274s ] mysql:host=127.0.0.1;port=3306;dbname=www_fsqf_com;charset=utf8
[2024-01-31T05:27:02+08:00][sql] SHOW FULL COLUMNS FROM `jm_nav` [ RunTime:0.002906s ]
[2024-01-31T05:27:02+08:00][sql] SELECT * FROM `jm_nav` ORDER BY `sort` ASC [ RunTime:0.000757s ]
[2024-01-31T05:27:02+08:00][sql] SHOW FULL COLUMNS FROM `jm_browse_index` [ RunTime:0.002140s ]
[2024-01-31T05:27:02+08:00][sql] SELECT * FROM `jm_browse_index` WHERE  `ip` = '218.95.2.19' ORDER BY `id` DESC LIMIT 1 [ RunTime:0.000726s ]
[2024-01-31T05:27:02+08:00][sql] INSERT INTO `jm_browse_index` SET `cid` = 79 , `url` = '/list/79.html' , `ip` = '218.95.2.19' , `mark` = 'a0408b3a3c4471da5aa0ab4c6343f45b' , `user_agent` = 'python-requests/2.28.2' , `create_time` = '2024-01-31 05:27:02.042303' [ RunTime:0.000477s ]
[2024-01-31T05:27:02+08:00][sql] SHOW FULL COLUMNS FROM `jm_category` [ RunTime:0.002476s ]
[2024-01-31T05:27:02+08:00][sql] SELECT `pid` FROM `jm_category` WHERE  `id` = 79 LIMIT 1 [ RunTime:0.000945s ]
[2024-01-31T05:27:02+08:00][sql] SHOW FULL COLUMNS FROM `jm_news_index` [ RunTime:0.002980s ]
[2024-01-31T05:27:02+08:00][sql] SELECT COUNT(*) AS think_count FROM `jm_news_index` WHERE  `status` = 1  AND `c_id` = 79 LIMIT 1 [ RunTime:0.000980s ]
[2024-01-31T05:27:02+08:00][sql] SELECT * FROM `jm_news_index` WHERE  `status` = 1  AND `c_id` = 79 ORDER BY `create_time` DESC LIMIT 0,5 [ RunTime:0.001200s ]
[2024-01-31T05:27:02+08:00][sql] SELECT * FROM `jm_category` WHERE  `id` = 79 LIMIT 1 [ RunTime:0.000647s ]
[2024-01-31T05:27:02+08:00][sql] SELECT * FROM `jm_category` WHERE  `id` = 74 LIMIT 1 [ RunTime:0.000492s ]
[2024-01-31T05:27:02+08:00][sql] SHOW FULL COLUMNS FROM `jm_ad_index` [ RunTime:0.002264s ]
[2024-01-31T05:27:02+08:00][sql] SELECT * FROM `jm_ad_index` WHERE  `g_id` = 74 LIMIT 1 [ RunTime:0.000593s ]
[2024-01-31T05:27:02+08:00][sql] SELECT * FROM `jm_category` WHERE  `pid` = 74 ORDER BY `sort` ASC [ RunTime:0.000415s ]
[2024-01-31T05:27:04+08:00][sql] CONNECT:[ UseTime:0.000926s ] mysql:host=127.0.0.1;port=3306;dbname=www_fsqf_com;charset=utf8
[2024-01-31T05:27:04+08:00][sql] SHOW FULL COLUMNS FROM `jm_nav` [ RunTime:0.002820s ]
[2024-01-31T05:27:04+08:00][sql] SELECT * FROM `jm_nav` ORDER BY `sort` ASC [ RunTime:0.000762s ]
[2024-01-31T05:27:04+08:00][sql] SHOW FULL COLUMNS FROM `jm_browse_index` [ RunTime:0.001836s ]
[2024-01-31T05:27:04+08:00][sql] SHOW FULL COLUMNS FROM `jm_news_index` [ RunTime:0.001858s ]
[2024-01-31T05:27:04+08:00][sql] SELECT `c_id` FROM `jm_news_index` WHERE  `id` = 172 LIMIT 1 [ RunTime:0.000789s ]
[2024-01-31T05:27:04+08:00][sql] SELECT * FROM `jm_browse_index` WHERE  `ip` = '218.95.2.19' ORDER BY `id` DESC LIMIT 1 [ RunTime:0.000666s ]
[2024-01-31T05:27:04+08:00][sql] INSERT INTO `jm_browse_index` SET `cid` = 79 , `url` = '/show/172.html' , `ip` = '218.95.2.19' , `mark` = 'a4c03603c3f6950ac450871bdbc223a7' , `user_agent` = 'python-requests/2.28.2' , `create_time` = '2024-01-31 05:27:04.268560' [ RunTime:0.000549s ]
[2024-01-31T05:27:04+08:00][sql] SELECT * FROM `jm_news_index` WHERE  `id` = 172 LIMIT 1 [ RunTime:0.000653s ]
[2024-01-31T05:27:04+08:00][sql] SHOW FULL COLUMNS FROM `jm_category` [ RunTime:0.001740s ]
[2024-01-31T05:27:04+08:00][sql] SELECT * FROM `jm_category` WHERE  `id` = 79 LIMIT 1 [ RunTime:0.000783s ]
[2024-01-31T05:27:04+08:00][sql] SELECT * FROM `jm_category` WHERE  `id` = 74 LIMIT 1 [ RunTime:0.000626s ]
[2024-01-31T05:27:04+08:00][sql] SHOW FULL COLUMNS FROM `jm_ad_index` [ RunTime:0.001975s ]
[2024-01-31T05:27:04+08:00][sql] SELECT * FROM `jm_ad_index` WHERE  `g_id` = 74 LIMIT 1 [ RunTime:0.000670s ]
[2024-01-31T05:27:04+08:00][sql] SELECT * FROM `jm_category` WHERE  `pid` = 74 [ RunTime:0.000526s ]
[2024-01-31T05:27:04+08:00][sql] SELECT * FROM `jm_news_index` WHERE  `c_id` = 79  AND `id` > 172  AND `status` = 1 LIMIT 1 [ RunTime:0.000594s ]
[2024-01-31T05:27:04+08:00][sql] SELECT * FROM `jm_news_index` WHERE  `c_id` = 79  AND `id` < 172  AND `status` = 1 LIMIT 1 [ RunTime:0.000540s ]
[2024-01-31T05:27:07+08:00][sql] CONNECT:[ UseTime:0.000697s ] mysql:host=127.0.0.1;port=3306;dbname=www_fsqf_com;charset=utf8
[2024-01-31T05:27:07+08:00][sql] SHOW FULL COLUMNS FROM `jm_nav` [ RunTime:0.001573s ]
[2024-01-31T05:27:07+08:00][sql] SELECT * FROM `jm_nav` ORDER BY `sort` ASC [ RunTime:0.000490s ]
[2024-01-31T05:27:07+08:00][sql] SHOW FULL COLUMNS FROM `jm_browse_index` [ RunTime:0.001469s ]
[2024-01-31T05:27:07+08:00][sql] SHOW FULL COLUMNS FROM `jm_news_index` [ RunTime:0.001767s ]
[2024-01-31T05:27:07+08:00][sql] SELECT `c_id` FROM `jm_news_index` WHERE  `id` = 174 LIMIT 1 [ RunTime:0.000559s ]
[2024-01-31T05:27:07+08:00][sql] SELECT * FROM `jm_browse_index` WHERE  `ip` = '218.95.2.19' ORDER BY `id` DESC LIMIT 1 [ RunTime:0.000872s ]
[2024-01-31T05:27:07+08:00][sql] INSERT INTO `jm_browse_index` SET `cid` = 79 , `url` = '/show/174.html' , `ip` = '218.95.2.19' , `mark` = '5ebc1c99668901a1e1b4b187186be63f' , `user_agent` = 'python-requests/2.28.2' , `create_time` = '2024-01-31 05:27:07.316111' [ RunTime:0.000669s ]
[2024-01-31T05:27:07+08:00][sql] SELECT * FROM `jm_news_index` WHERE  `id` = 174 LIMIT 1 [ RunTime:0.000535s ]
[2024-01-31T05:27:07+08:00][sql] SHOW FULL COLUMNS FROM `jm_category` [ RunTime:0.002354s ]
[2024-01-31T05:27:07+08:00][sql] SELECT * FROM `jm_category` WHERE  `id` = 79 LIMIT 1 [ RunTime:0.000732s ]
[2024-01-31T05:27:07+08:00][sql] SELECT * FROM `jm_category` WHERE  `id` = 74 LIMIT 1 [ RunTime:0.000421s ]
[2024-01-31T05:27:07+08:00][sql] SHOW FULL COLUMNS FROM `jm_ad_index` [ RunTime:0.002375s ]
[2024-01-31T05:27:07+08:00][sql] SELECT * FROM `jm_ad_index` WHERE  `g_id` = 74 LIMIT 1 [ RunTime:0.000806s ]
[2024-01-31T05:27:07+08:00][sql] SELECT * FROM `jm_category` WHERE  `pid` = 74 [ RunTime:0.000486s ]
[2024-01-31T05:27:07+08:00][sql] SELECT * FROM `jm_news_index` WHERE  `c_id` = 79  AND `id` > 174  AND `status` = 1 LIMIT 1 [ RunTime:0.000776s ]
[2024-01-31T05:27:07+08:00][sql] SELECT * FROM `jm_news_index` WHERE  `c_id` = 79  AND `id` < 174  AND `status` = 1 LIMIT 1 [ RunTime:0.000761s ]
[2024-01-31T05:27:10+08:00][sql] CONNECT:[ UseTime:0.000897s ] mysql:host=127.0.0.1;port=3306;dbname=www_fsqf_com;charset=utf8
[2024-01-31T05:27:10+08:00][sql] SHOW FULL COLUMNS FROM `jm_nav` [ RunTime:0.002554s ]
[2024-01-31T05:27:10+08:00][sql] SELECT * FROM `jm_nav` ORDER BY `sort` ASC [ RunTime:0.000768s ]
[2024-01-31T05:27:10+08:00][sql] SHOW FULL COLUMNS FROM `jm_browse_index` [ RunTime:0.002119s ]
[2024-01-31T05:27:10+08:00][sql] SHOW FULL COLUMNS FROM `jm_news_index` [ RunTime:0.002250s ]
[2024-01-31T05:27:10+08:00][sql] SELECT `c_id` FROM `jm_news_index` WHERE  `id` = 166 LIMIT 1 [ RunTime:0.000592s ]
[2024-01-31T05:27:10+08:00][sql] SELECT * FROM `jm_browse_index` WHERE  `ip` = '218.95.2.19' ORDER BY `id` DESC LIMIT 1 [ RunTime:0.000640s ]
[2024-01-31T05:27:10+08:00][sql] INSERT INTO `jm_browse_index` SET `cid` = 77 , `url` = '/show/166.html' , `ip` = '218.95.2.19' , `mark` = '141c3e2b246fb33138c9a133b36093cf' , `user_agent` = 'python-requests/2.28.2' , `create_time` = '2024-01-31 05:27:10.201009' [ RunTime:0.000489s ]
[2024-01-31T05:27:10+08:00][sql] SELECT * FROM `jm_news_index` WHERE  `id` = 166 LIMIT 1 [ RunTime:0.000764s ]
[2024-01-31T05:27:10+08:00][sql] SHOW FULL COLUMNS FROM `jm_category` [ RunTime:0.002691s ]
[2024-01-31T05:27:10+08:00][sql] SELECT * FROM `jm_category` WHERE  `id` = 77 LIMIT 1 [ RunTime:0.000672s ]
[2024-01-31T05:27:10+08:00][sql] SELECT * FROM `jm_category` WHERE  `id` = 74 LIMIT 1 [ RunTime:0.000623s ]
[2024-01-31T05:27:10+08:00][sql] SHOW FULL COLUMNS FROM `jm_ad_index` [ RunTime:0.001499s ]
[2024-01-31T05:27:10+08:00][sql] SELECT * FROM `jm_ad_index` WHERE  `g_id` = 74 LIMIT 1 [ RunTime:0.000492s ]
[2024-01-31T05:27:10+08:00][sql] SELECT * FROM `jm_category` WHERE  `pid` = 74 [ RunTime:0.000335s ]
[2024-01-31T05:27:10+08:00][sql] SELECT * FROM `jm_news_index` WHERE  `c_id` = 77  AND `id` > 166  AND `status` = 1 LIMIT 1 [ RunTime:0.000481s ]
[2024-01-31T05:27:10+08:00][sql] SELECT * FROM `jm_news_index` WHERE  `c_id` = 77  AND `id` < 166  AND `status` = 1 LIMIT 1 [ RunTime:0.000384s ]
[2024-01-31T05:27:13+08:00][sql] CONNECT:[ UseTime:0.001110s ] mysql:host=127.0.0.1;port=3306;dbname=www_fsqf_com;charset=utf8
[2024-01-31T05:27:13+08:00][sql] SHOW FULL COLUMNS FROM `jm_nav` [ RunTime:0.002352s ]
[2024-01-31T05:27:13+08:00][sql] SELECT * FROM `jm_nav` ORDER BY `sort` ASC [ RunTime:0.000654s ]
[2024-01-31T05:27:13+08:00][sql] SHOW FULL COLUMNS FROM `jm_browse_index` [ RunTime:0.002200s ]
[2024-01-31T05:27:13+08:00][sql] SHOW FULL COLUMNS FROM `jm_news_index` [ RunTime:0.003673s ]
[2024-01-31T05:27:13+08:00][sql] SELECT `c_id` FROM `jm_news_index` WHERE  `id` = 168 LIMIT 1 [ RunTime:0.000850s ]
[2024-01-31T05:27:13+08:00][sql] SELECT * FROM `jm_browse_index` WHERE  `ip` = '218.95.2.19' ORDER BY `id` DESC LIMIT 1 [ RunTime:0.000812s ]
[2024-01-31T05:27:13+08:00][sql] INSERT INTO `jm_browse_index` SET `cid` = 77 , `url` = '/show/168.html' , `ip` = '218.95.2.19' , `mark` = 'b3a26aa17b29c4a8d1a8310eed9ef987' , `user_agent` = 'python-requests/2.28.2' , `create_time` = '2024-01-31 05:27:13.285310' [ RunTime:0.000674s ]
[2024-01-31T05:27:13+08:00][sql] SELECT * FROM `jm_news_index` WHERE  `id` = 168 LIMIT 1 [ RunTime:0.001237s ]
[2024-01-31T05:27:13+08:00][sql] SHOW FULL COLUMNS FROM `jm_category` [ RunTime:0.002352s ]
[2024-01-31T05:27:13+08:00][sql] SELECT * FROM `jm_category` WHERE  `id` = 77 LIMIT 1 [ RunTime:0.000678s ]
[2024-01-31T05:27:13+08:00][sql] SELECT * FROM `jm_category` WHERE  `id` = 74 LIMIT 1 [ RunTime:0.000382s ]
[2024-01-31T05:27:13+08:00][sql] SHOW FULL COLUMNS FROM `jm_ad_index` [ RunTime:0.001981s ]
[2024-01-31T05:27:13+08:00][sql] SELECT * FROM `jm_ad_index` WHERE  `g_id` = 74 LIMIT 1 [ RunTime:0.000708s ]
[2024-01-31T05:27:13+08:00][sql] SELECT * FROM `jm_category` WHERE  `pid` = 74 [ RunTime:0.000534s ]
[2024-01-31T05:27:13+08:00][sql] SELECT * FROM `jm_news_index` WHERE  `c_id` = 77  AND `id` > 168  AND `status` = 1 LIMIT 1 [ RunTime:0.001078s ]
[2024-01-31T05:27:13+08:00][sql] SELECT * FROM `jm_news_index` WHERE  `c_id` = 77  AND `id` < 168  AND `status` = 1 LIMIT 1 [ RunTime:0.000837s ]
[2024-01-31T05:27:15+08:00][sql] CONNECT:[ UseTime:0.000950s ] mysql:host=127.0.0.1;port=3306;dbname=www_fsqf_com;charset=utf8
[2024-01-31T05:27:15+08:00][sql] SHOW FULL COLUMNS FROM `jm_nav` [ RunTime:0.001925s ]
[2024-01-31T05:27:15+08:00][sql] SELECT * FROM `jm_nav` ORDER BY `sort` ASC [ RunTime:0.000578s ]
[2024-01-31T05:27:15+08:00][sql] SHOW FULL COLUMNS FROM `jm_browse_index` [ RunTime:0.001480s ]
[2024-01-31T05:27:15+08:00][sql] SHOW FULL COLUMNS FROM `jm_news_index` [ RunTime:0.001945s ]
[2024-01-31T05:27:15+08:00][sql] SELECT `c_id` FROM `jm_news_index` WHERE  `id` = 170 LIMIT 1 [ RunTime:0.000499s ]
[2024-01-31T05:27:15+08:00][sql] SELECT * FROM `jm_browse_index` WHERE  `ip` = '218.95.2.19' ORDER BY `id` DESC LIMIT 1 [ RunTime:0.000496s ]
[2024-01-31T05:27:15+08:00][sql] INSERT INTO `jm_browse_index` SET `cid` = 77 , `url` = '/show/170.html' , `ip` = '218.95.2.19' , `mark` = '61a05d09ced170fb87e43547799ab6d0' , `user_agent` = 'python-requests/2.28.2' , `create_time` = '2024-01-31 05:27:15.538262' [ RunTime:0.000932s ]
[2024-01-31T05:27:15+08:00][sql] SELECT * FROM `jm_news_index` WHERE  `id` = 170 LIMIT 1 [ RunTime:0.000644s ]
[2024-01-31T05:27:15+08:00][sql] SHOW FULL COLUMNS FROM `jm_category` [ RunTime:0.002410s ]
[2024-01-31T05:27:15+08:00][sql] SELECT * FROM `jm_category` WHERE  `id` = 77 LIMIT 1 [ RunTime:0.000795s ]
[2024-01-31T05:27:15+08:00][sql] SELECT * FROM `jm_category` WHERE  `id` = 74 LIMIT 1 [ RunTime:0.000422s ]
[2024-01-31T05:27:15+08:00][sql] SHOW FULL COLUMNS FROM `jm_ad_index` [ RunTime:0.001952s ]
[2024-01-31T05:27:15+08:00][sql] SELECT * FROM `jm_ad_index` WHERE  `g_id` = 74 LIMIT 1 [ RunTime:0.000805s ]
[2024-01-31T05:27:15+08:00][sql] SELECT * FROM `jm_category` WHERE  `pid` = 74 [ RunTime:0.000601s ]
[2024-01-31T05:27:15+08:00][sql] SELECT * FROM `jm_news_index` WHERE  `c_id` = 77  AND `id` > 170  AND `status` = 1 LIMIT 1 [ RunTime:0.000599s ]
[2024-01-31T05:27:15+08:00][sql] SELECT * FROM `jm_news_index` WHERE  `c_id` = 77  AND `id` < 170  AND `status` = 1 LIMIT 1 [ RunTime:0.000556s ]
[2024-01-31T07:45:13+08:00][sql] CONNECT:[ UseTime:0.001060s ] mysql:host=127.0.0.1;port=3306;dbname=www_fsqf_com;charset=utf8
[2024-01-31T07:45:13+08:00][sql] SHOW FULL COLUMNS FROM `jm_nav` [ RunTime:0.002856s ]
[2024-01-31T07:45:13+08:00][sql] SELECT * FROM `jm_nav` ORDER BY `sort` ASC [ RunTime:0.001141s ]
[2024-01-31T07:45:13+08:00][sql] SHOW FULL COLUMNS FROM `jm_browse_index` [ RunTime:0.002321s ]
[2024-01-31T07:45:13+08:00][sql] SELECT * FROM `jm_browse_index` WHERE  `ip` = '101.67.29.230' ORDER BY `id` DESC LIMIT 1 [ RunTime:0.005915s ]
[2024-01-31T07:45:13+08:00][sql] INSERT INTO `jm_browse_index` SET `cid` = 0 , `url` = '/page/11.html' , `ip` = '101.67.29.230' , `mark` = '98e581aa404697da24c092ad70f7a2c6' , `user_agent` = 'Mozilla/5.0 (Windows NT 6.1; Win64; x64) AppleWebKit/537.36 (KHTML, like Gecko) Chrome/69.0.3497.81 YisouSpider/5.0 Safari/537.36' , `create_time` = '2024-01-31 07:45:13.340101' [ RunTime:0.000678s ]
[2024-01-31T07:45:13+08:00][sql] SHOW FULL COLUMNS FROM `jm_page_index` [ RunTime:0.001981s ]
[2024-01-31T07:45:13+08:00][sql] SELECT * FROM `jm_page_index` WHERE  `id` = 11 LIMIT 1 [ RunTime:0.000877s ]
[2024-01-31T07:45:13+08:00][sql] SHOW FULL COLUMNS FROM `jm_category` [ RunTime:0.001739s ]
[2024-01-31T07:45:13+08:00][sql] SELECT * FROM `jm_category` WHERE  `id` = 76 LIMIT 1 [ RunTime:0.000833s ]
[2024-01-31T07:45:13+08:00][sql] SELECT * FROM `jm_category` WHERE  `id` = 0 LIMIT 1 [ RunTime:0.000413s ]
[2024-01-31T07:45:13+08:00][sql] SHOW FULL COLUMNS FROM `jm_ad_index` [ RunTime:0.003117s ]
[2024-01-31T07:45:13+08:00][sql] SELECT * FROM `jm_ad_index` WHERE  `g_id` = 76 LIMIT 1 [ RunTime:0.001083s ]
[2024-01-31T07:45:13+08:00][sql] SELECT `id` FROM `jm_page_index` WHERE  `c_id` = 76 LIMIT 1 [ RunTime:0.000537s ]
[2024-01-31T07:45:13+08:00][sql] SELECT * FROM `jm_category` WHERE  `pid` = 76 [ RunTime:0.000525s ]
[2024-01-31T07:45:13+08:00][sql] SELECT * FROM `jm_page_index` WHERE  `c_id` = 76 ORDER BY `sort` ASC [ RunTime:0.000418s ]
[2024-01-31T08:30:16+08:00][sql] CONNECT:[ UseTime:0.001763s ] mysql:host=127.0.0.1;port=3306;dbname=www_fsqf_com;charset=utf8
[2024-01-31T08:30:16+08:00][sql] SHOW FULL COLUMNS FROM `jm_nav` [ RunTime:0.003704s ]
[2024-01-31T08:30:16+08:00][sql] SELECT * FROM `jm_nav` ORDER BY `sort` ASC [ RunTime:0.001147s ]
[2024-01-31T08:30:16+08:00][sql] SHOW FULL COLUMNS FROM `jm_browse_index` [ RunTime:0.001824s ]
[2024-01-31T08:30:16+08:00][sql] SELECT * FROM `jm_browse_index` WHERE  `ip` = '125.87.84.248' ORDER BY `id` DESC LIMIT 1 [ RunTime:0.003532s ]
[2024-01-31T08:30:16+08:00][sql] INSERT INTO `jm_browse_index` SET `cid` = 0 , `url` = '/' , `ip` = '125.87.84.248' , `mark` = '731d657eada71140870f264e91e861ba' , `user_agent` = 'Mozilla/5.0 (Macintosh; Intel Mac OS X 10_13_6) AppleWebKit/537.36 (KHTML, like Gecko) Chrome/73.0.3683.103 Safari/537.36' , `create_time` = '2024-01-31 08:30:16.270841' [ RunTime:0.000546s ]
[2024-01-31T08:30:16+08:00][sql] SHOW FULL COLUMNS FROM `jm_news_index` [ RunTime:0.002142s ]
[2024-01-31T08:30:16+08:00][sql] SELECT * FROM `jm_news_index` WHERE  `c_id` = 78  AND `status` = 1 ORDER BY `create_time` DESC LIMIT 5 [ RunTime:0.001029s ]
[2024-01-31T08:30:16+08:00][sql] SELECT * FROM `jm_news_index` WHERE  `c_id` = 79  AND `status` = 1 ORDER BY `create_time` DESC LIMIT 5 [ RunTime:0.000726s ]
[2024-01-31T08:30:16+08:00][sql] SELECT * FROM `jm_news_index` WHERE  `c_id` = 77  AND `status` = 1 ORDER BY `create_time` DESC LIMIT 5 [ RunTime:0.000641s ]
[2024-01-31T09:00:14+08:00][sql] CONNECT:[ UseTime:0.000822s ] mysql:host=127.0.0.1;port=3306;dbname=www_fsqf_com;charset=utf8
[2024-01-31T09:00:14+08:00][sql] SHOW FULL COLUMNS FROM `jm_nav` [ RunTime:0.002065s ]
[2024-01-31T09:00:14+08:00][sql] SELECT * FROM `jm_nav` ORDER BY `sort` ASC [ RunTime:0.000962s ]
[2024-01-31T09:00:14+08:00][sql] SHOW FULL COLUMNS FROM `jm_browse_index` [ RunTime:0.002680s ]
[2024-01-31T09:00:14+08:00][sql] SELECT * FROM `jm_browse_index` WHERE  `ip` = '59.62.105.105' ORDER BY `id` DESC LIMIT 1 [ RunTime:0.004907s ]
[2024-01-31T09:00:14+08:00][sql] INSERT INTO `jm_browse_index` SET `cid` = 0 , `url` = '/' , `ip` = '59.62.105.105' , `mark` = 'd7f34c6b77831b63bb37696fdbae2233' , `user_agent` = 'Mozilla/5.0 (Macintosh; Intel Mac OS X 10_13_6) AppleWebKit/537.36 (KHTML, like Gecko) Chrome/73.0.3683.103 Safari/537.36' , `create_time` = '2024-01-31 09:00:14.923205' [ RunTime:0.000610s ]
[2024-01-31T09:00:14+08:00][sql] SHOW FULL COLUMNS FROM `jm_news_index` [ RunTime:0.002097s ]
[2024-01-31T09:00:14+08:00][sql] SELECT * FROM `jm_news_index` WHERE  `c_id` = 78  AND `status` = 1 ORDER BY `create_time` DESC LIMIT 5 [ RunTime:0.001172s ]
[2024-01-31T09:00:14+08:00][sql] SELECT * FROM `jm_news_index` WHERE  `c_id` = 79  AND `status` = 1 ORDER BY `create_time` DESC LIMIT 5 [ RunTime:0.000747s ]
[2024-01-31T09:00:14+08:00][sql] SELECT * FROM `jm_news_index` WHERE  `c_id` = 77  AND `status` = 1 ORDER BY `create_time` DESC LIMIT 5 [ RunTime:0.000610s ]
[2024-01-31T12:10:25+08:00][sql] CONNECT:[ UseTime:0.000757s ] mysql:host=127.0.0.1;port=3306;dbname=www_fsqf_com;charset=utf8
[2024-01-31T12:10:25+08:00][sql] SHOW FULL COLUMNS FROM `jm_nav` [ RunTime:0.001771s ]
[2024-01-31T12:10:25+08:00][sql] SELECT * FROM `jm_nav` ORDER BY `sort` ASC [ RunTime:0.000755s ]
[2024-01-31T12:10:25+08:00][sql] SHOW FULL COLUMNS FROM `jm_browse_index` [ RunTime:0.001439s ]
[2024-01-31T12:10:25+08:00][sql] SELECT * FROM `jm_browse_index` WHERE  `ip` = '101.67.50.17' ORDER BY `id` DESC LIMIT 1 [ RunTime:0.006703s ]
[2024-01-31T12:10:25+08:00][sql] INSERT INTO `jm_browse_index` SET `cid` = 0 , `url` = '/' , `ip` = '101.67.50.17' , `mark` = '7be0e18ec937374c5647ad4ec09b5b47' , `user_agent` = 'Mozilla/5.0 (iPhone; CPU iPhone OS 10_3 like Mac OS X) AppleWebKit/602.1.50 (KHTML, like Gecko) CriOS/56.0.2924.75 Mobile/14E5239e YisouSpider/5.0 Safari/602.1' , `create_time` = '2024-01-31 12:10:25.737254' [ RunTime:0.000674s ]
[2024-01-31T12:10:25+08:00][sql] SHOW FULL COLUMNS FROM `jm_news_index` [ RunTime:0.002808s ]
[2024-01-31T12:10:25+08:00][sql] SELECT * FROM `jm_news_index` WHERE  `c_id` = 78  AND `status` = 1 ORDER BY `create_time` DESC LIMIT 5 [ RunTime:0.001399s ]
[2024-01-31T12:10:25+08:00][sql] SELECT * FROM `jm_news_index` WHERE  `c_id` = 79  AND `status` = 1 ORDER BY `create_time` DESC LIMIT 5 [ RunTime:0.000933s ]
[2024-01-31T12:10:25+08:00][sql] SELECT * FROM `jm_news_index` WHERE  `c_id` = 77  AND `status` = 1 ORDER BY `create_time` DESC LIMIT 5 [ RunTime:0.000891s ]
[2024-01-31T14:04:42+08:00][sql] CONNECT:[ UseTime:0.001352s ] mysql:host=127.0.0.1;port=3306;dbname=www_fsqf_com;charset=utf8
[2024-01-31T14:04:42+08:00][sql] SHOW FULL COLUMNS FROM `jm_nav` [ RunTime:0.002069s ]
[2024-01-31T14:04:42+08:00][sql] SELECT * FROM `jm_nav` ORDER BY `sort` ASC [ RunTime:0.000960s ]
[2024-01-31T14:04:42+08:00][sql] SHOW FULL COLUMNS FROM `jm_browse_index` [ RunTime:0.001760s ]
[2024-01-31T14:04:42+08:00][sql] SELECT * FROM `jm_browse_index` WHERE  `ip` = '60.188.10.23' ORDER BY `id` DESC LIMIT 1 [ RunTime:0.003626s ]
[2024-01-31T14:04:42+08:00][sql] INSERT INTO `jm_browse_index` SET `cid` = 78 , `url` = '/list/78.html' , `ip` = '60.188.10.23' , `mark` = '3ff574506e8024c991f650c9eade7da2' , `user_agent` = 'Mozilla/5.0 (Windows NT 6.1; Win64; x64) AppleWebKit/537.36 (KHTML, like Gecko) Chrome/69.0.3497.81 YisouSpider/5.0 Safari/537.36' , `create_time` = '2024-01-31 14:04:42.564232' [ RunTime:0.000546s ]
[2024-01-31T14:04:42+08:00][sql] SHOW FULL COLUMNS FROM `jm_category` [ RunTime:0.002376s ]
[2024-01-31T14:04:42+08:00][sql] SELECT `pid` FROM `jm_category` WHERE  `id` = 78 LIMIT 1 [ RunTime:0.000891s ]
[2024-01-31T14:04:42+08:00][sql] SHOW FULL COLUMNS FROM `jm_news_index` [ RunTime:0.002058s ]
[2024-01-31T14:04:42+08:00][sql] SELECT COUNT(*) AS think_count FROM `jm_news_index` WHERE  `status` = 1  AND `c_id` = 78 LIMIT 1 [ RunTime:0.000951s ]
[2024-01-31T14:04:42+08:00][sql] SELECT * FROM `jm_news_index` WHERE  `status` = 1  AND `c_id` = 78 ORDER BY `create_time` DESC LIMIT 0,5 [ RunTime:0.000769s ]
[2024-01-31T14:04:42+08:00][sql] SELECT * FROM `jm_category` WHERE  `id` = 78 LIMIT 1 [ RunTime:0.000546s ]
[2024-01-31T14:04:42+08:00][sql] SELECT * FROM `jm_category` WHERE  `id` = 74 LIMIT 1 [ RunTime:0.000362s ]
[2024-01-31T14:04:42+08:00][sql] SHOW FULL COLUMNS FROM `jm_ad_index` [ RunTime:0.001537s ]
[2024-01-31T14:04:42+08:00][sql] SELECT * FROM `jm_ad_index` WHERE  `g_id` = 74 LIMIT 1 [ RunTime:0.000690s ]
[2024-01-31T14:04:42+08:00][sql] SELECT * FROM `jm_category` WHERE  `pid` = 74 ORDER BY `sort` ASC [ RunTime:0.000580s ]
[2024-01-31T14:28:07+08:00][sql] CONNECT:[ UseTime:0.001265s ] mysql:host=127.0.0.1;port=3306;dbname=www_fsqf_com;charset=utf8
[2024-01-31T14:28:07+08:00][sql] SHOW FULL COLUMNS FROM `jm_nav` [ RunTime:0.003127s ]
[2024-01-31T14:28:07+08:00][sql] SELECT * FROM `jm_nav` ORDER BY `sort` ASC [ RunTime:0.001131s ]
[2024-01-31T14:28:07+08:00][sql] SHOW FULL COLUMNS FROM `jm_browse_index` [ RunTime:0.002400s ]
[2024-01-31T14:28:07+08:00][sql] SELECT * FROM `jm_browse_index` WHERE  `ip` = '101.67.49.23' ORDER BY `id` DESC LIMIT 1 [ RunTime:0.006049s ]
[2024-01-31T14:28:07+08:00][sql] INSERT INTO `jm_browse_index` SET `cid` = 0 , `url` = '/page/12.html' , `ip` = '101.67.49.23' , `mark` = '9a459c112062f81e105dbf96214f93c1' , `user_agent` = 'Mozilla/5.0 (Windows NT 6.1; Win64; x64) AppleWebKit/537.36 (KHTML, like Gecko) Chrome/69.0.3497.81 YisouSpider/5.0 Safari/537.36' , `create_time` = '2024-01-31 14:28:07.473027' [ RunTime:0.000672s ]
[2024-01-31T14:28:07+08:00][sql] SHOW FULL COLUMNS FROM `jm_page_index` [ RunTime:0.003450s ]
[2024-01-31T14:28:07+08:00][sql] SELECT * FROM `jm_page_index` WHERE  `id` = 12 LIMIT 1 [ RunTime:0.001223s ]
[2024-01-31T14:28:07+08:00][sql] SHOW FULL COLUMNS FROM `jm_category` [ RunTime:0.002875s ]
[2024-01-31T14:28:07+08:00][sql] SELECT * FROM `jm_category` WHERE  `id` = 76 LIMIT 1 [ RunTime:0.001175s ]
[2024-01-31T14:28:07+08:00][sql] SELECT * FROM `jm_category` WHERE  `id` = 0 LIMIT 1 [ RunTime:0.000613s ]
[2024-01-31T14:28:07+08:00][sql] SHOW FULL COLUMNS FROM `jm_ad_index` [ RunTime:0.002254s ]
[2024-01-31T14:28:07+08:00][sql] SELECT * FROM `jm_ad_index` WHERE  `g_id` = 76 LIMIT 1 [ RunTime:0.000728s ]
[2024-01-31T14:28:07+08:00][sql] SELECT `id` FROM `jm_page_index` WHERE  `c_id` = 76 LIMIT 1 [ RunTime:0.000420s ]
[2024-01-31T14:28:07+08:00][sql] SELECT * FROM `jm_category` WHERE  `pid` = 76 [ RunTime:0.000295s ]
[2024-01-31T14:28:07+08:00][sql] SELECT * FROM `jm_page_index` WHERE  `c_id` = 76 ORDER BY `sort` ASC [ RunTime:0.000412s ]
[2024-01-31T17:43:48+08:00][sql] CONNECT:[ UseTime:0.001079s ] mysql:host=127.0.0.1;port=3306;dbname=www_fsqf_com;charset=utf8
[2024-01-31T17:43:48+08:00][sql] SHOW FULL COLUMNS FROM `jm_nav` [ RunTime:0.002845s ]
[2024-01-31T17:43:48+08:00][sql] SELECT * FROM `jm_nav` ORDER BY `sort` ASC [ RunTime:0.001038s ]
[2024-01-31T17:43:48+08:00][sql] SHOW FULL COLUMNS FROM `jm_browse_index` [ RunTime:0.002074s ]
[2024-01-31T17:43:48+08:00][sql] SELECT * FROM `jm_browse_index` WHERE  `ip` = '218.95.2.19' ORDER BY `id` DESC LIMIT 1 [ RunTime:0.000981s ]
[2024-01-31T17:43:48+08:00][sql] INSERT INTO `jm_browse_index` SET `cid` = 0 , `url` = '/page/10.html' , `ip` = '218.95.2.19' , `mark` = '8647750b3ec7e3f4c917583045ee8403' , `user_agent` = 'python-requests/2.28.2' , `create_time` = '2024-01-31 17:43:48.758355' [ RunTime:0.000556s ]
[2024-01-31T17:43:48+08:00][sql] SHOW FULL COLUMNS FROM `jm_page_index` [ RunTime:0.002191s ]
[2024-01-31T17:43:48+08:00][sql] SELECT * FROM `jm_page_index` WHERE  `id` = 10 LIMIT 1 [ RunTime:0.000802s ]
[2024-01-31T17:43:48+08:00][sql] SHOW FULL COLUMNS FROM `jm_category` [ RunTime:0.002706s ]
[2024-01-31T17:43:48+08:00][sql] SELECT * FROM `jm_category` WHERE  `id` = 76 LIMIT 1 [ RunTime:0.000965s ]
[2024-01-31T17:43:48+08:00][sql] SELECT * FROM `jm_category` WHERE  `id` = 0 LIMIT 1 [ RunTime:0.000478s ]
[2024-01-31T17:43:48+08:00][sql] SHOW FULL COLUMNS FROM `jm_ad_index` [ RunTime:0.002112s ]
[2024-01-31T17:43:48+08:00][sql] SELECT * FROM `jm_ad_index` WHERE  `g_id` = 76 LIMIT 1 [ RunTime:0.000826s ]
[2024-01-31T17:43:48+08:00][sql] SELECT `id` FROM `jm_page_index` WHERE  `c_id` = 76 LIMIT 1 [ RunTime:0.000414s ]
[2024-01-31T17:43:48+08:00][sql] SELECT * FROM `jm_category` WHERE  `pid` = 76 [ RunTime:0.000451s ]
[2024-01-31T17:43:48+08:00][sql] SELECT * FROM `jm_page_index` WHERE  `c_id` = 76 ORDER BY `sort` ASC [ RunTime:0.000599s ]
[2024-01-31T17:43:48+08:00][sql] CONNECT:[ UseTime:0.000792s ] mysql:host=127.0.0.1;port=3306;dbname=www_fsqf_com;charset=utf8
[2024-01-31T17:43:48+08:00][sql] SHOW FULL COLUMNS FROM `jm_nav` [ RunTime:0.001743s ]
[2024-01-31T17:43:48+08:00][sql] SELECT * FROM `jm_nav` ORDER BY `sort` ASC [ RunTime:0.000550s ]
[2024-01-31T17:43:48+08:00][sql] SHOW FULL COLUMNS FROM `jm_browse_index` [ RunTime:0.001950s ]
[2024-01-31T17:43:48+08:00][sql] SHOW FULL COLUMNS FROM `jm_news_index` [ RunTime:0.002441s ]
[2024-01-31T17:43:48+08:00][sql] SELECT `c_id` FROM `jm_news_index` WHERE  `id` = 171 LIMIT 1 [ RunTime:0.000868s ]
[2024-01-31T17:43:48+08:00][sql] SELECT * FROM `jm_browse_index` WHERE  `ip` = '218.95.2.19' ORDER BY `id` DESC LIMIT 1 [ RunTime:0.000720s ]
[2024-01-31T17:43:48+08:00][sql] INSERT INTO `jm_browse_index` SET `cid` = 79 , `url` = '/show/171.html' , `ip` = '218.95.2.19' , `mark` = 'c71e3da43d9c20f5c8d261a1caae7f54' , `user_agent` = 'python-requests/2.28.2' , `create_time` = '2024-01-31 17:43:48.765668' [ RunTime:0.001042s ]
[2024-01-31T17:43:48+08:00][sql] SELECT * FROM `jm_news_index` WHERE  `id` = 171 LIMIT 1 [ RunTime:0.000535s ]
[2024-01-31T17:43:48+08:00][sql] SHOW FULL COLUMNS FROM `jm_category` [ RunTime:0.002044s ]
[2024-01-31T17:43:48+08:00][sql] SELECT * FROM `jm_category` WHERE  `id` = 79 LIMIT 1 [ RunTime:0.000597s ]
[2024-01-31T17:43:48+08:00][sql] SELECT * FROM `jm_category` WHERE  `id` = 74 LIMIT 1 [ RunTime:0.000433s ]
[2024-01-31T17:43:48+08:00][sql] SHOW FULL COLUMNS FROM `jm_ad_index` [ RunTime:0.002020s ]
[2024-01-31T17:43:48+08:00][sql] SELECT * FROM `jm_ad_index` WHERE  `g_id` = 74 LIMIT 1 [ RunTime:0.000728s ]
[2024-01-31T17:43:48+08:00][sql] SELECT * FROM `jm_category` WHERE  `pid` = 74 [ RunTime:0.001259s ]
[2024-01-31T17:43:48+08:00][sql] SELECT * FROM `jm_news_index` WHERE  `c_id` = 79  AND `id` > 171  AND `status` = 1 LIMIT 1 [ RunTime:0.000986s ]
[2024-01-31T17:43:48+08:00][sql] SELECT * FROM `jm_news_index` WHERE  `c_id` = 79  AND `id` < 171  AND `status` = 1 LIMIT 1 [ RunTime:0.000655s ]
[2024-01-31T17:43:52+08:00][sql] CONNECT:[ UseTime:0.000836s ] mysql:host=127.0.0.1;port=3306;dbname=www_fsqf_com;charset=utf8
[2024-01-31T17:43:52+08:00][sql] SHOW FULL COLUMNS FROM `jm_nav` [ RunTime:0.001601s ]
[2024-01-31T17:43:52+08:00][sql] SELECT * FROM `jm_nav` ORDER BY `sort` ASC [ RunTime:0.000503s ]
[2024-01-31T17:43:52+08:00][sql] SHOW FULL COLUMNS FROM `jm_browse_index` [ RunTime:0.001544s ]
[2024-01-31T17:43:52+08:00][sql] SHOW FULL COLUMNS FROM `jm_news_index` [ RunTime:0.001517s ]
[2024-01-31T17:43:52+08:00][sql] SELECT `c_id` FROM `jm_news_index` WHERE  `id` = 167 LIMIT 1 [ RunTime:0.000443s ]
[2024-01-31T17:43:52+08:00][sql] SELECT * FROM `jm_browse_index` WHERE  `ip` = '218.95.2.19' ORDER BY `id` DESC LIMIT 1 [ RunTime:0.000352s ]
[2024-01-31T17:43:52+08:00][sql] INSERT INTO `jm_browse_index` SET `cid` = 77 , `url` = '/show/167.html' , `ip` = '218.95.2.19' , `mark` = 'c7efea4411f819d4bd9fdd87313f8ec0' , `user_agent` = 'python-requests/2.28.2' , `create_time` = '2024-01-31 17:43:52.935889' [ RunTime:0.000346s ]
[2024-01-31T17:43:52+08:00][sql] SELECT * FROM `jm_news_index` WHERE  `id` = 167 LIMIT 1 [ RunTime:0.000811s ]
[2024-01-31T17:43:52+08:00][sql] SHOW FULL COLUMNS FROM `jm_category` [ RunTime:0.002802s ]
[2024-01-31T17:43:52+08:00][sql] SELECT * FROM `jm_category` WHERE  `id` = 77 LIMIT 1 [ RunTime:0.000832s ]
[2024-01-31T17:43:52+08:00][sql] SELECT * FROM `jm_category` WHERE  `id` = 74 LIMIT 1 [ RunTime:0.000488s ]
[2024-01-31T17:43:52+08:00][sql] SHOW FULL COLUMNS FROM `jm_ad_index` [ RunTime:0.002436s ]
[2024-01-31T17:43:52+08:00][sql] SELECT * FROM `jm_ad_index` WHERE  `g_id` = 74 LIMIT 1 [ RunTime:0.000728s ]
[2024-01-31T17:43:52+08:00][sql] SELECT * FROM `jm_category` WHERE  `pid` = 74 [ RunTime:0.000511s ]
[2024-01-31T17:43:52+08:00][sql] SELECT * FROM `jm_news_index` WHERE  `c_id` = 77  AND `id` > 167  AND `status` = 1 LIMIT 1 [ RunTime:0.000718s ]
[2024-01-31T17:43:52+08:00][sql] SELECT * FROM `jm_news_index` WHERE  `c_id` = 77  AND `id` < 167  AND `status` = 1 LIMIT 1 [ RunTime:0.000655s ]
[2024-01-31T18:04:28+08:00][sql] CONNECT:[ UseTime:0.001029s ] mysql:host=127.0.0.1;port=3306;dbname=www_fsqf_com;charset=utf8
[2024-01-31T18:04:28+08:00][sql] SHOW FULL COLUMNS FROM `jm_nav` [ RunTime:0.002597s ]
[2024-01-31T18:04:28+08:00][sql] SELECT * FROM `jm_nav` ORDER BY `sort` ASC [ RunTime:0.000890s ]
[2024-01-31T18:04:28+08:00][sql] SHOW FULL COLUMNS FROM `jm_browse_index` [ RunTime:0.002338s ]
[2024-01-31T18:04:28+08:00][sql] SELECT * FROM `jm_browse_index` WHERE  `ip` = '220.181.108.83' ORDER BY `id` DESC LIMIT 1 [ RunTime:0.003812s ]
[2024-01-31T18:04:28+08:00][sql] INSERT INTO `jm_browse_index` SET `cid` = 78 , `url` = '/list/78.html' , `ip` = '220.181.108.83' , `mark` = '78f64725b9a2495ee97f5a0e1ddb477c' , `user_agent` = 'Mozilla/5.0 (compatible; Baiduspider/2.0; +http://www.baidu.com/search/spider.html)' , `create_time` = '2024-01-31 18:04:28.460233' [ RunTime:0.000554s ]
[2024-01-31T18:04:28+08:00][sql] SHOW FULL COLUMNS FROM `jm_category` [ RunTime:0.002795s ]
[2024-01-31T18:04:28+08:00][sql] SELECT `pid` FROM `jm_category` WHERE  `id` = 78 LIMIT 1 [ RunTime:0.001149s ]
[2024-01-31T18:04:28+08:00][sql] SHOW FULL COLUMNS FROM `jm_news_index` [ RunTime:0.002620s ]
[2024-01-31T18:04:28+08:00][sql] SELECT COUNT(*) AS think_count FROM `jm_news_index` WHERE  `status` = 1  AND `c_id` = 78 LIMIT 1 [ RunTime:0.000844s ]
[2024-01-31T18:04:28+08:00][sql] SELECT * FROM `jm_news_index` WHERE  `status` = 1  AND `c_id` = 78 ORDER BY `create_time` DESC LIMIT 0,5 [ RunTime:0.000799s ]
[2024-01-31T18:04:28+08:00][sql] SELECT * FROM `jm_category` WHERE  `id` = 78 LIMIT 1 [ RunTime:0.000554s ]
[2024-01-31T18:04:28+08:00][sql] SELECT * FROM `jm_category` WHERE  `id` = 74 LIMIT 1 [ RunTime:0.000373s ]
[2024-01-31T18:04:28+08:00][sql] SHOW FULL COLUMNS FROM `jm_ad_index` [ RunTime:0.002017s ]
[2024-01-31T18:04:28+08:00][sql] SELECT * FROM `jm_ad_index` WHERE  `g_id` = 74 LIMIT 1 [ RunTime:0.000739s ]
[2024-01-31T18:04:28+08:00][sql] SELECT * FROM `jm_category` WHERE  `pid` = 74 ORDER BY `sort` ASC [ RunTime:0.000368s ]
[2024-01-31T19:23:31+08:00][sql] CONNECT:[ UseTime:0.001004s ] mysql:host=127.0.0.1;port=3306;dbname=www_fsqf_com;charset=utf8
[2024-01-31T19:23:31+08:00][sql] SHOW FULL COLUMNS FROM `jm_nav` [ RunTime:0.002761s ]
[2024-01-31T19:23:31+08:00][sql] SELECT * FROM `jm_nav` ORDER BY `sort` ASC [ RunTime:0.001108s ]
[2024-01-31T19:23:31+08:00][sql] SHOW FULL COLUMNS FROM `jm_browse_index` [ RunTime:0.002152s ]
[2024-01-31T19:23:31+08:00][sql] SELECT * FROM `jm_browse_index` WHERE  `ip` = '101.67.49.165' ORDER BY `id` DESC LIMIT 1 [ RunTime:0.005544s ]
[2024-01-31T19:23:31+08:00][sql] INSERT INTO `jm_browse_index` SET `cid` = 74 , `url` = '/list/74.html' , `ip` = '101.67.49.165' , `mark` = 'c86c61d10eb38b3bd8fc57c614505589' , `user_agent` = 'Mozilla/5.0 (Windows NT 6.1; Win64; x64) AppleWebKit/537.36 (KHTML, like Gecko) Chrome/69.0.3497.81 YisouSpider/5.0 Safari/537.36' , `create_time` = '2024-01-31 19:23:31.104792' [ RunTime:0.000817s ]
[2024-01-31T19:23:31+08:00][sql] SHOW FULL COLUMNS FROM `jm_category` [ RunTime:0.003107s ]
[2024-01-31T19:23:31+08:00][sql] SELECT `pid` FROM `jm_category` WHERE  `id` = 74 LIMIT 1 [ RunTime:0.001240s ]
[2024-01-31T19:23:31+08:00][sql] SELECT `id` FROM `jm_category` WHERE  `pid` = 74 [ RunTime:0.000519s ]
[2024-01-31T19:23:31+08:00][sql] SHOW FULL COLUMNS FROM `jm_news_index` [ RunTime:0.002507s ]
[2024-01-31T19:23:31+08:00][sql] SELECT COUNT(*) AS think_count FROM `jm_news_index` WHERE  `status` = 1  AND `c_id` IN (77,78,79) LIMIT 1 [ RunTime:0.001137s ]
[2024-01-31T19:23:31+08:00][sql] SELECT * FROM `jm_news_index` WHERE  `status` = 1  AND `c_id` IN (77,78,79) ORDER BY `create_time` DESC LIMIT 0,5 [ RunTime:0.001126s ]
[2024-01-31T19:23:31+08:00][sql] SELECT * FROM `jm_category` WHERE  `id` = 74 LIMIT 1 [ RunTime:0.000848s ]
[2024-01-31T19:23:31+08:00][sql] SELECT * FROM `jm_category` WHERE  `id` = 0 LIMIT 1 [ RunTime:0.000565s ]
[2024-01-31T19:23:31+08:00][sql] SHOW FULL COLUMNS FROM `jm_ad_index` [ RunTime:0.002271s ]
[2024-01-31T19:23:31+08:00][sql] SELECT * FROM `jm_ad_index` WHERE  `g_id` = 74 LIMIT 1 [ RunTime:0.000898s ]
[2024-01-31T19:23:31+08:00][sql] SELECT * FROM `jm_category` WHERE  `pid` = 74 ORDER BY `sort` ASC [ RunTime:0.000532s ]
[2024-01-31T19:52:05+08:00][sql] CONNECT:[ UseTime:0.000868s ] mysql:host=127.0.0.1;port=3306;dbname=www_fsqf_com;charset=utf8
[2024-01-31T19:52:05+08:00][sql] SHOW FULL COLUMNS FROM `jm_nav` [ RunTime:0.002926s ]
[2024-01-31T19:52:05+08:00][sql] SELECT * FROM `jm_nav` ORDER BY `sort` ASC [ RunTime:0.001248s ]
[2024-01-31T19:52:05+08:00][sql] SHOW FULL COLUMNS FROM `jm_browse_index` [ RunTime:0.001753s ]
[2024-01-31T19:52:05+08:00][sql] SELECT * FROM `jm_browse_index` WHERE  `ip` = '36.134.211.150' ORDER BY `id` DESC LIMIT 1 [ RunTime:0.001874s ]
[2024-01-31T19:52:05+08:00][sql] SHOW FULL COLUMNS FROM `jm_news_index` [ RunTime:0.002524s ]
[2024-01-31T19:52:05+08:00][sql] SELECT * FROM `jm_news_index` WHERE  `c_id` = 78  AND `status` = 1 ORDER BY `create_time` DESC LIMIT 5 [ RunTime:0.001379s ]
[2024-01-31T19:52:05+08:00][sql] SELECT * FROM `jm_news_index` WHERE  `c_id` = 79  AND `status` = 1 ORDER BY `create_time` DESC LIMIT 5 [ RunTime:0.001010s ]
[2024-01-31T19:52:05+08:00][sql] SELECT * FROM `jm_news_index` WHERE  `c_id` = 77  AND `status` = 1 ORDER BY `create_time` DESC LIMIT 5 [ RunTime:0.000881s ]
[2024-01-31T22:12:20+08:00][sql] CONNECT:[ UseTime:0.001200s ] mysql:host=127.0.0.1;port=3306;dbname=www_fsqf_com;charset=utf8
[2024-01-31T22:12:20+08:00][sql] SHOW FULL COLUMNS FROM `jm_nav` [ RunTime:0.002629s ]
[2024-01-31T22:12:20+08:00][sql] SELECT * FROM `jm_nav` ORDER BY `sort` ASC [ RunTime:0.001226s ]
[2024-01-31T22:12:20+08:00][sql] SHOW FULL COLUMNS FROM `jm_browse_index` [ RunTime:0.002306s ]
[2024-01-31T22:12:20+08:00][sql] SELECT * FROM `jm_browse_index` WHERE  `ip` = '113.24.224.154' ORDER BY `id` DESC LIMIT 1 [ RunTime:0.005550s ]
[2024-01-31T22:12:20+08:00][sql] INSERT INTO `jm_browse_index` SET `cid` = 0 , `url` = '/' , `ip` = '113.24.224.154' , `mark` = '1f70515f9a98aacc8c5b056e387bef73' , `user_agent` = 'Mozilla/5.0 (Windows NT 6.1; WOW64; rv:43.0) Gecko/20100101 Firefox/43.0' , `create_time` = '2024-01-31 22:12:20.323634' [ RunTime:0.000897s ]
[2024-01-31T22:12:20+08:00][sql] SHOW FULL COLUMNS FROM `jm_news_index` [ RunTime:0.003438s ]
[2024-01-31T22:12:20+08:00][sql] SELECT * FROM `jm_news_index` WHERE  `c_id` = 78  AND `status` = 1 ORDER BY `create_time` DESC LIMIT 5 [ RunTime:0.001697s ]
[2024-01-31T22:12:20+08:00][sql] SELECT * FROM `jm_news_index` WHERE  `c_id` = 79  AND `status` = 1 ORDER BY `create_time` DESC LIMIT 5 [ RunTime:0.001139s ]
[2024-01-31T22:12:20+08:00][sql] SELECT * FROM `jm_news_index` WHERE  `c_id` = 77  AND `status` = 1 ORDER BY `create_time` DESC LIMIT 5 [ RunTime:0.001039s ]
[2024-01-31T23:52:31+08:00][sql] CONNECT:[ UseTime:0.000885s ] mysql:host=127.0.0.1;port=3306;dbname=www_fsqf_com;charset=utf8
[2024-01-31T23:52:31+08:00][sql] SHOW FULL COLUMNS FROM `jm_nav` [ RunTime:0.002460s ]
[2024-01-31T23:52:31+08:00][sql] SELECT * FROM `jm_nav` ORDER BY `sort` ASC [ RunTime:0.001116s ]
[2024-01-31T23:52:31+08:00][sql] SHOW FULL COLUMNS FROM `jm_browse_index` [ RunTime:0.002329s ]
[2024-01-31T23:52:31+08:00][sql] SELECT * FROM `jm_browse_index` WHERE  `ip` = '218.95.2.19' ORDER BY `id` DESC LIMIT 1 [ RunTime:0.001140s ]
[2024-01-31T23:52:31+08:00][sql] INSERT INTO `jm_browse_index` SET `cid` = 74 , `url` = '/list/74.html' , `ip` = '218.95.2.19' , `mark` = '73cb6be991e0646ab0cf3ca0c8907a22' , `user_agent` = 'python-requests/2.28.2' , `create_time` = '2024-01-31 23:52:31.274276' [ RunTime:0.001183s ]
[2024-01-31T23:52:31+08:00][sql] SHOW FULL COLUMNS FROM `jm_category` [ RunTime:0.002783s ]
[2024-01-31T23:52:31+08:00][sql] SELECT `pid` FROM `jm_category` WHERE  `id` = 74 LIMIT 1 [ RunTime:0.001098s ]
[2024-01-31T23:52:31+08:00][sql] SELECT `id` FROM `jm_category` WHERE  `pid` = 74 [ RunTime:0.000497s ]
[2024-01-31T23:52:31+08:00][sql] SHOW FULL COLUMNS FROM `jm_news_index` [ RunTime:0.002367s ]
[2024-01-31T23:52:31+08:00][sql] SELECT COUNT(*) AS think_count FROM `jm_news_index` WHERE  `status` = 1  AND `c_id` IN (77,78,79) LIMIT 1 [ RunTime:0.001142s ]
[2024-01-31T23:52:31+08:00][sql] SELECT * FROM `jm_news_index` WHERE  `status` = 1  AND `c_id` IN (77,78,79) ORDER BY `create_time` DESC LIMIT 0,5 [ RunTime:0.001179s ]
[2024-01-31T23:52:31+08:00][sql] SELECT * FROM `jm_category` WHERE  `id` = 74 LIMIT 1 [ RunTime:0.000698s ]
[2024-01-31T23:52:31+08:00][sql] SELECT * FROM `jm_category` WHERE  `id` = 0 LIMIT 1 [ RunTime:0.000471s ]
[2024-01-31T23:52:31+08:00][sql] SHOW FULL COLUMNS FROM `jm_ad_index` [ RunTime:0.002205s ]
[2024-01-31T23:52:31+08:00][sql] SELECT * FROM `jm_ad_index` WHERE  `g_id` = 74 LIMIT 1 [ RunTime:0.000912s ]
[2024-01-31T23:52:31+08:00][sql] SELECT * FROM `jm_category` WHERE  `pid` = 74 ORDER BY `sort` ASC [ RunTime:0.000552s ]
[2024-01-31T23:52:34+08:00][sql] CONNECT:[ UseTime:0.000867s ] mysql:host=127.0.0.1;port=3306;dbname=www_fsqf_com;charset=utf8
[2024-01-31T23:52:34+08:00][sql] SHOW FULL COLUMNS FROM `jm_nav` [ RunTime:0.002470s ]
[2024-01-31T23:52:34+08:00][sql] SELECT * FROM `jm_nav` ORDER BY `sort` ASC [ RunTime:0.000813s ]
[2024-01-31T23:52:34+08:00][sql] SHOW FULL COLUMNS FROM `jm_browse_index` [ RunTime:0.002289s ]
[2024-01-31T23:52:34+08:00][sql] SELECT * FROM `jm_browse_index` WHERE  `ip` = '218.95.2.19' ORDER BY `id` DESC LIMIT 1 [ RunTime:0.000842s ]
[2024-01-31T23:52:34+08:00][sql] INSERT INTO `jm_browse_index` SET `cid` = 77 , `url` = '/list/77.html' , `ip` = '218.95.2.19' , `mark` = 'ddf9043b87eef046557a092701c9b0b1' , `user_agent` = 'python-requests/2.28.2' , `create_time` = '2024-01-31 23:52:34.283224' [ RunTime:0.000518s ]
[2024-01-31T23:52:34+08:00][sql] SHOW FULL COLUMNS FROM `jm_category` [ RunTime:0.002062s ]
[2024-01-31T23:52:34+08:00][sql] SELECT `pid` FROM `jm_category` WHERE  `id` = 77 LIMIT 1 [ RunTime:0.001003s ]
[2024-01-31T23:52:34+08:00][sql] SHOW FULL COLUMNS FROM `jm_news_index` [ RunTime:0.002835s ]
[2024-01-31T23:52:34+08:00][sql] SELECT COUNT(*) AS think_count FROM `jm_news_index` WHERE  `status` = 1  AND `c_id` = 77 LIMIT 1 [ RunTime:0.000968s ]
[2024-01-31T23:52:34+08:00][sql] SELECT * FROM `jm_news_index` WHERE  `status` = 1  AND `c_id` = 77 ORDER BY `create_time` DESC LIMIT 0,5 [ RunTime:0.001267s ]
[2024-01-31T23:52:34+08:00][sql] SELECT * FROM `jm_category` WHERE  `id` = 77 LIMIT 1 [ RunTime:0.000716s ]
[2024-01-31T23:52:34+08:00][sql] SELECT * FROM `jm_category` WHERE  `id` = 74 LIMIT 1 [ RunTime:0.000533s ]
[2024-01-31T23:52:34+08:00][sql] SHOW FULL COLUMNS FROM `jm_ad_index` [ RunTime:0.003198s ]
[2024-01-31T23:52:34+08:00][sql] SELECT * FROM `jm_ad_index` WHERE  `g_id` = 74 LIMIT 1 [ RunTime:0.001115s ]
[2024-01-31T23:52:34+08:00][sql] SELECT * FROM `jm_category` WHERE  `pid` = 74 ORDER BY `sort` ASC [ RunTime:0.000619s ]
[2024-01-31T23:52:36+08:00][sql] CONNECT:[ UseTime:0.001230s ] mysql:host=127.0.0.1;port=3306;dbname=www_fsqf_com;charset=utf8
[2024-01-31T23:52:36+08:00][sql] SHOW FULL COLUMNS FROM `jm_nav` [ RunTime:0.002425s ]
[2024-01-31T23:52:36+08:00][sql] SELECT * FROM `jm_nav` ORDER BY `sort` ASC [ RunTime:0.000895s ]
[2024-01-31T23:52:36+08:00][sql] SHOW FULL COLUMNS FROM `jm_browse_index` [ RunTime:0.002591s ]
[2024-01-31T23:52:36+08:00][sql] SELECT * FROM `jm_browse_index` WHERE  `ip` = '218.95.2.19' ORDER BY `id` DESC LIMIT 1 [ RunTime:0.000909s ]
[2024-01-31T23:52:36+08:00][sql] INSERT INTO `jm_browse_index` SET `cid` = 78 , `url` = '/list/78.html' , `ip` = '218.95.2.19' , `mark` = 'd5781d73cb2ac81890a5fa2573d42ef8' , `user_agent` = 'python-requests/2.28.2' , `create_time` = '2024-01-31 23:52:36.571668' [ RunTime:0.000586s ]
[2024-01-31T23:52:36+08:00][sql] SHOW FULL COLUMNS FROM `jm_category` [ RunTime:0.002231s ]
[2024-01-31T23:52:36+08:00][sql] SELECT `pid` FROM `jm_category` WHERE  `id` = 78 LIMIT 1 [ RunTime:0.000771s ]
[2024-01-31T23:52:36+08:00][sql] SHOW FULL COLUMNS FROM `jm_news_index` [ RunTime:0.002229s ]
[2024-01-31T23:52:36+08:00][sql] SELECT COUNT(*) AS think_count FROM `jm_news_index` WHERE  `status` = 1  AND `c_id` = 78 LIMIT 1 [ RunTime:0.000833s ]
[2024-01-31T23:52:36+08:00][sql] SELECT * FROM `jm_news_index` WHERE  `status` = 1  AND `c_id` = 78 ORDER BY `create_time` DESC LIMIT 0,5 [ RunTime:0.000703s ]
[2024-01-31T23:52:36+08:00][sql] SELECT * FROM `jm_category` WHERE  `id` = 78 LIMIT 1 [ RunTime:0.000464s ]
[2024-01-31T23:52:36+08:00][sql] SELECT * FROM `jm_category` WHERE  `id` = 74 LIMIT 1 [ RunTime:0.000316s ]
[2024-01-31T23:52:36+08:00][sql] SHOW FULL COLUMNS FROM `jm_ad_index` [ RunTime:0.002150s ]
[2024-01-31T23:52:36+08:00][sql] SELECT * FROM `jm_ad_index` WHERE  `g_id` = 74 LIMIT 1 [ RunTime:0.000584s ]
[2024-01-31T23:52:36+08:00][sql] SELECT * FROM `jm_category` WHERE  `pid` = 74 ORDER BY `sort` ASC [ RunTime:0.000448s ]
