[2023-12-02T00:27:27+08:00][sql] CONNECT:[ UseTime:0.001157s ] mysql:host=127.0.0.1;port=3306;dbname=www_fsqf_com;charset=utf8
[2023-12-02T00:27:27+08:00][sql] SHOW FULL COLUMNS FROM `jm_nav` [ RunTime:0.003378s ]
[2023-12-02T00:27:27+08:00][sql] SELECT * FROM `jm_nav` ORDER BY `sort` ASC [ RunTime:0.001442s ]
[2023-12-02T00:27:27+08:00][sql] SHOW FULL COLUMNS FROM `jm_browse_index` [ RunTime:0.001838s ]
[2023-12-02T00:27:27+08:00][sql] SELECT * FROM `jm_browse_index` WHERE  `ip` = '36.99.197.9' ORDER BY `id` DESC LIMIT 1 [ RunTime:0.002993s ]
[2023-12-02T00:27:27+08:00][sql] INSERT INTO `jm_browse_index` SET `cid` = 0 , `url` = '/' , `ip` = '36.99.197.9' , `mark` = '809eb10d10075ae3a971c6fbee0b04bd' , `user_agent` = 'Mozilla/5.0 (Windows NT 6.1; Win64; x64) AppleWebKit/537.36 (KHTML, like Gecko) Chrome/46.0.2490.86 Safari/537.36' , `create_time` = '2023-12-02 00:27:27.695186' [ RunTime:0.000624s ]
[2023-12-02T00:27:27+08:00][sql] SHOW FULL COLUMNS FROM `jm_news_index` [ RunTime:0.002243s ]
[2023-12-02T00:27:27+08:00][sql] SELECT * FROM `jm_news_index` WHERE  `c_id` = 78  AND `status` = 1 ORDER BY `create_time` DESC LIMIT 5 [ RunTime:0.001075s ]
[2023-12-02T00:27:27+08:00][sql] SELECT * FROM `jm_news_index` WHERE  `c_id` = 79  AND `status` = 1 ORDER BY `create_time` DESC LIMIT 5 [ RunTime:0.000780s ]
[2023-12-02T00:27:27+08:00][sql] SELECT * FROM `jm_news_index` WHERE  `c_id` = 77  AND `status` = 1 ORDER BY `create_time` DESC LIMIT 5 [ RunTime:0.000722s ]
[2023-12-02T02:00:35+08:00][sql] CONNECT:[ UseTime:0.001229s ] mysql:host=127.0.0.1;port=3306;dbname=www_fsqf_com;charset=utf8
[2023-12-02T02:00:35+08:00][sql] SHOW FULL COLUMNS FROM `jm_nav` [ RunTime:0.002663s ]
[2023-12-02T02:00:35+08:00][sql] SELECT * FROM `jm_nav` ORDER BY `sort` ASC [ RunTime:0.000869s ]
[2023-12-02T02:00:35+08:00][sql] SHOW FULL COLUMNS FROM `jm_browse_index` [ RunTime:0.001399s ]
[2023-12-02T02:00:35+08:00][sql] SHOW FULL COLUMNS FROM `jm_news_index` [ RunTime:0.001716s ]
[2023-12-02T02:00:35+08:00][sql] SELECT `c_id` FROM `jm_news_index` WHERE  `id` = 175 LIMIT 1 [ RunTime:0.000725s ]
[2023-12-02T02:00:35+08:00][sql] SELECT * FROM `jm_browse_index` WHERE  `ip` = '112.13.112.85' ORDER BY `id` DESC LIMIT 1 [ RunTime:0.002431s ]
[2023-12-02T02:00:35+08:00][sql] INSERT INTO `jm_browse_index` SET `cid` = 79 , `url` = '/show/175.html' , `ip` = '112.13.112.85' , `mark` = '4fad04971ed3693d79025b249cf11fab' , `user_agent` = 'Mozilla/5.0 (Windows NT 6.1; Win64; x64) AppleWebKit/537.36 (KHTML, like Gecko) Chrome/69.0.3497.81 YisouSpider/5.0 Safari/537.36' , `create_time` = '2023-12-02 02:00:35.161855' [ RunTime:0.000532s ]
[2023-12-02T02:00:35+08:00][sql] SELECT * FROM `jm_news_index` WHERE  `id` = 175 LIMIT 1 [ RunTime:0.000571s ]
[2023-12-02T02:00:35+08:00][sql] SHOW FULL COLUMNS FROM `jm_category` [ RunTime:0.001972s ]
[2023-12-02T02:00:35+08:00][sql] SELECT * FROM `jm_category` WHERE  `id` = 79 LIMIT 1 [ RunTime:0.000743s ]
[2023-12-02T02:00:35+08:00][sql] SELECT * FROM `jm_category` WHERE  `id` = 74 LIMIT 1 [ RunTime:0.000393s ]
[2023-12-02T02:00:35+08:00][sql] SHOW FULL COLUMNS FROM `jm_ad_index` [ RunTime:0.001605s ]
[2023-12-02T02:00:35+08:00][sql] SELECT * FROM `jm_ad_index` WHERE  `g_id` = 74 LIMIT 1 [ RunTime:0.000669s ]
[2023-12-02T02:00:35+08:00][sql] SELECT * FROM `jm_category` WHERE  `pid` = 74 [ RunTime:0.000407s ]
[2023-12-02T02:00:35+08:00][sql] SELECT * FROM `jm_news_index` WHERE  `c_id` = 79  AND `id` > 175  AND `status` = 1 LIMIT 1 [ RunTime:0.000519s ]
[2023-12-02T02:00:35+08:00][sql] SELECT * FROM `jm_news_index` WHERE  `c_id` = 79  AND `id` < 175  AND `status` = 1 LIMIT 1 [ RunTime:0.000683s ]
[2023-12-02T06:33:51+08:00][sql] CONNECT:[ UseTime:0.001165s ] mysql:host=127.0.0.1;port=3306;dbname=www_fsqf_com;charset=utf8
[2023-12-02T06:33:51+08:00][sql] SHOW FULL COLUMNS FROM `jm_nav` [ RunTime:0.003047s ]
[2023-12-02T06:33:51+08:00][sql] SELECT * FROM `jm_nav` ORDER BY `sort` ASC [ RunTime:0.001873s ]
[2023-12-02T06:33:51+08:00][sql] SHOW FULL COLUMNS FROM `jm_browse_index` [ RunTime:0.003112s ]
[2023-12-02T06:33:51+08:00][sql] SELECT * FROM `jm_browse_index` WHERE  `ip` = '112.13.112.139' ORDER BY `id` DESC LIMIT 1 [ RunTime:0.008376s ]
[2023-12-02T06:33:51+08:00][sql] INSERT INTO `jm_browse_index` SET `cid` = 0 , `url` = '/page/10.html' , `ip` = '112.13.112.139' , `mark` = '9ac6842fc5949e035ea5f251ec77564c' , `user_agent` = 'Mozilla/5.0 (Windows NT 6.1; Win64; x64) AppleWebKit/537.36 (KHTML, like Gecko) Chrome/69.0.3497.81 YisouSpider/5.0 Safari/537.36' , `create_time` = '2023-12-02 06:33:51.420478' [ RunTime:0.000980s ]
[2023-12-02T06:33:51+08:00][sql] SHOW FULL COLUMNS FROM `jm_page_index` [ RunTime:0.002556s ]
[2023-12-02T06:33:51+08:00][sql] SELECT * FROM `jm_page_index` WHERE  `id` = 10 LIMIT 1 [ RunTime:0.001326s ]
[2023-12-02T06:33:51+08:00][sql] SHOW FULL COLUMNS FROM `jm_category` [ RunTime:0.002792s ]
[2023-12-02T06:33:51+08:00][sql] SELECT * FROM `jm_category` WHERE  `id` = 76 LIMIT 1 [ RunTime:0.001361s ]
[2023-12-02T06:33:51+08:00][sql] SELECT * FROM `jm_category` WHERE  `id` = 0 LIMIT 1 [ RunTime:0.000397s ]
[2023-12-02T06:33:51+08:00][sql] SHOW FULL COLUMNS FROM `jm_ad_index` [ RunTime:0.001717s ]
[2023-12-02T06:33:51+08:00][sql] SELECT * FROM `jm_ad_index` WHERE  `g_id` = 76 LIMIT 1 [ RunTime:0.001100s ]
[2023-12-02T06:33:51+08:00][sql] SELECT `id` FROM `jm_page_index` WHERE  `c_id` = 76 LIMIT 1 [ RunTime:0.000400s ]
[2023-12-02T06:33:51+08:00][sql] SELECT * FROM `jm_category` WHERE  `pid` = 76 [ RunTime:0.000454s ]
[2023-12-02T06:33:51+08:00][sql] SELECT * FROM `jm_page_index` WHERE  `c_id` = 76 ORDER BY `sort` ASC [ RunTime:0.000489s ]
[2023-12-02T06:37:09+08:00][sql] CONNECT:[ UseTime:0.000709s ] mysql:host=127.0.0.1;port=3306;dbname=www_fsqf_com;charset=utf8
[2023-12-02T06:37:09+08:00][sql] SHOW FULL COLUMNS FROM `jm_nav` [ RunTime:0.001572s ]
[2023-12-02T06:37:09+08:00][sql] SELECT * FROM `jm_nav` ORDER BY `sort` ASC [ RunTime:0.000490s ]
[2023-12-02T06:37:09+08:00][sql] SHOW FULL COLUMNS FROM `jm_browse_index` [ RunTime:0.001435s ]
[2023-12-02T06:37:09+08:00][sql] SELECT * FROM `jm_browse_index` WHERE  `ip` = '40.77.167.15' ORDER BY `id` DESC LIMIT 1 [ RunTime:0.002452s ]
[2023-12-02T06:37:09+08:00][sql] INSERT INTO `jm_browse_index` SET `cid` = 74 , `url` = '/list/74.html' , `ip` = '40.77.167.15' , `mark` = '3765f2e570fd04ff65335801fe023173' , `user_agent` = 'Mozilla/5.0 AppleWebKit/537.36 (KHTML, like Gecko; compatible; bingbot/2.0; +http://www.bing.com/bingbot.htm) Chrome/116.0.1938.76 Safari/537.36' , `create_time` = '2023-12-02 06:37:09.745573' [ RunTime:0.001022s ]
[2023-12-02T06:37:09+08:00][sql] SHOW FULL COLUMNS FROM `jm_category` [ RunTime:0.002967s ]
[2023-12-02T06:37:09+08:00][sql] SELECT `pid` FROM `jm_category` WHERE  `id` = 74 LIMIT 1 [ RunTime:0.000727s ]
[2023-12-02T06:37:09+08:00][sql] SELECT `id` FROM `jm_category` WHERE  `pid` = 74 [ RunTime:0.000378s ]
[2023-12-02T06:37:09+08:00][sql] SHOW FULL COLUMNS FROM `jm_news_index` [ RunTime:0.002004s ]
[2023-12-02T06:37:09+08:00][sql] SELECT COUNT(*) AS think_count FROM `jm_news_index` WHERE  `status` = 1  AND `c_id` IN (77,78,79) LIMIT 1 [ RunTime:0.002812s ]
[2023-12-02T06:37:09+08:00][sql] SELECT * FROM `jm_news_index` WHERE  `status` = 1  AND `c_id` IN (77,78,79) ORDER BY `create_time` DESC LIMIT 0,5 [ RunTime:0.001900s ]
[2023-12-02T06:37:09+08:00][sql] SELECT * FROM `jm_category` WHERE  `id` = 74 LIMIT 1 [ RunTime:0.000589s ]
[2023-12-02T06:37:09+08:00][sql] SELECT * FROM `jm_category` WHERE  `id` = 0 LIMIT 1 [ RunTime:0.000394s ]
[2023-12-02T06:37:09+08:00][sql] SHOW FULL COLUMNS FROM `jm_ad_index` [ RunTime:0.001853s ]
[2023-12-02T06:37:09+08:00][sql] SELECT * FROM `jm_ad_index` WHERE  `g_id` = 74 LIMIT 1 [ RunTime:0.000588s ]
[2023-12-02T06:37:09+08:00][sql] SELECT * FROM `jm_category` WHERE  `pid` = 74 ORDER BY `sort` ASC [ RunTime:0.000520s ]
[2023-12-02T06:51:52+08:00][sql] CONNECT:[ UseTime:0.000830s ] mysql:host=127.0.0.1;port=3306;dbname=www_fsqf_com;charset=utf8
[2023-12-02T06:51:52+08:00][sql] SHOW FULL COLUMNS FROM `jm_nav` [ RunTime:0.002369s ]
[2023-12-02T06:51:52+08:00][sql] SELECT * FROM `jm_nav` ORDER BY `sort` ASC [ RunTime:0.000773s ]
[2023-12-02T06:51:52+08:00][sql] SHOW FULL COLUMNS FROM `jm_browse_index` [ RunTime:0.001882s ]
[2023-12-02T06:51:52+08:00][sql] SELECT * FROM `jm_browse_index` WHERE  `ip` = '124.71.166.204' ORDER BY `id` DESC LIMIT 1 [ RunTime:0.000779s ]
[2023-12-02T06:51:52+08:00][sql] INSERT INTO `jm_browse_index` SET `cid` = 0 , `url` = '/' , `ip` = '124.71.166.204' , `mark` = 'c82c82fdc5892285454870f4d6e7f48a' , `user_agent` = 'Mozilla/5.0 (Windows NT 5.5; Win64; x64) AppleWebKit/537.36 (KHTML, like Gecko) Chrome/71.0.2289.88 Safari/537.36' , `create_time` = '2023-12-02 06:51:52.690662' [ RunTime:0.001191s ]
[2023-12-02T06:51:52+08:00][sql] SHOW FULL COLUMNS FROM `jm_news_index` [ RunTime:0.002629s ]
[2023-12-02T06:51:52+08:00][sql] SELECT * FROM `jm_news_index` WHERE  `c_id` = 78  AND `status` = 1 ORDER BY `create_time` DESC LIMIT 5 [ RunTime:0.000934s ]
[2023-12-02T06:51:52+08:00][sql] SELECT * FROM `jm_news_index` WHERE  `c_id` = 79  AND `status` = 1 ORDER BY `create_time` DESC LIMIT 5 [ RunTime:0.000827s ]
[2023-12-02T06:51:52+08:00][sql] SELECT * FROM `jm_news_index` WHERE  `c_id` = 77  AND `status` = 1 ORDER BY `create_time` DESC LIMIT 5 [ RunTime:0.000596s ]
[2023-12-02T06:51:52+08:00][sql] CONNECT:[ UseTime:0.001085s ] mysql:host=127.0.0.1;port=3306;dbname=www_fsqf_com;charset=utf8
[2023-12-02T06:51:52+08:00][sql] SHOW FULL COLUMNS FROM `jm_nav` [ RunTime:0.003752s ]
[2023-12-02T06:51:52+08:00][sql] SELECT * FROM `jm_nav` ORDER BY `sort` ASC [ RunTime:0.000763s ]
[2023-12-02T06:51:52+08:00][sql] SHOW FULL COLUMNS FROM `jm_browse_index` [ RunTime:0.002595s ]
[2023-12-02T06:51:52+08:00][sql] SELECT * FROM `jm_browse_index` WHERE  `ip` = '124.71.166.204' ORDER BY `id` DESC LIMIT 1 [ RunTime:0.000758s ]
[2023-12-02T06:51:52+08:00][sql] INSERT INTO `jm_browse_index` SET `cid` = 0 , `url` = '/page/2.html' , `ip` = '124.71.166.204' , `mark` = 'a57182724c9dd618fcf71a0585ccdda5' , `user_agent` = 'Mozilla/5.0 (Windows NT 9.6; Win64; x64) AppleWebKit/537.36 (KHTML, like Gecko) Chrome/76.0.1783.88 Safari/537.36' , `create_time` = '2023-12-02 06:51:52.824227' [ RunTime:0.000606s ]
[2023-12-02T06:51:52+08:00][sql] SHOW FULL COLUMNS FROM `jm_page_index` [ RunTime:0.004924s ]
[2023-12-02T06:51:52+08:00][sql] SELECT * FROM `jm_page_index` WHERE  `id` = 2 LIMIT 1 [ RunTime:0.000655s ]
[2023-12-02T06:51:52+08:00][sql] SHOW FULL COLUMNS FROM `jm_category` [ RunTime:0.002285s ]
[2023-12-02T06:51:52+08:00][sql] SELECT * FROM `jm_category` WHERE  `id` = 75 LIMIT 1 [ RunTime:0.000562s ]
[2023-12-02T06:51:52+08:00][sql] SELECT * FROM `jm_category` WHERE  `id` = 0 LIMIT 1 [ RunTime:0.000381s ]
[2023-12-02T06:51:52+08:00][sql] SHOW FULL COLUMNS FROM `jm_ad_index` [ RunTime:0.001909s ]
[2023-12-02T06:51:52+08:00][sql] SELECT * FROM `jm_ad_index` WHERE  `g_id` = 75 LIMIT 1 [ RunTime:0.000452s ]
[2023-12-02T06:51:52+08:00][sql] SELECT `id` FROM `jm_page_index` WHERE  `c_id` = 75 LIMIT 1 [ RunTime:0.000277s ]
[2023-12-02T06:51:52+08:00][sql] SELECT * FROM `jm_category` WHERE  `pid` = 75 [ RunTime:0.000338s ]
[2023-12-02T06:51:52+08:00][sql] SELECT * FROM `jm_page_index` WHERE  `c_id` = 76 ORDER BY `sort` ASC [ RunTime:0.000303s ]
[2023-12-02T11:23:49+08:00][sql] CONNECT:[ UseTime:0.001302s ] mysql:host=127.0.0.1;port=3306;dbname=www_fsqf_com;charset=utf8
[2023-12-02T11:23:49+08:00][sql] SHOW FULL COLUMNS FROM `jm_nav` [ RunTime:0.003871s ]
[2023-12-02T11:23:49+08:00][sql] SELECT * FROM `jm_nav` ORDER BY `sort` ASC [ RunTime:0.001749s ]
[2023-12-02T11:23:49+08:00][sql] SHOW FULL COLUMNS FROM `jm_browse_index` [ RunTime:0.002221s ]
[2023-12-02T11:23:49+08:00][sql] SHOW FULL COLUMNS FROM `jm_news_index` [ RunTime:0.002069s ]
[2023-12-02T11:23:49+08:00][sql] SELECT `c_id` FROM `jm_news_index` WHERE  `id` = 170 LIMIT 1 [ RunTime:0.001316s ]
[2023-12-02T11:23:49+08:00][sql] SELECT * FROM `jm_browse_index` WHERE  `ip` = '60.188.9.254' ORDER BY `id` DESC LIMIT 1 [ RunTime:0.005232s ]
[2023-12-02T11:23:49+08:00][sql] INSERT INTO `jm_browse_index` SET `cid` = 77 , `url` = '/show/170.html' , `ip` = '60.188.9.254' , `mark` = 'c3607edcf2c19e6f707a09714e38e640' , `user_agent` = 'Mozilla/5.0 (Windows NT 6.1; Win64; x64) AppleWebKit/537.36 (KHTML, like Gecko) Chrome/69.0.3497.81 YisouSpider/5.0 Safari/537.36' , `create_time` = '2023-12-02 11:23:49.377203' [ RunTime:0.000892s ]
[2023-12-02T11:23:49+08:00][sql] SELECT * FROM `jm_news_index` WHERE  `id` = 170 LIMIT 1 [ RunTime:0.001021s ]
[2023-12-02T11:23:49+08:00][sql] SHOW FULL COLUMNS FROM `jm_category` [ RunTime:0.001443s ]
[2023-12-02T11:23:49+08:00][sql] SELECT * FROM `jm_category` WHERE  `id` = 77 LIMIT 1 [ RunTime:0.000734s ]
[2023-12-02T11:23:49+08:00][sql] SELECT * FROM `jm_category` WHERE  `id` = 74 LIMIT 1 [ RunTime:0.000382s ]
[2023-12-02T11:23:49+08:00][sql] SHOW FULL COLUMNS FROM `jm_ad_index` [ RunTime:0.001258s ]
[2023-12-02T11:23:49+08:00][sql] SELECT * FROM `jm_ad_index` WHERE  `g_id` = 74 LIMIT 1 [ RunTime:0.000796s ]
[2023-12-02T11:23:49+08:00][sql] SELECT * FROM `jm_category` WHERE  `pid` = 74 [ RunTime:0.000371s ]
[2023-12-02T11:23:49+08:00][sql] SELECT * FROM `jm_news_index` WHERE  `c_id` = 77  AND `id` > 170  AND `status` = 1 LIMIT 1 [ RunTime:0.001779s ]
[2023-12-02T11:23:49+08:00][sql] SELECT * FROM `jm_news_index` WHERE  `c_id` = 77  AND `id` < 170  AND `status` = 1 LIMIT 1 [ RunTime:0.000961s ]
[2023-12-02T13:28:34+08:00][sql] CONNECT:[ UseTime:0.000740s ] mysql:host=127.0.0.1;port=3306;dbname=www_fsqf_com;charset=utf8
[2023-12-02T13:28:34+08:00][sql] SHOW FULL COLUMNS FROM `jm_nav` [ RunTime:0.001788s ]
[2023-12-02T13:28:34+08:00][sql] SELECT * FROM `jm_nav` ORDER BY `sort` ASC [ RunTime:0.001838s ]
[2023-12-02T13:28:34+08:00][sql] SHOW FULL COLUMNS FROM `jm_browse_index` [ RunTime:0.004066s ]
[2023-12-02T13:28:34+08:00][sql] SELECT * FROM `jm_browse_index` WHERE  `ip` = '116.179.32.76' ORDER BY `id` DESC LIMIT 1 [ RunTime:0.008384s ]
[2023-12-02T13:28:34+08:00][sql] INSERT INTO `jm_browse_index` SET `cid` = 0 , `url` = '/page/1.html' , `ip` = '116.179.32.76' , `mark` = '4c591a270dc5cebd8cb38626753073a0' , `user_agent` = 'Mozilla/5.0 (compatible; Baiduspider/2.0; +http://www.baidu.com/search/spider.html)' , `create_time` = '2023-12-02 13:28:34.301811' [ RunTime:0.001184s ]
[2023-12-02T13:28:34+08:00][sql] SHOW FULL COLUMNS FROM `jm_page_index` [ RunTime:0.003182s ]
[2023-12-02T13:28:34+08:00][sql] SELECT * FROM `jm_page_index` WHERE  `id` = 1 LIMIT 1 [ RunTime:0.001913s ]
[2023-12-02T13:28:34+08:00][sql] SHOW FULL COLUMNS FROM `jm_category` [ RunTime:0.002263s ]
[2023-12-02T13:28:34+08:00][sql] SELECT * FROM `jm_category` WHERE  `id` = 52 LIMIT 1 [ RunTime:0.001220s ]
[2023-12-02T13:28:34+08:00][sql] SELECT * FROM `jm_category` WHERE  `id` = 0 LIMIT 1 [ RunTime:0.000539s ]
[2023-12-02T13:28:34+08:00][sql] SHOW FULL COLUMNS FROM `jm_ad_index` [ RunTime:0.002216s ]
[2023-12-02T13:28:34+08:00][sql] SELECT * FROM `jm_ad_index` WHERE  `g_id` = 52 LIMIT 1 [ RunTime:0.001065s ]
[2023-12-02T13:28:34+08:00][sql] SELECT `id` FROM `jm_page_index` WHERE  `c_id` = 52 LIMIT 1 [ RunTime:0.000353s ]
[2023-12-02T13:28:34+08:00][sql] SELECT * FROM `jm_category` WHERE  `pid` = 52 [ RunTime:0.000396s ]
[2023-12-02T13:28:34+08:00][sql] SELECT * FROM `jm_page_index` WHERE  `c_id` = 76 ORDER BY `sort` ASC [ RunTime:0.000455s ]
[2023-12-02T15:34:51+08:00][sql] CONNECT:[ UseTime:0.000681s ] mysql:host=127.0.0.1;port=3306;dbname=www_fsqf_com;charset=utf8
[2023-12-02T15:34:51+08:00][sql] SHOW FULL COLUMNS FROM `jm_nav` [ RunTime:0.002202s ]
[2023-12-02T15:34:51+08:00][sql] SELECT * FROM `jm_nav` ORDER BY `sort` ASC [ RunTime:0.000722s ]
[2023-12-02T15:34:51+08:00][sql] SHOW FULL COLUMNS FROM `jm_browse_index` [ RunTime:0.001749s ]
[2023-12-02T15:34:51+08:00][sql] SHOW FULL COLUMNS FROM `jm_news_index` [ RunTime:0.002015s ]
[2023-12-02T15:34:51+08:00][sql] SELECT `c_id` FROM `jm_news_index` WHERE  `id` = 173 LIMIT 1 [ RunTime:0.001878s ]
[2023-12-02T15:34:51+08:00][sql] SELECT * FROM `jm_browse_index` WHERE  `ip` = '60.188.10.240' ORDER BY `id` DESC LIMIT 1 [ RunTime:0.004796s ]
[2023-12-02T15:34:51+08:00][sql] INSERT INTO `jm_browse_index` SET `cid` = 79 , `url` = '/show/173.html' , `ip` = '60.188.10.240' , `mark` = '590f03a2cd600fc5097c0cd11fb98584' , `user_agent` = 'Mozilla/5.0 (Windows NT 6.1; Win64; x64) AppleWebKit/537.36 (KHTML, like Gecko) Chrome/69.0.3497.81 YisouSpider/5.0 Safari/537.36' , `create_time` = '2023-12-02 15:34:51.287563' [ RunTime:0.000442s ]
[2023-12-02T15:34:51+08:00][sql] SELECT * FROM `jm_news_index` WHERE  `id` = 173 LIMIT 1 [ RunTime:0.000700s ]
[2023-12-02T15:34:51+08:00][sql] SHOW FULL COLUMNS FROM `jm_category` [ RunTime:0.001989s ]
[2023-12-02T15:34:51+08:00][sql] SELECT * FROM `jm_category` WHERE  `id` = 79 LIMIT 1 [ RunTime:0.000699s ]
[2023-12-02T15:34:51+08:00][sql] SELECT * FROM `jm_category` WHERE  `id` = 74 LIMIT 1 [ RunTime:0.000478s ]
[2023-12-02T15:34:51+08:00][sql] SHOW FULL COLUMNS FROM `jm_ad_index` [ RunTime:0.001935s ]
[2023-12-02T15:34:51+08:00][sql] SELECT * FROM `jm_ad_index` WHERE  `g_id` = 74 LIMIT 1 [ RunTime:0.000866s ]
[2023-12-02T15:34:51+08:00][sql] SELECT * FROM `jm_category` WHERE  `pid` = 74 [ RunTime:0.000402s ]
[2023-12-02T15:34:51+08:00][sql] SELECT * FROM `jm_news_index` WHERE  `c_id` = 79  AND `id` > 173  AND `status` = 1 LIMIT 1 [ RunTime:0.000801s ]
[2023-12-02T15:34:51+08:00][sql] SELECT * FROM `jm_news_index` WHERE  `c_id` = 79  AND `id` < 173  AND `status` = 1 LIMIT 1 [ RunTime:0.001638s ]
[2023-12-02T17:07:33+08:00][sql] CONNECT:[ UseTime:0.000838s ] mysql:host=127.0.0.1;port=3306;dbname=www_fsqf_com;charset=utf8
[2023-12-02T17:07:33+08:00][sql] SHOW FULL COLUMNS FROM `jm_nav` [ RunTime:0.002419s ]
[2023-12-02T17:07:33+08:00][sql] SELECT * FROM `jm_nav` ORDER BY `sort` ASC [ RunTime:0.000872s ]
[2023-12-02T17:07:33+08:00][sql] SHOW FULL COLUMNS FROM `jm_browse_index` [ RunTime:0.001957s ]
[2023-12-02T17:07:33+08:00][sql] SHOW FULL COLUMNS FROM `jm_news_index` [ RunTime:0.001375s ]
[2023-12-02T17:07:33+08:00][sql] SELECT `c_id` FROM `jm_news_index` WHERE  `id` = 173 LIMIT 1 [ RunTime:0.000503s ]
[2023-12-02T17:07:33+08:00][sql] SELECT * FROM `jm_browse_index` WHERE  `ip` = '52.167.144.175' ORDER BY `id` DESC LIMIT 1 [ RunTime:0.002109s ]
[2023-12-02T17:07:33+08:00][sql] INSERT INTO `jm_browse_index` SET `cid` = 79 , `url` = '/show/173.html' , `ip` = '52.167.144.175' , `mark` = 'cb094049c8353777a824df8d0a72f468' , `user_agent` = 'Mozilla/5.0 AppleWebKit/537.36 (KHTML, like Gecko; compatible; bingbot/2.0; +http://www.bing.com/bingbot.htm) Chrome/116.0.1938.76 Safari/537.36' , `create_time` = '2023-12-02 17:07:32.981330' [ RunTime:0.000591s ]
[2023-12-02T17:07:33+08:00][sql] SELECT * FROM `jm_news_index` WHERE  `id` = 173 LIMIT 1 [ RunTime:0.000665s ]
[2023-12-02T17:07:33+08:00][sql] SHOW FULL COLUMNS FROM `jm_category` [ RunTime:0.002561s ]
[2023-12-02T17:07:33+08:00][sql] SELECT * FROM `jm_category` WHERE  `id` = 79 LIMIT 1 [ RunTime:0.000897s ]
[2023-12-02T17:07:33+08:00][sql] SELECT * FROM `jm_category` WHERE  `id` = 74 LIMIT 1 [ RunTime:0.000401s ]
[2023-12-02T17:07:33+08:00][sql] SHOW FULL COLUMNS FROM `jm_ad_index` [ RunTime:0.002219s ]
[2023-12-02T17:07:33+08:00][sql] SELECT * FROM `jm_ad_index` WHERE  `g_id` = 74 LIMIT 1 [ RunTime:0.000969s ]
[2023-12-02T17:07:33+08:00][sql] SELECT * FROM `jm_category` WHERE  `pid` = 74 [ RunTime:0.000585s ]
[2023-12-02T17:07:33+08:00][sql] SELECT * FROM `jm_news_index` WHERE  `c_id` = 79  AND `id` > 173  AND `status` = 1 LIMIT 1 [ RunTime:0.000792s ]
[2023-12-02T17:07:33+08:00][sql] SELECT * FROM `jm_news_index` WHERE  `c_id` = 79  AND `id` < 173  AND `status` = 1 LIMIT 1 [ RunTime:0.000773s ]
[2023-12-02T17:24:46+08:00][sql] CONNECT:[ UseTime:0.001044s ] mysql:host=127.0.0.1;port=3306;dbname=www_fsqf_com;charset=utf8
[2023-12-02T17:24:46+08:00][sql] SHOW FULL COLUMNS FROM `jm_nav` [ RunTime:0.003460s ]
[2023-12-02T17:24:46+08:00][sql] SELECT * FROM `jm_nav` ORDER BY `sort` ASC [ RunTime:0.001135s ]
[2023-12-02T17:24:46+08:00][sql] SHOW FULL COLUMNS FROM `jm_browse_index` [ RunTime:0.001987s ]
[2023-12-02T17:24:46+08:00][sql] SHOW FULL COLUMNS FROM `jm_news_index` [ RunTime:0.002083s ]
[2023-12-02T17:24:46+08:00][sql] SELECT `c_id` FROM `jm_news_index` WHERE  `id` = 172 LIMIT 1 [ RunTime:0.000565s ]
[2023-12-02T17:24:46+08:00][sql] SELECT * FROM `jm_browse_index` WHERE  `ip` = '52.167.144.230' ORDER BY `id` DESC LIMIT 1 [ RunTime:0.003286s ]
[2023-12-02T17:24:46+08:00][sql] INSERT INTO `jm_browse_index` SET `cid` = 79 , `url` = '/show/172.html' , `ip` = '52.167.144.230' , `mark` = '92b3e596f6e21c5bb351aeb70120fc60' , `user_agent` = 'Mozilla/5.0 AppleWebKit/537.36 (KHTML, like Gecko; compatible; bingbot/2.0; +http://www.bing.com/bingbot.htm) Chrome/116.0.1938.76 Safari/537.36' , `create_time` = '2023-12-02 17:24:46.910067' [ RunTime:0.000531s ]
[2023-12-02T17:24:46+08:00][sql] SELECT * FROM `jm_news_index` WHERE  `id` = 172 LIMIT 1 [ RunTime:0.000992s ]
[2023-12-02T17:24:46+08:00][sql] SHOW FULL COLUMNS FROM `jm_category` [ RunTime:0.002343s ]
[2023-12-02T17:24:46+08:00][sql] SELECT * FROM `jm_category` WHERE  `id` = 79 LIMIT 1 [ RunTime:0.000717s ]
[2023-12-02T17:24:46+08:00][sql] SELECT * FROM `jm_category` WHERE  `id` = 74 LIMIT 1 [ RunTime:0.000434s ]
[2023-12-02T17:24:46+08:00][sql] SHOW FULL COLUMNS FROM `jm_ad_index` [ RunTime:0.002478s ]
[2023-12-02T17:24:46+08:00][sql] SELECT * FROM `jm_ad_index` WHERE  `g_id` = 74 LIMIT 1 [ RunTime:0.000692s ]
[2023-12-02T17:24:46+08:00][sql] SELECT * FROM `jm_category` WHERE  `pid` = 74 [ RunTime:0.000424s ]
[2023-12-02T17:24:46+08:00][sql] SELECT * FROM `jm_news_index` WHERE  `c_id` = 79  AND `id` > 172  AND `status` = 1 LIMIT 1 [ RunTime:0.000600s ]
[2023-12-02T17:24:46+08:00][sql] SELECT * FROM `jm_news_index` WHERE  `c_id` = 79  AND `id` < 172  AND `status` = 1 LIMIT 1 [ RunTime:0.000728s ]
[2023-12-02T20:20:07+08:00][sql] CONNECT:[ UseTime:0.000904s ] mysql:host=127.0.0.1;port=3306;dbname=www_fsqf_com;charset=utf8
[2023-12-02T20:20:07+08:00][sql] SHOW FULL COLUMNS FROM `jm_nav` [ RunTime:0.002706s ]
[2023-12-02T20:20:07+08:00][sql] SELECT * FROM `jm_nav` ORDER BY `sort` ASC [ RunTime:0.000922s ]
[2023-12-02T20:20:07+08:00][sql] SHOW FULL COLUMNS FROM `jm_browse_index` [ RunTime:0.002027s ]
[2023-12-02T20:20:07+08:00][sql] SHOW FULL COLUMNS FROM `jm_news_index` [ RunTime:0.002040s ]
[2023-12-02T20:20:07+08:00][sql] SELECT `c_id` FROM `jm_news_index` WHERE  `id` = 166 LIMIT 1 [ RunTime:0.000665s ]
[2023-12-02T20:20:07+08:00][sql] SELECT * FROM `jm_browse_index` WHERE  `ip` = '60.188.10.185' ORDER BY `id` DESC LIMIT 1 [ RunTime:0.003354s ]
[2023-12-02T20:20:07+08:00][sql] INSERT INTO `jm_browse_index` SET `cid` = 77 , `url` = '/show/166.html' , `ip` = '60.188.10.185' , `mark` = '4b0e95c9924cd5246e1af0b80ec45cb9' , `user_agent` = 'Mozilla/5.0 (Windows NT 6.1; Win64; x64) AppleWebKit/537.36 (KHTML, like Gecko) Chrome/69.0.3497.81 YisouSpider/5.0 Safari/537.36' , `create_time` = '2023-12-02 20:20:07.186852' [ RunTime:0.000396s ]
[2023-12-02T20:20:07+08:00][sql] SELECT * FROM `jm_news_index` WHERE  `id` = 166 LIMIT 1 [ RunTime:0.000602s ]
[2023-12-02T20:20:07+08:00][sql] SHOW FULL COLUMNS FROM `jm_category` [ RunTime:0.002108s ]
[2023-12-02T20:20:07+08:00][sql] SELECT * FROM `jm_category` WHERE  `id` = 77 LIMIT 1 [ RunTime:0.000767s ]
[2023-12-02T20:20:07+08:00][sql] SELECT * FROM `jm_category` WHERE  `id` = 74 LIMIT 1 [ RunTime:0.000359s ]
[2023-12-02T20:20:07+08:00][sql] SHOW FULL COLUMNS FROM `jm_ad_index` [ RunTime:0.001704s ]
[2023-12-02T20:20:07+08:00][sql] SELECT * FROM `jm_ad_index` WHERE  `g_id` = 74 LIMIT 1 [ RunTime:0.000736s ]
[2023-12-02T20:20:07+08:00][sql] SELECT * FROM `jm_category` WHERE  `pid` = 74 [ RunTime:0.000420s ]
[2023-12-02T20:20:07+08:00][sql] SELECT * FROM `jm_news_index` WHERE  `c_id` = 77  AND `id` > 166  AND `status` = 1 LIMIT 1 [ RunTime:0.000556s ]
[2023-12-02T20:20:07+08:00][sql] SELECT * FROM `jm_news_index` WHERE  `c_id` = 77  AND `id` < 166  AND `status` = 1 LIMIT 1 [ RunTime:0.000507s ]
[2023-12-02T21:54:01+08:00][sql] CONNECT:[ UseTime:0.000702s ] mysql:host=127.0.0.1;port=3306;dbname=www_fsqf_com;charset=utf8
[2023-12-02T21:54:01+08:00][sql] SHOW FULL COLUMNS FROM `jm_nav` [ RunTime:0.001710s ]
[2023-12-02T21:54:01+08:00][sql] SELECT * FROM `jm_nav` ORDER BY `sort` ASC [ RunTime:0.000697s ]
[2023-12-02T21:54:01+08:00][sql] SHOW FULL COLUMNS FROM `jm_browse_index` [ RunTime:0.001552s ]
[2023-12-02T21:54:01+08:00][sql] SELECT * FROM `jm_browse_index` WHERE  `ip` = '124.71.166.204' ORDER BY `id` DESC LIMIT 1 [ RunTime:0.000690s ]
[2023-12-02T21:54:01+08:00][sql] INSERT INTO `jm_browse_index` SET `cid` = 0 , `url` = '/' , `ip` = '124.71.166.204' , `mark` = '6ab7e13ce8d9f5952261384a515f4af8' , `user_agent` = 'Mozilla/5.0 (Windows NT 8.2; Win64; x64) AppleWebKit/537.36 (KHTML, like Gecko) Chrome/77.0.1826.88 Safari/537.36' , `create_time` = '2023-12-02 21:54:01.001215' [ RunTime:0.000449s ]
[2023-12-02T21:54:01+08:00][sql] SHOW FULL COLUMNS FROM `jm_news_index` [ RunTime:0.001556s ]
[2023-12-02T21:54:01+08:00][sql] SELECT * FROM `jm_news_index` WHERE  `c_id` = 78  AND `status` = 1 ORDER BY `create_time` DESC LIMIT 5 [ RunTime:0.001759s ]
[2023-12-02T21:54:01+08:00][sql] SELECT * FROM `jm_news_index` WHERE  `c_id` = 79  AND `status` = 1 ORDER BY `create_time` DESC LIMIT 5 [ RunTime:0.000895s ]
[2023-12-02T21:54:01+08:00][sql] SELECT * FROM `jm_news_index` WHERE  `c_id` = 77  AND `status` = 1 ORDER BY `create_time` DESC LIMIT 5 [ RunTime:0.000762s ]
[2023-12-02T21:54:01+08:00][sql] CONNECT:[ UseTime:0.000889s ] mysql:host=127.0.0.1;port=3306;dbname=www_fsqf_com;charset=utf8
[2023-12-02T21:54:01+08:00][sql] SHOW FULL COLUMNS FROM `jm_nav` [ RunTime:0.001883s ]
[2023-12-02T21:54:01+08:00][sql] SELECT * FROM `jm_nav` ORDER BY `sort` ASC [ RunTime:0.000573s ]
[2023-12-02T21:54:01+08:00][sql] SHOW FULL COLUMNS FROM `jm_browse_index` [ RunTime:0.001482s ]
[2023-12-02T21:54:01+08:00][sql] SELECT * FROM `jm_browse_index` WHERE  `ip` = '124.71.166.204' ORDER BY `id` DESC LIMIT 1 [ RunTime:0.000560s ]
[2023-12-02T21:54:01+08:00][sql] INSERT INTO `jm_browse_index` SET `cid` = 0 , `url` = '/page/2.html' , `ip` = '124.71.166.204' , `mark` = '123ed0780aeaa79320cb77731693f226' , `user_agent` = 'Mozilla/5.0 (Windows NT 10.6; Win64; x64) AppleWebKit/537.36 (KHTML, like Gecko) Chrome/75.0.1634.88 Safari/537.36' , `create_time` = '2023-12-02 21:54:01.122045' [ RunTime:0.000426s ]
[2023-12-02T21:54:01+08:00][sql] SHOW FULL COLUMNS FROM `jm_page_index` [ RunTime:0.002566s ]
[2023-12-02T21:54:01+08:00][sql] SELECT * FROM `jm_page_index` WHERE  `id` = 2 LIMIT 1 [ RunTime:0.001263s ]
[2023-12-02T21:54:01+08:00][sql] SHOW FULL COLUMNS FROM `jm_category` [ RunTime:0.001868s ]
[2023-12-02T21:54:01+08:00][sql] SELECT * FROM `jm_category` WHERE  `id` = 75 LIMIT 1 [ RunTime:0.000745s ]
[2023-12-02T21:54:01+08:00][sql] SELECT * FROM `jm_category` WHERE  `id` = 0 LIMIT 1 [ RunTime:0.000394s ]
[2023-12-02T21:54:01+08:00][sql] SHOW FULL COLUMNS FROM `jm_ad_index` [ RunTime:0.001675s ]
[2023-12-02T21:54:01+08:00][sql] SELECT * FROM `jm_ad_index` WHERE  `g_id` = 75 LIMIT 1 [ RunTime:0.000728s ]
[2023-12-02T21:54:01+08:00][sql] SELECT `id` FROM `jm_page_index` WHERE  `c_id` = 75 LIMIT 1 [ RunTime:0.000387s ]
[2023-12-02T21:54:01+08:00][sql] SELECT * FROM `jm_category` WHERE  `pid` = 75 [ RunTime:0.000504s ]
[2023-12-02T21:54:01+08:00][sql] SELECT * FROM `jm_page_index` WHERE  `c_id` = 76 ORDER BY `sort` ASC [ RunTime:0.000616s ]
