[2024-01-13T01:59:59+08:00][sql] CONNECT:[ UseTime:0.001101s ] mysql:host=127.0.0.1;port=3306;dbname=www_fsqf_com;charset=utf8
[2024-01-13T01:59:59+08:00][sql] SHOW FULL COLUMNS FROM `jm_nav` [ RunTime:0.001738s ]
[2024-01-13T01:59:59+08:00][sql] SELECT * FROM `jm_nav` ORDER BY `sort` ASC [ RunTime:0.000768s ]
[2024-01-13T01:59:59+08:00][sql] SHOW FULL COLUMNS FROM `jm_browse_index` [ RunTime:0.001716s ]
[2024-01-13T01:59:59+08:00][sql] SELECT * FROM `jm_browse_index` WHERE  `ip` = '60.188.9.99' ORDER BY `id` DESC LIMIT 1 [ RunTime:0.003624s ]
[2024-01-13T01:59:59+08:00][sql] INSERT INTO `jm_browse_index` SET `cid` = 77 , `url` = '/list/77.html' , `ip` = '60.188.9.99' , `mark` = 'db706fce4a26ae87583c96b64de62fd4' , `user_agent` = 'Mozilla/5.0 (Windows NT 6.1; Win64; x64) AppleWebKit/537.36 (KHTML, like Gecko) Chrome/69.0.3497.81 YisouSpider/5.0 Safari/537.36' , `create_time` = '2024-01-13 01:59:59.262912' [ RunTime:0.000432s ]
[2024-01-13T01:59:59+08:00][sql] SHOW FULL COLUMNS FROM `jm_category` [ RunTime:0.002679s ]
[2024-01-13T01:59:59+08:00][sql] SELECT `pid` FROM `jm_category` WHERE  `id` = 77 LIMIT 1 [ RunTime:0.000865s ]
[2024-01-13T01:59:59+08:00][sql] SHOW FULL COLUMNS FROM `jm_news_index` [ RunTime:0.002296s ]
[2024-01-13T01:59:59+08:00][sql] SELECT COUNT(*) AS think_count FROM `jm_news_index` WHERE  `status` = 1  AND `c_id` = 77 LIMIT 1 [ RunTime:0.000792s ]
[2024-01-13T01:59:59+08:00][sql] SELECT * FROM `jm_news_index` WHERE  `status` = 1  AND `c_id` = 77 ORDER BY `create_time` DESC LIMIT 0,5 [ RunTime:0.000765s ]
[2024-01-13T01:59:59+08:00][sql] SELECT * FROM `jm_category` WHERE  `id` = 77 LIMIT 1 [ RunTime:0.000377s ]
[2024-01-13T01:59:59+08:00][sql] SELECT * FROM `jm_category` WHERE  `id` = 74 LIMIT 1 [ RunTime:0.000344s ]
[2024-01-13T01:59:59+08:00][sql] SHOW FULL COLUMNS FROM `jm_ad_index` [ RunTime:0.001452s ]
[2024-01-13T01:59:59+08:00][sql] SELECT * FROM `jm_ad_index` WHERE  `g_id` = 74 LIMIT 1 [ RunTime:0.000626s ]
[2024-01-13T01:59:59+08:00][sql] SELECT * FROM `jm_category` WHERE  `pid` = 74 ORDER BY `sort` ASC [ RunTime:0.000353s ]
[2024-01-13T02:18:48+08:00][sql] CONNECT:[ UseTime:0.000703s ] mysql:host=127.0.0.1;port=3306;dbname=www_fsqf_com;charset=utf8
[2024-01-13T02:18:48+08:00][sql] SHOW FULL COLUMNS FROM `jm_nav` [ RunTime:0.001666s ]
[2024-01-13T02:18:48+08:00][sql] SELECT * FROM `jm_nav` ORDER BY `sort` ASC [ RunTime:0.000549s ]
[2024-01-13T02:18:48+08:00][sql] SHOW FULL COLUMNS FROM `jm_browse_index` [ RunTime:0.001616s ]
[2024-01-13T02:18:48+08:00][sql] SELECT * FROM `jm_browse_index` WHERE  `ip` = '39.173.107.172' ORDER BY `id` DESC LIMIT 1 [ RunTime:0.003595s ]
[2024-01-13T02:18:48+08:00][sql] INSERT INTO `jm_browse_index` SET `cid` = 77 , `url` = '/list/77.html' , `ip` = '39.173.107.172' , `mark` = '2e43d7bebc98d8c4f4eee6ce9d762e27' , `user_agent` = 'Mozilla/5.0 (Windows NT 6.1; Win64; x64) AppleWebKit/537.36 (KHTML, like Gecko) Chrome/69.0.3497.81 YisouSpider/5.0 Safari/537.36' , `create_time` = '2024-01-13 02:18:48.834846' [ RunTime:0.000472s ]
[2024-01-13T02:18:48+08:00][sql] SHOW FULL COLUMNS FROM `jm_category` [ RunTime:0.003078s ]
[2024-01-13T02:18:48+08:00][sql] SELECT `pid` FROM `jm_category` WHERE  `id` = 77 LIMIT 1 [ RunTime:0.000661s ]
[2024-01-13T02:18:48+08:00][sql] SHOW FULL COLUMNS FROM `jm_news_index` [ RunTime:0.001728s ]
[2024-01-13T02:18:48+08:00][sql] SELECT COUNT(*) AS think_count FROM `jm_news_index` WHERE  `status` = 1  AND `c_id` = 77 LIMIT 1 [ RunTime:0.000852s ]
[2024-01-13T02:18:48+08:00][sql] SELECT * FROM `jm_news_index` WHERE  `status` = 1  AND `c_id` = 77 ORDER BY `create_time` DESC LIMIT 0,5 [ RunTime:0.000786s ]
[2024-01-13T02:18:48+08:00][sql] SELECT * FROM `jm_category` WHERE  `id` = 77 LIMIT 1 [ RunTime:0.000513s ]
[2024-01-13T02:18:48+08:00][sql] SELECT * FROM `jm_category` WHERE  `id` = 74 LIMIT 1 [ RunTime:0.000378s ]
[2024-01-13T02:18:48+08:00][sql] SHOW FULL COLUMNS FROM `jm_ad_index` [ RunTime:0.001670s ]
[2024-01-13T02:18:48+08:00][sql] SELECT * FROM `jm_ad_index` WHERE  `g_id` = 74 LIMIT 1 [ RunTime:0.000471s ]
[2024-01-13T02:18:48+08:00][sql] SELECT * FROM `jm_category` WHERE  `pid` = 74 ORDER BY `sort` ASC [ RunTime:0.000338s ]
[2024-01-13T05:39:07+08:00][sql] CONNECT:[ UseTime:0.000695s ] mysql:host=127.0.0.1;port=3306;dbname=www_fsqf_com;charset=utf8
[2024-01-13T05:39:07+08:00][sql] SHOW FULL COLUMNS FROM `jm_nav` [ RunTime:0.001649s ]
[2024-01-13T05:39:07+08:00][sql] SELECT * FROM `jm_nav` ORDER BY `sort` ASC [ RunTime:0.000680s ]
[2024-01-13T05:39:07+08:00][sql] SHOW FULL COLUMNS FROM `jm_browse_index` [ RunTime:0.001350s ]
[2024-01-13T05:39:07+08:00][sql] SHOW FULL COLUMNS FROM `jm_news_index` [ RunTime:0.001439s ]
[2024-01-13T05:39:07+08:00][sql] SELECT `c_id` FROM `jm_news_index` WHERE  `id` = 177 LIMIT 1 [ RunTime:0.000562s ]
[2024-01-13T05:39:07+08:00][sql] SELECT * FROM `jm_browse_index` WHERE  `ip` = '159.138.35.28' ORDER BY `id` DESC LIMIT 1 [ RunTime:0.002723s ]
[2024-01-13T05:39:07+08:00][sql] INSERT INTO `jm_browse_index` SET `cid` = 78 , `url` = '/show/177.html' , `ip` = '159.138.35.28' , `mark` = '259fceb1fc1dff1eb49299562b1f5e34' , `user_agent` = 'Mozilla/5.0 (Linux;u;Android 4.2.2;zh-cn;) AppleWebKit/534.46 (KHTML,like Gecko)Version/5.1 Mobile Safari/10600.6.3 (compatible; Baiduspider/2.0;+http://www.baidu.com/search/spider.html)' , `create_time` = '2024-01-13 05:39:07.835952' [ RunTime:0.000380s ]
[2024-01-13T05:39:07+08:00][sql] SELECT * FROM `jm_news_index` WHERE  `id` = 177 LIMIT 1 [ RunTime:0.000517s ]
[2024-01-13T05:39:07+08:00][sql] SHOW FULL COLUMNS FROM `jm_category` [ RunTime:0.001785s ]
[2024-01-13T05:39:07+08:00][sql] SELECT * FROM `jm_category` WHERE  `id` = 78 LIMIT 1 [ RunTime:0.000694s ]
[2024-01-13T05:39:07+08:00][sql] SELECT * FROM `jm_category` WHERE  `id` = 74 LIMIT 1 [ RunTime:0.000443s ]
[2024-01-13T05:39:07+08:00][sql] SHOW FULL COLUMNS FROM `jm_ad_index` [ RunTime:0.001483s ]
[2024-01-13T05:39:07+08:00][sql] SELECT * FROM `jm_ad_index` WHERE  `g_id` = 74 LIMIT 1 [ RunTime:0.000604s ]
[2024-01-13T05:39:07+08:00][sql] SELECT * FROM `jm_category` WHERE  `pid` = 74 [ RunTime:0.000337s ]
[2024-01-13T05:39:07+08:00][sql] SELECT * FROM `jm_news_index` WHERE  `c_id` = 78  AND `id` > 177  AND `status` = 1 LIMIT 1 [ RunTime:0.000435s ]
[2024-01-13T05:39:07+08:00][sql] SELECT * FROM `jm_news_index` WHERE  `c_id` = 78  AND `id` < 177  AND `status` = 1 LIMIT 1 [ RunTime:0.000561s ]
[2024-01-13T05:39:07+08:00][sql] CONNECT:[ UseTime:0.000643s ] mysql:host=127.0.0.1;port=3306;dbname=www_fsqf_com;charset=utf8
[2024-01-13T05:39:07+08:00][sql] SHOW FULL COLUMNS FROM `jm_nav` [ RunTime:0.003152s ]
[2024-01-13T05:39:07+08:00][sql] SELECT * FROM `jm_nav` ORDER BY `sort` ASC [ RunTime:0.000524s ]
[2024-01-13T05:39:07+08:00][sql] SHOW FULL COLUMNS FROM `jm_browse_index` [ RunTime:0.001349s ]
[2024-01-13T05:39:07+08:00][sql] SHOW FULL COLUMNS FROM `jm_news_index` [ RunTime:0.001363s ]
[2024-01-13T05:39:07+08:00][sql] SELECT `c_id` FROM `jm_news_index` WHERE  `id` = 168 LIMIT 1 [ RunTime:0.000386s ]
[2024-01-13T05:39:07+08:00][sql] SELECT * FROM `jm_browse_index` WHERE  `ip` = '190.92.245.58' ORDER BY `id` DESC LIMIT 1 [ RunTime:0.000389s ]
[2024-01-13T05:39:07+08:00][sql] INSERT INTO `jm_browse_index` SET `cid` = 77 , `url` = '/show/168.html' , `ip` = '190.92.245.58' , `mark` = 'a9136fd5fbb1c70ddf2ede4ed1b18bb3' , `user_agent` = 'Mozilla/5.0 (Linux;u;Android 4.2.2;zh-cn;) AppleWebKit/534.46 (KHTML,like Gecko)Version/5.1 Mobile Safari/10600.6.3 (compatible; Baiduspider/2.0;+http://www.baidu.com/search/spider.html)' , `create_time` = '2024-01-13 05:39:07.860776' [ RunTime:0.000378s ]
[2024-01-13T05:39:07+08:00][sql] SELECT * FROM `jm_news_index` WHERE  `id` = 168 LIMIT 1 [ RunTime:0.000939s ]
[2024-01-13T05:39:07+08:00][sql] SHOW FULL COLUMNS FROM `jm_category` [ RunTime:0.003597s ]
[2024-01-13T05:39:07+08:00][sql] SELECT * FROM `jm_category` WHERE  `id` = 77 LIMIT 1 [ RunTime:0.000569s ]
[2024-01-13T05:39:07+08:00][sql] SELECT * FROM `jm_category` WHERE  `id` = 74 LIMIT 1 [ RunTime:0.000285s ]
[2024-01-13T05:39:07+08:00][sql] SHOW FULL COLUMNS FROM `jm_ad_index` [ RunTime:0.001536s ]
[2024-01-13T05:39:07+08:00][sql] SELECT * FROM `jm_ad_index` WHERE  `g_id` = 74 LIMIT 1 [ RunTime:0.000481s ]
[2024-01-13T05:39:07+08:00][sql] SELECT * FROM `jm_category` WHERE  `pid` = 74 [ RunTime:0.000296s ]
[2024-01-13T05:39:07+08:00][sql] SELECT * FROM `jm_news_index` WHERE  `c_id` = 77  AND `id` > 168  AND `status` = 1 LIMIT 1 [ RunTime:0.000710s ]
[2024-01-13T05:39:07+08:00][sql] SELECT * FROM `jm_news_index` WHERE  `c_id` = 77  AND `id` < 168  AND `status` = 1 LIMIT 1 [ RunTime:0.000595s ]
[2024-01-13T05:39:07+08:00][sql] CONNECT:[ UseTime:0.000634s ] mysql:host=127.0.0.1;port=3306;dbname=www_fsqf_com;charset=utf8
[2024-01-13T05:39:07+08:00][sql] SHOW FULL COLUMNS FROM `jm_nav` [ RunTime:0.001572s ]
[2024-01-13T05:39:07+08:00][sql] SELECT * FROM `jm_nav` ORDER BY `sort` ASC [ RunTime:0.000540s ]
[2024-01-13T05:39:07+08:00][sql] SHOW FULL COLUMNS FROM `jm_browse_index` [ RunTime:0.001489s ]
[2024-01-13T05:39:07+08:00][sql] SELECT * FROM `jm_browse_index` WHERE  `ip` = '159.138.61.3' ORDER BY `id` DESC LIMIT 1 [ RunTime:0.000592s ]
[2024-01-13T05:39:07+08:00][sql] INSERT INTO `jm_browse_index` SET `cid` = 79 , `url` = '/list/79.html' , `ip` = '159.138.61.3' , `mark` = 'f7b201c758d2dcc254b8dfc9fd15e6f7' , `user_agent` = 'Mozilla/5.0 (Linux;u;Android 4.2.2;zh-cn;) AppleWebKit/534.46 (KHTML,like Gecko)Version/5.1 Mobile Safari/10600.6.3 (compatible; Baiduspider/2.0;+http://www.baidu.com/search/spider.html)' , `create_time` = '2024-01-13 05:39:07.886732' [ RunTime:0.000527s ]
[2024-01-13T05:39:07+08:00][sql] SHOW FULL COLUMNS FROM `jm_category` [ RunTime:0.001522s ]
[2024-01-13T05:39:07+08:00][sql] SELECT `pid` FROM `jm_category` WHERE  `id` = 79 LIMIT 1 [ RunTime:0.000425s ]
[2024-01-13T05:39:07+08:00][sql] SHOW FULL COLUMNS FROM `jm_news_index` [ RunTime:0.001496s ]
[2024-01-13T05:39:07+08:00][sql] SELECT COUNT(*) AS think_count FROM `jm_news_index` WHERE  `status` = 1  AND `c_id` = 79 LIMIT 1 [ RunTime:0.000463s ]
[2024-01-13T05:39:07+08:00][sql] SELECT * FROM `jm_news_index` WHERE  `status` = 1  AND `c_id` = 79 ORDER BY `create_time` DESC LIMIT 0,5 [ RunTime:0.000577s ]
[2024-01-13T05:39:07+08:00][sql] SELECT * FROM `jm_category` WHERE  `id` = 79 LIMIT 1 [ RunTime:0.000328s ]
[2024-01-13T05:39:07+08:00][sql] SELECT * FROM `jm_category` WHERE  `id` = 74 LIMIT 1 [ RunTime:0.000224s ]
[2024-01-13T05:39:07+08:00][sql] SHOW FULL COLUMNS FROM `jm_ad_index` [ RunTime:0.001505s ]
[2024-01-13T05:39:07+08:00][sql] SELECT * FROM `jm_ad_index` WHERE  `g_id` = 74 LIMIT 1 [ RunTime:0.000507s ]
[2024-01-13T05:39:07+08:00][sql] SELECT * FROM `jm_category` WHERE  `pid` = 74 ORDER BY `sort` ASC [ RunTime:0.000336s ]
[2024-01-13T05:39:08+08:00][sql] CONNECT:[ UseTime:0.000682s ] mysql:host=127.0.0.1;port=3306;dbname=www_fsqf_com;charset=utf8
[2024-01-13T05:39:08+08:00][sql] SHOW FULL COLUMNS FROM `jm_nav` [ RunTime:0.001564s ]
[2024-01-13T05:39:08+08:00][sql] SELECT * FROM `jm_nav` ORDER BY `sort` ASC [ RunTime:0.000456s ]
[2024-01-13T05:39:08+08:00][sql] SHOW FULL COLUMNS FROM `jm_browse_index` [ RunTime:0.002024s ]
[2024-01-13T05:39:08+08:00][sql] SELECT * FROM `jm_browse_index` WHERE  `ip` = '49.0.240.228' ORDER BY `id` DESC LIMIT 1 [ RunTime:0.000493s ]
[2024-01-13T05:39:08+08:00][sql] INSERT INTO `jm_browse_index` SET `cid` = 77 , `url` = '/list/77.html' , `ip` = '49.0.240.228' , `mark` = 'edee55bf6ba66815e4cc99fa0ee11b3a' , `user_agent` = 'Mozilla/5.0 (Linux;u;Android 4.2.2;zh-cn;) AppleWebKit/534.46 (KHTML,like Gecko)Version/5.1 Mobile Safari/10600.6.3 (compatible; Baiduspider/2.0;+http://www.baidu.com/search/spider.html)' , `create_time` = '2024-01-13 05:39:08.046719' [ RunTime:0.000387s ]
[2024-01-13T05:39:08+08:00][sql] SHOW FULL COLUMNS FROM `jm_category` [ RunTime:0.001345s ]
[2024-01-13T05:39:08+08:00][sql] SELECT `pid` FROM `jm_category` WHERE  `id` = 77 LIMIT 1 [ RunTime:0.000359s ]
[2024-01-13T05:39:08+08:00][sql] SHOW FULL COLUMNS FROM `jm_news_index` [ RunTime:0.001222s ]
[2024-01-13T05:39:08+08:00][sql] SELECT COUNT(*) AS think_count FROM `jm_news_index` WHERE  `status` = 1  AND `c_id` = 77 LIMIT 1 [ RunTime:0.000405s ]
[2024-01-13T05:39:08+08:00][sql] SELECT * FROM `jm_news_index` WHERE  `status` = 1  AND `c_id` = 77 ORDER BY `create_time` DESC LIMIT 0,5 [ RunTime:0.000494s ]
[2024-01-13T05:39:08+08:00][sql] SELECT * FROM `jm_category` WHERE  `id` = 77 LIMIT 1 [ RunTime:0.000287s ]
[2024-01-13T05:39:08+08:00][sql] SELECT * FROM `jm_category` WHERE  `id` = 74 LIMIT 1 [ RunTime:0.000243s ]
[2024-01-13T05:39:08+08:00][sql] SHOW FULL COLUMNS FROM `jm_ad_index` [ RunTime:0.001390s ]
[2024-01-13T05:39:08+08:00][sql] SELECT * FROM `jm_ad_index` WHERE  `g_id` = 74 LIMIT 1 [ RunTime:0.000439s ]
[2024-01-13T05:39:08+08:00][sql] SELECT * FROM `jm_category` WHERE  `pid` = 74 ORDER BY `sort` ASC [ RunTime:0.000284s ]
[2024-01-13T05:39:08+08:00][sql] CONNECT:[ UseTime:0.000538s ] mysql:host=127.0.0.1;port=3306;dbname=www_fsqf_com;charset=utf8
[2024-01-13T05:39:08+08:00][sql] SHOW FULL COLUMNS FROM `jm_nav` [ RunTime:0.001338s ]
[2024-01-13T05:39:08+08:00][sql] SELECT * FROM `jm_nav` ORDER BY `sort` ASC [ RunTime:0.000507s ]
[2024-01-13T05:39:08+08:00][sql] SHOW FULL COLUMNS FROM `jm_browse_index` [ RunTime:0.001205s ]
[2024-01-13T05:39:08+08:00][sql] SHOW FULL COLUMNS FROM `jm_news_index` [ RunTime:0.001328s ]
[2024-01-13T05:39:08+08:00][sql] SELECT `c_id` FROM `jm_news_index` WHERE  `id` = 170 LIMIT 1 [ RunTime:0.000398s ]
[2024-01-13T05:39:08+08:00][sql] SELECT * FROM `jm_browse_index` WHERE  `ip` = '119.13.77.169' ORDER BY `id` DESC LIMIT 1 [ RunTime:0.000415s ]
[2024-01-13T05:39:08+08:00][sql] INSERT INTO `jm_browse_index` SET `cid` = 77 , `url` = '/show/170.html' , `ip` = '119.13.77.169' , `mark` = 'fe2647747de5dc81ba4e820d74607b55' , `user_agent` = 'Mozilla/5.0 (Linux;u;Android 4.2.2;zh-cn;) AppleWebKit/534.46 (KHTML,like Gecko)Version/5.1 Mobile Safari/10600.6.3 (compatible; Baiduspider/2.0;+http://www.baidu.com/search/spider.html)' , `create_time` = '2024-01-13 05:39:08.052129' [ RunTime:0.000324s ]
[2024-01-13T05:39:08+08:00][sql] SELECT * FROM `jm_news_index` WHERE  `id` = 170 LIMIT 1 [ RunTime:0.001093s ]
[2024-01-13T05:39:08+08:00][sql] SHOW FULL COLUMNS FROM `jm_category` [ RunTime:0.003343s ]
[2024-01-13T05:39:08+08:00][sql] SELECT * FROM `jm_category` WHERE  `id` = 77 LIMIT 1 [ RunTime:0.000787s ]
[2024-01-13T05:39:08+08:00][sql] SELECT * FROM `jm_category` WHERE  `id` = 74 LIMIT 1 [ RunTime:0.000464s ]
[2024-01-13T05:39:08+08:00][sql] SHOW FULL COLUMNS FROM `jm_ad_index` [ RunTime:0.002927s ]
[2024-01-13T05:39:08+08:00][sql] SELECT * FROM `jm_ad_index` WHERE  `g_id` = 74 LIMIT 1 [ RunTime:0.000852s ]
[2024-01-13T05:39:08+08:00][sql] SELECT * FROM `jm_category` WHERE  `pid` = 74 [ RunTime:0.000665s ]
[2024-01-13T05:39:08+08:00][sql] SELECT * FROM `jm_news_index` WHERE  `c_id` = 77  AND `id` > 170  AND `status` = 1 LIMIT 1 [ RunTime:0.000447s ]
[2024-01-13T05:39:08+08:00][sql] SELECT * FROM `jm_news_index` WHERE  `c_id` = 77  AND `id` < 170  AND `status` = 1 LIMIT 1 [ RunTime:0.000402s ]
[2024-01-13T05:39:08+08:00][sql] CONNECT:[ UseTime:0.000982s ] mysql:host=127.0.0.1;port=3306;dbname=www_fsqf_com;charset=utf8
[2024-01-13T05:39:08+08:00][sql] SHOW FULL COLUMNS FROM `jm_nav` [ RunTime:0.003387s ]
[2024-01-13T05:39:08+08:00][sql] SELECT * FROM `jm_nav` ORDER BY `sort` ASC [ RunTime:0.001236s ]
[2024-01-13T05:39:08+08:00][sql] SHOW FULL COLUMNS FROM `jm_browse_index` [ RunTime:0.002604s ]
[2024-01-13T05:39:08+08:00][sql] SHOW FULL COLUMNS FROM `jm_news_index` [ RunTime:0.002189s ]
[2024-01-13T05:39:08+08:00][sql] SELECT `c_id` FROM `jm_news_index` WHERE  `id` = 173 LIMIT 1 [ RunTime:0.000711s ]
[2024-01-13T05:39:08+08:00][sql] SELECT * FROM `jm_browse_index` WHERE  `ip` = '190.92.245.58' ORDER BY `id` DESC LIMIT 1 [ RunTime:0.000577s ]
[2024-01-13T05:39:08+08:00][sql] INSERT INTO `jm_browse_index` SET `cid` = 79 , `url` = '/show/173.html' , `ip` = '190.92.245.58' , `mark` = '433310b69d51ec671185aebf83f45a36' , `user_agent` = 'Mozilla/5.0 (Linux;u;Android 4.2.2;zh-cn;) AppleWebKit/534.46 (KHTML,like Gecko)Version/5.1 Mobile Safari/10600.6.3 (compatible; Baiduspider/2.0;+http://www.baidu.com/search/spider.html)' , `create_time` = '2024-01-13 05:39:08.193794' [ RunTime:0.000467s ]
[2024-01-13T05:39:08+08:00][sql] SELECT * FROM `jm_news_index` WHERE  `id` = 173 LIMIT 1 [ RunTime:0.000589s ]
[2024-01-13T05:39:08+08:00][sql] SHOW FULL COLUMNS FROM `jm_category` [ RunTime:0.002207s ]
[2024-01-13T05:39:08+08:00][sql] SELECT * FROM `jm_category` WHERE  `id` = 79 LIMIT 1 [ RunTime:0.000791s ]
[2024-01-13T05:39:08+08:00][sql] SELECT * FROM `jm_category` WHERE  `id` = 74 LIMIT 1 [ RunTime:0.000402s ]
[2024-01-13T05:39:08+08:00][sql] SHOW FULL COLUMNS FROM `jm_ad_index` [ RunTime:0.001933s ]
[2024-01-13T05:39:08+08:00][sql] SELECT * FROM `jm_ad_index` WHERE  `g_id` = 74 LIMIT 1 [ RunTime:0.000613s ]
[2024-01-13T05:39:08+08:00][sql] SELECT * FROM `jm_category` WHERE  `pid` = 74 [ RunTime:0.000426s ]
[2024-01-13T05:39:08+08:00][sql] SELECT * FROM `jm_news_index` WHERE  `c_id` = 79  AND `id` > 173  AND `status` = 1 LIMIT 1 [ RunTime:0.000593s ]
[2024-01-13T05:39:08+08:00][sql] SELECT * FROM `jm_news_index` WHERE  `c_id` = 79  AND `id` < 173  AND `status` = 1 LIMIT 1 [ RunTime:0.000565s ]
[2024-01-13T05:39:08+08:00][sql] CONNECT:[ UseTime:0.000903s ] mysql:host=127.0.0.1;port=3306;dbname=www_fsqf_com;charset=utf8
[2024-01-13T05:39:08+08:00][sql] SHOW FULL COLUMNS FROM `jm_nav` [ RunTime:0.002712s ]
[2024-01-13T05:39:08+08:00][sql] SELECT * FROM `jm_nav` ORDER BY `sort` ASC [ RunTime:0.000980s ]
[2024-01-13T05:39:08+08:00][sql] SHOW FULL COLUMNS FROM `jm_browse_index` [ RunTime:0.002476s ]
[2024-01-13T05:39:08+08:00][sql] SELECT * FROM `jm_browse_index` WHERE  `ip` = '119.13.77.169' ORDER BY `id` DESC LIMIT 1 [ RunTime:0.000703s ]
[2024-01-13T05:39:08+08:00][sql] INSERT INTO `jm_browse_index` SET `cid` = 78 , `url` = '/list/78.html' , `ip` = '119.13.77.169' , `mark` = 'b559d2ed00d91a21416a27192e1a5d2a' , `user_agent` = 'Mozilla/5.0 (Linux;u;Android 4.2.2;zh-cn;) AppleWebKit/534.46 (KHTML,like Gecko)Version/5.1 Mobile Safari/10600.6.3 (compatible; Baiduspider/2.0;+http://www.baidu.com/search/spider.html)' , `create_time` = '2024-01-13 05:39:08.412537' [ RunTime:0.000416s ]
[2024-01-13T05:39:08+08:00][sql] SHOW FULL COLUMNS FROM `jm_category` [ RunTime:0.002849s ]
[2024-01-13T05:39:08+08:00][sql] SELECT `pid` FROM `jm_category` WHERE  `id` = 78 LIMIT 1 [ RunTime:0.000871s ]
[2024-01-13T05:39:08+08:00][sql] SHOW FULL COLUMNS FROM `jm_news_index` [ RunTime:0.001948s ]
[2024-01-13T05:39:08+08:00][sql] SELECT COUNT(*) AS think_count FROM `jm_news_index` WHERE  `status` = 1  AND `c_id` = 78 LIMIT 1 [ RunTime:0.000518s ]
[2024-01-13T05:39:08+08:00][sql] SELECT * FROM `jm_news_index` WHERE  `status` = 1  AND `c_id` = 78 ORDER BY `create_time` DESC LIMIT 0,5 [ RunTime:0.000559s ]
[2024-01-13T05:39:08+08:00][sql] SELECT * FROM `jm_category` WHERE  `id` = 78 LIMIT 1 [ RunTime:0.000387s ]
[2024-01-13T05:39:08+08:00][sql] SELECT * FROM `jm_category` WHERE  `id` = 74 LIMIT 1 [ RunTime:0.000359s ]
[2024-01-13T05:39:08+08:00][sql] SHOW FULL COLUMNS FROM `jm_ad_index` [ RunTime:0.001440s ]
[2024-01-13T05:39:08+08:00][sql] SELECT * FROM `jm_ad_index` WHERE  `g_id` = 74 LIMIT 1 [ RunTime:0.000455s ]
[2024-01-13T05:39:08+08:00][sql] SELECT * FROM `jm_category` WHERE  `pid` = 74 ORDER BY `sort` ASC [ RunTime:0.000396s ]
[2024-01-13T05:39:08+08:00][sql] CONNECT:[ UseTime:0.000919s ] mysql:host=127.0.0.1;port=3306;dbname=www_fsqf_com;charset=utf8
[2024-01-13T05:39:08+08:00][sql] SHOW FULL COLUMNS FROM `jm_nav` [ RunTime:0.002427s ]
[2024-01-13T05:39:08+08:00][sql] SELECT * FROM `jm_nav` ORDER BY `sort` ASC [ RunTime:0.000562s ]
[2024-01-13T05:39:08+08:00][sql] SHOW FULL COLUMNS FROM `jm_browse_index` [ RunTime:0.001334s ]
[2024-01-13T05:39:08+08:00][sql] SHOW FULL COLUMNS FROM `jm_news_index` [ RunTime:0.001519s ]
[2024-01-13T05:39:08+08:00][sql] SELECT `c_id` FROM `jm_news_index` WHERE  `id` = 169 LIMIT 1 [ RunTime:0.000435s ]
[2024-01-13T05:39:08+08:00][sql] SELECT * FROM `jm_browse_index` WHERE  `ip` = '159.138.1.51' ORDER BY `id` DESC LIMIT 1 [ RunTime:0.000438s ]
[2024-01-13T05:39:08+08:00][sql] INSERT INTO `jm_browse_index` SET `cid` = 77 , `url` = '/show/169.html' , `ip` = '159.138.1.51' , `mark` = '6116b3c0241e819f43991f04794052c4' , `user_agent` = 'Mozilla/5.0 (Linux;u;Android 4.2.2;zh-cn;) AppleWebKit/534.46 (KHTML,like Gecko)Version/5.1 Mobile Safari/10600.6.3 (compatible; Baiduspider/2.0;+http://www.baidu.com/search/spider.html)' , `create_time` = '2024-01-13 05:39:08.327195' [ RunTime:0.000420s ]
[2024-01-13T05:39:08+08:00][sql] SELECT * FROM `jm_news_index` WHERE  `id` = 169 LIMIT 1 [ RunTime:0.000667s ]
[2024-01-13T05:39:08+08:00][sql] SHOW FULL COLUMNS FROM `jm_category` [ RunTime:0.001782s ]
[2024-01-13T05:39:08+08:00][sql] SELECT * FROM `jm_category` WHERE  `id` = 77 LIMIT 1 [ RunTime:0.000557s ]
[2024-01-13T05:39:08+08:00][sql] SELECT * FROM `jm_category` WHERE  `id` = 74 LIMIT 1 [ RunTime:0.000753s ]
[2024-01-13T05:39:08+08:00][sql] SHOW FULL COLUMNS FROM `jm_ad_index` [ RunTime:0.002093s ]
[2024-01-13T05:39:08+08:00][sql] SELECT * FROM `jm_ad_index` WHERE  `g_id` = 74 LIMIT 1 [ RunTime:0.000597s ]
[2024-01-13T05:39:08+08:00][sql] SELECT * FROM `jm_category` WHERE  `pid` = 74 [ RunTime:0.000490s ]
[2024-01-13T05:39:08+08:00][sql] SELECT * FROM `jm_news_index` WHERE  `c_id` = 77  AND `id` > 169  AND `status` = 1 LIMIT 1 [ RunTime:0.000607s ]
[2024-01-13T05:39:08+08:00][sql] SELECT * FROM `jm_news_index` WHERE  `c_id` = 77  AND `id` < 169  AND `status` = 1 LIMIT 1 [ RunTime:0.001064s ]
[2024-01-13T05:39:08+08:00][sql] CONNECT:[ UseTime:0.000672s ] mysql:host=127.0.0.1;port=3306;dbname=www_fsqf_com;charset=utf8
[2024-01-13T05:39:08+08:00][sql] SHOW FULL COLUMNS FROM `jm_nav` [ RunTime:0.001664s ]
[2024-01-13T05:39:08+08:00][sql] SELECT * FROM `jm_nav` ORDER BY `sort` ASC [ RunTime:0.000517s ]
[2024-01-13T05:39:08+08:00][sql] SHOW FULL COLUMNS FROM `jm_browse_index` [ RunTime:0.001228s ]
[2024-01-13T05:39:08+08:00][sql] SHOW FULL COLUMNS FROM `jm_news_index` [ RunTime:0.001434s ]
[2024-01-13T05:39:08+08:00][sql] SELECT `c_id` FROM `jm_news_index` WHERE  `id` = 172 LIMIT 1 [ RunTime:0.000453s ]
[2024-01-13T05:39:08+08:00][sql] SELECT * FROM `jm_browse_index` WHERE  `ip` = '94.74.103.144' ORDER BY `id` DESC LIMIT 1 [ RunTime:0.002505s ]
[2024-01-13T05:39:08+08:00][sql] INSERT INTO `jm_browse_index` SET `cid` = 79 , `url` = '/show/172.html' , `ip` = '94.74.103.144' , `mark` = '000fe01014ea4d9c6a24ad653a663e1d' , `user_agent` = 'Mozilla/5.0 (Linux;u;Android 4.2.2;zh-cn;) AppleWebKit/534.46 (KHTML,like Gecko)Version/5.1 Mobile Safari/10600.6.3 (compatible; Baiduspider/2.0;+http://www.baidu.com/search/spider.html)' , `create_time` = '2024-01-13 05:39:08.800626' [ RunTime:0.000399s ]
[2024-01-13T05:39:08+08:00][sql] SELECT * FROM `jm_news_index` WHERE  `id` = 172 LIMIT 1 [ RunTime:0.000477s ]
[2024-01-13T05:39:08+08:00][sql] SHOW FULL COLUMNS FROM `jm_category` [ RunTime:0.001747s ]
[2024-01-13T05:39:08+08:00][sql] SELECT * FROM `jm_category` WHERE  `id` = 79 LIMIT 1 [ RunTime:0.000527s ]
[2024-01-13T05:39:08+08:00][sql] SELECT * FROM `jm_category` WHERE  `id` = 74 LIMIT 1 [ RunTime:0.000437s ]
[2024-01-13T05:39:08+08:00][sql] SHOW FULL COLUMNS FROM `jm_ad_index` [ RunTime:0.001514s ]
[2024-01-13T05:39:08+08:00][sql] SELECT * FROM `jm_ad_index` WHERE  `g_id` = 74 LIMIT 1 [ RunTime:0.000460s ]
[2024-01-13T05:39:08+08:00][sql] SELECT * FROM `jm_category` WHERE  `pid` = 74 [ RunTime:0.000342s ]
[2024-01-13T05:39:08+08:00][sql] SELECT * FROM `jm_news_index` WHERE  `c_id` = 79  AND `id` > 172  AND `status` = 1 LIMIT 1 [ RunTime:0.000468s ]
[2024-01-13T05:39:08+08:00][sql] SELECT * FROM `jm_news_index` WHERE  `c_id` = 79  AND `id` < 172  AND `status` = 1 LIMIT 1 [ RunTime:0.000452s ]
[2024-01-13T05:39:08+08:00][sql] CONNECT:[ UseTime:0.002211s ] mysql:host=127.0.0.1;port=3306;dbname=www_fsqf_com;charset=utf8
[2024-01-13T05:39:08+08:00][sql] SHOW FULL COLUMNS FROM `jm_nav` [ RunTime:0.001417s ]
[2024-01-13T05:39:08+08:00][sql] SELECT * FROM `jm_nav` ORDER BY `sort` ASC [ RunTime:0.000476s ]
[2024-01-13T05:39:08+08:00][sql] SHOW FULL COLUMNS FROM `jm_browse_index` [ RunTime:0.001226s ]
[2024-01-13T05:39:08+08:00][sql] SHOW FULL COLUMNS FROM `jm_news_index` [ RunTime:0.001365s ]
[2024-01-13T05:39:08+08:00][sql] SELECT `c_id` FROM `jm_news_index` WHERE  `id` = 176 LIMIT 1 [ RunTime:0.000413s ]
[2024-01-13T05:39:08+08:00][sql] SELECT * FROM `jm_browse_index` WHERE  `ip` = '159.138.61.3' ORDER BY `id` DESC LIMIT 1 [ RunTime:0.000494s ]
[2024-01-13T05:39:08+08:00][sql] INSERT INTO `jm_browse_index` SET `cid` = 78 , `url` = '/show/176.html' , `ip` = '159.138.61.3' , `mark` = '2881e77631e9e15f2f4777a398ab8e34' , `user_agent` = 'Mozilla/5.0 (Linux;u;Android 4.2.2;zh-cn;) AppleWebKit/534.46 (KHTML,like Gecko)Version/5.1 Mobile Safari/10600.6.3 (compatible; Baiduspider/2.0;+http://www.baidu.com/search/spider.html)' , `create_time` = '2024-01-13 05:39:08.800624' [ RunTime:0.000457s ]
[2024-01-13T05:39:08+08:00][sql] SELECT * FROM `jm_news_index` WHERE  `id` = 176 LIMIT 1 [ RunTime:0.000735s ]
[2024-01-13T05:39:08+08:00][sql] SHOW FULL COLUMNS FROM `jm_category` [ RunTime:0.003081s ]
[2024-01-13T05:39:08+08:00][sql] SELECT * FROM `jm_category` WHERE  `id` = 78 LIMIT 1 [ RunTime:0.000942s ]
[2024-01-13T05:39:08+08:00][sql] SELECT * FROM `jm_category` WHERE  `id` = 74 LIMIT 1 [ RunTime:0.000633s ]
[2024-01-13T05:39:08+08:00][sql] SHOW FULL COLUMNS FROM `jm_ad_index` [ RunTime:0.002465s ]
[2024-01-13T05:39:08+08:00][sql] SELECT * FROM `jm_ad_index` WHERE  `g_id` = 74 LIMIT 1 [ RunTime:0.000856s ]
[2024-01-13T05:39:08+08:00][sql] SELECT * FROM `jm_category` WHERE  `pid` = 74 [ RunTime:0.000620s ]
[2024-01-13T05:39:08+08:00][sql] SELECT * FROM `jm_news_index` WHERE  `c_id` = 78  AND `id` > 176  AND `status` = 1 LIMIT 1 [ RunTime:0.000881s ]
[2024-01-13T05:39:08+08:00][sql] SELECT * FROM `jm_news_index` WHERE  `c_id` = 78  AND `id` < 176  AND `status` = 1 LIMIT 1 [ RunTime:0.000802s ]
[2024-01-13T05:39:08+08:00][sql] CONNECT:[ UseTime:0.000608s ] mysql:host=127.0.0.1;port=3306;dbname=www_fsqf_com;charset=utf8
[2024-01-13T05:39:08+08:00][sql] SHOW FULL COLUMNS FROM `jm_nav` [ RunTime:0.001562s ]
[2024-01-13T05:39:08+08:00][sql] SELECT * FROM `jm_nav` ORDER BY `sort` ASC [ RunTime:0.000508s ]
[2024-01-13T05:39:08+08:00][sql] SHOW FULL COLUMNS FROM `jm_browse_index` [ RunTime:0.001374s ]
[2024-01-13T05:39:08+08:00][sql] SHOW FULL COLUMNS FROM `jm_news_index` [ RunTime:0.001471s ]
[2024-01-13T05:39:08+08:00][sql] SELECT `c_id` FROM `jm_news_index` WHERE  `id` = 175 LIMIT 1 [ RunTime:0.000464s ]
[2024-01-13T05:39:08+08:00][sql] SELECT * FROM `jm_browse_index` WHERE  `ip` = '159.138.35.28' ORDER BY `id` DESC LIMIT 1 [ RunTime:0.000461s ]
[2024-01-13T05:39:08+08:00][sql] INSERT INTO `jm_browse_index` SET `cid` = 79 , `url` = '/show/175.html' , `ip` = '159.138.35.28' , `mark` = '41c888667fcecf8e63ba0d8411480a31' , `user_agent` = 'Mozilla/5.0 (Linux;u;Android 4.2.2;zh-cn;) AppleWebKit/534.46 (KHTML,like Gecko)Version/5.1 Mobile Safari/10600.6.3 (compatible; Baiduspider/2.0;+http://www.baidu.com/search/spider.html)' , `create_time` = '2024-01-13 05:39:08.823841' [ RunTime:0.000395s ]
[2024-01-13T05:39:08+08:00][sql] SELECT * FROM `jm_news_index` WHERE  `id` = 175 LIMIT 1 [ RunTime:0.001035s ]
[2024-01-13T05:39:08+08:00][sql] SHOW FULL COLUMNS FROM `jm_category` [ RunTime:0.002797s ]
[2024-01-13T05:39:08+08:00][sql] SELECT * FROM `jm_category` WHERE  `id` = 79 LIMIT 1 [ RunTime:0.000904s ]
[2024-01-13T05:39:08+08:00][sql] SELECT * FROM `jm_category` WHERE  `id` = 74 LIMIT 1 [ RunTime:0.000706s ]
[2024-01-13T05:39:08+08:00][sql] SHOW FULL COLUMNS FROM `jm_ad_index` [ RunTime:0.002085s ]
[2024-01-13T05:39:08+08:00][sql] SELECT * FROM `jm_ad_index` WHERE  `g_id` = 74 LIMIT 1 [ RunTime:0.000541s ]
[2024-01-13T05:39:08+08:00][sql] SELECT * FROM `jm_category` WHERE  `pid` = 74 [ RunTime:0.000447s ]
[2024-01-13T05:39:08+08:00][sql] SELECT * FROM `jm_news_index` WHERE  `c_id` = 79  AND `id` > 175  AND `status` = 1 LIMIT 1 [ RunTime:0.000563s ]
[2024-01-13T05:39:08+08:00][sql] SELECT * FROM `jm_news_index` WHERE  `c_id` = 79  AND `id` < 175  AND `status` = 1 LIMIT 1 [ RunTime:0.000543s ]
[2024-01-13T05:39:08+08:00][sql] CONNECT:[ UseTime:0.000582s ] mysql:host=127.0.0.1;port=3306;dbname=www_fsqf_com;charset=utf8
[2024-01-13T05:39:08+08:00][sql] SHOW FULL COLUMNS FROM `jm_nav` [ RunTime:0.001575s ]
[2024-01-13T05:39:08+08:00][sql] SELECT * FROM `jm_nav` ORDER BY `sort` ASC [ RunTime:0.000505s ]
[2024-01-13T05:39:08+08:00][sql] SHOW FULL COLUMNS FROM `jm_browse_index` [ RunTime:0.001207s ]
[2024-01-13T05:39:08+08:00][sql] SHOW FULL COLUMNS FROM `jm_news_index` [ RunTime:0.001471s ]
[2024-01-13T05:39:08+08:00][sql] SELECT `c_id` FROM `jm_news_index` WHERE  `id` = 167 LIMIT 1 [ RunTime:0.000554s ]
[2024-01-13T05:39:08+08:00][sql] SELECT * FROM `jm_browse_index` WHERE  `ip` = '159.138.56.131' ORDER BY `id` DESC LIMIT 1 [ RunTime:0.000510s ]
[2024-01-13T05:39:08+08:00][sql] INSERT INTO `jm_browse_index` SET `cid` = 77 , `url` = '/show/167.html' , `ip` = '159.138.56.131' , `mark` = '3f9c876cf20748d63687874d33d082ae' , `user_agent` = 'Mozilla/5.0 (Linux;u;Android 4.2.2;zh-cn;) AppleWebKit/534.46 (KHTML,like Gecko)Version/5.1 Mobile Safari/10600.6.3 (compatible; Baiduspider/2.0;+http://www.baidu.com/search/spider.html)' , `create_time` = '2024-01-13 05:39:08.831528' [ RunTime:0.000460s ]
[2024-01-13T05:39:08+08:00][sql] SELECT * FROM `jm_news_index` WHERE  `id` = 167 LIMIT 1 [ RunTime:0.000667s ]
[2024-01-13T05:39:08+08:00][sql] SHOW FULL COLUMNS FROM `jm_category` [ RunTime:0.001484s ]
[2024-01-13T05:39:08+08:00][sql] SELECT * FROM `jm_category` WHERE  `id` = 77 LIMIT 1 [ RunTime:0.000460s ]
[2024-01-13T05:39:08+08:00][sql] SELECT * FROM `jm_category` WHERE  `id` = 74 LIMIT 1 [ RunTime:0.000284s ]
[2024-01-13T05:39:08+08:00][sql] SHOW FULL COLUMNS FROM `jm_ad_index` [ RunTime:0.001203s ]
[2024-01-13T05:39:08+08:00][sql] SELECT * FROM `jm_ad_index` WHERE  `g_id` = 74 LIMIT 1 [ RunTime:0.000342s ]
[2024-01-13T05:39:08+08:00][sql] SELECT * FROM `jm_category` WHERE  `pid` = 74 [ RunTime:0.000289s ]
[2024-01-13T05:39:08+08:00][sql] SELECT * FROM `jm_news_index` WHERE  `c_id` = 77  AND `id` > 167  AND `status` = 1 LIMIT 1 [ RunTime:0.000426s ]
[2024-01-13T05:39:08+08:00][sql] SELECT * FROM `jm_news_index` WHERE  `c_id` = 77  AND `id` < 167  AND `status` = 1 LIMIT 1 [ RunTime:0.000541s ]
[2024-01-13T05:39:08+08:00][sql] CONNECT:[ UseTime:0.000631s ] mysql:host=127.0.0.1;port=3306;dbname=www_fsqf_com;charset=utf8
[2024-01-13T05:39:08+08:00][sql] SHOW FULL COLUMNS FROM `jm_nav` [ RunTime:0.001770s ]
[2024-01-13T05:39:08+08:00][sql] SELECT * FROM `jm_nav` ORDER BY `sort` ASC [ RunTime:0.000507s ]
[2024-01-13T05:39:08+08:00][sql] SHOW FULL COLUMNS FROM `jm_browse_index` [ RunTime:0.001277s ]
[2024-01-13T05:39:08+08:00][sql] SHOW FULL COLUMNS FROM `jm_news_index` [ RunTime:0.001597s ]
[2024-01-13T05:39:08+08:00][sql] SELECT `c_id` FROM `jm_news_index` WHERE  `id` = 171 LIMIT 1 [ RunTime:0.000917s ]
[2024-01-13T05:39:08+08:00][sql] SELECT * FROM `jm_browse_index` WHERE  `ip` = '159.138.56.131' ORDER BY `id` DESC LIMIT 1 [ RunTime:0.000601s ]
[2024-01-13T05:39:08+08:00][sql] INSERT INTO `jm_browse_index` SET `cid` = 79 , `url` = '/show/171.html' , `ip` = '159.138.56.131' , `mark` = 'bb61551760efc84dc8e6fb8b2be5771a' , `user_agent` = 'Mozilla/5.0 (Linux;u;Android 4.2.2;zh-cn;) AppleWebKit/534.46 (KHTML,like Gecko)Version/5.1 Mobile Safari/10600.6.3 (compatible; Baiduspider/2.0;+http://www.baidu.com/search/spider.html)' , `create_time` = '2024-01-13 05:39:08.831720' [ RunTime:0.001742s ]
[2024-01-13T05:39:08+08:00][sql] SELECT * FROM `jm_news_index` WHERE  `id` = 171 LIMIT 1 [ RunTime:0.000608s ]
[2024-01-13T05:39:08+08:00][sql] SHOW FULL COLUMNS FROM `jm_category` [ RunTime:0.002763s ]
[2024-01-13T05:39:08+08:00][sql] SELECT * FROM `jm_category` WHERE  `id` = 79 LIMIT 1 [ RunTime:0.000575s ]
[2024-01-13T05:39:08+08:00][sql] SELECT * FROM `jm_category` WHERE  `id` = 74 LIMIT 1 [ RunTime:0.000358s ]
[2024-01-13T05:39:08+08:00][sql] SHOW FULL COLUMNS FROM `jm_ad_index` [ RunTime:0.001263s ]
[2024-01-13T05:39:08+08:00][sql] SELECT * FROM `jm_ad_index` WHERE  `g_id` = 74 LIMIT 1 [ RunTime:0.000396s ]
[2024-01-13T05:39:08+08:00][sql] SELECT * FROM `jm_category` WHERE  `pid` = 74 [ RunTime:0.000329s ]
[2024-01-13T05:39:08+08:00][sql] SELECT * FROM `jm_news_index` WHERE  `c_id` = 79  AND `id` > 171  AND `status` = 1 LIMIT 1 [ RunTime:0.000359s ]
[2024-01-13T05:39:08+08:00][sql] SELECT * FROM `jm_news_index` WHERE  `c_id` = 79  AND `id` < 171  AND `status` = 1 LIMIT 1 [ RunTime:0.000328s ]
[2024-01-13T05:39:08+08:00][sql] CONNECT:[ UseTime:0.002516s ] mysql:host=127.0.0.1;port=3306;dbname=www_fsqf_com;charset=utf8
[2024-01-13T05:39:08+08:00][sql] SHOW FULL COLUMNS FROM `jm_nav` [ RunTime:0.001969s ]
[2024-01-13T05:39:08+08:00][sql] SELECT * FROM `jm_nav` ORDER BY `sort` ASC [ RunTime:0.000618s ]
[2024-01-13T05:39:08+08:00][sql] SHOW FULL COLUMNS FROM `jm_browse_index` [ RunTime:0.001582s ]
[2024-01-13T05:39:08+08:00][sql] SHOW FULL COLUMNS FROM `jm_news_index` [ RunTime:0.001797s ]
[2024-01-13T05:39:08+08:00][sql] SELECT `c_id` FROM `jm_news_index` WHERE  `id` = 174 LIMIT 1 [ RunTime:0.000523s ]
[2024-01-13T05:39:08+08:00][sql] SELECT * FROM `jm_browse_index` WHERE  `ip` = '159.138.61.3' ORDER BY `id` DESC LIMIT 1 [ RunTime:0.000544s ]
[2024-01-13T05:39:08+08:00][sql] INSERT INTO `jm_browse_index` SET `cid` = 79 , `url` = '/show/174.html' , `ip` = '159.138.61.3' , `mark` = '91f44de5f26d7da2698518e6d22aac0a' , `user_agent` = 'Mozilla/5.0 (Linux;u;Android 4.2.2;zh-cn;) AppleWebKit/534.46 (KHTML,like Gecko)Version/5.1 Mobile Safari/10600.6.3 (compatible; Baiduspider/2.0;+http://www.baidu.com/search/spider.html)' , `create_time` = '2024-01-13 05:39:08.846587' [ RunTime:0.000399s ]
[2024-01-13T05:39:08+08:00][sql] SELECT * FROM `jm_news_index` WHERE  `id` = 174 LIMIT 1 [ RunTime:0.000593s ]
[2024-01-13T05:39:08+08:00][sql] SHOW FULL COLUMNS FROM `jm_category` [ RunTime:0.001671s ]
[2024-01-13T05:39:08+08:00][sql] SELECT * FROM `jm_category` WHERE  `id` = 79 LIMIT 1 [ RunTime:0.000585s ]
[2024-01-13T05:39:08+08:00][sql] SELECT * FROM `jm_category` WHERE  `id` = 74 LIMIT 1 [ RunTime:0.000418s ]
[2024-01-13T05:39:08+08:00][sql] SHOW FULL COLUMNS FROM `jm_ad_index` [ RunTime:0.001571s ]
[2024-01-13T05:39:08+08:00][sql] SELECT * FROM `jm_ad_index` WHERE  `g_id` = 74 LIMIT 1 [ RunTime:0.000546s ]
[2024-01-13T05:39:08+08:00][sql] SELECT * FROM `jm_category` WHERE  `pid` = 74 [ RunTime:0.000443s ]
[2024-01-13T05:39:08+08:00][sql] SELECT * FROM `jm_news_index` WHERE  `c_id` = 79  AND `id` > 174  AND `status` = 1 LIMIT 1 [ RunTime:0.000557s ]
[2024-01-13T05:39:08+08:00][sql] SELECT * FROM `jm_news_index` WHERE  `c_id` = 79  AND `id` < 174  AND `status` = 1 LIMIT 1 [ RunTime:0.000422s ]
[2024-01-13T06:20:22+08:00][sql] CONNECT:[ UseTime:0.001046s ] mysql:host=127.0.0.1;port=3306;dbname=www_fsqf_com;charset=utf8
[2024-01-13T06:20:22+08:00][sql] SHOW FULL COLUMNS FROM `jm_nav` [ RunTime:0.003100s ]
[2024-01-13T06:20:22+08:00][sql] SELECT * FROM `jm_nav` ORDER BY `sort` ASC [ RunTime:0.001154s ]
[2024-01-13T06:20:22+08:00][sql] SHOW FULL COLUMNS FROM `jm_browse_index` [ RunTime:0.001577s ]
[2024-01-13T06:20:22+08:00][sql] SELECT * FROM `jm_browse_index` WHERE  `ip` = '124.71.166.204' ORDER BY `id` DESC LIMIT 1 [ RunTime:0.000745s ]
[2024-01-13T06:20:22+08:00][sql] INSERT INTO `jm_browse_index` SET `cid` = 0 , `url` = '/' , `ip` = '124.71.166.204' , `mark` = '3e776132f277f365f66b0fb1a8625caf' , `user_agent` = 'Mozilla/5.0 (Windows NT 8.6; Win64; x64) AppleWebKit/537.36 (KHTML, like Gecko) Chrome/76.0.3671.88 Safari/537.36' , `create_time` = '2024-01-13 06:20:22.674701' [ RunTime:0.000443s ]
[2024-01-13T06:20:22+08:00][sql] SHOW FULL COLUMNS FROM `jm_news_index` [ RunTime:0.003125s ]
[2024-01-13T06:20:22+08:00][sql] SELECT * FROM `jm_news_index` WHERE  `c_id` = 78  AND `status` = 1 ORDER BY `create_time` DESC LIMIT 5 [ RunTime:0.001343s ]
[2024-01-13T06:20:22+08:00][sql] SELECT * FROM `jm_news_index` WHERE  `c_id` = 79  AND `status` = 1 ORDER BY `create_time` DESC LIMIT 5 [ RunTime:0.001041s ]
[2024-01-13T06:20:22+08:00][sql] SELECT * FROM `jm_news_index` WHERE  `c_id` = 77  AND `status` = 1 ORDER BY `create_time` DESC LIMIT 5 [ RunTime:0.000937s ]
[2024-01-13T06:20:22+08:00][sql] CONNECT:[ UseTime:0.000957s ] mysql:host=127.0.0.1;port=3306;dbname=www_fsqf_com;charset=utf8
[2024-01-13T06:20:22+08:00][sql] SHOW FULL COLUMNS FROM `jm_nav` [ RunTime:0.002753s ]
[2024-01-13T06:20:22+08:00][sql] SELECT * FROM `jm_nav` ORDER BY `sort` ASC [ RunTime:0.000745s ]
[2024-01-13T06:20:22+08:00][sql] SHOW FULL COLUMNS FROM `jm_browse_index` [ RunTime:0.002007s ]
[2024-01-13T06:20:22+08:00][sql] SELECT * FROM `jm_browse_index` WHERE  `ip` = '124.71.166.204' ORDER BY `id` DESC LIMIT 1 [ RunTime:0.000506s ]
[2024-01-13T06:20:22+08:00][sql] INSERT INTO `jm_browse_index` SET `cid` = 0 , `url` = '/page/2.html' , `ip` = '124.71.166.204' , `mark` = 'd4cba7a3e3240d3fdba81097ccd94fab' , `user_agent` = 'Mozilla/5.0 (Windows NT 9.9; Win64; x64) AppleWebKit/537.36 (KHTML, like Gecko) Chrome/74.0.2768.88 Safari/537.36' , `create_time` = '2024-01-13 06:20:22.801996' [ RunTime:0.000395s ]
[2024-01-13T06:20:22+08:00][sql] SHOW FULL COLUMNS FROM `jm_page_index` [ RunTime:0.002175s ]
[2024-01-13T06:20:22+08:00][sql] SELECT * FROM `jm_page_index` WHERE  `id` = 2 LIMIT 1 [ RunTime:0.000861s ]
[2024-01-13T06:20:22+08:00][sql] SHOW FULL COLUMNS FROM `jm_category` [ RunTime:0.002214s ]
[2024-01-13T06:20:22+08:00][sql] SELECT * FROM `jm_category` WHERE  `id` = 75 LIMIT 1 [ RunTime:0.001094s ]
[2024-01-13T06:20:22+08:00][sql] SELECT * FROM `jm_category` WHERE  `id` = 0 LIMIT 1 [ RunTime:0.000520s ]
[2024-01-13T06:20:22+08:00][sql] SHOW FULL COLUMNS FROM `jm_ad_index` [ RunTime:0.002075s ]
[2024-01-13T06:20:22+08:00][sql] SELECT * FROM `jm_ad_index` WHERE  `g_id` = 75 LIMIT 1 [ RunTime:0.000780s ]
[2024-01-13T06:20:22+08:00][sql] SELECT `id` FROM `jm_page_index` WHERE  `c_id` = 75 LIMIT 1 [ RunTime:0.000531s ]
[2024-01-13T06:20:22+08:00][sql] SELECT * FROM `jm_category` WHERE  `pid` = 75 [ RunTime:0.000662s ]
[2024-01-13T06:20:22+08:00][sql] SELECT * FROM `jm_page_index` WHERE  `c_id` = 76 ORDER BY `sort` ASC [ RunTime:0.000692s ]
[2024-01-13T09:33:02+08:00][sql] CONNECT:[ UseTime:0.001051s ] mysql:host=127.0.0.1;port=3306;dbname=www_fsqf_com;charset=utf8
[2024-01-13T09:33:02+08:00][sql] SHOW FULL COLUMNS FROM `jm_nav` [ RunTime:0.002410s ]
[2024-01-13T09:33:02+08:00][sql] SELECT * FROM `jm_nav` ORDER BY `sort` ASC [ RunTime:0.000954s ]
[2024-01-13T09:33:02+08:00][sql] SHOW FULL COLUMNS FROM `jm_browse_index` [ RunTime:0.002087s ]
[2024-01-13T09:33:02+08:00][sql] SHOW FULL COLUMNS FROM `jm_news_index` [ RunTime:0.002288s ]
[2024-01-13T09:33:02+08:00][sql] SELECT `c_id` FROM `jm_news_index` WHERE  `id` = 176 LIMIT 1 [ RunTime:0.000657s ]
[2024-01-13T09:33:02+08:00][sql] SELECT * FROM `jm_browse_index` WHERE  `ip` = '39.173.107.80' ORDER BY `id` DESC LIMIT 1 [ RunTime:0.003143s ]
[2024-01-13T09:33:02+08:00][sql] INSERT INTO `jm_browse_index` SET `cid` = 78 , `url` = '/show/176.html' , `ip` = '39.173.107.80' , `mark` = '684aaefbde9a1ee4f06c9b8499175158' , `user_agent` = 'Mozilla/5.0 (Windows NT 6.1; Win64; x64) AppleWebKit/537.36 (KHTML, like Gecko) Chrome/69.0.3497.81 YisouSpider/5.0 Safari/537.36' , `create_time` = '2024-01-13 09:33:02.254805' [ RunTime:0.000426s ]
[2024-01-13T09:33:02+08:00][sql] SELECT * FROM `jm_news_index` WHERE  `id` = 176 LIMIT 1 [ RunTime:0.000606s ]
[2024-01-13T09:33:02+08:00][sql] SHOW FULL COLUMNS FROM `jm_category` [ RunTime:0.002916s ]
[2024-01-13T09:33:02+08:00][sql] SELECT * FROM `jm_category` WHERE  `id` = 78 LIMIT 1 [ RunTime:0.001052s ]
[2024-01-13T09:33:02+08:00][sql] SELECT * FROM `jm_category` WHERE  `id` = 74 LIMIT 1 [ RunTime:0.000427s ]
[2024-01-13T09:33:02+08:00][sql] SHOW FULL COLUMNS FROM `jm_ad_index` [ RunTime:0.002387s ]
[2024-01-13T09:33:02+08:00][sql] SELECT * FROM `jm_ad_index` WHERE  `g_id` = 74 LIMIT 1 [ RunTime:0.000962s ]
[2024-01-13T09:33:02+08:00][sql] SELECT * FROM `jm_category` WHERE  `pid` = 74 [ RunTime:0.000572s ]
[2024-01-13T09:33:02+08:00][sql] SELECT * FROM `jm_news_index` WHERE  `c_id` = 78  AND `id` > 176  AND `status` = 1 LIMIT 1 [ RunTime:0.000756s ]
[2024-01-13T09:33:02+08:00][sql] SELECT * FROM `jm_news_index` WHERE  `c_id` = 78  AND `id` < 176  AND `status` = 1 LIMIT 1 [ RunTime:0.000470s ]
[2024-01-13T09:50:20+08:00][sql] CONNECT:[ UseTime:0.000985s ] mysql:host=127.0.0.1;port=3306;dbname=www_fsqf_com;charset=utf8
[2024-01-13T09:50:20+08:00][sql] SHOW FULL COLUMNS FROM `jm_nav` [ RunTime:0.001859s ]
[2024-01-13T09:50:20+08:00][sql] SELECT * FROM `jm_nav` ORDER BY `sort` ASC [ RunTime:0.000644s ]
[2024-01-13T09:50:20+08:00][sql] SHOW FULL COLUMNS FROM `jm_browse_index` [ RunTime:0.001569s ]
[2024-01-13T09:50:20+08:00][sql] SHOW FULL COLUMNS FROM `jm_news_index` [ RunTime:0.001746s ]
[2024-01-13T09:50:20+08:00][sql] SELECT `c_id` FROM `jm_news_index` WHERE  `id` = 175 LIMIT 1 [ RunTime:0.000642s ]
[2024-01-13T09:50:20+08:00][sql] SELECT * FROM `jm_browse_index` WHERE  `ip` = '60.188.11.100' ORDER BY `id` DESC LIMIT 1 [ RunTime:0.003413s ]
[2024-01-13T09:50:20+08:00][sql] INSERT INTO `jm_browse_index` SET `cid` = 79 , `url` = '/show/175.html' , `ip` = '60.188.11.100' , `mark` = '2c24e7ef6bc3b281f4ac7c80a36795f1' , `user_agent` = 'Mozilla/5.0 (Windows NT 6.1; Win64; x64) AppleWebKit/537.36 (KHTML, like Gecko) Chrome/69.0.3497.81 YisouSpider/5.0 Safari/537.36' , `create_time` = '2024-01-13 09:50:20.380048' [ RunTime:0.000525s ]
[2024-01-13T09:50:20+08:00][sql] SELECT * FROM `jm_news_index` WHERE  `id` = 175 LIMIT 1 [ RunTime:0.001023s ]
[2024-01-13T09:50:20+08:00][sql] SHOW FULL COLUMNS FROM `jm_category` [ RunTime:0.003574s ]
[2024-01-13T09:50:20+08:00][sql] SELECT * FROM `jm_category` WHERE  `id` = 79 LIMIT 1 [ RunTime:0.001229s ]
[2024-01-13T09:50:20+08:00][sql] SELECT * FROM `jm_category` WHERE  `id` = 74 LIMIT 1 [ RunTime:0.000571s ]
[2024-01-13T09:50:20+08:00][sql] SHOW FULL COLUMNS FROM `jm_ad_index` [ RunTime:0.002701s ]
[2024-01-13T09:50:20+08:00][sql] SELECT * FROM `jm_ad_index` WHERE  `g_id` = 74 LIMIT 1 [ RunTime:0.000733s ]
[2024-01-13T09:50:20+08:00][sql] SELECT * FROM `jm_category` WHERE  `pid` = 74 [ RunTime:0.000435s ]
[2024-01-13T09:50:20+08:00][sql] SELECT * FROM `jm_news_index` WHERE  `c_id` = 79  AND `id` > 175  AND `status` = 1 LIMIT 1 [ RunTime:0.000565s ]
[2024-01-13T09:50:20+08:00][sql] SELECT * FROM `jm_news_index` WHERE  `c_id` = 79  AND `id` < 175  AND `status` = 1 LIMIT 1 [ RunTime:0.000575s ]
[2024-01-13T15:38:37+08:00][sql] CONNECT:[ UseTime:0.000809s ] mysql:host=127.0.0.1;port=3306;dbname=www_fsqf_com;charset=utf8
[2024-01-13T15:38:37+08:00][sql] SHOW FULL COLUMNS FROM `jm_nav` [ RunTime:0.001696s ]
[2024-01-13T15:38:37+08:00][sql] SELECT * FROM `jm_nav` ORDER BY `sort` ASC [ RunTime:0.000696s ]
[2024-01-13T15:38:37+08:00][sql] SHOW FULL COLUMNS FROM `jm_browse_index` [ RunTime:0.001338s ]
[2024-01-13T15:38:37+08:00][sql] SELECT * FROM `jm_browse_index` WHERE  `ip` = '123.180.69.143' ORDER BY `id` DESC LIMIT 1 [ RunTime:0.002793s ]
[2024-01-13T15:38:37+08:00][sql] INSERT INTO `jm_browse_index` SET `cid` = 0 , `url` = '/' , `ip` = '123.180.69.143' , `mark` = '7dc2d864bf7389b34b4f2ff821c2f207' , `user_agent` = 'Mozilla/5.0 (Windows NT 10.0; Win64; x64) AppleWebKit/537.36 (KHTML, like Gecko) Chrome/53.0.2785.143 Safari/537.36' , `create_time` = '2024-01-13 15:38:37.621367' [ RunTime:0.000820s ]
[2024-01-13T15:38:37+08:00][sql] SHOW FULL COLUMNS FROM `jm_news_index` [ RunTime:0.001853s ]
[2024-01-13T15:38:37+08:00][sql] SELECT * FROM `jm_news_index` WHERE  `c_id` = 78  AND `status` = 1 ORDER BY `create_time` DESC LIMIT 5 [ RunTime:0.001285s ]
[2024-01-13T15:38:37+08:00][sql] SELECT * FROM `jm_news_index` WHERE  `c_id` = 79  AND `status` = 1 ORDER BY `create_time` DESC LIMIT 5 [ RunTime:0.000864s ]
[2024-01-13T15:38:37+08:00][sql] SELECT * FROM `jm_news_index` WHERE  `c_id` = 77  AND `status` = 1 ORDER BY `create_time` DESC LIMIT 5 [ RunTime:0.000778s ]
[2024-01-13T15:38:39+08:00][sql] CONNECT:[ UseTime:0.000687s ] mysql:host=127.0.0.1;port=3306;dbname=www_fsqf_com;charset=utf8
[2024-01-13T15:38:39+08:00][sql] SHOW FULL COLUMNS FROM `jm_nav` [ RunTime:0.001567s ]
[2024-01-13T15:38:39+08:00][sql] SELECT * FROM `jm_nav` ORDER BY `sort` ASC [ RunTime:0.000503s ]
[2024-01-13T15:38:39+08:00][sql] SHOW FULL COLUMNS FROM `jm_browse_index` [ RunTime:0.001263s ]
[2024-01-13T15:38:39+08:00][sql] SELECT * FROM `jm_browse_index` WHERE  `ip` = '180.107.185.179' ORDER BY `id` DESC LIMIT 1 [ RunTime:0.003079s ]
[2024-01-13T15:38:39+08:00][sql] INSERT INTO `jm_browse_index` SET `cid` = 0 , `url` = '/' , `ip` = '180.107.185.179' , `mark` = '8cb3de2ea50f6538c55d2123300331e2' , `user_agent` = 'Mozilla/5.0 (Windows NT 10.0; Win64; x64) AppleWebKit/537.36 (KHTML, like Gecko) Chrome/53.0.2785.143 Safari/537.36' , `create_time` = '2024-01-13 15:38:39.553743' [ RunTime:0.000442s ]
[2024-01-13T15:38:39+08:00][sql] SHOW FULL COLUMNS FROM `jm_news_index` [ RunTime:0.002874s ]
[2024-01-13T15:38:39+08:00][sql] SELECT * FROM `jm_news_index` WHERE  `c_id` = 78  AND `status` = 1 ORDER BY `create_time` DESC LIMIT 5 [ RunTime:0.001511s ]
[2024-01-13T15:38:39+08:00][sql] SELECT * FROM `jm_news_index` WHERE  `c_id` = 79  AND `status` = 1 ORDER BY `create_time` DESC LIMIT 5 [ RunTime:0.001307s ]
[2024-01-13T15:38:39+08:00][sql] SELECT * FROM `jm_news_index` WHERE  `c_id` = 77  AND `status` = 1 ORDER BY `create_time` DESC LIMIT 5 [ RunTime:0.000785s ]
[2024-01-13T15:39:35+08:00][sql] CONNECT:[ UseTime:0.000940s ] mysql:host=127.0.0.1;port=3306;dbname=www_fsqf_com;charset=utf8
[2024-01-13T15:39:35+08:00][sql] SHOW FULL COLUMNS FROM `jm_nav` [ RunTime:0.002434s ]
[2024-01-13T15:39:35+08:00][sql] SELECT * FROM `jm_nav` ORDER BY `sort` ASC [ RunTime:0.000660s ]
[2024-01-13T15:39:35+08:00][sql] SHOW FULL COLUMNS FROM `jm_browse_index` [ RunTime:0.001399s ]
[2024-01-13T15:39:35+08:00][sql] SELECT * FROM `jm_browse_index` WHERE  `ip` = '123.180.69.143' ORDER BY `id` DESC LIMIT 1 [ RunTime:0.000570s ]
[2024-01-13T15:39:35+08:00][sql] INSERT INTO `jm_browse_index` SET `cid` = 0 , `url` = '/page/2.html' , `ip` = '123.180.69.143' , `mark` = '0fa4deed087d6d90270ab0c89d84e845' , `user_agent` = 'Mozilla/5.0 (Windows NT 10.0; Win64; x64) AppleWebKit/537.36 (KHTML, like Gecko) Chrome/53.0.2785.143 Safari/537.36' , `create_time` = '2024-01-13 15:39:35.909169' [ RunTime:0.000409s ]
[2024-01-13T15:39:35+08:00][sql] SHOW FULL COLUMNS FROM `jm_page_index` [ RunTime:0.002062s ]
[2024-01-13T15:39:35+08:00][sql] SELECT * FROM `jm_page_index` WHERE  `id` = 2 LIMIT 1 [ RunTime:0.000998s ]
[2024-01-13T15:39:35+08:00][sql] SHOW FULL COLUMNS FROM `jm_category` [ RunTime:0.002024s ]
[2024-01-13T15:39:35+08:00][sql] SELECT * FROM `jm_category` WHERE  `id` = 75 LIMIT 1 [ RunTime:0.000789s ]
[2024-01-13T15:39:35+08:00][sql] SELECT * FROM `jm_category` WHERE  `id` = 0 LIMIT 1 [ RunTime:0.000433s ]
[2024-01-13T15:39:35+08:00][sql] SHOW FULL COLUMNS FROM `jm_ad_index` [ RunTime:0.001615s ]
[2024-01-13T15:39:35+08:00][sql] SELECT * FROM `jm_ad_index` WHERE  `g_id` = 75 LIMIT 1 [ RunTime:0.000648s ]
[2024-01-13T15:39:35+08:00][sql] SELECT `id` FROM `jm_page_index` WHERE  `c_id` = 75 LIMIT 1 [ RunTime:0.000386s ]
[2024-01-13T15:39:35+08:00][sql] SELECT * FROM `jm_category` WHERE  `pid` = 75 [ RunTime:0.000362s ]
[2024-01-13T15:39:35+08:00][sql] SELECT * FROM `jm_page_index` WHERE  `c_id` = 76 ORDER BY `sort` ASC [ RunTime:0.000453s ]
[2024-01-13T15:39:35+08:00][sql] CONNECT:[ UseTime:0.000599s ] mysql:host=127.0.0.1;port=3306;dbname=www_fsqf_com;charset=utf8
[2024-01-13T15:39:35+08:00][sql] SHOW FULL COLUMNS FROM `jm_nav` [ RunTime:0.001342s ]
[2024-01-13T15:39:35+08:00][sql] SELECT * FROM `jm_nav` ORDER BY `sort` ASC [ RunTime:0.000459s ]
[2024-01-13T15:39:35+08:00][sql] SHOW FULL COLUMNS FROM `jm_browse_index` [ RunTime:0.001325s ]
[2024-01-13T15:39:35+08:00][sql] SELECT * FROM `jm_browse_index` WHERE  `ip` = '123.180.69.143' ORDER BY `id` DESC LIMIT 1 [ RunTime:0.000499s ]
[2024-01-13T15:39:35+08:00][sql] SHOW FULL COLUMNS FROM `jm_page_index` [ RunTime:0.001177s ]
[2024-01-13T15:39:35+08:00][sql] SELECT * FROM `jm_page_index` WHERE  `id` = 2 LIMIT 1 [ RunTime:0.000399s ]
[2024-01-13T15:39:35+08:00][sql] SHOW FULL COLUMNS FROM `jm_category` [ RunTime:0.001292s ]
[2024-01-13T15:39:35+08:00][sql] SELECT * FROM `jm_category` WHERE  `id` = 75 LIMIT 1 [ RunTime:0.000428s ]
[2024-01-13T15:39:35+08:00][sql] SELECT * FROM `jm_category` WHERE  `id` = 0 LIMIT 1 [ RunTime:0.000235s ]
[2024-01-13T15:39:35+08:00][sql] SHOW FULL COLUMNS FROM `jm_ad_index` [ RunTime:0.001250s ]
[2024-01-13T15:39:35+08:00][sql] SELECT * FROM `jm_ad_index` WHERE  `g_id` = 75 LIMIT 1 [ RunTime:0.000449s ]
[2024-01-13T15:39:35+08:00][sql] SELECT `id` FROM `jm_page_index` WHERE  `c_id` = 75 LIMIT 1 [ RunTime:0.000354s ]
[2024-01-13T15:39:35+08:00][sql] SELECT * FROM `jm_category` WHERE  `pid` = 75 [ RunTime:0.000356s ]
[2024-01-13T15:39:35+08:00][sql] SELECT * FROM `jm_page_index` WHERE  `c_id` = 76 ORDER BY `sort` ASC [ RunTime:0.000347s ]
[2024-01-13T15:39:35+08:00][sql] CONNECT:[ UseTime:0.000524s ] mysql:host=127.0.0.1;port=3306;dbname=www_fsqf_com;charset=utf8
[2024-01-13T15:39:35+08:00][sql] SHOW FULL COLUMNS FROM `jm_nav` [ RunTime:0.001437s ]
[2024-01-13T15:39:35+08:00][sql] SELECT * FROM `jm_nav` ORDER BY `sort` ASC [ RunTime:0.000521s ]
[2024-01-13T15:39:35+08:00][sql] SHOW FULL COLUMNS FROM `jm_browse_index` [ RunTime:0.001272s ]
[2024-01-13T15:39:35+08:00][sql] SELECT * FROM `jm_browse_index` WHERE  `ip` = '123.180.69.143' ORDER BY `id` DESC LIMIT 1 [ RunTime:0.000474s ]
[2024-01-13T15:39:35+08:00][sql] INSERT INTO `jm_browse_index` SET `cid` = 0 , `url` = '/' , `ip` = '123.180.69.143' , `mark` = '7dc2d864bf7389b34b4f2ff821c2f207' , `user_agent` = 'Mozilla/5.0 (Windows NT 10.0; Win64; x64) AppleWebKit/537.36 (KHTML, like Gecko) Chrome/53.0.2785.143 Safari/537.36' , `create_time` = '2024-01-13 15:39:35.929443' [ RunTime:0.000373s ]
[2024-01-13T15:39:35+08:00][sql] SHOW FULL COLUMNS FROM `jm_news_index` [ RunTime:0.001416s ]
[2024-01-13T15:39:35+08:00][sql] SELECT * FROM `jm_news_index` WHERE  `c_id` = 78  AND `status` = 1 ORDER BY `create_time` DESC LIMIT 5 [ RunTime:0.000595s ]
[2024-01-13T15:39:35+08:00][sql] SELECT * FROM `jm_news_index` WHERE  `c_id` = 79  AND `status` = 1 ORDER BY `create_time` DESC LIMIT 5 [ RunTime:0.000661s ]
[2024-01-13T15:39:35+08:00][sql] SELECT * FROM `jm_news_index` WHERE  `c_id` = 77  AND `status` = 1 ORDER BY `create_time` DESC LIMIT 5 [ RunTime:0.000572s ]
[2024-01-13T15:39:35+08:00][sql] CONNECT:[ UseTime:0.000602s ] mysql:host=127.0.0.1;port=3306;dbname=www_fsqf_com;charset=utf8
[2024-01-13T15:39:35+08:00][sql] SHOW FULL COLUMNS FROM `jm_nav` [ RunTime:0.001950s ]
[2024-01-13T15:39:35+08:00][sql] SELECT * FROM `jm_nav` ORDER BY `sort` ASC [ RunTime:0.000578s ]
[2024-01-13T15:39:35+08:00][sql] SHOW FULL COLUMNS FROM `jm_browse_index` [ RunTime:0.001673s ]
[2024-01-13T15:39:35+08:00][sql] SELECT * FROM `jm_browse_index` WHERE  `ip` = '123.180.69.143' ORDER BY `id` DESC LIMIT 1 [ RunTime:0.000602s ]
[2024-01-13T15:39:35+08:00][sql] INSERT INTO `jm_browse_index` SET `cid` = 0 , `url` = '/page/1.html' , `ip` = '123.180.69.143' , `mark` = '622e26ca75491c4b2ac729e73306b2e8' , `user_agent` = 'Mozilla/5.0 (Windows NT 10.0; Win64; x64) AppleWebKit/537.36 (KHTML, like Gecko) Chrome/53.0.2785.143 Safari/537.36' , `create_time` = '2024-01-13 15:39:35.947824' [ RunTime:0.000542s ]
[2024-01-13T15:39:35+08:00][sql] SHOW FULL COLUMNS FROM `jm_page_index` [ RunTime:0.001751s ]
[2024-01-13T15:39:35+08:00][sql] SELECT * FROM `jm_page_index` WHERE  `id` = 1 LIMIT 1 [ RunTime:0.000440s ]
[2024-01-13T15:39:35+08:00][sql] SHOW FULL COLUMNS FROM `jm_category` [ RunTime:0.001176s ]
[2024-01-13T15:39:35+08:00][sql] SELECT * FROM `jm_category` WHERE  `id` = 52 LIMIT 1 [ RunTime:0.000370s ]
[2024-01-13T15:39:35+08:00][sql] SELECT * FROM `jm_category` WHERE  `id` = 0 LIMIT 1 [ RunTime:0.000200s ]
[2024-01-13T15:39:35+08:00][sql] SHOW FULL COLUMNS FROM `jm_ad_index` [ RunTime:0.001226s ]
[2024-01-13T15:39:35+08:00][sql] SELECT * FROM `jm_ad_index` WHERE  `g_id` = 52 LIMIT 1 [ RunTime:0.000421s ]
[2024-01-13T15:39:35+08:00][sql] SELECT `id` FROM `jm_page_index` WHERE  `c_id` = 52 LIMIT 1 [ RunTime:0.000263s ]
[2024-01-13T15:39:35+08:00][sql] SELECT * FROM `jm_category` WHERE  `pid` = 52 [ RunTime:0.000329s ]
[2024-01-13T15:39:35+08:00][sql] SELECT * FROM `jm_page_index` WHERE  `c_id` = 76 ORDER BY `sort` ASC [ RunTime:0.000336s ]
[2024-01-13T15:39:35+08:00][sql] CONNECT:[ UseTime:0.000687s ] mysql:host=127.0.0.1;port=3306;dbname=www_fsqf_com;charset=utf8
[2024-01-13T15:39:35+08:00][sql] SHOW FULL COLUMNS FROM `jm_nav` [ RunTime:0.002297s ]
[2024-01-13T15:39:35+08:00][sql] SELECT * FROM `jm_nav` ORDER BY `sort` ASC [ RunTime:0.000877s ]
[2024-01-13T15:39:35+08:00][sql] SHOW FULL COLUMNS FROM `jm_browse_index` [ RunTime:0.001623s ]
[2024-01-13T15:39:35+08:00][sql] SELECT * FROM `jm_browse_index` WHERE  `ip` = '180.107.185.179' ORDER BY `id` DESC LIMIT 1 [ RunTime:0.000602s ]
[2024-01-13T15:39:35+08:00][sql] SHOW FULL COLUMNS FROM `jm_news_index` [ RunTime:0.001636s ]
[2024-01-13T15:39:35+08:00][sql] SELECT * FROM `jm_news_index` WHERE  `c_id` = 78  AND `status` = 1 ORDER BY `create_time` DESC LIMIT 5 [ RunTime:0.000716s ]
[2024-01-13T15:39:35+08:00][sql] SELECT * FROM `jm_news_index` WHERE  `c_id` = 79  AND `status` = 1 ORDER BY `create_time` DESC LIMIT 5 [ RunTime:0.000718s ]
[2024-01-13T15:39:35+08:00][sql] SELECT * FROM `jm_news_index` WHERE  `c_id` = 77  AND `status` = 1 ORDER BY `create_time` DESC LIMIT 5 [ RunTime:0.000638s ]
[2024-01-13T15:39:36+08:00][sql] CONNECT:[ UseTime:0.000916s ] mysql:host=127.0.0.1;port=3306;dbname=www_fsqf_com;charset=utf8
[2024-01-13T15:39:36+08:00][sql] SHOW FULL COLUMNS FROM `jm_nav` [ RunTime:0.003307s ]
[2024-01-13T15:39:36+08:00][sql] SELECT * FROM `jm_nav` ORDER BY `sort` ASC [ RunTime:0.000864s ]
[2024-01-13T15:39:36+08:00][sql] SHOW FULL COLUMNS FROM `jm_browse_index` [ RunTime:0.001303s ]
[2024-01-13T15:39:36+08:00][sql] SELECT * FROM `jm_browse_index` WHERE  `ip` = '180.107.185.179' ORDER BY `id` DESC LIMIT 1 [ RunTime:0.000411s ]
[2024-01-13T15:39:36+08:00][sql] INSERT INTO `jm_browse_index` SET `cid` = 0 , `url` = '/page/2.html' , `ip` = '180.107.185.179' , `mark` = '8a575c0128e75b7572e349c16ba4e62b' , `user_agent` = 'Mozilla/5.0 (Windows NT 10.0; Win64; x64) AppleWebKit/537.36 (KHTML, like Gecko) Chrome/53.0.2785.143 Safari/537.36' , `create_time` = '2024-01-13 15:39:36.038589' [ RunTime:0.000390s ]
[2024-01-13T15:39:36+08:00][sql] SHOW FULL COLUMNS FROM `jm_page_index` [ RunTime:0.001477s ]
[2024-01-13T15:39:36+08:00][sql] SELECT * FROM `jm_page_index` WHERE  `id` = 2 LIMIT 1 [ RunTime:0.000527s ]
[2024-01-13T15:39:36+08:00][sql] SHOW FULL COLUMNS FROM `jm_category` [ RunTime:0.001605s ]
[2024-01-13T15:39:36+08:00][sql] SELECT * FROM `jm_category` WHERE  `id` = 75 LIMIT 1 [ RunTime:0.000519s ]
[2024-01-13T15:39:36+08:00][sql] SELECT * FROM `jm_category` WHERE  `id` = 0 LIMIT 1 [ RunTime:0.000294s ]
[2024-01-13T15:39:36+08:00][sql] SHOW FULL COLUMNS FROM `jm_ad_index` [ RunTime:0.001262s ]
[2024-01-13T15:39:36+08:00][sql] SELECT * FROM `jm_ad_index` WHERE  `g_id` = 75 LIMIT 1 [ RunTime:0.000463s ]
[2024-01-13T15:39:36+08:00][sql] SELECT `id` FROM `jm_page_index` WHERE  `c_id` = 75 LIMIT 1 [ RunTime:0.000245s ]
[2024-01-13T15:39:36+08:00][sql] SELECT * FROM `jm_category` WHERE  `pid` = 75 [ RunTime:0.000308s ]
[2024-01-13T15:39:36+08:00][sql] SELECT * FROM `jm_page_index` WHERE  `c_id` = 76 ORDER BY `sort` ASC [ RunTime:0.000296s ]
[2024-01-13T15:39:36+08:00][sql] CONNECT:[ UseTime:0.000828s ] mysql:host=127.0.0.1;port=3306;dbname=www_fsqf_com;charset=utf8
[2024-01-13T15:39:36+08:00][sql] SHOW FULL COLUMNS FROM `jm_nav` [ RunTime:0.002989s ]
[2024-01-13T15:39:36+08:00][sql] SELECT * FROM `jm_nav` ORDER BY `sort` ASC [ RunTime:0.000514s ]
[2024-01-13T15:39:36+08:00][sql] SHOW FULL COLUMNS FROM `jm_browse_index` [ RunTime:0.001334s ]
[2024-01-13T15:39:36+08:00][sql] SELECT * FROM `jm_browse_index` WHERE  `ip` = '123.180.69.143' ORDER BY `id` DESC LIMIT 1 [ RunTime:0.000741s ]
[2024-01-13T15:39:36+08:00][sql] INSERT INTO `jm_browse_index` SET `cid` = 0 , `url` = '/' , `ip` = '123.180.69.143' , `mark` = '7dc2d864bf7389b34b4f2ff821c2f207' , `user_agent` = 'Mozilla/5.0 (Windows NT 10.0; Win64; x64) AppleWebKit/537.36 (KHTML, like Gecko) Chrome/53.0.2785.143 Safari/537.36' , `create_time` = '2024-01-13 15:39:36.074244' [ RunTime:0.000647s ]
[2024-01-13T15:39:36+08:00][sql] SHOW FULL COLUMNS FROM `jm_news_index` [ RunTime:0.002213s ]
[2024-01-13T15:39:36+08:00][sql] SELECT * FROM `jm_news_index` WHERE  `c_id` = 78  AND `status` = 1 ORDER BY `create_time` DESC LIMIT 5 [ RunTime:0.000786s ]
[2024-01-13T15:39:36+08:00][sql] SELECT * FROM `jm_news_index` WHERE  `c_id` = 79  AND `status` = 1 ORDER BY `create_time` DESC LIMIT 5 [ RunTime:0.000943s ]
[2024-01-13T15:39:36+08:00][sql] SELECT * FROM `jm_news_index` WHERE  `c_id` = 77  AND `status` = 1 ORDER BY `create_time` DESC LIMIT 5 [ RunTime:0.000854s ]
[2024-01-13T15:39:36+08:00][sql] CONNECT:[ UseTime:0.000679s ] mysql:host=127.0.0.1;port=3306;dbname=www_fsqf_com;charset=utf8
[2024-01-13T15:39:36+08:00][sql] SHOW FULL COLUMNS FROM `jm_nav` [ RunTime:0.002161s ]
[2024-01-13T15:39:36+08:00][sql] SELECT * FROM `jm_nav` ORDER BY `sort` ASC [ RunTime:0.000557s ]
[2024-01-13T15:39:36+08:00][sql] SHOW FULL COLUMNS FROM `jm_browse_index` [ RunTime:0.001593s ]
[2024-01-13T15:39:36+08:00][sql] SELECT * FROM `jm_browse_index` WHERE  `ip` = '180.107.185.179' ORDER BY `id` DESC LIMIT 1 [ RunTime:0.000467s ]
[2024-01-13T15:39:36+08:00][sql] SHOW FULL COLUMNS FROM `jm_page_index` [ RunTime:0.001155s ]
[2024-01-13T15:39:36+08:00][sql] SELECT * FROM `jm_page_index` WHERE  `id` = 2 LIMIT 1 [ RunTime:0.000433s ]
[2024-01-13T15:39:36+08:00][sql] SHOW FULL COLUMNS FROM `jm_category` [ RunTime:0.001169s ]
[2024-01-13T15:39:36+08:00][sql] SELECT * FROM `jm_category` WHERE  `id` = 75 LIMIT 1 [ RunTime:0.000424s ]
[2024-01-13T15:39:36+08:00][sql] SELECT * FROM `jm_category` WHERE  `id` = 0 LIMIT 1 [ RunTime:0.000249s ]
[2024-01-13T15:39:36+08:00][sql] SHOW FULL COLUMNS FROM `jm_ad_index` [ RunTime:0.001653s ]
[2024-01-13T15:39:36+08:00][sql] SELECT * FROM `jm_ad_index` WHERE  `g_id` = 75 LIMIT 1 [ RunTime:0.000500s ]
[2024-01-13T15:39:36+08:00][sql] SELECT `id` FROM `jm_page_index` WHERE  `c_id` = 75 LIMIT 1 [ RunTime:0.000258s ]
[2024-01-13T15:39:36+08:00][sql] SELECT * FROM `jm_category` WHERE  `pid` = 75 [ RunTime:0.000343s ]
[2024-01-13T15:39:36+08:00][sql] SELECT * FROM `jm_page_index` WHERE  `c_id` = 76 ORDER BY `sort` ASC [ RunTime:0.000352s ]
[2024-01-13T15:39:36+08:00][sql] CONNECT:[ UseTime:0.000661s ] mysql:host=127.0.0.1;port=3306;dbname=www_fsqf_com;charset=utf8
[2024-01-13T15:39:36+08:00][sql] SHOW FULL COLUMNS FROM `jm_nav` [ RunTime:0.001455s ]
[2024-01-13T15:39:36+08:00][sql] SELECT * FROM `jm_nav` ORDER BY `sort` ASC [ RunTime:0.000487s ]
[2024-01-13T15:39:36+08:00][sql] SHOW FULL COLUMNS FROM `jm_browse_index` [ RunTime:0.001292s ]
[2024-01-13T15:39:36+08:00][sql] SELECT * FROM `jm_browse_index` WHERE  `ip` = '180.107.185.179' ORDER BY `id` DESC LIMIT 1 [ RunTime:0.000425s ]
[2024-01-13T15:39:36+08:00][sql] INSERT INTO `jm_browse_index` SET `cid` = 0 , `url` = '/' , `ip` = '180.107.185.179' , `mark` = '8cb3de2ea50f6538c55d2123300331e2' , `user_agent` = 'Mozilla/5.0 (Windows NT 10.0; Win64; x64) AppleWebKit/537.36 (KHTML, like Gecko) Chrome/53.0.2785.143 Safari/537.36' , `create_time` = '2024-01-13 15:39:36.154815' [ RunTime:0.000430s ]
[2024-01-13T15:39:36+08:00][sql] SHOW FULL COLUMNS FROM `jm_news_index` [ RunTime:0.001373s ]
[2024-01-13T15:39:36+08:00][sql] SELECT * FROM `jm_news_index` WHERE  `c_id` = 78  AND `status` = 1 ORDER BY `create_time` DESC LIMIT 5 [ RunTime:0.000623s ]
[2024-01-13T15:39:36+08:00][sql] SELECT * FROM `jm_news_index` WHERE  `c_id` = 79  AND `status` = 1 ORDER BY `create_time` DESC LIMIT 5 [ RunTime:0.000685s ]
[2024-01-13T15:39:36+08:00][sql] SELECT * FROM `jm_news_index` WHERE  `c_id` = 77  AND `status` = 1 ORDER BY `create_time` DESC LIMIT 5 [ RunTime:0.000577s ]
[2024-01-13T15:39:36+08:00][sql] CONNECT:[ UseTime:0.000532s ] mysql:host=127.0.0.1;port=3306;dbname=www_fsqf_com;charset=utf8
[2024-01-13T15:39:36+08:00][sql] SHOW FULL COLUMNS FROM `jm_nav` [ RunTime:0.001460s ]
[2024-01-13T15:39:36+08:00][sql] SELECT * FROM `jm_nav` ORDER BY `sort` ASC [ RunTime:0.000510s ]
[2024-01-13T15:39:36+08:00][sql] SHOW FULL COLUMNS FROM `jm_browse_index` [ RunTime:0.001391s ]
[2024-01-13T15:39:36+08:00][sql] SELECT * FROM `jm_browse_index` WHERE  `ip` = '180.107.185.179' ORDER BY `id` DESC LIMIT 1 [ RunTime:0.000553s ]
[2024-01-13T15:39:36+08:00][sql] INSERT INTO `jm_browse_index` SET `cid` = 0 , `url` = '/page/1.html' , `ip` = '180.107.185.179' , `mark` = '59ad1369f44e802c44b19f5e1e929e2f' , `user_agent` = 'Mozilla/5.0 (Windows NT 10.0; Win64; x64) AppleWebKit/537.36 (KHTML, like Gecko) Chrome/53.0.2785.143 Safari/537.36' , `create_time` = '2024-01-13 15:39:36.150870' [ RunTime:0.000431s ]
[2024-01-13T15:39:36+08:00][sql] SHOW FULL COLUMNS FROM `jm_page_index` [ RunTime:0.001252s ]
[2024-01-13T15:39:36+08:00][sql] SELECT * FROM `jm_page_index` WHERE  `id` = 1 LIMIT 1 [ RunTime:0.000445s ]
[2024-01-13T15:39:36+08:00][sql] SHOW FULL COLUMNS FROM `jm_category` [ RunTime:0.001322s ]
[2024-01-13T15:39:36+08:00][sql] SELECT * FROM `jm_category` WHERE  `id` = 52 LIMIT 1 [ RunTime:0.000510s ]
[2024-01-13T15:39:36+08:00][sql] SELECT * FROM `jm_category` WHERE  `id` = 0 LIMIT 1 [ RunTime:0.000480s ]
[2024-01-13T15:39:36+08:00][sql] SHOW FULL COLUMNS FROM `jm_ad_index` [ RunTime:0.001535s ]
[2024-01-13T15:39:36+08:00][sql] SELECT * FROM `jm_ad_index` WHERE  `g_id` = 52 LIMIT 1 [ RunTime:0.000482s ]
[2024-01-13T15:39:36+08:00][sql] SELECT `id` FROM `jm_page_index` WHERE  `c_id` = 52 LIMIT 1 [ RunTime:0.000363s ]
[2024-01-13T15:39:36+08:00][sql] SELECT * FROM `jm_category` WHERE  `pid` = 52 [ RunTime:0.000357s ]
[2024-01-13T15:39:36+08:00][sql] SELECT * FROM `jm_page_index` WHERE  `c_id` = 76 ORDER BY `sort` ASC [ RunTime:0.000415s ]
[2024-01-13T15:39:36+08:00][sql] CONNECT:[ UseTime:0.000864s ] mysql:host=127.0.0.1;port=3306;dbname=www_fsqf_com;charset=utf8
[2024-01-13T15:39:36+08:00][sql] SHOW FULL COLUMNS FROM `jm_nav` [ RunTime:0.001689s ]
[2024-01-13T15:39:36+08:00][sql] SELECT * FROM `jm_nav` ORDER BY `sort` ASC [ RunTime:0.000553s ]
[2024-01-13T15:39:36+08:00][sql] SHOW FULL COLUMNS FROM `jm_browse_index` [ RunTime:0.001437s ]
[2024-01-13T15:39:36+08:00][sql] SELECT * FROM `jm_browse_index` WHERE  `ip` = '123.180.69.143' ORDER BY `id` DESC LIMIT 1 [ RunTime:0.000583s ]
[2024-01-13T15:39:36+08:00][sql] INSERT INTO `jm_browse_index` SET `cid` = 0 , `url` = '/page/1.html' , `ip` = '123.180.69.143' , `mark` = '622e26ca75491c4b2ac729e73306b2e8' , `user_agent` = 'Mozilla/5.0 (Windows NT 10.0; Win64; x64) AppleWebKit/537.36 (KHTML, like Gecko) Chrome/53.0.2785.143 Safari/537.36' , `create_time` = '2024-01-13 15:39:36.306518' [ RunTime:0.000486s ]
[2024-01-13T15:39:36+08:00][sql] SHOW FULL COLUMNS FROM `jm_page_index` [ RunTime:0.001852s ]
[2024-01-13T15:39:36+08:00][sql] SELECT * FROM `jm_page_index` WHERE  `id` = 1 LIMIT 1 [ RunTime:0.000564s ]
[2024-01-13T15:39:36+08:00][sql] SHOW FULL COLUMNS FROM `jm_category` [ RunTime:0.001618s ]
[2024-01-13T15:39:36+08:00][sql] SELECT * FROM `jm_category` WHERE  `id` = 52 LIMIT 1 [ RunTime:0.000471s ]
[2024-01-13T15:39:36+08:00][sql] SELECT * FROM `jm_category` WHERE  `id` = 0 LIMIT 1 [ RunTime:0.000276s ]
[2024-01-13T15:39:36+08:00][sql] SHOW FULL COLUMNS FROM `jm_ad_index` [ RunTime:0.001446s ]
[2024-01-13T15:39:36+08:00][sql] SELECT * FROM `jm_ad_index` WHERE  `g_id` = 52 LIMIT 1 [ RunTime:0.000423s ]
[2024-01-13T15:39:36+08:00][sql] SELECT `id` FROM `jm_page_index` WHERE  `c_id` = 52 LIMIT 1 [ RunTime:0.000248s ]
[2024-01-13T15:39:36+08:00][sql] SELECT * FROM `jm_category` WHERE  `pid` = 52 [ RunTime:0.000306s ]
[2024-01-13T15:39:36+08:00][sql] SELECT * FROM `jm_page_index` WHERE  `c_id` = 76 ORDER BY `sort` ASC [ RunTime:0.000338s ]
[2024-01-13T15:39:36+08:00][sql] CONNECT:[ UseTime:0.001309s ] mysql:host=127.0.0.1;port=3306;dbname=www_fsqf_com;charset=utf8
[2024-01-13T15:39:36+08:00][sql] SHOW FULL COLUMNS FROM `jm_nav` [ RunTime:0.003095s ]
[2024-01-13T15:39:36+08:00][sql] SELECT * FROM `jm_nav` ORDER BY `sort` ASC [ RunTime:0.000977s ]
[2024-01-13T15:39:36+08:00][sql] SHOW FULL COLUMNS FROM `jm_browse_index` [ RunTime:0.002917s ]
[2024-01-13T15:39:36+08:00][sql] SELECT * FROM `jm_browse_index` WHERE  `ip` = '180.107.185.179' ORDER BY `id` DESC LIMIT 1 [ RunTime:0.000590s ]
[2024-01-13T15:39:36+08:00][sql] INSERT INTO `jm_browse_index` SET `cid` = 0 , `url` = '/page/1.html' , `ip` = '180.107.185.179' , `mark` = '59ad1369f44e802c44b19f5e1e929e2f' , `user_agent` = 'Mozilla/5.0 (Windows NT 10.0; Win64; x64) AppleWebKit/537.36 (KHTML, like Gecko) Chrome/53.0.2785.143 Safari/537.36' , `create_time` = '2024-01-13 15:39:36.399472' [ RunTime:0.000413s ]
[2024-01-13T15:39:36+08:00][sql] SHOW FULL COLUMNS FROM `jm_page_index` [ RunTime:0.001864s ]
[2024-01-13T15:39:36+08:00][sql] SELECT * FROM `jm_page_index` WHERE  `id` = 1 LIMIT 1 [ RunTime:0.000730s ]
[2024-01-13T15:39:36+08:00][sql] SHOW FULL COLUMNS FROM `jm_category` [ RunTime:0.002396s ]
[2024-01-13T15:39:36+08:00][sql] SELECT * FROM `jm_category` WHERE  `id` = 52 LIMIT 1 [ RunTime:0.000618s ]
[2024-01-13T15:39:36+08:00][sql] SELECT * FROM `jm_category` WHERE  `id` = 0 LIMIT 1 [ RunTime:0.000412s ]
[2024-01-13T15:39:36+08:00][sql] SHOW FULL COLUMNS FROM `jm_ad_index` [ RunTime:0.002080s ]
[2024-01-13T15:39:36+08:00][sql] SELECT * FROM `jm_ad_index` WHERE  `g_id` = 52 LIMIT 1 [ RunTime:0.000699s ]
[2024-01-13T15:39:36+08:00][sql] SELECT `id` FROM `jm_page_index` WHERE  `c_id` = 52 LIMIT 1 [ RunTime:0.000383s ]
[2024-01-13T15:39:36+08:00][sql] SELECT * FROM `jm_category` WHERE  `pid` = 52 [ RunTime:0.000610s ]
[2024-01-13T15:39:36+08:00][sql] SELECT * FROM `jm_page_index` WHERE  `c_id` = 76 ORDER BY `sort` ASC [ RunTime:0.000614s ]
[2024-01-13T15:41:36+08:00][sql] CONNECT:[ UseTime:0.000746s ] mysql:host=127.0.0.1;port=3306;dbname=www_fsqf_com;charset=utf8
[2024-01-13T15:41:36+08:00][sql] SHOW FULL COLUMNS FROM `jm_nav` [ RunTime:0.001580s ]
[2024-01-13T15:41:36+08:00][sql] SELECT * FROM `jm_nav` ORDER BY `sort` ASC [ RunTime:0.000491s ]
[2024-01-13T15:41:36+08:00][sql] SHOW FULL COLUMNS FROM `jm_browse_index` [ RunTime:0.001354s ]
[2024-01-13T15:41:36+08:00][sql] SELECT * FROM `jm_browse_index` WHERE  `ip` = '120.43.32.15' ORDER BY `id` DESC LIMIT 1 [ RunTime:0.003545s ]
[2024-01-13T15:41:36+08:00][sql] INSERT INTO `jm_browse_index` SET `cid` = 0 , `url` = '/' , `ip` = '120.43.32.15' , `mark` = '2fd7396a690e4f6369b546aef01a19aa' , `user_agent` = 'Mozilla/5.0 (Windows NT 10.0; Win64; x64) AppleWebKit/537.36 (KHTML, like Gecko) Chrome/53.0.2785.143 Safari/537.36' , `create_time` = '2024-01-13 15:41:36.529337' [ RunTime:0.000380s ]
[2024-01-13T15:41:36+08:00][sql] SHOW FULL COLUMNS FROM `jm_news_index` [ RunTime:0.003141s ]
[2024-01-13T15:41:36+08:00][sql] SELECT * FROM `jm_news_index` WHERE  `c_id` = 78  AND `status` = 1 ORDER BY `create_time` DESC LIMIT 5 [ RunTime:0.001094s ]
[2024-01-13T15:41:36+08:00][sql] SELECT * FROM `jm_news_index` WHERE  `c_id` = 79  AND `status` = 1 ORDER BY `create_time` DESC LIMIT 5 [ RunTime:0.001327s ]
[2024-01-13T15:41:36+08:00][sql] SELECT * FROM `jm_news_index` WHERE  `c_id` = 77  AND `status` = 1 ORDER BY `create_time` DESC LIMIT 5 [ RunTime:0.001104s ]
[2024-01-13T15:44:24+08:00][sql] CONNECT:[ UseTime:0.000960s ] mysql:host=127.0.0.1;port=3306;dbname=www_fsqf_com;charset=utf8
[2024-01-13T15:44:24+08:00][sql] SHOW FULL COLUMNS FROM `jm_nav` [ RunTime:0.001638s ]
[2024-01-13T15:44:24+08:00][sql] SELECT * FROM `jm_nav` ORDER BY `sort` ASC [ RunTime:0.000491s ]
[2024-01-13T15:44:24+08:00][sql] SHOW FULL COLUMNS FROM `jm_browse_index` [ RunTime:0.001439s ]
[2024-01-13T15:44:24+08:00][sql] SELECT * FROM `jm_browse_index` WHERE  `ip` = '61.147.15.65' ORDER BY `id` DESC LIMIT 1 [ RunTime:0.000395s ]
[2024-01-13T15:44:24+08:00][sql] SHOW FULL COLUMNS FROM `jm_news_index` [ RunTime:0.001242s ]
[2024-01-13T15:44:24+08:00][sql] SELECT * FROM `jm_news_index` WHERE  `c_id` = 78  AND `status` = 1 ORDER BY `create_time` DESC LIMIT 5 [ RunTime:0.000438s ]
[2024-01-13T15:44:24+08:00][sql] SELECT * FROM `jm_news_index` WHERE  `c_id` = 79  AND `status` = 1 ORDER BY `create_time` DESC LIMIT 5 [ RunTime:0.000495s ]
[2024-01-13T15:44:24+08:00][sql] SELECT * FROM `jm_news_index` WHERE  `c_id` = 77  AND `status` = 1 ORDER BY `create_time` DESC LIMIT 5 [ RunTime:0.000514s ]
[2024-01-13T15:44:26+08:00][sql] CONNECT:[ UseTime:0.000780s ] mysql:host=127.0.0.1;port=3306;dbname=www_fsqf_com;charset=utf8
[2024-01-13T15:44:26+08:00][sql] SHOW FULL COLUMNS FROM `jm_nav` [ RunTime:0.001531s ]
[2024-01-13T15:44:26+08:00][sql] SELECT * FROM `jm_nav` ORDER BY `sort` ASC [ RunTime:0.000360s ]
[2024-01-13T15:44:26+08:00][sql] SHOW FULL COLUMNS FROM `jm_browse_index` [ RunTime:0.001325s ]
[2024-01-13T15:44:26+08:00][sql] SELECT * FROM `jm_browse_index` WHERE  `ip` = '61.147.15.65' ORDER BY `id` DESC LIMIT 1 [ RunTime:0.000471s ]
[2024-01-13T15:44:26+08:00][sql] INSERT INTO `jm_browse_index` SET `cid` = 0 , `url` = '/' , `ip` = '61.147.15.65' , `mark` = '7f1dd20bfb16bddec20932ecaa56c8af' , `user_agent` = 'Mozilla/5.0 (Macintosh; U; PPC Mac OS X 10.4; en-GB; rv:1.9b5) Gecko/2008032619 Firefox/3.0b5' , `create_time` = '2024-01-13 15:44:26.768435' [ RunTime:0.000411s ]
[2024-01-13T15:44:26+08:00][sql] SHOW FULL COLUMNS FROM `jm_news_index` [ RunTime:0.002270s ]
[2024-01-13T15:44:26+08:00][sql] SELECT * FROM `jm_news_index` WHERE  `c_id` = 78  AND `status` = 1 ORDER BY `create_time` DESC LIMIT 5 [ RunTime:0.000624s ]
[2024-01-13T15:44:26+08:00][sql] SELECT * FROM `jm_news_index` WHERE  `c_id` = 79  AND `status` = 1 ORDER BY `create_time` DESC LIMIT 5 [ RunTime:0.000735s ]
[2024-01-13T15:44:26+08:00][sql] SELECT * FROM `jm_news_index` WHERE  `c_id` = 77  AND `status` = 1 ORDER BY `create_time` DESC LIMIT 5 [ RunTime:0.000645s ]
[2024-01-13T15:47:27+08:00][sql] CONNECT:[ UseTime:0.001363s ] mysql:host=127.0.0.1;port=3306;dbname=www_fsqf_com;charset=utf8
[2024-01-13T15:47:27+08:00][sql] SHOW FULL COLUMNS FROM `jm_nav` [ RunTime:0.003387s ]
[2024-01-13T15:47:27+08:00][sql] SELECT * FROM `jm_nav` ORDER BY `sort` ASC [ RunTime:0.001058s ]
[2024-01-13T15:47:27+08:00][sql] SHOW FULL COLUMNS FROM `jm_browse_index` [ RunTime:0.003019s ]
[2024-01-13T15:47:27+08:00][sql] SELECT * FROM `jm_browse_index` WHERE  `ip` = '61.147.15.67' ORDER BY `id` DESC LIMIT 1 [ RunTime:0.002360s ]
[2024-01-13T15:47:27+08:00][sql] SHOW FULL COLUMNS FROM `jm_news_index` [ RunTime:0.001366s ]
[2024-01-13T15:47:27+08:00][sql] SELECT * FROM `jm_news_index` WHERE  `c_id` = 78  AND `status` = 1 ORDER BY `create_time` DESC LIMIT 5 [ RunTime:0.000585s ]
[2024-01-13T15:47:27+08:00][sql] SELECT * FROM `jm_news_index` WHERE  `c_id` = 79  AND `status` = 1 ORDER BY `create_time` DESC LIMIT 5 [ RunTime:0.000560s ]
[2024-01-13T15:47:27+08:00][sql] SELECT * FROM `jm_news_index` WHERE  `c_id` = 77  AND `status` = 1 ORDER BY `create_time` DESC LIMIT 5 [ RunTime:0.000503s ]
[2024-01-13T15:49:39+08:00][sql] CONNECT:[ UseTime:0.001336s ] mysql:host=127.0.0.1;port=3306;dbname=www_fsqf_com;charset=utf8
[2024-01-13T15:49:39+08:00][sql] SHOW FULL COLUMNS FROM `jm_nav` [ RunTime:0.001961s ]
[2024-01-13T15:49:39+08:00][sql] SELECT * FROM `jm_nav` ORDER BY `sort` ASC [ RunTime:0.000728s ]
[2024-01-13T15:49:39+08:00][sql] SHOW FULL COLUMNS FROM `jm_browse_index` [ RunTime:0.002403s ]
[2024-01-13T15:49:39+08:00][sql] SELECT * FROM `jm_browse_index` WHERE  `ip` = '61.147.15.65' ORDER BY `id` DESC LIMIT 1 [ RunTime:0.000848s ]
[2024-01-13T15:49:39+08:00][sql] INSERT INTO `jm_browse_index` SET `cid` = 0 , `url` = '/' , `ip` = '61.147.15.65' , `mark` = 'eabf93d95157f4e99fa9d9eb0040ae69' , `user_agent` = 'Dalvik/2.1.0 (Linux; U; Android 9.0; ZTE BA520 Build/MRA58K)' , `create_time` = '2024-01-13 15:49:39.660716' [ RunTime:0.000476s ]
[2024-01-13T15:49:39+08:00][sql] SHOW FULL COLUMNS FROM `jm_news_index` [ RunTime:0.002268s ]
[2024-01-13T15:49:39+08:00][sql] SELECT * FROM `jm_news_index` WHERE  `c_id` = 78  AND `status` = 1 ORDER BY `create_time` DESC LIMIT 5 [ RunTime:0.000795s ]
[2024-01-13T15:49:39+08:00][sql] SELECT * FROM `jm_news_index` WHERE  `c_id` = 79  AND `status` = 1 ORDER BY `create_time` DESC LIMIT 5 [ RunTime:0.000732s ]
[2024-01-13T15:49:39+08:00][sql] SELECT * FROM `jm_news_index` WHERE  `c_id` = 77  AND `status` = 1 ORDER BY `create_time` DESC LIMIT 5 [ RunTime:0.000628s ]
[2024-01-13T15:49:57+08:00][sql] CONNECT:[ UseTime:0.000795s ] mysql:host=127.0.0.1;port=3306;dbname=www_fsqf_com;charset=utf8
[2024-01-13T15:49:57+08:00][sql] SHOW FULL COLUMNS FROM `jm_nav` [ RunTime:0.002187s ]
[2024-01-13T15:49:57+08:00][sql] SELECT * FROM `jm_nav` ORDER BY `sort` ASC [ RunTime:0.000506s ]
[2024-01-13T15:49:57+08:00][sql] SHOW FULL COLUMNS FROM `jm_browse_index` [ RunTime:0.002227s ]
[2024-01-13T15:49:57+08:00][sql] SELECT * FROM `jm_browse_index` WHERE  `ip` = '61.147.15.65' ORDER BY `id` DESC LIMIT 1 [ RunTime:0.000612s ]
[2024-01-13T15:49:57+08:00][sql] INSERT INTO `jm_browse_index` SET `cid` = 0 , `url` = '/' , `ip` = '61.147.15.65' , `mark` = 'ffbc8e0cfce9f5e3ce0b50304e725eeb' , `user_agent` = 'Mozilla/5.0 (Linux; Android 7.1.1; OPPO R11s Build/NMF26X; wv) AppleWebKit/537.36 (KHTML, like Gecko) Version/4.0 Chrome/57.0.2987.132 MQQBrowser/6.2 TBS/044204 Mobile Safari/537.36 MicroMessenger/6.6.7.1321(0x26060739) NetType/4G Language/zh_CN' , `create_time` = '2024-01-13 15:49:57.646599' [ RunTime:0.000553s ]
[2024-01-13T15:49:57+08:00][sql] SHOW FULL COLUMNS FROM `jm_news_index` [ RunTime:0.003551s ]
[2024-01-13T15:49:57+08:00][sql] SELECT * FROM `jm_news_index` WHERE  `c_id` = 78  AND `status` = 1 ORDER BY `create_time` DESC LIMIT 5 [ RunTime:0.001537s ]
[2024-01-13T15:49:57+08:00][sql] SELECT * FROM `jm_news_index` WHERE  `c_id` = 79  AND `status` = 1 ORDER BY `create_time` DESC LIMIT 5 [ RunTime:0.000941s ]
[2024-01-13T15:49:57+08:00][sql] SELECT * FROM `jm_news_index` WHERE  `c_id` = 77  AND `status` = 1 ORDER BY `create_time` DESC LIMIT 5 [ RunTime:0.000915s ]
[2024-01-13T15:50:35+08:00][sql] CONNECT:[ UseTime:0.000791s ] mysql:host=127.0.0.1;port=3306;dbname=www_fsqf_com;charset=utf8
[2024-01-13T15:50:35+08:00][sql] SHOW FULL COLUMNS FROM `jm_nav` [ RunTime:0.001697s ]
[2024-01-13T15:50:35+08:00][sql] SELECT * FROM `jm_nav` ORDER BY `sort` ASC [ RunTime:0.000515s ]
[2024-01-13T15:50:35+08:00][sql] SHOW FULL COLUMNS FROM `jm_browse_index` [ RunTime:0.001579s ]
[2024-01-13T15:50:35+08:00][sql] SELECT * FROM `jm_browse_index` WHERE  `ip` = '61.147.15.67' ORDER BY `id` DESC LIMIT 1 [ RunTime:0.005037s ]
[2024-01-13T15:50:35+08:00][sql] SHOW FULL COLUMNS FROM `jm_news_index` [ RunTime:0.002617s ]
[2024-01-13T15:50:35+08:00][sql] SELECT * FROM `jm_news_index` WHERE  `c_id` = 78  AND `status` = 1 ORDER BY `create_time` DESC LIMIT 5 [ RunTime:0.001110s ]
[2024-01-13T15:50:35+08:00][sql] SELECT * FROM `jm_news_index` WHERE  `c_id` = 79  AND `status` = 1 ORDER BY `create_time` DESC LIMIT 5 [ RunTime:0.001041s ]
[2024-01-13T15:50:35+08:00][sql] SELECT * FROM `jm_news_index` WHERE  `c_id` = 77  AND `status` = 1 ORDER BY `create_time` DESC LIMIT 5 [ RunTime:0.001002s ]
[2024-01-13T15:51:13+08:00][sql] CONNECT:[ UseTime:0.001325s ] mysql:host=127.0.0.1;port=3306;dbname=www_fsqf_com;charset=utf8
[2024-01-13T15:51:13+08:00][sql] SHOW FULL COLUMNS FROM `jm_nav` [ RunTime:0.003205s ]
[2024-01-13T15:51:13+08:00][sql] SELECT * FROM `jm_nav` ORDER BY `sort` ASC [ RunTime:0.000816s ]
[2024-01-13T15:51:13+08:00][sql] SHOW FULL COLUMNS FROM `jm_browse_index` [ RunTime:0.002245s ]
[2024-01-13T15:51:13+08:00][sql] SELECT * FROM `jm_browse_index` WHERE  `ip` = '61.147.15.65' ORDER BY `id` DESC LIMIT 1 [ RunTime:0.000569s ]
[2024-01-13T15:51:13+08:00][sql] INSERT INTO `jm_browse_index` SET `cid` = 0 , `url` = '/' , `ip` = '61.147.15.65' , `mark` = 'b82f8fa90673f373da6157ebad2cf1ec' , `user_agent` = 'Mozilla/5.0 (Linux; U; Android 8.1.0; zh-CN; PAR-AL00 Build/HUAWEIPAR-AL00) AppleWebKit/537.36 (KHTML, like Gecko) Version/4.0 Chrome/57.0.2987.108 UCBrowser/12.1.2.992 Mobile Safari/537.36' , `create_time` = '2024-01-13 15:51:13.199840' [ RunTime:0.000927s ]
[2024-01-13T15:51:13+08:00][sql] SHOW FULL COLUMNS FROM `jm_news_index` [ RunTime:0.003338s ]
[2024-01-13T15:51:13+08:00][sql] SELECT * FROM `jm_news_index` WHERE  `c_id` = 78  AND `status` = 1 ORDER BY `create_time` DESC LIMIT 5 [ RunTime:0.001411s ]
[2024-01-13T15:51:13+08:00][sql] SELECT * FROM `jm_news_index` WHERE  `c_id` = 79  AND `status` = 1 ORDER BY `create_time` DESC LIMIT 5 [ RunTime:0.001356s ]
[2024-01-13T15:51:13+08:00][sql] SELECT * FROM `jm_news_index` WHERE  `c_id` = 77  AND `status` = 1 ORDER BY `create_time` DESC LIMIT 5 [ RunTime:0.001111s ]
[2024-01-13T17:44:55+08:00][sql] CONNECT:[ UseTime:0.000806s ] mysql:host=127.0.0.1;port=3306;dbname=www_fsqf_com;charset=utf8
[2024-01-13T17:44:55+08:00][sql] SHOW FULL COLUMNS FROM `jm_nav` [ RunTime:0.001737s ]
[2024-01-13T17:44:55+08:00][sql] SELECT * FROM `jm_nav` ORDER BY `sort` ASC [ RunTime:0.000693s ]
[2024-01-13T17:44:55+08:00][sql] SHOW FULL COLUMNS FROM `jm_browse_index` [ RunTime:0.001581s ]
[2024-01-13T17:44:55+08:00][sql] SELECT * FROM `jm_browse_index` WHERE  `ip` = '101.67.49.77' ORDER BY `id` DESC LIMIT 1 [ RunTime:0.004119s ]
[2024-01-13T17:44:55+08:00][sql] INSERT INTO `jm_browse_index` SET `cid` = 78 , `url` = '/list/78.html' , `ip` = '101.67.49.77' , `mark` = 'd7b56503af3adf433b5ee885bc20bfe4' , `user_agent` = 'Mozilla/5.0 (Windows NT 6.1; Win64; x64) AppleWebKit/537.36 (KHTML, like Gecko) Chrome/69.0.3497.81 YisouSpider/5.0 Safari/537.36' , `create_time` = '2024-01-13 17:44:55.753281' [ RunTime:0.000405s ]
[2024-01-13T17:44:55+08:00][sql] SHOW FULL COLUMNS FROM `jm_category` [ RunTime:0.002432s ]
[2024-01-13T17:44:55+08:00][sql] SELECT `pid` FROM `jm_category` WHERE  `id` = 78 LIMIT 1 [ RunTime:0.000813s ]
[2024-01-13T17:44:55+08:00][sql] SHOW FULL COLUMNS FROM `jm_news_index` [ RunTime:0.002238s ]
[2024-01-13T17:44:55+08:00][sql] SELECT COUNT(*) AS think_count FROM `jm_news_index` WHERE  `status` = 1  AND `c_id` = 78 LIMIT 1 [ RunTime:0.001191s ]
[2024-01-13T17:44:55+08:00][sql] SELECT * FROM `jm_news_index` WHERE  `status` = 1  AND `c_id` = 78 ORDER BY `create_time` DESC LIMIT 0,5 [ RunTime:0.000877s ]
[2024-01-13T17:44:55+08:00][sql] SELECT * FROM `jm_category` WHERE  `id` = 78 LIMIT 1 [ RunTime:0.000382s ]
[2024-01-13T17:44:55+08:00][sql] SELECT * FROM `jm_category` WHERE  `id` = 74 LIMIT 1 [ RunTime:0.000289s ]
[2024-01-13T17:44:55+08:00][sql] SHOW FULL COLUMNS FROM `jm_ad_index` [ RunTime:0.001392s ]
[2024-01-13T17:44:55+08:00][sql] SELECT * FROM `jm_ad_index` WHERE  `g_id` = 74 LIMIT 1 [ RunTime:0.000529s ]
[2024-01-13T17:44:55+08:00][sql] SELECT * FROM `jm_category` WHERE  `pid` = 74 ORDER BY `sort` ASC [ RunTime:0.000329s ]
[2024-01-13T19:17:39+08:00][sql] CONNECT:[ UseTime:0.001026s ] mysql:host=127.0.0.1;port=3306;dbname=www_fsqf_com;charset=utf8
[2024-01-13T19:17:39+08:00][sql] SHOW FULL COLUMNS FROM `jm_nav` [ RunTime:0.003202s ]
[2024-01-13T19:17:39+08:00][sql] SELECT * FROM `jm_nav` ORDER BY `sort` ASC [ RunTime:0.001195s ]
[2024-01-13T19:17:39+08:00][sql] SHOW FULL COLUMNS FROM `jm_browse_index` [ RunTime:0.001457s ]
[2024-01-13T19:17:39+08:00][sql] SHOW FULL COLUMNS FROM `jm_news_index` [ RunTime:0.001538s ]
[2024-01-13T19:17:39+08:00][sql] SELECT `c_id` FROM `jm_news_index` WHERE  `id` = 175 LIMIT 1 [ RunTime:0.000599s ]
[2024-01-13T19:17:39+08:00][sql] SELECT * FROM `jm_browse_index` WHERE  `ip` = '101.67.49.40' ORDER BY `id` DESC LIMIT 1 [ RunTime:0.002983s ]
[2024-01-13T19:17:39+08:00][sql] INSERT INTO `jm_browse_index` SET `cid` = 79 , `url` = '/show/175.html' , `ip` = '101.67.49.40' , `mark` = '6e59152eb1da12a601026a519926a18c' , `user_agent` = 'Mozilla/5.0 (Windows NT 6.1; Win64; x64) AppleWebKit/537.36 (KHTML, like Gecko) Chrome/69.0.3497.81 YisouSpider/5.0 Safari/537.36' , `create_time` = '2024-01-13 19:17:39.559942' [ RunTime:0.000409s ]
[2024-01-13T19:17:39+08:00][sql] SELECT * FROM `jm_news_index` WHERE  `id` = 175 LIMIT 1 [ RunTime:0.000790s ]
[2024-01-13T19:17:39+08:00][sql] SHOW FULL COLUMNS FROM `jm_category` [ RunTime:0.002541s ]
[2024-01-13T19:17:39+08:00][sql] SELECT * FROM `jm_category` WHERE  `id` = 79 LIMIT 1 [ RunTime:0.000855s ]
[2024-01-13T19:17:39+08:00][sql] SELECT * FROM `jm_category` WHERE  `id` = 74 LIMIT 1 [ RunTime:0.000458s ]
[2024-01-13T19:17:39+08:00][sql] SHOW FULL COLUMNS FROM `jm_ad_index` [ RunTime:0.001827s ]
[2024-01-13T19:17:39+08:00][sql] SELECT * FROM `jm_ad_index` WHERE  `g_id` = 74 LIMIT 1 [ RunTime:0.000736s ]
[2024-01-13T19:17:39+08:00][sql] SELECT * FROM `jm_category` WHERE  `pid` = 74 [ RunTime:0.000386s ]
[2024-01-13T19:17:39+08:00][sql] SELECT * FROM `jm_news_index` WHERE  `c_id` = 79  AND `id` > 175  AND `status` = 1 LIMIT 1 [ RunTime:0.000520s ]
[2024-01-13T19:17:39+08:00][sql] SELECT * FROM `jm_news_index` WHERE  `c_id` = 79  AND `id` < 175  AND `status` = 1 LIMIT 1 [ RunTime:0.000517s ]
[2024-01-13T19:19:52+08:00][sql] CONNECT:[ UseTime:0.001082s ] mysql:host=127.0.0.1;port=3306;dbname=www_fsqf_com;charset=utf8
[2024-01-13T19:19:52+08:00][sql] SHOW FULL COLUMNS FROM `jm_nav` [ RunTime:0.003956s ]
[2024-01-13T19:19:52+08:00][sql] SELECT * FROM `jm_nav` ORDER BY `sort` ASC [ RunTime:0.001190s ]
[2024-01-13T19:19:52+08:00][sql] SHOW FULL COLUMNS FROM `jm_browse_index` [ RunTime:0.003291s ]
[2024-01-13T19:19:52+08:00][sql] SHOW FULL COLUMNS FROM `jm_news_index` [ RunTime:0.001909s ]
[2024-01-13T19:19:52+08:00][sql] SELECT `c_id` FROM `jm_news_index` WHERE  `id` = 175 LIMIT 1 [ RunTime:0.000456s ]
[2024-01-13T19:19:52+08:00][sql] SELECT * FROM `jm_browse_index` WHERE  `ip` = '60.188.10.5' ORDER BY `id` DESC LIMIT 1 [ RunTime:0.002719s ]
[2024-01-13T19:19:52+08:00][sql] INSERT INTO `jm_browse_index` SET `cid` = 79 , `url` = '/show/175.html' , `ip` = '60.188.10.5' , `mark` = '087392327b375571f8e4cf01fa036afe' , `user_agent` = 'Mozilla/5.0 (Windows NT 6.1; Win64; x64) AppleWebKit/537.36 (KHTML, like Gecko) Chrome/69.0.3497.81 YisouSpider/5.0 Safari/537.36' , `create_time` = '2024-01-13 19:19:52.429420' [ RunTime:0.000940s ]
[2024-01-13T19:19:52+08:00][sql] SELECT * FROM `jm_news_index` WHERE  `id` = 175 LIMIT 1 [ RunTime:0.000737s ]
[2024-01-13T19:19:52+08:00][sql] SHOW FULL COLUMNS FROM `jm_category` [ RunTime:0.002833s ]
[2024-01-13T19:19:52+08:00][sql] SELECT * FROM `jm_category` WHERE  `id` = 79 LIMIT 1 [ RunTime:0.000920s ]
[2024-01-13T19:19:52+08:00][sql] SELECT * FROM `jm_category` WHERE  `id` = 74 LIMIT 1 [ RunTime:0.000514s ]
[2024-01-13T19:19:52+08:00][sql] SHOW FULL COLUMNS FROM `jm_ad_index` [ RunTime:0.002880s ]
[2024-01-13T19:19:52+08:00][sql] SELECT * FROM `jm_ad_index` WHERE  `g_id` = 74 LIMIT 1 [ RunTime:0.000755s ]
[2024-01-13T19:19:52+08:00][sql] SELECT * FROM `jm_category` WHERE  `pid` = 74 [ RunTime:0.000681s ]
[2024-01-13T19:19:52+08:00][sql] SELECT * FROM `jm_news_index` WHERE  `c_id` = 79  AND `id` > 175  AND `status` = 1 LIMIT 1 [ RunTime:0.000754s ]
[2024-01-13T19:19:52+08:00][sql] SELECT * FROM `jm_news_index` WHERE  `c_id` = 79  AND `id` < 175  AND `status` = 1 LIMIT 1 [ RunTime:0.000586s ]
