[2024-03-04T01:30:32+08:00][sql] CONNECT:[ UseTime:0.002081s ] mysql:host=127.0.0.1;port=3306;dbname=www_fsqf_com;charset=utf8
[2024-03-04T01:30:32+08:00][sql] SHOW FULL COLUMNS FROM `jm_nav` [ RunTime:0.002318s ]
[2024-03-04T01:30:32+08:00][sql] SELECT * FROM `jm_nav` ORDER BY `sort` ASC [ RunTime:0.000745s ]
[2024-03-04T01:30:32+08:00][sql] SHOW FULL COLUMNS FROM `jm_browse_index` [ RunTime:0.002281s ]
[2024-03-04T01:30:32+08:00][sql] SELECT * FROM `jm_browse_index` WHERE  `ip` = '23.251.41.71' ORDER BY `id` DESC LIMIT 1 [ RunTime:0.004728s ]
[2024-03-04T01:30:32+08:00][sql] SHOW FULL COLUMNS FROM `jm_news_index` [ RunTime:0.002226s ]
[2024-03-04T01:30:32+08:00][sql] SELECT * FROM `jm_news_index` WHERE  `c_id` = 78  AND `status` = 1 ORDER BY `create_time` DESC LIMIT 5 [ RunTime:0.000704s ]
[2024-03-04T01:30:32+08:00][sql] SELECT * FROM `jm_news_index` WHERE  `c_id` = 79  AND `status` = 1 ORDER BY `create_time` DESC LIMIT 5 [ RunTime:0.000557s ]
[2024-03-04T01:30:32+08:00][sql] SELECT * FROM `jm_news_index` WHERE  `c_id` = 77  AND `status` = 1 ORDER BY `create_time` DESC LIMIT 5 [ RunTime:0.000815s ]
[2024-03-04T03:15:39+08:00][sql] CONNECT:[ UseTime:0.001098s ] mysql:host=127.0.0.1;port=3306;dbname=www_fsqf_com;charset=utf8
[2024-03-04T03:15:39+08:00][sql] SHOW FULL COLUMNS FROM `jm_nav` [ RunTime:0.001797s ]
[2024-03-04T03:15:39+08:00][sql] SELECT * FROM `jm_nav` ORDER BY `sort` ASC [ RunTime:0.000634s ]
[2024-03-04T03:15:39+08:00][sql] SHOW FULL COLUMNS FROM `jm_browse_index` [ RunTime:0.001271s ]
[2024-03-04T03:15:39+08:00][sql] SELECT * FROM `jm_browse_index` WHERE  `ip` = '117.132.183.17' ORDER BY `id` DESC LIMIT 1 [ RunTime:0.003769s ]
[2024-03-04T03:15:39+08:00][sql] SHOW FULL COLUMNS FROM `jm_news_index` [ RunTime:0.001470s ]
[2024-03-04T03:15:39+08:00][sql] SELECT * FROM `jm_news_index` WHERE  `c_id` = 78  AND `status` = 1 ORDER BY `create_time` DESC LIMIT 5 [ RunTime:0.000686s ]
[2024-03-04T03:15:39+08:00][sql] SELECT * FROM `jm_news_index` WHERE  `c_id` = 79  AND `status` = 1 ORDER BY `create_time` DESC LIMIT 5 [ RunTime:0.000597s ]
[2024-03-04T03:15:39+08:00][sql] SELECT * FROM `jm_news_index` WHERE  `c_id` = 77  AND `status` = 1 ORDER BY `create_time` DESC LIMIT 5 [ RunTime:0.000545s ]
[2024-03-04T03:24:35+08:00][sql] CONNECT:[ UseTime:0.000891s ] mysql:host=127.0.0.1;port=3306;dbname=www_fsqf_com;charset=utf8
[2024-03-04T03:24:35+08:00][sql] SHOW FULL COLUMNS FROM `jm_nav` [ RunTime:0.001466s ]
[2024-03-04T03:24:35+08:00][sql] SELECT * FROM `jm_nav` ORDER BY `sort` ASC [ RunTime:0.000478s ]
[2024-03-04T03:24:35+08:00][sql] SHOW FULL COLUMNS FROM `jm_browse_index` [ RunTime:0.001415s ]
[2024-03-04T03:24:35+08:00][sql] SHOW FULL COLUMNS FROM `jm_news_index` [ RunTime:0.001550s ]
[2024-03-04T03:24:35+08:00][sql] SELECT `c_id` FROM `jm_news_index` WHERE  `id` = 177 LIMIT 1 [ RunTime:0.000418s ]
[2024-03-04T03:24:35+08:00][sql] SELECT * FROM `jm_browse_index` WHERE  `ip` = '116.179.32.112' ORDER BY `id` DESC LIMIT 1 [ RunTime:0.003222s ]
[2024-03-04T03:24:35+08:00][sql] INSERT INTO `jm_browse_index` SET `cid` = 78 , `url` = '/show/177.html' , `ip` = '116.179.32.112' , `mark` = '1d8ac38301e6d3390bb44ba31b12b21f' , `user_agent` = 'Mozilla/5.0 (compatible; Baiduspider/2.0; +http://www.baidu.com/search/spider.html)' , `create_time` = '2024-03-04 03:24:35.256089' [ RunTime:0.000354s ]
[2024-03-04T03:24:35+08:00][sql] SELECT * FROM `jm_news_index` WHERE  `id` = 177 LIMIT 1 [ RunTime:0.000389s ]
[2024-03-04T03:24:35+08:00][sql] SHOW FULL COLUMNS FROM `jm_category` [ RunTime:0.002605s ]
[2024-03-04T03:24:35+08:00][sql] SELECT * FROM `jm_category` WHERE  `id` = 78 LIMIT 1 [ RunTime:0.001318s ]
[2024-03-04T03:24:35+08:00][sql] SELECT * FROM `jm_category` WHERE  `id` = 74 LIMIT 1 [ RunTime:0.000523s ]
[2024-03-04T03:24:35+08:00][sql] SHOW FULL COLUMNS FROM `jm_ad_index` [ RunTime:0.002110s ]
[2024-03-04T03:24:35+08:00][sql] SELECT * FROM `jm_ad_index` WHERE  `g_id` = 74 LIMIT 1 [ RunTime:0.000793s ]
[2024-03-04T03:24:35+08:00][sql] SELECT * FROM `jm_category` WHERE  `pid` = 74 [ RunTime:0.000491s ]
[2024-03-04T03:24:35+08:00][sql] SELECT * FROM `jm_news_index` WHERE  `c_id` = 78  AND `id` > 177  AND `status` = 1 LIMIT 1 [ RunTime:0.000539s ]
[2024-03-04T03:24:35+08:00][sql] SELECT * FROM `jm_news_index` WHERE  `c_id` = 78  AND `id` < 177  AND `status` = 1 LIMIT 1 [ RunTime:0.000503s ]
[2024-03-04T11:50:52+08:00][sql] CONNECT:[ UseTime:0.001005s ] mysql:host=127.0.0.1;port=3306;dbname=www_fsqf_com;charset=utf8
[2024-03-04T11:50:52+08:00][sql] SHOW FULL COLUMNS FROM `jm_nav` [ RunTime:0.002378s ]
[2024-03-04T11:50:52+08:00][sql] SELECT * FROM `jm_nav` ORDER BY `sort` ASC [ RunTime:0.000899s ]
[2024-03-04T11:50:52+08:00][sql] SHOW FULL COLUMNS FROM `jm_browse_index` [ RunTime:0.002141s ]
[2024-03-04T11:50:52+08:00][sql] SELECT * FROM `jm_browse_index` WHERE  `ip` = '116.179.32.114' ORDER BY `id` DESC LIMIT 1 [ RunTime:0.004996s ]
[2024-03-04T11:50:52+08:00][sql] INSERT INTO `jm_browse_index` SET `cid` = 0 , `url` = '/page/11.html' , `ip` = '116.179.32.114' , `mark` = 'eccf13f966a6d2f7057d68cbf18a6e2f' , `user_agent` = 'Mozilla/5.0 (compatible; Baiduspider/2.0; +http://www.baidu.com/search/spider.html)' , `create_time` = '2024-03-04 11:50:52.144749' [ RunTime:0.000437s ]
[2024-03-04T11:50:52+08:00][sql] SHOW FULL COLUMNS FROM `jm_page_index` [ RunTime:0.002004s ]
[2024-03-04T11:50:52+08:00][sql] SELECT * FROM `jm_page_index` WHERE  `id` = 11 LIMIT 1 [ RunTime:0.000860s ]
[2024-03-04T11:50:52+08:00][sql] SHOW FULL COLUMNS FROM `jm_category` [ RunTime:0.002131s ]
[2024-03-04T11:50:52+08:00][sql] SELECT * FROM `jm_category` WHERE  `id` = 76 LIMIT 1 [ RunTime:0.000807s ]
[2024-03-04T11:50:52+08:00][sql] SELECT * FROM `jm_category` WHERE  `id` = 0 LIMIT 1 [ RunTime:0.000490s ]
[2024-03-04T11:50:52+08:00][sql] SHOW FULL COLUMNS FROM `jm_ad_index` [ RunTime:0.002301s ]
[2024-03-04T11:50:52+08:00][sql] SELECT * FROM `jm_ad_index` WHERE  `g_id` = 76 LIMIT 1 [ RunTime:0.000805s ]
[2024-03-04T11:50:52+08:00][sql] SELECT `id` FROM `jm_page_index` WHERE  `c_id` = 76 LIMIT 1 [ RunTime:0.000313s ]
[2024-03-04T11:50:52+08:00][sql] SELECT * FROM `jm_category` WHERE  `pid` = 76 [ RunTime:0.000372s ]
[2024-03-04T11:50:52+08:00][sql] SELECT * FROM `jm_page_index` WHERE  `c_id` = 76 ORDER BY `sort` ASC [ RunTime:0.000541s ]
[2024-03-04T13:44:01+08:00][sql] CONNECT:[ UseTime:0.001457s ] mysql:host=127.0.0.1;port=3306;dbname=www_fsqf_com;charset=utf8
[2024-03-04T13:44:01+08:00][sql] SHOW FULL COLUMNS FROM `jm_nav` [ RunTime:0.004129s ]
[2024-03-04T13:44:01+08:00][sql] SELECT * FROM `jm_nav` ORDER BY `sort` ASC [ RunTime:0.001031s ]
[2024-03-04T13:44:01+08:00][sql] SHOW FULL COLUMNS FROM `jm_browse_index` [ RunTime:0.001889s ]
[2024-03-04T13:44:01+08:00][sql] SELECT * FROM `jm_browse_index` WHERE  `ip` = '117.136.122.122' ORDER BY `id` DESC LIMIT 1 [ RunTime:0.005558s ]
[2024-03-04T13:44:01+08:00][sql] INSERT INTO `jm_browse_index` SET `cid` = 0 , `url` = '/page/1.html' , `ip` = '117.136.122.122' , `mark` = '64b2c6ff7f1c6860c829659f458b84ab' , `user_agent` = 'Mozilla/5.0 (iPhone; CPU iPhone OS 16_1_1 like Mac OS X) AppleWebKit/605.1.15 (KHTML, like Gecko) Mobile/15E148 SP-engine/2.89.0 main/1.0 baiduboxapp/13.51.1.10 (Baidu; P2 16.1.1) NABar/1.0 themeUA=Theme/default' , `create_time` = '2024-03-04 13:44:01.328299' [ RunTime:0.000457s ]
[2024-03-04T13:44:01+08:00][sql] SHOW FULL COLUMNS FROM `jm_page_index` [ RunTime:0.001542s ]
[2024-03-04T13:44:01+08:00][sql] SELECT * FROM `jm_page_index` WHERE  `id` = 1 LIMIT 1 [ RunTime:0.000699s ]
[2024-03-04T13:44:01+08:00][sql] SHOW FULL COLUMNS FROM `jm_category` [ RunTime:0.001833s ]
[2024-03-04T13:44:01+08:00][sql] SELECT * FROM `jm_category` WHERE  `id` = 52 LIMIT 1 [ RunTime:0.000607s ]
[2024-03-04T13:44:01+08:00][sql] SELECT * FROM `jm_category` WHERE  `id` = 0 LIMIT 1 [ RunTime:0.000323s ]
[2024-03-04T13:44:01+08:00][sql] SHOW FULL COLUMNS FROM `jm_ad_index` [ RunTime:0.001487s ]
[2024-03-04T13:44:01+08:00][sql] SELECT * FROM `jm_ad_index` WHERE  `g_id` = 52 LIMIT 1 [ RunTime:0.000528s ]
[2024-03-04T13:44:01+08:00][sql] SELECT `id` FROM `jm_page_index` WHERE  `c_id` = 52 LIMIT 1 [ RunTime:0.000278s ]
[2024-03-04T13:44:01+08:00][sql] SELECT * FROM `jm_category` WHERE  `pid` = 52 [ RunTime:0.000338s ]
[2024-03-04T13:44:01+08:00][sql] SELECT * FROM `jm_page_index` WHERE  `c_id` = 76 ORDER BY `sort` ASC [ RunTime:0.000325s ]
[2024-03-04T13:52:31+08:00][sql] CONNECT:[ UseTime:0.001347s ] mysql:host=127.0.0.1;port=3306;dbname=www_fsqf_com;charset=utf8
[2024-03-04T13:52:31+08:00][sql] SHOW FULL COLUMNS FROM `jm_nav` [ RunTime:0.003487s ]
[2024-03-04T13:52:31+08:00][sql] SELECT * FROM `jm_nav` ORDER BY `sort` ASC [ RunTime:0.001141s ]
[2024-03-04T13:52:31+08:00][sql] SHOW FULL COLUMNS FROM `jm_browse_index` [ RunTime:0.001578s ]
[2024-03-04T13:52:31+08:00][sql] SELECT * FROM `jm_browse_index` WHERE  `ip` = '117.136.122.122' ORDER BY `id` DESC LIMIT 1 [ RunTime:0.000808s ]
[2024-03-04T13:52:31+08:00][sql] SHOW FULL COLUMNS FROM `jm_page_index` [ RunTime:0.001488s ]
[2024-03-04T13:52:31+08:00][sql] SELECT * FROM `jm_page_index` WHERE  `id` = 1 LIMIT 1 [ RunTime:0.000879s ]
[2024-03-04T13:52:31+08:00][sql] SHOW FULL COLUMNS FROM `jm_category` [ RunTime:0.002661s ]
[2024-03-04T13:52:31+08:00][sql] SELECT * FROM `jm_category` WHERE  `id` = 52 LIMIT 1 [ RunTime:0.000769s ]
[2024-03-04T13:52:31+08:00][sql] SELECT * FROM `jm_category` WHERE  `id` = 0 LIMIT 1 [ RunTime:0.000502s ]
[2024-03-04T13:52:31+08:00][sql] SHOW FULL COLUMNS FROM `jm_ad_index` [ RunTime:0.002534s ]
[2024-03-04T13:52:31+08:00][sql] SELECT * FROM `jm_ad_index` WHERE  `g_id` = 52 LIMIT 1 [ RunTime:0.000667s ]
[2024-03-04T13:52:31+08:00][sql] SELECT `id` FROM `jm_page_index` WHERE  `c_id` = 52 LIMIT 1 [ RunTime:0.000279s ]
[2024-03-04T13:52:31+08:00][sql] SELECT * FROM `jm_category` WHERE  `pid` = 52 [ RunTime:0.000316s ]
[2024-03-04T13:52:31+08:00][sql] SELECT * FROM `jm_page_index` WHERE  `c_id` = 76 ORDER BY `sort` ASC [ RunTime:0.000313s ]
[2024-03-04T13:56:39+08:00][sql] CONNECT:[ UseTime:0.000966s ] mysql:host=127.0.0.1;port=3306;dbname=www_fsqf_com;charset=utf8
[2024-03-04T13:56:39+08:00][sql] SHOW FULL COLUMNS FROM `jm_nav` [ RunTime:0.001582s ]
[2024-03-04T13:56:39+08:00][sql] SELECT * FROM `jm_nav` ORDER BY `sort` ASC [ RunTime:0.000522s ]
[2024-03-04T13:56:39+08:00][sql] SHOW FULL COLUMNS FROM `jm_browse_index` [ RunTime:0.002157s ]
[2024-03-04T13:56:39+08:00][sql] SELECT * FROM `jm_browse_index` WHERE  `ip` = '220.181.108.102' ORDER BY `id` DESC LIMIT 1 [ RunTime:0.001704s ]
[2024-03-04T13:56:39+08:00][sql] INSERT INTO `jm_browse_index` SET `cid` = 0 , `url` = '/page/1.html' , `ip` = '220.181.108.102' , `mark` = '858250a25c6d4737c41e9ef1e20dc4b6' , `user_agent` = 'Mozilla/5.0 (Linux;u;Android 4.2.2;zh-cn;) AppleWebKit/534.46 (KHTML,like Gecko) Version/5.1 Mobile Safari/10600.6.3 (compatible; Baiduspider/2.0; +http://www.baidu.com/search/spider.html)' , `create_time` = '2024-03-04 13:56:39.021772' [ RunTime:0.000395s ]
[2024-03-04T13:56:39+08:00][sql] SHOW FULL COLUMNS FROM `jm_page_index` [ RunTime:0.001307s ]
[2024-03-04T13:56:39+08:00][sql] SELECT * FROM `jm_page_index` WHERE  `id` = 1 LIMIT 1 [ RunTime:0.000360s ]
[2024-03-04T13:56:39+08:00][sql] SHOW FULL COLUMNS FROM `jm_category` [ RunTime:0.001139s ]
[2024-03-04T13:56:39+08:00][sql] SELECT * FROM `jm_category` WHERE  `id` = 52 LIMIT 1 [ RunTime:0.000408s ]
[2024-03-04T13:56:39+08:00][sql] SELECT * FROM `jm_category` WHERE  `id` = 0 LIMIT 1 [ RunTime:0.000286s ]
[2024-03-04T13:56:39+08:00][sql] SHOW FULL COLUMNS FROM `jm_ad_index` [ RunTime:0.001485s ]
[2024-03-04T13:56:39+08:00][sql] SELECT * FROM `jm_ad_index` WHERE  `g_id` = 52 LIMIT 1 [ RunTime:0.000472s ]
[2024-03-04T13:56:39+08:00][sql] SELECT `id` FROM `jm_page_index` WHERE  `c_id` = 52 LIMIT 1 [ RunTime:0.000266s ]
[2024-03-04T13:56:39+08:00][sql] SELECT * FROM `jm_category` WHERE  `pid` = 52 [ RunTime:0.000272s ]
[2024-03-04T13:56:39+08:00][sql] SELECT * FROM `jm_page_index` WHERE  `c_id` = 76 ORDER BY `sort` ASC [ RunTime:0.000323s ]
[2024-03-04T13:57:06+08:00][sql] CONNECT:[ UseTime:0.000987s ] mysql:host=127.0.0.1;port=3306;dbname=www_fsqf_com;charset=utf8
[2024-03-04T13:57:06+08:00][sql] SHOW FULL COLUMNS FROM `jm_nav` [ RunTime:0.003257s ]
[2024-03-04T13:57:06+08:00][sql] SELECT * FROM `jm_nav` ORDER BY `sort` ASC [ RunTime:0.000930s ]
[2024-03-04T13:57:06+08:00][sql] SHOW FULL COLUMNS FROM `jm_browse_index` [ RunTime:0.002863s ]
[2024-03-04T13:57:06+08:00][sql] SELECT * FROM `jm_browse_index` WHERE  `ip` = '117.136.122.122' ORDER BY `id` DESC LIMIT 1 [ RunTime:0.000800s ]
[2024-03-04T13:57:06+08:00][sql] SHOW FULL COLUMNS FROM `jm_page_index` [ RunTime:0.001211s ]
[2024-03-04T13:57:06+08:00][sql] SELECT * FROM `jm_page_index` WHERE  `id` = 1 LIMIT 1 [ RunTime:0.000418s ]
[2024-03-04T13:57:06+08:00][sql] SHOW FULL COLUMNS FROM `jm_category` [ RunTime:0.001236s ]
[2024-03-04T13:57:06+08:00][sql] SELECT * FROM `jm_category` WHERE  `id` = 52 LIMIT 1 [ RunTime:0.000369s ]
[2024-03-04T13:57:06+08:00][sql] SELECT * FROM `jm_category` WHERE  `id` = 0 LIMIT 1 [ RunTime:0.000265s ]
[2024-03-04T13:57:06+08:00][sql] SHOW FULL COLUMNS FROM `jm_ad_index` [ RunTime:0.001160s ]
[2024-03-04T13:57:06+08:00][sql] SELECT * FROM `jm_ad_index` WHERE  `g_id` = 52 LIMIT 1 [ RunTime:0.000405s ]
[2024-03-04T13:57:06+08:00][sql] SELECT `id` FROM `jm_page_index` WHERE  `c_id` = 52 LIMIT 1 [ RunTime:0.000250s ]
[2024-03-04T13:57:06+08:00][sql] SELECT * FROM `jm_category` WHERE  `pid` = 52 [ RunTime:0.000263s ]
[2024-03-04T13:57:06+08:00][sql] SELECT * FROM `jm_page_index` WHERE  `c_id` = 76 ORDER BY `sort` ASC [ RunTime:0.000364s ]
[2024-03-04T14:11:49+08:00][sql] CONNECT:[ UseTime:0.001403s ] mysql:host=127.0.0.1;port=3306;dbname=www_fsqf_com;charset=utf8
[2024-03-04T14:11:49+08:00][sql] SHOW FULL COLUMNS FROM `jm_nav` [ RunTime:0.003577s ]
[2024-03-04T14:11:49+08:00][sql] SELECT * FROM `jm_nav` ORDER BY `sort` ASC [ RunTime:0.000927s ]
[2024-03-04T14:11:49+08:00][sql] SHOW FULL COLUMNS FROM `jm_browse_index` [ RunTime:0.001747s ]
[2024-03-04T14:11:49+08:00][sql] SELECT * FROM `jm_browse_index` WHERE  `ip` = '39.160.20.255' ORDER BY `id` DESC LIMIT 1 [ RunTime:0.005360s ]
[2024-03-04T14:11:49+08:00][sql] INSERT INTO `jm_browse_index` SET `cid` = 0 , `url` = '/page/1.html' , `ip` = '39.160.20.255' , `mark` = '5ad5fe79e2449ffaceefcd96464094c2' , `user_agent` = 'Mozilla/5.0 (Linux; Android 14; PHP110 Build/UKQ1.230924.001; wv) AppleWebKit/537.36 (KHTML, like Gecko) Version/4.0 Chrome/97.0.4692.98 Mobile Safari/537.36 T7/13.51 SP-engine/2.89.0 baiduboxapp/13.51.5.11 (Baidu; P1 14) NABar/1.0' , `create_time` = '2024-03-04 14:11:49.621507' [ RunTime:0.000639s ]
[2024-03-04T14:11:49+08:00][sql] SHOW FULL COLUMNS FROM `jm_page_index` [ RunTime:0.003934s ]
[2024-03-04T14:11:49+08:00][sql] SELECT * FROM `jm_page_index` WHERE  `id` = 1 LIMIT 1 [ RunTime:0.001440s ]
[2024-03-04T14:11:49+08:00][sql] SHOW FULL COLUMNS FROM `jm_category` [ RunTime:0.003100s ]
[2024-03-04T14:11:49+08:00][sql] SELECT * FROM `jm_category` WHERE  `id` = 52 LIMIT 1 [ RunTime:0.000797s ]
[2024-03-04T14:11:49+08:00][sql] SELECT * FROM `jm_category` WHERE  `id` = 0 LIMIT 1 [ RunTime:0.000458s ]
[2024-03-04T14:11:49+08:00][sql] SHOW FULL COLUMNS FROM `jm_ad_index` [ RunTime:0.002634s ]
[2024-03-04T14:11:49+08:00][sql] SELECT * FROM `jm_ad_index` WHERE  `g_id` = 52 LIMIT 1 [ RunTime:0.000705s ]
[2024-03-04T14:11:49+08:00][sql] SELECT `id` FROM `jm_page_index` WHERE  `c_id` = 52 LIMIT 1 [ RunTime:0.000412s ]
[2024-03-04T14:11:49+08:00][sql] SELECT * FROM `jm_category` WHERE  `pid` = 52 [ RunTime:0.000541s ]
[2024-03-04T14:11:49+08:00][sql] SELECT * FROM `jm_page_index` WHERE  `c_id` = 76 ORDER BY `sort` ASC [ RunTime:0.000707s ]
[2024-03-04T16:35:24+08:00][sql] CONNECT:[ UseTime:0.001302s ] mysql:host=127.0.0.1;port=3306;dbname=www_fsqf_com;charset=utf8
[2024-03-04T16:35:24+08:00][sql] SHOW FULL COLUMNS FROM `jm_nav` [ RunTime:0.003497s ]
[2024-03-04T16:35:24+08:00][sql] SELECT * FROM `jm_nav` ORDER BY `sort` ASC [ RunTime:0.001141s ]
[2024-03-04T16:35:24+08:00][sql] SHOW FULL COLUMNS FROM `jm_browse_index` [ RunTime:0.002914s ]
[2024-03-04T16:35:24+08:00][sql] SHOW FULL COLUMNS FROM `jm_news_index` [ RunTime:0.001484s ]
[2024-03-04T16:35:24+08:00][sql] SELECT `c_id` FROM `jm_news_index` WHERE  `id` = 166 LIMIT 1 [ RunTime:0.000627s ]
[2024-03-04T16:35:24+08:00][sql] SELECT * FROM `jm_browse_index` WHERE  `ip` = '220.181.108.84' ORDER BY `id` DESC LIMIT 1 [ RunTime:0.001840s ]
[2024-03-04T16:35:24+08:00][sql] INSERT INTO `jm_browse_index` SET `cid` = 77 , `url` = '/show/166.html' , `ip` = '220.181.108.84' , `mark` = '7b301f2f5dd783e31ec0e3094d3a4547' , `user_agent` = 'Mozilla/5.0 (compatible; Baiduspider/2.0; +http://www.baidu.com/search/spider.html)' , `create_time` = '2024-03-04 16:35:24.284760' [ RunTime:0.000408s ]
[2024-03-04T16:35:24+08:00][sql] SELECT * FROM `jm_news_index` WHERE  `id` = 166 LIMIT 1 [ RunTime:0.000493s ]
[2024-03-04T16:35:24+08:00][sql] SHOW FULL COLUMNS FROM `jm_category` [ RunTime:0.001760s ]
[2024-03-04T16:35:24+08:00][sql] SELECT * FROM `jm_category` WHERE  `id` = 77 LIMIT 1 [ RunTime:0.000780s ]
[2024-03-04T16:35:24+08:00][sql] SELECT * FROM `jm_category` WHERE  `id` = 74 LIMIT 1 [ RunTime:0.000478s ]
[2024-03-04T16:35:24+08:00][sql] SHOW FULL COLUMNS FROM `jm_ad_index` [ RunTime:0.002669s ]
[2024-03-04T16:35:24+08:00][sql] SELECT * FROM `jm_ad_index` WHERE  `g_id` = 74 LIMIT 1 [ RunTime:0.001082s ]
[2024-03-04T16:35:24+08:00][sql] SELECT * FROM `jm_category` WHERE  `pid` = 74 [ RunTime:0.001049s ]
[2024-03-04T16:35:24+08:00][sql] SELECT * FROM `jm_news_index` WHERE  `c_id` = 77  AND `id` > 166  AND `status` = 1 LIMIT 1 [ RunTime:0.001074s ]
[2024-03-04T16:35:24+08:00][sql] SELECT * FROM `jm_news_index` WHERE  `c_id` = 77  AND `id` < 166  AND `status` = 1 LIMIT 1 [ RunTime:0.000583s ]
[2024-03-04T23:13:14+08:00][sql] CONNECT:[ UseTime:0.000636s ] mysql:host=127.0.0.1;port=3306;dbname=www_fsqf_com;charset=utf8
[2024-03-04T23:13:14+08:00][sql] SHOW FULL COLUMNS FROM `jm_nav` [ RunTime:0.001510s ]
[2024-03-04T23:13:14+08:00][sql] SELECT * FROM `jm_nav` ORDER BY `sort` ASC [ RunTime:0.000593s ]
[2024-03-04T23:13:14+08:00][sql] SHOW FULL COLUMNS FROM `jm_browse_index` [ RunTime:0.001168s ]
[2024-03-04T23:13:14+08:00][sql] SHOW FULL COLUMNS FROM `jm_news_index` [ RunTime:0.001456s ]
[2024-03-04T23:13:14+08:00][sql] SELECT `c_id` FROM `jm_news_index` WHERE  `id` = 167 LIMIT 1 [ RunTime:0.000546s ]
[2024-03-04T23:13:14+08:00][sql] SELECT * FROM `jm_browse_index` WHERE  `ip` = '220.181.108.113' ORDER BY `id` DESC LIMIT 1 [ RunTime:0.000536s ]
[2024-03-04T23:13:14+08:00][sql] INSERT INTO `jm_browse_index` SET `cid` = 77 , `url` = '/show/167.html' , `ip` = '220.181.108.113' , `mark` = '76f119ee4c8c5ef3726a60dcad687ef9' , `user_agent` = 'Mozilla/5.0 (compatible; Baiduspider/2.0; +http://www.baidu.com/search/spider.html)' , `create_time` = '2024-03-04 23:13:14.445906' [ RunTime:0.000378s ]
[2024-03-04T23:13:14+08:00][sql] SELECT * FROM `jm_news_index` WHERE  `id` = 167 LIMIT 1 [ RunTime:0.000414s ]
[2024-03-04T23:13:14+08:00][sql] SHOW FULL COLUMNS FROM `jm_category` [ RunTime:0.001618s ]
[2024-03-04T23:13:14+08:00][sql] SELECT * FROM `jm_category` WHERE  `id` = 77 LIMIT 1 [ RunTime:0.000617s ]
[2024-03-04T23:13:14+08:00][sql] SELECT * FROM `jm_category` WHERE  `id` = 74 LIMIT 1 [ RunTime:0.000365s ]
[2024-03-04T23:13:14+08:00][sql] SHOW FULL COLUMNS FROM `jm_ad_index` [ RunTime:0.001478s ]
[2024-03-04T23:13:14+08:00][sql] SELECT * FROM `jm_ad_index` WHERE  `g_id` = 74 LIMIT 1 [ RunTime:0.000616s ]
[2024-03-04T23:13:14+08:00][sql] SELECT * FROM `jm_category` WHERE  `pid` = 74 [ RunTime:0.000335s ]
[2024-03-04T23:13:14+08:00][sql] SELECT * FROM `jm_news_index` WHERE  `c_id` = 77  AND `id` > 167  AND `status` = 1 LIMIT 1 [ RunTime:0.000438s ]
[2024-03-04T23:13:14+08:00][sql] SELECT * FROM `jm_news_index` WHERE  `c_id` = 77  AND `id` < 167  AND `status` = 1 LIMIT 1 [ RunTime:0.000444s ]
