[2024-03-10T01:29:14+08:00][sql] CONNECT:[ UseTime:0.000956s ] mysql:host=127.0.0.1;port=3306;dbname=www_fsqf_com;charset=utf8
[2024-03-10T01:29:14+08:00][sql] SHOW FULL COLUMNS FROM `jm_nav` [ RunTime:0.001666s ]
[2024-03-10T01:29:14+08:00][sql] SELECT * FROM `jm_nav` ORDER BY `sort` ASC [ RunTime:0.000546s ]
[2024-03-10T01:29:14+08:00][sql] SHOW FULL COLUMNS FROM `jm_browse_index` [ RunTime:0.001180s ]
[2024-03-10T01:29:14+08:00][sql] SHOW FULL COLUMNS FROM `jm_news_index` [ RunTime:0.001324s ]
[2024-03-10T01:29:14+08:00][sql] SELECT `c_id` FROM `jm_news_index` WHERE  `id` = 173 LIMIT 1 [ RunTime:0.000502s ]
[2024-03-10T01:29:14+08:00][sql] SELECT * FROM `jm_browse_index` WHERE  `ip` = '220.181.108.93' ORDER BY `id` DESC LIMIT 1 [ RunTime:0.001992s ]
[2024-03-10T01:29:14+08:00][sql] INSERT INTO `jm_browse_index` SET `cid` = 79 , `url` = '/show/173.html' , `ip` = '220.181.108.93' , `mark` = '40f21ff5fb6452cc68296add3ae3549e' , `user_agent` = 'Mozilla/5.0 (compatible; Baiduspider/2.0; +http://www.baidu.com/search/spider.html)' , `create_time` = '2024-03-10 01:29:14.062374' [ RunTime:0.000375s ]
[2024-03-10T01:29:14+08:00][sql] SELECT * FROM `jm_news_index` WHERE  `id` = 173 LIMIT 1 [ RunTime:0.000491s ]
[2024-03-10T01:29:14+08:00][sql] SHOW FULL COLUMNS FROM `jm_category` [ RunTime:0.001690s ]
[2024-03-10T01:29:14+08:00][sql] SELECT * FROM `jm_category` WHERE  `id` = 79 LIMIT 1 [ RunTime:0.000575s ]
[2024-03-10T01:29:14+08:00][sql] SELECT * FROM `jm_category` WHERE  `id` = 74 LIMIT 1 [ RunTime:0.000289s ]
[2024-03-10T01:29:14+08:00][sql] SHOW FULL COLUMNS FROM `jm_ad_index` [ RunTime:0.001593s ]
[2024-03-10T01:29:14+08:00][sql] SELECT * FROM `jm_ad_index` WHERE  `g_id` = 74 LIMIT 1 [ RunTime:0.000699s ]
[2024-03-10T01:29:14+08:00][sql] SELECT * FROM `jm_category` WHERE  `pid` = 74 [ RunTime:0.000418s ]
[2024-03-10T01:29:14+08:00][sql] SELECT * FROM `jm_news_index` WHERE  `c_id` = 79  AND `id` > 173  AND `status` = 1 LIMIT 1 [ RunTime:0.000830s ]
[2024-03-10T01:29:14+08:00][sql] SELECT * FROM `jm_news_index` WHERE  `c_id` = 79  AND `id` < 173  AND `status` = 1 LIMIT 1 [ RunTime:0.000768s ]
[2024-03-10T01:29:15+08:00][sql] CONNECT:[ UseTime:0.000818s ] mysql:host=127.0.0.1;port=3306;dbname=www_fsqf_com;charset=utf8
[2024-03-10T01:29:15+08:00][sql] SHOW FULL COLUMNS FROM `jm_nav` [ RunTime:0.001629s ]
[2024-03-10T01:29:15+08:00][sql] SELECT * FROM `jm_nav` ORDER BY `sort` ASC [ RunTime:0.000561s ]
[2024-03-10T01:29:15+08:00][sql] SHOW FULL COLUMNS FROM `jm_browse_index` [ RunTime:0.001348s ]
[2024-03-10T01:29:15+08:00][sql] SHOW FULL COLUMNS FROM `jm_news_index` [ RunTime:0.001685s ]
[2024-03-10T01:29:15+08:00][sql] SELECT `c_id` FROM `jm_news_index` WHERE  `id` = 170 LIMIT 1 [ RunTime:0.000558s ]
[2024-03-10T01:29:15+08:00][sql] SELECT * FROM `jm_browse_index` WHERE  `ip` = '220.181.108.155' ORDER BY `id` DESC LIMIT 1 [ RunTime:0.001346s ]
[2024-03-10T01:29:15+08:00][sql] INSERT INTO `jm_browse_index` SET `cid` = 77 , `url` = '/show/170.html' , `ip` = '220.181.108.155' , `mark` = '0116fc24ac30ce3231c0e3690202c046' , `user_agent` = 'Mozilla/5.0 (compatible; Baiduspider/2.0; +http://www.baidu.com/search/spider.html)' , `create_time` = '2024-03-10 01:29:15.717241' [ RunTime:0.000606s ]
[2024-03-10T01:29:15+08:00][sql] SELECT * FROM `jm_news_index` WHERE  `id` = 170 LIMIT 1 [ RunTime:0.000618s ]
[2024-03-10T01:29:15+08:00][sql] SHOW FULL COLUMNS FROM `jm_category` [ RunTime:0.001928s ]
[2024-03-10T01:29:15+08:00][sql] SELECT * FROM `jm_category` WHERE  `id` = 77 LIMIT 1 [ RunTime:0.000805s ]
[2024-03-10T01:29:15+08:00][sql] SELECT * FROM `jm_category` WHERE  `id` = 74 LIMIT 1 [ RunTime:0.000640s ]
[2024-03-10T01:29:15+08:00][sql] SHOW FULL COLUMNS FROM `jm_ad_index` [ RunTime:0.001920s ]
[2024-03-10T01:29:15+08:00][sql] SELECT * FROM `jm_ad_index` WHERE  `g_id` = 74 LIMIT 1 [ RunTime:0.000592s ]
[2024-03-10T01:29:15+08:00][sql] SELECT * FROM `jm_category` WHERE  `pid` = 74 [ RunTime:0.000532s ]
[2024-03-10T01:29:15+08:00][sql] SELECT * FROM `jm_news_index` WHERE  `c_id` = 77  AND `id` > 170  AND `status` = 1 LIMIT 1 [ RunTime:0.000772s ]
[2024-03-10T01:29:15+08:00][sql] SELECT * FROM `jm_news_index` WHERE  `c_id` = 77  AND `id` < 170  AND `status` = 1 LIMIT 1 [ RunTime:0.000685s ]
[2024-03-10T01:42:32+08:00][sql] CONNECT:[ UseTime:0.000735s ] mysql:host=127.0.0.1;port=3306;dbname=www_fsqf_com;charset=utf8
[2024-03-10T01:42:32+08:00][sql] SHOW FULL COLUMNS FROM `jm_nav` [ RunTime:0.002191s ]
[2024-03-10T01:42:32+08:00][sql] SELECT * FROM `jm_nav` ORDER BY `sort` ASC [ RunTime:0.000626s ]
[2024-03-10T01:42:32+08:00][sql] SHOW FULL COLUMNS FROM `jm_browse_index` [ RunTime:0.001579s ]
[2024-03-10T01:42:32+08:00][sql] SELECT * FROM `jm_browse_index` WHERE  `ip` = '101.67.49.158' ORDER BY `id` DESC LIMIT 1 [ RunTime:0.005846s ]
[2024-03-10T01:42:32+08:00][sql] INSERT INTO `jm_browse_index` SET `cid` = 74 , `url` = '/list/74.html?page=3' , `ip` = '101.67.49.158' , `mark` = '30d81646a1e6b556dc08f7d1dc677395' , `user_agent` = 'Mozilla/5.0 (Windows NT 6.1; Win64; x64) AppleWebKit/537.36 (KHTML, like Gecko) Chrome/69.0.3497.81 YisouSpider/5.0 Safari/537.36' , `create_time` = '2024-03-10 01:42:32.035759' [ RunTime:0.000489s ]
[2024-03-10T01:42:32+08:00][sql] SHOW FULL COLUMNS FROM `jm_category` [ RunTime:0.003027s ]
[2024-03-10T01:42:32+08:00][sql] SELECT `pid` FROM `jm_category` WHERE  `id` = 74 LIMIT 1 [ RunTime:0.001167s ]
[2024-03-10T01:42:32+08:00][sql] SELECT `id` FROM `jm_category` WHERE  `pid` = 74 [ RunTime:0.000629s ]
[2024-03-10T01:42:32+08:00][sql] SHOW FULL COLUMNS FROM `jm_news_index` [ RunTime:0.003209s ]
[2024-03-10T01:42:32+08:00][sql] SELECT COUNT(*) AS think_count FROM `jm_news_index` WHERE  `status` = 1  AND `c_id` IN (77,78,79) LIMIT 1 [ RunTime:0.000793s ]
[2024-03-10T01:42:32+08:00][sql] SELECT * FROM `jm_news_index` WHERE  `status` = 1  AND `c_id` IN (77,78,79) ORDER BY `create_time` DESC LIMIT 10,5 [ RunTime:0.000554s ]
[2024-03-10T01:42:32+08:00][sql] SELECT * FROM `jm_category` WHERE  `id` = 74 LIMIT 1 [ RunTime:0.000386s ]
[2024-03-10T01:42:32+08:00][sql] SELECT * FROM `jm_category` WHERE  `id` = 0 LIMIT 1 [ RunTime:0.000311s ]
[2024-03-10T01:42:32+08:00][sql] SHOW FULL COLUMNS FROM `jm_ad_index` [ RunTime:0.001723s ]
[2024-03-10T01:42:32+08:00][sql] SELECT * FROM `jm_ad_index` WHERE  `g_id` = 74 LIMIT 1 [ RunTime:0.000673s ]
[2024-03-10T01:42:32+08:00][sql] SELECT * FROM `jm_category` WHERE  `pid` = 74 ORDER BY `sort` ASC [ RunTime:0.000395s ]
[2024-03-10T02:14:04+08:00][sql] CONNECT:[ UseTime:0.001182s ] mysql:host=127.0.0.1;port=3306;dbname=www_fsqf_com;charset=utf8
[2024-03-10T02:14:04+08:00][sql] SHOW FULL COLUMNS FROM `jm_nav` [ RunTime:0.003308s ]
[2024-03-10T02:14:04+08:00][sql] SELECT * FROM `jm_nav` ORDER BY `sort` ASC [ RunTime:0.001235s ]
[2024-03-10T02:14:04+08:00][sql] SHOW FULL COLUMNS FROM `jm_browse_index` [ RunTime:0.001442s ]
[2024-03-10T02:14:04+08:00][sql] SHOW FULL COLUMNS FROM `jm_news_index` [ RunTime:0.001691s ]
[2024-03-10T02:14:04+08:00][sql] SELECT `c_id` FROM `jm_news_index` WHERE  `id` = 176 LIMIT 1 [ RunTime:0.000542s ]
[2024-03-10T02:14:04+08:00][sql] SELECT * FROM `jm_browse_index` WHERE  `ip` = '101.67.49.251' ORDER BY `id` DESC LIMIT 1 [ RunTime:0.004668s ]
[2024-03-10T02:14:04+08:00][sql] INSERT INTO `jm_browse_index` SET `cid` = 78 , `url` = '/show/176.html' , `ip` = '101.67.49.251' , `mark` = 'b3c1284ac76b9de783fb27cd3ebf59a9' , `user_agent` = 'Mozilla/5.0 (Windows NT 6.1; Win64; x64) AppleWebKit/537.36 (KHTML, like Gecko) Chrome/69.0.3497.81 YisouSpider/5.0 Safari/537.36' , `create_time` = '2024-03-10 02:14:03.975674' [ RunTime:0.000432s ]
[2024-03-10T02:14:04+08:00][sql] SELECT * FROM `jm_news_index` WHERE  `id` = 176 LIMIT 1 [ RunTime:0.000368s ]
[2024-03-10T02:14:04+08:00][sql] SHOW FULL COLUMNS FROM `jm_category` [ RunTime:0.001393s ]
[2024-03-10T02:14:04+08:00][sql] SELECT * FROM `jm_category` WHERE  `id` = 78 LIMIT 1 [ RunTime:0.000623s ]
[2024-03-10T02:14:04+08:00][sql] SELECT * FROM `jm_category` WHERE  `id` = 74 LIMIT 1 [ RunTime:0.000457s ]
[2024-03-10T02:14:04+08:00][sql] SHOW FULL COLUMNS FROM `jm_ad_index` [ RunTime:0.001702s ]
[2024-03-10T02:14:04+08:00][sql] SELECT * FROM `jm_ad_index` WHERE  `g_id` = 74 LIMIT 1 [ RunTime:0.000812s ]
[2024-03-10T02:14:04+08:00][sql] SELECT * FROM `jm_category` WHERE  `pid` = 74 [ RunTime:0.000528s ]
[2024-03-10T02:14:04+08:00][sql] SELECT * FROM `jm_news_index` WHERE  `c_id` = 78  AND `id` > 176  AND `status` = 1 LIMIT 1 [ RunTime:0.000576s ]
[2024-03-10T02:14:04+08:00][sql] SELECT * FROM `jm_news_index` WHERE  `c_id` = 78  AND `id` < 176  AND `status` = 1 LIMIT 1 [ RunTime:0.000542s ]
[2024-03-10T06:10:32+08:00][sql] CONNECT:[ UseTime:0.000767s ] mysql:host=127.0.0.1;port=3306;dbname=www_fsqf_com;charset=utf8
[2024-03-10T06:10:32+08:00][sql] SHOW FULL COLUMNS FROM `jm_nav` [ RunTime:0.001739s ]
[2024-03-10T06:10:32+08:00][sql] SELECT * FROM `jm_nav` ORDER BY `sort` ASC [ RunTime:0.000704s ]
[2024-03-10T06:10:32+08:00][sql] SHOW FULL COLUMNS FROM `jm_browse_index` [ RunTime:0.001294s ]
[2024-03-10T06:10:32+08:00][sql] SHOW FULL COLUMNS FROM `jm_news_index` [ RunTime:0.001392s ]
[2024-03-10T06:10:32+08:00][sql] SELECT `c_id` FROM `jm_news_index` WHERE  `id` = 174 LIMIT 1 [ RunTime:0.000450s ]
[2024-03-10T06:10:32+08:00][sql] SELECT * FROM `jm_browse_index` WHERE  `ip` = '60.188.11.47' ORDER BY `id` DESC LIMIT 1 [ RunTime:0.004125s ]
[2024-03-10T06:10:32+08:00][sql] INSERT INTO `jm_browse_index` SET `cid` = 79 , `url` = '/show/174.html' , `ip` = '60.188.11.47' , `mark` = '0bf694873c778df84c5edba655714b47' , `user_agent` = 'Mozilla/5.0 (Windows NT 6.1; Win64; x64) AppleWebKit/537.36 (KHTML, like Gecko) Chrome/69.0.3497.81 YisouSpider/5.0 Safari/537.36' , `create_time` = '2024-03-10 06:10:32.818272' [ RunTime:0.000417s ]
[2024-03-10T06:10:32+08:00][sql] SELECT * FROM `jm_news_index` WHERE  `id` = 174 LIMIT 1 [ RunTime:0.000421s ]
[2024-03-10T06:10:32+08:00][sql] SHOW FULL COLUMNS FROM `jm_category` [ RunTime:0.001583s ]
[2024-03-10T06:10:32+08:00][sql] SELECT * FROM `jm_category` WHERE  `id` = 79 LIMIT 1 [ RunTime:0.000773s ]
[2024-03-10T06:10:32+08:00][sql] SELECT * FROM `jm_category` WHERE  `id` = 74 LIMIT 1 [ RunTime:0.000401s ]
[2024-03-10T06:10:32+08:00][sql] SHOW FULL COLUMNS FROM `jm_ad_index` [ RunTime:0.001804s ]
[2024-03-10T06:10:32+08:00][sql] SELECT * FROM `jm_ad_index` WHERE  `g_id` = 74 LIMIT 1 [ RunTime:0.000663s ]
[2024-03-10T06:10:32+08:00][sql] SELECT * FROM `jm_category` WHERE  `pid` = 74 [ RunTime:0.000452s ]
[2024-03-10T06:10:32+08:00][sql] SELECT * FROM `jm_news_index` WHERE  `c_id` = 79  AND `id` > 174  AND `status` = 1 LIMIT 1 [ RunTime:0.000568s ]
[2024-03-10T06:10:32+08:00][sql] SELECT * FROM `jm_news_index` WHERE  `c_id` = 79  AND `id` < 174  AND `status` = 1 LIMIT 1 [ RunTime:0.000528s ]
[2024-03-10T06:46:36+08:00][sql] CONNECT:[ UseTime:0.000721s ] mysql:host=127.0.0.1;port=3306;dbname=www_fsqf_com;charset=utf8
[2024-03-10T06:46:36+08:00][sql] SHOW FULL COLUMNS FROM `jm_nav` [ RunTime:0.001518s ]
[2024-03-10T06:46:36+08:00][sql] SELECT * FROM `jm_nav` ORDER BY `sort` ASC [ RunTime:0.000663s ]
[2024-03-10T06:46:36+08:00][sql] SHOW FULL COLUMNS FROM `jm_browse_index` [ RunTime:0.001309s ]
[2024-03-10T06:46:36+08:00][sql] SHOW FULL COLUMNS FROM `jm_news_index` [ RunTime:0.001435s ]
[2024-03-10T06:46:36+08:00][sql] SELECT `c_id` FROM `jm_news_index` WHERE  `id` = 172 LIMIT 1 [ RunTime:0.000534s ]
[2024-03-10T06:46:36+08:00][sql] SELECT * FROM `jm_browse_index` WHERE  `ip` = '60.188.9.66' ORDER BY `id` DESC LIMIT 1 [ RunTime:0.002902s ]
[2024-03-10T06:46:36+08:00][sql] INSERT INTO `jm_browse_index` SET `cid` = 79 , `url` = '/show/172.html' , `ip` = '60.188.9.66' , `mark` = 'fb04a05b592728af7e5d1484a5ef2add' , `user_agent` = 'Mozilla/5.0 (Windows NT 6.1; Win64; x64) AppleWebKit/537.36 (KHTML, like Gecko) Chrome/69.0.3497.81 YisouSpider/5.0 Safari/537.36' , `create_time` = '2024-03-10 06:46:36.130360' [ RunTime:0.000383s ]
[2024-03-10T06:46:36+08:00][sql] SELECT * FROM `jm_news_index` WHERE  `id` = 172 LIMIT 1 [ RunTime:0.000448s ]
[2024-03-10T06:46:36+08:00][sql] SHOW FULL COLUMNS FROM `jm_category` [ RunTime:0.001376s ]
[2024-03-10T06:46:36+08:00][sql] SELECT * FROM `jm_category` WHERE  `id` = 79 LIMIT 1 [ RunTime:0.000549s ]
[2024-03-10T06:46:36+08:00][sql] SELECT * FROM `jm_category` WHERE  `id` = 74 LIMIT 1 [ RunTime:0.000472s ]
[2024-03-10T06:46:36+08:00][sql] SHOW FULL COLUMNS FROM `jm_ad_index` [ RunTime:0.001468s ]
[2024-03-10T06:46:36+08:00][sql] SELECT * FROM `jm_ad_index` WHERE  `g_id` = 74 LIMIT 1 [ RunTime:0.000558s ]
[2024-03-10T06:46:36+08:00][sql] SELECT * FROM `jm_category` WHERE  `pid` = 74 [ RunTime:0.000448s ]
[2024-03-10T06:46:36+08:00][sql] SELECT * FROM `jm_news_index` WHERE  `c_id` = 79  AND `id` > 172  AND `status` = 1 LIMIT 1 [ RunTime:0.000521s ]
[2024-03-10T06:46:36+08:00][sql] SELECT * FROM `jm_news_index` WHERE  `c_id` = 79  AND `id` < 172  AND `status` = 1 LIMIT 1 [ RunTime:0.000595s ]
[2024-03-10T10:33:11+08:00][sql] CONNECT:[ UseTime:0.001228s ] mysql:host=127.0.0.1;port=3306;dbname=www_fsqf_com;charset=utf8
[2024-03-10T10:33:11+08:00][sql] SHOW FULL COLUMNS FROM `jm_nav` [ RunTime:0.001951s ]
[2024-03-10T10:33:11+08:00][sql] SELECT * FROM `jm_nav` ORDER BY `sort` ASC [ RunTime:0.001181s ]
[2024-03-10T10:33:11+08:00][sql] SHOW FULL COLUMNS FROM `jm_browse_index` [ RunTime:0.001642s ]
[2024-03-10T10:33:11+08:00][sql] SHOW FULL COLUMNS FROM `jm_news_index` [ RunTime:0.001679s ]
[2024-03-10T10:33:11+08:00][sql] SELECT `c_id` FROM `jm_news_index` WHERE  `id` = 166 LIMIT 1 [ RunTime:0.000571s ]
[2024-03-10T10:33:11+08:00][sql] SELECT * FROM `jm_browse_index` WHERE  `ip` = '39.173.107.56' ORDER BY `id` DESC LIMIT 1 [ RunTime:0.002012s ]
[2024-03-10T10:33:11+08:00][sql] INSERT INTO `jm_browse_index` SET `cid` = 77 , `url` = '/show/166.html' , `ip` = '39.173.107.56' , `mark` = '574805921cd792d4e23ff1c00d62271f' , `user_agent` = 'Mozilla/5.0 (Windows NT 6.1; Win64; x64) AppleWebKit/537.36 (KHTML, like Gecko) Chrome/69.0.3497.81 YisouSpider/5.0 Safari/537.36' , `create_time` = '2024-03-10 10:33:11.188809' [ RunTime:0.000605s ]
[2024-03-10T10:33:11+08:00][sql] SELECT * FROM `jm_news_index` WHERE  `id` = 166 LIMIT 1 [ RunTime:0.000581s ]
[2024-03-10T10:33:11+08:00][sql] SHOW FULL COLUMNS FROM `jm_category` [ RunTime:0.002087s ]
[2024-03-10T10:33:11+08:00][sql] SELECT * FROM `jm_category` WHERE  `id` = 77 LIMIT 1 [ RunTime:0.000707s ]
[2024-03-10T10:33:11+08:00][sql] SELECT * FROM `jm_category` WHERE  `id` = 74 LIMIT 1 [ RunTime:0.000425s ]
[2024-03-10T10:33:11+08:00][sql] SHOW FULL COLUMNS FROM `jm_ad_index` [ RunTime:0.001769s ]
[2024-03-10T10:33:11+08:00][sql] SELECT * FROM `jm_ad_index` WHERE  `g_id` = 74 LIMIT 1 [ RunTime:0.000677s ]
[2024-03-10T10:33:11+08:00][sql] SELECT * FROM `jm_category` WHERE  `pid` = 74 [ RunTime:0.000475s ]
[2024-03-10T10:33:11+08:00][sql] SELECT * FROM `jm_news_index` WHERE  `c_id` = 77  AND `id` > 166  AND `status` = 1 LIMIT 1 [ RunTime:0.000551s ]
[2024-03-10T10:33:11+08:00][sql] SELECT * FROM `jm_news_index` WHERE  `c_id` = 77  AND `id` < 166  AND `status` = 1 LIMIT 1 [ RunTime:0.000538s ]
[2024-03-10T10:57:29+08:00][sql] CONNECT:[ UseTime:0.001201s ] mysql:host=127.0.0.1;port=3306;dbname=www_fsqf_com;charset=utf8
[2024-03-10T10:57:29+08:00][sql] SHOW FULL COLUMNS FROM `jm_nav` [ RunTime:0.002460s ]
[2024-03-10T10:57:29+08:00][sql] SELECT * FROM `jm_nav` ORDER BY `sort` ASC [ RunTime:0.000919s ]
[2024-03-10T10:57:29+08:00][sql] SHOW FULL COLUMNS FROM `jm_browse_index` [ RunTime:0.001969s ]
[2024-03-10T10:57:29+08:00][sql] SELECT * FROM `jm_browse_index` WHERE  `ip` = '220.175.48.134' ORDER BY `id` DESC LIMIT 1 [ RunTime:0.000804s ]
[2024-03-10T10:57:29+08:00][sql] INSERT INTO `jm_browse_index` SET `cid` = 74 , `url` = '/list/74.html?page=2' , `ip` = '220.175.48.134' , `mark` = '252ff5c5b8bf13ddc5655813321bcd2e' , `user_agent` = 'python-requests/2.28.2' , `create_time` = '2024-03-10 10:57:29.563907' [ RunTime:0.000666s ]
[2024-03-10T10:57:29+08:00][sql] SHOW FULL COLUMNS FROM `jm_category` [ RunTime:0.001993s ]
[2024-03-10T10:57:29+08:00][sql] SELECT `pid` FROM `jm_category` WHERE  `id` = 74 LIMIT 1 [ RunTime:0.000672s ]
[2024-03-10T10:57:29+08:00][sql] SELECT `id` FROM `jm_category` WHERE  `pid` = 74 [ RunTime:0.000377s ]
[2024-03-10T10:57:29+08:00][sql] SHOW FULL COLUMNS FROM `jm_news_index` [ RunTime:0.001931s ]
[2024-03-10T10:57:29+08:00][sql] SELECT COUNT(*) AS think_count FROM `jm_news_index` WHERE  `status` = 1  AND `c_id` IN (77,78,79) LIMIT 1 [ RunTime:0.000927s ]
[2024-03-10T10:57:29+08:00][sql] SELECT * FROM `jm_news_index` WHERE  `status` = 1  AND `c_id` IN (77,78,79) ORDER BY `create_time` DESC LIMIT 5,5 [ RunTime:0.000973s ]
[2024-03-10T10:57:29+08:00][sql] SELECT * FROM `jm_category` WHERE  `id` = 74 LIMIT 1 [ RunTime:0.000664s ]
[2024-03-10T10:57:29+08:00][sql] SELECT * FROM `jm_category` WHERE  `id` = 0 LIMIT 1 [ RunTime:0.000496s ]
[2024-03-10T10:57:29+08:00][sql] SHOW FULL COLUMNS FROM `jm_ad_index` [ RunTime:0.003004s ]
[2024-03-10T10:57:29+08:00][sql] SELECT * FROM `jm_ad_index` WHERE  `g_id` = 74 LIMIT 1 [ RunTime:0.000920s ]
[2024-03-10T10:57:29+08:00][sql] SELECT * FROM `jm_category` WHERE  `pid` = 74 ORDER BY `sort` ASC [ RunTime:0.000488s ]
[2024-03-10T11:31:03+08:00][sql] CONNECT:[ UseTime:0.001612s ] mysql:host=127.0.0.1;port=3306;dbname=www_fsqf_com;charset=utf8
[2024-03-10T11:31:03+08:00][sql] SHOW FULL COLUMNS FROM `jm_nav` [ RunTime:0.002383s ]
[2024-03-10T11:31:03+08:00][sql] SELECT * FROM `jm_nav` ORDER BY `sort` ASC [ RunTime:0.001016s ]
[2024-03-10T11:31:03+08:00][sql] SHOW FULL COLUMNS FROM `jm_browse_index` [ RunTime:0.002560s ]
[2024-03-10T11:31:03+08:00][sql] SHOW FULL COLUMNS FROM `jm_news_index` [ RunTime:0.002291s ]
[2024-03-10T11:31:03+08:00][sql] SELECT `c_id` FROM `jm_news_index` WHERE  `id` = 171 LIMIT 1 [ RunTime:0.000970s ]
[2024-03-10T11:31:03+08:00][sql] SELECT * FROM `jm_browse_index` WHERE  `ip` = '101.67.29.180' ORDER BY `id` DESC LIMIT 1 [ RunTime:0.008716s ]
[2024-03-10T11:31:03+08:00][sql] INSERT INTO `jm_browse_index` SET `cid` = 79 , `url` = '/show/171.html' , `ip` = '101.67.29.180' , `mark` = '124ed636c596c24e2e4cce330a98b2b0' , `user_agent` = 'Mozilla/5.0 (Windows NT 6.1; Win64; x64) AppleWebKit/537.36 (KHTML, like Gecko) Chrome/69.0.3497.81 YisouSpider/5.0 Safari/537.36' , `create_time` = '2024-03-10 11:31:03.594972' [ RunTime:0.000643s ]
[2024-03-10T11:31:03+08:00][sql] SELECT * FROM `jm_news_index` WHERE  `id` = 171 LIMIT 1 [ RunTime:0.000726s ]
[2024-03-10T11:31:03+08:00][sql] SHOW FULL COLUMNS FROM `jm_category` [ RunTime:0.002410s ]
[2024-03-10T11:31:03+08:00][sql] SELECT * FROM `jm_category` WHERE  `id` = 79 LIMIT 1 [ RunTime:0.000855s ]
[2024-03-10T11:31:03+08:00][sql] SELECT * FROM `jm_category` WHERE  `id` = 74 LIMIT 1 [ RunTime:0.000604s ]
[2024-03-10T11:31:03+08:00][sql] SHOW FULL COLUMNS FROM `jm_ad_index` [ RunTime:0.002078s ]
[2024-03-10T11:31:03+08:00][sql] SELECT * FROM `jm_ad_index` WHERE  `g_id` = 74 LIMIT 1 [ RunTime:0.000854s ]
[2024-03-10T11:31:03+08:00][sql] SELECT * FROM `jm_category` WHERE  `pid` = 74 [ RunTime:0.000527s ]
[2024-03-10T11:31:03+08:00][sql] SELECT * FROM `jm_news_index` WHERE  `c_id` = 79  AND `id` > 171  AND `status` = 1 LIMIT 1 [ RunTime:0.000856s ]
[2024-03-10T11:31:03+08:00][sql] SELECT * FROM `jm_news_index` WHERE  `c_id` = 79  AND `id` < 171  AND `status` = 1 LIMIT 1 [ RunTime:0.000516s ]
[2024-03-10T11:45:18+08:00][sql] CONNECT:[ UseTime:0.000670s ] mysql:host=127.0.0.1;port=3306;dbname=www_fsqf_com;charset=utf8
[2024-03-10T11:45:18+08:00][sql] SHOW FULL COLUMNS FROM `jm_nav` [ RunTime:0.001824s ]
[2024-03-10T11:45:18+08:00][sql] SELECT * FROM `jm_nav` ORDER BY `sort` ASC [ RunTime:0.000612s ]
[2024-03-10T11:45:18+08:00][sql] SHOW FULL COLUMNS FROM `jm_browse_index` [ RunTime:0.001424s ]
[2024-03-10T11:45:18+08:00][sql] SELECT * FROM `jm_browse_index` WHERE  `ip` = '39.173.107.39' ORDER BY `id` DESC LIMIT 1 [ RunTime:0.004188s ]
[2024-03-10T11:45:18+08:00][sql] INSERT INTO `jm_browse_index` SET `cid` = 0 , `url` = '/page/2.html' , `ip` = '39.173.107.39' , `mark` = 'fdb60af04fc91ca980133aa9975ef596' , `user_agent` = 'Mozilla/5.0 (Windows NT 6.1; Win64; x64) AppleWebKit/537.36 (KHTML, like Gecko) Chrome/69.0.3497.81 YisouSpider/5.0 Safari/537.36' , `create_time` = '2024-03-10 11:45:18.193392' [ RunTime:0.000385s ]
[2024-03-10T11:45:18+08:00][sql] SHOW FULL COLUMNS FROM `jm_page_index` [ RunTime:0.003001s ]
[2024-03-10T11:45:18+08:00][sql] SELECT * FROM `jm_page_index` WHERE  `id` = 2 LIMIT 1 [ RunTime:0.001154s ]
[2024-03-10T11:45:18+08:00][sql] SHOW FULL COLUMNS FROM `jm_category` [ RunTime:0.001921s ]
[2024-03-10T11:45:18+08:00][sql] SELECT * FROM `jm_category` WHERE  `id` = 75 LIMIT 1 [ RunTime:0.000614s ]
[2024-03-10T11:45:18+08:00][sql] SELECT * FROM `jm_category` WHERE  `id` = 0 LIMIT 1 [ RunTime:0.000343s ]
[2024-03-10T11:45:18+08:00][sql] SHOW FULL COLUMNS FROM `jm_ad_index` [ RunTime:0.001836s ]
[2024-03-10T11:45:18+08:00][sql] SELECT * FROM `jm_ad_index` WHERE  `g_id` = 75 LIMIT 1 [ RunTime:0.000515s ]
[2024-03-10T11:45:18+08:00][sql] SELECT `id` FROM `jm_page_index` WHERE  `c_id` = 75 LIMIT 1 [ RunTime:0.000328s ]
[2024-03-10T11:45:18+08:00][sql] SELECT * FROM `jm_category` WHERE  `pid` = 75 [ RunTime:0.000333s ]
[2024-03-10T11:45:18+08:00][sql] SELECT * FROM `jm_page_index` WHERE  `c_id` = 76 ORDER BY `sort` ASC [ RunTime:0.000373s ]
[2024-03-10T15:06:30+08:00][sql] CONNECT:[ UseTime:0.001241s ] mysql:host=127.0.0.1;port=3306;dbname=www_fsqf_com;charset=utf8
[2024-03-10T15:06:30+08:00][sql] SHOW FULL COLUMNS FROM `jm_nav` [ RunTime:0.003345s ]
[2024-03-10T15:06:30+08:00][sql] SELECT * FROM `jm_nav` ORDER BY `sort` ASC [ RunTime:0.001215s ]
[2024-03-10T15:06:30+08:00][sql] SHOW FULL COLUMNS FROM `jm_browse_index` [ RunTime:0.001906s ]
[2024-03-10T15:06:30+08:00][sql] SELECT * FROM `jm_browse_index` WHERE  `ip` = '113.24.224.183' ORDER BY `id` DESC LIMIT 1 [ RunTime:0.005781s ]
[2024-03-10T15:06:30+08:00][sql] INSERT INTO `jm_browse_index` SET `cid` = 0 , `url` = '/' , `ip` = '113.24.224.183' , `mark` = 'a7fee289fd017d14c8249955e410090f' , `user_agent` = 'Mozilla/5.0 (Windows NT 6.1; WOW64; rv:43.0) Gecko/20100101 Firefox/43.0' , `create_time` = '2024-03-10 15:06:30.702764' [ RunTime:0.000484s ]
[2024-03-10T15:06:30+08:00][sql] SHOW FULL COLUMNS FROM `jm_news_index` [ RunTime:0.002669s ]
[2024-03-10T15:06:30+08:00][sql] SELECT * FROM `jm_news_index` WHERE  `c_id` = 78  AND `status` = 1 ORDER BY `create_time` DESC LIMIT 5 [ RunTime:0.001196s ]
[2024-03-10T15:06:30+08:00][sql] SELECT * FROM `jm_news_index` WHERE  `c_id` = 79  AND `status` = 1 ORDER BY `create_time` DESC LIMIT 5 [ RunTime:0.000946s ]
[2024-03-10T15:06:30+08:00][sql] SELECT * FROM `jm_news_index` WHERE  `c_id` = 77  AND `status` = 1 ORDER BY `create_time` DESC LIMIT 5 [ RunTime:0.000848s ]
[2024-03-10T16:07:54+08:00][sql] CONNECT:[ UseTime:0.001008s ] mysql:host=127.0.0.1;port=3306;dbname=www_fsqf_com;charset=utf8
[2024-03-10T16:07:54+08:00][sql] SHOW FULL COLUMNS FROM `jm_nav` [ RunTime:0.003290s ]
[2024-03-10T16:07:54+08:00][sql] SELECT * FROM `jm_nav` ORDER BY `sort` ASC [ RunTime:0.001221s ]
[2024-03-10T16:07:54+08:00][sql] SHOW FULL COLUMNS FROM `jm_browse_index` [ RunTime:0.001504s ]
[2024-03-10T16:07:54+08:00][sql] SELECT * FROM `jm_browse_index` WHERE  `ip` = '101.67.50.27' ORDER BY `id` DESC LIMIT 1 [ RunTime:0.002722s ]
[2024-03-10T16:07:54+08:00][sql] INSERT INTO `jm_browse_index` SET `cid` = 74 , `url` = '/list/74.html' , `ip` = '101.67.50.27' , `mark` = 'fff51b45c604128d4c7a2956cb7a3923' , `user_agent` = 'Mozilla/5.0 (Windows NT 6.1; Win64; x64) AppleWebKit/537.36 (KHTML, like Gecko) Chrome/69.0.3497.81 YisouSpider/5.0 Safari/537.36' , `create_time` = '2024-03-10 16:07:54.143622' [ RunTime:0.000539s ]
[2024-03-10T16:07:54+08:00][sql] SHOW FULL COLUMNS FROM `jm_category` [ RunTime:0.001875s ]
[2024-03-10T16:07:54+08:00][sql] SELECT `pid` FROM `jm_category` WHERE  `id` = 74 LIMIT 1 [ RunTime:0.000760s ]
[2024-03-10T16:07:54+08:00][sql] SELECT `id` FROM `jm_category` WHERE  `pid` = 74 [ RunTime:0.000812s ]
[2024-03-10T16:07:54+08:00][sql] SHOW FULL COLUMNS FROM `jm_news_index` [ RunTime:0.003165s ]
[2024-03-10T16:07:54+08:00][sql] SELECT COUNT(*) AS think_count FROM `jm_news_index` WHERE  `status` = 1  AND `c_id` IN (77,78,79) LIMIT 1 [ RunTime:0.000904s ]
[2024-03-10T16:07:54+08:00][sql] SELECT * FROM `jm_news_index` WHERE  `status` = 1  AND `c_id` IN (77,78,79) ORDER BY `create_time` DESC LIMIT 0,5 [ RunTime:0.000630s ]
[2024-03-10T16:07:54+08:00][sql] SELECT * FROM `jm_category` WHERE  `id` = 74 LIMIT 1 [ RunTime:0.000445s ]
[2024-03-10T16:07:54+08:00][sql] SELECT * FROM `jm_category` WHERE  `id` = 0 LIMIT 1 [ RunTime:0.000476s ]
[2024-03-10T16:07:54+08:00][sql] SHOW FULL COLUMNS FROM `jm_ad_index` [ RunTime:0.002458s ]
[2024-03-10T16:07:54+08:00][sql] SELECT * FROM `jm_ad_index` WHERE  `g_id` = 74 LIMIT 1 [ RunTime:0.000842s ]
[2024-03-10T16:07:54+08:00][sql] SELECT * FROM `jm_category` WHERE  `pid` = 74 ORDER BY `sort` ASC [ RunTime:0.000473s ]
[2024-03-10T16:43:51+08:00][sql] CONNECT:[ UseTime:0.001148s ] mysql:host=127.0.0.1;port=3306;dbname=www_fsqf_com;charset=utf8
[2024-03-10T16:43:51+08:00][sql] SHOW FULL COLUMNS FROM `jm_nav` [ RunTime:0.003581s ]
[2024-03-10T16:43:51+08:00][sql] SELECT * FROM `jm_nav` ORDER BY `sort` ASC [ RunTime:0.001598s ]
[2024-03-10T16:43:51+08:00][sql] SHOW FULL COLUMNS FROM `jm_browse_index` [ RunTime:0.002799s ]
[2024-03-10T16:43:51+08:00][sql] SELECT * FROM `jm_browse_index` WHERE  `ip` = '120.24.250.155' ORDER BY `id` DESC LIMIT 1 [ RunTime:0.001630s ]
[2024-03-10T16:43:51+08:00][sql] SHOW FULL COLUMNS FROM `jm_news_index` [ RunTime:0.001624s ]
[2024-03-10T16:43:51+08:00][sql] SELECT * FROM `jm_news_index` WHERE  `c_id` = 78  AND `status` = 1 ORDER BY `create_time` DESC LIMIT 5 [ RunTime:0.000819s ]
[2024-03-10T16:43:51+08:00][sql] SELECT * FROM `jm_news_index` WHERE  `c_id` = 79  AND `status` = 1 ORDER BY `create_time` DESC LIMIT 5 [ RunTime:0.000632s ]
[2024-03-10T16:43:51+08:00][sql] SELECT * FROM `jm_news_index` WHERE  `c_id` = 77  AND `status` = 1 ORDER BY `create_time` DESC LIMIT 5 [ RunTime:0.000612s ]
[2024-03-10T16:43:51+08:00][sql] CONNECT:[ UseTime:0.001045s ] mysql:host=127.0.0.1;port=3306;dbname=www_fsqf_com;charset=utf8
[2024-03-10T16:43:51+08:00][sql] SHOW FULL COLUMNS FROM `jm_nav` [ RunTime:0.002923s ]
[2024-03-10T16:43:51+08:00][sql] SELECT * FROM `jm_nav` ORDER BY `sort` ASC [ RunTime:0.000842s ]
[2024-03-10T16:43:51+08:00][sql] SHOW FULL COLUMNS FROM `jm_browse_index` [ RunTime:0.001682s ]
[2024-03-10T16:43:51+08:00][sql] SELECT * FROM `jm_browse_index` WHERE  `ip` = '120.24.250.155' ORDER BY `id` DESC LIMIT 1 [ RunTime:0.000953s ]
[2024-03-10T16:43:51+08:00][sql] SHOW FULL COLUMNS FROM `jm_news_index` [ RunTime:0.001831s ]
[2024-03-10T16:43:51+08:00][sql] SELECT * FROM `jm_news_index` WHERE  `c_id` = 78  AND `status` = 1 ORDER BY `create_time` DESC LIMIT 5 [ RunTime:0.000696s ]
[2024-03-10T16:43:51+08:00][sql] SELECT * FROM `jm_news_index` WHERE  `c_id` = 79  AND `status` = 1 ORDER BY `create_time` DESC LIMIT 5 [ RunTime:0.000701s ]
[2024-03-10T16:43:51+08:00][sql] SELECT * FROM `jm_news_index` WHERE  `c_id` = 77  AND `status` = 1 ORDER BY `create_time` DESC LIMIT 5 [ RunTime:0.000689s ]
[2024-03-10T17:38:57+08:00][sql] CONNECT:[ UseTime:0.001029s ] mysql:host=127.0.0.1;port=3306;dbname=www_fsqf_com;charset=utf8
[2024-03-10T17:38:57+08:00][sql] SHOW FULL COLUMNS FROM `jm_nav` [ RunTime:0.003092s ]
[2024-03-10T17:38:57+08:00][sql] SELECT * FROM `jm_nav` ORDER BY `sort` ASC [ RunTime:0.001069s ]
[2024-03-10T17:38:57+08:00][sql] SHOW FULL COLUMNS FROM `jm_browse_index` [ RunTime:0.002129s ]
[2024-03-10T17:38:57+08:00][sql] SELECT * FROM `jm_browse_index` WHERE  `ip` = '220.181.108.110' ORDER BY `id` DESC LIMIT 1 [ RunTime:0.002578s ]
[2024-03-10T17:38:57+08:00][sql] INSERT INTO `jm_browse_index` SET `cid` = 0 , `url` = '/page/2.html' , `ip` = '220.181.108.110' , `mark` = '19a648f1548db00285c1c027a71d8e07' , `user_agent` = 'Mozilla/5.0 (compatible; Baiduspider/2.0; +http://www.baidu.com/search/spider.html)' , `create_time` = '2024-03-10 17:38:57.562478' [ RunTime:0.000525s ]
[2024-03-10T17:38:57+08:00][sql] SHOW FULL COLUMNS FROM `jm_page_index` [ RunTime:0.002004s ]
[2024-03-10T17:38:57+08:00][sql] SELECT * FROM `jm_page_index` WHERE  `id` = 2 LIMIT 1 [ RunTime:0.000767s ]
[2024-03-10T17:38:57+08:00][sql] SHOW FULL COLUMNS FROM `jm_category` [ RunTime:0.002199s ]
[2024-03-10T17:38:57+08:00][sql] SELECT * FROM `jm_category` WHERE  `id` = 75 LIMIT 1 [ RunTime:0.000778s ]
[2024-03-10T17:38:57+08:00][sql] SELECT * FROM `jm_category` WHERE  `id` = 0 LIMIT 1 [ RunTime:0.000479s ]
[2024-03-10T17:38:57+08:00][sql] SHOW FULL COLUMNS FROM `jm_ad_index` [ RunTime:0.001619s ]
[2024-03-10T17:38:57+08:00][sql] SELECT * FROM `jm_ad_index` WHERE  `g_id` = 75 LIMIT 1 [ RunTime:0.000728s ]
[2024-03-10T17:38:57+08:00][sql] SELECT `id` FROM `jm_page_index` WHERE  `c_id` = 75 LIMIT 1 [ RunTime:0.000436s ]
[2024-03-10T17:38:57+08:00][sql] SELECT * FROM `jm_category` WHERE  `pid` = 75 [ RunTime:0.000508s ]
[2024-03-10T17:38:57+08:00][sql] SELECT * FROM `jm_page_index` WHERE  `c_id` = 76 ORDER BY `sort` ASC [ RunTime:0.000601s ]
[2024-03-10T17:49:46+08:00][sql] CONNECT:[ UseTime:0.001011s ] mysql:host=127.0.0.1;port=3306;dbname=www_fsqf_com;charset=utf8
[2024-03-10T17:49:46+08:00][sql] SHOW FULL COLUMNS FROM `jm_nav` [ RunTime:0.003024s ]
[2024-03-10T17:49:46+08:00][sql] SELECT * FROM `jm_nav` ORDER BY `sort` ASC [ RunTime:0.000639s ]
[2024-03-10T17:49:46+08:00][sql] SHOW FULL COLUMNS FROM `jm_browse_index` [ RunTime:0.002292s ]
[2024-03-10T17:49:46+08:00][sql] SELECT * FROM `jm_browse_index` WHERE  `ip` = '60.188.10.208' ORDER BY `id` DESC LIMIT 1 [ RunTime:0.005647s ]
[2024-03-10T17:49:46+08:00][sql] INSERT INTO `jm_browse_index` SET `cid` = 0 , `url` = '/page/11.html' , `ip` = '60.188.10.208' , `mark` = '78166cd13d8133f0dd4a92e48db8c749' , `user_agent` = 'Mozilla/5.0 (Windows NT 6.1; Win64; x64) AppleWebKit/537.36 (KHTML, like Gecko) Chrome/69.0.3497.81 YisouSpider/5.0 Safari/537.36' , `create_time` = '2024-03-10 17:49:46.115154' [ RunTime:0.000455s ]
[2024-03-10T17:49:46+08:00][sql] SHOW FULL COLUMNS FROM `jm_page_index` [ RunTime:0.002023s ]
[2024-03-10T17:49:46+08:00][sql] SELECT * FROM `jm_page_index` WHERE  `id` = 11 LIMIT 1 [ RunTime:0.000672s ]
[2024-03-10T17:49:46+08:00][sql] SHOW FULL COLUMNS FROM `jm_category` [ RunTime:0.002031s ]
[2024-03-10T17:49:46+08:00][sql] SELECT * FROM `jm_category` WHERE  `id` = 76 LIMIT 1 [ RunTime:0.000645s ]
[2024-03-10T17:49:46+08:00][sql] SELECT * FROM `jm_category` WHERE  `id` = 0 LIMIT 1 [ RunTime:0.000405s ]
[2024-03-10T17:49:46+08:00][sql] SHOW FULL COLUMNS FROM `jm_ad_index` [ RunTime:0.001524s ]
[2024-03-10T17:49:46+08:00][sql] SELECT * FROM `jm_ad_index` WHERE  `g_id` = 76 LIMIT 1 [ RunTime:0.000465s ]
[2024-03-10T17:49:46+08:00][sql] SELECT `id` FROM `jm_page_index` WHERE  `c_id` = 76 LIMIT 1 [ RunTime:0.000241s ]
[2024-03-10T17:49:46+08:00][sql] SELECT * FROM `jm_category` WHERE  `pid` = 76 [ RunTime:0.000275s ]
[2024-03-10T17:49:46+08:00][sql] SELECT * FROM `jm_page_index` WHERE  `c_id` = 76 ORDER BY `sort` ASC [ RunTime:0.000270s ]
[2024-03-10T18:04:16+08:00][sql] CONNECT:[ UseTime:0.000788s ] mysql:host=127.0.0.1;port=3306;dbname=www_fsqf_com;charset=utf8
[2024-03-10T18:04:16+08:00][sql] SHOW FULL COLUMNS FROM `jm_nav` [ RunTime:0.001499s ]
[2024-03-10T18:04:16+08:00][sql] SELECT * FROM `jm_nav` ORDER BY `sort` ASC [ RunTime:0.000617s ]
[2024-03-10T18:04:16+08:00][sql] SHOW FULL COLUMNS FROM `jm_browse_index` [ RunTime:0.001174s ]
[2024-03-10T18:04:16+08:00][sql] SELECT * FROM `jm_browse_index` WHERE  `ip` = '49.67.118.186' ORDER BY `id` DESC LIMIT 1 [ RunTime:0.005144s ]
[2024-03-10T18:04:16+08:00][sql] INSERT INTO `jm_browse_index` SET `cid` = 0 , `url` = '/' , `ip` = '49.67.118.186' , `mark` = '84b3512eb1cba8848e0028fa3040b949' , `user_agent` = 'Mozilla/5.0 (Windows NT 10.0; Win64; x64) AppleWebKit/537.36 (KHTML, like Gecko) Chrome/120.0.0.0 Safari/537.36 Edg/120.0.0.0' , `create_time` = '2024-03-10 18:04:16.727556' [ RunTime:0.000434s ]
[2024-03-10T18:04:16+08:00][sql] SHOW FULL COLUMNS FROM `jm_news_index` [ RunTime:0.002229s ]
[2024-03-10T18:04:16+08:00][sql] SELECT * FROM `jm_news_index` WHERE  `c_id` = 78  AND `status` = 1 ORDER BY `create_time` DESC LIMIT 5 [ RunTime:0.000926s ]
[2024-03-10T18:04:16+08:00][sql] SELECT * FROM `jm_news_index` WHERE  `c_id` = 79  AND `status` = 1 ORDER BY `create_time` DESC LIMIT 5 [ RunTime:0.000926s ]
[2024-03-10T18:04:16+08:00][sql] SELECT * FROM `jm_news_index` WHERE  `c_id` = 77  AND `status` = 1 ORDER BY `create_time` DESC LIMIT 5 [ RunTime:0.000897s ]
[2024-03-10T18:04:17+08:00][sql] CONNECT:[ UseTime:0.000572s ] mysql:host=127.0.0.1;port=3306;dbname=www_fsqf_com;charset=utf8
[2024-03-10T18:04:17+08:00][sql] SHOW FULL COLUMNS FROM `jm_nav` [ RunTime:0.003215s ]
[2024-03-10T18:04:17+08:00][sql] SELECT * FROM `jm_nav` ORDER BY `sort` ASC [ RunTime:0.000882s ]
[2024-03-10T18:04:17+08:00][sql] SHOW FULL COLUMNS FROM `jm_browse_index` [ RunTime:0.001869s ]
[2024-03-10T18:04:17+08:00][sql] SELECT * FROM `jm_browse_index` WHERE  `ip` = '49.67.118.186' ORDER BY `id` DESC LIMIT 1 [ RunTime:0.000488s ]
[2024-03-10T18:04:17+08:00][sql] SHOW FULL COLUMNS FROM `jm_news_index` [ RunTime:0.001576s ]
[2024-03-10T18:04:17+08:00][sql] SELECT * FROM `jm_news_index` WHERE  `c_id` = 78  AND `status` = 1 ORDER BY `create_time` DESC LIMIT 5 [ RunTime:0.000611s ]
[2024-03-10T18:04:17+08:00][sql] SELECT * FROM `jm_news_index` WHERE  `c_id` = 79  AND `status` = 1 ORDER BY `create_time` DESC LIMIT 5 [ RunTime:0.000589s ]
[2024-03-10T18:04:17+08:00][sql] SELECT * FROM `jm_news_index` WHERE  `c_id` = 77  AND `status` = 1 ORDER BY `create_time` DESC LIMIT 5 [ RunTime:0.000561s ]
[2024-03-10T18:09:34+08:00][sql] CONNECT:[ UseTime:0.001165s ] mysql:host=127.0.0.1;port=3306;dbname=www_fsqf_com;charset=utf8
[2024-03-10T18:09:34+08:00][sql] SHOW FULL COLUMNS FROM `jm_nav` [ RunTime:0.003817s ]
[2024-03-10T18:09:34+08:00][sql] SELECT * FROM `jm_nav` ORDER BY `sort` ASC [ RunTime:0.001015s ]
[2024-03-10T18:09:34+08:00][sql] SHOW FULL COLUMNS FROM `jm_browse_index` [ RunTime:0.001618s ]
[2024-03-10T18:09:34+08:00][sql] SHOW FULL COLUMNS FROM `jm_news_index` [ RunTime:0.001880s ]
[2024-03-10T18:09:34+08:00][sql] SELECT `c_id` FROM `jm_news_index` WHERE  `id` = 168 LIMIT 1 [ RunTime:0.000481s ]
[2024-03-10T18:09:34+08:00][sql] SELECT * FROM `jm_browse_index` WHERE  `ip` = '116.179.32.25' ORDER BY `id` DESC LIMIT 1 [ RunTime:0.002151s ]
[2024-03-10T18:09:34+08:00][sql] INSERT INTO `jm_browse_index` SET `cid` = 77 , `url` = '/show/168.html' , `ip` = '116.179.32.25' , `mark` = 'fa7632cad5ff33c8b04764b16a848c7d' , `user_agent` = 'Mozilla/5.0 (compatible; Baiduspider/2.0; +http://www.baidu.com/search/spider.html)' , `create_time` = '2024-03-10 18:09:34.050114' [ RunTime:0.000391s ]
[2024-03-10T18:09:34+08:00][sql] SELECT * FROM `jm_news_index` WHERE  `id` = 168 LIMIT 1 [ RunTime:0.000832s ]
[2024-03-10T18:09:34+08:00][sql] SHOW FULL COLUMNS FROM `jm_category` [ RunTime:0.002729s ]
[2024-03-10T18:09:34+08:00][sql] SELECT * FROM `jm_category` WHERE  `id` = 77 LIMIT 1 [ RunTime:0.000980s ]
[2024-03-10T18:09:34+08:00][sql] SELECT * FROM `jm_category` WHERE  `id` = 74 LIMIT 1 [ RunTime:0.000706s ]
[2024-03-10T18:09:34+08:00][sql] SHOW FULL COLUMNS FROM `jm_ad_index` [ RunTime:0.002536s ]
[2024-03-10T18:09:34+08:00][sql] SELECT * FROM `jm_ad_index` WHERE  `g_id` = 74 LIMIT 1 [ RunTime:0.000500s ]
[2024-03-10T18:09:34+08:00][sql] SELECT * FROM `jm_category` WHERE  `pid` = 74 [ RunTime:0.000306s ]
[2024-03-10T18:09:34+08:00][sql] SELECT * FROM `jm_news_index` WHERE  `c_id` = 77  AND `id` > 168  AND `status` = 1 LIMIT 1 [ RunTime:0.000530s ]
[2024-03-10T18:09:34+08:00][sql] SELECT * FROM `jm_news_index` WHERE  `c_id` = 77  AND `id` < 168  AND `status` = 1 LIMIT 1 [ RunTime:0.000364s ]
[2024-03-10T23:27:18+08:00][sql] CONNECT:[ UseTime:0.001289s ] mysql:host=127.0.0.1;port=3306;dbname=www_fsqf_com;charset=utf8
[2024-03-10T23:27:18+08:00][sql] SHOW FULL COLUMNS FROM `jm_nav` [ RunTime:0.002091s ]
[2024-03-10T23:27:18+08:00][sql] SELECT * FROM `jm_nav` ORDER BY `sort` ASC [ RunTime:0.000746s ]
[2024-03-10T23:27:18+08:00][sql] SHOW FULL COLUMNS FROM `jm_browse_index` [ RunTime:0.001180s ]
[2024-03-10T23:27:18+08:00][sql] SELECT * FROM `jm_browse_index` WHERE  `ip` = '60.188.9.83' ORDER BY `id` DESC LIMIT 1 [ RunTime:0.002191s ]
[2024-03-10T23:27:18+08:00][sql] INSERT INTO `jm_browse_index` SET `cid` = 79 , `url` = '/list/79.html' , `ip` = '60.188.9.83' , `mark` = 'b1e8a9451fff65ee569d90dfe2d329d9' , `user_agent` = 'Mozilla/5.0 (Windows NT 6.1; Win64; x64) AppleWebKit/537.36 (KHTML, like Gecko) Chrome/69.0.3497.81 YisouSpider/5.0 Safari/537.36' , `create_time` = '2024-03-10 23:27:18.470907' [ RunTime:0.000443s ]
[2024-03-10T23:27:18+08:00][sql] SHOW FULL COLUMNS FROM `jm_category` [ RunTime:0.002176s ]
[2024-03-10T23:27:18+08:00][sql] SELECT `pid` FROM `jm_category` WHERE  `id` = 79 LIMIT 1 [ RunTime:0.000944s ]
[2024-03-10T23:27:18+08:00][sql] SHOW FULL COLUMNS FROM `jm_news_index` [ RunTime:0.003384s ]
[2024-03-10T23:27:18+08:00][sql] SELECT COUNT(*) AS think_count FROM `jm_news_index` WHERE  `status` = 1  AND `c_id` = 79 LIMIT 1 [ RunTime:0.001608s ]
[2024-03-10T23:27:18+08:00][sql] SELECT * FROM `jm_news_index` WHERE  `status` = 1  AND `c_id` = 79 ORDER BY `create_time` DESC LIMIT 0,5 [ RunTime:0.001489s ]
[2024-03-10T23:27:18+08:00][sql] SELECT * FROM `jm_category` WHERE  `id` = 79 LIMIT 1 [ RunTime:0.000765s ]
[2024-03-10T23:27:18+08:00][sql] SELECT * FROM `jm_category` WHERE  `id` = 74 LIMIT 1 [ RunTime:0.000635s ]
[2024-03-10T23:27:18+08:00][sql] SHOW FULL COLUMNS FROM `jm_ad_index` [ RunTime:0.001966s ]
[2024-03-10T23:27:18+08:00][sql] SELECT * FROM `jm_ad_index` WHERE  `g_id` = 74 LIMIT 1 [ RunTime:0.000459s ]
[2024-03-10T23:27:18+08:00][sql] SELECT * FROM `jm_category` WHERE  `pid` = 74 ORDER BY `sort` ASC [ RunTime:0.000406s ]
