[2024-03-20T01:28:44+08:00][sql] CONNECT:[ UseTime:0.000679s ] mysql:host=127.0.0.1;port=3306;dbname=www_fsqf_com;charset=utf8
[2024-03-20T01:28:44+08:00][sql] SHOW FULL COLUMNS FROM `jm_nav` [ RunTime:0.003424s ]
[2024-03-20T01:28:44+08:00][sql] SELECT * FROM `jm_nav` ORDER BY `sort` ASC [ RunTime:0.001142s ]
[2024-03-20T01:28:44+08:00][sql] SHOW FULL COLUMNS FROM `jm_browse_index` [ RunTime:0.001302s ]
[2024-03-20T01:28:44+08:00][sql] SELECT * FROM `jm_browse_index` WHERE  `ip` = '38.55.223.209' ORDER BY `id` DESC LIMIT 1 [ RunTime:0.004234s ]
[2024-03-20T01:28:44+08:00][sql] INSERT INTO `jm_browse_index` SET `cid` = 0 , `url` = '/index.php' , `ip` = '38.55.223.209' , `mark` = '1335460641c890ac47c2d978a90c2f3a' , `user_agent` = 'Mozilla/5.0 (compatible; MSIE 10.0; Windows NT 6.2)' , `create_time` = '2024-03-20 01:28:44.548259' [ RunTime:0.000427s ]
[2024-03-20T01:28:44+08:00][sql] SHOW FULL COLUMNS FROM `jm_news_index` [ RunTime:0.001588s ]
[2024-03-20T01:28:44+08:00][sql] SELECT * FROM `jm_news_index` WHERE  `c_id` = 78  AND `status` = 1 ORDER BY `create_time` DESC LIMIT 5 [ RunTime:0.001431s ]
[2024-03-20T01:28:44+08:00][sql] SELECT * FROM `jm_news_index` WHERE  `c_id` = 79  AND `status` = 1 ORDER BY `create_time` DESC LIMIT 5 [ RunTime:0.001243s ]
[2024-03-20T01:28:44+08:00][sql] SELECT * FROM `jm_news_index` WHERE  `c_id` = 77  AND `status` = 1 ORDER BY `create_time` DESC LIMIT 5 [ RunTime:0.001073s ]
[2024-03-20T01:49:31+08:00][sql] CONNECT:[ UseTime:0.001066s ] mysql:host=127.0.0.1;port=3306;dbname=www_fsqf_com;charset=utf8
[2024-03-20T01:49:31+08:00][sql] SHOW FULL COLUMNS FROM `jm_nav` [ RunTime:0.003376s ]
[2024-03-20T01:49:31+08:00][sql] SELECT * FROM `jm_nav` ORDER BY `sort` ASC [ RunTime:0.001371s ]
[2024-03-20T01:49:31+08:00][sql] SHOW FULL COLUMNS FROM `jm_browse_index` [ RunTime:0.002419s ]
[2024-03-20T01:49:31+08:00][sql] SELECT * FROM `jm_browse_index` WHERE  `ip` = '23.251.41.71' ORDER BY `id` DESC LIMIT 1 [ RunTime:0.004603s ]
[2024-03-20T01:49:31+08:00][sql] SHOW FULL COLUMNS FROM `jm_news_index` [ RunTime:0.001683s ]
[2024-03-20T01:49:31+08:00][sql] SELECT * FROM `jm_news_index` WHERE  `c_id` = 78  AND `status` = 1 ORDER BY `create_time` DESC LIMIT 5 [ RunTime:0.000793s ]
[2024-03-20T01:49:31+08:00][sql] SELECT * FROM `jm_news_index` WHERE  `c_id` = 79  AND `status` = 1 ORDER BY `create_time` DESC LIMIT 5 [ RunTime:0.000632s ]
[2024-03-20T01:49:31+08:00][sql] SELECT * FROM `jm_news_index` WHERE  `c_id` = 77  AND `status` = 1 ORDER BY `create_time` DESC LIMIT 5 [ RunTime:0.000484s ]
[2024-03-20T02:44:00+08:00][sql] CONNECT:[ UseTime:0.000643s ] mysql:host=127.0.0.1;port=3306;dbname=www_fsqf_com;charset=utf8
[2024-03-20T02:44:00+08:00][sql] SHOW FULL COLUMNS FROM `jm_nav` [ RunTime:0.001396s ]
[2024-03-20T02:44:00+08:00][sql] SELECT * FROM `jm_nav` ORDER BY `sort` ASC [ RunTime:0.000527s ]
[2024-03-20T02:44:00+08:00][sql] SHOW FULL COLUMNS FROM `jm_browse_index` [ RunTime:0.001077s ]
[2024-03-20T02:44:00+08:00][sql] SELECT * FROM `jm_browse_index` WHERE  `ip` = '60.188.10.236' ORDER BY `id` DESC LIMIT 1 [ RunTime:0.000784s ]
[2024-03-20T02:44:00+08:00][sql] INSERT INTO `jm_browse_index` SET `cid` = 0 , `url` = '/page/9.html' , `ip` = '60.188.10.236' , `mark` = '6b02438b7fe40792e8caf265328b9f97' , `user_agent` = 'Mozilla/5.0 (Windows NT 6.1; Win64; x64) AppleWebKit/537.36 (KHTML, like Gecko) Chrome/69.0.3497.81 YisouSpider/5.0 Safari/537.36' , `create_time` = '2024-03-20 02:44:00.028637' [ RunTime:0.000347s ]
[2024-03-20T02:44:00+08:00][sql] SHOW FULL COLUMNS FROM `jm_page_index` [ RunTime:0.001597s ]
[2024-03-20T02:44:00+08:00][sql] SELECT * FROM `jm_page_index` WHERE  `id` = 9 LIMIT 1 [ RunTime:0.000620s ]
[2024-03-20T02:44:00+08:00][sql] SHOW FULL COLUMNS FROM `jm_category` [ RunTime:0.001546s ]
[2024-03-20T02:44:00+08:00][sql] SELECT * FROM `jm_category` WHERE  `id` = 76 LIMIT 1 [ RunTime:0.000531s ]
[2024-03-20T02:44:00+08:00][sql] SELECT * FROM `jm_category` WHERE  `id` = 0 LIMIT 1 [ RunTime:0.000278s ]
[2024-03-20T02:44:00+08:00][sql] SHOW FULL COLUMNS FROM `jm_ad_index` [ RunTime:0.001639s ]
[2024-03-20T02:44:00+08:00][sql] SELECT * FROM `jm_ad_index` WHERE  `g_id` = 76 LIMIT 1 [ RunTime:0.000721s ]
[2024-03-20T02:44:00+08:00][sql] SELECT `id` FROM `jm_page_index` WHERE  `c_id` = 76 LIMIT 1 [ RunTime:0.000372s ]
[2024-03-20T02:44:00+08:00][sql] SELECT * FROM `jm_category` WHERE  `pid` = 76 [ RunTime:0.000374s ]
[2024-03-20T02:44:00+08:00][sql] SELECT * FROM `jm_page_index` WHERE  `c_id` = 76 ORDER BY `sort` ASC [ RunTime:0.000693s ]
[2024-03-20T08:15:58+08:00][sql] CONNECT:[ UseTime:0.001652s ] mysql:host=127.0.0.1;port=3306;dbname=www_fsqf_com;charset=utf8
[2024-03-20T08:15:58+08:00][sql] SHOW FULL COLUMNS FROM `jm_nav` [ RunTime:0.002497s ]
[2024-03-20T08:15:58+08:00][sql] SELECT * FROM `jm_nav` ORDER BY `sort` ASC [ RunTime:0.000823s ]
[2024-03-20T08:15:58+08:00][sql] SHOW FULL COLUMNS FROM `jm_browse_index` [ RunTime:0.001958s ]
[2024-03-20T08:15:58+08:00][sql] SELECT * FROM `jm_browse_index` WHERE  `ip` = '112.13.112.24' ORDER BY `id` DESC LIMIT 1 [ RunTime:0.002651s ]
[2024-03-20T08:15:58+08:00][sql] INSERT INTO `jm_browse_index` SET `cid` = 74 , `url` = '/list/74.html?page=2' , `ip` = '112.13.112.24' , `mark` = '656634a5b253562b941443d47aa43bff' , `user_agent` = 'Mozilla/5.0 (Windows NT 6.1; Win64; x64) AppleWebKit/537.36 (KHTML, like Gecko) Chrome/69.0.3497.81 YisouSpider/5.0 Safari/537.36' , `create_time` = '2024-03-20 08:15:57.990107' [ RunTime:0.000409s ]
[2024-03-20T08:15:58+08:00][sql] SHOW FULL COLUMNS FROM `jm_category` [ RunTime:0.002259s ]
[2024-03-20T08:15:58+08:00][sql] SELECT `pid` FROM `jm_category` WHERE  `id` = 74 LIMIT 1 [ RunTime:0.000761s ]
[2024-03-20T08:15:58+08:00][sql] SELECT `id` FROM `jm_category` WHERE  `pid` = 74 [ RunTime:0.000379s ]
[2024-03-20T08:15:58+08:00][sql] SHOW FULL COLUMNS FROM `jm_news_index` [ RunTime:0.002000s ]
[2024-03-20T08:15:58+08:00][sql] SELECT COUNT(*) AS think_count FROM `jm_news_index` WHERE  `status` = 1  AND `c_id` IN (77,78,79) LIMIT 1 [ RunTime:0.000627s ]
[2024-03-20T08:15:58+08:00][sql] SELECT * FROM `jm_news_index` WHERE  `status` = 1  AND `c_id` IN (77,78,79) ORDER BY `create_time` DESC LIMIT 5,5 [ RunTime:0.000800s ]
[2024-03-20T08:15:58+08:00][sql] SELECT * FROM `jm_category` WHERE  `id` = 74 LIMIT 1 [ RunTime:0.000651s ]
[2024-03-20T08:15:58+08:00][sql] SELECT * FROM `jm_category` WHERE  `id` = 0 LIMIT 1 [ RunTime:0.000449s ]
[2024-03-20T08:15:58+08:00][sql] SHOW FULL COLUMNS FROM `jm_ad_index` [ RunTime:0.002789s ]
[2024-03-20T08:15:58+08:00][sql] SELECT * FROM `jm_ad_index` WHERE  `g_id` = 74 LIMIT 1 [ RunTime:0.001113s ]
[2024-03-20T08:15:58+08:00][sql] SELECT * FROM `jm_category` WHERE  `pid` = 74 ORDER BY `sort` ASC [ RunTime:0.000534s ]
[2024-03-20T08:50:29+08:00][sql] CONNECT:[ UseTime:0.001308s ] mysql:host=127.0.0.1;port=3306;dbname=www_fsqf_com;charset=utf8
[2024-03-20T08:50:29+08:00][sql] SHOW FULL COLUMNS FROM `jm_nav` [ RunTime:0.002414s ]
[2024-03-20T08:50:29+08:00][sql] SELECT * FROM `jm_nav` ORDER BY `sort` ASC [ RunTime:0.000647s ]
[2024-03-20T08:50:29+08:00][sql] SHOW FULL COLUMNS FROM `jm_browse_index` [ RunTime:0.001438s ]
[2024-03-20T08:50:29+08:00][sql] SHOW FULL COLUMNS FROM `jm_news_index` [ RunTime:0.001538s ]
[2024-03-20T08:50:29+08:00][sql] SELECT `c_id` FROM `jm_news_index` WHERE  `id` = 174 LIMIT 1 [ RunTime:0.000554s ]
[2024-03-20T08:50:29+08:00][sql] SELECT * FROM `jm_browse_index` WHERE  `ip` = '60.188.10.13' ORDER BY `id` DESC LIMIT 1 [ RunTime:0.004244s ]
[2024-03-20T08:50:29+08:00][sql] INSERT INTO `jm_browse_index` SET `cid` = 79 , `url` = '/show/174.html' , `ip` = '60.188.10.13' , `mark` = '4572627199631bf341ea98bf5bb07540' , `user_agent` = 'Mozilla/5.0 (Windows NT 6.1; Win64; x64) AppleWebKit/537.36 (KHTML, like Gecko) Chrome/69.0.3497.81 YisouSpider/5.0 Safari/537.36' , `create_time` = '2024-03-20 08:50:29.410585' [ RunTime:0.000493s ]
[2024-03-20T08:50:29+08:00][sql] SELECT * FROM `jm_news_index` WHERE  `id` = 174 LIMIT 1 [ RunTime:0.000817s ]
[2024-03-20T08:50:29+08:00][sql] SHOW FULL COLUMNS FROM `jm_category` [ RunTime:0.002378s ]
[2024-03-20T08:50:29+08:00][sql] SELECT * FROM `jm_category` WHERE  `id` = 79 LIMIT 1 [ RunTime:0.000969s ]
[2024-03-20T08:50:29+08:00][sql] SELECT * FROM `jm_category` WHERE  `id` = 74 LIMIT 1 [ RunTime:0.000533s ]
[2024-03-20T08:50:29+08:00][sql] SHOW FULL COLUMNS FROM `jm_ad_index` [ RunTime:0.001838s ]
[2024-03-20T08:50:29+08:00][sql] SELECT * FROM `jm_ad_index` WHERE  `g_id` = 74 LIMIT 1 [ RunTime:0.000622s ]
[2024-03-20T08:50:29+08:00][sql] SELECT * FROM `jm_category` WHERE  `pid` = 74 [ RunTime:0.000429s ]
[2024-03-20T08:50:29+08:00][sql] SELECT * FROM `jm_news_index` WHERE  `c_id` = 79  AND `id` > 174  AND `status` = 1 LIMIT 1 [ RunTime:0.000581s ]
[2024-03-20T08:50:29+08:00][sql] SELECT * FROM `jm_news_index` WHERE  `c_id` = 79  AND `id` < 174  AND `status` = 1 LIMIT 1 [ RunTime:0.000637s ]
[2024-03-20T09:55:52+08:00][sql] CONNECT:[ UseTime:0.000739s ] mysql:host=127.0.0.1;port=3306;dbname=www_fsqf_com;charset=utf8
[2024-03-20T09:55:52+08:00][sql] SHOW FULL COLUMNS FROM `jm_nav` [ RunTime:0.001578s ]
[2024-03-20T09:55:52+08:00][sql] SELECT * FROM `jm_nav` ORDER BY `sort` ASC [ RunTime:0.000582s ]
[2024-03-20T09:55:52+08:00][sql] SHOW FULL COLUMNS FROM `jm_browse_index` [ RunTime:0.001115s ]
[2024-03-20T09:55:52+08:00][sql] SELECT * FROM `jm_browse_index` WHERE  `ip` = '38.55.223.209' ORDER BY `id` DESC LIMIT 1 [ RunTime:0.000510s ]
[2024-03-20T09:55:52+08:00][sql] SHOW FULL COLUMNS FROM `jm_news_index` [ RunTime:0.001202s ]
[2024-03-20T09:55:52+08:00][sql] SELECT * FROM `jm_news_index` WHERE  `c_id` = 78  AND `status` = 1 ORDER BY `create_time` DESC LIMIT 5 [ RunTime:0.000743s ]
[2024-03-20T09:55:52+08:00][sql] SELECT * FROM `jm_news_index` WHERE  `c_id` = 79  AND `status` = 1 ORDER BY `create_time` DESC LIMIT 5 [ RunTime:0.000598s ]
[2024-03-20T09:55:52+08:00][sql] SELECT * FROM `jm_news_index` WHERE  `c_id` = 77  AND `status` = 1 ORDER BY `create_time` DESC LIMIT 5 [ RunTime:0.000530s ]
[2024-03-20T11:02:35+08:00][sql] CONNECT:[ UseTime:0.001223s ] mysql:host=127.0.0.1;port=3306;dbname=www_fsqf_com;charset=utf8
[2024-03-20T11:02:35+08:00][sql] SHOW FULL COLUMNS FROM `jm_nav` [ RunTime:0.003425s ]
[2024-03-20T11:02:35+08:00][sql] SELECT * FROM `jm_nav` ORDER BY `sort` ASC [ RunTime:0.001177s ]
[2024-03-20T11:02:35+08:00][sql] SHOW FULL COLUMNS FROM `jm_browse_index` [ RunTime:0.001444s ]
[2024-03-20T11:02:35+08:00][sql] SHOW FULL COLUMNS FROM `jm_news_index` [ RunTime:0.001637s ]
[2024-03-20T11:02:35+08:00][sql] SELECT `c_id` FROM `jm_news_index` WHERE  `id` = 172 LIMIT 1 [ RunTime:0.000627s ]
[2024-03-20T11:02:35+08:00][sql] SELECT * FROM `jm_browse_index` WHERE  `ip` = '112.94.27.6' ORDER BY `id` DESC LIMIT 1 [ RunTime:0.004520s ]
[2024-03-20T11:02:35+08:00][sql] INSERT INTO `jm_browse_index` SET `cid` = 79 , `url` = '/show/172.html' , `ip` = '112.94.27.6' , `mark` = '8f5962dadb6082e9bf297c3d6a2e0bb9' , `user_agent` = 'Mozilla/5.0 (Windows NT 10.0; Win64; x64; rv:123.0) Gecko/20100101 Firefox/123.0' , `create_time` = '2024-03-20 11:02:35.167821' [ RunTime:0.000561s ]
[2024-03-20T11:02:35+08:00][sql] SELECT * FROM `jm_news_index` WHERE  `id` = 172 LIMIT 1 [ RunTime:0.000409s ]
[2024-03-20T11:02:35+08:00][sql] SHOW FULL COLUMNS FROM `jm_category` [ RunTime:0.001372s ]
[2024-03-20T11:02:35+08:00][sql] SELECT * FROM `jm_category` WHERE  `id` = 79 LIMIT 1 [ RunTime:0.000562s ]
[2024-03-20T11:02:35+08:00][sql] SELECT * FROM `jm_category` WHERE  `id` = 74 LIMIT 1 [ RunTime:0.000368s ]
[2024-03-20T11:02:35+08:00][sql] SHOW FULL COLUMNS FROM `jm_ad_index` [ RunTime:0.001271s ]
[2024-03-20T11:02:35+08:00][sql] SELECT * FROM `jm_ad_index` WHERE  `g_id` = 74 LIMIT 1 [ RunTime:0.000480s ]
[2024-03-20T11:02:35+08:00][sql] SELECT * FROM `jm_category` WHERE  `pid` = 74 [ RunTime:0.000422s ]
[2024-03-20T11:02:35+08:00][sql] SELECT * FROM `jm_news_index` WHERE  `c_id` = 79  AND `id` > 172  AND `status` = 1 LIMIT 1 [ RunTime:0.000577s ]
[2024-03-20T11:02:35+08:00][sql] SELECT * FROM `jm_news_index` WHERE  `c_id` = 79  AND `id` < 172  AND `status` = 1 LIMIT 1 [ RunTime:0.000534s ]
[2024-03-20T11:09:08+08:00][sql] CONNECT:[ UseTime:0.000928s ] mysql:host=127.0.0.1;port=3306;dbname=www_fsqf_com;charset=utf8
[2024-03-20T11:09:08+08:00][sql] SHOW FULL COLUMNS FROM `jm_nav` [ RunTime:0.002299s ]
[2024-03-20T11:09:08+08:00][sql] SELECT * FROM `jm_nav` ORDER BY `sort` ASC [ RunTime:0.000747s ]
[2024-03-20T11:09:08+08:00][sql] SHOW FULL COLUMNS FROM `jm_browse_index` [ RunTime:0.001740s ]
[2024-03-20T11:09:08+08:00][sql] SHOW FULL COLUMNS FROM `jm_news_index` [ RunTime:0.001887s ]
[2024-03-20T11:09:08+08:00][sql] SELECT `c_id` FROM `jm_news_index` WHERE  `id` = 172 LIMIT 1 [ RunTime:0.000564s ]
[2024-03-20T11:09:08+08:00][sql] SELECT * FROM `jm_browse_index` WHERE  `ip` = '112.94.27.6' ORDER BY `id` DESC LIMIT 1 [ RunTime:0.000573s ]
[2024-03-20T11:09:08+08:00][sql] SELECT * FROM `jm_news_index` WHERE  `id` = 172 LIMIT 1 [ RunTime:0.000405s ]
[2024-03-20T11:09:08+08:00][sql] SHOW FULL COLUMNS FROM `jm_category` [ RunTime:0.001723s ]
[2024-03-20T11:09:08+08:00][sql] SELECT * FROM `jm_category` WHERE  `id` = 79 LIMIT 1 [ RunTime:0.000585s ]
[2024-03-20T11:09:08+08:00][sql] SELECT * FROM `jm_category` WHERE  `id` = 74 LIMIT 1 [ RunTime:0.000385s ]
[2024-03-20T11:09:08+08:00][sql] SHOW FULL COLUMNS FROM `jm_ad_index` [ RunTime:0.001653s ]
[2024-03-20T11:09:08+08:00][sql] SELECT * FROM `jm_ad_index` WHERE  `g_id` = 74 LIMIT 1 [ RunTime:0.000556s ]
[2024-03-20T11:09:08+08:00][sql] SELECT * FROM `jm_category` WHERE  `pid` = 74 [ RunTime:0.000399s ]
[2024-03-20T11:09:08+08:00][sql] SELECT * FROM `jm_news_index` WHERE  `c_id` = 79  AND `id` > 172  AND `status` = 1 LIMIT 1 [ RunTime:0.000515s ]
[2024-03-20T11:09:08+08:00][sql] SELECT * FROM `jm_news_index` WHERE  `c_id` = 79  AND `id` < 172  AND `status` = 1 LIMIT 1 [ RunTime:0.000455s ]
[2024-03-20T11:11:39+08:00][sql] CONNECT:[ UseTime:0.000980s ] mysql:host=127.0.0.1;port=3306;dbname=www_fsqf_com;charset=utf8
[2024-03-20T11:11:39+08:00][sql] SHOW FULL COLUMNS FROM `jm_nav` [ RunTime:0.001665s ]
[2024-03-20T11:11:39+08:00][sql] SELECT * FROM `jm_nav` ORDER BY `sort` ASC [ RunTime:0.000492s ]
[2024-03-20T11:11:39+08:00][sql] SHOW FULL COLUMNS FROM `jm_browse_index` [ RunTime:0.001350s ]
[2024-03-20T11:11:39+08:00][sql] SHOW FULL COLUMNS FROM `jm_news_index` [ RunTime:0.001682s ]
[2024-03-20T11:11:39+08:00][sql] SELECT `c_id` FROM `jm_news_index` WHERE  `id` = 172 LIMIT 1 [ RunTime:0.000548s ]
[2024-03-20T11:11:39+08:00][sql] SELECT * FROM `jm_browse_index` WHERE  `ip` = '112.94.27.6' ORDER BY `id` DESC LIMIT 1 [ RunTime:0.000542s ]
[2024-03-20T11:11:39+08:00][sql] SELECT * FROM `jm_news_index` WHERE  `id` = 172 LIMIT 1 [ RunTime:0.000364s ]
[2024-03-20T11:11:39+08:00][sql] SHOW FULL COLUMNS FROM `jm_category` [ RunTime:0.001424s ]
[2024-03-20T11:11:39+08:00][sql] SELECT * FROM `jm_category` WHERE  `id` = 79 LIMIT 1 [ RunTime:0.000402s ]
[2024-03-20T11:11:39+08:00][sql] SELECT * FROM `jm_category` WHERE  `id` = 74 LIMIT 1 [ RunTime:0.000312s ]
[2024-03-20T11:11:39+08:00][sql] SHOW FULL COLUMNS FROM `jm_ad_index` [ RunTime:0.001215s ]
[2024-03-20T11:11:39+08:00][sql] SELECT * FROM `jm_ad_index` WHERE  `g_id` = 74 LIMIT 1 [ RunTime:0.000432s ]
[2024-03-20T11:11:39+08:00][sql] SELECT * FROM `jm_category` WHERE  `pid` = 74 [ RunTime:0.000358s ]
[2024-03-20T11:11:39+08:00][sql] SELECT * FROM `jm_news_index` WHERE  `c_id` = 79  AND `id` > 172  AND `status` = 1 LIMIT 1 [ RunTime:0.000419s ]
[2024-03-20T11:11:39+08:00][sql] SELECT * FROM `jm_news_index` WHERE  `c_id` = 79  AND `id` < 172  AND `status` = 1 LIMIT 1 [ RunTime:0.000385s ]
[2024-03-20T14:05:34+08:00][sql] CONNECT:[ UseTime:0.000707s ] mysql:host=127.0.0.1;port=3306;dbname=www_fsqf_com;charset=utf8
[2024-03-20T14:05:34+08:00][sql] SHOW FULL COLUMNS FROM `jm_nav` [ RunTime:0.003229s ]
[2024-03-20T14:05:34+08:00][sql] SELECT * FROM `jm_nav` ORDER BY `sort` ASC [ RunTime:0.001265s ]
[2024-03-20T14:05:34+08:00][sql] SHOW FULL COLUMNS FROM `jm_browse_index` [ RunTime:0.002901s ]
[2024-03-20T14:05:34+08:00][sql] SELECT * FROM `jm_browse_index` WHERE  `ip` = '101.67.29.108' ORDER BY `id` DESC LIMIT 1 [ RunTime:0.004833s ]
[2024-03-20T14:05:34+08:00][sql] INSERT INTO `jm_browse_index` SET `cid` = 74 , `url` = '/list/74.html?page=3' , `ip` = '101.67.29.108' , `mark` = 'f531fd4dfd037357561fc73b20636e17' , `user_agent` = 'Mozilla/5.0 (Windows NT 6.1; Win64; x64) AppleWebKit/537.36 (KHTML, like Gecko) Chrome/69.0.3497.81 YisouSpider/5.0 Safari/537.36' , `create_time` = '2024-03-20 14:05:34.487614' [ RunTime:0.000473s ]
[2024-03-20T14:05:34+08:00][sql] SHOW FULL COLUMNS FROM `jm_category` [ RunTime:0.002229s ]
[2024-03-20T14:05:34+08:00][sql] SELECT `pid` FROM `jm_category` WHERE  `id` = 74 LIMIT 1 [ RunTime:0.000653s ]
[2024-03-20T14:05:34+08:00][sql] SELECT `id` FROM `jm_category` WHERE  `pid` = 74 [ RunTime:0.000354s ]
[2024-03-20T14:05:34+08:00][sql] SHOW FULL COLUMNS FROM `jm_news_index` [ RunTime:0.002121s ]
[2024-03-20T14:05:34+08:00][sql] SELECT COUNT(*) AS think_count FROM `jm_news_index` WHERE  `status` = 1  AND `c_id` IN (77,78,79) LIMIT 1 [ RunTime:0.000810s ]
[2024-03-20T14:05:34+08:00][sql] SELECT * FROM `jm_news_index` WHERE  `status` = 1  AND `c_id` IN (77,78,79) ORDER BY `create_time` DESC LIMIT 10,5 [ RunTime:0.000855s ]
[2024-03-20T14:05:34+08:00][sql] SELECT * FROM `jm_category` WHERE  `id` = 74 LIMIT 1 [ RunTime:0.000839s ]
[2024-03-20T14:05:34+08:00][sql] SELECT * FROM `jm_category` WHERE  `id` = 0 LIMIT 1 [ RunTime:0.000827s ]
[2024-03-20T14:05:34+08:00][sql] SHOW FULL COLUMNS FROM `jm_ad_index` [ RunTime:0.002945s ]
[2024-03-20T14:05:34+08:00][sql] SELECT * FROM `jm_ad_index` WHERE  `g_id` = 74 LIMIT 1 [ RunTime:0.001132s ]
[2024-03-20T14:05:34+08:00][sql] SELECT * FROM `jm_category` WHERE  `pid` = 74 ORDER BY `sort` ASC [ RunTime:0.000699s ]
[2024-03-20T16:22:07+08:00][sql] CONNECT:[ UseTime:0.001299s ] mysql:host=127.0.0.1;port=3306;dbname=www_fsqf_com;charset=utf8
[2024-03-20T16:22:07+08:00][sql] SHOW FULL COLUMNS FROM `jm_nav` [ RunTime:0.002946s ]
[2024-03-20T16:22:07+08:00][sql] SELECT * FROM `jm_nav` ORDER BY `sort` ASC [ RunTime:0.001195s ]
[2024-03-20T16:22:07+08:00][sql] SHOW FULL COLUMNS FROM `jm_browse_index` [ RunTime:0.002501s ]
[2024-03-20T16:22:07+08:00][sql] SELECT * FROM `jm_browse_index` WHERE  `ip` = '42.83.147.60' ORDER BY `id` DESC LIMIT 1 [ RunTime:0.003623s ]
[2024-03-20T16:22:07+08:00][sql] SHOW FULL COLUMNS FROM `jm_news_index` [ RunTime:0.002066s ]
[2024-03-20T16:22:07+08:00][sql] SELECT * FROM `jm_news_index` WHERE  `c_id` = 78  AND `status` = 1 ORDER BY `create_time` DESC LIMIT 5 [ RunTime:0.000967s ]
[2024-03-20T16:22:07+08:00][sql] SELECT * FROM `jm_news_index` WHERE  `c_id` = 79  AND `status` = 1 ORDER BY `create_time` DESC LIMIT 5 [ RunTime:0.000608s ]
[2024-03-20T16:22:07+08:00][sql] SELECT * FROM `jm_news_index` WHERE  `c_id` = 77  AND `status` = 1 ORDER BY `create_time` DESC LIMIT 5 [ RunTime:0.000544s ]
[2024-03-20T16:48:21+08:00][sql] CONNECT:[ UseTime:0.000777s ] mysql:host=127.0.0.1;port=3306;dbname=www_fsqf_com;charset=utf8
[2024-03-20T16:48:21+08:00][sql] SHOW FULL COLUMNS FROM `jm_nav` [ RunTime:0.001844s ]
[2024-03-20T16:48:21+08:00][sql] SELECT * FROM `jm_nav` ORDER BY `sort` ASC [ RunTime:0.000738s ]
[2024-03-20T16:48:21+08:00][sql] SHOW FULL COLUMNS FROM `jm_browse_index` [ RunTime:0.001341s ]
[2024-03-20T16:48:21+08:00][sql] SELECT * FROM `jm_browse_index` WHERE  `ip` = '123.57.13.121' ORDER BY `id` DESC LIMIT 1 [ RunTime:0.003927s ]
[2024-03-20T16:48:21+08:00][sql] SHOW FULL COLUMNS FROM `jm_news_index` [ RunTime:0.001802s ]
[2024-03-20T16:48:21+08:00][sql] SELECT * FROM `jm_news_index` WHERE  `c_id` = 78  AND `status` = 1 ORDER BY `create_time` DESC LIMIT 5 [ RunTime:0.000849s ]
[2024-03-20T16:48:21+08:00][sql] SELECT * FROM `jm_news_index` WHERE  `c_id` = 79  AND `status` = 1 ORDER BY `create_time` DESC LIMIT 5 [ RunTime:0.000736s ]
[2024-03-20T16:48:21+08:00][sql] SELECT * FROM `jm_news_index` WHERE  `c_id` = 77  AND `status` = 1 ORDER BY `create_time` DESC LIMIT 5 [ RunTime:0.000678s ]
[2024-03-20T18:28:43+08:00][sql] CONNECT:[ UseTime:0.001146s ] mysql:host=127.0.0.1;port=3306;dbname=www_fsqf_com;charset=utf8
[2024-03-20T18:28:43+08:00][sql] SHOW FULL COLUMNS FROM `jm_nav` [ RunTime:0.003360s ]
[2024-03-20T18:28:43+08:00][sql] SELECT * FROM `jm_nav` ORDER BY `sort` ASC [ RunTime:0.001307s ]
[2024-03-20T18:28:43+08:00][sql] SHOW FULL COLUMNS FROM `jm_browse_index` [ RunTime:0.002033s ]
[2024-03-20T18:28:43+08:00][sql] SHOW FULL COLUMNS FROM `jm_news_index` [ RunTime:0.002094s ]
[2024-03-20T18:28:43+08:00][sql] SELECT `c_id` FROM `jm_news_index` WHERE  `id` = 166 LIMIT 1 [ RunTime:0.000679s ]
[2024-03-20T18:28:43+08:00][sql] SELECT * FROM `jm_browse_index` WHERE  `ip` = '60.188.9.155' ORDER BY `id` DESC LIMIT 1 [ RunTime:0.001288s ]
[2024-03-20T18:28:43+08:00][sql] INSERT INTO `jm_browse_index` SET `cid` = 77 , `url` = '/show/166.html' , `ip` = '60.188.9.155' , `mark` = 'a4ec2d2e0041982d40aec205afe9fff5' , `user_agent` = 'Mozilla/5.0 (Windows NT 6.1; Win64; x64) AppleWebKit/537.36 (KHTML, like Gecko) Chrome/69.0.3497.81 YisouSpider/5.0 Safari/537.36' , `create_time` = '2024-03-20 18:28:43.878960' [ RunTime:0.000742s ]
[2024-03-20T18:28:43+08:00][sql] SELECT * FROM `jm_news_index` WHERE  `id` = 166 LIMIT 1 [ RunTime:0.000582s ]
[2024-03-20T18:28:43+08:00][sql] SHOW FULL COLUMNS FROM `jm_category` [ RunTime:0.001326s ]
[2024-03-20T18:28:43+08:00][sql] SELECT * FROM `jm_category` WHERE  `id` = 77 LIMIT 1 [ RunTime:0.000612s ]
[2024-03-20T18:28:43+08:00][sql] SELECT * FROM `jm_category` WHERE  `id` = 74 LIMIT 1 [ RunTime:0.000327s ]
[2024-03-20T18:28:43+08:00][sql] SHOW FULL COLUMNS FROM `jm_ad_index` [ RunTime:0.001465s ]
[2024-03-20T18:28:43+08:00][sql] SELECT * FROM `jm_ad_index` WHERE  `g_id` = 74 LIMIT 1 [ RunTime:0.000708s ]
[2024-03-20T18:28:43+08:00][sql] SELECT * FROM `jm_category` WHERE  `pid` = 74 [ RunTime:0.000494s ]
[2024-03-20T18:28:43+08:00][sql] SELECT * FROM `jm_news_index` WHERE  `c_id` = 77  AND `id` > 166  AND `status` = 1 LIMIT 1 [ RunTime:0.000536s ]
[2024-03-20T18:28:43+08:00][sql] SELECT * FROM `jm_news_index` WHERE  `c_id` = 77  AND `id` < 166  AND `status` = 1 LIMIT 1 [ RunTime:0.000603s ]
[2024-03-20T18:52:24+08:00][sql] CONNECT:[ UseTime:0.000713s ] mysql:host=127.0.0.1;port=3306;dbname=www_fsqf_com;charset=utf8
[2024-03-20T18:52:24+08:00][sql] SHOW FULL COLUMNS FROM `jm_nav` [ RunTime:0.001678s ]
[2024-03-20T18:52:24+08:00][sql] SELECT * FROM `jm_nav` ORDER BY `sort` ASC [ RunTime:0.000493s ]
[2024-03-20T18:52:24+08:00][sql] SHOW FULL COLUMNS FROM `jm_browse_index` [ RunTime:0.001269s ]
[2024-03-20T18:52:24+08:00][sql] SELECT * FROM `jm_browse_index` WHERE  `ip` = '115.207.119.49' ORDER BY `id` DESC LIMIT 1 [ RunTime:0.004188s ]
[2024-03-20T18:52:24+08:00][sql] INSERT INTO `jm_browse_index` SET `cid` = 0 , `url` = '/' , `ip` = '115.207.119.49' , `mark` = 'c8f1fd37471006cd85a8c4fee5047cb3' , `user_agent` = 'Mozilla/5.0 (Windows NT 10.0; Win64; x64) AppleWebKit/537.36 (KHTML, like Gecko) Chrome/53.0.2785.143 Safari/537.36' , `create_time` = '2024-03-20 18:52:24.349365' [ RunTime:0.000421s ]
[2024-03-20T18:52:24+08:00][sql] SHOW FULL COLUMNS FROM `jm_news_index` [ RunTime:0.001556s ]
[2024-03-20T18:52:24+08:00][sql] SELECT * FROM `jm_news_index` WHERE  `c_id` = 78  AND `status` = 1 ORDER BY `create_time` DESC LIMIT 5 [ RunTime:0.000705s ]
[2024-03-20T18:52:24+08:00][sql] SELECT * FROM `jm_news_index` WHERE  `c_id` = 79  AND `status` = 1 ORDER BY `create_time` DESC LIMIT 5 [ RunTime:0.000626s ]
[2024-03-20T18:52:24+08:00][sql] SELECT * FROM `jm_news_index` WHERE  `c_id` = 77  AND `status` = 1 ORDER BY `create_time` DESC LIMIT 5 [ RunTime:0.000854s ]
[2024-03-20T18:52:25+08:00][sql] CONNECT:[ UseTime:0.000564s ] mysql:host=127.0.0.1;port=3306;dbname=www_fsqf_com;charset=utf8
[2024-03-20T18:52:25+08:00][sql] SHOW FULL COLUMNS FROM `jm_nav` [ RunTime:0.001328s ]
[2024-03-20T18:52:25+08:00][sql] SELECT * FROM `jm_nav` ORDER BY `sort` ASC [ RunTime:0.000479s ]
[2024-03-20T18:52:25+08:00][sql] SHOW FULL COLUMNS FROM `jm_browse_index` [ RunTime:0.001510s ]
[2024-03-20T18:52:25+08:00][sql] SELECT * FROM `jm_browse_index` WHERE  `ip` = '115.207.119.49' ORDER BY `id` DESC LIMIT 1 [ RunTime:0.001686s ]
[2024-03-20T18:52:25+08:00][sql] SHOW FULL COLUMNS FROM `jm_news_index` [ RunTime:0.002602s ]
[2024-03-20T18:52:25+08:00][sql] SELECT * FROM `jm_news_index` WHERE  `c_id` = 78  AND `status` = 1 ORDER BY `create_time` DESC LIMIT 5 [ RunTime:0.000683s ]
[2024-03-20T18:52:25+08:00][sql] SELECT * FROM `jm_news_index` WHERE  `c_id` = 79  AND `status` = 1 ORDER BY `create_time` DESC LIMIT 5 [ RunTime:0.000711s ]
[2024-03-20T18:52:25+08:00][sql] SELECT * FROM `jm_news_index` WHERE  `c_id` = 77  AND `status` = 1 ORDER BY `create_time` DESC LIMIT 5 [ RunTime:0.000576s ]
[2024-03-20T18:52:25+08:00][sql] CONNECT:[ UseTime:0.000720s ] mysql:host=127.0.0.1;port=3306;dbname=www_fsqf_com;charset=utf8
[2024-03-20T18:52:25+08:00][sql] SHOW FULL COLUMNS FROM `jm_nav` [ RunTime:0.001438s ]
[2024-03-20T18:52:25+08:00][sql] SELECT * FROM `jm_nav` ORDER BY `sort` ASC [ RunTime:0.000453s ]
[2024-03-20T18:52:25+08:00][sql] SHOW FULL COLUMNS FROM `jm_browse_index` [ RunTime:0.001167s ]
[2024-03-20T18:52:25+08:00][sql] SELECT * FROM `jm_browse_index` WHERE  `ip` = '115.207.119.49' ORDER BY `id` DESC LIMIT 1 [ RunTime:0.000453s ]
[2024-03-20T18:52:25+08:00][sql] INSERT INTO `jm_browse_index` SET `cid` = 0 , `url` = '/page/2.html' , `ip` = '115.207.119.49' , `mark` = '8c9c3f37bb8bf703ff1ff610c832fa1c' , `user_agent` = 'Mozilla/5.0 (Windows NT 10.0; Win64; x64) AppleWebKit/537.36 (KHTML, like Gecko) Chrome/53.0.2785.143 Safari/537.36' , `create_time` = '2024-03-20 18:52:25.563012' [ RunTime:0.000355s ]
[2024-03-20T18:52:25+08:00][sql] SHOW FULL COLUMNS FROM `jm_page_index` [ RunTime:0.001475s ]
[2024-03-20T18:52:25+08:00][sql] SELECT * FROM `jm_page_index` WHERE  `id` = 2 LIMIT 1 [ RunTime:0.000673s ]
[2024-03-20T18:52:25+08:00][sql] SHOW FULL COLUMNS FROM `jm_category` [ RunTime:0.001291s ]
[2024-03-20T18:52:25+08:00][sql] SELECT * FROM `jm_category` WHERE  `id` = 75 LIMIT 1 [ RunTime:0.000466s ]
[2024-03-20T18:52:25+08:00][sql] SELECT * FROM `jm_category` WHERE  `id` = 0 LIMIT 1 [ RunTime:0.000309s ]
[2024-03-20T18:52:25+08:00][sql] SHOW FULL COLUMNS FROM `jm_ad_index` [ RunTime:0.001210s ]
[2024-03-20T18:52:25+08:00][sql] SELECT * FROM `jm_ad_index` WHERE  `g_id` = 75 LIMIT 1 [ RunTime:0.000439s ]
[2024-03-20T18:52:25+08:00][sql] SELECT `id` FROM `jm_page_index` WHERE  `c_id` = 75 LIMIT 1 [ RunTime:0.000310s ]
[2024-03-20T18:52:25+08:00][sql] SELECT * FROM `jm_category` WHERE  `pid` = 75 [ RunTime:0.000319s ]
[2024-03-20T18:52:25+08:00][sql] SELECT * FROM `jm_page_index` WHERE  `c_id` = 76 ORDER BY `sort` ASC [ RunTime:0.000351s ]
[2024-03-20T18:52:25+08:00][sql] CONNECT:[ UseTime:0.000562s ] mysql:host=127.0.0.1;port=3306;dbname=www_fsqf_com;charset=utf8
[2024-03-20T18:52:25+08:00][sql] SHOW FULL COLUMNS FROM `jm_nav` [ RunTime:0.001237s ]
[2024-03-20T18:52:25+08:00][sql] SELECT * FROM `jm_nav` ORDER BY `sort` ASC [ RunTime:0.000449s ]
[2024-03-20T18:52:25+08:00][sql] SHOW FULL COLUMNS FROM `jm_browse_index` [ RunTime:0.001161s ]
[2024-03-20T18:52:25+08:00][sql] SELECT * FROM `jm_browse_index` WHERE  `ip` = '115.207.119.49' ORDER BY `id` DESC LIMIT 1 [ RunTime:0.000433s ]
[2024-03-20T18:52:25+08:00][sql] INSERT INTO `jm_browse_index` SET `cid` = 0 , `url` = '/page/1.html' , `ip` = '115.207.119.49' , `mark` = 'd749931dc72c76876cdf2ee479c812fc' , `user_agent` = 'Mozilla/5.0 (Windows NT 10.0; Win64; x64) AppleWebKit/537.36 (KHTML, like Gecko) Chrome/53.0.2785.143 Safari/537.36' , `create_time` = '2024-03-20 18:52:25.571460' [ RunTime:0.010550s ]
[2024-03-20T18:52:25+08:00][sql] SHOW FULL COLUMNS FROM `jm_page_index` [ RunTime:0.001459s ]
[2024-03-20T18:52:25+08:00][sql] SELECT * FROM `jm_page_index` WHERE  `id` = 1 LIMIT 1 [ RunTime:0.000527s ]
[2024-03-20T18:52:25+08:00][sql] SHOW FULL COLUMNS FROM `jm_category` [ RunTime:0.001366s ]
[2024-03-20T18:52:25+08:00][sql] SELECT * FROM `jm_category` WHERE  `id` = 52 LIMIT 1 [ RunTime:0.000507s ]
[2024-03-20T18:52:25+08:00][sql] SELECT * FROM `jm_category` WHERE  `id` = 0 LIMIT 1 [ RunTime:0.000331s ]
[2024-03-20T18:52:25+08:00][sql] SHOW FULL COLUMNS FROM `jm_ad_index` [ RunTime:0.001394s ]
[2024-03-20T18:52:25+08:00][sql] SELECT * FROM `jm_ad_index` WHERE  `g_id` = 52 LIMIT 1 [ RunTime:0.000510s ]
[2024-03-20T18:52:25+08:00][sql] SELECT `id` FROM `jm_page_index` WHERE  `c_id` = 52 LIMIT 1 [ RunTime:0.000328s ]
[2024-03-20T18:52:25+08:00][sql] SELECT * FROM `jm_category` WHERE  `pid` = 52 [ RunTime:0.000376s ]
[2024-03-20T18:52:25+08:00][sql] SELECT * FROM `jm_page_index` WHERE  `c_id` = 76 ORDER BY `sort` ASC [ RunTime:0.000392s ]
[2024-03-20T18:52:25+08:00][sql] CONNECT:[ UseTime:0.000809s ] mysql:host=127.0.0.1;port=3306;dbname=www_fsqf_com;charset=utf8
[2024-03-20T18:52:25+08:00][sql] SHOW FULL COLUMNS FROM `jm_nav` [ RunTime:0.001300s ]
[2024-03-20T18:52:25+08:00][sql] SELECT * FROM `jm_nav` ORDER BY `sort` ASC [ RunTime:0.000420s ]
[2024-03-20T18:52:25+08:00][sql] SHOW FULL COLUMNS FROM `jm_browse_index` [ RunTime:0.001170s ]
[2024-03-20T18:52:25+08:00][sql] SELECT * FROM `jm_browse_index` WHERE  `ip` = '115.207.119.49' ORDER BY `id` DESC LIMIT 1 [ RunTime:0.000436s ]
[2024-03-20T18:52:25+08:00][sql] SHOW FULL COLUMNS FROM `jm_page_index` [ RunTime:0.001182s ]
[2024-03-20T18:52:25+08:00][sql] SELECT * FROM `jm_page_index` WHERE  `id` = 1 LIMIT 1 [ RunTime:0.000444s ]
[2024-03-20T18:52:25+08:00][sql] SHOW FULL COLUMNS FROM `jm_category` [ RunTime:0.001239s ]
[2024-03-20T18:52:25+08:00][sql] SELECT * FROM `jm_category` WHERE  `id` = 52 LIMIT 1 [ RunTime:0.000439s ]
[2024-03-20T18:52:25+08:00][sql] SELECT * FROM `jm_category` WHERE  `id` = 0 LIMIT 1 [ RunTime:0.000302s ]
[2024-03-20T18:52:25+08:00][sql] SHOW FULL COLUMNS FROM `jm_ad_index` [ RunTime:0.001189s ]
[2024-03-20T18:52:25+08:00][sql] SELECT * FROM `jm_ad_index` WHERE  `g_id` = 52 LIMIT 1 [ RunTime:0.000976s ]
[2024-03-20T18:52:25+08:00][sql] SELECT `id` FROM `jm_page_index` WHERE  `c_id` = 52 LIMIT 1 [ RunTime:0.000439s ]
[2024-03-20T18:52:25+08:00][sql] SELECT * FROM `jm_category` WHERE  `pid` = 52 [ RunTime:0.000625s ]
[2024-03-20T18:52:25+08:00][sql] SELECT * FROM `jm_page_index` WHERE  `c_id` = 76 ORDER BY `sort` ASC [ RunTime:0.000579s ]
[2024-03-20T18:52:25+08:00][sql] CONNECT:[ UseTime:0.000719s ] mysql:host=127.0.0.1;port=3306;dbname=www_fsqf_com;charset=utf8
[2024-03-20T18:52:25+08:00][sql] SHOW FULL COLUMNS FROM `jm_nav` [ RunTime:0.001214s ]
[2024-03-20T18:52:25+08:00][sql] SELECT * FROM `jm_nav` ORDER BY `sort` ASC [ RunTime:0.000404s ]
[2024-03-20T18:52:25+08:00][sql] SHOW FULL COLUMNS FROM `jm_browse_index` [ RunTime:0.001127s ]
[2024-03-20T18:52:25+08:00][sql] SELECT * FROM `jm_browse_index` WHERE  `ip` = '115.207.119.49' ORDER BY `id` DESC LIMIT 1 [ RunTime:0.000422s ]
[2024-03-20T18:52:25+08:00][sql] INSERT INTO `jm_browse_index` SET `cid` = 0 , `url` = '/page/2.html' , `ip` = '115.207.119.49' , `mark` = '8c9c3f37bb8bf703ff1ff610c832fa1c' , `user_agent` = 'Mozilla/5.0 (Windows NT 10.0; Win64; x64) AppleWebKit/537.36 (KHTML, like Gecko) Chrome/53.0.2785.143 Safari/537.36' , `create_time` = '2024-03-20 18:52:25.624055' [ RunTime:0.000345s ]
[2024-03-20T18:52:25+08:00][sql] SHOW FULL COLUMNS FROM `jm_page_index` [ RunTime:0.001239s ]
[2024-03-20T18:52:25+08:00][sql] SELECT * FROM `jm_page_index` WHERE  `id` = 2 LIMIT 1 [ RunTime:0.000483s ]
[2024-03-20T18:52:25+08:00][sql] SHOW FULL COLUMNS FROM `jm_category` [ RunTime:0.001359s ]
[2024-03-20T18:52:25+08:00][sql] SELECT * FROM `jm_category` WHERE  `id` = 75 LIMIT 1 [ RunTime:0.000452s ]
[2024-03-20T18:52:25+08:00][sql] SELECT * FROM `jm_category` WHERE  `id` = 0 LIMIT 1 [ RunTime:0.000395s ]
[2024-03-20T18:52:25+08:00][sql] SHOW FULL COLUMNS FROM `jm_ad_index` [ RunTime:0.001379s ]
[2024-03-20T18:52:25+08:00][sql] SELECT * FROM `jm_ad_index` WHERE  `g_id` = 75 LIMIT 1 [ RunTime:0.000460s ]
[2024-03-20T18:52:25+08:00][sql] SELECT `id` FROM `jm_page_index` WHERE  `c_id` = 75 LIMIT 1 [ RunTime:0.000320s ]
[2024-03-20T18:52:25+08:00][sql] SELECT * FROM `jm_category` WHERE  `pid` = 75 [ RunTime:0.000387s ]
[2024-03-20T18:52:25+08:00][sql] SELECT * FROM `jm_page_index` WHERE  `c_id` = 76 ORDER BY `sort` ASC [ RunTime:0.000389s ]
[2024-03-20T18:52:25+08:00][sql] CONNECT:[ UseTime:0.000680s ] mysql:host=127.0.0.1;port=3306;dbname=www_fsqf_com;charset=utf8
[2024-03-20T18:52:25+08:00][sql] SHOW FULL COLUMNS FROM `jm_nav` [ RunTime:0.001182s ]
[2024-03-20T18:52:25+08:00][sql] SELECT * FROM `jm_nav` ORDER BY `sort` ASC [ RunTime:0.000405s ]
[2024-03-20T18:52:25+08:00][sql] SHOW FULL COLUMNS FROM `jm_browse_index` [ RunTime:0.001175s ]
[2024-03-20T18:52:25+08:00][sql] SELECT * FROM `jm_browse_index` WHERE  `ip` = '115.207.119.49' ORDER BY `id` DESC LIMIT 1 [ RunTime:0.000426s ]
[2024-03-20T18:52:25+08:00][sql] INSERT INTO `jm_browse_index` SET `cid` = 0 , `url` = '/' , `ip` = '115.207.119.49' , `mark` = 'c8f1fd37471006cd85a8c4fee5047cb3' , `user_agent` = 'Mozilla/5.0 (Windows NT 10.0; Win64; x64) AppleWebKit/537.36 (KHTML, like Gecko) Chrome/53.0.2785.143 Safari/537.36' , `create_time` = '2024-03-20 18:52:25.638417' [ RunTime:0.000332s ]
[2024-03-20T18:52:25+08:00][sql] SHOW FULL COLUMNS FROM `jm_news_index` [ RunTime:0.001224s ]
[2024-03-20T18:52:25+08:00][sql] SELECT * FROM `jm_news_index` WHERE  `c_id` = 78  AND `status` = 1 ORDER BY `create_time` DESC LIMIT 5 [ RunTime:0.000461s ]
[2024-03-20T18:52:25+08:00][sql] SELECT * FROM `jm_news_index` WHERE  `c_id` = 79  AND `status` = 1 ORDER BY `create_time` DESC LIMIT 5 [ RunTime:0.000437s ]
[2024-03-20T18:52:25+08:00][sql] SELECT * FROM `jm_news_index` WHERE  `c_id` = 77  AND `status` = 1 ORDER BY `create_time` DESC LIMIT 5 [ RunTime:0.000411s ]
[2024-03-20T18:52:26+08:00][sql] CONNECT:[ UseTime:0.001699s ] mysql:host=127.0.0.1;port=3306;dbname=www_fsqf_com;charset=utf8
[2024-03-20T18:52:26+08:00][sql] SHOW FULL COLUMNS FROM `jm_nav` [ RunTime:0.004007s ]
[2024-03-20T18:52:26+08:00][sql] SELECT * FROM `jm_nav` ORDER BY `sort` ASC [ RunTime:0.000953s ]
[2024-03-20T18:52:26+08:00][sql] SHOW FULL COLUMNS FROM `jm_browse_index` [ RunTime:0.001510s ]
[2024-03-20T18:52:26+08:00][sql] SELECT * FROM `jm_browse_index` WHERE  `ip` = '49.69.37.205' ORDER BY `id` DESC LIMIT 1 [ RunTime:0.004718s ]
[2024-03-20T18:52:26+08:00][sql] INSERT INTO `jm_browse_index` SET `cid` = 0 , `url` = '/' , `ip` = '49.69.37.205' , `mark` = 'f4cdada4f2d22353ef7af6b66b2b2f81' , `user_agent` = 'Mozilla/5.0 (Windows NT 10.0; Win64; x64) AppleWebKit/537.36 (KHTML, like Gecko) Chrome/53.0.2785.143 Safari/537.36' , `create_time` = '2024-03-20 18:52:26.658642' [ RunTime:0.000893s ]
[2024-03-20T18:52:26+08:00][sql] SHOW FULL COLUMNS FROM `jm_news_index` [ RunTime:0.003589s ]
[2024-03-20T18:52:26+08:00][sql] SELECT * FROM `jm_news_index` WHERE  `c_id` = 78  AND `status` = 1 ORDER BY `create_time` DESC LIMIT 5 [ RunTime:0.001057s ]
[2024-03-20T18:52:26+08:00][sql] SELECT * FROM `jm_news_index` WHERE  `c_id` = 79  AND `status` = 1 ORDER BY `create_time` DESC LIMIT 5 [ RunTime:0.000800s ]
[2024-03-20T18:52:26+08:00][sql] SELECT * FROM `jm_news_index` WHERE  `c_id` = 77  AND `status` = 1 ORDER BY `create_time` DESC LIMIT 5 [ RunTime:0.000675s ]
[2024-03-20T18:52:31+08:00][sql] CONNECT:[ UseTime:0.001035s ] mysql:host=127.0.0.1;port=3306;dbname=www_fsqf_com;charset=utf8
[2024-03-20T18:52:31+08:00][sql] SHOW FULL COLUMNS FROM `jm_nav` [ RunTime:0.002032s ]
[2024-03-20T18:52:31+08:00][sql] SELECT * FROM `jm_nav` ORDER BY `sort` ASC [ RunTime:0.000602s ]
[2024-03-20T18:52:31+08:00][sql] SHOW FULL COLUMNS FROM `jm_browse_index` [ RunTime:0.001430s ]
[2024-03-20T18:52:31+08:00][sql] SELECT * FROM `jm_browse_index` WHERE  `ip` = '49.69.37.205' ORDER BY `id` DESC LIMIT 1 [ RunTime:0.001161s ]
[2024-03-20T18:52:31+08:00][sql] SHOW FULL COLUMNS FROM `jm_news_index` [ RunTime:0.001845s ]
[2024-03-20T18:52:31+08:00][sql] SELECT * FROM `jm_news_index` WHERE  `c_id` = 78  AND `status` = 1 ORDER BY `create_time` DESC LIMIT 5 [ RunTime:0.000590s ]
[2024-03-20T18:52:31+08:00][sql] SELECT * FROM `jm_news_index` WHERE  `c_id` = 79  AND `status` = 1 ORDER BY `create_time` DESC LIMIT 5 [ RunTime:0.000610s ]
[2024-03-20T18:52:31+08:00][sql] SELECT * FROM `jm_news_index` WHERE  `c_id` = 77  AND `status` = 1 ORDER BY `create_time` DESC LIMIT 5 [ RunTime:0.000557s ]
[2024-03-20T18:52:31+08:00][sql] CONNECT:[ UseTime:0.000598s ] mysql:host=127.0.0.1;port=3306;dbname=www_fsqf_com;charset=utf8
[2024-03-20T18:52:31+08:00][sql] SHOW FULL COLUMNS FROM `jm_nav` [ RunTime:0.001484s ]
[2024-03-20T18:52:31+08:00][sql] SELECT * FROM `jm_nav` ORDER BY `sort` ASC [ RunTime:0.000536s ]
[2024-03-20T18:52:31+08:00][sql] SHOW FULL COLUMNS FROM `jm_browse_index` [ RunTime:0.001337s ]
[2024-03-20T18:52:31+08:00][sql] SELECT * FROM `jm_browse_index` WHERE  `ip` = '49.69.37.205' ORDER BY `id` DESC LIMIT 1 [ RunTime:0.000497s ]
[2024-03-20T18:52:31+08:00][sql] INSERT INTO `jm_browse_index` SET `cid` = 0 , `url` = '/page/1.html' , `ip` = '49.69.37.205' , `mark` = '1b5edf0b98485ffcf70d704b418c7bb5' , `user_agent` = 'Mozilla/5.0 (Windows NT 10.0; Win64; x64) AppleWebKit/537.36 (KHTML, like Gecko) Chrome/53.0.2785.143 Safari/537.36' , `create_time` = '2024-03-20 18:52:31.259616' [ RunTime:0.000452s ]
[2024-03-20T18:52:31+08:00][sql] SHOW FULL COLUMNS FROM `jm_page_index` [ RunTime:0.003354s ]
[2024-03-20T18:52:31+08:00][sql] SELECT * FROM `jm_page_index` WHERE  `id` = 1 LIMIT 1 [ RunTime:0.000936s ]
[2024-03-20T18:52:31+08:00][sql] SHOW FULL COLUMNS FROM `jm_category` [ RunTime:0.003265s ]
[2024-03-20T18:52:31+08:00][sql] SELECT * FROM `jm_category` WHERE  `id` = 52 LIMIT 1 [ RunTime:0.000806s ]
[2024-03-20T18:52:31+08:00][sql] SELECT * FROM `jm_category` WHERE  `id` = 0 LIMIT 1 [ RunTime:0.000431s ]
[2024-03-20T18:52:31+08:00][sql] SHOW FULL COLUMNS FROM `jm_ad_index` [ RunTime:0.001664s ]
[2024-03-20T18:52:31+08:00][sql] SELECT * FROM `jm_ad_index` WHERE  `g_id` = 52 LIMIT 1 [ RunTime:0.000584s ]
[2024-03-20T18:52:31+08:00][sql] SELECT `id` FROM `jm_page_index` WHERE  `c_id` = 52 LIMIT 1 [ RunTime:0.000270s ]
[2024-03-20T18:52:31+08:00][sql] SELECT * FROM `jm_category` WHERE  `pid` = 52 [ RunTime:0.000322s ]
[2024-03-20T18:52:31+08:00][sql] SELECT * FROM `jm_page_index` WHERE  `c_id` = 76 ORDER BY `sort` ASC [ RunTime:0.000500s ]
[2024-03-20T18:52:31+08:00][sql] CONNECT:[ UseTime:0.000567s ] mysql:host=127.0.0.1;port=3306;dbname=www_fsqf_com;charset=utf8
[2024-03-20T18:52:31+08:00][sql] SHOW FULL COLUMNS FROM `jm_nav` [ RunTime:0.001746s ]
[2024-03-20T18:52:31+08:00][sql] SELECT * FROM `jm_nav` ORDER BY `sort` ASC [ RunTime:0.000537s ]
[2024-03-20T18:52:31+08:00][sql] SHOW FULL COLUMNS FROM `jm_browse_index` [ RunTime:0.001494s ]
[2024-03-20T18:52:31+08:00][sql] SELECT * FROM `jm_browse_index` WHERE  `ip` = '49.69.37.205' ORDER BY `id` DESC LIMIT 1 [ RunTime:0.000445s ]
[2024-03-20T18:52:31+08:00][sql] INSERT INTO `jm_browse_index` SET `cid` = 0 , `url` = '/page/2.html' , `ip` = '49.69.37.205' , `mark` = '7bec93511f258758525958bd144bc1d4' , `user_agent` = 'Mozilla/5.0 (Windows NT 10.0; Win64; x64) AppleWebKit/537.36 (KHTML, like Gecko) Chrome/53.0.2785.143 Safari/537.36' , `create_time` = '2024-03-20 18:52:31.269348' [ RunTime:0.000449s ]
[2024-03-20T18:52:31+08:00][sql] SHOW FULL COLUMNS FROM `jm_page_index` [ RunTime:0.001503s ]
[2024-03-20T18:52:31+08:00][sql] SELECT * FROM `jm_page_index` WHERE  `id` = 2 LIMIT 1 [ RunTime:0.000618s ]
[2024-03-20T18:52:31+08:00][sql] SHOW FULL COLUMNS FROM `jm_category` [ RunTime:0.002976s ]
[2024-03-20T18:52:31+08:00][sql] SELECT * FROM `jm_category` WHERE  `id` = 75 LIMIT 1 [ RunTime:0.000540s ]
[2024-03-20T18:52:31+08:00][sql] SELECT * FROM `jm_category` WHERE  `id` = 0 LIMIT 1 [ RunTime:0.000401s ]
[2024-03-20T18:52:31+08:00][sql] SHOW FULL COLUMNS FROM `jm_ad_index` [ RunTime:0.002405s ]
[2024-03-20T18:52:31+08:00][sql] SELECT * FROM `jm_ad_index` WHERE  `g_id` = 75 LIMIT 1 [ RunTime:0.000673s ]
[2024-03-20T18:52:31+08:00][sql] SELECT `id` FROM `jm_page_index` WHERE  `c_id` = 75 LIMIT 1 [ RunTime:0.000403s ]
[2024-03-20T18:52:31+08:00][sql] SELECT * FROM `jm_category` WHERE  `pid` = 75 [ RunTime:0.000427s ]
[2024-03-20T18:52:31+08:00][sql] SELECT * FROM `jm_page_index` WHERE  `c_id` = 76 ORDER BY `sort` ASC [ RunTime:0.000520s ]
[2024-03-20T18:52:31+08:00][sql] CONNECT:[ UseTime:0.001087s ] mysql:host=127.0.0.1;port=3306;dbname=www_fsqf_com;charset=utf8
[2024-03-20T18:52:31+08:00][sql] SHOW FULL COLUMNS FROM `jm_nav` [ RunTime:0.002965s ]
[2024-03-20T18:52:31+08:00][sql] SELECT * FROM `jm_nav` ORDER BY `sort` ASC [ RunTime:0.000987s ]
[2024-03-20T18:52:31+08:00][sql] SHOW FULL COLUMNS FROM `jm_browse_index` [ RunTime:0.001118s ]
[2024-03-20T18:52:31+08:00][sql] SELECT * FROM `jm_browse_index` WHERE  `ip` = '49.69.37.205' ORDER BY `id` DESC LIMIT 1 [ RunTime:0.000533s ]
[2024-03-20T18:52:31+08:00][sql] SHOW FULL COLUMNS FROM `jm_page_index` [ RunTime:0.001127s ]
[2024-03-20T18:52:31+08:00][sql] SELECT * FROM `jm_page_index` WHERE  `id` = 2 LIMIT 1 [ RunTime:0.000397s ]
[2024-03-20T18:52:31+08:00][sql] SHOW FULL COLUMNS FROM `jm_category` [ RunTime:0.001111s ]
[2024-03-20T18:52:31+08:00][sql] SELECT * FROM `jm_category` WHERE  `id` = 75 LIMIT 1 [ RunTime:0.000351s ]
[2024-03-20T18:52:31+08:00][sql] SELECT * FROM `jm_category` WHERE  `id` = 0 LIMIT 1 [ RunTime:0.000216s ]
[2024-03-20T18:52:31+08:00][sql] SHOW FULL COLUMNS FROM `jm_ad_index` [ RunTime:0.001090s ]
[2024-03-20T18:52:31+08:00][sql] SELECT * FROM `jm_ad_index` WHERE  `g_id` = 75 LIMIT 1 [ RunTime:0.000396s ]
[2024-03-20T18:52:31+08:00][sql] SELECT `id` FROM `jm_page_index` WHERE  `c_id` = 75 LIMIT 1 [ RunTime:0.001150s ]
[2024-03-20T18:52:31+08:00][sql] SELECT * FROM `jm_category` WHERE  `pid` = 75 [ RunTime:0.000382s ]
[2024-03-20T18:52:31+08:00][sql] SELECT * FROM `jm_page_index` WHERE  `c_id` = 76 ORDER BY `sort` ASC [ RunTime:0.000391s ]
[2024-03-20T18:52:31+08:00][sql] CONNECT:[ UseTime:0.000471s ] mysql:host=127.0.0.1;port=3306;dbname=www_fsqf_com;charset=utf8
[2024-03-20T18:52:31+08:00][sql] SHOW FULL COLUMNS FROM `jm_nav` [ RunTime:0.001265s ]
[2024-03-20T18:52:31+08:00][sql] SELECT * FROM `jm_nav` ORDER BY `sort` ASC [ RunTime:0.000434s ]
[2024-03-20T18:52:31+08:00][sql] SHOW FULL COLUMNS FROM `jm_browse_index` [ RunTime:0.001139s ]
[2024-03-20T18:52:31+08:00][sql] SELECT * FROM `jm_browse_index` WHERE  `ip` = '49.69.37.205' ORDER BY `id` DESC LIMIT 1 [ RunTime:0.000429s ]
[2024-03-20T18:52:31+08:00][sql] INSERT INTO `jm_browse_index` SET `cid` = 0 , `url` = '/' , `ip` = '49.69.37.205' , `mark` = 'f4cdada4f2d22353ef7af6b66b2b2f81' , `user_agent` = 'Mozilla/5.0 (Windows NT 10.0; Win64; x64) AppleWebKit/537.36 (KHTML, like Gecko) Chrome/53.0.2785.143 Safari/537.36' , `create_time` = '2024-03-20 18:52:31.364302' [ RunTime:0.000355s ]
[2024-03-20T18:52:31+08:00][sql] SHOW FULL COLUMNS FROM `jm_news_index` [ RunTime:0.001604s ]
[2024-03-20T18:52:31+08:00][sql] SELECT * FROM `jm_news_index` WHERE  `c_id` = 78  AND `status` = 1 ORDER BY `create_time` DESC LIMIT 5 [ RunTime:0.000565s ]
[2024-03-20T18:52:31+08:00][sql] SELECT * FROM `jm_news_index` WHERE  `c_id` = 79  AND `status` = 1 ORDER BY `create_time` DESC LIMIT 5 [ RunTime:0.000595s ]
[2024-03-20T18:52:31+08:00][sql] SELECT * FROM `jm_news_index` WHERE  `c_id` = 77  AND `status` = 1 ORDER BY `create_time` DESC LIMIT 5 [ RunTime:0.000547s ]
[2024-03-20T18:52:31+08:00][sql] CONNECT:[ UseTime:0.000468s ] mysql:host=127.0.0.1;port=3306;dbname=www_fsqf_com;charset=utf8
[2024-03-20T18:52:31+08:00][sql] SHOW FULL COLUMNS FROM `jm_nav` [ RunTime:0.001367s ]
[2024-03-20T18:52:31+08:00][sql] SELECT * FROM `jm_nav` ORDER BY `sort` ASC [ RunTime:0.000391s ]
[2024-03-20T18:52:31+08:00][sql] SHOW FULL COLUMNS FROM `jm_browse_index` [ RunTime:0.001203s ]
[2024-03-20T18:52:31+08:00][sql] SELECT * FROM `jm_browse_index` WHERE  `ip` = '49.69.37.205' ORDER BY `id` DESC LIMIT 1 [ RunTime:0.000370s ]
[2024-03-20T18:52:31+08:00][sql] INSERT INTO `jm_browse_index` SET `cid` = 0 , `url` = '/page/1.html' , `ip` = '49.69.37.205' , `mark` = '1b5edf0b98485ffcf70d704b418c7bb5' , `user_agent` = 'Mozilla/5.0 (Windows NT 10.0; Win64; x64) AppleWebKit/537.36 (KHTML, like Gecko) Chrome/53.0.2785.143 Safari/537.36' , `create_time` = '2024-03-20 18:52:31.363737' [ RunTime:0.000327s ]
[2024-03-20T18:52:31+08:00][sql] SHOW FULL COLUMNS FROM `jm_page_index` [ RunTime:0.001515s ]
[2024-03-20T18:52:31+08:00][sql] SELECT * FROM `jm_page_index` WHERE  `id` = 1 LIMIT 1 [ RunTime:0.000546s ]
[2024-03-20T18:52:31+08:00][sql] SHOW FULL COLUMNS FROM `jm_category` [ RunTime:0.001284s ]
[2024-03-20T18:52:31+08:00][sql] SELECT * FROM `jm_category` WHERE  `id` = 52 LIMIT 1 [ RunTime:0.000361s ]
[2024-03-20T18:52:31+08:00][sql] SELECT * FROM `jm_category` WHERE  `id` = 0 LIMIT 1 [ RunTime:0.000260s ]
[2024-03-20T18:52:31+08:00][sql] SHOW FULL COLUMNS FROM `jm_ad_index` [ RunTime:0.001119s ]
[2024-03-20T18:52:31+08:00][sql] SELECT * FROM `jm_ad_index` WHERE  `g_id` = 52 LIMIT 1 [ RunTime:0.000392s ]
[2024-03-20T18:52:31+08:00][sql] SELECT `id` FROM `jm_page_index` WHERE  `c_id` = 52 LIMIT 1 [ RunTime:0.000259s ]
[2024-03-20T18:52:31+08:00][sql] SELECT * FROM `jm_category` WHERE  `pid` = 52 [ RunTime:0.000262s ]
[2024-03-20T18:52:31+08:00][sql] SELECT * FROM `jm_page_index` WHERE  `c_id` = 76 ORDER BY `sort` ASC [ RunTime:0.000329s ]
[2024-03-20T18:58:32+08:00][sql] CONNECT:[ UseTime:0.000767s ] mysql:host=127.0.0.1;port=3306;dbname=www_fsqf_com;charset=utf8
[2024-03-20T18:58:32+08:00][sql] SHOW FULL COLUMNS FROM `jm_nav` [ RunTime:0.001566s ]
[2024-03-20T18:58:32+08:00][sql] SELECT * FROM `jm_nav` ORDER BY `sort` ASC [ RunTime:0.000403s ]
[2024-03-20T18:58:32+08:00][sql] SHOW FULL COLUMNS FROM `jm_browse_index` [ RunTime:0.001231s ]
[2024-03-20T18:58:32+08:00][sql] SELECT * FROM `jm_browse_index` WHERE  `ip` = '61.147.15.65' ORDER BY `id` DESC LIMIT 1 [ RunTime:0.000677s ]
[2024-03-20T18:58:32+08:00][sql] INSERT INTO `jm_browse_index` SET `cid` = 0 , `url` = '/' , `ip` = '61.147.15.65' , `mark` = 'e2c1877b1867a26fbfe7bde242d9beeb' , `user_agent` = 'Mozilla/5.0 (iPhone; CPU iPhone OS 9_2_1 like Mac OS X) AppleWebKit/601.1.46 (KHTML, like Gecko) Version/9.0 MQQBrowser/8.5.1 Mobile/13D15 Safari/601.1 MttCustomUA/2 QBWebViewType/1 WKType/1' , `create_time` = '2024-03-20 18:58:32.250427' [ RunTime:0.000487s ]
[2024-03-20T18:58:32+08:00][sql] SHOW FULL COLUMNS FROM `jm_news_index` [ RunTime:0.001833s ]
[2024-03-20T18:58:32+08:00][sql] SELECT * FROM `jm_news_index` WHERE  `c_id` = 78  AND `status` = 1 ORDER BY `create_time` DESC LIMIT 5 [ RunTime:0.000879s ]
[2024-03-20T18:58:32+08:00][sql] SELECT * FROM `jm_news_index` WHERE  `c_id` = 79  AND `status` = 1 ORDER BY `create_time` DESC LIMIT 5 [ RunTime:0.000917s ]
[2024-03-20T18:58:32+08:00][sql] SELECT * FROM `jm_news_index` WHERE  `c_id` = 77  AND `status` = 1 ORDER BY `create_time` DESC LIMIT 5 [ RunTime:0.000758s ]
[2024-03-20T18:58:44+08:00][sql] CONNECT:[ UseTime:0.001241s ] mysql:host=127.0.0.1;port=3306;dbname=www_fsqf_com;charset=utf8
[2024-03-20T18:58:44+08:00][sql] SHOW FULL COLUMNS FROM `jm_nav` [ RunTime:0.003274s ]
[2024-03-20T18:58:44+08:00][sql] SELECT * FROM `jm_nav` ORDER BY `sort` ASC [ RunTime:0.000824s ]
[2024-03-20T18:58:44+08:00][sql] SHOW FULL COLUMNS FROM `jm_browse_index` [ RunTime:0.002065s ]
[2024-03-20T18:58:44+08:00][sql] SELECT * FROM `jm_browse_index` WHERE  `ip` = '61.147.15.65' ORDER BY `id` DESC LIMIT 1 [ RunTime:0.000468s ]
[2024-03-20T18:58:44+08:00][sql] INSERT INTO `jm_browse_index` SET `cid` = 0 , `url` = '/' , `ip` = '61.147.15.65' , `mark` = 'eabf93d95157f4e99fa9d9eb0040ae69' , `user_agent` = 'Dalvik/2.1.0 (Linux; U; Android 9.0; ZTE BA520 Build/MRA58K)' , `create_time` = '2024-03-20 18:58:44.762760' [ RunTime:0.000497s ]
[2024-03-20T18:58:44+08:00][sql] SHOW FULL COLUMNS FROM `jm_news_index` [ RunTime:0.001913s ]
[2024-03-20T18:58:44+08:00][sql] SELECT * FROM `jm_news_index` WHERE  `c_id` = 78  AND `status` = 1 ORDER BY `create_time` DESC LIMIT 5 [ RunTime:0.000823s ]
[2024-03-20T18:58:44+08:00][sql] SELECT * FROM `jm_news_index` WHERE  `c_id` = 79  AND `status` = 1 ORDER BY `create_time` DESC LIMIT 5 [ RunTime:0.000712s ]
[2024-03-20T18:58:44+08:00][sql] SELECT * FROM `jm_news_index` WHERE  `c_id` = 77  AND `status` = 1 ORDER BY `create_time` DESC LIMIT 5 [ RunTime:0.000679s ]
[2024-03-20T19:00:04+08:00][sql] CONNECT:[ UseTime:0.000711s ] mysql:host=127.0.0.1;port=3306;dbname=www_fsqf_com;charset=utf8
[2024-03-20T19:00:04+08:00][sql] SHOW FULL COLUMNS FROM `jm_nav` [ RunTime:0.001914s ]
[2024-03-20T19:00:04+08:00][sql] SELECT * FROM `jm_nav` ORDER BY `sort` ASC [ RunTime:0.000511s ]
[2024-03-20T19:00:04+08:00][sql] SHOW FULL COLUMNS FROM `jm_browse_index` [ RunTime:0.001534s ]
[2024-03-20T19:00:04+08:00][sql] SELECT * FROM `jm_browse_index` WHERE  `ip` = '61.147.21.51' ORDER BY `id` DESC LIMIT 1 [ RunTime:0.004346s ]
[2024-03-20T19:00:04+08:00][sql] SHOW FULL COLUMNS FROM `jm_news_index` [ RunTime:0.002447s ]
[2024-03-20T19:00:04+08:00][sql] SELECT * FROM `jm_news_index` WHERE  `c_id` = 78  AND `status` = 1 ORDER BY `create_time` DESC LIMIT 5 [ RunTime:0.001096s ]
[2024-03-20T19:00:04+08:00][sql] SELECT * FROM `jm_news_index` WHERE  `c_id` = 79  AND `status` = 1 ORDER BY `create_time` DESC LIMIT 5 [ RunTime:0.001116s ]
[2024-03-20T19:00:04+08:00][sql] SELECT * FROM `jm_news_index` WHERE  `c_id` = 77  AND `status` = 1 ORDER BY `create_time` DESC LIMIT 5 [ RunTime:0.000841s ]
[2024-03-20T19:00:05+08:00][sql] CONNECT:[ UseTime:0.001328s ] mysql:host=127.0.0.1;port=3306;dbname=www_fsqf_com;charset=utf8
[2024-03-20T19:00:05+08:00][sql] SHOW FULL COLUMNS FROM `jm_nav` [ RunTime:0.004115s ]
[2024-03-20T19:00:05+08:00][sql] SELECT * FROM `jm_nav` ORDER BY `sort` ASC [ RunTime:0.000720s ]
[2024-03-20T19:00:05+08:00][sql] SHOW FULL COLUMNS FROM `jm_browse_index` [ RunTime:0.002765s ]
[2024-03-20T19:00:05+08:00][sql] SELECT * FROM `jm_browse_index` WHERE  `ip` = '61.147.15.67' ORDER BY `id` DESC LIMIT 1 [ RunTime:0.008310s ]
[2024-03-20T19:00:05+08:00][sql] SHOW FULL COLUMNS FROM `jm_news_index` [ RunTime:0.003725s ]
[2024-03-20T19:00:05+08:00][sql] SELECT * FROM `jm_news_index` WHERE  `c_id` = 78  AND `status` = 1 ORDER BY `create_time` DESC LIMIT 5 [ RunTime:0.000579s ]
[2024-03-20T19:00:05+08:00][sql] SELECT * FROM `jm_news_index` WHERE  `c_id` = 79  AND `status` = 1 ORDER BY `create_time` DESC LIMIT 5 [ RunTime:0.000627s ]
[2024-03-20T19:00:05+08:00][sql] SELECT * FROM `jm_news_index` WHERE  `c_id` = 77  AND `status` = 1 ORDER BY `create_time` DESC LIMIT 5 [ RunTime:0.000562s ]
[2024-03-20T19:53:44+08:00][sql] CONNECT:[ UseTime:0.001322s ] mysql:host=127.0.0.1;port=3306;dbname=www_fsqf_com;charset=utf8
[2024-03-20T19:53:44+08:00][sql] SHOW FULL COLUMNS FROM `jm_nav` [ RunTime:0.003636s ]
[2024-03-20T19:53:44+08:00][sql] SELECT * FROM `jm_nav` ORDER BY `sort` ASC [ RunTime:0.001257s ]
[2024-03-20T19:53:44+08:00][sql] SHOW FULL COLUMNS FROM `jm_browse_index` [ RunTime:0.003199s ]
[2024-03-20T19:53:44+08:00][sql] SELECT * FROM `jm_browse_index` WHERE  `ip` = '101.67.29.201' ORDER BY `id` DESC LIMIT 1 [ RunTime:0.001599s ]
[2024-03-20T19:53:44+08:00][sql] INSERT INTO `jm_browse_index` SET `cid` = 79 , `url` = '/list/79.html' , `ip` = '101.67.29.201' , `mark` = 'b2ffc622fa500c71ea19e5cd30cd94f0' , `user_agent` = 'Mozilla/5.0 (Windows NT 6.1; Win64; x64) AppleWebKit/537.36 (KHTML, like Gecko) Chrome/69.0.3497.81 YisouSpider/5.0 Safari/537.36' , `create_time` = '2024-03-20 19:53:44.157287' [ RunTime:0.000589s ]
[2024-03-20T19:53:44+08:00][sql] SHOW FULL COLUMNS FROM `jm_category` [ RunTime:0.002458s ]
[2024-03-20T19:53:44+08:00][sql] SELECT `pid` FROM `jm_category` WHERE  `id` = 79 LIMIT 1 [ RunTime:0.001001s ]
[2024-03-20T19:53:44+08:00][sql] SHOW FULL COLUMNS FROM `jm_news_index` [ RunTime:0.002300s ]
[2024-03-20T19:53:44+08:00][sql] SELECT COUNT(*) AS think_count FROM `jm_news_index` WHERE  `status` = 1  AND `c_id` = 79 LIMIT 1 [ RunTime:0.001202s ]
[2024-03-20T19:53:44+08:00][sql] SELECT * FROM `jm_news_index` WHERE  `status` = 1  AND `c_id` = 79 ORDER BY `create_time` DESC LIMIT 0,5 [ RunTime:0.001193s ]
[2024-03-20T19:53:44+08:00][sql] SELECT * FROM `jm_category` WHERE  `id` = 79 LIMIT 1 [ RunTime:0.000581s ]
[2024-03-20T19:53:44+08:00][sql] SELECT * FROM `jm_category` WHERE  `id` = 74 LIMIT 1 [ RunTime:0.000469s ]
[2024-03-20T19:53:44+08:00][sql] SHOW FULL COLUMNS FROM `jm_ad_index` [ RunTime:0.002804s ]
[2024-03-20T19:53:44+08:00][sql] SELECT * FROM `jm_ad_index` WHERE  `g_id` = 74 LIMIT 1 [ RunTime:0.000682s ]
[2024-03-20T19:53:44+08:00][sql] SELECT * FROM `jm_category` WHERE  `pid` = 74 ORDER BY `sort` ASC [ RunTime:0.000446s ]
