[2024-05-02T00:53:53+08:00][sql] CONNECT:[ UseTime:0.000685s ] mysql:host=127.0.0.1;port=3306;dbname=www_fsqf_com;charset=utf8
[2024-05-02T00:53:53+08:00][sql] SHOW FULL COLUMNS FROM `jm_nav` [ RunTime:0.001824s ]
[2024-05-02T00:53:53+08:00][sql] SELECT * FROM `jm_nav` ORDER BY `sort` ASC [ RunTime:0.000744s ]
[2024-05-02T00:53:53+08:00][sql] SHOW FULL COLUMNS FROM `jm_browse_index` [ RunTime:0.001381s ]
[2024-05-02T00:53:53+08:00][sql] SELECT * FROM `jm_browse_index` WHERE  `ip` = '223.113.128.221' ORDER BY `id` DESC LIMIT 1 [ RunTime:0.005016s ]
[2024-05-02T00:53:53+08:00][sql] INSERT INTO `jm_browse_index` SET `cid` = 0 , `url` = '/' , `ip` = '223.113.128.221' , `mark` = 'eaf21d3b35e604eec8abe1515fa43f23' , `user_agent` = 'curl/7.29.0' , `create_time` = '2024-05-02 00:53:53.618787' [ RunTime:0.000420s ]
[2024-05-02T00:53:53+08:00][sql] SHOW FULL COLUMNS FROM `jm_news_index` [ RunTime:0.001764s ]
[2024-05-02T00:53:53+08:00][sql] SELECT * FROM `jm_news_index` WHERE  `c_id` = 78  AND `status` = 1 ORDER BY `create_time` DESC LIMIT 5 [ RunTime:0.001119s ]
[2024-05-02T00:53:53+08:00][sql] SELECT * FROM `jm_news_index` WHERE  `c_id` = 79  AND `status` = 1 ORDER BY `create_time` DESC LIMIT 5 [ RunTime:0.000817s ]
[2024-05-02T00:53:53+08:00][sql] SELECT * FROM `jm_news_index` WHERE  `c_id` = 77  AND `status` = 1 ORDER BY `create_time` DESC LIMIT 5 [ RunTime:0.000733s ]
[2024-05-02T01:06:17+08:00][sql] CONNECT:[ UseTime:0.000838s ] mysql:host=127.0.0.1;port=3306;dbname=www_fsqf_com;charset=utf8
[2024-05-02T01:06:17+08:00][sql] SHOW FULL COLUMNS FROM `jm_nav` [ RunTime:0.001683s ]
[2024-05-02T01:06:17+08:00][sql] SELECT * FROM `jm_nav` ORDER BY `sort` ASC [ RunTime:0.000642s ]
[2024-05-02T01:06:17+08:00][sql] SHOW FULL COLUMNS FROM `jm_browse_index` [ RunTime:0.001738s ]
[2024-05-02T01:06:17+08:00][sql] SELECT * FROM `jm_browse_index` WHERE  `ip` = '101.67.50.86' ORDER BY `id` DESC LIMIT 1 [ RunTime:0.000757s ]
[2024-05-02T01:06:17+08:00][sql] INSERT INTO `jm_browse_index` SET `cid` = 74 , `url` = '/list/74.html?page=2' , `ip` = '101.67.50.86' , `mark` = 'a8c8400d6947c102e5688a8efd6e1a86' , `user_agent` = 'Mozilla/5.0 (Windows NT 6.1; Win64; x64) AppleWebKit/537.36 (KHTML, like Gecko) Chrome/69.0.3497.81 YisouSpider/5.0 Safari/537.36' , `create_time` = '2024-05-02 01:06:17.955569' [ RunTime:0.000407s ]
[2024-05-02T01:06:17+08:00][sql] SHOW FULL COLUMNS FROM `jm_category` [ RunTime:0.002892s ]
[2024-05-02T01:06:17+08:00][sql] SELECT `pid` FROM `jm_category` WHERE  `id` = 74 LIMIT 1 [ RunTime:0.001181s ]
[2024-05-02T01:06:17+08:00][sql] SELECT `id` FROM `jm_category` WHERE  `pid` = 74 [ RunTime:0.000721s ]
[2024-05-02T01:06:17+08:00][sql] SHOW FULL COLUMNS FROM `jm_news_index` [ RunTime:0.003666s ]
[2024-05-02T01:06:17+08:00][sql] SELECT COUNT(*) AS think_count FROM `jm_news_index` WHERE  `status` = 1  AND `c_id` IN (77,78,79) LIMIT 1 [ RunTime:0.001230s ]
[2024-05-02T01:06:17+08:00][sql] SELECT * FROM `jm_news_index` WHERE  `status` = 1  AND `c_id` IN (77,78,79) ORDER BY `create_time` DESC LIMIT 5,5 [ RunTime:0.001614s ]
[2024-05-02T01:06:17+08:00][sql] SELECT * FROM `jm_category` WHERE  `id` = 74 LIMIT 1 [ RunTime:0.000551s ]
[2024-05-02T01:06:17+08:00][sql] SELECT * FROM `jm_category` WHERE  `id` = 0 LIMIT 1 [ RunTime:0.000506s ]
[2024-05-02T01:06:17+08:00][sql] SHOW FULL COLUMNS FROM `jm_ad_index` [ RunTime:0.001371s ]
[2024-05-02T01:06:17+08:00][sql] SELECT * FROM `jm_ad_index` WHERE  `g_id` = 74 LIMIT 1 [ RunTime:0.000500s ]
[2024-05-02T01:06:17+08:00][sql] SELECT * FROM `jm_category` WHERE  `pid` = 74 ORDER BY `sort` ASC [ RunTime:0.000256s ]
[2024-05-02T01:11:11+08:00][sql] CONNECT:[ UseTime:0.000926s ] mysql:host=127.0.0.1;port=3306;dbname=www_fsqf_com;charset=utf8
[2024-05-02T01:11:11+08:00][sql] SHOW FULL COLUMNS FROM `jm_nav` [ RunTime:0.002224s ]
[2024-05-02T01:11:11+08:00][sql] SELECT * FROM `jm_nav` ORDER BY `sort` ASC [ RunTime:0.000692s ]
[2024-05-02T01:11:11+08:00][sql] SHOW FULL COLUMNS FROM `jm_browse_index` [ RunTime:0.001955s ]
[2024-05-02T01:11:11+08:00][sql] SHOW FULL COLUMNS FROM `jm_news_index` [ RunTime:0.002138s ]
[2024-05-02T01:11:11+08:00][sql] SELECT `c_id` FROM `jm_news_index` WHERE  `id` = 166 LIMIT 1 [ RunTime:0.000604s ]
[2024-05-02T01:11:11+08:00][sql] SELECT * FROM `jm_browse_index` WHERE  `ip` = '101.67.50.42' ORDER BY `id` DESC LIMIT 1 [ RunTime:0.004351s ]
[2024-05-02T01:11:11+08:00][sql] INSERT INTO `jm_browse_index` SET `cid` = 77 , `url` = '/show/166.html' , `ip` = '101.67.50.42' , `mark` = 'ab458af2cfc84be1d8fd094bd55b0118' , `user_agent` = 'Mozilla/5.0 (Windows NT 6.1; Win64; x64) AppleWebKit/537.36 (KHTML, like Gecko) Chrome/69.0.3497.81 YisouSpider/5.0 Safari/537.36' , `create_time` = '2024-05-02 01:11:11.881013' [ RunTime:0.000405s ]
[2024-05-02T01:11:11+08:00][sql] SELECT * FROM `jm_news_index` WHERE  `id` = 166 LIMIT 1 [ RunTime:0.000508s ]
[2024-05-02T01:11:11+08:00][sql] SHOW FULL COLUMNS FROM `jm_category` [ RunTime:0.001597s ]
[2024-05-02T01:11:11+08:00][sql] SELECT * FROM `jm_category` WHERE  `id` = 77 LIMIT 1 [ RunTime:0.001115s ]
[2024-05-02T01:11:11+08:00][sql] SELECT * FROM `jm_category` WHERE  `id` = 74 LIMIT 1 [ RunTime:0.000621s ]
[2024-05-02T01:11:11+08:00][sql] SHOW FULL COLUMNS FROM `jm_ad_index` [ RunTime:0.001852s ]
[2024-05-02T01:11:11+08:00][sql] SELECT * FROM `jm_ad_index` WHERE  `g_id` = 74 LIMIT 1 [ RunTime:0.000645s ]
[2024-05-02T01:11:11+08:00][sql] SELECT * FROM `jm_category` WHERE  `pid` = 74 [ RunTime:0.000478s ]
[2024-05-02T01:11:11+08:00][sql] SELECT * FROM `jm_news_index` WHERE  `c_id` = 77  AND `id` > 166  AND `status` = 1 LIMIT 1 [ RunTime:0.000672s ]
[2024-05-02T01:11:11+08:00][sql] SELECT * FROM `jm_news_index` WHERE  `c_id` = 77  AND `id` < 166  AND `status` = 1 LIMIT 1 [ RunTime:0.000621s ]
[2024-05-02T08:17:47+08:00][sql] CONNECT:[ UseTime:0.001235s ] mysql:host=127.0.0.1;port=3306;dbname=www_fsqf_com;charset=utf8
[2024-05-02T08:17:47+08:00][sql] SHOW FULL COLUMNS FROM `jm_nav` [ RunTime:0.003612s ]
[2024-05-02T08:17:47+08:00][sql] SELECT * FROM `jm_nav` ORDER BY `sort` ASC [ RunTime:0.001320s ]
[2024-05-02T08:17:47+08:00][sql] SHOW FULL COLUMNS FROM `jm_browse_index` [ RunTime:0.001823s ]
[2024-05-02T08:17:47+08:00][sql] SELECT * FROM `jm_browse_index` WHERE  `ip` = '60.188.10.20' ORDER BY `id` DESC LIMIT 1 [ RunTime:0.004721s ]
[2024-05-02T08:17:47+08:00][sql] INSERT INTO `jm_browse_index` SET `cid` = 0 , `url` = '/page/2.html' , `ip` = '60.188.10.20' , `mark` = 'e74fd442a4bca57381db6499288b7aba' , `user_agent` = 'Mozilla/5.0 (Windows NT 6.1; Win64; x64) AppleWebKit/537.36 (KHTML, like Gecko) Chrome/69.0.3497.81 YisouSpider/5.0 Safari/537.36' , `create_time` = '2024-05-02 08:17:47.016324' [ RunTime:0.000382s ]
[2024-05-02T08:17:47+08:00][sql] SHOW FULL COLUMNS FROM `jm_page_index` [ RunTime:0.002523s ]
[2024-05-02T08:17:47+08:00][sql] SELECT * FROM `jm_page_index` WHERE  `id` = 2 LIMIT 1 [ RunTime:0.000976s ]
[2024-05-02T08:17:47+08:00][sql] SHOW FULL COLUMNS FROM `jm_category` [ RunTime:0.002153s ]
[2024-05-02T08:17:47+08:00][sql] SELECT * FROM `jm_category` WHERE  `id` = 75 LIMIT 1 [ RunTime:0.000606s ]
[2024-05-02T08:17:47+08:00][sql] SELECT * FROM `jm_category` WHERE  `id` = 0 LIMIT 1 [ RunTime:0.000284s ]
[2024-05-02T08:17:47+08:00][sql] SHOW FULL COLUMNS FROM `jm_ad_index` [ RunTime:0.001437s ]
[2024-05-02T08:17:47+08:00][sql] SELECT * FROM `jm_ad_index` WHERE  `g_id` = 75 LIMIT 1 [ RunTime:0.000664s ]
[2024-05-02T08:17:47+08:00][sql] SELECT `id` FROM `jm_page_index` WHERE  `c_id` = 75 LIMIT 1 [ RunTime:0.000275s ]
[2024-05-02T08:17:47+08:00][sql] SELECT * FROM `jm_category` WHERE  `pid` = 75 [ RunTime:0.000420s ]
[2024-05-02T08:17:47+08:00][sql] SELECT * FROM `jm_page_index` WHERE  `c_id` = 76 ORDER BY `sort` ASC [ RunTime:0.000330s ]
[2024-05-02T08:53:18+08:00][sql] CONNECT:[ UseTime:0.000796s ] mysql:host=127.0.0.1;port=3306;dbname=www_fsqf_com;charset=utf8
[2024-05-02T08:53:18+08:00][sql] SHOW FULL COLUMNS FROM `jm_nav` [ RunTime:0.001843s ]
[2024-05-02T08:53:18+08:00][sql] SELECT * FROM `jm_nav` ORDER BY `sort` ASC [ RunTime:0.000621s ]
[2024-05-02T08:53:18+08:00][sql] SHOW FULL COLUMNS FROM `jm_browse_index` [ RunTime:0.001527s ]
[2024-05-02T08:53:18+08:00][sql] SHOW FULL COLUMNS FROM `jm_news_index` [ RunTime:0.001698s ]
[2024-05-02T08:53:18+08:00][sql] SELECT `c_id` FROM `jm_news_index` WHERE  `id` = 166 LIMIT 1 [ RunTime:0.000674s ]
[2024-05-02T08:53:18+08:00][sql] SELECT * FROM `jm_browse_index` WHERE  `ip` = '60.188.9.209' ORDER BY `id` DESC LIMIT 1 [ RunTime:0.005666s ]
[2024-05-02T08:53:18+08:00][sql] INSERT INTO `jm_browse_index` SET `cid` = 77 , `url` = '/show/166.html' , `ip` = '60.188.9.209' , `mark` = '22e64eeeb478ac4d64725942146f4a78' , `user_agent` = 'Mozilla/5.0 (Windows NT 6.1; Win64; x64) AppleWebKit/537.36 (KHTML, like Gecko) Chrome/69.0.3497.81 YisouSpider/5.0 Safari/537.36' , `create_time` = '2024-05-02 08:53:18.851212' [ RunTime:0.000446s ]
[2024-05-02T08:53:18+08:00][sql] SELECT * FROM `jm_news_index` WHERE  `id` = 166 LIMIT 1 [ RunTime:0.000483s ]
[2024-05-02T08:53:18+08:00][sql] SHOW FULL COLUMNS FROM `jm_category` [ RunTime:0.002248s ]
[2024-05-02T08:53:18+08:00][sql] SELECT * FROM `jm_category` WHERE  `id` = 77 LIMIT 1 [ RunTime:0.000853s ]
[2024-05-02T08:53:18+08:00][sql] SELECT * FROM `jm_category` WHERE  `id` = 74 LIMIT 1 [ RunTime:0.000443s ]
[2024-05-02T08:53:18+08:00][sql] SHOW FULL COLUMNS FROM `jm_ad_index` [ RunTime:0.001866s ]
[2024-05-02T08:53:18+08:00][sql] SELECT * FROM `jm_ad_index` WHERE  `g_id` = 74 LIMIT 1 [ RunTime:0.000725s ]
[2024-05-02T08:53:18+08:00][sql] SELECT * FROM `jm_category` WHERE  `pid` = 74 [ RunTime:0.000466s ]
[2024-05-02T08:53:18+08:00][sql] SELECT * FROM `jm_news_index` WHERE  `c_id` = 77  AND `id` > 166  AND `status` = 1 LIMIT 1 [ RunTime:0.000541s ]
[2024-05-02T08:53:18+08:00][sql] SELECT * FROM `jm_news_index` WHERE  `c_id` = 77  AND `id` < 166  AND `status` = 1 LIMIT 1 [ RunTime:0.000520s ]
[2024-05-02T11:28:43+08:00][sql] CONNECT:[ UseTime:0.000763s ] mysql:host=127.0.0.1;port=3306;dbname=www_fsqf_com;charset=utf8
[2024-05-02T11:28:43+08:00][sql] SHOW FULL COLUMNS FROM `jm_nav` [ RunTime:0.003276s ]
[2024-05-02T11:28:43+08:00][sql] SELECT * FROM `jm_nav` ORDER BY `sort` ASC [ RunTime:0.001085s ]
[2024-05-02T11:28:43+08:00][sql] SHOW FULL COLUMNS FROM `jm_browse_index` [ RunTime:0.002999s ]
[2024-05-02T11:28:43+08:00][sql] SELECT * FROM `jm_browse_index` WHERE  `ip` = '122.4.92.74' ORDER BY `id` DESC LIMIT 1 [ RunTime:0.000837s ]
[2024-05-02T11:28:43+08:00][sql] SHOW FULL COLUMNS FROM `jm_page_index` [ RunTime:0.001701s ]
[2024-05-02T11:28:43+08:00][sql] SELECT * FROM `jm_page_index` WHERE  `id` = 2 LIMIT 1 [ RunTime:0.000878s ]
[2024-05-02T11:28:43+08:00][sql] SHOW FULL COLUMNS FROM `jm_category` [ RunTime:0.001670s ]
[2024-05-02T11:28:43+08:00][sql] SELECT * FROM `jm_category` WHERE  `id` = 75 LIMIT 1 [ RunTime:0.000742s ]
[2024-05-02T11:28:43+08:00][sql] SELECT * FROM `jm_category` WHERE  `id` = 0 LIMIT 1 [ RunTime:0.000430s ]
[2024-05-02T11:28:43+08:00][sql] SHOW FULL COLUMNS FROM `jm_ad_index` [ RunTime:0.001281s ]
[2024-05-02T11:28:43+08:00][sql] SELECT * FROM `jm_ad_index` WHERE  `g_id` = 75 LIMIT 1 [ RunTime:0.000924s ]
[2024-05-02T11:28:43+08:00][sql] SELECT `id` FROM `jm_page_index` WHERE  `c_id` = 75 LIMIT 1 [ RunTime:0.000533s ]
[2024-05-02T11:28:43+08:00][sql] SELECT * FROM `jm_category` WHERE  `pid` = 75 [ RunTime:0.000614s ]
[2024-05-02T11:28:43+08:00][sql] SELECT * FROM `jm_page_index` WHERE  `c_id` = 76 ORDER BY `sort` ASC [ RunTime:0.000599s ]
[2024-05-02T11:31:12+08:00][sql] CONNECT:[ UseTime:0.000847s ] mysql:host=127.0.0.1;port=3306;dbname=www_fsqf_com;charset=utf8
[2024-05-02T11:31:12+08:00][sql] SHOW FULL COLUMNS FROM `jm_nav` [ RunTime:0.001705s ]
[2024-05-02T11:31:12+08:00][sql] SELECT * FROM `jm_nav` ORDER BY `sort` ASC [ RunTime:0.000714s ]
[2024-05-02T11:31:12+08:00][sql] SHOW FULL COLUMNS FROM `jm_browse_index` [ RunTime:0.001693s ]
[2024-05-02T11:31:12+08:00][sql] SELECT * FROM `jm_browse_index` WHERE  `ip` = '122.4.92.74' ORDER BY `id` DESC LIMIT 1 [ RunTime:0.000637s ]
[2024-05-02T11:31:12+08:00][sql] SHOW FULL COLUMNS FROM `jm_page_index` [ RunTime:0.001635s ]
[2024-05-02T11:31:12+08:00][sql] SELECT * FROM `jm_page_index` WHERE  `id` = 2 LIMIT 1 [ RunTime:0.000558s ]
[2024-05-02T11:31:12+08:00][sql] SHOW FULL COLUMNS FROM `jm_category` [ RunTime:0.001577s ]
[2024-05-02T11:31:12+08:00][sql] SELECT * FROM `jm_category` WHERE  `id` = 75 LIMIT 1 [ RunTime:0.000474s ]
[2024-05-02T11:31:12+08:00][sql] SELECT * FROM `jm_category` WHERE  `id` = 0 LIMIT 1 [ RunTime:0.000296s ]
[2024-05-02T11:31:12+08:00][sql] SHOW FULL COLUMNS FROM `jm_ad_index` [ RunTime:0.001320s ]
[2024-05-02T11:31:12+08:00][sql] SELECT * FROM `jm_ad_index` WHERE  `g_id` = 75 LIMIT 1 [ RunTime:0.000456s ]
[2024-05-02T11:31:12+08:00][sql] SELECT `id` FROM `jm_page_index` WHERE  `c_id` = 75 LIMIT 1 [ RunTime:0.000282s ]
[2024-05-02T11:31:12+08:00][sql] SELECT * FROM `jm_category` WHERE  `pid` = 75 [ RunTime:0.000277s ]
[2024-05-02T11:31:12+08:00][sql] SELECT * FROM `jm_page_index` WHERE  `c_id` = 76 ORDER BY `sort` ASC [ RunTime:0.000307s ]
[2024-05-02T11:32:15+08:00][sql] CONNECT:[ UseTime:0.001123s ] mysql:host=127.0.0.1;port=3306;dbname=www_fsqf_com;charset=utf8
[2024-05-02T11:32:15+08:00][sql] SHOW FULL COLUMNS FROM `jm_nav` [ RunTime:0.003121s ]
[2024-05-02T11:32:15+08:00][sql] SELECT * FROM `jm_nav` ORDER BY `sort` ASC [ RunTime:0.000878s ]
[2024-05-02T11:32:15+08:00][sql] SHOW FULL COLUMNS FROM `jm_browse_index` [ RunTime:0.002786s ]
[2024-05-02T11:32:15+08:00][sql] SELECT * FROM `jm_browse_index` WHERE  `ip` = '122.4.92.74' ORDER BY `id` DESC LIMIT 1 [ RunTime:0.000859s ]
[2024-05-02T11:32:15+08:00][sql] SHOW FULL COLUMNS FROM `jm_page_index` [ RunTime:0.002661s ]
[2024-05-02T11:32:15+08:00][sql] SELECT * FROM `jm_page_index` WHERE  `id` = 2 LIMIT 1 [ RunTime:0.000476s ]
[2024-05-02T11:32:15+08:00][sql] SHOW FULL COLUMNS FROM `jm_category` [ RunTime:0.001246s ]
[2024-05-02T11:32:15+08:00][sql] SELECT * FROM `jm_category` WHERE  `id` = 75 LIMIT 1 [ RunTime:0.000405s ]
[2024-05-02T11:32:15+08:00][sql] SELECT * FROM `jm_category` WHERE  `id` = 0 LIMIT 1 [ RunTime:0.000302s ]
[2024-05-02T11:32:15+08:00][sql] SHOW FULL COLUMNS FROM `jm_ad_index` [ RunTime:0.001143s ]
[2024-05-02T11:32:15+08:00][sql] SELECT * FROM `jm_ad_index` WHERE  `g_id` = 75 LIMIT 1 [ RunTime:0.000420s ]
[2024-05-02T11:32:15+08:00][sql] SELECT `id` FROM `jm_page_index` WHERE  `c_id` = 75 LIMIT 1 [ RunTime:0.000273s ]
[2024-05-02T11:32:15+08:00][sql] SELECT * FROM `jm_category` WHERE  `pid` = 75 [ RunTime:0.000294s ]
[2024-05-02T11:32:15+08:00][sql] SELECT * FROM `jm_page_index` WHERE  `c_id` = 76 ORDER BY `sort` ASC [ RunTime:0.000307s ]
[2024-05-02T11:50:56+08:00][sql] CONNECT:[ UseTime:0.001279s ] mysql:host=127.0.0.1;port=3306;dbname=www_fsqf_com;charset=utf8
[2024-05-02T11:50:56+08:00][sql] SHOW FULL COLUMNS FROM `jm_nav` [ RunTime:0.001616s ]
[2024-05-02T11:50:56+08:00][sql] SELECT * FROM `jm_nav` ORDER BY `sort` ASC [ RunTime:0.000424s ]
[2024-05-02T11:50:56+08:00][sql] SHOW FULL COLUMNS FROM `jm_browse_index` [ RunTime:0.001151s ]
[2024-05-02T11:50:56+08:00][sql] SELECT * FROM `jm_browse_index` WHERE  `ip` = '122.4.92.74' ORDER BY `id` DESC LIMIT 1 [ RunTime:0.000443s ]
[2024-05-02T11:50:56+08:00][sql] SHOW FULL COLUMNS FROM `jm_page_index` [ RunTime:0.001124s ]
[2024-05-02T11:50:56+08:00][sql] SELECT * FROM `jm_page_index` WHERE  `id` = 2 LIMIT 1 [ RunTime:0.000382s ]
[2024-05-02T11:50:56+08:00][sql] SHOW FULL COLUMNS FROM `jm_category` [ RunTime:0.001150s ]
[2024-05-02T11:50:56+08:00][sql] SELECT * FROM `jm_category` WHERE  `id` = 75 LIMIT 1 [ RunTime:0.000381s ]
[2024-05-02T11:50:56+08:00][sql] SELECT * FROM `jm_category` WHERE  `id` = 0 LIMIT 1 [ RunTime:0.000231s ]
[2024-05-02T11:50:56+08:00][sql] SHOW FULL COLUMNS FROM `jm_ad_index` [ RunTime:0.001320s ]
[2024-05-02T11:50:56+08:00][sql] SELECT * FROM `jm_ad_index` WHERE  `g_id` = 75 LIMIT 1 [ RunTime:0.000407s ]
[2024-05-02T11:50:56+08:00][sql] SELECT `id` FROM `jm_page_index` WHERE  `c_id` = 75 LIMIT 1 [ RunTime:0.000210s ]
[2024-05-02T11:50:56+08:00][sql] SELECT * FROM `jm_category` WHERE  `pid` = 75 [ RunTime:0.000217s ]
[2024-05-02T11:50:56+08:00][sql] SELECT * FROM `jm_page_index` WHERE  `c_id` = 76 ORDER BY `sort` ASC [ RunTime:0.000255s ]
[2024-05-02T12:26:08+08:00][sql] CONNECT:[ UseTime:0.000906s ] mysql:host=127.0.0.1;port=3306;dbname=www_fsqf_com;charset=utf8
[2024-05-02T12:26:08+08:00][sql] SHOW FULL COLUMNS FROM `jm_nav` [ RunTime:0.001930s ]
[2024-05-02T12:26:08+08:00][sql] SELECT * FROM `jm_nav` ORDER BY `sort` ASC [ RunTime:0.000844s ]
[2024-05-02T12:26:08+08:00][sql] SHOW FULL COLUMNS FROM `jm_browse_index` [ RunTime:0.001407s ]
[2024-05-02T12:26:08+08:00][sql] SELECT * FROM `jm_browse_index` WHERE  `ip` = '122.4.92.74' ORDER BY `id` DESC LIMIT 1 [ RunTime:0.000567s ]
[2024-05-02T12:26:08+08:00][sql] SHOW FULL COLUMNS FROM `jm_page_index` [ RunTime:0.001272s ]
[2024-05-02T12:26:08+08:00][sql] SELECT * FROM `jm_page_index` WHERE  `id` = 2 LIMIT 1 [ RunTime:0.000594s ]
[2024-05-02T12:26:08+08:00][sql] SHOW FULL COLUMNS FROM `jm_category` [ RunTime:0.001602s ]
[2024-05-02T12:26:08+08:00][sql] SELECT * FROM `jm_category` WHERE  `id` = 75 LIMIT 1 [ RunTime:0.000604s ]
[2024-05-02T12:26:08+08:00][sql] SELECT * FROM `jm_category` WHERE  `id` = 0 LIMIT 1 [ RunTime:0.000258s ]
[2024-05-02T12:26:08+08:00][sql] SHOW FULL COLUMNS FROM `jm_ad_index` [ RunTime:0.001440s ]
[2024-05-02T12:26:08+08:00][sql] SELECT * FROM `jm_ad_index` WHERE  `g_id` = 75 LIMIT 1 [ RunTime:0.000519s ]
[2024-05-02T12:26:08+08:00][sql] SELECT `id` FROM `jm_page_index` WHERE  `c_id` = 75 LIMIT 1 [ RunTime:0.000254s ]
[2024-05-02T12:26:08+08:00][sql] SELECT * FROM `jm_category` WHERE  `pid` = 75 [ RunTime:0.000251s ]
[2024-05-02T12:26:08+08:00][sql] SELECT * FROM `jm_page_index` WHERE  `c_id` = 76 ORDER BY `sort` ASC [ RunTime:0.000373s ]
[2024-05-02T12:50:12+08:00][sql] CONNECT:[ UseTime:0.001108s ] mysql:host=127.0.0.1;port=3306;dbname=www_fsqf_com;charset=utf8
[2024-05-02T12:50:12+08:00][sql] SHOW FULL COLUMNS FROM `jm_nav` [ RunTime:0.002903s ]
[2024-05-02T12:50:12+08:00][sql] SELECT * FROM `jm_nav` ORDER BY `sort` ASC [ RunTime:0.001107s ]
[2024-05-02T12:50:12+08:00][sql] SHOW FULL COLUMNS FROM `jm_browse_index` [ RunTime:0.001917s ]
[2024-05-02T12:50:12+08:00][sql] SELECT * FROM `jm_browse_index` WHERE  `ip` = '122.4.92.74' ORDER BY `id` DESC LIMIT 1 [ RunTime:0.000731s ]
[2024-05-02T12:50:12+08:00][sql] SHOW FULL COLUMNS FROM `jm_page_index` [ RunTime:0.001612s ]
[2024-05-02T12:50:12+08:00][sql] SELECT * FROM `jm_page_index` WHERE  `id` = 2 LIMIT 1 [ RunTime:0.000511s ]
[2024-05-02T12:50:12+08:00][sql] SHOW FULL COLUMNS FROM `jm_category` [ RunTime:0.001681s ]
[2024-05-02T12:50:12+08:00][sql] SELECT * FROM `jm_category` WHERE  `id` = 75 LIMIT 1 [ RunTime:0.000490s ]
[2024-05-02T12:50:12+08:00][sql] SELECT * FROM `jm_category` WHERE  `id` = 0 LIMIT 1 [ RunTime:0.000266s ]
[2024-05-02T12:50:12+08:00][sql] SHOW FULL COLUMNS FROM `jm_ad_index` [ RunTime:0.001680s ]
[2024-05-02T12:50:12+08:00][sql] SELECT * FROM `jm_ad_index` WHERE  `g_id` = 75 LIMIT 1 [ RunTime:0.000386s ]
[2024-05-02T12:50:12+08:00][sql] SELECT `id` FROM `jm_page_index` WHERE  `c_id` = 75 LIMIT 1 [ RunTime:0.000261s ]
[2024-05-02T12:50:12+08:00][sql] SELECT * FROM `jm_category` WHERE  `pid` = 75 [ RunTime:0.000237s ]
[2024-05-02T12:50:12+08:00][sql] SELECT * FROM `jm_page_index` WHERE  `c_id` = 76 ORDER BY `sort` ASC [ RunTime:0.000265s ]
[2024-05-02T13:13:21+08:00][sql] CONNECT:[ UseTime:0.000810s ] mysql:host=127.0.0.1;port=3306;dbname=www_fsqf_com;charset=utf8
[2024-05-02T13:13:21+08:00][sql] SHOW FULL COLUMNS FROM `jm_nav` [ RunTime:0.002034s ]
[2024-05-02T13:13:21+08:00][sql] SELECT * FROM `jm_nav` ORDER BY `sort` ASC [ RunTime:0.000564s ]
[2024-05-02T13:13:21+08:00][sql] SHOW FULL COLUMNS FROM `jm_browse_index` [ RunTime:0.001523s ]
[2024-05-02T13:13:21+08:00][sql] SELECT * FROM `jm_browse_index` WHERE  `ip` = '60.188.10.194' ORDER BY `id` DESC LIMIT 1 [ RunTime:0.005774s ]
[2024-05-02T13:13:21+08:00][sql] INSERT INTO `jm_browse_index` SET `cid` = 0 , `url` = '/page/11.html' , `ip` = '60.188.10.194' , `mark` = '4625e8f007b90906bccf29859611637d' , `user_agent` = 'Mozilla/5.0 (Windows NT 6.1; Win64; x64) AppleWebKit/537.36 (KHTML, like Gecko) Chrome/69.0.3497.81 YisouSpider/5.0 Safari/537.36' , `create_time` = '2024-05-02 13:13:21.304998' [ RunTime:0.000553s ]
[2024-05-02T13:13:21+08:00][sql] SHOW FULL COLUMNS FROM `jm_page_index` [ RunTime:0.002827s ]
[2024-05-02T13:13:21+08:00][sql] SELECT * FROM `jm_page_index` WHERE  `id` = 11 LIMIT 1 [ RunTime:0.000959s ]
[2024-05-02T13:13:21+08:00][sql] SHOW FULL COLUMNS FROM `jm_category` [ RunTime:0.002889s ]
[2024-05-02T13:13:21+08:00][sql] SELECT * FROM `jm_category` WHERE  `id` = 76 LIMIT 1 [ RunTime:0.000975s ]
[2024-05-02T13:13:21+08:00][sql] SELECT * FROM `jm_category` WHERE  `id` = 0 LIMIT 1 [ RunTime:0.000597s ]
[2024-05-02T13:13:21+08:00][sql] SHOW FULL COLUMNS FROM `jm_ad_index` [ RunTime:0.003035s ]
[2024-05-02T13:13:21+08:00][sql] SELECT * FROM `jm_ad_index` WHERE  `g_id` = 76 LIMIT 1 [ RunTime:0.000730s ]
[2024-05-02T13:13:21+08:00][sql] SELECT `id` FROM `jm_page_index` WHERE  `c_id` = 76 LIMIT 1 [ RunTime:0.000276s ]
[2024-05-02T13:13:21+08:00][sql] SELECT * FROM `jm_category` WHERE  `pid` = 76 [ RunTime:0.000674s ]
[2024-05-02T13:13:21+08:00][sql] SELECT * FROM `jm_page_index` WHERE  `c_id` = 76 ORDER BY `sort` ASC [ RunTime:0.000635s ]
[2024-05-02T16:08:49+08:00][sql] CONNECT:[ UseTime:0.001269s ] mysql:host=127.0.0.1;port=3306;dbname=www_fsqf_com;charset=utf8
[2024-05-02T16:08:49+08:00][sql] SHOW FULL COLUMNS FROM `jm_nav` [ RunTime:0.002953s ]
[2024-05-02T16:08:49+08:00][sql] SELECT * FROM `jm_nav` ORDER BY `sort` ASC [ RunTime:0.000981s ]
[2024-05-02T16:08:49+08:00][sql] SHOW FULL COLUMNS FROM `jm_browse_index` [ RunTime:0.001337s ]
[2024-05-02T16:08:49+08:00][sql] SHOW FULL COLUMNS FROM `jm_news_index` [ RunTime:0.001392s ]
[2024-05-02T16:08:49+08:00][sql] SELECT `c_id` FROM `jm_news_index` WHERE  `id` = 172 LIMIT 1 [ RunTime:0.000533s ]
[2024-05-02T16:08:49+08:00][sql] SELECT * FROM `jm_browse_index` WHERE  `ip` = '39.173.107.146' ORDER BY `id` DESC LIMIT 1 [ RunTime:0.002391s ]
[2024-05-02T16:08:49+08:00][sql] INSERT INTO `jm_browse_index` SET `cid` = 79 , `url` = '/show/172.html' , `ip` = '39.173.107.146' , `mark` = 'f7df688930ac40bab4fc11de91edab37' , `user_agent` = 'Mozilla/5.0 (Windows NT 6.1; Win64; x64) AppleWebKit/537.36 (KHTML, like Gecko) Chrome/69.0.3497.81 YisouSpider/5.0 Safari/537.36' , `create_time` = '2024-05-02 16:08:49.690520' [ RunTime:0.000422s ]
[2024-05-02T16:08:49+08:00][sql] SELECT * FROM `jm_news_index` WHERE  `id` = 172 LIMIT 1 [ RunTime:0.000728s ]
[2024-05-02T16:08:49+08:00][sql] SHOW FULL COLUMNS FROM `jm_category` [ RunTime:0.003604s ]
[2024-05-02T16:08:49+08:00][sql] SELECT * FROM `jm_category` WHERE  `id` = 79 LIMIT 1 [ RunTime:0.001067s ]
[2024-05-02T16:08:49+08:00][sql] SELECT * FROM `jm_category` WHERE  `id` = 74 LIMIT 1 [ RunTime:0.000496s ]
[2024-05-02T16:08:49+08:00][sql] SHOW FULL COLUMNS FROM `jm_ad_index` [ RunTime:0.001838s ]
[2024-05-02T16:08:49+08:00][sql] SELECT * FROM `jm_ad_index` WHERE  `g_id` = 74 LIMIT 1 [ RunTime:0.000731s ]
[2024-05-02T16:08:49+08:00][sql] SELECT * FROM `jm_category` WHERE  `pid` = 74 [ RunTime:0.000404s ]
[2024-05-02T16:08:49+08:00][sql] SELECT * FROM `jm_news_index` WHERE  `c_id` = 79  AND `id` > 172  AND `status` = 1 LIMIT 1 [ RunTime:0.000573s ]
[2024-05-02T16:08:49+08:00][sql] SELECT * FROM `jm_news_index` WHERE  `c_id` = 79  AND `id` < 172  AND `status` = 1 LIMIT 1 [ RunTime:0.000599s ]
[2024-05-02T16:21:32+08:00][sql] CONNECT:[ UseTime:0.000810s ] mysql:host=127.0.0.1;port=3306;dbname=www_fsqf_com;charset=utf8
[2024-05-02T16:21:32+08:00][sql] SHOW FULL COLUMNS FROM `jm_nav` [ RunTime:0.003483s ]
[2024-05-02T16:21:32+08:00][sql] SELECT * FROM `jm_nav` ORDER BY `sort` ASC [ RunTime:0.000855s ]
[2024-05-02T16:21:32+08:00][sql] SHOW FULL COLUMNS FROM `jm_browse_index` [ RunTime:0.002694s ]
[2024-05-02T16:21:32+08:00][sql] SELECT * FROM `jm_browse_index` WHERE  `ip` = '122.4.92.74' ORDER BY `id` DESC LIMIT 1 [ RunTime:0.000483s ]
[2024-05-02T16:21:32+08:00][sql] SHOW FULL COLUMNS FROM `jm_page_index` [ RunTime:0.001268s ]
[2024-05-02T16:21:32+08:00][sql] SELECT * FROM `jm_page_index` WHERE  `id` = 2 LIMIT 1 [ RunTime:0.000538s ]
[2024-05-02T16:21:32+08:00][sql] SHOW FULL COLUMNS FROM `jm_category` [ RunTime:0.001253s ]
[2024-05-02T16:21:32+08:00][sql] SELECT * FROM `jm_category` WHERE  `id` = 75 LIMIT 1 [ RunTime:0.000406s ]
[2024-05-02T16:21:32+08:00][sql] SELECT * FROM `jm_category` WHERE  `id` = 0 LIMIT 1 [ RunTime:0.000271s ]
[2024-05-02T16:21:32+08:00][sql] SHOW FULL COLUMNS FROM `jm_ad_index` [ RunTime:0.001142s ]
[2024-05-02T16:21:32+08:00][sql] SELECT * FROM `jm_ad_index` WHERE  `g_id` = 75 LIMIT 1 [ RunTime:0.000532s ]
[2024-05-02T16:21:32+08:00][sql] SELECT `id` FROM `jm_page_index` WHERE  `c_id` = 75 LIMIT 1 [ RunTime:0.000261s ]
[2024-05-02T16:21:32+08:00][sql] SELECT * FROM `jm_category` WHERE  `pid` = 75 [ RunTime:0.000258s ]
[2024-05-02T16:21:32+08:00][sql] SELECT * FROM `jm_page_index` WHERE  `c_id` = 76 ORDER BY `sort` ASC [ RunTime:0.000299s ]
[2024-05-02T16:42:34+08:00][sql] CONNECT:[ UseTime:0.000848s ] mysql:host=127.0.0.1;port=3306;dbname=www_fsqf_com;charset=utf8
[2024-05-02T16:42:34+08:00][sql] SHOW FULL COLUMNS FROM `jm_nav` [ RunTime:0.001574s ]
[2024-05-02T16:42:34+08:00][sql] SELECT * FROM `jm_nav` ORDER BY `sort` ASC [ RunTime:0.000629s ]
[2024-05-02T16:42:34+08:00][sql] SHOW FULL COLUMNS FROM `jm_browse_index` [ RunTime:0.001322s ]
[2024-05-02T16:42:34+08:00][sql] SELECT * FROM `jm_browse_index` WHERE  `ip` = '41.216.188.93' ORDER BY `id` DESC LIMIT 1 [ RunTime:0.000608s ]
[2024-05-02T16:42:34+08:00][sql] SHOW FULL COLUMNS FROM `jm_news_index` [ RunTime:0.001437s ]
[2024-05-02T16:42:34+08:00][sql] SELECT * FROM `jm_news_index` WHERE  `c_id` = 78  AND `status` = 1 ORDER BY `create_time` DESC LIMIT 5 [ RunTime:0.000730s ]
[2024-05-02T16:42:34+08:00][sql] SELECT * FROM `jm_news_index` WHERE  `c_id` = 79  AND `status` = 1 ORDER BY `create_time` DESC LIMIT 5 [ RunTime:0.000780s ]
[2024-05-02T16:42:34+08:00][sql] SELECT * FROM `jm_news_index` WHERE  `c_id` = 77  AND `status` = 1 ORDER BY `create_time` DESC LIMIT 5 [ RunTime:0.000738s ]
[2024-05-02T16:42:34+08:00][sql] CONNECT:[ UseTime:0.000861s ] mysql:host=127.0.0.1;port=3306;dbname=www_fsqf_com;charset=utf8
[2024-05-02T16:42:34+08:00][sql] SHOW FULL COLUMNS FROM `jm_nav` [ RunTime:0.002212s ]
[2024-05-02T16:42:34+08:00][sql] SELECT * FROM `jm_nav` ORDER BY `sort` ASC [ RunTime:0.000619s ]
[2024-05-02T16:42:34+08:00][sql] SHOW FULL COLUMNS FROM `jm_browse_index` [ RunTime:0.001418s ]
[2024-05-02T16:42:34+08:00][sql] SELECT * FROM `jm_browse_index` WHERE  `ip` = '41.216.188.93' ORDER BY `id` DESC LIMIT 1 [ RunTime:0.001076s ]
[2024-05-02T16:42:34+08:00][sql] SHOW FULL COLUMNS FROM `jm_news_index` [ RunTime:0.002836s ]
[2024-05-02T16:42:34+08:00][sql] SELECT * FROM `jm_news_index` WHERE  `c_id` = 78  AND `status` = 1 ORDER BY `create_time` DESC LIMIT 5 [ RunTime:0.001080s ]
[2024-05-02T16:42:34+08:00][sql] SELECT * FROM `jm_news_index` WHERE  `c_id` = 79  AND `status` = 1 ORDER BY `create_time` DESC LIMIT 5 [ RunTime:0.001110s ]
[2024-05-02T16:42:34+08:00][sql] SELECT * FROM `jm_news_index` WHERE  `c_id` = 77  AND `status` = 1 ORDER BY `create_time` DESC LIMIT 5 [ RunTime:0.001003s ]
[2024-05-02T16:42:35+08:00][sql] CONNECT:[ UseTime:0.000803s ] mysql:host=127.0.0.1;port=3306;dbname=www_fsqf_com;charset=utf8
[2024-05-02T16:42:35+08:00][sql] SHOW FULL COLUMNS FROM `jm_nav` [ RunTime:0.002213s ]
[2024-05-02T16:42:35+08:00][sql] SELECT * FROM `jm_nav` ORDER BY `sort` ASC [ RunTime:0.000613s ]
[2024-05-02T16:42:35+08:00][sql] SHOW FULL COLUMNS FROM `jm_browse_index` [ RunTime:0.001814s ]
[2024-05-02T16:42:35+08:00][sql] SELECT * FROM `jm_browse_index` WHERE  `ip` = '41.216.188.93' ORDER BY `id` DESC LIMIT 1 [ RunTime:0.000681s ]
[2024-05-02T16:42:35+08:00][sql] SHOW FULL COLUMNS FROM `jm_news_index` [ RunTime:0.001936s ]
[2024-05-02T16:42:35+08:00][sql] SELECT * FROM `jm_news_index` WHERE  `c_id` = 78  AND `status` = 1 ORDER BY `create_time` DESC LIMIT 5 [ RunTime:0.000789s ]
[2024-05-02T16:42:35+08:00][sql] SELECT * FROM `jm_news_index` WHERE  `c_id` = 79  AND `status` = 1 ORDER BY `create_time` DESC LIMIT 5 [ RunTime:0.000744s ]
[2024-05-02T16:42:35+08:00][sql] SELECT * FROM `jm_news_index` WHERE  `c_id` = 77  AND `status` = 1 ORDER BY `create_time` DESC LIMIT 5 [ RunTime:0.000709s ]
[2024-05-02T16:43:47+08:00][sql] CONNECT:[ UseTime:0.001090s ] mysql:host=127.0.0.1;port=3306;dbname=www_fsqf_com;charset=utf8
[2024-05-02T16:43:47+08:00][sql] SHOW FULL COLUMNS FROM `jm_nav` [ RunTime:0.002005s ]
[2024-05-02T16:43:47+08:00][sql] SELECT * FROM `jm_nav` ORDER BY `sort` ASC [ RunTime:0.000628s ]
[2024-05-02T16:43:47+08:00][sql] SHOW FULL COLUMNS FROM `jm_browse_index` [ RunTime:0.001930s ]
[2024-05-02T16:43:47+08:00][sql] SELECT * FROM `jm_browse_index` WHERE  `ip` = '122.4.92.74' ORDER BY `id` DESC LIMIT 1 [ RunTime:0.000761s ]
[2024-05-02T16:43:47+08:00][sql] SHOW FULL COLUMNS FROM `jm_page_index` [ RunTime:0.001612s ]
[2024-05-02T16:43:47+08:00][sql] SELECT * FROM `jm_page_index` WHERE  `id` = 2 LIMIT 1 [ RunTime:0.000514s ]
[2024-05-02T16:43:47+08:00][sql] SHOW FULL COLUMNS FROM `jm_category` [ RunTime:0.001162s ]
[2024-05-02T16:43:47+08:00][sql] SELECT * FROM `jm_category` WHERE  `id` = 75 LIMIT 1 [ RunTime:0.000513s ]
[2024-05-02T16:43:47+08:00][sql] SELECT * FROM `jm_category` WHERE  `id` = 0 LIMIT 1 [ RunTime:0.000227s ]
[2024-05-02T16:43:47+08:00][sql] SHOW FULL COLUMNS FROM `jm_ad_index` [ RunTime:0.001111s ]
[2024-05-02T16:43:47+08:00][sql] SELECT * FROM `jm_ad_index` WHERE  `g_id` = 75 LIMIT 1 [ RunTime:0.000441s ]
[2024-05-02T16:43:47+08:00][sql] SELECT `id` FROM `jm_page_index` WHERE  `c_id` = 75 LIMIT 1 [ RunTime:0.000224s ]
[2024-05-02T16:43:47+08:00][sql] SELECT * FROM `jm_category` WHERE  `pid` = 75 [ RunTime:0.000230s ]
[2024-05-02T16:43:47+08:00][sql] SELECT * FROM `jm_page_index` WHERE  `c_id` = 76 ORDER BY `sort` ASC [ RunTime:0.000248s ]
[2024-05-02T19:06:57+08:00][sql] CONNECT:[ UseTime:0.001137s ] mysql:host=127.0.0.1;port=3306;dbname=www_fsqf_com;charset=utf8
[2024-05-02T19:06:57+08:00][sql] SHOW FULL COLUMNS FROM `jm_nav` [ RunTime:0.003185s ]
[2024-05-02T19:06:57+08:00][sql] SELECT * FROM `jm_nav` ORDER BY `sort` ASC [ RunTime:0.001231s ]
[2024-05-02T19:06:57+08:00][sql] SHOW FULL COLUMNS FROM `jm_browse_index` [ RunTime:0.002871s ]
[2024-05-02T19:06:57+08:00][sql] SELECT * FROM `jm_browse_index` WHERE  `ip` = '60.188.9.91' ORDER BY `id` DESC LIMIT 1 [ RunTime:0.002990s ]
[2024-05-02T19:06:57+08:00][sql] INSERT INTO `jm_browse_index` SET `cid` = 0 , `url` = '/' , `ip` = '60.188.9.91' , `mark` = '69a41aeb8b7e676e7e524733781349b9' , `user_agent` = 'Mozilla/5.0 (iPhone; CPU iPhone OS 10_3 like Mac OS X) AppleWebKit/602.1.50 (KHTML, like Gecko) CriOS/56.0.2924.75 Mobile/14E5239e YisouSpider/5.0 Safari/602.1' , `create_time` = '2024-05-02 19:06:57.247021' [ RunTime:0.000555s ]
[2024-05-02T19:06:57+08:00][sql] SHOW FULL COLUMNS FROM `jm_news_index` [ RunTime:0.003727s ]
[2024-05-02T19:06:57+08:00][sql] SELECT * FROM `jm_news_index` WHERE  `c_id` = 78  AND `status` = 1 ORDER BY `create_time` DESC LIMIT 5 [ RunTime:0.001083s ]
[2024-05-02T19:06:57+08:00][sql] SELECT * FROM `jm_news_index` WHERE  `c_id` = 79  AND `status` = 1 ORDER BY `create_time` DESC LIMIT 5 [ RunTime:0.000805s ]
[2024-05-02T19:06:57+08:00][sql] SELECT * FROM `jm_news_index` WHERE  `c_id` = 77  AND `status` = 1 ORDER BY `create_time` DESC LIMIT 5 [ RunTime:0.001335s ]
[2024-05-02T19:08:30+08:00][sql] CONNECT:[ UseTime:0.001281s ] mysql:host=127.0.0.1;port=3306;dbname=www_fsqf_com;charset=utf8
[2024-05-02T19:08:30+08:00][sql] SHOW FULL COLUMNS FROM `jm_nav` [ RunTime:0.003276s ]
[2024-05-02T19:08:30+08:00][sql] SELECT * FROM `jm_nav` ORDER BY `sort` ASC [ RunTime:0.000949s ]
[2024-05-02T19:08:30+08:00][sql] SHOW FULL COLUMNS FROM `jm_browse_index` [ RunTime:0.002432s ]
[2024-05-02T19:08:30+08:00][sql] SELECT * FROM `jm_browse_index` WHERE  `ip` = '122.4.92.74' ORDER BY `id` DESC LIMIT 1 [ RunTime:0.000713s ]
[2024-05-02T19:08:30+08:00][sql] SHOW FULL COLUMNS FROM `jm_page_index` [ RunTime:0.002418s ]
[2024-05-02T19:08:30+08:00][sql] SELECT * FROM `jm_page_index` WHERE  `id` = 2 LIMIT 1 [ RunTime:0.000548s ]
[2024-05-02T19:08:30+08:00][sql] SHOW FULL COLUMNS FROM `jm_category` [ RunTime:0.001292s ]
[2024-05-02T19:08:30+08:00][sql] SELECT * FROM `jm_category` WHERE  `id` = 75 LIMIT 1 [ RunTime:0.000458s ]
[2024-05-02T19:08:30+08:00][sql] SELECT * FROM `jm_category` WHERE  `id` = 0 LIMIT 1 [ RunTime:0.000255s ]
[2024-05-02T19:08:30+08:00][sql] SHOW FULL COLUMNS FROM `jm_ad_index` [ RunTime:0.001206s ]
[2024-05-02T19:08:30+08:00][sql] SELECT * FROM `jm_ad_index` WHERE  `g_id` = 75 LIMIT 1 [ RunTime:0.000520s ]
[2024-05-02T19:08:30+08:00][sql] SELECT `id` FROM `jm_page_index` WHERE  `c_id` = 75 LIMIT 1 [ RunTime:0.000602s ]
[2024-05-02T19:08:30+08:00][sql] SELECT * FROM `jm_category` WHERE  `pid` = 75 [ RunTime:0.000552s ]
[2024-05-02T19:08:30+08:00][sql] SELECT * FROM `jm_page_index` WHERE  `c_id` = 76 ORDER BY `sort` ASC [ RunTime:0.000637s ]
[2024-05-02T19:13:23+08:00][sql] CONNECT:[ UseTime:0.000903s ] mysql:host=127.0.0.1;port=3306;dbname=www_fsqf_com;charset=utf8
[2024-05-02T19:13:23+08:00][sql] SHOW FULL COLUMNS FROM `jm_nav` [ RunTime:0.003005s ]
[2024-05-02T19:13:23+08:00][sql] SELECT * FROM `jm_nav` ORDER BY `sort` ASC [ RunTime:0.000839s ]
[2024-05-02T19:13:23+08:00][sql] SHOW FULL COLUMNS FROM `jm_browse_index` [ RunTime:0.002190s ]
[2024-05-02T19:13:23+08:00][sql] SELECT * FROM `jm_browse_index` WHERE  `ip` = '122.4.92.74' ORDER BY `id` DESC LIMIT 1 [ RunTime:0.000528s ]
[2024-05-02T19:13:23+08:00][sql] SHOW FULL COLUMNS FROM `jm_page_index` [ RunTime:0.001659s ]
[2024-05-02T19:13:23+08:00][sql] SELECT * FROM `jm_page_index` WHERE  `id` = 2 LIMIT 1 [ RunTime:0.000568s ]
[2024-05-02T19:13:23+08:00][sql] SHOW FULL COLUMNS FROM `jm_category` [ RunTime:0.001586s ]
[2024-05-02T19:13:23+08:00][sql] SELECT * FROM `jm_category` WHERE  `id` = 75 LIMIT 1 [ RunTime:0.000541s ]
[2024-05-02T19:13:23+08:00][sql] SELECT * FROM `jm_category` WHERE  `id` = 0 LIMIT 1 [ RunTime:0.000356s ]
[2024-05-02T19:13:23+08:00][sql] SHOW FULL COLUMNS FROM `jm_ad_index` [ RunTime:0.001507s ]
[2024-05-02T19:13:23+08:00][sql] SELECT * FROM `jm_ad_index` WHERE  `g_id` = 75 LIMIT 1 [ RunTime:0.000523s ]
[2024-05-02T19:13:23+08:00][sql] SELECT `id` FROM `jm_page_index` WHERE  `c_id` = 75 LIMIT 1 [ RunTime:0.000382s ]
[2024-05-02T19:13:23+08:00][sql] SELECT * FROM `jm_category` WHERE  `pid` = 75 [ RunTime:0.000427s ]
[2024-05-02T19:13:23+08:00][sql] SELECT * FROM `jm_page_index` WHERE  `c_id` = 76 ORDER BY `sort` ASC [ RunTime:0.000366s ]
[2024-05-02T19:16:21+08:00][sql] CONNECT:[ UseTime:0.001105s ] mysql:host=127.0.0.1;port=3306;dbname=www_fsqf_com;charset=utf8
[2024-05-02T19:16:21+08:00][sql] SHOW FULL COLUMNS FROM `jm_nav` [ RunTime:0.002683s ]
[2024-05-02T19:16:21+08:00][sql] SELECT * FROM `jm_nav` ORDER BY `sort` ASC [ RunTime:0.000712s ]
[2024-05-02T19:16:21+08:00][sql] SHOW FULL COLUMNS FROM `jm_browse_index` [ RunTime:0.001776s ]
[2024-05-02T19:16:21+08:00][sql] SELECT * FROM `jm_browse_index` WHERE  `ip` = '122.4.92.74' ORDER BY `id` DESC LIMIT 1 [ RunTime:0.000590s ]
[2024-05-02T19:16:21+08:00][sql] SHOW FULL COLUMNS FROM `jm_page_index` [ RunTime:0.001765s ]
[2024-05-02T19:16:21+08:00][sql] SELECT * FROM `jm_page_index` WHERE  `id` = 2 LIMIT 1 [ RunTime:0.000635s ]
[2024-05-02T19:16:21+08:00][sql] SHOW FULL COLUMNS FROM `jm_category` [ RunTime:0.001936s ]
[2024-05-02T19:16:21+08:00][sql] SELECT * FROM `jm_category` WHERE  `id` = 75 LIMIT 1 [ RunTime:0.000757s ]
[2024-05-02T19:16:21+08:00][sql] SELECT * FROM `jm_category` WHERE  `id` = 0 LIMIT 1 [ RunTime:0.000415s ]
[2024-05-02T19:16:21+08:00][sql] SHOW FULL COLUMNS FROM `jm_ad_index` [ RunTime:0.001827s ]
[2024-05-02T19:16:21+08:00][sql] SELECT * FROM `jm_ad_index` WHERE  `g_id` = 75 LIMIT 1 [ RunTime:0.000502s ]
[2024-05-02T19:16:21+08:00][sql] SELECT `id` FROM `jm_page_index` WHERE  `c_id` = 75 LIMIT 1 [ RunTime:0.000406s ]
[2024-05-02T19:16:21+08:00][sql] SELECT * FROM `jm_category` WHERE  `pid` = 75 [ RunTime:0.000602s ]
[2024-05-02T19:16:21+08:00][sql] SELECT * FROM `jm_page_index` WHERE  `c_id` = 76 ORDER BY `sort` ASC [ RunTime:0.000693s ]
[2024-05-02T19:34:48+08:00][sql] CONNECT:[ UseTime:0.000857s ] mysql:host=127.0.0.1;port=3306;dbname=www_fsqf_com;charset=utf8
[2024-05-02T19:34:48+08:00][sql] SHOW FULL COLUMNS FROM `jm_nav` [ RunTime:0.002157s ]
[2024-05-02T19:34:48+08:00][sql] SELECT * FROM `jm_nav` ORDER BY `sort` ASC [ RunTime:0.000783s ]
[2024-05-02T19:34:48+08:00][sql] SHOW FULL COLUMNS FROM `jm_browse_index` [ RunTime:0.001644s ]
[2024-05-02T19:34:48+08:00][sql] SELECT * FROM `jm_browse_index` WHERE  `ip` = '122.4.92.74' ORDER BY `id` DESC LIMIT 1 [ RunTime:0.000660s ]
[2024-05-02T19:34:48+08:00][sql] SHOW FULL COLUMNS FROM `jm_page_index` [ RunTime:0.001668s ]
[2024-05-02T19:34:48+08:00][sql] SELECT * FROM `jm_page_index` WHERE  `id` = 2 LIMIT 1 [ RunTime:0.000619s ]
[2024-05-02T19:34:48+08:00][sql] SHOW FULL COLUMNS FROM `jm_category` [ RunTime:0.001696s ]
[2024-05-02T19:34:48+08:00][sql] SELECT * FROM `jm_category` WHERE  `id` = 75 LIMIT 1 [ RunTime:0.000586s ]
[2024-05-02T19:34:48+08:00][sql] SELECT * FROM `jm_category` WHERE  `id` = 0 LIMIT 1 [ RunTime:0.000277s ]
[2024-05-02T19:34:48+08:00][sql] SHOW FULL COLUMNS FROM `jm_ad_index` [ RunTime:0.001578s ]
[2024-05-02T19:34:48+08:00][sql] SELECT * FROM `jm_ad_index` WHERE  `g_id` = 75 LIMIT 1 [ RunTime:0.000620s ]
[2024-05-02T19:34:48+08:00][sql] SELECT `id` FROM `jm_page_index` WHERE  `c_id` = 75 LIMIT 1 [ RunTime:0.000322s ]
[2024-05-02T19:34:48+08:00][sql] SELECT * FROM `jm_category` WHERE  `pid` = 75 [ RunTime:0.000344s ]
[2024-05-02T19:34:48+08:00][sql] SELECT * FROM `jm_page_index` WHERE  `c_id` = 76 ORDER BY `sort` ASC [ RunTime:0.000391s ]
[2024-05-02T20:15:16+08:00][sql] CONNECT:[ UseTime:0.000708s ] mysql:host=127.0.0.1;port=3306;dbname=www_fsqf_com;charset=utf8
[2024-05-02T20:15:16+08:00][sql] SHOW FULL COLUMNS FROM `jm_nav` [ RunTime:0.003512s ]
[2024-05-02T20:15:16+08:00][sql] SELECT * FROM `jm_nav` ORDER BY `sort` ASC [ RunTime:0.001208s ]
[2024-05-02T20:15:16+08:00][sql] SHOW FULL COLUMNS FROM `jm_browse_index` [ RunTime:0.001918s ]
[2024-05-02T20:15:16+08:00][sql] SELECT * FROM `jm_browse_index` WHERE  `ip` = '122.4.92.74' ORDER BY `id` DESC LIMIT 1 [ RunTime:0.000649s ]
[2024-05-02T20:15:16+08:00][sql] SHOW FULL COLUMNS FROM `jm_page_index` [ RunTime:0.001418s ]
[2024-05-02T20:15:16+08:00][sql] SELECT * FROM `jm_page_index` WHERE  `id` = 2 LIMIT 1 [ RunTime:0.000618s ]
[2024-05-02T20:15:16+08:00][sql] SHOW FULL COLUMNS FROM `jm_category` [ RunTime:0.001543s ]
[2024-05-02T20:15:16+08:00][sql] SELECT * FROM `jm_category` WHERE  `id` = 75 LIMIT 1 [ RunTime:0.000581s ]
[2024-05-02T20:15:16+08:00][sql] SELECT * FROM `jm_category` WHERE  `id` = 0 LIMIT 1 [ RunTime:0.000303s ]
[2024-05-02T20:15:16+08:00][sql] SHOW FULL COLUMNS FROM `jm_ad_index` [ RunTime:0.001405s ]
[2024-05-02T20:15:16+08:00][sql] SELECT * FROM `jm_ad_index` WHERE  `g_id` = 75 LIMIT 1 [ RunTime:0.000602s ]
[2024-05-02T20:15:16+08:00][sql] SELECT `id` FROM `jm_page_index` WHERE  `c_id` = 75 LIMIT 1 [ RunTime:0.000279s ]
[2024-05-02T20:15:16+08:00][sql] SELECT * FROM `jm_category` WHERE  `pid` = 75 [ RunTime:0.000335s ]
[2024-05-02T20:15:16+08:00][sql] SELECT * FROM `jm_page_index` WHERE  `c_id` = 76 ORDER BY `sort` ASC [ RunTime:0.000292s ]
[2024-05-02T21:04:34+08:00][sql] CONNECT:[ UseTime:0.000986s ] mysql:host=127.0.0.1;port=3306;dbname=www_fsqf_com;charset=utf8
[2024-05-02T21:04:34+08:00][sql] SHOW FULL COLUMNS FROM `jm_nav` [ RunTime:0.003451s ]
[2024-05-02T21:04:34+08:00][sql] SELECT * FROM `jm_nav` ORDER BY `sort` ASC [ RunTime:0.000953s ]
[2024-05-02T21:04:34+08:00][sql] SHOW FULL COLUMNS FROM `jm_browse_index` [ RunTime:0.001657s ]
[2024-05-02T21:04:34+08:00][sql] SELECT * FROM `jm_browse_index` WHERE  `ip` = '122.4.92.74' ORDER BY `id` DESC LIMIT 1 [ RunTime:0.000747s ]
[2024-05-02T21:04:34+08:00][sql] SHOW FULL COLUMNS FROM `jm_page_index` [ RunTime:0.001842s ]
[2024-05-02T21:04:34+08:00][sql] SELECT * FROM `jm_page_index` WHERE  `id` = 2 LIMIT 1 [ RunTime:0.000825s ]
[2024-05-02T21:04:34+08:00][sql] SHOW FULL COLUMNS FROM `jm_category` [ RunTime:0.001767s ]
[2024-05-02T21:04:34+08:00][sql] SELECT * FROM `jm_category` WHERE  `id` = 75 LIMIT 1 [ RunTime:0.000693s ]
[2024-05-02T21:04:34+08:00][sql] SELECT * FROM `jm_category` WHERE  `id` = 0 LIMIT 1 [ RunTime:0.000335s ]
[2024-05-02T21:04:34+08:00][sql] SHOW FULL COLUMNS FROM `jm_ad_index` [ RunTime:0.001428s ]
[2024-05-02T21:04:34+08:00][sql] SELECT * FROM `jm_ad_index` WHERE  `g_id` = 75 LIMIT 1 [ RunTime:0.000515s ]
[2024-05-02T21:04:34+08:00][sql] SELECT `id` FROM `jm_page_index` WHERE  `c_id` = 75 LIMIT 1 [ RunTime:0.000261s ]
[2024-05-02T21:04:34+08:00][sql] SELECT * FROM `jm_category` WHERE  `pid` = 75 [ RunTime:0.000280s ]
[2024-05-02T21:04:34+08:00][sql] SELECT * FROM `jm_page_index` WHERE  `c_id` = 76 ORDER BY `sort` ASC [ RunTime:0.000288s ]
[2024-05-02T21:47:45+08:00][sql] CONNECT:[ UseTime:0.000958s ] mysql:host=127.0.0.1;port=3306;dbname=www_fsqf_com;charset=utf8
[2024-05-02T21:47:45+08:00][sql] SHOW FULL COLUMNS FROM `jm_nav` [ RunTime:0.003242s ]
[2024-05-02T21:47:45+08:00][sql] SELECT * FROM `jm_nav` ORDER BY `sort` ASC [ RunTime:0.001115s ]
[2024-05-02T21:47:45+08:00][sql] SHOW FULL COLUMNS FROM `jm_browse_index` [ RunTime:0.002013s ]
[2024-05-02T21:47:45+08:00][sql] SELECT * FROM `jm_browse_index` WHERE  `ip` = '199.204.97.18' ORDER BY `id` DESC LIMIT 1 [ RunTime:0.005514s ]
[2024-05-02T21:47:45+08:00][sql] INSERT INTO `jm_browse_index` SET `cid` = 0 , `url` = '/' , `ip` = '199.204.97.18' , `mark` = '2a45aa548a41c84951b70f57758613c3' , `user_agent` = 'Mozilla/4.0 (compatible; MSIE 9.0; Windows NT 6.1)' , `create_time` = '2024-05-02 21:47:45.417197' [ RunTime:0.000388s ]
[2024-05-02T21:47:45+08:00][sql] SHOW FULL COLUMNS FROM `jm_news_index` [ RunTime:0.002081s ]
[2024-05-02T21:47:45+08:00][sql] SELECT * FROM `jm_news_index` WHERE  `c_id` = 78  AND `status` = 1 ORDER BY `create_time` DESC LIMIT 5 [ RunTime:0.000668s ]
[2024-05-02T21:47:45+08:00][sql] SELECT * FROM `jm_news_index` WHERE  `c_id` = 79  AND `status` = 1 ORDER BY `create_time` DESC LIMIT 5 [ RunTime:0.001328s ]
[2024-05-02T21:47:45+08:00][sql] SELECT * FROM `jm_news_index` WHERE  `c_id` = 77  AND `status` = 1 ORDER BY `create_time` DESC LIMIT 5 [ RunTime:0.000901s ]
