[2024-05-04T01:13:55+08:00][sql] CONNECT:[ UseTime:0.000838s ] mysql:host=127.0.0.1;port=3306;dbname=www_fsqf_com;charset=utf8
[2024-05-04T01:13:55+08:00][sql] SHOW FULL COLUMNS FROM `jm_nav` [ RunTime:0.001668s ]
[2024-05-04T01:13:55+08:00][sql] SELECT * FROM `jm_nav` ORDER BY `sort` ASC [ RunTime:0.000731s ]
[2024-05-04T01:13:55+08:00][sql] SHOW FULL COLUMNS FROM `jm_browse_index` [ RunTime:0.001417s ]
[2024-05-04T01:13:55+08:00][sql] SHOW FULL COLUMNS FROM `jm_news_index` [ RunTime:0.001875s ]
[2024-05-04T01:13:55+08:00][sql] SELECT `c_id` FROM `jm_news_index` WHERE  `id` = 174 LIMIT 1 [ RunTime:0.000869s ]
[2024-05-04T01:13:55+08:00][sql] SELECT * FROM `jm_browse_index` WHERE  `ip` = '160.124.240.214' ORDER BY `id` DESC LIMIT 1 [ RunTime:0.005192s ]
[2024-05-04T01:13:55+08:00][sql] INSERT INTO `jm_browse_index` SET `cid` = 79 , `url` = '//show/174.html' , `ip` = '160.124.240.214' , `mark` = '7b14c06f6b75a1b504c94e3640288a1a' , `user_agent` = 'Mozilla/5.0 (Linux;u;Android 4.2.2;zh-cn;) AppleWebKit/534.46 (KHTML,like Gecko)Version/5.1 Mobile Safari/10600.6.3 (compatible; Baiduspider/2.0;+http://www.baidu.com/search/spider.html)' , `create_time` = '2024-05-04 01:13:55.035906' [ RunTime:0.000398s ]
[2024-05-04T01:13:55+08:00][sql] SELECT * FROM `jm_news_index` WHERE  `id` = 174 LIMIT 1 [ RunTime:0.000418s ]
[2024-05-04T01:13:55+08:00][sql] SHOW FULL COLUMNS FROM `jm_category` [ RunTime:0.001439s ]
[2024-05-04T01:13:55+08:00][sql] SELECT * FROM `jm_category` WHERE  `id` = 79 LIMIT 1 [ RunTime:0.000694s ]
[2024-05-04T01:13:55+08:00][sql] SELECT * FROM `jm_category` WHERE  `id` = 74 LIMIT 1 [ RunTime:0.000373s ]
[2024-05-04T01:13:55+08:00][sql] SHOW FULL COLUMNS FROM `jm_ad_index` [ RunTime:0.001706s ]
[2024-05-04T01:13:55+08:00][sql] SELECT * FROM `jm_ad_index` WHERE  `g_id` = 74 LIMIT 1 [ RunTime:0.000695s ]
[2024-05-04T01:13:55+08:00][sql] SELECT * FROM `jm_category` WHERE  `pid` = 74 [ RunTime:0.000419s ]
[2024-05-04T01:13:55+08:00][sql] SELECT * FROM `jm_news_index` WHERE  `c_id` = 79  AND `id` > 174  AND `status` = 1 LIMIT 1 [ RunTime:0.000613s ]
[2024-05-04T01:13:55+08:00][sql] SELECT * FROM `jm_news_index` WHERE  `c_id` = 79  AND `id` < 174  AND `status` = 1 LIMIT 1 [ RunTime:0.000555s ]
[2024-05-04T01:17:52+08:00][sql] CONNECT:[ UseTime:0.001202s ] mysql:host=127.0.0.1;port=3306;dbname=www_fsqf_com;charset=utf8
[2024-05-04T01:17:52+08:00][sql] SHOW FULL COLUMNS FROM `jm_nav` [ RunTime:0.004076s ]
[2024-05-04T01:17:52+08:00][sql] SELECT * FROM `jm_nav` ORDER BY `sort` ASC [ RunTime:0.001154s ]
[2024-05-04T01:17:52+08:00][sql] SHOW FULL COLUMNS FROM `jm_browse_index` [ RunTime:0.003425s ]
[2024-05-04T01:17:52+08:00][sql] SELECT * FROM `jm_browse_index` WHERE  `ip` = '112.13.112.12' ORDER BY `id` DESC LIMIT 1 [ RunTime:0.005227s ]
[2024-05-04T01:17:52+08:00][sql] INSERT INTO `jm_browse_index` SET `cid` = 0 , `url` = '/page/1.html' , `ip` = '112.13.112.12' , `mark` = '9bae1ef431c051b07a1beb4822bfa1d0' , `user_agent` = 'Mozilla/5.0 (Windows NT 6.1; Win64; x64) AppleWebKit/537.36 (KHTML, like Gecko) Chrome/69.0.3497.81 YisouSpider/5.0 Safari/537.36' , `create_time` = '2024-05-04 01:17:52.117331' [ RunTime:0.000424s ]
[2024-05-04T01:17:52+08:00][sql] SHOW FULL COLUMNS FROM `jm_page_index` [ RunTime:0.002900s ]
[2024-05-04T01:17:52+08:00][sql] SELECT * FROM `jm_page_index` WHERE  `id` = 1 LIMIT 1 [ RunTime:0.001110s ]
[2024-05-04T01:17:52+08:00][sql] SHOW FULL COLUMNS FROM `jm_category` [ RunTime:0.002584s ]
[2024-05-04T01:17:52+08:00][sql] SELECT * FROM `jm_category` WHERE  `id` = 52 LIMIT 1 [ RunTime:0.000651s ]
[2024-05-04T01:17:52+08:00][sql] SELECT * FROM `jm_category` WHERE  `id` = 0 LIMIT 1 [ RunTime:0.000319s ]
[2024-05-04T01:17:52+08:00][sql] SHOW FULL COLUMNS FROM `jm_ad_index` [ RunTime:0.002353s ]
[2024-05-04T01:17:52+08:00][sql] SELECT * FROM `jm_ad_index` WHERE  `g_id` = 52 LIMIT 1 [ RunTime:0.000692s ]
[2024-05-04T01:17:52+08:00][sql] SELECT `id` FROM `jm_page_index` WHERE  `c_id` = 52 LIMIT 1 [ RunTime:0.000392s ]
[2024-05-04T01:17:52+08:00][sql] SELECT * FROM `jm_category` WHERE  `pid` = 52 [ RunTime:0.000345s ]
[2024-05-04T01:17:52+08:00][sql] SELECT * FROM `jm_page_index` WHERE  `c_id` = 76 ORDER BY `sort` ASC [ RunTime:0.000456s ]
[2024-05-04T02:21:35+08:00][sql] CONNECT:[ UseTime:0.000655s ] mysql:host=127.0.0.1;port=3306;dbname=www_fsqf_com;charset=utf8
[2024-05-04T02:21:35+08:00][sql] SHOW FULL COLUMNS FROM `jm_nav` [ RunTime:0.001488s ]
[2024-05-04T02:21:35+08:00][sql] SELECT * FROM `jm_nav` ORDER BY `sort` ASC [ RunTime:0.000584s ]
[2024-05-04T02:21:35+08:00][sql] SHOW FULL COLUMNS FROM `jm_browse_index` [ RunTime:0.001246s ]
[2024-05-04T02:21:35+08:00][sql] SELECT * FROM `jm_browse_index` WHERE  `ip` = '116.179.32.224' ORDER BY `id` DESC LIMIT 1 [ RunTime:0.001019s ]
[2024-05-04T02:21:35+08:00][sql] INSERT INTO `jm_browse_index` SET `cid` = 0 , `url` = '/' , `ip` = '116.179.32.224' , `mark` = '0df6b4d465f4d98c6bb303718d0b6399' , `user_agent` = 'Mozilla/5.0 (Linux;u;Android 4.2.2;zh-cn;) AppleWebKit/534.46 (KHTML,like Gecko) Version/5.1 Mobile Safari/10600.6.3 (compatible; Baiduspider/2.0; +http://www.baidu.com/search/spider.html)' , `create_time` = '2024-05-04 02:21:35.842859' [ RunTime:0.000425s ]
[2024-05-04T02:21:35+08:00][sql] SHOW FULL COLUMNS FROM `jm_news_index` [ RunTime:0.002230s ]
[2024-05-04T02:21:35+08:00][sql] SELECT * FROM `jm_news_index` WHERE  `c_id` = 78  AND `status` = 1 ORDER BY `create_time` DESC LIMIT 5 [ RunTime:0.000978s ]
[2024-05-04T02:21:35+08:00][sql] SELECT * FROM `jm_news_index` WHERE  `c_id` = 79  AND `status` = 1 ORDER BY `create_time` DESC LIMIT 5 [ RunTime:0.000838s ]
[2024-05-04T02:21:35+08:00][sql] SELECT * FROM `jm_news_index` WHERE  `c_id` = 77  AND `status` = 1 ORDER BY `create_time` DESC LIMIT 5 [ RunTime:0.000830s ]
[2024-05-04T02:21:36+08:00][sql] CONNECT:[ UseTime:0.001106s ] mysql:host=127.0.0.1;port=3306;dbname=www_fsqf_com;charset=utf8
[2024-05-04T02:21:36+08:00][sql] SHOW FULL COLUMNS FROM `jm_nav` [ RunTime:0.003265s ]
[2024-05-04T02:21:36+08:00][sql] SELECT * FROM `jm_nav` ORDER BY `sort` ASC [ RunTime:0.000917s ]
[2024-05-04T02:21:36+08:00][sql] SHOW FULL COLUMNS FROM `jm_browse_index` [ RunTime:0.002527s ]
[2024-05-04T02:21:36+08:00][sql] SELECT * FROM `jm_browse_index` WHERE  `ip` = '220.181.108.175' ORDER BY `id` DESC LIMIT 1 [ RunTime:0.001949s ]
[2024-05-04T02:21:36+08:00][sql] SHOW FULL COLUMNS FROM `jm_news_index` [ RunTime:0.001614s ]
[2024-05-04T02:21:36+08:00][sql] SELECT * FROM `jm_news_index` WHERE  `c_id` = 78  AND `status` = 1 ORDER BY `create_time` DESC LIMIT 5 [ RunTime:0.000659s ]
[2024-05-04T02:21:36+08:00][sql] SELECT * FROM `jm_news_index` WHERE  `c_id` = 79  AND `status` = 1 ORDER BY `create_time` DESC LIMIT 5 [ RunTime:0.000620s ]
[2024-05-04T02:21:36+08:00][sql] SELECT * FROM `jm_news_index` WHERE  `c_id` = 77  AND `status` = 1 ORDER BY `create_time` DESC LIMIT 5 [ RunTime:0.000532s ]
[2024-05-04T03:24:56+08:00][sql] CONNECT:[ UseTime:0.000968s ] mysql:host=127.0.0.1;port=3306;dbname=www_fsqf_com;charset=utf8
[2024-05-04T03:24:56+08:00][sql] SHOW FULL COLUMNS FROM `jm_nav` [ RunTime:0.001781s ]
[2024-05-04T03:24:56+08:00][sql] SELECT * FROM `jm_nav` ORDER BY `sort` ASC [ RunTime:0.000822s ]
[2024-05-04T03:24:56+08:00][sql] SHOW FULL COLUMNS FROM `jm_browse_index` [ RunTime:0.001808s ]
[2024-05-04T03:24:56+08:00][sql] SHOW FULL COLUMNS FROM `jm_news_index` [ RunTime:0.002157s ]
[2024-05-04T03:24:56+08:00][sql] SELECT `c_id` FROM `jm_news_index` WHERE  `id` = 175 LIMIT 1 [ RunTime:0.000739s ]
[2024-05-04T03:24:56+08:00][sql] SELECT * FROM `jm_browse_index` WHERE  `ip` = '60.188.10.202' ORDER BY `id` DESC LIMIT 1 [ RunTime:0.001344s ]
[2024-05-04T03:24:56+08:00][sql] INSERT INTO `jm_browse_index` SET `cid` = 79 , `url` = '/show/175.html' , `ip` = '60.188.10.202' , `mark` = '25bf4b01a90bf6b1a62ed757d62a2226' , `user_agent` = 'Mozilla/5.0 (Windows NT 6.1; Win64; x64) AppleWebKit/537.36 (KHTML, like Gecko) Chrome/69.0.3497.81 YisouSpider/5.0 Safari/537.36' , `create_time` = '2024-05-04 03:24:56.038699' [ RunTime:0.000351s ]
[2024-05-04T03:24:56+08:00][sql] SELECT * FROM `jm_news_index` WHERE  `id` = 175 LIMIT 1 [ RunTime:0.000411s ]
[2024-05-04T03:24:56+08:00][sql] SHOW FULL COLUMNS FROM `jm_category` [ RunTime:0.001715s ]
[2024-05-04T03:24:56+08:00][sql] SELECT * FROM `jm_category` WHERE  `id` = 79 LIMIT 1 [ RunTime:0.000738s ]
[2024-05-04T03:24:56+08:00][sql] SELECT * FROM `jm_category` WHERE  `id` = 74 LIMIT 1 [ RunTime:0.000345s ]
[2024-05-04T03:24:56+08:00][sql] SHOW FULL COLUMNS FROM `jm_ad_index` [ RunTime:0.001663s ]
[2024-05-04T03:24:56+08:00][sql] SELECT * FROM `jm_ad_index` WHERE  `g_id` = 74 LIMIT 1 [ RunTime:0.000730s ]
[2024-05-04T03:24:56+08:00][sql] SELECT * FROM `jm_category` WHERE  `pid` = 74 [ RunTime:0.000391s ]
[2024-05-04T03:24:56+08:00][sql] SELECT * FROM `jm_news_index` WHERE  `c_id` = 79  AND `id` > 175  AND `status` = 1 LIMIT 1 [ RunTime:0.000468s ]
[2024-05-04T03:24:56+08:00][sql] SELECT * FROM `jm_news_index` WHERE  `c_id` = 79  AND `id` < 175  AND `status` = 1 LIMIT 1 [ RunTime:0.000531s ]
[2024-05-04T03:36:16+08:00][sql] CONNECT:[ UseTime:0.000951s ] mysql:host=127.0.0.1;port=3306;dbname=www_fsqf_com;charset=utf8
[2024-05-04T03:36:16+08:00][sql] SHOW FULL COLUMNS FROM `jm_nav` [ RunTime:0.002589s ]
[2024-05-04T03:36:16+08:00][sql] SELECT * FROM `jm_nav` ORDER BY `sort` ASC [ RunTime:0.000598s ]
[2024-05-04T03:36:16+08:00][sql] SHOW FULL COLUMNS FROM `jm_browse_index` [ RunTime:0.001667s ]
[2024-05-04T03:36:16+08:00][sql] SHOW FULL COLUMNS FROM `jm_news_index` [ RunTime:0.003547s ]
[2024-05-04T03:36:16+08:00][sql] SELECT `c_id` FROM `jm_news_index` WHERE  `id` = 171 LIMIT 1 [ RunTime:0.000759s ]
[2024-05-04T03:36:16+08:00][sql] SELECT * FROM `jm_browse_index` WHERE  `ip` = '23.225.133.35' ORDER BY `id` DESC LIMIT 1 [ RunTime:0.009657s ]
[2024-05-04T03:36:16+08:00][sql] INSERT INTO `jm_browse_index` SET `cid` = 79 , `url` = '//show/171.html' , `ip` = '23.225.133.35' , `mark` = 'ecee6f8b2fb14f8e7e9b767d2064eba8' , `user_agent` = 'Mozilla/5.0 (Linux;u;Android 4.2.2;zh-cn;) AppleWebKit/534.46 (KHTML,like Gecko)Version/5.1 Mobile Safari/10600.6.3 (compatible; Baiduspider/2.0;+http://www.baidu.com/search/spider.html)' , `create_time` = '2024-05-04 03:36:16.194343' [ RunTime:0.000408s ]
[2024-05-04T03:36:16+08:00][sql] SELECT * FROM `jm_news_index` WHERE  `id` = 171 LIMIT 1 [ RunTime:0.000765s ]
[2024-05-04T03:36:16+08:00][sql] SHOW FULL COLUMNS FROM `jm_category` [ RunTime:0.003149s ]
[2024-05-04T03:36:16+08:00][sql] SELECT * FROM `jm_category` WHERE  `id` = 79 LIMIT 1 [ RunTime:0.000704s ]
[2024-05-04T03:36:16+08:00][sql] SELECT * FROM `jm_category` WHERE  `id` = 74 LIMIT 1 [ RunTime:0.000365s ]
[2024-05-04T03:36:16+08:00][sql] SHOW FULL COLUMNS FROM `jm_ad_index` [ RunTime:0.001782s ]
[2024-05-04T03:36:16+08:00][sql] SELECT * FROM `jm_ad_index` WHERE  `g_id` = 74 LIMIT 1 [ RunTime:0.000550s ]
[2024-05-04T03:36:16+08:00][sql] SELECT * FROM `jm_category` WHERE  `pid` = 74 [ RunTime:0.000551s ]
[2024-05-04T03:36:16+08:00][sql] SELECT * FROM `jm_news_index` WHERE  `c_id` = 79  AND `id` > 171  AND `status` = 1 LIMIT 1 [ RunTime:0.000671s ]
[2024-05-04T03:36:16+08:00][sql] SELECT * FROM `jm_news_index` WHERE  `c_id` = 79  AND `id` < 171  AND `status` = 1 LIMIT 1 [ RunTime:0.000574s ]
[2024-05-04T08:40:56+08:00][sql] CONNECT:[ UseTime:0.002154s ] mysql:host=127.0.0.1;port=3306;dbname=www_fsqf_com;charset=utf8
[2024-05-04T08:40:56+08:00][sql] SHOW FULL COLUMNS FROM `jm_nav` [ RunTime:0.004302s ]
[2024-05-04T08:40:56+08:00][sql] SELECT * FROM `jm_nav` ORDER BY `sort` ASC [ RunTime:0.001388s ]
[2024-05-04T08:40:56+08:00][sql] SHOW FULL COLUMNS FROM `jm_browse_index` [ RunTime:0.001895s ]
[2024-05-04T08:40:56+08:00][sql] SELECT * FROM `jm_browse_index` WHERE  `ip` = '101.67.49.136' ORDER BY `id` DESC LIMIT 1 [ RunTime:0.002305s ]
[2024-05-04T08:40:56+08:00][sql] INSERT INTO `jm_browse_index` SET `cid` = 0 , `url` = '/page/1.html' , `ip` = '101.67.49.136' , `mark` = '763c175fbbd9ff88f04cd0a85142822e' , `user_agent` = 'Mozilla/5.0 (Windows NT 6.1; Win64; x64) AppleWebKit/537.36 (KHTML, like Gecko) Chrome/69.0.3497.81 YisouSpider/5.0 Safari/537.36' , `create_time` = '2024-05-04 08:40:56.744923' [ RunTime:0.001027s ]
[2024-05-04T08:40:56+08:00][sql] SHOW FULL COLUMNS FROM `jm_page_index` [ RunTime:0.003836s ]
[2024-05-04T08:40:56+08:00][sql] SELECT * FROM `jm_page_index` WHERE  `id` = 1 LIMIT 1 [ RunTime:0.001353s ]
[2024-05-04T08:40:56+08:00][sql] SHOW FULL COLUMNS FROM `jm_category` [ RunTime:0.001677s ]
[2024-05-04T08:40:56+08:00][sql] SELECT * FROM `jm_category` WHERE  `id` = 52 LIMIT 1 [ RunTime:0.000632s ]
[2024-05-04T08:40:56+08:00][sql] SELECT * FROM `jm_category` WHERE  `id` = 0 LIMIT 1 [ RunTime:0.000433s ]
[2024-05-04T08:40:56+08:00][sql] SHOW FULL COLUMNS FROM `jm_ad_index` [ RunTime:0.001450s ]
[2024-05-04T08:40:56+08:00][sql] SELECT * FROM `jm_ad_index` WHERE  `g_id` = 52 LIMIT 1 [ RunTime:0.000627s ]
[2024-05-04T08:40:56+08:00][sql] SELECT `id` FROM `jm_page_index` WHERE  `c_id` = 52 LIMIT 1 [ RunTime:0.000550s ]
[2024-05-04T08:40:56+08:00][sql] SELECT * FROM `jm_category` WHERE  `pid` = 52 [ RunTime:0.000455s ]
[2024-05-04T08:40:56+08:00][sql] SELECT * FROM `jm_page_index` WHERE  `c_id` = 76 ORDER BY `sort` ASC [ RunTime:0.000468s ]
[2024-05-04T09:46:08+08:00][sql] CONNECT:[ UseTime:0.000675s ] mysql:host=127.0.0.1;port=3306;dbname=www_fsqf_com;charset=utf8
[2024-05-04T09:46:08+08:00][sql] SHOW FULL COLUMNS FROM `jm_nav` [ RunTime:0.001726s ]
[2024-05-04T09:46:08+08:00][sql] SELECT * FROM `jm_nav` ORDER BY `sort` ASC [ RunTime:0.000713s ]
[2024-05-04T09:46:08+08:00][sql] SHOW FULL COLUMNS FROM `jm_browse_index` [ RunTime:0.001296s ]
[2024-05-04T09:46:08+08:00][sql] SELECT * FROM `jm_browse_index` WHERE  `ip` = '52.167.144.186' ORDER BY `id` DESC LIMIT 1 [ RunTime:0.003644s ]
[2024-05-04T09:46:08+08:00][sql] INSERT INTO `jm_browse_index` SET `cid` = 0 , `url` = '/' , `ip` = '52.167.144.186' , `mark` = 'ca4b7f5eee6bbfb3176795e4450fb7ed' , `user_agent` = 'Mozilla/5.0 AppleWebKit/537.36 (KHTML, like Gecko; compatible; bingbot/2.0; +http://www.bing.com/bingbot.htm) Chrome/116.0.1938.76 Safari/537.36' , `create_time` = '2024-05-04 09:46:08.534845' [ RunTime:0.000420s ]
[2024-05-04T09:46:08+08:00][sql] SHOW FULL COLUMNS FROM `jm_news_index` [ RunTime:0.002145s ]
[2024-05-04T09:46:08+08:00][sql] SELECT * FROM `jm_news_index` WHERE  `c_id` = 78  AND `status` = 1 ORDER BY `create_time` DESC LIMIT 5 [ RunTime:0.001084s ]
[2024-05-04T09:46:08+08:00][sql] SELECT * FROM `jm_news_index` WHERE  `c_id` = 79  AND `status` = 1 ORDER BY `create_time` DESC LIMIT 5 [ RunTime:0.000890s ]
[2024-05-04T09:46:08+08:00][sql] SELECT * FROM `jm_news_index` WHERE  `c_id` = 77  AND `status` = 1 ORDER BY `create_time` DESC LIMIT 5 [ RunTime:0.001004s ]
[2024-05-04T12:26:13+08:00][sql] CONNECT:[ UseTime:0.000825s ] mysql:host=127.0.0.1;port=3306;dbname=www_fsqf_com;charset=utf8
[2024-05-04T12:26:13+08:00][sql] SHOW FULL COLUMNS FROM `jm_nav` [ RunTime:0.002414s ]
[2024-05-04T12:26:13+08:00][sql] SELECT * FROM `jm_nav` ORDER BY `sort` ASC [ RunTime:0.000861s ]
[2024-05-04T12:26:13+08:00][sql] SHOW FULL COLUMNS FROM `jm_browse_index` [ RunTime:0.001784s ]
[2024-05-04T12:26:13+08:00][sql] SELECT * FROM `jm_browse_index` WHERE  `ip` = '23.225.133.34' ORDER BY `id` DESC LIMIT 1 [ RunTime:0.004740s ]
[2024-05-04T12:26:13+08:00][sql] INSERT INTO `jm_browse_index` SET `cid` = 0 , `url` = '//page/' , `ip` = '23.225.133.34' , `mark` = '12b57a1fecab4f53ab18f46d10e04ec4' , `user_agent` = 'Mozilla/5.0 (Linux;u;Android 4.2.2;zh-cn;) AppleWebKit/534.46 (KHTML,like Gecko)Version/5.1 Mobile Safari/10600.6.3 (compatible; Baiduspider/2.0;+http://www.baidu.com/search/spider.html)' , `create_time` = '2024-05-04 12:26:13.274422' [ RunTime:0.000392s ]
[2024-05-04T12:26:13+08:00][sql] SHOW FULL COLUMNS FROM `jm_page_index` [ RunTime:0.001651s ]
[2024-05-04T12:26:13+08:00][sql] SELECT * FROM `jm_page_index` WHERE  `id` = 0 LIMIT 1 [ RunTime:0.000603s ]
[2024-05-04T12:26:13+08:00][sql] SHOW FULL COLUMNS FROM `jm_category` [ RunTime:0.001918s ]
[2024-05-04T12:26:13+08:00][sql] SELECT * FROM `jm_category` WHERE  `id` IS NULL LIMIT 1 [ RunTime:0.000638s ]
[2024-05-04T12:26:13+08:00][sql] SELECT * FROM `jm_category` WHERE  `id` IS NULL LIMIT 1 [ RunTime:0.000319s ]
[2024-05-04T12:26:13+08:00][sql] SHOW FULL COLUMNS FROM `jm_ad_index` [ RunTime:0.001618s ]
[2024-05-04T12:26:13+08:00][sql] SELECT * FROM `jm_ad_index` WHERE  `g_id` IS NULL LIMIT 1 [ RunTime:0.000613s ]
[2024-05-04T12:26:13+08:00][sql] SELECT * FROM `jm_page_index` WHERE  `c_id` = 76 ORDER BY `sort` ASC [ RunTime:0.000535s ]
[2024-05-04T13:00:18+08:00][sql] CONNECT:[ UseTime:0.000589s ] mysql:host=127.0.0.1;port=3306;dbname=www_fsqf_com;charset=utf8
[2024-05-04T13:00:18+08:00][sql] SHOW FULL COLUMNS FROM `jm_nav` [ RunTime:0.001431s ]
[2024-05-04T13:00:18+08:00][sql] SELECT * FROM `jm_nav` ORDER BY `sort` ASC [ RunTime:0.000490s ]
[2024-05-04T13:00:18+08:00][sql] SHOW FULL COLUMNS FROM `jm_browse_index` [ RunTime:0.001110s ]
[2024-05-04T13:00:18+08:00][sql] SELECT * FROM `jm_browse_index` WHERE  `ip` = '112.13.112.45' ORDER BY `id` DESC LIMIT 1 [ RunTime:0.001780s ]
[2024-05-04T13:00:18+08:00][sql] SHOW FULL COLUMNS FROM `jm_page_index` [ RunTime:0.001102s ]
[2024-05-04T13:00:18+08:00][sql] SELECT * FROM `jm_page_index` WHERE  `id` = 10 LIMIT 1 [ RunTime:0.000434s ]
[2024-05-04T13:00:18+08:00][sql] SHOW FULL COLUMNS FROM `jm_category` [ RunTime:0.001133s ]
[2024-05-04T13:00:18+08:00][sql] SELECT * FROM `jm_category` WHERE  `id` = 76 LIMIT 1 [ RunTime:0.000430s ]
[2024-05-04T13:00:18+08:00][sql] SELECT * FROM `jm_category` WHERE  `id` = 0 LIMIT 1 [ RunTime:0.000207s ]
[2024-05-04T13:00:18+08:00][sql] SHOW FULL COLUMNS FROM `jm_ad_index` [ RunTime:0.001303s ]
[2024-05-04T13:00:18+08:00][sql] SELECT * FROM `jm_ad_index` WHERE  `g_id` = 76 LIMIT 1 [ RunTime:0.000500s ]
[2024-05-04T13:00:18+08:00][sql] SELECT `id` FROM `jm_page_index` WHERE  `c_id` = 76 LIMIT 1 [ RunTime:0.000302s ]
[2024-05-04T13:00:18+08:00][sql] SELECT * FROM `jm_category` WHERE  `pid` = 76 [ RunTime:0.000299s ]
[2024-05-04T13:00:18+08:00][sql] SELECT * FROM `jm_page_index` WHERE  `c_id` = 76 ORDER BY `sort` ASC [ RunTime:0.000275s ]
[2024-05-04T14:19:06+08:00][sql] CONNECT:[ UseTime:0.000980s ] mysql:host=127.0.0.1;port=3306;dbname=www_fsqf_com;charset=utf8
[2024-05-04T14:19:06+08:00][sql] SHOW FULL COLUMNS FROM `jm_nav` [ RunTime:0.003733s ]
[2024-05-04T14:19:06+08:00][sql] SELECT * FROM `jm_nav` ORDER BY `sort` ASC [ RunTime:0.001274s ]
[2024-05-04T14:19:06+08:00][sql] SHOW FULL COLUMNS FROM `jm_browse_index` [ RunTime:0.002741s ]
[2024-05-04T14:19:06+08:00][sql] SHOW FULL COLUMNS FROM `jm_news_index` [ RunTime:0.002598s ]
[2024-05-04T14:19:06+08:00][sql] SELECT `c_id` FROM `jm_news_index` WHERE  `id` = 176 LIMIT 1 [ RunTime:0.000677s ]
[2024-05-04T14:19:06+08:00][sql] SELECT * FROM `jm_browse_index` WHERE  `ip` = '23.235.146.218' ORDER BY `id` DESC LIMIT 1 [ RunTime:0.004946s ]
[2024-05-04T14:19:06+08:00][sql] INSERT INTO `jm_browse_index` SET `cid` = 78 , `url` = '//show/176.html' , `ip` = '23.235.146.218' , `mark` = '0ce0b1a54439a61d2125c4d253daefbb' , `user_agent` = 'Mozilla/5.0 (Linux;u;Android 4.2.2;zh-cn;) AppleWebKit/534.46 (KHTML,like Gecko)Version/5.1 Mobile Safari/10600.6.3 (compatible; Baiduspider/2.0;+http://www.baidu.com/search/spider.html)' , `create_time` = '2024-05-04 14:19:06.886128' [ RunTime:0.000550s ]
[2024-05-04T14:19:06+08:00][sql] SELECT * FROM `jm_news_index` WHERE  `id` = 176 LIMIT 1 [ RunTime:0.001051s ]
[2024-05-04T14:19:06+08:00][sql] SHOW FULL COLUMNS FROM `jm_category` [ RunTime:0.003228s ]
[2024-05-04T14:19:06+08:00][sql] SELECT * FROM `jm_category` WHERE  `id` = 78 LIMIT 1 [ RunTime:0.001267s ]
[2024-05-04T14:19:06+08:00][sql] SELECT * FROM `jm_category` WHERE  `id` = 74 LIMIT 1 [ RunTime:0.000515s ]
[2024-05-04T14:19:06+08:00][sql] SHOW FULL COLUMNS FROM `jm_ad_index` [ RunTime:0.002121s ]
[2024-05-04T14:19:06+08:00][sql] SELECT * FROM `jm_ad_index` WHERE  `g_id` = 74 LIMIT 1 [ RunTime:0.000824s ]
[2024-05-04T14:19:06+08:00][sql] SELECT * FROM `jm_category` WHERE  `pid` = 74 [ RunTime:0.000575s ]
[2024-05-04T14:19:06+08:00][sql] SELECT * FROM `jm_news_index` WHERE  `c_id` = 78  AND `id` > 176  AND `status` = 1 LIMIT 1 [ RunTime:0.000602s ]
[2024-05-04T14:19:06+08:00][sql] SELECT * FROM `jm_news_index` WHERE  `c_id` = 78  AND `id` < 176  AND `status` = 1 LIMIT 1 [ RunTime:0.000508s ]
[2024-05-04T15:44:51+08:00][sql] CONNECT:[ UseTime:0.000680s ] mysql:host=127.0.0.1;port=3306;dbname=www_fsqf_com;charset=utf8
[2024-05-04T15:44:51+08:00][sql] SHOW FULL COLUMNS FROM `jm_nav` [ RunTime:0.001348s ]
[2024-05-04T15:44:51+08:00][sql] SELECT * FROM `jm_nav` ORDER BY `sort` ASC [ RunTime:0.000488s ]
[2024-05-04T15:44:51+08:00][sql] SHOW FULL COLUMNS FROM `jm_browse_index` [ RunTime:0.001139s ]
[2024-05-04T15:44:51+08:00][sql] SHOW FULL COLUMNS FROM `jm_news_index` [ RunTime:0.001216s ]
[2024-05-04T15:44:51+08:00][sql] SELECT `c_id` FROM `jm_news_index` WHERE  `id` = 170 LIMIT 1 [ RunTime:0.000453s ]
[2024-05-04T15:44:51+08:00][sql] SELECT * FROM `jm_browse_index` WHERE  `ip` = '154.92.55.109' ORDER BY `id` DESC LIMIT 1 [ RunTime:0.004168s ]
[2024-05-04T15:44:51+08:00][sql] INSERT INTO `jm_browse_index` SET `cid` = 77 , `url` = '//show/170.html' , `ip` = '154.92.55.109' , `mark` = 'b344b99300f4623cf2dcb60db6296a55' , `user_agent` = 'Mozilla/5.0 (Linux;u;Android 4.2.2;zh-cn;) AppleWebKit/534.46 (KHTML,like Gecko)Version/5.1 Mobile Safari/10600.6.3 (compatible; Baiduspider/2.0;+http://www.baidu.com/search/spider.html)' , `create_time` = '2024-05-04 15:44:51.378894' [ RunTime:0.000374s ]
[2024-05-04T15:44:51+08:00][sql] SELECT * FROM `jm_news_index` WHERE  `id` = 170 LIMIT 1 [ RunTime:0.000544s ]
[2024-05-04T15:44:51+08:00][sql] SHOW FULL COLUMNS FROM `jm_category` [ RunTime:0.002035s ]
[2024-05-04T15:44:51+08:00][sql] SELECT * FROM `jm_category` WHERE  `id` = 77 LIMIT 1 [ RunTime:0.000690s ]
[2024-05-04T15:44:51+08:00][sql] SELECT * FROM `jm_category` WHERE  `id` = 74 LIMIT 1 [ RunTime:0.000365s ]
[2024-05-04T15:44:51+08:00][sql] SHOW FULL COLUMNS FROM `jm_ad_index` [ RunTime:0.001808s ]
[2024-05-04T15:44:51+08:00][sql] SELECT * FROM `jm_ad_index` WHERE  `g_id` = 74 LIMIT 1 [ RunTime:0.000673s ]
[2024-05-04T15:44:51+08:00][sql] SELECT * FROM `jm_category` WHERE  `pid` = 74 [ RunTime:0.000352s ]
[2024-05-04T15:44:51+08:00][sql] SELECT * FROM `jm_news_index` WHERE  `c_id` = 77  AND `id` > 170  AND `status` = 1 LIMIT 1 [ RunTime:0.000593s ]
[2024-05-04T15:44:51+08:00][sql] SELECT * FROM `jm_news_index` WHERE  `c_id` = 77  AND `id` < 170  AND `status` = 1 LIMIT 1 [ RunTime:0.000486s ]
[2024-05-04T15:54:54+08:00][sql] CONNECT:[ UseTime:0.000980s ] mysql:host=127.0.0.1;port=3306;dbname=www_fsqf_com;charset=utf8
[2024-05-04T15:54:54+08:00][sql] SHOW FULL COLUMNS FROM `jm_nav` [ RunTime:0.002420s ]
[2024-05-04T15:54:54+08:00][sql] SELECT * FROM `jm_nav` ORDER BY `sort` ASC [ RunTime:0.000668s ]
[2024-05-04T15:54:54+08:00][sql] SHOW FULL COLUMNS FROM `jm_browse_index` [ RunTime:0.001959s ]
[2024-05-04T15:54:54+08:00][sql] SELECT * FROM `jm_browse_index` WHERE  `ip` = '120.24.250.155' ORDER BY `id` DESC LIMIT 1 [ RunTime:0.000778s ]
[2024-05-04T15:54:54+08:00][sql] SHOW FULL COLUMNS FROM `jm_news_index` [ RunTime:0.001785s ]
[2024-05-04T15:54:54+08:00][sql] SELECT * FROM `jm_news_index` WHERE  `c_id` = 78  AND `status` = 1 ORDER BY `create_time` DESC LIMIT 5 [ RunTime:0.000845s ]
[2024-05-04T15:54:54+08:00][sql] SELECT * FROM `jm_news_index` WHERE  `c_id` = 79  AND `status` = 1 ORDER BY `create_time` DESC LIMIT 5 [ RunTime:0.000710s ]
[2024-05-04T15:54:54+08:00][sql] SELECT * FROM `jm_news_index` WHERE  `c_id` = 77  AND `status` = 1 ORDER BY `create_time` DESC LIMIT 5 [ RunTime:0.000629s ]
[2024-05-04T15:54:54+08:00][sql] CONNECT:[ UseTime:0.000904s ] mysql:host=127.0.0.1;port=3306;dbname=www_fsqf_com;charset=utf8
[2024-05-04T15:54:54+08:00][sql] SHOW FULL COLUMNS FROM `jm_nav` [ RunTime:0.002455s ]
[2024-05-04T15:54:54+08:00][sql] SELECT * FROM `jm_nav` ORDER BY `sort` ASC [ RunTime:0.000748s ]
[2024-05-04T15:54:54+08:00][sql] SHOW FULL COLUMNS FROM `jm_browse_index` [ RunTime:0.002360s ]
[2024-05-04T15:54:54+08:00][sql] SELECT * FROM `jm_browse_index` WHERE  `ip` = '120.24.250.155' ORDER BY `id` DESC LIMIT 1 [ RunTime:0.000807s ]
[2024-05-04T15:54:54+08:00][sql] SHOW FULL COLUMNS FROM `jm_news_index` [ RunTime:0.001946s ]
[2024-05-04T15:54:54+08:00][sql] SELECT * FROM `jm_news_index` WHERE  `c_id` = 78  AND `status` = 1 ORDER BY `create_time` DESC LIMIT 5 [ RunTime:0.000623s ]
[2024-05-04T15:54:54+08:00][sql] SELECT * FROM `jm_news_index` WHERE  `c_id` = 79  AND `status` = 1 ORDER BY `create_time` DESC LIMIT 5 [ RunTime:0.000517s ]
[2024-05-04T15:54:54+08:00][sql] SELECT * FROM `jm_news_index` WHERE  `c_id` = 77  AND `status` = 1 ORDER BY `create_time` DESC LIMIT 5 [ RunTime:0.000509s ]
[2024-05-04T16:23:27+08:00][sql] CONNECT:[ UseTime:0.001429s ] mysql:host=127.0.0.1;port=3306;dbname=www_fsqf_com;charset=utf8
[2024-05-04T16:23:27+08:00][sql] SHOW FULL COLUMNS FROM `jm_nav` [ RunTime:0.003292s ]
[2024-05-04T16:23:27+08:00][sql] SELECT * FROM `jm_nav` ORDER BY `sort` ASC [ RunTime:0.001369s ]
[2024-05-04T16:23:27+08:00][sql] SHOW FULL COLUMNS FROM `jm_browse_index` [ RunTime:0.004136s ]
[2024-05-04T16:23:27+08:00][sql] SHOW FULL COLUMNS FROM `jm_news_index` [ RunTime:0.003688s ]
[2024-05-04T16:23:27+08:00][sql] SELECT `c_id` FROM `jm_news_index` WHERE  `id` = 174 LIMIT 1 [ RunTime:0.000749s ]
[2024-05-04T16:23:27+08:00][sql] SELECT * FROM `jm_browse_index` WHERE  `ip` = '39.173.107.40' ORDER BY `id` DESC LIMIT 1 [ RunTime:0.001050s ]
[2024-05-04T16:23:27+08:00][sql] SELECT * FROM `jm_news_index` WHERE  `id` = 174 LIMIT 1 [ RunTime:0.000334s ]
[2024-05-04T16:23:27+08:00][sql] SHOW FULL COLUMNS FROM `jm_category` [ RunTime:0.001275s ]
[2024-05-04T16:23:27+08:00][sql] SELECT * FROM `jm_category` WHERE  `id` = 79 LIMIT 1 [ RunTime:0.000519s ]
[2024-05-04T16:23:27+08:00][sql] SELECT * FROM `jm_category` WHERE  `id` = 74 LIMIT 1 [ RunTime:0.000280s ]
[2024-05-04T16:23:27+08:00][sql] SHOW FULL COLUMNS FROM `jm_ad_index` [ RunTime:0.001138s ]
[2024-05-04T16:23:27+08:00][sql] SELECT * FROM `jm_ad_index` WHERE  `g_id` = 74 LIMIT 1 [ RunTime:0.000461s ]
[2024-05-04T16:23:27+08:00][sql] SELECT * FROM `jm_category` WHERE  `pid` = 74 [ RunTime:0.000248s ]
[2024-05-04T16:23:27+08:00][sql] SELECT * FROM `jm_news_index` WHERE  `c_id` = 79  AND `id` > 174  AND `status` = 1 LIMIT 1 [ RunTime:0.000320s ]
[2024-05-04T16:23:27+08:00][sql] SELECT * FROM `jm_news_index` WHERE  `c_id` = 79  AND `id` < 174  AND `status` = 1 LIMIT 1 [ RunTime:0.000342s ]
[2024-05-04T19:32:41+08:00][sql] CONNECT:[ UseTime:0.001170s ] mysql:host=127.0.0.1;port=3306;dbname=www_fsqf_com;charset=utf8
[2024-05-04T19:32:41+08:00][sql] SHOW FULL COLUMNS FROM `jm_nav` [ RunTime:0.003356s ]
[2024-05-04T19:32:41+08:00][sql] SELECT * FROM `jm_nav` ORDER BY `sort` ASC [ RunTime:0.001379s ]
[2024-05-04T19:32:41+08:00][sql] SHOW FULL COLUMNS FROM `jm_browse_index` [ RunTime:0.002396s ]
[2024-05-04T19:32:41+08:00][sql] SELECT * FROM `jm_browse_index` WHERE  `ip` = '154.91.64.33' ORDER BY `id` DESC LIMIT 1 [ RunTime:0.000819s ]
[2024-05-04T19:32:41+08:00][sql] SHOW FULL COLUMNS FROM `jm_news_index` [ RunTime:0.001618s ]
[2024-05-04T19:32:41+08:00][sql] SELECT * FROM `jm_news_index` WHERE  `c_id` = 78  AND `status` = 1 ORDER BY `create_time` DESC LIMIT 5 [ RunTime:0.000865s ]
[2024-05-04T19:32:41+08:00][sql] SELECT * FROM `jm_news_index` WHERE  `c_id` = 79  AND `status` = 1 ORDER BY `create_time` DESC LIMIT 5 [ RunTime:0.000699s ]
[2024-05-04T19:32:41+08:00][sql] SELECT * FROM `jm_news_index` WHERE  `c_id` = 77  AND `status` = 1 ORDER BY `create_time` DESC LIMIT 5 [ RunTime:0.000678s ]
[2024-05-04T20:35:43+08:00][sql] CONNECT:[ UseTime:0.000680s ] mysql:host=127.0.0.1;port=3306;dbname=www_fsqf_com;charset=utf8
[2024-05-04T20:35:43+08:00][sql] SHOW FULL COLUMNS FROM `jm_nav` [ RunTime:0.002089s ]
[2024-05-04T20:35:43+08:00][sql] SELECT * FROM `jm_nav` ORDER BY `sort` ASC [ RunTime:0.000681s ]
[2024-05-04T20:35:43+08:00][sql] SHOW FULL COLUMNS FROM `jm_browse_index` [ RunTime:0.001444s ]
[2024-05-04T20:35:43+08:00][sql] SELECT * FROM `jm_browse_index` WHERE  `ip` = '140.250.144.125' ORDER BY `id` DESC LIMIT 1 [ RunTime:0.004844s ]
[2024-05-04T20:35:43+08:00][sql] INSERT INTO `jm_browse_index` SET `cid` = 0 , `url` = '/' , `ip` = '140.250.144.125' , `mark` = 'b1702ecfc02a86c40e906159136da1f0' , `user_agent` = 'Mozilla/5.0 (Windows NT 6.3) AppleWebKit/537.36 (KHTML, like Gecko) Chrome/79.0.3202.44 Safari/537.36' , `create_time` = '2024-05-04 20:35:43.243479' [ RunTime:0.000439s ]
[2024-05-04T20:35:43+08:00][sql] SHOW FULL COLUMNS FROM `jm_news_index` [ RunTime:0.001573s ]
[2024-05-04T20:35:43+08:00][sql] SELECT * FROM `jm_news_index` WHERE  `c_id` = 78  AND `status` = 1 ORDER BY `create_time` DESC LIMIT 5 [ RunTime:0.000886s ]
[2024-05-04T20:35:43+08:00][sql] SELECT * FROM `jm_news_index` WHERE  `c_id` = 79  AND `status` = 1 ORDER BY `create_time` DESC LIMIT 5 [ RunTime:0.000809s ]
[2024-05-04T20:35:43+08:00][sql] SELECT * FROM `jm_news_index` WHERE  `c_id` = 77  AND `status` = 1 ORDER BY `create_time` DESC LIMIT 5 [ RunTime:0.000653s ]
