[2024-05-06T01:12:10+08:00][sql] CONNECT:[ UseTime:0.001245s ] mysql:host=127.0.0.1;port=3306;dbname=www_fsqf_com;charset=utf8
[2024-05-06T01:12:10+08:00][sql] SHOW FULL COLUMNS FROM `jm_nav` [ RunTime:0.002477s ]
[2024-05-06T01:12:10+08:00][sql] SELECT * FROM `jm_nav` ORDER BY `sort` ASC [ RunTime:0.000878s ]
[2024-05-06T01:12:10+08:00][sql] SHOW FULL COLUMNS FROM `jm_browse_index` [ RunTime:0.001737s ]
[2024-05-06T01:12:10+08:00][sql] SHOW FULL COLUMNS FROM `jm_news_index` [ RunTime:0.001921s ]
[2024-05-06T01:12:10+08:00][sql] SELECT `c_id` FROM `jm_news_index` WHERE  `id` = 174 LIMIT 1 [ RunTime:0.000707s ]
[2024-05-06T01:12:10+08:00][sql] SELECT * FROM `jm_browse_index` WHERE  `ip` = '101.67.49.143' ORDER BY `id` DESC LIMIT 1 [ RunTime:0.005724s ]
[2024-05-06T01:12:10+08:00][sql] INSERT INTO `jm_browse_index` SET `cid` = 79 , `url` = '/show/174.html' , `ip` = '101.67.49.143' , `mark` = '44eaed33ed7961c63fa578745cb3ae5b' , `user_agent` = 'Mozilla/5.0 (Windows NT 6.1; Win64; x64) AppleWebKit/537.36 (KHTML, like Gecko) Chrome/69.0.3497.81 YisouSpider/5.0 Safari/537.36' , `create_time` = '2024-05-06 01:12:10.739270' [ RunTime:0.000559s ]
[2024-05-06T01:12:10+08:00][sql] SELECT * FROM `jm_news_index` WHERE  `id` = 174 LIMIT 1 [ RunTime:0.000486s ]
[2024-05-06T01:12:10+08:00][sql] SHOW FULL COLUMNS FROM `jm_category` [ RunTime:0.001573s ]
[2024-05-06T01:12:10+08:00][sql] SELECT * FROM `jm_category` WHERE  `id` = 79 LIMIT 1 [ RunTime:0.000560s ]
[2024-05-06T01:12:10+08:00][sql] SELECT * FROM `jm_category` WHERE  `id` = 74 LIMIT 1 [ RunTime:0.000330s ]
[2024-05-06T01:12:10+08:00][sql] SHOW FULL COLUMNS FROM `jm_ad_index` [ RunTime:0.002098s ]
[2024-05-06T01:12:10+08:00][sql] SELECT * FROM `jm_ad_index` WHERE  `g_id` = 74 LIMIT 1 [ RunTime:0.000728s ]
[2024-05-06T01:12:10+08:00][sql] SELECT * FROM `jm_category` WHERE  `pid` = 74 [ RunTime:0.000406s ]
[2024-05-06T01:12:10+08:00][sql] SELECT * FROM `jm_news_index` WHERE  `c_id` = 79  AND `id` > 174  AND `status` = 1 LIMIT 1 [ RunTime:0.000591s ]
[2024-05-06T01:12:10+08:00][sql] SELECT * FROM `jm_news_index` WHERE  `c_id` = 79  AND `id` < 174  AND `status` = 1 LIMIT 1 [ RunTime:0.000535s ]
[2024-05-06T01:17:09+08:00][sql] CONNECT:[ UseTime:0.001159s ] mysql:host=127.0.0.1;port=3306;dbname=www_fsqf_com;charset=utf8
[2024-05-06T01:17:09+08:00][sql] SHOW FULL COLUMNS FROM `jm_nav` [ RunTime:0.003199s ]
[2024-05-06T01:17:09+08:00][sql] SELECT * FROM `jm_nav` ORDER BY `sort` ASC [ RunTime:0.000700s ]
[2024-05-06T01:17:09+08:00][sql] SHOW FULL COLUMNS FROM `jm_browse_index` [ RunTime:0.002113s ]
[2024-05-06T01:17:09+08:00][sql] SELECT * FROM `jm_browse_index` WHERE  `ip` = '39.173.107.55' ORDER BY `id` DESC LIMIT 1 [ RunTime:0.001950s ]
[2024-05-06T01:17:09+08:00][sql] INSERT INTO `jm_browse_index` SET `cid` = 74 , `url` = '/list/74.html?page=3' , `ip` = '39.173.107.55' , `mark` = 'ee43bcc91d52a6d1dc89f4107b482128' , `user_agent` = 'Mozilla/5.0 (Windows NT 6.1; Win64; x64) AppleWebKit/537.36 (KHTML, like Gecko) Chrome/69.0.3497.81 YisouSpider/5.0 Safari/537.36' , `create_time` = '2024-05-06 01:17:09.540281' [ RunTime:0.000521s ]
[2024-05-06T01:17:09+08:00][sql] SHOW FULL COLUMNS FROM `jm_category` [ RunTime:0.001880s ]
[2024-05-06T01:17:09+08:00][sql] SELECT `pid` FROM `jm_category` WHERE  `id` = 74 LIMIT 1 [ RunTime:0.000635s ]
[2024-05-06T01:17:09+08:00][sql] SELECT `id` FROM `jm_category` WHERE  `pid` = 74 [ RunTime:0.000552s ]
[2024-05-06T01:17:09+08:00][sql] SHOW FULL COLUMNS FROM `jm_news_index` [ RunTime:0.003499s ]
[2024-05-06T01:17:09+08:00][sql] SELECT COUNT(*) AS think_count FROM `jm_news_index` WHERE  `status` = 1  AND `c_id` IN (77,78,79) LIMIT 1 [ RunTime:0.001030s ]
[2024-05-06T01:17:09+08:00][sql] SELECT * FROM `jm_news_index` WHERE  `status` = 1  AND `c_id` IN (77,78,79) ORDER BY `create_time` DESC LIMIT 10,5 [ RunTime:0.001284s ]
[2024-05-06T01:17:09+08:00][sql] SELECT * FROM `jm_category` WHERE  `id` = 74 LIMIT 1 [ RunTime:0.000625s ]
[2024-05-06T01:17:09+08:00][sql] SELECT * FROM `jm_category` WHERE  `id` = 0 LIMIT 1 [ RunTime:0.000643s ]
[2024-05-06T01:17:09+08:00][sql] SHOW FULL COLUMNS FROM `jm_ad_index` [ RunTime:0.001316s ]
[2024-05-06T01:17:09+08:00][sql] SELECT * FROM `jm_ad_index` WHERE  `g_id` = 74 LIMIT 1 [ RunTime:0.000450s ]
[2024-05-06T01:17:09+08:00][sql] SELECT * FROM `jm_category` WHERE  `pid` = 74 ORDER BY `sort` ASC [ RunTime:0.000352s ]
[2024-05-06T03:08:07+08:00][sql] CONNECT:[ UseTime:0.000847s ] mysql:host=127.0.0.1;port=3306;dbname=www_fsqf_com;charset=utf8
[2024-05-06T03:08:07+08:00][sql] SHOW FULL COLUMNS FROM `jm_nav` [ RunTime:0.001556s ]
[2024-05-06T03:08:07+08:00][sql] SELECT * FROM `jm_nav` ORDER BY `sort` ASC [ RunTime:0.000647s ]
[2024-05-06T03:08:07+08:00][sql] SHOW FULL COLUMNS FROM `jm_browse_index` [ RunTime:0.001247s ]
[2024-05-06T03:08:07+08:00][sql] SELECT * FROM `jm_browse_index` WHERE  `ip` = '1.94.132.176' ORDER BY `id` DESC LIMIT 1 [ RunTime:0.000719s ]
[2024-05-06T03:08:07+08:00][sql] INSERT INTO `jm_browse_index` SET `cid` = 0 , `url` = '/' , `ip` = '1.94.132.176' , `mark` = 'f1180167ed692d785d90d7393d472f75' , `user_agent` = 'Mozilla/5.0 (Windows NT 8.6; Win64; x64) AppleWebKit/537.36 (KHTML, like Gecko) Chrome/77.0.1254.88 Safari/537.36' , `create_time` = '2024-05-06 03:08:07.906041' [ RunTime:0.000412s ]
[2024-05-06T03:08:07+08:00][sql] SHOW FULL COLUMNS FROM `jm_news_index` [ RunTime:0.001694s ]
[2024-05-06T03:08:07+08:00][sql] SELECT * FROM `jm_news_index` WHERE  `c_id` = 78  AND `status` = 1 ORDER BY `create_time` DESC LIMIT 5 [ RunTime:0.000771s ]
[2024-05-06T03:08:07+08:00][sql] SELECT * FROM `jm_news_index` WHERE  `c_id` = 79  AND `status` = 1 ORDER BY `create_time` DESC LIMIT 5 [ RunTime:0.000584s ]
[2024-05-06T03:08:07+08:00][sql] SELECT * FROM `jm_news_index` WHERE  `c_id` = 77  AND `status` = 1 ORDER BY `create_time` DESC LIMIT 5 [ RunTime:0.000644s ]
[2024-05-06T03:08:08+08:00][sql] CONNECT:[ UseTime:0.001214s ] mysql:host=127.0.0.1;port=3306;dbname=www_fsqf_com;charset=utf8
[2024-05-06T03:08:08+08:00][sql] SHOW FULL COLUMNS FROM `jm_nav` [ RunTime:0.003906s ]
[2024-05-06T03:08:08+08:00][sql] SELECT * FROM `jm_nav` ORDER BY `sort` ASC [ RunTime:0.001032s ]
[2024-05-06T03:08:08+08:00][sql] SHOW FULL COLUMNS FROM `jm_browse_index` [ RunTime:0.001405s ]
[2024-05-06T03:08:08+08:00][sql] SELECT * FROM `jm_browse_index` WHERE  `ip` = '1.94.132.176' ORDER BY `id` DESC LIMIT 1 [ RunTime:0.000504s ]
[2024-05-06T03:08:08+08:00][sql] INSERT INTO `jm_browse_index` SET `cid` = 0 , `url` = '/page/2.html' , `ip` = '1.94.132.176' , `mark` = '69791c54205c4e3b5788159593f4bdd0' , `user_agent` = 'Mozilla/5.0 (Windows NT 5.4; Win64; x64) AppleWebKit/537.36 (KHTML, like Gecko) Chrome/70.0.2639.88 Safari/537.36' , `create_time` = '2024-05-06 03:08:08.031457' [ RunTime:0.000441s ]
[2024-05-06T03:08:08+08:00][sql] SHOW FULL COLUMNS FROM `jm_page_index` [ RunTime:0.001488s ]
[2024-05-06T03:08:08+08:00][sql] SELECT * FROM `jm_page_index` WHERE  `id` = 2 LIMIT 1 [ RunTime:0.000908s ]
[2024-05-06T03:08:08+08:00][sql] SHOW FULL COLUMNS FROM `jm_category` [ RunTime:0.002089s ]
[2024-05-06T03:08:08+08:00][sql] SELECT * FROM `jm_category` WHERE  `id` = 75 LIMIT 1 [ RunTime:0.000805s ]
[2024-05-06T03:08:08+08:00][sql] SELECT * FROM `jm_category` WHERE  `id` = 0 LIMIT 1 [ RunTime:0.000451s ]
[2024-05-06T03:08:08+08:00][sql] SHOW FULL COLUMNS FROM `jm_ad_index` [ RunTime:0.001891s ]
[2024-05-06T03:08:08+08:00][sql] SELECT * FROM `jm_ad_index` WHERE  `g_id` = 75 LIMIT 1 [ RunTime:0.000758s ]
[2024-05-06T03:08:08+08:00][sql] SELECT `id` FROM `jm_page_index` WHERE  `c_id` = 75 LIMIT 1 [ RunTime:0.000452s ]
[2024-05-06T03:08:08+08:00][sql] SELECT * FROM `jm_category` WHERE  `pid` = 75 [ RunTime:0.000467s ]
[2024-05-06T03:08:08+08:00][sql] SELECT * FROM `jm_page_index` WHERE  `c_id` = 76 ORDER BY `sort` ASC [ RunTime:0.000519s ]
[2024-05-06T03:11:09+08:00][sql] CONNECT:[ UseTime:0.001221s ] mysql:host=127.0.0.1;port=3306;dbname=www_fsqf_com;charset=utf8
[2024-05-06T03:11:09+08:00][sql] SHOW FULL COLUMNS FROM `jm_nav` [ RunTime:0.003736s ]
[2024-05-06T03:11:09+08:00][sql] SELECT * FROM `jm_nav` ORDER BY `sort` ASC [ RunTime:0.000761s ]
[2024-05-06T03:11:09+08:00][sql] SHOW FULL COLUMNS FROM `jm_browse_index` [ RunTime:0.001866s ]
[2024-05-06T03:11:09+08:00][sql] SELECT * FROM `jm_browse_index` WHERE  `ip` = '1.94.132.176' ORDER BY `id` DESC LIMIT 1 [ RunTime:0.000629s ]
[2024-05-06T03:11:09+08:00][sql] INSERT INTO `jm_browse_index` SET `cid` = 0 , `url` = '/' , `ip` = '1.94.132.176' , `mark` = '353585b87ded136b401658f303b5b73c' , `user_agent` = 'Mozilla/5.0 (Windows NT 7.2; Win64; x64) AppleWebKit/537.36 (KHTML, like Gecko) Chrome/77.0.3628.88 Safari/537.36' , `create_time` = '2024-05-06 03:11:09.197853' [ RunTime:0.000584s ]
[2024-05-06T03:11:09+08:00][sql] SHOW FULL COLUMNS FROM `jm_news_index` [ RunTime:0.002343s ]
[2024-05-06T03:11:09+08:00][sql] SELECT * FROM `jm_news_index` WHERE  `c_id` = 78  AND `status` = 1 ORDER BY `create_time` DESC LIMIT 5 [ RunTime:0.000754s ]
[2024-05-06T03:11:09+08:00][sql] SELECT * FROM `jm_news_index` WHERE  `c_id` = 79  AND `status` = 1 ORDER BY `create_time` DESC LIMIT 5 [ RunTime:0.000929s ]
[2024-05-06T03:11:09+08:00][sql] SELECT * FROM `jm_news_index` WHERE  `c_id` = 77  AND `status` = 1 ORDER BY `create_time` DESC LIMIT 5 [ RunTime:0.000705s ]
[2024-05-06T03:11:09+08:00][sql] CONNECT:[ UseTime:0.001277s ] mysql:host=127.0.0.1;port=3306;dbname=www_fsqf_com;charset=utf8
[2024-05-06T03:11:09+08:00][sql] SHOW FULL COLUMNS FROM `jm_nav` [ RunTime:0.003631s ]
[2024-05-06T03:11:09+08:00][sql] SELECT * FROM `jm_nav` ORDER BY `sort` ASC [ RunTime:0.000792s ]
[2024-05-06T03:11:09+08:00][sql] SHOW FULL COLUMNS FROM `jm_browse_index` [ RunTime:0.002165s ]
[2024-05-06T03:11:09+08:00][sql] SELECT * FROM `jm_browse_index` WHERE  `ip` = '1.94.132.176' ORDER BY `id` DESC LIMIT 1 [ RunTime:0.000498s ]
[2024-05-06T03:11:09+08:00][sql] INSERT INTO `jm_browse_index` SET `cid` = 0 , `url` = '/page/2.html' , `ip` = '1.94.132.176' , `mark` = '74f6868c77eb66f84dab654f467b13a1' , `user_agent` = 'Mozilla/5.0 (Windows NT 10.8; Win64; x64) AppleWebKit/537.36 (KHTML, like Gecko) Chrome/78.0.3183.88 Safari/537.36' , `create_time` = '2024-05-06 03:11:09.321604' [ RunTime:0.000516s ]
[2024-05-06T03:11:09+08:00][sql] SHOW FULL COLUMNS FROM `jm_page_index` [ RunTime:0.002466s ]
[2024-05-06T03:11:09+08:00][sql] SELECT * FROM `jm_page_index` WHERE  `id` = 2 LIMIT 1 [ RunTime:0.000900s ]
[2024-05-06T03:11:09+08:00][sql] SHOW FULL COLUMNS FROM `jm_category` [ RunTime:0.003364s ]
[2024-05-06T03:11:09+08:00][sql] SELECT * FROM `jm_category` WHERE  `id` = 75 LIMIT 1 [ RunTime:0.000806s ]
[2024-05-06T03:11:09+08:00][sql] SELECT * FROM `jm_category` WHERE  `id` = 0 LIMIT 1 [ RunTime:0.000605s ]
[2024-05-06T03:11:09+08:00][sql] SHOW FULL COLUMNS FROM `jm_ad_index` [ RunTime:0.003362s ]
[2024-05-06T03:11:09+08:00][sql] SELECT * FROM `jm_ad_index` WHERE  `g_id` = 75 LIMIT 1 [ RunTime:0.000591s ]
[2024-05-06T03:11:09+08:00][sql] SELECT `id` FROM `jm_page_index` WHERE  `c_id` = 75 LIMIT 1 [ RunTime:0.000476s ]
[2024-05-06T03:11:09+08:00][sql] SELECT * FROM `jm_category` WHERE  `pid` = 75 [ RunTime:0.000273s ]
[2024-05-06T03:11:09+08:00][sql] SELECT * FROM `jm_page_index` WHERE  `c_id` = 76 ORDER BY `sort` ASC [ RunTime:0.000295s ]
[2024-05-06T05:54:34+08:00][sql] CONNECT:[ UseTime:0.000912s ] mysql:host=127.0.0.1;port=3306;dbname=www_fsqf_com;charset=utf8
[2024-05-06T05:54:34+08:00][sql] SHOW FULL COLUMNS FROM `jm_nav` [ RunTime:0.002987s ]
[2024-05-06T05:54:34+08:00][sql] SELECT * FROM `jm_nav` ORDER BY `sort` ASC [ RunTime:0.001080s ]
[2024-05-06T05:54:34+08:00][sql] SHOW FULL COLUMNS FROM `jm_browse_index` [ RunTime:0.002792s ]
[2024-05-06T05:54:34+08:00][sql] SHOW FULL COLUMNS FROM `jm_news_index` [ RunTime:0.002972s ]
[2024-05-06T05:54:34+08:00][sql] SELECT `c_id` FROM `jm_news_index` WHERE  `id` = 171 LIMIT 1 [ RunTime:0.001012s ]
[2024-05-06T05:54:34+08:00][sql] SELECT * FROM `jm_browse_index` WHERE  `ip` = '66.249.74.78' ORDER BY `id` DESC LIMIT 1 [ RunTime:0.000946s ]
[2024-05-06T05:54:34+08:00][sql] INSERT INTO `jm_browse_index` SET `cid` = 79 , `url` = '/show/171.html' , `ip` = '66.249.74.78' , `mark` = '0973aedc8f28118fd5c516a6f0600381' , `user_agent` = 'Mozilla/5.0 (Linux; Android 6.0.1; Nexus 5X Build/MMB29P) AppleWebKit/537.36 (KHTML, like Gecko) Chrome/124.0.6367.118 Mobile Safari/537.36 (compatible; GoogleOther)' , `create_time` = '2024-05-06 05:54:34.289593' [ RunTime:0.000406s ]
[2024-05-06T05:54:34+08:00][sql] SELECT * FROM `jm_news_index` WHERE  `id` = 171 LIMIT 1 [ RunTime:0.000648s ]
[2024-05-06T05:54:34+08:00][sql] SHOW FULL COLUMNS FROM `jm_category` [ RunTime:0.001952s ]
[2024-05-06T05:54:34+08:00][sql] SELECT * FROM `jm_category` WHERE  `id` = 79 LIMIT 1 [ RunTime:0.000741s ]
[2024-05-06T05:54:34+08:00][sql] SELECT * FROM `jm_category` WHERE  `id` = 74 LIMIT 1 [ RunTime:0.000448s ]
[2024-05-06T05:54:34+08:00][sql] SHOW FULL COLUMNS FROM `jm_ad_index` [ RunTime:0.001599s ]
[2024-05-06T05:54:34+08:00][sql] SELECT * FROM `jm_ad_index` WHERE  `g_id` = 74 LIMIT 1 [ RunTime:0.000765s ]
[2024-05-06T05:54:34+08:00][sql] SELECT * FROM `jm_category` WHERE  `pid` = 74 [ RunTime:0.000296s ]
[2024-05-06T05:54:34+08:00][sql] SELECT * FROM `jm_news_index` WHERE  `c_id` = 79  AND `id` > 171  AND `status` = 1 LIMIT 1 [ RunTime:0.000518s ]
[2024-05-06T05:54:34+08:00][sql] SELECT * FROM `jm_news_index` WHERE  `c_id` = 79  AND `id` < 171  AND `status` = 1 LIMIT 1 [ RunTime:0.000362s ]
[2024-05-06T06:09:33+08:00][sql] CONNECT:[ UseTime:0.001444s ] mysql:host=127.0.0.1;port=3306;dbname=www_fsqf_com;charset=utf8
[2024-05-06T06:09:33+08:00][sql] SHOW FULL COLUMNS FROM `jm_nav` [ RunTime:0.003647s ]
[2024-05-06T06:09:33+08:00][sql] SELECT * FROM `jm_nav` ORDER BY `sort` ASC [ RunTime:0.001609s ]
[2024-05-06T06:09:33+08:00][sql] SHOW FULL COLUMNS FROM `jm_browse_index` [ RunTime:0.002964s ]
[2024-05-06T06:09:33+08:00][sql] SHOW FULL COLUMNS FROM `jm_news_index` [ RunTime:0.002161s ]
[2024-05-06T06:09:33+08:00][sql] SELECT `c_id` FROM `jm_news_index` WHERE  `id` = 173 LIMIT 1 [ RunTime:0.000779s ]
[2024-05-06T06:09:33+08:00][sql] SELECT * FROM `jm_browse_index` WHERE  `ip` = '66.249.74.76' ORDER BY `id` DESC LIMIT 1 [ RunTime:0.000858s ]
[2024-05-06T06:09:33+08:00][sql] INSERT INTO `jm_browse_index` SET `cid` = 79 , `url` = '/show/173.html' , `ip` = '66.249.74.76' , `mark` = '1bbc1741bcefe93cc1ae3a75d2f12a3a' , `user_agent` = 'Mozilla/5.0 (Linux; Android 6.0.1; Nexus 5X Build/MMB29P) AppleWebKit/537.36 (KHTML, like Gecko) Chrome/124.0.6367.118 Mobile Safari/537.36 (compatible; GoogleOther)' , `create_time` = '2024-05-06 06:09:33.372827' [ RunTime:0.000513s ]
[2024-05-06T06:09:33+08:00][sql] SELECT * FROM `jm_news_index` WHERE  `id` = 173 LIMIT 1 [ RunTime:0.000922s ]
[2024-05-06T06:09:33+08:00][sql] SHOW FULL COLUMNS FROM `jm_category` [ RunTime:0.002959s ]
[2024-05-06T06:09:33+08:00][sql] SELECT * FROM `jm_category` WHERE  `id` = 79 LIMIT 1 [ RunTime:0.001031s ]
[2024-05-06T06:09:33+08:00][sql] SELECT * FROM `jm_category` WHERE  `id` = 74 LIMIT 1 [ RunTime:0.000653s ]
[2024-05-06T06:09:33+08:00][sql] SHOW FULL COLUMNS FROM `jm_ad_index` [ RunTime:0.003089s ]
[2024-05-06T06:09:33+08:00][sql] SELECT * FROM `jm_ad_index` WHERE  `g_id` = 74 LIMIT 1 [ RunTime:0.000730s ]
[2024-05-06T06:09:33+08:00][sql] SELECT * FROM `jm_category` WHERE  `pid` = 74 [ RunTime:0.000324s ]
[2024-05-06T06:09:33+08:00][sql] SELECT * FROM `jm_news_index` WHERE  `c_id` = 79  AND `id` > 173  AND `status` = 1 LIMIT 1 [ RunTime:0.000415s ]
[2024-05-06T06:09:33+08:00][sql] SELECT * FROM `jm_news_index` WHERE  `c_id` = 79  AND `id` < 173  AND `status` = 1 LIMIT 1 [ RunTime:0.000468s ]
[2024-05-06T06:24:33+08:00][sql] CONNECT:[ UseTime:0.000785s ] mysql:host=127.0.0.1;port=3306;dbname=www_fsqf_com;charset=utf8
[2024-05-06T06:24:33+08:00][sql] SHOW FULL COLUMNS FROM `jm_nav` [ RunTime:0.003893s ]
[2024-05-06T06:24:33+08:00][sql] SELECT * FROM `jm_nav` ORDER BY `sort` ASC [ RunTime:0.001409s ]
[2024-05-06T06:24:33+08:00][sql] SHOW FULL COLUMNS FROM `jm_browse_index` [ RunTime:0.002337s ]
[2024-05-06T06:24:33+08:00][sql] SELECT * FROM `jm_browse_index` WHERE  `ip` = '66.249.74.77' ORDER BY `id` DESC LIMIT 1 [ RunTime:0.006560s ]
[2024-05-06T06:24:33+08:00][sql] INSERT INTO `jm_browse_index` SET `cid` = 0 , `url` = '/page/1.html' , `ip` = '66.249.74.77' , `mark` = '4084663f44e424e669a392fec9667aa6' , `user_agent` = 'Mozilla/5.0 (Linux; Android 6.0.1; Nexus 5X Build/MMB29P) AppleWebKit/537.36 (KHTML, like Gecko) Chrome/124.0.6367.118 Mobile Safari/537.36 (compatible; GoogleOther)' , `create_time` = '2024-05-06 06:24:33.718225' [ RunTime:0.000513s ]
[2024-05-06T06:24:33+08:00][sql] SHOW FULL COLUMNS FROM `jm_page_index` [ RunTime:0.001534s ]
[2024-05-06T06:24:33+08:00][sql] SELECT * FROM `jm_page_index` WHERE  `id` = 1 LIMIT 1 [ RunTime:0.000601s ]
[2024-05-06T06:24:33+08:00][sql] SHOW FULL COLUMNS FROM `jm_category` [ RunTime:0.001292s ]
[2024-05-06T06:24:33+08:00][sql] SELECT * FROM `jm_category` WHERE  `id` = 52 LIMIT 1 [ RunTime:0.000622s ]
[2024-05-06T06:24:33+08:00][sql] SELECT * FROM `jm_category` WHERE  `id` = 0 LIMIT 1 [ RunTime:0.000450s ]
[2024-05-06T06:24:33+08:00][sql] SHOW FULL COLUMNS FROM `jm_ad_index` [ RunTime:0.001654s ]
[2024-05-06T06:24:33+08:00][sql] SELECT * FROM `jm_ad_index` WHERE  `g_id` = 52 LIMIT 1 [ RunTime:0.000757s ]
[2024-05-06T06:24:33+08:00][sql] SELECT `id` FROM `jm_page_index` WHERE  `c_id` = 52 LIMIT 1 [ RunTime:0.000396s ]
[2024-05-06T06:24:33+08:00][sql] SELECT * FROM `jm_category` WHERE  `pid` = 52 [ RunTime:0.000510s ]
[2024-05-06T06:24:33+08:00][sql] SELECT * FROM `jm_page_index` WHERE  `c_id` = 76 ORDER BY `sort` ASC [ RunTime:0.000412s ]
[2024-05-06T07:07:17+08:00][sql] CONNECT:[ UseTime:0.001047s ] mysql:host=127.0.0.1;port=3306;dbname=www_fsqf_com;charset=utf8
[2024-05-06T07:07:17+08:00][sql] SHOW FULL COLUMNS FROM `jm_nav` [ RunTime:0.003478s ]
[2024-05-06T07:07:17+08:00][sql] SELECT * FROM `jm_nav` ORDER BY `sort` ASC [ RunTime:0.001368s ]
[2024-05-06T07:07:17+08:00][sql] SHOW FULL COLUMNS FROM `jm_browse_index` [ RunTime:0.002793s ]
[2024-05-06T07:07:17+08:00][sql] SHOW FULL COLUMNS FROM `jm_news_index` [ RunTime:0.002840s ]
[2024-05-06T07:07:17+08:00][sql] SELECT `c_id` FROM `jm_news_index` WHERE  `id` = 172 LIMIT 1 [ RunTime:0.000925s ]
[2024-05-06T07:07:17+08:00][sql] SELECT * FROM `jm_browse_index` WHERE  `ip` = '160.124.240.197' ORDER BY `id` DESC LIMIT 1 [ RunTime:0.007425s ]
[2024-05-06T07:07:17+08:00][sql] INSERT INTO `jm_browse_index` SET `cid` = 79 , `url` = '//show/172.html' , `ip` = '160.124.240.197' , `mark` = 'e50dfcc464a8b539b514f343bf9a5c2c' , `user_agent` = 'Mozilla/5.0 (Linux;u;Android 4.2.2;zh-cn;) AppleWebKit/534.46 (KHTML,like Gecko)Version/5.1 Mobile Safari/10600.6.3 (compatible; Baiduspider/2.0;+http://www.baidu.com/search/spider.html)' , `create_time` = '2024-05-06 07:07:17.771422' [ RunTime:0.000405s ]
[2024-05-06T07:07:17+08:00][sql] SELECT * FROM `jm_news_index` WHERE  `id` = 172 LIMIT 1 [ RunTime:0.000577s ]
[2024-05-06T07:07:17+08:00][sql] SHOW FULL COLUMNS FROM `jm_category` [ RunTime:0.001785s ]
[2024-05-06T07:07:17+08:00][sql] SELECT * FROM `jm_category` WHERE  `id` = 79 LIMIT 1 [ RunTime:0.000850s ]
[2024-05-06T07:07:17+08:00][sql] SELECT * FROM `jm_category` WHERE  `id` = 74 LIMIT 1 [ RunTime:0.000485s ]
[2024-05-06T07:07:17+08:00][sql] SHOW FULL COLUMNS FROM `jm_ad_index` [ RunTime:0.001745s ]
[2024-05-06T07:07:17+08:00][sql] SELECT * FROM `jm_ad_index` WHERE  `g_id` = 74 LIMIT 1 [ RunTime:0.000693s ]
[2024-05-06T07:07:17+08:00][sql] SELECT * FROM `jm_category` WHERE  `pid` = 74 [ RunTime:0.000339s ]
[2024-05-06T07:07:17+08:00][sql] SELECT * FROM `jm_news_index` WHERE  `c_id` = 79  AND `id` > 172  AND `status` = 1 LIMIT 1 [ RunTime:0.000668s ]
[2024-05-06T07:07:17+08:00][sql] SELECT * FROM `jm_news_index` WHERE  `c_id` = 79  AND `id` < 172  AND `status` = 1 LIMIT 1 [ RunTime:0.000540s ]
[2024-05-06T08:42:35+08:00][sql] CONNECT:[ UseTime:0.000799s ] mysql:host=127.0.0.1;port=3306;dbname=www_fsqf_com;charset=utf8
[2024-05-06T08:42:35+08:00][sql] SHOW FULL COLUMNS FROM `jm_nav` [ RunTime:0.002314s ]
[2024-05-06T08:42:35+08:00][sql] SELECT * FROM `jm_nav` ORDER BY `sort` ASC [ RunTime:0.000812s ]
[2024-05-06T08:42:35+08:00][sql] SHOW FULL COLUMNS FROM `jm_browse_index` [ RunTime:0.002005s ]
[2024-05-06T08:42:35+08:00][sql] SELECT * FROM `jm_browse_index` WHERE  `ip` = '101.67.49.185' ORDER BY `id` DESC LIMIT 1 [ RunTime:0.002761s ]
[2024-05-06T08:42:35+08:00][sql] INSERT INTO `jm_browse_index` SET `cid` = 79 , `url` = '/list/79.html' , `ip` = '101.67.49.185' , `mark` = '1c74c3196d575627df27c08174a9c85f' , `user_agent` = 'Mozilla/5.0 (Windows NT 6.1; Win64; x64) AppleWebKit/537.36 (KHTML, like Gecko) Chrome/69.0.3497.81 YisouSpider/5.0 Safari/537.36' , `create_time` = '2024-05-06 08:42:35.930795' [ RunTime:0.000346s ]
[2024-05-06T08:42:35+08:00][sql] SHOW FULL COLUMNS FROM `jm_category` [ RunTime:0.002023s ]
[2024-05-06T08:42:35+08:00][sql] SELECT `pid` FROM `jm_category` WHERE  `id` = 79 LIMIT 1 [ RunTime:0.000833s ]
[2024-05-06T08:42:35+08:00][sql] SHOW FULL COLUMNS FROM `jm_news_index` [ RunTime:0.002154s ]
[2024-05-06T08:42:35+08:00][sql] SELECT COUNT(*) AS think_count FROM `jm_news_index` WHERE  `status` = 1  AND `c_id` = 79 LIMIT 1 [ RunTime:0.001014s ]
[2024-05-06T08:42:35+08:00][sql] SELECT * FROM `jm_news_index` WHERE  `status` = 1  AND `c_id` = 79 ORDER BY `create_time` DESC LIMIT 0,5 [ RunTime:0.000966s ]
[2024-05-06T08:42:35+08:00][sql] SELECT * FROM `jm_category` WHERE  `id` = 79 LIMIT 1 [ RunTime:0.000486s ]
[2024-05-06T08:42:35+08:00][sql] SELECT * FROM `jm_category` WHERE  `id` = 74 LIMIT 1 [ RunTime:0.000405s ]
[2024-05-06T08:42:35+08:00][sql] SHOW FULL COLUMNS FROM `jm_ad_index` [ RunTime:0.001948s ]
[2024-05-06T08:42:35+08:00][sql] SELECT * FROM `jm_ad_index` WHERE  `g_id` = 74 LIMIT 1 [ RunTime:0.000855s ]
[2024-05-06T08:42:35+08:00][sql] SELECT * FROM `jm_category` WHERE  `pid` = 74 ORDER BY `sort` ASC [ RunTime:0.000608s ]
[2024-05-06T11:33:58+08:00][sql] CONNECT:[ UseTime:0.000843s ] mysql:host=127.0.0.1;port=3306;dbname=www_fsqf_com;charset=utf8
[2024-05-06T11:33:58+08:00][sql] SHOW FULL COLUMNS FROM `jm_nav` [ RunTime:0.001850s ]
[2024-05-06T11:33:58+08:00][sql] SELECT * FROM `jm_nav` ORDER BY `sort` ASC [ RunTime:0.001296s ]
[2024-05-06T11:33:58+08:00][sql] SHOW FULL COLUMNS FROM `jm_browse_index` [ RunTime:0.003279s ]
[2024-05-06T11:33:58+08:00][sql] SELECT * FROM `jm_browse_index` WHERE  `ip` = '61.155.157.25' ORDER BY `id` DESC LIMIT 1 [ RunTime:0.003523s ]
[2024-05-06T11:33:58+08:00][sql] SHOW FULL COLUMNS FROM `jm_news_index` [ RunTime:0.001652s ]
[2024-05-06T11:33:58+08:00][sql] SELECT * FROM `jm_news_index` WHERE  `c_id` = 78  AND `status` = 1 ORDER BY `create_time` DESC LIMIT 5 [ RunTime:0.000859s ]
[2024-05-06T11:33:58+08:00][sql] SELECT * FROM `jm_news_index` WHERE  `c_id` = 79  AND `status` = 1 ORDER BY `create_time` DESC LIMIT 5 [ RunTime:0.000634s ]
[2024-05-06T11:33:58+08:00][sql] SELECT * FROM `jm_news_index` WHERE  `c_id` = 77  AND `status` = 1 ORDER BY `create_time` DESC LIMIT 5 [ RunTime:0.000642s ]
[2024-05-06T13:19:08+08:00][sql] CONNECT:[ UseTime:0.000762s ] mysql:host=127.0.0.1;port=3306;dbname=www_fsqf_com;charset=utf8
[2024-05-06T13:19:08+08:00][sql] SHOW FULL COLUMNS FROM `jm_nav` [ RunTime:0.001700s ]
[2024-05-06T13:19:08+08:00][sql] SELECT * FROM `jm_nav` ORDER BY `sort` ASC [ RunTime:0.000772s ]
[2024-05-06T13:19:08+08:00][sql] SHOW FULL COLUMNS FROM `jm_browse_index` [ RunTime:0.001329s ]
[2024-05-06T13:19:08+08:00][sql] SHOW FULL COLUMNS FROM `jm_news_index` [ RunTime:0.001340s ]
[2024-05-06T13:19:08+08:00][sql] SELECT `c_id` FROM `jm_news_index` WHERE  `id` = 167 LIMIT 1 [ RunTime:0.000524s ]
[2024-05-06T13:19:08+08:00][sql] SELECT * FROM `jm_browse_index` WHERE  `ip` = '39.173.107.81' ORDER BY `id` DESC LIMIT 1 [ RunTime:0.003261s ]
[2024-05-06T13:19:08+08:00][sql] INSERT INTO `jm_browse_index` SET `cid` = 77 , `url` = '/show/167.html' , `ip` = '39.173.107.81' , `mark` = '954dd49abb2963cbf63b6dc550f5907e' , `user_agent` = 'Mozilla/5.0 (Windows NT 6.1; Win64; x64) AppleWebKit/537.36 (KHTML, like Gecko) Chrome/69.0.3497.81 YisouSpider/5.0 Safari/537.36' , `create_time` = '2024-05-06 13:19:08.854000' [ RunTime:0.000360s ]
[2024-05-06T13:19:08+08:00][sql] SELECT * FROM `jm_news_index` WHERE  `id` = 167 LIMIT 1 [ RunTime:0.000468s ]
[2024-05-06T13:19:08+08:00][sql] SHOW FULL COLUMNS FROM `jm_category` [ RunTime:0.002090s ]
[2024-05-06T13:19:08+08:00][sql] SELECT * FROM `jm_category` WHERE  `id` = 77 LIMIT 1 [ RunTime:0.000678s ]
[2024-05-06T13:19:08+08:00][sql] SELECT * FROM `jm_category` WHERE  `id` = 74 LIMIT 1 [ RunTime:0.000414s ]
[2024-05-06T13:19:08+08:00][sql] SHOW FULL COLUMNS FROM `jm_ad_index` [ RunTime:0.001343s ]
[2024-05-06T13:19:08+08:00][sql] SELECT * FROM `jm_ad_index` WHERE  `g_id` = 74 LIMIT 1 [ RunTime:0.000564s ]
[2024-05-06T13:19:08+08:00][sql] SELECT * FROM `jm_category` WHERE  `pid` = 74 [ RunTime:0.000321s ]
[2024-05-06T13:19:08+08:00][sql] SELECT * FROM `jm_news_index` WHERE  `c_id` = 77  AND `id` > 167  AND `status` = 1 LIMIT 1 [ RunTime:0.000404s ]
[2024-05-06T13:19:08+08:00][sql] SELECT * FROM `jm_news_index` WHERE  `c_id` = 77  AND `id` < 167  AND `status` = 1 LIMIT 1 [ RunTime:0.000435s ]
[2024-05-06T15:32:34+08:00][sql] CONNECT:[ UseTime:0.001694s ] mysql:host=127.0.0.1;port=3306;dbname=www_fsqf_com;charset=utf8
[2024-05-06T15:32:34+08:00][sql] SHOW FULL COLUMNS FROM `jm_nav` [ RunTime:0.005933s ]
[2024-05-06T15:32:34+08:00][sql] SELECT * FROM `jm_nav` ORDER BY `sort` ASC [ RunTime:0.001240s ]
[2024-05-06T15:32:34+08:00][sql] SHOW FULL COLUMNS FROM `jm_browse_index` [ RunTime:0.002284s ]
[2024-05-06T15:32:34+08:00][sql] SELECT * FROM `jm_browse_index` WHERE  `ip` = '106.7.234.170' ORDER BY `id` DESC LIMIT 1 [ RunTime:0.009742s ]
[2024-05-06T15:32:34+08:00][sql] INSERT INTO `jm_browse_index` SET `cid` = 0 , `url` = '/' , `ip` = '106.7.234.170' , `mark` = '06f483b31f98fd52609aedb5b592f464' , `user_agent` = 'Mozilla/5.0 (Windows NT 10.0; Win64; x64) AppleWebKit/537.36 (KHTML, like Gecko) Chrome/114.0.5735.289 Safari/537.36' , `create_time` = '2024-05-06 15:32:34.787028' [ RunTime:0.000649s ]
[2024-05-06T15:32:34+08:00][sql] SHOW FULL COLUMNS FROM `jm_news_index` [ RunTime:0.002675s ]
[2024-05-06T15:32:34+08:00][sql] SELECT * FROM `jm_news_index` WHERE  `c_id` = 78  AND `status` = 1 ORDER BY `create_time` DESC LIMIT 5 [ RunTime:0.001164s ]
[2024-05-06T15:32:34+08:00][sql] SELECT * FROM `jm_news_index` WHERE  `c_id` = 79  AND `status` = 1 ORDER BY `create_time` DESC LIMIT 5 [ RunTime:0.000802s ]
[2024-05-06T15:32:34+08:00][sql] SELECT * FROM `jm_news_index` WHERE  `c_id` = 77  AND `status` = 1 ORDER BY `create_time` DESC LIMIT 5 [ RunTime:0.000768s ]
[2024-05-06T15:32:39+08:00][sql] CONNECT:[ UseTime:0.000685s ] mysql:host=127.0.0.1;port=3306;dbname=www_fsqf_com;charset=utf8
[2024-05-06T15:32:39+08:00][sql] SHOW FULL COLUMNS FROM `jm_nav` [ RunTime:0.004006s ]
[2024-05-06T15:32:39+08:00][sql] SELECT * FROM `jm_nav` ORDER BY `sort` ASC [ RunTime:0.001012s ]
[2024-05-06T15:32:39+08:00][sql] SHOW FULL COLUMNS FROM `jm_browse_index` [ RunTime:0.001692s ]
[2024-05-06T15:32:39+08:00][sql] SELECT * FROM `jm_browse_index` WHERE  `ip` = '106.7.234.170' ORDER BY `id` DESC LIMIT 1 [ RunTime:0.000511s ]
[2024-05-06T15:32:39+08:00][sql] INSERT INTO `jm_browse_index` SET `cid` = 0 , `url` = '/page/2.html' , `ip` = '106.7.234.170' , `mark` = '8723547c8b89ef9739cdc357d2e629ce' , `user_agent` = 'Mozilla/5.0 (Windows NT 10.0; Win64; x64) AppleWebKit/537.36 (KHTML, like Gecko) Chrome/114.0.5735.289 Safari/537.36' , `create_time` = '2024-05-06 15:32:39.288373' [ RunTime:0.000389s ]
[2024-05-06T15:32:39+08:00][sql] SHOW FULL COLUMNS FROM `jm_page_index` [ RunTime:0.003311s ]
[2024-05-06T15:32:39+08:00][sql] SELECT * FROM `jm_page_index` WHERE  `id` = 2 LIMIT 1 [ RunTime:0.000797s ]
[2024-05-06T15:32:39+08:00][sql] SHOW FULL COLUMNS FROM `jm_category` [ RunTime:0.002629s ]
[2024-05-06T15:32:39+08:00][sql] SELECT * FROM `jm_category` WHERE  `id` = 75 LIMIT 1 [ RunTime:0.001164s ]
[2024-05-06T15:32:39+08:00][sql] SELECT * FROM `jm_category` WHERE  `id` = 0 LIMIT 1 [ RunTime:0.000306s ]
[2024-05-06T15:32:39+08:00][sql] SHOW FULL COLUMNS FROM `jm_ad_index` [ RunTime:0.001736s ]
[2024-05-06T15:32:39+08:00][sql] SELECT * FROM `jm_ad_index` WHERE  `g_id` = 75 LIMIT 1 [ RunTime:0.000561s ]
[2024-05-06T15:32:39+08:00][sql] SELECT `id` FROM `jm_page_index` WHERE  `c_id` = 75 LIMIT 1 [ RunTime:0.000313s ]
[2024-05-06T15:32:39+08:00][sql] SELECT * FROM `jm_category` WHERE  `pid` = 75 [ RunTime:0.000334s ]
[2024-05-06T15:32:39+08:00][sql] SELECT * FROM `jm_page_index` WHERE  `c_id` = 76 ORDER BY `sort` ASC [ RunTime:0.000376s ]
[2024-05-06T15:32:50+08:00][sql] CONNECT:[ UseTime:0.001031s ] mysql:host=127.0.0.1;port=3306;dbname=www_fsqf_com;charset=utf8
[2024-05-06T15:32:50+08:00][sql] SHOW FULL COLUMNS FROM `jm_nav` [ RunTime:0.003711s ]
[2024-05-06T15:32:50+08:00][sql] SELECT * FROM `jm_nav` ORDER BY `sort` ASC [ RunTime:0.000890s ]
[2024-05-06T15:32:50+08:00][sql] SHOW FULL COLUMNS FROM `jm_browse_index` [ RunTime:0.002234s ]
[2024-05-06T15:32:50+08:00][sql] SELECT * FROM `jm_browse_index` WHERE  `ip` = '27.115.124.118' ORDER BY `id` DESC LIMIT 1 [ RunTime:0.002718s ]
[2024-05-06T15:32:50+08:00][sql] SHOW FULL COLUMNS FROM `jm_news_index` [ RunTime:0.002188s ]
[2024-05-06T15:32:50+08:00][sql] SELECT * FROM `jm_news_index` WHERE  `c_id` = 78  AND `status` = 1 ORDER BY `create_time` DESC LIMIT 5 [ RunTime:0.000758s ]
[2024-05-06T15:32:50+08:00][sql] SELECT * FROM `jm_news_index` WHERE  `c_id` = 79  AND `status` = 1 ORDER BY `create_time` DESC LIMIT 5 [ RunTime:0.000623s ]
[2024-05-06T15:32:50+08:00][sql] SELECT * FROM `jm_news_index` WHERE  `c_id` = 77  AND `status` = 1 ORDER BY `create_time` DESC LIMIT 5 [ RunTime:0.000540s ]
[2024-05-06T15:32:51+08:00][sql] CONNECT:[ UseTime:0.000799s ] mysql:host=127.0.0.1;port=3306;dbname=www_fsqf_com;charset=utf8
[2024-05-06T15:32:51+08:00][sql] SHOW FULL COLUMNS FROM `jm_nav` [ RunTime:0.002298s ]
[2024-05-06T15:32:51+08:00][sql] SELECT * FROM `jm_nav` ORDER BY `sort` ASC [ RunTime:0.000676s ]
[2024-05-06T15:32:51+08:00][sql] SHOW FULL COLUMNS FROM `jm_browse_index` [ RunTime:0.001809s ]
[2024-05-06T15:32:51+08:00][sql] SELECT * FROM `jm_browse_index` WHERE  `ip` = '27.115.124.70' ORDER BY `id` DESC LIMIT 1 [ RunTime:0.003544s ]
[2024-05-06T15:32:51+08:00][sql] INSERT INTO `jm_browse_index` SET `cid` = 0 , `url` = '/page/2.html' , `ip` = '27.115.124.70' , `mark` = 'f2dce527d566f3e292b59900785057e4' , `user_agent` = 'Mozilla/5.0 (Linux; Android 8.0; Pixel 2 Build/OPD3.170816.012) AppleWebKit/537.36 (KHTML, like Gecko) Chrome/87.0.4280.88 Mobile Safari/537.36' , `create_time` = '2024-05-06 15:32:51.444543' [ RunTime:0.000493s ]
[2024-05-06T15:32:51+08:00][sql] SHOW FULL COLUMNS FROM `jm_page_index` [ RunTime:0.002031s ]
[2024-05-06T15:32:51+08:00][sql] SELECT * FROM `jm_page_index` WHERE  `id` = 2 LIMIT 1 [ RunTime:0.000647s ]
[2024-05-06T15:32:51+08:00][sql] SHOW FULL COLUMNS FROM `jm_category` [ RunTime:0.001870s ]
[2024-05-06T15:32:51+08:00][sql] SELECT * FROM `jm_category` WHERE  `id` = 75 LIMIT 1 [ RunTime:0.000606s ]
[2024-05-06T15:32:51+08:00][sql] SELECT * FROM `jm_category` WHERE  `id` = 0 LIMIT 1 [ RunTime:0.000406s ]
[2024-05-06T15:32:51+08:00][sql] SHOW FULL COLUMNS FROM `jm_ad_index` [ RunTime:0.001592s ]
[2024-05-06T15:32:51+08:00][sql] SELECT * FROM `jm_ad_index` WHERE  `g_id` = 75 LIMIT 1 [ RunTime:0.000517s ]
[2024-05-06T15:32:51+08:00][sql] SELECT `id` FROM `jm_page_index` WHERE  `c_id` = 75 LIMIT 1 [ RunTime:0.000369s ]
[2024-05-06T15:32:51+08:00][sql] SELECT * FROM `jm_category` WHERE  `pid` = 75 [ RunTime:0.000409s ]
[2024-05-06T15:32:51+08:00][sql] SELECT * FROM `jm_page_index` WHERE  `c_id` = 76 ORDER BY `sort` ASC [ RunTime:0.000471s ]
[2024-05-06T15:33:44+08:00][sql] CONNECT:[ UseTime:0.001121s ] mysql:host=127.0.0.1;port=3306;dbname=www_fsqf_com;charset=utf8
[2024-05-06T15:33:44+08:00][sql] SHOW FULL COLUMNS FROM `jm_nav` [ RunTime:0.002966s ]
[2024-05-06T15:33:44+08:00][sql] SELECT * FROM `jm_nav` ORDER BY `sort` ASC [ RunTime:0.001120s ]
[2024-05-06T15:33:44+08:00][sql] SHOW FULL COLUMNS FROM `jm_browse_index` [ RunTime:0.002479s ]
[2024-05-06T15:33:44+08:00][sql] SELECT * FROM `jm_browse_index` WHERE  `ip` = '116.179.32.82' ORDER BY `id` DESC LIMIT 1 [ RunTime:0.006603s ]
[2024-05-06T15:33:44+08:00][sql] INSERT INTO `jm_browse_index` SET `cid` = 0 , `url` = '/' , `ip` = '116.179.32.82' , `mark` = 'b389f8d41fe770e6fae1df6178fde95d' , `user_agent` = 'Mozilla/5.0 (compatible; Baiduspider/2.0; +http://www.baidu.com/search/spider.html)' , `create_time` = '2024-05-06 15:33:44.671959' [ RunTime:0.000629s ]
[2024-05-06T15:33:44+08:00][sql] SHOW FULL COLUMNS FROM `jm_news_index` [ RunTime:0.001733s ]
[2024-05-06T15:33:44+08:00][sql] SELECT * FROM `jm_news_index` WHERE  `c_id` = 78  AND `status` = 1 ORDER BY `create_time` DESC LIMIT 5 [ RunTime:0.001146s ]
[2024-05-06T15:33:44+08:00][sql] SELECT * FROM `jm_news_index` WHERE  `c_id` = 79  AND `status` = 1 ORDER BY `create_time` DESC LIMIT 5 [ RunTime:0.001387s ]
[2024-05-06T15:33:44+08:00][sql] SELECT * FROM `jm_news_index` WHERE  `c_id` = 77  AND `status` = 1 ORDER BY `create_time` DESC LIMIT 5 [ RunTime:0.001179s ]
[2024-05-06T16:13:37+08:00][sql] CONNECT:[ UseTime:0.000927s ] mysql:host=127.0.0.1;port=3306;dbname=www_fsqf_com;charset=utf8
[2024-05-06T16:13:37+08:00][sql] SHOW FULL COLUMNS FROM `jm_nav` [ RunTime:0.002054s ]
[2024-05-06T16:13:37+08:00][sql] SELECT * FROM `jm_nav` ORDER BY `sort` ASC [ RunTime:0.000766s ]
[2024-05-06T16:13:37+08:00][sql] SHOW FULL COLUMNS FROM `jm_browse_index` [ RunTime:0.001771s ]
[2024-05-06T16:13:37+08:00][sql] SELECT * FROM `jm_browse_index` WHERE  `ip` = '101.67.49.29' ORDER BY `id` DESC LIMIT 1 [ RunTime:0.007217s ]
[2024-05-06T16:13:37+08:00][sql] INSERT INTO `jm_browse_index` SET `cid` = 0 , `url` = '/page/10.html' , `ip` = '101.67.49.29' , `mark` = 'eba10b45ab37f37030f5d897a2c25114' , `user_agent` = 'Mozilla/5.0 (Windows NT 6.1; Win64; x64) AppleWebKit/537.36 (KHTML, like Gecko) Chrome/69.0.3497.81 YisouSpider/5.0 Safari/537.36' , `create_time` = '2024-05-06 16:13:37.468568' [ RunTime:0.000432s ]
[2024-05-06T16:13:37+08:00][sql] SHOW FULL COLUMNS FROM `jm_page_index` [ RunTime:0.001800s ]
[2024-05-06T16:13:37+08:00][sql] SELECT * FROM `jm_page_index` WHERE  `id` = 10 LIMIT 1 [ RunTime:0.000688s ]
[2024-05-06T16:13:37+08:00][sql] SHOW FULL COLUMNS FROM `jm_category` [ RunTime:0.001790s ]
[2024-05-06T16:13:37+08:00][sql] SELECT * FROM `jm_category` WHERE  `id` = 76 LIMIT 1 [ RunTime:0.000945s ]
[2024-05-06T16:13:37+08:00][sql] SELECT * FROM `jm_category` WHERE  `id` = 0 LIMIT 1 [ RunTime:0.000418s ]
[2024-05-06T16:13:37+08:00][sql] SHOW FULL COLUMNS FROM `jm_ad_index` [ RunTime:0.001889s ]
[2024-05-06T16:13:37+08:00][sql] SELECT * FROM `jm_ad_index` WHERE  `g_id` = 76 LIMIT 1 [ RunTime:0.001646s ]
[2024-05-06T16:13:37+08:00][sql] SELECT `id` FROM `jm_page_index` WHERE  `c_id` = 76 LIMIT 1 [ RunTime:0.000489s ]
[2024-05-06T16:13:37+08:00][sql] SELECT * FROM `jm_category` WHERE  `pid` = 76 [ RunTime:0.000463s ]
[2024-05-06T16:13:37+08:00][sql] SELECT * FROM `jm_page_index` WHERE  `c_id` = 76 ORDER BY `sort` ASC [ RunTime:0.000421s ]
[2024-05-06T18:33:14+08:00][sql] CONNECT:[ UseTime:0.000991s ] mysql:host=127.0.0.1;port=3306;dbname=www_fsqf_com;charset=utf8
[2024-05-06T18:33:14+08:00][sql] SHOW FULL COLUMNS FROM `jm_nav` [ RunTime:0.003470s ]
[2024-05-06T18:33:14+08:00][sql] SELECT * FROM `jm_nav` ORDER BY `sort` ASC [ RunTime:0.001094s ]
[2024-05-06T18:33:14+08:00][sql] SHOW FULL COLUMNS FROM `jm_browse_index` [ RunTime:0.001856s ]
[2024-05-06T18:33:14+08:00][sql] SHOW FULL COLUMNS FROM `jm_news_index` [ RunTime:0.001555s ]
[2024-05-06T18:33:14+08:00][sql] SELECT `c_id` FROM `jm_news_index` WHERE  `id` = 177 LIMIT 1 [ RunTime:0.000545s ]
[2024-05-06T18:33:14+08:00][sql] SELECT * FROM `jm_browse_index` WHERE  `ip` = '66.249.66.35' ORDER BY `id` DESC LIMIT 1 [ RunTime:0.000554s ]
[2024-05-06T18:33:14+08:00][sql] INSERT INTO `jm_browse_index` SET `cid` = 78 , `url` = '/show/177.html' , `ip` = '66.249.66.35' , `mark` = 'b1dad1812401b45c9bb9d14405ecd025' , `user_agent` = 'Mozilla/5.0 (Linux; Android 6.0.1; Nexus 5X Build/MMB29P) AppleWebKit/537.36 (KHTML, like Gecko) Chrome/124.0.6367.118 Mobile Safari/537.36 (compatible; GoogleOther)' , `create_time` = '2024-05-06 18:33:14.637664' [ RunTime:0.000390s ]
[2024-05-06T18:33:14+08:00][sql] SELECT * FROM `jm_news_index` WHERE  `id` = 177 LIMIT 1 [ RunTime:0.001122s ]
[2024-05-06T18:33:14+08:00][sql] SHOW FULL COLUMNS FROM `jm_category` [ RunTime:0.003046s ]
[2024-05-06T18:33:14+08:00][sql] SELECT * FROM `jm_category` WHERE  `id` = 78 LIMIT 1 [ RunTime:0.001022s ]
[2024-05-06T18:33:14+08:00][sql] SELECT * FROM `jm_category` WHERE  `id` = 74 LIMIT 1 [ RunTime:0.000605s ]
[2024-05-06T18:33:14+08:00][sql] SHOW FULL COLUMNS FROM `jm_ad_index` [ RunTime:0.002439s ]
[2024-05-06T18:33:14+08:00][sql] SELECT * FROM `jm_ad_index` WHERE  `g_id` = 74 LIMIT 1 [ RunTime:0.000796s ]
[2024-05-06T18:33:14+08:00][sql] SELECT * FROM `jm_category` WHERE  `pid` = 74 [ RunTime:0.000429s ]
[2024-05-06T18:33:14+08:00][sql] SELECT * FROM `jm_news_index` WHERE  `c_id` = 78  AND `id` > 177  AND `status` = 1 LIMIT 1 [ RunTime:0.000486s ]
[2024-05-06T18:33:14+08:00][sql] SELECT * FROM `jm_news_index` WHERE  `c_id` = 78  AND `id` < 177  AND `status` = 1 LIMIT 1 [ RunTime:0.000703s ]
[2024-05-06T22:50:15+08:00][sql] CONNECT:[ UseTime:0.000641s ] mysql:host=127.0.0.1;port=3306;dbname=www_fsqf_com;charset=utf8
[2024-05-06T22:50:15+08:00][sql] SHOW FULL COLUMNS FROM `jm_nav` [ RunTime:0.003280s ]
[2024-05-06T22:50:15+08:00][sql] SELECT * FROM `jm_nav` ORDER BY `sort` ASC [ RunTime:0.000940s ]
[2024-05-06T22:50:15+08:00][sql] SHOW FULL COLUMNS FROM `jm_browse_index` [ RunTime:0.002077s ]
[2024-05-06T22:50:15+08:00][sql] SHOW FULL COLUMNS FROM `jm_news_index` [ RunTime:0.002400s ]
[2024-05-06T22:50:15+08:00][sql] SELECT `c_id` FROM `jm_news_index` WHERE  `id` = 167 LIMIT 1 [ RunTime:0.000772s ]
[2024-05-06T22:50:15+08:00][sql] SELECT * FROM `jm_browse_index` WHERE  `ip` = '160.124.240.194' ORDER BY `id` DESC LIMIT 1 [ RunTime:0.005201s ]
[2024-05-06T22:50:15+08:00][sql] INSERT INTO `jm_browse_index` SET `cid` = 77 , `url` = '//show/167.html' , `ip` = '160.124.240.194' , `mark` = '1f84837dd3ac4906d6ce24b93640d02b' , `user_agent` = 'Mozilla/5.0 (Linux;u;Android 4.2.2;zh-cn;) AppleWebKit/534.46 (KHTML,like Gecko)Version/5.1 Mobile Safari/10600.6.3 (compatible; Baiduspider/2.0;+http://www.baidu.com/search/spider.html)' , `create_time` = '2024-05-06 22:50:15.304043' [ RunTime:0.000386s ]
[2024-05-06T22:50:15+08:00][sql] SELECT * FROM `jm_news_index` WHERE  `id` = 167 LIMIT 1 [ RunTime:0.000386s ]
[2024-05-06T22:50:15+08:00][sql] SHOW FULL COLUMNS FROM `jm_category` [ RunTime:0.001608s ]
[2024-05-06T22:50:15+08:00][sql] SELECT * FROM `jm_category` WHERE  `id` = 77 LIMIT 1 [ RunTime:0.000548s ]
[2024-05-06T22:50:15+08:00][sql] SELECT * FROM `jm_category` WHERE  `id` = 74 LIMIT 1 [ RunTime:0.000232s ]
[2024-05-06T22:50:15+08:00][sql] SHOW FULL COLUMNS FROM `jm_ad_index` [ RunTime:0.001218s ]
[2024-05-06T22:50:15+08:00][sql] SELECT * FROM `jm_ad_index` WHERE  `g_id` = 74 LIMIT 1 [ RunTime:0.000524s ]
[2024-05-06T22:50:15+08:00][sql] SELECT * FROM `jm_category` WHERE  `pid` = 74 [ RunTime:0.000364s ]
[2024-05-06T22:50:15+08:00][sql] SELECT * FROM `jm_news_index` WHERE  `c_id` = 77  AND `id` > 167  AND `status` = 1 LIMIT 1 [ RunTime:0.000472s ]
[2024-05-06T22:50:15+08:00][sql] SELECT * FROM `jm_news_index` WHERE  `c_id` = 77  AND `id` < 167  AND `status` = 1 LIMIT 1 [ RunTime:0.000453s ]
