[2024-05-07T00:38:09+08:00][sql] CONNECT:[ UseTime:0.000663s ] mysql:host=127.0.0.1;port=3306;dbname=www_fsqf_com;charset=utf8
[2024-05-07T00:38:09+08:00][sql] SHOW FULL COLUMNS FROM `jm_nav` [ RunTime:0.001581s ]
[2024-05-07T00:38:09+08:00][sql] SELECT * FROM `jm_nav` ORDER BY `sort` ASC [ RunTime:0.000736s ]
[2024-05-07T00:38:09+08:00][sql] SHOW FULL COLUMNS FROM `jm_browse_index` [ RunTime:0.001331s ]
[2024-05-07T00:38:09+08:00][sql] SELECT * FROM `jm_browse_index` WHERE  `ip` = '49.89.107.143' ORDER BY `id` DESC LIMIT 1 [ RunTime:0.000759s ]
[2024-05-07T00:38:09+08:00][sql] SHOW FULL COLUMNS FROM `jm_news_index` [ RunTime:0.001251s ]
[2024-05-07T00:38:09+08:00][sql] SELECT * FROM `jm_news_index` WHERE  `c_id` = 78  AND `status` = 1 ORDER BY `create_time` DESC LIMIT 5 [ RunTime:0.000875s ]
[2024-05-07T00:38:09+08:00][sql] SELECT * FROM `jm_news_index` WHERE  `c_id` = 79  AND `status` = 1 ORDER BY `create_time` DESC LIMIT 5 [ RunTime:0.000639s ]
[2024-05-07T00:38:09+08:00][sql] SELECT * FROM `jm_news_index` WHERE  `c_id` = 77  AND `status` = 1 ORDER BY `create_time` DESC LIMIT 5 [ RunTime:0.000537s ]
[2024-05-07T01:01:45+08:00][sql] CONNECT:[ UseTime:0.000762s ] mysql:host=127.0.0.1;port=3306;dbname=www_fsqf_com;charset=utf8
[2024-05-07T01:01:45+08:00][sql] SHOW FULL COLUMNS FROM `jm_nav` [ RunTime:0.001745s ]
[2024-05-07T01:01:45+08:00][sql] SELECT * FROM `jm_nav` ORDER BY `sort` ASC [ RunTime:0.000695s ]
[2024-05-07T01:01:45+08:00][sql] SHOW FULL COLUMNS FROM `jm_browse_index` [ RunTime:0.001528s ]
[2024-05-07T01:01:45+08:00][sql] SHOW FULL COLUMNS FROM `jm_news_index` [ RunTime:0.002010s ]
[2024-05-07T01:01:45+08:00][sql] SELECT `c_id` FROM `jm_news_index` WHERE  `id` = 177 LIMIT 1 [ RunTime:0.000809s ]
[2024-05-07T01:01:45+08:00][sql] SELECT * FROM `jm_browse_index` WHERE  `ip` = '60.188.10.232' ORDER BY `id` DESC LIMIT 1 [ RunTime:0.006168s ]
[2024-05-07T01:01:45+08:00][sql] INSERT INTO `jm_browse_index` SET `cid` = 78 , `url` = '/show/177.html' , `ip` = '60.188.10.232' , `mark` = '091827658d7b5606c447e9313ebdb302' , `user_agent` = 'Mozilla/5.0 (Windows NT 6.1; Win64; x64) AppleWebKit/537.36 (KHTML, like Gecko) Chrome/69.0.3497.81 YisouSpider/5.0 Safari/537.36' , `create_time` = '2024-05-07 01:01:45.035571' [ RunTime:0.000476s ]
[2024-05-07T01:01:45+08:00][sql] SELECT * FROM `jm_news_index` WHERE  `id` = 177 LIMIT 1 [ RunTime:0.000449s ]
[2024-05-07T01:01:45+08:00][sql] SHOW FULL COLUMNS FROM `jm_category` [ RunTime:0.001771s ]
[2024-05-07T01:01:45+08:00][sql] SELECT * FROM `jm_category` WHERE  `id` = 78 LIMIT 1 [ RunTime:0.000754s ]
[2024-05-07T01:01:45+08:00][sql] SELECT * FROM `jm_category` WHERE  `id` = 74 LIMIT 1 [ RunTime:0.000590s ]
[2024-05-07T01:01:45+08:00][sql] SHOW FULL COLUMNS FROM `jm_ad_index` [ RunTime:0.003009s ]
[2024-05-07T01:01:45+08:00][sql] SELECT * FROM `jm_ad_index` WHERE  `g_id` = 74 LIMIT 1 [ RunTime:0.001020s ]
[2024-05-07T01:01:45+08:00][sql] SELECT * FROM `jm_category` WHERE  `pid` = 74 [ RunTime:0.000586s ]
[2024-05-07T01:01:45+08:00][sql] SELECT * FROM `jm_news_index` WHERE  `c_id` = 78  AND `id` > 177  AND `status` = 1 LIMIT 1 [ RunTime:0.000695s ]
[2024-05-07T01:01:45+08:00][sql] SELECT * FROM `jm_news_index` WHERE  `c_id` = 78  AND `id` < 177  AND `status` = 1 LIMIT 1 [ RunTime:0.000741s ]
[2024-05-07T01:29:59+08:00][sql] CONNECT:[ UseTime:0.000775s ] mysql:host=127.0.0.1;port=3306;dbname=www_fsqf_com;charset=utf8
[2024-05-07T01:29:59+08:00][sql] SHOW FULL COLUMNS FROM `jm_nav` [ RunTime:0.002309s ]
[2024-05-07T01:29:59+08:00][sql] SELECT * FROM `jm_nav` ORDER BY `sort` ASC [ RunTime:0.000748s ]
[2024-05-07T01:29:59+08:00][sql] SHOW FULL COLUMNS FROM `jm_browse_index` [ RunTime:0.001829s ]
[2024-05-07T01:29:59+08:00][sql] SHOW FULL COLUMNS FROM `jm_news_index` [ RunTime:0.002359s ]
[2024-05-07T01:29:59+08:00][sql] SELECT `c_id` FROM `jm_news_index` WHERE  `id` = 166 LIMIT 1 [ RunTime:0.000719s ]
[2024-05-07T01:29:59+08:00][sql] SELECT * FROM `jm_browse_index` WHERE  `ip` = '112.13.112.7' ORDER BY `id` DESC LIMIT 1 [ RunTime:0.005183s ]
[2024-05-07T01:29:59+08:00][sql] INSERT INTO `jm_browse_index` SET `cid` = 77 , `url` = '/show/166.html' , `ip` = '112.13.112.7' , `mark` = '197f48c48be4f381def5148ec640a39b' , `user_agent` = 'Mozilla/5.0 (Windows NT 6.1; Win64; x64) AppleWebKit/537.36 (KHTML, like Gecko) Chrome/69.0.3497.81 YisouSpider/5.0 Safari/537.36' , `create_time` = '2024-05-07 01:29:59.084699' [ RunTime:0.000833s ]
[2024-05-07T01:29:59+08:00][sql] SELECT * FROM `jm_news_index` WHERE  `id` = 166 LIMIT 1 [ RunTime:0.000952s ]
[2024-05-07T01:29:59+08:00][sql] SHOW FULL COLUMNS FROM `jm_category` [ RunTime:0.004501s ]
[2024-05-07T01:29:59+08:00][sql] SELECT * FROM `jm_category` WHERE  `id` = 77 LIMIT 1 [ RunTime:0.000725s ]
[2024-05-07T01:29:59+08:00][sql] SELECT * FROM `jm_category` WHERE  `id` = 74 LIMIT 1 [ RunTime:0.000413s ]
[2024-05-07T01:29:59+08:00][sql] SHOW FULL COLUMNS FROM `jm_ad_index` [ RunTime:0.001500s ]
[2024-05-07T01:29:59+08:00][sql] SELECT * FROM `jm_ad_index` WHERE  `g_id` = 74 LIMIT 1 [ RunTime:0.000708s ]
[2024-05-07T01:29:59+08:00][sql] SELECT * FROM `jm_category` WHERE  `pid` = 74 [ RunTime:0.000530s ]
[2024-05-07T01:29:59+08:00][sql] SELECT * FROM `jm_news_index` WHERE  `c_id` = 77  AND `id` > 166  AND `status` = 1 LIMIT 1 [ RunTime:0.000674s ]
[2024-05-07T01:29:59+08:00][sql] SELECT * FROM `jm_news_index` WHERE  `c_id` = 77  AND `id` < 166  AND `status` = 1 LIMIT 1 [ RunTime:0.000572s ]
[2024-05-07T04:44:55+08:00][sql] CONNECT:[ UseTime:0.001013s ] mysql:host=127.0.0.1;port=3306;dbname=www_fsqf_com;charset=utf8
[2024-05-07T04:44:55+08:00][sql] SHOW FULL COLUMNS FROM `jm_nav` [ RunTime:0.002235s ]
[2024-05-07T04:44:55+08:00][sql] SELECT * FROM `jm_nav` ORDER BY `sort` ASC [ RunTime:0.000784s ]
[2024-05-07T04:44:55+08:00][sql] SHOW FULL COLUMNS FROM `jm_browse_index` [ RunTime:0.001917s ]
[2024-05-07T04:44:55+08:00][sql] SELECT * FROM `jm_browse_index` WHERE  `ip` = '60.188.9.224' ORDER BY `id` DESC LIMIT 1 [ RunTime:0.006308s ]
[2024-05-07T04:44:55+08:00][sql] INSERT INTO `jm_browse_index` SET `cid` = 0 , `url` = '/' , `ip` = '60.188.9.224' , `mark` = '2b613eb06d5b3fee07feaeb29361bfd1' , `user_agent` = 'Mozilla/5.0 (iPhone; CPU iPhone OS 10_3 like Mac OS X) AppleWebKit/602.1.50 (KHTML, like Gecko) CriOS/56.0.2924.75 Mobile/14E5239e YisouSpider/5.0 Safari/602.1' , `create_time` = '2024-05-07 04:44:55.101862' [ RunTime:0.000553s ]
[2024-05-07T04:44:55+08:00][sql] SHOW FULL COLUMNS FROM `jm_news_index` [ RunTime:0.001641s ]
[2024-05-07T04:44:55+08:00][sql] SELECT * FROM `jm_news_index` WHERE  `c_id` = 78  AND `status` = 1 ORDER BY `create_time` DESC LIMIT 5 [ RunTime:0.000785s ]
[2024-05-07T04:44:55+08:00][sql] SELECT * FROM `jm_news_index` WHERE  `c_id` = 79  AND `status` = 1 ORDER BY `create_time` DESC LIMIT 5 [ RunTime:0.000741s ]
[2024-05-07T04:44:55+08:00][sql] SELECT * FROM `jm_news_index` WHERE  `c_id` = 77  AND `status` = 1 ORDER BY `create_time` DESC LIMIT 5 [ RunTime:0.000688s ]
[2024-05-07T08:40:29+08:00][sql] CONNECT:[ UseTime:0.001214s ] mysql:host=127.0.0.1;port=3306;dbname=www_fsqf_com;charset=utf8
[2024-05-07T08:40:29+08:00][sql] SHOW FULL COLUMNS FROM `jm_nav` [ RunTime:0.003553s ]
[2024-05-07T08:40:29+08:00][sql] SELECT * FROM `jm_nav` ORDER BY `sort` ASC [ RunTime:0.001302s ]
[2024-05-07T08:40:29+08:00][sql] SHOW FULL COLUMNS FROM `jm_browse_index` [ RunTime:0.001661s ]
[2024-05-07T08:40:29+08:00][sql] SELECT * FROM `jm_browse_index` WHERE  `ip` = '60.188.9.130' ORDER BY `id` DESC LIMIT 1 [ RunTime:0.005899s ]
[2024-05-07T08:40:29+08:00][sql] INSERT INTO `jm_browse_index` SET `cid` = 0 , `url` = '/page/11.html' , `ip` = '60.188.9.130' , `mark` = '26229229bad7d8fddbb5b46d82cfcf5e' , `user_agent` = 'Mozilla/5.0 (Windows NT 6.1; Win64; x64) AppleWebKit/537.36 (KHTML, like Gecko) Chrome/69.0.3497.81 YisouSpider/5.0 Safari/537.36' , `create_time` = '2024-05-07 08:40:29.587064' [ RunTime:0.000446s ]
[2024-05-07T08:40:29+08:00][sql] SHOW FULL COLUMNS FROM `jm_page_index` [ RunTime:0.006969s ]
[2024-05-07T08:40:29+08:00][sql] SELECT * FROM `jm_page_index` WHERE  `id` = 11 LIMIT 1 [ RunTime:0.002560s ]
[2024-05-07T08:40:29+08:00][sql] SHOW FULL COLUMNS FROM `jm_category` [ RunTime:0.003760s ]
[2024-05-07T08:40:29+08:00][sql] SELECT * FROM `jm_category` WHERE  `id` = 76 LIMIT 1 [ RunTime:0.000713s ]
[2024-05-07T08:40:29+08:00][sql] SELECT * FROM `jm_category` WHERE  `id` = 0 LIMIT 1 [ RunTime:0.000407s ]
[2024-05-07T08:40:29+08:00][sql] SHOW FULL COLUMNS FROM `jm_ad_index` [ RunTime:0.001628s ]
[2024-05-07T08:40:29+08:00][sql] SELECT * FROM `jm_ad_index` WHERE  `g_id` = 76 LIMIT 1 [ RunTime:0.000697s ]
[2024-05-07T08:40:29+08:00][sql] SELECT `id` FROM `jm_page_index` WHERE  `c_id` = 76 LIMIT 1 [ RunTime:0.000340s ]
[2024-05-07T08:40:29+08:00][sql] SELECT * FROM `jm_category` WHERE  `pid` = 76 [ RunTime:0.000394s ]
[2024-05-07T08:40:29+08:00][sql] SELECT * FROM `jm_page_index` WHERE  `c_id` = 76 ORDER BY `sort` ASC [ RunTime:0.000444s ]
[2024-05-07T09:54:07+08:00][sql] CONNECT:[ UseTime:0.000884s ] mysql:host=127.0.0.1;port=3306;dbname=www_fsqf_com;charset=utf8
[2024-05-07T09:54:07+08:00][sql] SHOW FULL COLUMNS FROM `jm_nav` [ RunTime:0.004137s ]
[2024-05-07T09:54:07+08:00][sql] SELECT * FROM `jm_nav` ORDER BY `sort` ASC [ RunTime:0.001320s ]
[2024-05-07T09:54:07+08:00][sql] SHOW FULL COLUMNS FROM `jm_browse_index` [ RunTime:0.002656s ]
[2024-05-07T09:54:07+08:00][sql] SHOW FULL COLUMNS FROM `jm_news_index` [ RunTime:0.003030s ]
[2024-05-07T09:54:07+08:00][sql] SELECT `c_id` FROM `jm_news_index` WHERE  `id` = 169 LIMIT 1 [ RunTime:0.000773s ]
[2024-05-07T09:54:07+08:00][sql] SELECT * FROM `jm_browse_index` WHERE  `ip` = '160.124.171.213' ORDER BY `id` DESC LIMIT 1 [ RunTime:0.007420s ]
[2024-05-07T09:54:07+08:00][sql] INSERT INTO `jm_browse_index` SET `cid` = 77 , `url` = '//show/169.html' , `ip` = '160.124.171.213' , `mark` = 'c64fbc89c875371004a4bbed569074a0' , `user_agent` = 'Mozilla/5.0 (Linux;u;Android 4.2.2;zh-cn;) AppleWebKit/534.46 (KHTML,like Gecko)Version/5.1 Mobile Safari/10600.6.3 (compatible; Baiduspider/2.0;+http://www.baidu.com/search/spider.html)' , `create_time` = '2024-05-07 09:54:07.448541' [ RunTime:0.000377s ]
[2024-05-07T09:54:07+08:00][sql] SELECT * FROM `jm_news_index` WHERE  `id` = 169 LIMIT 1 [ RunTime:0.001021s ]
[2024-05-07T09:54:07+08:00][sql] SHOW FULL COLUMNS FROM `jm_category` [ RunTime:0.002762s ]
[2024-05-07T09:54:07+08:00][sql] SELECT * FROM `jm_category` WHERE  `id` = 77 LIMIT 1 [ RunTime:0.000985s ]
[2024-05-07T09:54:07+08:00][sql] SELECT * FROM `jm_category` WHERE  `id` = 74 LIMIT 1 [ RunTime:0.000582s ]
[2024-05-07T09:54:07+08:00][sql] SHOW FULL COLUMNS FROM `jm_ad_index` [ RunTime:0.001554s ]
[2024-05-07T09:54:07+08:00][sql] SELECT * FROM `jm_ad_index` WHERE  `g_id` = 74 LIMIT 1 [ RunTime:0.000589s ]
[2024-05-07T09:54:07+08:00][sql] SELECT * FROM `jm_category` WHERE  `pid` = 74 [ RunTime:0.000353s ]
[2024-05-07T09:54:07+08:00][sql] SELECT * FROM `jm_news_index` WHERE  `c_id` = 77  AND `id` > 169  AND `status` = 1 LIMIT 1 [ RunTime:0.000513s ]
[2024-05-07T09:54:07+08:00][sql] SELECT * FROM `jm_news_index` WHERE  `c_id` = 77  AND `id` < 169  AND `status` = 1 LIMIT 1 [ RunTime:0.000422s ]
[2024-05-07T12:38:29+08:00][sql] CONNECT:[ UseTime:0.000735s ] mysql:host=127.0.0.1;port=3306;dbname=www_fsqf_com;charset=utf8
[2024-05-07T12:38:29+08:00][sql] SHOW FULL COLUMNS FROM `jm_nav` [ RunTime:0.001728s ]
[2024-05-07T12:38:29+08:00][sql] SELECT * FROM `jm_nav` ORDER BY `sort` ASC [ RunTime:0.000652s ]
[2024-05-07T12:38:29+08:00][sql] SHOW FULL COLUMNS FROM `jm_browse_index` [ RunTime:0.001564s ]
[2024-05-07T12:38:29+08:00][sql] SHOW FULL COLUMNS FROM `jm_news_index` [ RunTime:0.001633s ]
[2024-05-07T12:38:29+08:00][sql] SELECT `c_id` FROM `jm_news_index` WHERE  `id` = 174 LIMIT 1 [ RunTime:0.000654s ]
[2024-05-07T12:38:29+08:00][sql] SELECT * FROM `jm_browse_index` WHERE  `ip` = '60.188.9.222' ORDER BY `id` DESC LIMIT 1 [ RunTime:0.000834s ]
[2024-05-07T12:38:29+08:00][sql] INSERT INTO `jm_browse_index` SET `cid` = 79 , `url` = '/show/174.html' , `ip` = '60.188.9.222' , `mark` = '753b04cf32564388f249595a47a3b801' , `user_agent` = 'Mozilla/5.0 (Windows NT 6.1; Win64; x64) AppleWebKit/537.36 (KHTML, like Gecko) Chrome/69.0.3497.81 YisouSpider/5.0 Safari/537.36' , `create_time` = '2024-05-07 12:38:29.062410' [ RunTime:0.000516s ]
[2024-05-07T12:38:29+08:00][sql] SELECT * FROM `jm_news_index` WHERE  `id` = 174 LIMIT 1 [ RunTime:0.000490s ]
[2024-05-07T12:38:29+08:00][sql] SHOW FULL COLUMNS FROM `jm_category` [ RunTime:0.001804s ]
[2024-05-07T12:38:29+08:00][sql] SELECT * FROM `jm_category` WHERE  `id` = 79 LIMIT 1 [ RunTime:0.000715s ]
[2024-05-07T12:38:29+08:00][sql] SELECT * FROM `jm_category` WHERE  `id` = 74 LIMIT 1 [ RunTime:0.000328s ]
[2024-05-07T12:38:29+08:00][sql] SHOW FULL COLUMNS FROM `jm_ad_index` [ RunTime:0.001543s ]
[2024-05-07T12:38:29+08:00][sql] SELECT * FROM `jm_ad_index` WHERE  `g_id` = 74 LIMIT 1 [ RunTime:0.000632s ]
[2024-05-07T12:38:29+08:00][sql] SELECT * FROM `jm_category` WHERE  `pid` = 74 [ RunTime:0.000360s ]
[2024-05-07T12:38:29+08:00][sql] SELECT * FROM `jm_news_index` WHERE  `c_id` = 79  AND `id` > 174  AND `status` = 1 LIMIT 1 [ RunTime:0.000480s ]
[2024-05-07T12:38:29+08:00][sql] SELECT * FROM `jm_news_index` WHERE  `c_id` = 79  AND `id` < 174  AND `status` = 1 LIMIT 1 [ RunTime:0.000526s ]
[2024-05-07T15:24:01+08:00][sql] CONNECT:[ UseTime:0.000937s ] mysql:host=127.0.0.1;port=3306;dbname=www_fsqf_com;charset=utf8
[2024-05-07T15:24:01+08:00][sql] SHOW FULL COLUMNS FROM `jm_nav` [ RunTime:0.003407s ]
[2024-05-07T15:24:01+08:00][sql] SELECT * FROM `jm_nav` ORDER BY `sort` ASC [ RunTime:0.001119s ]
[2024-05-07T15:24:01+08:00][sql] SHOW FULL COLUMNS FROM `jm_browse_index` [ RunTime:0.002467s ]
[2024-05-07T15:24:01+08:00][sql] SELECT * FROM `jm_browse_index` WHERE  `ip` = '42.83.147.56' ORDER BY `id` DESC LIMIT 1 [ RunTime:0.006277s ]
[2024-05-07T15:24:01+08:00][sql] SHOW FULL COLUMNS FROM `jm_news_index` [ RunTime:0.001937s ]
[2024-05-07T15:24:01+08:00][sql] SELECT * FROM `jm_news_index` WHERE  `c_id` = 78  AND `status` = 1 ORDER BY `create_time` DESC LIMIT 5 [ RunTime:0.000794s ]
[2024-05-07T15:24:01+08:00][sql] SELECT * FROM `jm_news_index` WHERE  `c_id` = 79  AND `status` = 1 ORDER BY `create_time` DESC LIMIT 5 [ RunTime:0.000549s ]
[2024-05-07T15:24:01+08:00][sql] SELECT * FROM `jm_news_index` WHERE  `c_id` = 77  AND `status` = 1 ORDER BY `create_time` DESC LIMIT 5 [ RunTime:0.000465s ]
[2024-05-07T16:15:12+08:00][sql] CONNECT:[ UseTime:0.000823s ] mysql:host=127.0.0.1;port=3306;dbname=www_fsqf_com;charset=utf8
[2024-05-07T16:15:12+08:00][sql] SHOW FULL COLUMNS FROM `jm_nav` [ RunTime:0.001735s ]
[2024-05-07T16:15:12+08:00][sql] SELECT * FROM `jm_nav` ORDER BY `sort` ASC [ RunTime:0.000768s ]
[2024-05-07T16:15:12+08:00][sql] SHOW FULL COLUMNS FROM `jm_browse_index` [ RunTime:0.001401s ]
[2024-05-07T16:15:12+08:00][sql] SHOW FULL COLUMNS FROM `jm_news_index` [ RunTime:0.001356s ]
[2024-05-07T16:15:12+08:00][sql] SELECT `c_id` FROM `jm_news_index` WHERE  `id` = 167 LIMIT 1 [ RunTime:0.000567s ]
[2024-05-07T16:15:12+08:00][sql] SELECT * FROM `jm_browse_index` WHERE  `ip` = '39.173.105.139' ORDER BY `id` DESC LIMIT 1 [ RunTime:0.005340s ]
[2024-05-07T16:15:12+08:00][sql] INSERT INTO `jm_browse_index` SET `cid` = 77 , `url` = '/show/167.html' , `ip` = '39.173.105.139' , `mark` = '015e8f5013d92896088418d0d62afdf7' , `user_agent` = 'Mozilla/5.0 (Windows NT 6.1; Win64; x64) AppleWebKit/537.36 (KHTML, like Gecko) Chrome/69.0.3497.81 YisouSpider/5.0 Safari/537.36' , `create_time` = '2024-05-07 16:15:12.736423' [ RunTime:0.000361s ]
[2024-05-07T16:15:12+08:00][sql] SELECT * FROM `jm_news_index` WHERE  `id` = 167 LIMIT 1 [ RunTime:0.000597s ]
[2024-05-07T16:15:12+08:00][sql] SHOW FULL COLUMNS FROM `jm_category` [ RunTime:0.001771s ]
[2024-05-07T16:15:12+08:00][sql] SELECT * FROM `jm_category` WHERE  `id` = 77 LIMIT 1 [ RunTime:0.000753s ]
[2024-05-07T16:15:12+08:00][sql] SELECT * FROM `jm_category` WHERE  `id` = 74 LIMIT 1 [ RunTime:0.000401s ]
[2024-05-07T16:15:12+08:00][sql] SHOW FULL COLUMNS FROM `jm_ad_index` [ RunTime:0.001941s ]
[2024-05-07T16:15:12+08:00][sql] SELECT * FROM `jm_ad_index` WHERE  `g_id` = 74 LIMIT 1 [ RunTime:0.000766s ]
[2024-05-07T16:15:12+08:00][sql] SELECT * FROM `jm_category` WHERE  `pid` = 74 [ RunTime:0.000504s ]
[2024-05-07T16:15:12+08:00][sql] SELECT * FROM `jm_news_index` WHERE  `c_id` = 77  AND `id` > 167  AND `status` = 1 LIMIT 1 [ RunTime:0.000597s ]
[2024-05-07T16:15:12+08:00][sql] SELECT * FROM `jm_news_index` WHERE  `c_id` = 77  AND `id` < 167  AND `status` = 1 LIMIT 1 [ RunTime:0.000604s ]
[2024-05-07T16:49:13+08:00][sql] CONNECT:[ UseTime:0.000716s ] mysql:host=127.0.0.1;port=3306;dbname=www_fsqf_com;charset=utf8
[2024-05-07T16:49:13+08:00][sql] SHOW FULL COLUMNS FROM `jm_nav` [ RunTime:0.001960s ]
[2024-05-07T16:49:13+08:00][sql] SELECT * FROM `jm_nav` ORDER BY `sort` ASC [ RunTime:0.000721s ]
[2024-05-07T16:49:13+08:00][sql] SHOW FULL COLUMNS FROM `jm_browse_index` [ RunTime:0.001247s ]
[2024-05-07T16:49:13+08:00][sql] SELECT * FROM `jm_browse_index` WHERE  `ip` = '107.148.191.194' ORDER BY `id` DESC LIMIT 1 [ RunTime:0.005715s ]
[2024-05-07T16:49:13+08:00][sql] SHOW FULL COLUMNS FROM `jm_news_index` [ RunTime:0.002078s ]
[2024-05-07T16:49:13+08:00][sql] SELECT * FROM `jm_news_index` WHERE  `c_id` = 78  AND `status` = 1 ORDER BY `create_time` DESC LIMIT 5 [ RunTime:0.000974s ]
[2024-05-07T16:49:13+08:00][sql] SELECT * FROM `jm_news_index` WHERE  `c_id` = 79  AND `status` = 1 ORDER BY `create_time` DESC LIMIT 5 [ RunTime:0.000788s ]
[2024-05-07T16:49:13+08:00][sql] SELECT * FROM `jm_news_index` WHERE  `c_id` = 77  AND `status` = 1 ORDER BY `create_time` DESC LIMIT 5 [ RunTime:0.000941s ]
[2024-05-07T22:54:44+08:00][sql] CONNECT:[ UseTime:0.001523s ] mysql:host=127.0.0.1;port=3306;dbname=www_fsqf_com;charset=utf8
[2024-05-07T22:54:44+08:00][sql] SHOW FULL COLUMNS FROM `jm_nav` [ RunTime:0.003532s ]
[2024-05-07T22:54:44+08:00][sql] SELECT * FROM `jm_nav` ORDER BY `sort` ASC [ RunTime:0.001378s ]
[2024-05-07T22:54:44+08:00][sql] SHOW FULL COLUMNS FROM `jm_browse_index` [ RunTime:0.002363s ]
[2024-05-07T22:54:44+08:00][sql] SELECT * FROM `jm_browse_index` WHERE  `ip` = '66.249.79.100' ORDER BY `id` DESC LIMIT 1 [ RunTime:0.005409s ]
[2024-05-07T22:54:44+08:00][sql] INSERT INTO `jm_browse_index` SET `cid` = 0 , `url` = '/page/11.html' , `ip` = '66.249.79.100' , `mark` = 'a964517ae66b9797c34c02aa3e268af5' , `user_agent` = 'Mozilla/5.0 (Linux; Android 6.0.1; Nexus 5X Build/MMB29P) AppleWebKit/537.36 (KHTML, like Gecko) Chrome/124.0.6367.118 Mobile Safari/537.36 (compatible; Googlebot/2.1; +http://www.google.com/bot.html)' , `create_time` = '2024-05-07 22:54:44.274102' [ RunTime:0.000491s ]
[2024-05-07T22:54:44+08:00][sql] SHOW FULL COLUMNS FROM `jm_page_index` [ RunTime:0.002575s ]
[2024-05-07T22:54:44+08:00][sql] SELECT * FROM `jm_page_index` WHERE  `id` = 11 LIMIT 1 [ RunTime:0.001280s ]
[2024-05-07T22:54:44+08:00][sql] SHOW FULL COLUMNS FROM `jm_category` [ RunTime:0.002449s ]
[2024-05-07T22:54:44+08:00][sql] SELECT * FROM `jm_category` WHERE  `id` = 76 LIMIT 1 [ RunTime:0.000938s ]
[2024-05-07T22:54:44+08:00][sql] SELECT * FROM `jm_category` WHERE  `id` = 0 LIMIT 1 [ RunTime:0.000524s ]
[2024-05-07T22:54:44+08:00][sql] SHOW FULL COLUMNS FROM `jm_ad_index` [ RunTime:0.002122s ]
[2024-05-07T22:54:44+08:00][sql] SELECT * FROM `jm_ad_index` WHERE  `g_id` = 76 LIMIT 1 [ RunTime:0.000942s ]
[2024-05-07T22:54:44+08:00][sql] SELECT `id` FROM `jm_page_index` WHERE  `c_id` = 76 LIMIT 1 [ RunTime:0.000688s ]
[2024-05-07T22:54:44+08:00][sql] SELECT * FROM `jm_category` WHERE  `pid` = 76 [ RunTime:0.000490s ]
[2024-05-07T22:54:44+08:00][sql] SELECT * FROM `jm_page_index` WHERE  `c_id` = 76 ORDER BY `sort` ASC [ RunTime:0.000476s ]
