[2023-09-12T02:01:55+08:00][sql] CONNECT:[ UseTime:0.000849s ] mysql:host=127.0.0.1;port=3306;dbname=www_fsqf_com;charset=utf8
[2023-09-12T02:01:55+08:00][sql] SHOW FULL COLUMNS FROM `jm_nav` [ RunTime:0.001956s ]
[2023-09-12T02:01:55+08:00][sql] SELECT * FROM `jm_nav` ORDER BY `sort` ASC [ RunTime:0.000745s ]
[2023-09-12T02:01:55+08:00][sql] SHOW FULL COLUMNS FROM `jm_browse_index` [ RunTime:0.001515s ]
[2023-09-12T02:01:55+08:00][sql] SHOW FULL COLUMNS FROM `jm_news_index` [ RunTime:0.001640s ]
[2023-09-12T02:01:55+08:00][sql] SELECT `c_id` FROM `jm_news_index` WHERE  `id` = 171 LIMIT 1 [ RunTime:0.000682s ]
[2023-09-12T02:01:55+08:00][sql] SELECT * FROM `jm_browse_index` WHERE  `ip` = '110.249.201.244' ORDER BY `id` DESC LIMIT 1 [ RunTime:0.001069s ]
[2023-09-12T02:01:55+08:00][sql] INSERT INTO `jm_browse_index` SET `cid` = 79 , `url` = '/show/171.html' , `ip` = '110.249.201.244' , `mark` = 'b1f0d36ce0ac6ad78c04c95fecf268a3' , `user_agent` = 'Mozilla/5.0 (Linux; Android 5.0) AppleWebKit/537.36 (KHTML, like Gecko) Mobile Safari/537.36 (compatible; Bytespider; https://zhanzhang.toutiao.com/)' , `create_time` = '2023-09-12 02:01:55.681930' [ RunTime:0.000702s ]
[2023-09-12T02:01:55+08:00][sql] SELECT * FROM `jm_news_index` WHERE  `id` = 171 LIMIT 1 [ RunTime:0.000744s ]
[2023-09-12T02:01:55+08:00][sql] SHOW FULL COLUMNS FROM `jm_category` [ RunTime:0.002203s ]
[2023-09-12T02:01:55+08:00][sql] SELECT * FROM `jm_category` WHERE  `id` = 79 LIMIT 1 [ RunTime:0.000648s ]
[2023-09-12T02:01:55+08:00][sql] SELECT * FROM `jm_category` WHERE  `id` = 74 LIMIT 1 [ RunTime:0.000311s ]
[2023-09-12T02:01:55+08:00][sql] SHOW FULL COLUMNS FROM `jm_ad_index` [ RunTime:0.001333s ]
[2023-09-12T02:01:55+08:00][sql] SELECT * FROM `jm_ad_index` WHERE  `g_id` = 74 LIMIT 1 [ RunTime:0.000595s ]
[2023-09-12T02:01:55+08:00][sql] SELECT * FROM `jm_category` WHERE  `pid` = 74 [ RunTime:0.000365s ]
[2023-09-12T02:01:55+08:00][sql] SELECT * FROM `jm_news_index` WHERE  `c_id` = 79  AND `id` > 171  AND `status` = 1 LIMIT 1 [ RunTime:0.000538s ]
[2023-09-12T02:01:55+08:00][sql] SELECT * FROM `jm_news_index` WHERE  `c_id` = 79  AND `id` < 171  AND `status` = 1 LIMIT 1 [ RunTime:0.000457s ]
[2023-09-12T03:55:24+08:00][sql] CONNECT:[ UseTime:0.000901s ] mysql:host=127.0.0.1;port=3306;dbname=www_fsqf_com;charset=utf8
[2023-09-12T03:55:24+08:00][sql] SHOW FULL COLUMNS FROM `jm_nav` [ RunTime:0.002156s ]
[2023-09-12T03:55:24+08:00][sql] SELECT * FROM `jm_nav` ORDER BY `sort` ASC [ RunTime:0.000794s ]
[2023-09-12T03:55:24+08:00][sql] SHOW FULL COLUMNS FROM `jm_browse_index` [ RunTime:0.001552s ]
[2023-09-12T03:55:24+08:00][sql] SELECT * FROM `jm_browse_index` WHERE  `ip` = '111.225.149.175' ORDER BY `id` DESC LIMIT 1 [ RunTime:0.001233s ]
[2023-09-12T03:55:24+08:00][sql] INSERT INTO `jm_browse_index` SET `cid` = 0 , `url` = '/page/13.html' , `ip` = '111.225.149.175' , `mark` = '0bb7ca55e244183d452773bc972ced63' , `user_agent` = 'Mozilla/5.0 (Linux; Android 5.0) AppleWebKit/537.36 (KHTML, like Gecko) Mobile Safari/537.36 (compatible; Bytespider; https://zhanzhang.toutiao.com/)' , `create_time` = '2023-09-12 03:55:24.629502' [ RunTime:0.000462s ]
[2023-09-12T03:55:24+08:00][sql] SHOW FULL COLUMNS FROM `jm_page_index` [ RunTime:0.001586s ]
[2023-09-12T03:55:24+08:00][sql] SELECT * FROM `jm_page_index` WHERE  `id` = 13 LIMIT 1 [ RunTime:0.000652s ]
[2023-09-12T03:55:24+08:00][sql] SHOW FULL COLUMNS FROM `jm_category` [ RunTime:0.001485s ]
[2023-09-12T03:55:24+08:00][sql] SELECT * FROM `jm_category` WHERE  `id` = 76 LIMIT 1 [ RunTime:0.000565s ]
[2023-09-12T03:55:24+08:00][sql] SELECT * FROM `jm_category` WHERE  `id` = 0 LIMIT 1 [ RunTime:0.000320s ]
[2023-09-12T03:55:24+08:00][sql] SHOW FULL COLUMNS FROM `jm_ad_index` [ RunTime:0.001279s ]
[2023-09-12T03:55:24+08:00][sql] SELECT * FROM `jm_ad_index` WHERE  `g_id` = 76 LIMIT 1 [ RunTime:0.000565s ]
[2023-09-12T03:55:24+08:00][sql] SELECT `id` FROM `jm_page_index` WHERE  `c_id` = 76 LIMIT 1 [ RunTime:0.000310s ]
[2023-09-12T03:55:24+08:00][sql] SELECT * FROM `jm_category` WHERE  `pid` = 76 [ RunTime:0.000294s ]
[2023-09-12T03:55:24+08:00][sql] SELECT * FROM `jm_page_index` WHERE  `c_id` = 76 ORDER BY `sort` ASC [ RunTime:0.000324s ]
[2023-09-12T05:44:34+08:00][sql] CONNECT:[ UseTime:0.000975s ] mysql:host=127.0.0.1;port=3306;dbname=www_fsqf_com;charset=utf8
[2023-09-12T05:44:34+08:00][sql] SHOW FULL COLUMNS FROM `jm_nav` [ RunTime:0.002123s ]
[2023-09-12T05:44:34+08:00][sql] SELECT * FROM `jm_nav` ORDER BY `sort` ASC [ RunTime:0.000818s ]
[2023-09-12T05:44:34+08:00][sql] SHOW FULL COLUMNS FROM `jm_browse_index` [ RunTime:0.001510s ]
[2023-09-12T05:44:34+08:00][sql] SELECT * FROM `jm_browse_index` WHERE  `ip` = '110.249.201.103' ORDER BY `id` DESC LIMIT 1 [ RunTime:0.001230s ]
[2023-09-12T05:44:34+08:00][sql] INSERT INTO `jm_browse_index` SET `cid` = 77 , `url` = '/list/77.html' , `ip` = '110.249.201.103' , `mark` = 'f0c4d31ec1becfc1ae97c2b8660dd932' , `user_agent` = 'Mozilla/5.0 (Linux; Android 5.0) AppleWebKit/537.36 (KHTML, like Gecko) Mobile Safari/537.36 (compatible; Bytespider; https://zhanzhang.toutiao.com/)' , `create_time` = '2023-09-12 05:44:34.955805' [ RunTime:0.000450s ]
[2023-09-12T05:44:34+08:00][sql] SHOW FULL COLUMNS FROM `jm_category` [ RunTime:0.002356s ]
[2023-09-12T05:44:34+08:00][sql] SELECT `pid` FROM `jm_category` WHERE  `id` = 77 LIMIT 1 [ RunTime:0.000837s ]
[2023-09-12T05:44:34+08:00][sql] SHOW FULL COLUMNS FROM `jm_news_index` [ RunTime:0.001854s ]
[2023-09-12T05:44:34+08:00][sql] SELECT COUNT(*) AS think_count FROM `jm_news_index` WHERE  `status` = 1  AND `c_id` = 77 LIMIT 1 [ RunTime:0.000838s ]
[2023-09-12T05:44:34+08:00][sql] SELECT * FROM `jm_news_index` WHERE  `status` = 1  AND `c_id` = 77 ORDER BY `create_time` DESC LIMIT 0,5 [ RunTime:0.000845s ]
[2023-09-12T05:44:34+08:00][sql] SELECT * FROM `jm_category` WHERE  `id` = 77 LIMIT 1 [ RunTime:0.000540s ]
[2023-09-12T05:44:34+08:00][sql] SELECT * FROM `jm_category` WHERE  `id` = 74 LIMIT 1 [ RunTime:0.000340s ]
[2023-09-12T05:44:34+08:00][sql] SHOW FULL COLUMNS FROM `jm_ad_index` [ RunTime:0.002173s ]
[2023-09-12T05:44:34+08:00][sql] SELECT * FROM `jm_ad_index` WHERE  `g_id` = 74 LIMIT 1 [ RunTime:0.000748s ]
[2023-09-12T05:44:34+08:00][sql] SELECT * FROM `jm_category` WHERE  `pid` = 74 ORDER BY `sort` ASC [ RunTime:0.000460s ]
[2023-09-12T06:56:07+08:00][sql] CONNECT:[ UseTime:0.000762s ] mysql:host=127.0.0.1;port=3306;dbname=www_fsqf_com;charset=utf8
[2023-09-12T06:56:07+08:00][sql] SHOW FULL COLUMNS FROM `jm_nav` [ RunTime:0.001932s ]
[2023-09-12T06:56:07+08:00][sql] SELECT * FROM `jm_nav` ORDER BY `sort` ASC [ RunTime:0.000670s ]
[2023-09-12T06:56:07+08:00][sql] SHOW FULL COLUMNS FROM `jm_browse_index` [ RunTime:0.001506s ]
[2023-09-12T06:56:07+08:00][sql] SHOW FULL COLUMNS FROM `jm_news_index` [ RunTime:0.001606s ]
[2023-09-12T06:56:07+08:00][sql] SELECT `c_id` FROM `jm_news_index` WHERE  `id` = 170 LIMIT 1 [ RunTime:0.000618s ]
[2023-09-12T06:56:07+08:00][sql] SELECT * FROM `jm_browse_index` WHERE  `ip` = '111.225.149.49' ORDER BY `id` DESC LIMIT 1 [ RunTime:0.001046s ]
[2023-09-12T06:56:07+08:00][sql] INSERT INTO `jm_browse_index` SET `cid` = 77 , `url` = '/show/170.html' , `ip` = '111.225.149.49' , `mark` = '631e9519983244b051a3aed8fc868722' , `user_agent` = 'Mozilla/5.0 (Linux; Android 5.0) AppleWebKit/537.36 (KHTML, like Gecko) Mobile Safari/537.36 (compatible; Bytespider; https://zhanzhang.toutiao.com/)' , `create_time` = '2023-09-12 06:56:07.173106' [ RunTime:0.000436s ]
[2023-09-12T06:56:07+08:00][sql] SELECT * FROM `jm_news_index` WHERE  `id` = 170 LIMIT 1 [ RunTime:0.000448s ]
[2023-09-12T06:56:07+08:00][sql] SHOW FULL COLUMNS FROM `jm_category` [ RunTime:0.001569s ]
[2023-09-12T06:56:07+08:00][sql] SELECT * FROM `jm_category` WHERE  `id` = 77 LIMIT 1 [ RunTime:0.000671s ]
[2023-09-12T06:56:07+08:00][sql] SELECT * FROM `jm_category` WHERE  `id` = 74 LIMIT 1 [ RunTime:0.000361s ]
[2023-09-12T06:56:07+08:00][sql] SHOW FULL COLUMNS FROM `jm_ad_index` [ RunTime:0.001552s ]
[2023-09-12T06:56:07+08:00][sql] SELECT * FROM `jm_ad_index` WHERE  `g_id` = 74 LIMIT 1 [ RunTime:0.000628s ]
[2023-09-12T06:56:07+08:00][sql] SELECT * FROM `jm_category` WHERE  `pid` = 74 [ RunTime:0.000430s ]
[2023-09-12T06:56:07+08:00][sql] SELECT * FROM `jm_news_index` WHERE  `c_id` = 77  AND `id` > 170  AND `status` = 1 LIMIT 1 [ RunTime:0.000511s ]
[2023-09-12T06:56:07+08:00][sql] SELECT * FROM `jm_news_index` WHERE  `c_id` = 77  AND `id` < 170  AND `status` = 1 LIMIT 1 [ RunTime:0.000452s ]
[2023-09-12T07:12:46+08:00][sql] CONNECT:[ UseTime:0.000774s ] mysql:host=127.0.0.1;port=3306;dbname=www_fsqf_com;charset=utf8
[2023-09-12T07:12:46+08:00][sql] SHOW FULL COLUMNS FROM `jm_nav` [ RunTime:0.002431s ]
[2023-09-12T07:12:46+08:00][sql] SELECT * FROM `jm_nav` ORDER BY `sort` ASC [ RunTime:0.000826s ]
[2023-09-12T07:12:46+08:00][sql] SHOW FULL COLUMNS FROM `jm_browse_index` [ RunTime:0.001806s ]
[2023-09-12T07:12:46+08:00][sql] SELECT * FROM `jm_browse_index` WHERE  `ip` = '111.225.149.114' ORDER BY `id` DESC LIMIT 1 [ RunTime:0.001373s ]
[2023-09-12T07:12:46+08:00][sql] INSERT INTO `jm_browse_index` SET `cid` = 0 , `url` = '/page/2.html' , `ip` = '111.225.149.114' , `mark` = 'ddf64524bb9b0ce6b7d07738cb675421' , `user_agent` = 'Mozilla/5.0 (Linux; Android 5.0) AppleWebKit/537.36 (KHTML, like Gecko) Mobile Safari/537.36 (compatible; Bytespider; https://zhanzhang.toutiao.com/)' , `create_time` = '2023-09-12 07:12:46.682506' [ RunTime:0.000491s ]
[2023-09-12T07:12:46+08:00][sql] SHOW FULL COLUMNS FROM `jm_page_index` [ RunTime:0.001532s ]
[2023-09-12T07:12:46+08:00][sql] SELECT * FROM `jm_page_index` WHERE  `id` = 2 LIMIT 1 [ RunTime:0.000793s ]
[2023-09-12T07:12:46+08:00][sql] SHOW FULL COLUMNS FROM `jm_category` [ RunTime:0.001429s ]
[2023-09-12T07:12:46+08:00][sql] SELECT * FROM `jm_category` WHERE  `id` = 75 LIMIT 1 [ RunTime:0.000556s ]
[2023-09-12T07:12:46+08:00][sql] SELECT * FROM `jm_category` WHERE  `id` = 0 LIMIT 1 [ RunTime:0.000305s ]
[2023-09-12T07:12:46+08:00][sql] SHOW FULL COLUMNS FROM `jm_ad_index` [ RunTime:0.001262s ]
[2023-09-12T07:12:46+08:00][sql] SELECT * FROM `jm_ad_index` WHERE  `g_id` = 75 LIMIT 1 [ RunTime:0.000533s ]
[2023-09-12T07:12:46+08:00][sql] SELECT `id` FROM `jm_page_index` WHERE  `c_id` = 75 LIMIT 1 [ RunTime:0.000270s ]
[2023-09-12T07:12:46+08:00][sql] SELECT * FROM `jm_category` WHERE  `pid` = 75 [ RunTime:0.000338s ]
[2023-09-12T07:12:46+08:00][sql] SELECT * FROM `jm_page_index` WHERE  `c_id` = 76 ORDER BY `sort` ASC [ RunTime:0.000315s ]
[2023-09-12T08:14:11+08:00][sql] CONNECT:[ UseTime:0.000785s ] mysql:host=127.0.0.1;port=3306;dbname=www_fsqf_com;charset=utf8
[2023-09-12T08:14:11+08:00][sql] SHOW FULL COLUMNS FROM `jm_nav` [ RunTime:0.002030s ]
[2023-09-12T08:14:11+08:00][sql] SELECT * FROM `jm_nav` ORDER BY `sort` ASC [ RunTime:0.000705s ]
[2023-09-12T08:14:11+08:00][sql] SHOW FULL COLUMNS FROM `jm_browse_index` [ RunTime:0.001379s ]
[2023-09-12T08:14:11+08:00][sql] SELECT * FROM `jm_browse_index` WHERE  `ip` = '111.225.148.186' ORDER BY `id` DESC LIMIT 1 [ RunTime:0.001205s ]
[2023-09-12T08:14:11+08:00][sql] INSERT INTO `jm_browse_index` SET `cid` = 0 , `url` = '/page/10.html' , `ip` = '111.225.148.186' , `mark` = '26e88ed15ec2cd0b80fe762082b35551' , `user_agent` = 'Mozilla/5.0 (Linux; Android 5.0) AppleWebKit/537.36 (KHTML, like Gecko) Mobile Safari/537.36 (compatible; Bytespider; https://zhanzhang.toutiao.com/)' , `create_time` = '2023-09-12 08:14:11.851510' [ RunTime:0.000450s ]
[2023-09-12T08:14:11+08:00][sql] SHOW FULL COLUMNS FROM `jm_page_index` [ RunTime:0.001486s ]
[2023-09-12T08:14:11+08:00][sql] SELECT * FROM `jm_page_index` WHERE  `id` = 10 LIMIT 1 [ RunTime:0.000733s ]
[2023-09-12T08:14:11+08:00][sql] SHOW FULL COLUMNS FROM `jm_category` [ RunTime:0.001607s ]
[2023-09-12T08:14:11+08:00][sql] SELECT * FROM `jm_category` WHERE  `id` = 76 LIMIT 1 [ RunTime:0.000589s ]
[2023-09-12T08:14:11+08:00][sql] SELECT * FROM `jm_category` WHERE  `id` = 0 LIMIT 1 [ RunTime:0.000336s ]
[2023-09-12T08:14:11+08:00][sql] SHOW FULL COLUMNS FROM `jm_ad_index` [ RunTime:0.001404s ]
[2023-09-12T08:14:11+08:00][sql] SELECT * FROM `jm_ad_index` WHERE  `g_id` = 76 LIMIT 1 [ RunTime:0.000577s ]
[2023-09-12T08:14:11+08:00][sql] SELECT `id` FROM `jm_page_index` WHERE  `c_id` = 76 LIMIT 1 [ RunTime:0.000267s ]
[2023-09-12T08:14:11+08:00][sql] SELECT * FROM `jm_category` WHERE  `pid` = 76 [ RunTime:0.000317s ]
[2023-09-12T08:14:11+08:00][sql] SELECT * FROM `jm_page_index` WHERE  `c_id` = 76 ORDER BY `sort` ASC [ RunTime:0.000442s ]
[2023-09-12T08:43:08+08:00][sql] CONNECT:[ UseTime:0.000768s ] mysql:host=127.0.0.1;port=3306;dbname=www_fsqf_com;charset=utf8
[2023-09-12T08:43:08+08:00][sql] SHOW FULL COLUMNS FROM `jm_nav` [ RunTime:0.002118s ]
[2023-09-12T08:43:08+08:00][sql] SELECT * FROM `jm_nav` ORDER BY `sort` ASC [ RunTime:0.000788s ]
[2023-09-12T08:43:08+08:00][sql] SHOW FULL COLUMNS FROM `jm_browse_index` [ RunTime:0.001374s ]
[2023-09-12T08:43:08+08:00][sql] SHOW FULL COLUMNS FROM `jm_news_index` [ RunTime:0.001674s ]
[2023-09-12T08:43:08+08:00][sql] SELECT `c_id` FROM `jm_news_index` WHERE  `id` = 177 LIMIT 1 [ RunTime:0.000615s ]
[2023-09-12T08:43:08+08:00][sql] SELECT * FROM `jm_browse_index` WHERE  `ip` = '110.249.202.86' ORDER BY `id` DESC LIMIT 1 [ RunTime:0.001143s ]
[2023-09-12T08:43:08+08:00][sql] INSERT INTO `jm_browse_index` SET `cid` = 78 , `url` = '/show/177.html' , `ip` = '110.249.202.86' , `mark` = 'f3b76871eb00fe147c683ea7170efc20' , `user_agent` = 'Mozilla/5.0 (Linux; Android 5.0) AppleWebKit/537.36 (KHTML, like Gecko) Mobile Safari/537.36 (compatible; Bytespider; https://zhanzhang.toutiao.com/)' , `create_time` = '2023-09-12 08:43:08.236035' [ RunTime:0.000412s ]
[2023-09-12T08:43:08+08:00][sql] SELECT * FROM `jm_news_index` WHERE  `id` = 177 LIMIT 1 [ RunTime:0.000419s ]
[2023-09-12T08:43:08+08:00][sql] SHOW FULL COLUMNS FROM `jm_category` [ RunTime:0.001653s ]
[2023-09-12T08:43:08+08:00][sql] SELECT * FROM `jm_category` WHERE  `id` = 78 LIMIT 1 [ RunTime:0.000651s ]
[2023-09-12T08:43:08+08:00][sql] SELECT * FROM `jm_category` WHERE  `id` = 74 LIMIT 1 [ RunTime:0.000364s ]
[2023-09-12T08:43:08+08:00][sql] SHOW FULL COLUMNS FROM `jm_ad_index` [ RunTime:0.001279s ]
[2023-09-12T08:43:08+08:00][sql] SELECT * FROM `jm_ad_index` WHERE  `g_id` = 74 LIMIT 1 [ RunTime:0.000585s ]
[2023-09-12T08:43:08+08:00][sql] SELECT * FROM `jm_category` WHERE  `pid` = 74 [ RunTime:0.000304s ]
[2023-09-12T08:43:08+08:00][sql] SELECT * FROM `jm_news_index` WHERE  `c_id` = 78  AND `id` > 177  AND `status` = 1 LIMIT 1 [ RunTime:0.000417s ]
[2023-09-12T08:43:08+08:00][sql] SELECT * FROM `jm_news_index` WHERE  `c_id` = 78  AND `id` < 177  AND `status` = 1 LIMIT 1 [ RunTime:0.000548s ]
[2023-09-12T08:57:16+08:00][sql] CONNECT:[ UseTime:0.000803s ] mysql:host=127.0.0.1;port=3306;dbname=www_fsqf_com;charset=utf8
[2023-09-12T08:57:16+08:00][sql] SHOW FULL COLUMNS FROM `jm_nav` [ RunTime:0.002273s ]
[2023-09-12T08:57:16+08:00][sql] SELECT * FROM `jm_nav` ORDER BY `sort` ASC [ RunTime:0.000773s ]
[2023-09-12T08:57:16+08:00][sql] SHOW FULL COLUMNS FROM `jm_browse_index` [ RunTime:0.001579s ]
[2023-09-12T08:57:16+08:00][sql] SELECT * FROM `jm_browse_index` WHERE  `ip` = '111.225.149.183' ORDER BY `id` DESC LIMIT 1 [ RunTime:0.001384s ]
[2023-09-12T08:57:16+08:00][sql] INSERT INTO `jm_browse_index` SET `cid` = 0 , `url` = '/page/12.html' , `ip` = '111.225.149.183' , `mark` = 'eca3eddd4b98d3bc5315a49b9b27a092' , `user_agent` = 'Mozilla/5.0 (Linux; Android 5.0) AppleWebKit/537.36 (KHTML, like Gecko) Mobile Safari/537.36 (compatible; Bytespider; https://zhanzhang.toutiao.com/)' , `create_time` = '2023-09-12 08:57:16.941378' [ RunTime:0.000531s ]
[2023-09-12T08:57:16+08:00][sql] SHOW FULL COLUMNS FROM `jm_page_index` [ RunTime:0.001930s ]
[2023-09-12T08:57:16+08:00][sql] SELECT * FROM `jm_page_index` WHERE  `id` = 12 LIMIT 1 [ RunTime:0.000788s ]
[2023-09-12T08:57:16+08:00][sql] SHOW FULL COLUMNS FROM `jm_category` [ RunTime:0.001995s ]
[2023-09-12T08:57:16+08:00][sql] SELECT * FROM `jm_category` WHERE  `id` = 76 LIMIT 1 [ RunTime:0.000756s ]
[2023-09-12T08:57:16+08:00][sql] SELECT * FROM `jm_category` WHERE  `id` = 0 LIMIT 1 [ RunTime:0.000486s ]
[2023-09-12T08:57:16+08:00][sql] SHOW FULL COLUMNS FROM `jm_ad_index` [ RunTime:0.002205s ]
[2023-09-12T08:57:16+08:00][sql] SELECT * FROM `jm_ad_index` WHERE  `g_id` = 76 LIMIT 1 [ RunTime:0.000702s ]
[2023-09-12T08:57:16+08:00][sql] SELECT `id` FROM `jm_page_index` WHERE  `c_id` = 76 LIMIT 1 [ RunTime:0.000374s ]
[2023-09-12T08:57:16+08:00][sql] SELECT * FROM `jm_category` WHERE  `pid` = 76 [ RunTime:0.000492s ]
[2023-09-12T08:57:16+08:00][sql] SELECT * FROM `jm_page_index` WHERE  `c_id` = 76 ORDER BY `sort` ASC [ RunTime:0.000377s ]
[2023-09-12T09:31:15+08:00][sql] CONNECT:[ UseTime:0.000766s ] mysql:host=127.0.0.1;port=3306;dbname=www_fsqf_com;charset=utf8
[2023-09-12T09:31:15+08:00][sql] SHOW FULL COLUMNS FROM `jm_nav` [ RunTime:0.002101s ]
[2023-09-12T09:31:15+08:00][sql] SELECT * FROM `jm_nav` ORDER BY `sort` ASC [ RunTime:0.000760s ]
[2023-09-12T09:31:15+08:00][sql] SHOW FULL COLUMNS FROM `jm_browse_index` [ RunTime:0.001562s ]
[2023-09-12T09:31:15+08:00][sql] SELECT * FROM `jm_browse_index` WHERE  `ip` = '54.69.225.80' ORDER BY `id` DESC LIMIT 1 [ RunTime:0.001135s ]
[2023-09-12T09:31:15+08:00][sql] INSERT INTO `jm_browse_index` SET `cid` = 0 , `url` = '/' , `ip` = '54.69.225.80' , `mark` = 'a97eb5e8d7a08ff7aa800538a8bdb3a8' , `user_agent` = '' , `create_time` = '2023-09-12 09:31:15.895093' [ RunTime:0.000547s ]
[2023-09-12T09:31:15+08:00][sql] SHOW FULL COLUMNS FROM `jm_news_index` [ RunTime:0.002130s ]
[2023-09-12T09:31:15+08:00][sql] SELECT * FROM `jm_news_index` WHERE  `c_id` = 78  AND `status` = 1 ORDER BY `create_time` DESC LIMIT 5 [ RunTime:0.001017s ]
[2023-09-12T09:31:15+08:00][sql] SELECT * FROM `jm_news_index` WHERE  `c_id` = 79  AND `status` = 1 ORDER BY `create_time` DESC LIMIT 5 [ RunTime:0.000698s ]
[2023-09-12T09:31:15+08:00][sql] SELECT * FROM `jm_news_index` WHERE  `c_id` = 77  AND `status` = 1 ORDER BY `create_time` DESC LIMIT 5 [ RunTime:0.000517s ]
[2023-09-12T09:55:06+08:00][sql] CONNECT:[ UseTime:0.000790s ] mysql:host=127.0.0.1;port=3306;dbname=www_fsqf_com;charset=utf8
[2023-09-12T09:55:06+08:00][sql] SHOW FULL COLUMNS FROM `jm_nav` [ RunTime:0.002039s ]
[2023-09-12T09:55:06+08:00][sql] SELECT * FROM `jm_nav` ORDER BY `sort` ASC [ RunTime:0.000755s ]
[2023-09-12T09:55:06+08:00][sql] SHOW FULL COLUMNS FROM `jm_browse_index` [ RunTime:0.001521s ]
[2023-09-12T09:55:06+08:00][sql] SHOW FULL COLUMNS FROM `jm_news_index` [ RunTime:0.001712s ]
[2023-09-12T09:55:06+08:00][sql] SELECT `c_id` FROM `jm_news_index` WHERE  `id` = 174 LIMIT 1 [ RunTime:0.000653s ]
[2023-09-12T09:55:06+08:00][sql] SELECT * FROM `jm_browse_index` WHERE  `ip` = '111.225.149.15' ORDER BY `id` DESC LIMIT 1 [ RunTime:0.001149s ]
[2023-09-12T09:55:06+08:00][sql] INSERT INTO `jm_browse_index` SET `cid` = 79 , `url` = '/show/174.html' , `ip` = '111.225.149.15' , `mark` = '8271de73c5496ad288ef6c331682b908' , `user_agent` = 'Mozilla/5.0 (Linux; Android 5.0) AppleWebKit/537.36 (KHTML, like Gecko) Mobile Safari/537.36 (compatible; Bytespider; https://zhanzhang.toutiao.com/)' , `create_time` = '2023-09-12 09:55:06.897109' [ RunTime:0.000462s ]
[2023-09-12T09:55:06+08:00][sql] SELECT * FROM `jm_news_index` WHERE  `id` = 174 LIMIT 1 [ RunTime:0.000650s ]
[2023-09-12T09:55:06+08:00][sql] SHOW FULL COLUMNS FROM `jm_category` [ RunTime:0.002484s ]
[2023-09-12T09:55:06+08:00][sql] SELECT * FROM `jm_category` WHERE  `id` = 79 LIMIT 1 [ RunTime:0.000821s ]
[2023-09-12T09:55:06+08:00][sql] SELECT * FROM `jm_category` WHERE  `id` = 74 LIMIT 1 [ RunTime:0.000400s ]
[2023-09-12T09:55:06+08:00][sql] SHOW FULL COLUMNS FROM `jm_ad_index` [ RunTime:0.001900s ]
[2023-09-12T09:55:06+08:00][sql] SELECT * FROM `jm_ad_index` WHERE  `g_id` = 74 LIMIT 1 [ RunTime:0.000624s ]
[2023-09-12T09:55:06+08:00][sql] SELECT * FROM `jm_category` WHERE  `pid` = 74 [ RunTime:0.000482s ]
[2023-09-12T09:55:06+08:00][sql] SELECT * FROM `jm_news_index` WHERE  `c_id` = 79  AND `id` > 174  AND `status` = 1 LIMIT 1 [ RunTime:0.000733s ]
[2023-09-12T09:55:06+08:00][sql] SELECT * FROM `jm_news_index` WHERE  `c_id` = 79  AND `id` < 174  AND `status` = 1 LIMIT 1 [ RunTime:0.000603s ]
[2023-09-12T10:00:46+08:00][sql] CONNECT:[ UseTime:0.000786s ] mysql:host=127.0.0.1;port=3306;dbname=www_fsqf_com;charset=utf8
[2023-09-12T10:00:46+08:00][sql] SHOW FULL COLUMNS FROM `jm_nav` [ RunTime:0.001799s ]
[2023-09-12T10:00:46+08:00][sql] SELECT * FROM `jm_nav` ORDER BY `sort` ASC [ RunTime:0.000518s ]
[2023-09-12T10:00:46+08:00][sql] SHOW FULL COLUMNS FROM `jm_browse_index` [ RunTime:0.001282s ]
[2023-09-12T10:00:46+08:00][sql] SHOW FULL COLUMNS FROM `jm_news_index` [ RunTime:0.001589s ]
[2023-09-12T10:00:46+08:00][sql] SELECT `c_id` FROM `jm_news_index` WHERE  `id` = 168 LIMIT 1 [ RunTime:0.000545s ]
[2023-09-12T10:00:46+08:00][sql] SELECT * FROM `jm_browse_index` WHERE  `ip` = '110.249.201.245' ORDER BY `id` DESC LIMIT 1 [ RunTime:0.001006s ]
[2023-09-12T10:00:46+08:00][sql] INSERT INTO `jm_browse_index` SET `cid` = 77 , `url` = '/show/168.html' , `ip` = '110.249.201.245' , `mark` = 'ffcc5eb560ff2bf95677a69332861c7e' , `user_agent` = 'Mozilla/5.0 (Linux; Android 5.0) AppleWebKit/537.36 (KHTML, like Gecko) Mobile Safari/537.36 (compatible; Bytespider; https://zhanzhang.toutiao.com/)' , `create_time` = '2023-09-12 10:00:46.762296' [ RunTime:0.000503s ]
[2023-09-12T10:00:46+08:00][sql] SELECT * FROM `jm_news_index` WHERE  `id` = 168 LIMIT 1 [ RunTime:0.000722s ]
[2023-09-12T10:00:46+08:00][sql] SHOW FULL COLUMNS FROM `jm_category` [ RunTime:0.002467s ]
[2023-09-12T10:00:46+08:00][sql] SELECT * FROM `jm_category` WHERE  `id` = 77 LIMIT 1 [ RunTime:0.000676s ]
[2023-09-12T10:00:46+08:00][sql] SELECT * FROM `jm_category` WHERE  `id` = 74 LIMIT 1 [ RunTime:0.000449s ]
[2023-09-12T10:00:46+08:00][sql] SHOW FULL COLUMNS FROM `jm_ad_index` [ RunTime:0.001968s ]
[2023-09-12T10:00:46+08:00][sql] SELECT * FROM `jm_ad_index` WHERE  `g_id` = 74 LIMIT 1 [ RunTime:0.000565s ]
[2023-09-12T10:00:46+08:00][sql] SELECT * FROM `jm_category` WHERE  `pid` = 74 [ RunTime:0.000539s ]
[2023-09-12T10:00:46+08:00][sql] SELECT * FROM `jm_news_index` WHERE  `c_id` = 77  AND `id` > 168  AND `status` = 1 LIMIT 1 [ RunTime:0.000664s ]
[2023-09-12T10:00:46+08:00][sql] SELECT * FROM `jm_news_index` WHERE  `c_id` = 77  AND `id` < 168  AND `status` = 1 LIMIT 1 [ RunTime:0.000478s ]
[2023-09-12T10:10:51+08:00][sql] CONNECT:[ UseTime:0.000968s ] mysql:host=127.0.0.1;port=3306;dbname=www_fsqf_com;charset=utf8
[2023-09-12T10:10:51+08:00][sql] SHOW FULL COLUMNS FROM `jm_nav` [ RunTime:0.002098s ]
[2023-09-12T10:10:51+08:00][sql] SELECT * FROM `jm_nav` ORDER BY `sort` ASC [ RunTime:0.000834s ]
[2023-09-12T10:10:51+08:00][sql] SHOW FULL COLUMNS FROM `jm_browse_index` [ RunTime:0.001635s ]
[2023-09-12T10:10:51+08:00][sql] SELECT * FROM `jm_browse_index` WHERE  `ip` = '110.249.201.145' ORDER BY `id` DESC LIMIT 1 [ RunTime:0.001088s ]
[2023-09-12T10:10:51+08:00][sql] INSERT INTO `jm_browse_index` SET `cid` = 0 , `url` = '/page/1.html' , `ip` = '110.249.201.145' , `mark` = 'd28c204e29dbc7a41faaf41e335ecaca' , `user_agent` = 'Mozilla/5.0 (Linux; Android 5.0) AppleWebKit/537.36 (KHTML, like Gecko) Mobile Safari/537.36 (compatible; Bytespider; https://zhanzhang.toutiao.com/)' , `create_time` = '2023-09-12 10:10:51.741186' [ RunTime:0.000512s ]
[2023-09-12T10:10:51+08:00][sql] SHOW FULL COLUMNS FROM `jm_page_index` [ RunTime:0.001765s ]
[2023-09-12T10:10:51+08:00][sql] SELECT * FROM `jm_page_index` WHERE  `id` = 1 LIMIT 1 [ RunTime:0.000774s ]
[2023-09-12T10:10:51+08:00][sql] SHOW FULL COLUMNS FROM `jm_category` [ RunTime:0.001567s ]
[2023-09-12T10:10:51+08:00][sql] SELECT * FROM `jm_category` WHERE  `id` = 52 LIMIT 1 [ RunTime:0.000546s ]
[2023-09-12T10:10:51+08:00][sql] SELECT * FROM `jm_category` WHERE  `id` = 0 LIMIT 1 [ RunTime:0.000378s ]
[2023-09-12T10:10:51+08:00][sql] SHOW FULL COLUMNS FROM `jm_ad_index` [ RunTime:0.001697s ]
[2023-09-12T10:10:51+08:00][sql] SELECT * FROM `jm_ad_index` WHERE  `g_id` = 52 LIMIT 1 [ RunTime:0.000525s ]
[2023-09-12T10:10:51+08:00][sql] SELECT `id` FROM `jm_page_index` WHERE  `c_id` = 52 LIMIT 1 [ RunTime:0.000366s ]
[2023-09-12T10:10:51+08:00][sql] SELECT * FROM `jm_category` WHERE  `pid` = 52 [ RunTime:0.000416s ]
[2023-09-12T10:10:51+08:00][sql] SELECT * FROM `jm_page_index` WHERE  `c_id` = 76 ORDER BY `sort` ASC [ RunTime:0.000460s ]
[2023-09-12T10:19:26+08:00][sql] CONNECT:[ UseTime:0.000742s ] mysql:host=127.0.0.1;port=3306;dbname=www_fsqf_com;charset=utf8
[2023-09-12T10:19:26+08:00][sql] SHOW FULL COLUMNS FROM `jm_nav` [ RunTime:0.001990s ]
[2023-09-12T10:19:26+08:00][sql] SELECT * FROM `jm_nav` ORDER BY `sort` ASC [ RunTime:0.000610s ]
[2023-09-12T10:19:26+08:00][sql] SHOW FULL COLUMNS FROM `jm_browse_index` [ RunTime:0.001801s ]
[2023-09-12T10:19:26+08:00][sql] SHOW FULL COLUMNS FROM `jm_news_index` [ RunTime:0.002058s ]
[2023-09-12T10:19:26+08:00][sql] SELECT `c_id` FROM `jm_news_index` WHERE  `id` = 167 LIMIT 1 [ RunTime:0.000607s ]
[2023-09-12T10:19:26+08:00][sql] SELECT * FROM `jm_browse_index` WHERE  `ip` = '110.249.202.143' ORDER BY `id` DESC LIMIT 1 [ RunTime:0.001199s ]
[2023-09-12T10:19:26+08:00][sql] INSERT INTO `jm_browse_index` SET `cid` = 77 , `url` = '/show/167.html' , `ip` = '110.249.202.143' , `mark` = '058dd4a47d32d2551c23de91ef75ddad' , `user_agent` = 'Mozilla/5.0 (Linux; Android 5.0) AppleWebKit/537.36 (KHTML, like Gecko) Mobile Safari/537.36 (compatible; Bytespider; https://zhanzhang.toutiao.com/)' , `create_time` = '2023-09-12 10:19:26.530709' [ RunTime:0.000460s ]
[2023-09-12T10:19:26+08:00][sql] SELECT * FROM `jm_news_index` WHERE  `id` = 167 LIMIT 1 [ RunTime:0.000591s ]
[2023-09-12T10:19:26+08:00][sql] SHOW FULL COLUMNS FROM `jm_category` [ RunTime:0.002004s ]
[2023-09-12T10:19:26+08:00][sql] SELECT * FROM `jm_category` WHERE  `id` = 77 LIMIT 1 [ RunTime:0.000508s ]
[2023-09-12T10:19:26+08:00][sql] SELECT * FROM `jm_category` WHERE  `id` = 74 LIMIT 1 [ RunTime:0.000386s ]
[2023-09-12T10:19:26+08:00][sql] SHOW FULL COLUMNS FROM `jm_ad_index` [ RunTime:0.001475s ]
[2023-09-12T10:19:26+08:00][sql] SELECT * FROM `jm_ad_index` WHERE  `g_id` = 74 LIMIT 1 [ RunTime:0.000494s ]
[2023-09-12T10:19:26+08:00][sql] SELECT * FROM `jm_category` WHERE  `pid` = 74 [ RunTime:0.000358s ]
[2023-09-12T10:19:26+08:00][sql] SELECT * FROM `jm_news_index` WHERE  `c_id` = 77  AND `id` > 167  AND `status` = 1 LIMIT 1 [ RunTime:0.000484s ]
[2023-09-12T10:19:26+08:00][sql] SELECT * FROM `jm_news_index` WHERE  `c_id` = 77  AND `id` < 167  AND `status` = 1 LIMIT 1 [ RunTime:0.000446s ]
[2023-09-12T10:25:42+08:00][sql] CONNECT:[ UseTime:0.000745s ] mysql:host=127.0.0.1;port=3306;dbname=www_fsqf_com;charset=utf8
[2023-09-12T10:25:42+08:00][sql] SHOW FULL COLUMNS FROM `jm_nav` [ RunTime:0.001836s ]
[2023-09-12T10:25:42+08:00][sql] SELECT * FROM `jm_nav` ORDER BY `sort` ASC [ RunTime:0.000674s ]
[2023-09-12T10:25:42+08:00][sql] SHOW FULL COLUMNS FROM `jm_browse_index` [ RunTime:0.001379s ]
[2023-09-12T10:25:42+08:00][sql] SELECT * FROM `jm_browse_index` WHERE  `ip` = '110.249.201.190' ORDER BY `id` DESC LIMIT 1 [ RunTime:0.001097s ]
[2023-09-12T10:25:42+08:00][sql] INSERT INTO `jm_browse_index` SET `cid` = 0 , `url` = '/page/9.html' , `ip` = '110.249.201.190' , `mark` = '6127c9b7a5a3279d28a6c4edc209260e' , `user_agent` = 'Mozilla/5.0 (Linux; Android 5.0) AppleWebKit/537.36 (KHTML, like Gecko) Mobile Safari/537.36 (compatible; Bytespider; https://zhanzhang.toutiao.com/)' , `create_time` = '2023-09-12 10:25:42.911451' [ RunTime:0.000504s ]
[2023-09-12T10:25:42+08:00][sql] SHOW FULL COLUMNS FROM `jm_page_index` [ RunTime:0.001775s ]
[2023-09-12T10:25:42+08:00][sql] SELECT * FROM `jm_page_index` WHERE  `id` = 9 LIMIT 1 [ RunTime:0.000602s ]
[2023-09-12T10:25:42+08:00][sql] SHOW FULL COLUMNS FROM `jm_category` [ RunTime:0.001793s ]
[2023-09-12T10:25:42+08:00][sql] SELECT * FROM `jm_category` WHERE  `id` = 76 LIMIT 1 [ RunTime:0.000566s ]
[2023-09-12T10:25:42+08:00][sql] SELECT * FROM `jm_category` WHERE  `id` = 0 LIMIT 1 [ RunTime:0.000339s ]
[2023-09-12T10:25:42+08:00][sql] SHOW FULL COLUMNS FROM `jm_ad_index` [ RunTime:0.001397s ]
[2023-09-12T10:25:42+08:00][sql] SELECT * FROM `jm_ad_index` WHERE  `g_id` = 76 LIMIT 1 [ RunTime:0.000498s ]
[2023-09-12T10:25:42+08:00][sql] SELECT `id` FROM `jm_page_index` WHERE  `c_id` = 76 LIMIT 1 [ RunTime:0.000412s ]
[2023-09-12T10:25:42+08:00][sql] SELECT * FROM `jm_category` WHERE  `pid` = 76 [ RunTime:0.000382s ]
[2023-09-12T10:25:42+08:00][sql] SELECT * FROM `jm_page_index` WHERE  `c_id` = 76 ORDER BY `sort` ASC [ RunTime:0.000407s ]
[2023-09-12T11:31:53+08:00][sql] CONNECT:[ UseTime:0.000657s ] mysql:host=127.0.0.1;port=3306;dbname=www_fsqf_com;charset=utf8
[2023-09-12T11:31:53+08:00][sql] SHOW FULL COLUMNS FROM `jm_nav` [ RunTime:0.001845s ]
[2023-09-12T11:31:53+08:00][sql] SELECT * FROM `jm_nav` ORDER BY `sort` ASC [ RunTime:0.000709s ]
[2023-09-12T11:31:53+08:00][sql] SHOW FULL COLUMNS FROM `jm_browse_index` [ RunTime:0.001487s ]
[2023-09-12T11:31:53+08:00][sql] SHOW FULL COLUMNS FROM `jm_news_index` [ RunTime:0.001652s ]
[2023-09-12T11:31:53+08:00][sql] SELECT `c_id` FROM `jm_news_index` WHERE  `id` = 172 LIMIT 1 [ RunTime:0.000680s ]
[2023-09-12T11:31:53+08:00][sql] SELECT * FROM `jm_browse_index` WHERE  `ip` = '111.225.148.52' ORDER BY `id` DESC LIMIT 1 [ RunTime:0.001149s ]
[2023-09-12T11:31:53+08:00][sql] INSERT INTO `jm_browse_index` SET `cid` = 79 , `url` = '/show/172.html' , `ip` = '111.225.148.52' , `mark` = 'a4f6f11bb10733069637d7c4a29a0213' , `user_agent` = 'Mozilla/5.0 (Linux; Android 5.0) AppleWebKit/537.36 (KHTML, like Gecko) Mobile Safari/537.36 (compatible; Bytespider; https://zhanzhang.toutiao.com/)' , `create_time` = '2023-09-12 11:31:53.747822' [ RunTime:0.000431s ]
[2023-09-12T11:31:53+08:00][sql] SELECT * FROM `jm_news_index` WHERE  `id` = 172 LIMIT 1 [ RunTime:0.000503s ]
[2023-09-12T11:31:53+08:00][sql] SHOW FULL COLUMNS FROM `jm_category` [ RunTime:0.001982s ]
[2023-09-12T11:31:53+08:00][sql] SELECT * FROM `jm_category` WHERE  `id` = 79 LIMIT 1 [ RunTime:0.000840s ]
[2023-09-12T11:31:53+08:00][sql] SELECT * FROM `jm_category` WHERE  `id` = 74 LIMIT 1 [ RunTime:0.000478s ]
[2023-09-12T11:31:53+08:00][sql] SHOW FULL COLUMNS FROM `jm_ad_index` [ RunTime:0.001820s ]
[2023-09-12T11:31:53+08:00][sql] SELECT * FROM `jm_ad_index` WHERE  `g_id` = 74 LIMIT 1 [ RunTime:0.000747s ]
[2023-09-12T11:31:53+08:00][sql] SELECT * FROM `jm_category` WHERE  `pid` = 74 [ RunTime:0.000376s ]
[2023-09-12T11:31:53+08:00][sql] SELECT * FROM `jm_news_index` WHERE  `c_id` = 79  AND `id` > 172  AND `status` = 1 LIMIT 1 [ RunTime:0.000522s ]
[2023-09-12T11:31:53+08:00][sql] SELECT * FROM `jm_news_index` WHERE  `c_id` = 79  AND `id` < 172  AND `status` = 1 LIMIT 1 [ RunTime:0.000530s ]
[2023-09-12T11:35:54+08:00][sql] CONNECT:[ UseTime:0.000885s ] mysql:host=127.0.0.1;port=3306;dbname=www_fsqf_com;charset=utf8
[2023-09-12T11:35:54+08:00][sql] SHOW FULL COLUMNS FROM `jm_nav` [ RunTime:0.002089s ]
[2023-09-12T11:35:54+08:00][sql] SELECT * FROM `jm_nav` ORDER BY `sort` ASC [ RunTime:0.000722s ]
[2023-09-12T11:35:54+08:00][sql] SHOW FULL COLUMNS FROM `jm_browse_index` [ RunTime:0.002245s ]
[2023-09-12T11:35:54+08:00][sql] SELECT * FROM `jm_browse_index` WHERE  `ip` = '110.249.202.237' ORDER BY `id` DESC LIMIT 1 [ RunTime:0.001717s ]
[2023-09-12T11:35:54+08:00][sql] INSERT INTO `jm_browse_index` SET `cid` = 79 , `url` = '/list/79.html' , `ip` = '110.249.202.237' , `mark` = '2a12977e055b0f2967a442ecb73a8e87' , `user_agent` = 'Mozilla/5.0 (Linux; Android 5.0) AppleWebKit/537.36 (KHTML, like Gecko) Mobile Safari/537.36 (compatible; Bytespider; https://zhanzhang.toutiao.com/)' , `create_time` = '2023-09-12 11:35:53.983851' [ RunTime:0.000577s ]
[2023-09-12T11:35:54+08:00][sql] SHOW FULL COLUMNS FROM `jm_category` [ RunTime:0.002828s ]
[2023-09-12T11:35:54+08:00][sql] SELECT `pid` FROM `jm_category` WHERE  `id` = 79 LIMIT 1 [ RunTime:0.000707s ]
[2023-09-12T11:35:54+08:00][sql] SHOW FULL COLUMNS FROM `jm_news_index` [ RunTime:0.002261s ]
[2023-09-12T11:35:54+08:00][sql] SELECT COUNT(*) AS think_count FROM `jm_news_index` WHERE  `status` = 1  AND `c_id` = 79 LIMIT 1 [ RunTime:0.000711s ]
[2023-09-12T11:35:54+08:00][sql] SELECT * FROM `jm_news_index` WHERE  `status` = 1  AND `c_id` = 79 ORDER BY `create_time` DESC LIMIT 0,5 [ RunTime:0.000726s ]
[2023-09-12T11:35:54+08:00][sql] SELECT * FROM `jm_category` WHERE  `id` = 79 LIMIT 1 [ RunTime:0.000357s ]
[2023-09-12T11:35:54+08:00][sql] SELECT * FROM `jm_category` WHERE  `id` = 74 LIMIT 1 [ RunTime:0.000282s ]
[2023-09-12T11:35:54+08:00][sql] SHOW FULL COLUMNS FROM `jm_ad_index` [ RunTime:0.001497s ]
[2023-09-12T11:35:54+08:00][sql] SELECT * FROM `jm_ad_index` WHERE  `g_id` = 74 LIMIT 1 [ RunTime:0.000453s ]
[2023-09-12T11:35:54+08:00][sql] SELECT * FROM `jm_category` WHERE  `pid` = 74 ORDER BY `sort` ASC [ RunTime:0.000404s ]
[2023-09-12T11:39:35+08:00][sql] CONNECT:[ UseTime:0.000643s ] mysql:host=127.0.0.1;port=3306;dbname=www_fsqf_com;charset=utf8
[2023-09-12T11:39:35+08:00][sql] SHOW FULL COLUMNS FROM `jm_nav` [ RunTime:0.001732s ]
[2023-09-12T11:39:35+08:00][sql] SELECT * FROM `jm_nav` ORDER BY `sort` ASC [ RunTime:0.000491s ]
[2023-09-12T11:39:35+08:00][sql] SHOW FULL COLUMNS FROM `jm_browse_index` [ RunTime:0.001290s ]
[2023-09-12T11:39:35+08:00][sql] SELECT * FROM `jm_browse_index` WHERE  `ip` = '124.71.166.204' ORDER BY `id` DESC LIMIT 1 [ RunTime:0.000543s ]
[2023-09-12T11:39:35+08:00][sql] INSERT INTO `jm_browse_index` SET `cid` = 0 , `url` = '/' , `ip` = '124.71.166.204' , `mark` = '73ac7bb80eeac420977ef74a63a85c85' , `user_agent` = 'Mozilla/5.0 (Windows NT 8.8; Win64; x64) AppleWebKit/537.36 (KHTML, like Gecko) Chrome/72.0.2302.88 Safari/537.36' , `create_time` = '2023-09-12 11:39:35.025540' [ RunTime:0.000430s ]
[2023-09-12T11:39:35+08:00][sql] SHOW FULL COLUMNS FROM `jm_news_index` [ RunTime:0.001553s ]
[2023-09-12T11:39:35+08:00][sql] SELECT * FROM `jm_news_index` WHERE  `c_id` = 78  AND `status` = 1 ORDER BY `create_time` DESC LIMIT 5 [ RunTime:0.000717s ]
[2023-09-12T11:39:35+08:00][sql] SELECT * FROM `jm_news_index` WHERE  `c_id` = 79  AND `status` = 1 ORDER BY `create_time` DESC LIMIT 5 [ RunTime:0.000628s ]
[2023-09-12T11:39:35+08:00][sql] SELECT * FROM `jm_news_index` WHERE  `c_id` = 77  AND `status` = 1 ORDER BY `create_time` DESC LIMIT 5 [ RunTime:0.000532s ]
[2023-09-12T11:39:35+08:00][sql] CONNECT:[ UseTime:0.000789s ] mysql:host=127.0.0.1;port=3306;dbname=www_fsqf_com;charset=utf8
[2023-09-12T11:39:35+08:00][sql] SHOW FULL COLUMNS FROM `jm_nav` [ RunTime:0.001849s ]
[2023-09-12T11:39:35+08:00][sql] SELECT * FROM `jm_nav` ORDER BY `sort` ASC [ RunTime:0.000608s ]
[2023-09-12T11:39:35+08:00][sql] SHOW FULL COLUMNS FROM `jm_browse_index` [ RunTime:0.002172s ]
[2023-09-12T11:39:35+08:00][sql] SELECT * FROM `jm_browse_index` WHERE  `ip` = '124.71.166.204' ORDER BY `id` DESC LIMIT 1 [ RunTime:0.000698s ]
[2023-09-12T11:39:35+08:00][sql] INSERT INTO `jm_browse_index` SET `cid` = 0 , `url` = '/page/2.html' , `ip` = '124.71.166.204' , `mark` = 'e528998d576de998fd3e34b26660029b' , `user_agent` = 'Mozilla/5.0 (Windows NT 9.4; Win64; x64) AppleWebKit/537.36 (KHTML, like Gecko) Chrome/75.0.2150.88 Safari/537.36' , `create_time` = '2023-09-12 11:39:35.131442' [ RunTime:0.000568s ]
[2023-09-12T11:39:35+08:00][sql] SHOW FULL COLUMNS FROM `jm_page_index` [ RunTime:0.002507s ]
[2023-09-12T11:39:35+08:00][sql] SELECT * FROM `jm_page_index` WHERE  `id` = 2 LIMIT 1 [ RunTime:0.000864s ]
[2023-09-12T11:39:35+08:00][sql] SHOW FULL COLUMNS FROM `jm_category` [ RunTime:0.002561s ]
[2023-09-12T11:39:35+08:00][sql] SELECT * FROM `jm_category` WHERE  `id` = 75 LIMIT 1 [ RunTime:0.000805s ]
[2023-09-12T11:39:35+08:00][sql] SELECT * FROM `jm_category` WHERE  `id` = 0 LIMIT 1 [ RunTime:0.000432s ]
[2023-09-12T11:39:35+08:00][sql] SHOW FULL COLUMNS FROM `jm_ad_index` [ RunTime:0.001660s ]
[2023-09-12T11:39:35+08:00][sql] SELECT * FROM `jm_ad_index` WHERE  `g_id` = 75 LIMIT 1 [ RunTime:0.000652s ]
[2023-09-12T11:39:35+08:00][sql] SELECT `id` FROM `jm_page_index` WHERE  `c_id` = 75 LIMIT 1 [ RunTime:0.000375s ]
[2023-09-12T11:39:35+08:00][sql] SELECT * FROM `jm_category` WHERE  `pid` = 75 [ RunTime:0.000420s ]
[2023-09-12T11:39:35+08:00][sql] SELECT * FROM `jm_page_index` WHERE  `c_id` = 76 ORDER BY `sort` ASC [ RunTime:0.000475s ]
[2023-09-12T12:07:30+08:00][sql] CONNECT:[ UseTime:0.000923s ] mysql:host=127.0.0.1;port=3306;dbname=www_fsqf_com;charset=utf8
[2023-09-12T12:07:30+08:00][sql] SHOW FULL COLUMNS FROM `jm_nav` [ RunTime:0.002075s ]
[2023-09-12T12:07:30+08:00][sql] SELECT * FROM `jm_nav` ORDER BY `sort` ASC [ RunTime:0.000774s ]
[2023-09-12T12:07:30+08:00][sql] SHOW FULL COLUMNS FROM `jm_browse_index` [ RunTime:0.001673s ]
[2023-09-12T12:07:30+08:00][sql] SELECT * FROM `jm_browse_index` WHERE  `ip` = '5.133.192.187' ORDER BY `id` DESC LIMIT 1 [ RunTime:0.001205s ]
[2023-09-12T12:07:30+08:00][sql] INSERT INTO `jm_browse_index` SET `cid` = 0 , `url` = '/' , `ip` = '5.133.192.187' , `mark` = '96d2693da5665908883e5b621355f789' , `user_agent` = 'Mozilla/5.0 (Linux; Android 8.1.0; jhs561 Build/GIADA.eng.zc.20200922.153858; wv) AppleWebKit/537.36 (KHTML, like Gecko) Version/4.0 Chrome/81.0.4044.138 Safari/537.36' , `create_time` = '2023-09-12 12:07:30.700031' [ RunTime:0.000555s ]
[2023-09-12T12:07:30+08:00][sql] SHOW FULL COLUMNS FROM `jm_news_index` [ RunTime:0.001950s ]
[2023-09-12T12:07:30+08:00][sql] SELECT * FROM `jm_news_index` WHERE  `c_id` = 78  AND `status` = 1 ORDER BY `create_time` DESC LIMIT 5 [ RunTime:0.000922s ]
[2023-09-12T12:07:30+08:00][sql] SELECT * FROM `jm_news_index` WHERE  `c_id` = 79  AND `status` = 1 ORDER BY `create_time` DESC LIMIT 5 [ RunTime:0.000593s ]
[2023-09-12T12:07:30+08:00][sql] SELECT * FROM `jm_news_index` WHERE  `c_id` = 77  AND `status` = 1 ORDER BY `create_time` DESC LIMIT 5 [ RunTime:0.000606s ]
[2023-09-12T13:46:54+08:00][sql] CONNECT:[ UseTime:0.000711s ] mysql:host=127.0.0.1;port=3306;dbname=www_fsqf_com;charset=utf8
[2023-09-12T13:46:54+08:00][sql] SHOW FULL COLUMNS FROM `jm_nav` [ RunTime:0.001810s ]
[2023-09-12T13:46:54+08:00][sql] SELECT * FROM `jm_nav` ORDER BY `sort` ASC [ RunTime:0.000635s ]
[2023-09-12T13:46:54+08:00][sql] SHOW FULL COLUMNS FROM `jm_browse_index` [ RunTime:0.001325s ]
[2023-09-12T13:46:54+08:00][sql] SELECT * FROM `jm_browse_index` WHERE  `ip` = '111.75.6.135' ORDER BY `id` DESC LIMIT 1 [ RunTime:0.001160s ]
[2023-09-12T13:46:54+08:00][sql] INSERT INTO `jm_browse_index` SET `cid` = 0 , `url` = '/' , `ip` = '111.75.6.135' , `mark` = 'e36956f986df0e3b2c162d48395b3507' , `user_agent` = 'Mozilla/5.0 (Windows NT 6.1; WOW64) AppleWebKit/537.36 (KHTML, like Gecko) Chrome/86.0.4240.198 Safari/537.36' , `create_time` = '2023-09-12 13:46:54.939991' [ RunTime:0.000451s ]
[2023-09-12T13:46:54+08:00][sql] SHOW FULL COLUMNS FROM `jm_news_index` [ RunTime:0.001959s ]
[2023-09-12T13:46:54+08:00][sql] SELECT * FROM `jm_news_index` WHERE  `c_id` = 78  AND `status` = 1 ORDER BY `create_time` DESC LIMIT 5 [ RunTime:0.000940s ]
[2023-09-12T13:46:54+08:00][sql] SELECT * FROM `jm_news_index` WHERE  `c_id` = 79  AND `status` = 1 ORDER BY `create_time` DESC LIMIT 5 [ RunTime:0.000630s ]
[2023-09-12T13:46:54+08:00][sql] SELECT * FROM `jm_news_index` WHERE  `c_id` = 77  AND `status` = 1 ORDER BY `create_time` DESC LIMIT 5 [ RunTime:0.000543s ]
[2023-09-12T13:47:09+08:00][sql] CONNECT:[ UseTime:0.000796s ] mysql:host=127.0.0.1;port=3306;dbname=www_fsqf_com;charset=utf8
[2023-09-12T13:47:09+08:00][sql] SHOW FULL COLUMNS FROM `jm_nav` [ RunTime:0.001671s ]
[2023-09-12T13:47:09+08:00][sql] SELECT * FROM `jm_nav` ORDER BY `sort` ASC [ RunTime:0.000516s ]
[2023-09-12T13:47:09+08:00][sql] SHOW FULL COLUMNS FROM `jm_browse_index` [ RunTime:0.001511s ]
[2023-09-12T13:47:09+08:00][sql] SELECT * FROM `jm_browse_index` WHERE  `ip` = '27.115.124.45' ORDER BY `id` DESC LIMIT 1 [ RunTime:0.001036s ]
[2023-09-12T13:47:09+08:00][sql] INSERT INTO `jm_browse_index` SET `cid` = 0 , `url` = '/' , `ip` = '27.115.124.45' , `mark` = 'bcd6aefdd1989d25770b000dfbeaa020' , `user_agent` = 'Mozilla/5.0 (Linux; Android 8.0; Pixel 2 Build/OPD3.170816.012) AppleWebKit/537.36 (KHTML, like Gecko) Chrome/87.0.4280.88 Mobile Safari/537.36' , `create_time` = '2023-09-12 13:47:09.371684' [ RunTime:0.000539s ]
[2023-09-12T13:47:09+08:00][sql] SHOW FULL COLUMNS FROM `jm_news_index` [ RunTime:0.002044s ]
[2023-09-12T13:47:09+08:00][sql] SELECT * FROM `jm_news_index` WHERE  `c_id` = 78  AND `status` = 1 ORDER BY `create_time` DESC LIMIT 5 [ RunTime:0.000826s ]
[2023-09-12T13:47:09+08:00][sql] SELECT * FROM `jm_news_index` WHERE  `c_id` = 79  AND `status` = 1 ORDER BY `create_time` DESC LIMIT 5 [ RunTime:0.000639s ]
[2023-09-12T13:47:09+08:00][sql] SELECT * FROM `jm_news_index` WHERE  `c_id` = 77  AND `status` = 1 ORDER BY `create_time` DESC LIMIT 5 [ RunTime:0.000623s ]
[2023-09-12T13:48:13+08:00][sql] CONNECT:[ UseTime:0.000803s ] mysql:host=127.0.0.1;port=3306;dbname=www_fsqf_com;charset=utf8
[2023-09-12T13:48:13+08:00][sql] SHOW FULL COLUMNS FROM `jm_nav` [ RunTime:0.001884s ]
[2023-09-12T13:48:13+08:00][sql] SELECT * FROM `jm_nav` ORDER BY `sort` ASC [ RunTime:0.000491s ]
[2023-09-12T13:48:13+08:00][sql] SHOW FULL COLUMNS FROM `jm_browse_index` [ RunTime:0.001425s ]
[2023-09-12T13:48:13+08:00][sql] SHOW FULL COLUMNS FROM `jm_news_index` [ RunTime:0.001786s ]
[2023-09-12T13:48:13+08:00][sql] SELECT `c_id` FROM `jm_news_index` WHERE  `id` = 176 LIMIT 1 [ RunTime:0.000469s ]
[2023-09-12T13:48:13+08:00][sql] SELECT * FROM `jm_browse_index` WHERE  `ip` = '111.75.6.135' ORDER BY `id` DESC LIMIT 1 [ RunTime:0.000465s ]
[2023-09-12T13:48:13+08:00][sql] INSERT INTO `jm_browse_index` SET `cid` = 78 , `url` = '/show/176.html' , `ip` = '111.75.6.135' , `mark` = 'f47db6cb2021b5ac6e57a2cbcf3f9b21' , `user_agent` = 'Mozilla/5.0 (Windows NT 6.1; WOW64) AppleWebKit/537.36 (KHTML, like Gecko) Chrome/86.0.4240.198 Safari/537.36' , `create_time` = '2023-09-12 13:48:13.462622' [ RunTime:0.000434s ]
[2023-09-12T13:48:13+08:00][sql] SELECT * FROM `jm_news_index` WHERE  `id` = 176 LIMIT 1 [ RunTime:0.000370s ]
[2023-09-12T13:48:13+08:00][sql] SHOW FULL COLUMNS FROM `jm_category` [ RunTime:0.001419s ]
[2023-09-12T13:48:13+08:00][sql] SELECT * FROM `jm_category` WHERE  `id` = 78 LIMIT 1 [ RunTime:0.000542s ]
[2023-09-12T13:48:13+08:00][sql] SELECT * FROM `jm_category` WHERE  `id` = 74 LIMIT 1 [ RunTime:0.000352s ]
[2023-09-12T13:48:13+08:00][sql] SHOW FULL COLUMNS FROM `jm_ad_index` [ RunTime:0.001227s ]
[2023-09-12T13:48:13+08:00][sql] SELECT * FROM `jm_ad_index` WHERE  `g_id` = 74 LIMIT 1 [ RunTime:0.000529s ]
[2023-09-12T13:48:13+08:00][sql] SELECT * FROM `jm_category` WHERE  `pid` = 74 [ RunTime:0.000314s ]
[2023-09-12T13:48:13+08:00][sql] SELECT * FROM `jm_news_index` WHERE  `c_id` = 78  AND `id` > 176  AND `status` = 1 LIMIT 1 [ RunTime:0.000410s ]
[2023-09-12T13:48:13+08:00][sql] SELECT * FROM `jm_news_index` WHERE  `c_id` = 78  AND `id` < 176  AND `status` = 1 LIMIT 1 [ RunTime:0.000375s ]
[2023-09-12T13:49:08+08:00][sql] CONNECT:[ UseTime:0.000798s ] mysql:host=127.0.0.1;port=3306;dbname=www_fsqf_com;charset=utf8
[2023-09-12T13:49:08+08:00][sql] SHOW FULL COLUMNS FROM `jm_nav` [ RunTime:0.001963s ]
[2023-09-12T13:49:08+08:00][sql] SELECT * FROM `jm_nav` ORDER BY `sort` ASC [ RunTime:0.000561s ]
[2023-09-12T13:49:08+08:00][sql] SHOW FULL COLUMNS FROM `jm_browse_index` [ RunTime:0.001913s ]
[2023-09-12T13:49:08+08:00][sql] SHOW FULL COLUMNS FROM `jm_news_index` [ RunTime:0.001936s ]
[2023-09-12T13:49:08+08:00][sql] SELECT `c_id` FROM `jm_news_index` WHERE  `id` = 176 LIMIT 1 [ RunTime:0.000509s ]
[2023-09-12T13:49:08+08:00][sql] SELECT * FROM `jm_browse_index` WHERE  `ip` = '123.6.49.47' ORDER BY `id` DESC LIMIT 1 [ RunTime:0.000638s ]
[2023-09-12T13:49:08+08:00][sql] INSERT INTO `jm_browse_index` SET `cid` = 78 , `url` = '/show/176.html' , `ip` = '123.6.49.47' , `mark` = '559bf0774b244738baa7d6d2e4ae9d9e' , `user_agent` = 'Mozilla/5.0 (Linux; Android 8.0; Pixel 2 Build/OPD3.170816.012) AppleWebKit/537.36 (KHTML, like Gecko) Chrome/87.0.4280.88 Mobile Safari/537.36' , `create_time` = '2023-09-12 13:49:08.853931' [ RunTime:0.000449s ]
[2023-09-12T13:49:08+08:00][sql] SELECT * FROM `jm_news_index` WHERE  `id` = 176 LIMIT 1 [ RunTime:0.000541s ]
[2023-09-12T13:49:08+08:00][sql] SHOW FULL COLUMNS FROM `jm_category` [ RunTime:0.001970s ]
[2023-09-12T13:49:08+08:00][sql] SELECT * FROM `jm_category` WHERE  `id` = 78 LIMIT 1 [ RunTime:0.000548s ]
[2023-09-12T13:49:08+08:00][sql] SELECT * FROM `jm_category` WHERE  `id` = 74 LIMIT 1 [ RunTime:0.000421s ]
[2023-09-12T13:49:08+08:00][sql] SHOW FULL COLUMNS FROM `jm_ad_index` [ RunTime:0.002028s ]
[2023-09-12T13:49:08+08:00][sql] SELECT * FROM `jm_ad_index` WHERE  `g_id` = 74 LIMIT 1 [ RunTime:0.000483s ]
[2023-09-12T13:49:08+08:00][sql] SELECT * FROM `jm_category` WHERE  `pid` = 74 [ RunTime:0.000371s ]
[2023-09-12T13:49:08+08:00][sql] SELECT * FROM `jm_news_index` WHERE  `c_id` = 78  AND `id` > 176  AND `status` = 1 LIMIT 1 [ RunTime:0.000469s ]
[2023-09-12T13:49:08+08:00][sql] SELECT * FROM `jm_news_index` WHERE  `c_id` = 78  AND `id` < 176  AND `status` = 1 LIMIT 1 [ RunTime:0.000437s ]
[2023-09-12T13:49:31+08:00][sql] CONNECT:[ UseTime:0.001068s ] mysql:host=127.0.0.1;port=3306;dbname=www_fsqf_com;charset=utf8
[2023-09-12T13:49:31+08:00][sql] SHOW FULL COLUMNS FROM `jm_nav` [ RunTime:0.002883s ]
[2023-09-12T13:49:31+08:00][sql] SELECT * FROM `jm_nav` ORDER BY `sort` ASC [ RunTime:0.000780s ]
[2023-09-12T13:49:31+08:00][sql] SHOW FULL COLUMNS FROM `jm_browse_index` [ RunTime:0.001921s ]
[2023-09-12T13:49:31+08:00][sql] SHOW FULL COLUMNS FROM `jm_news_index` [ RunTime:0.003101s ]
[2023-09-12T13:49:31+08:00][sql] SELECT `c_id` FROM `jm_news_index` WHERE  `id` = 177 LIMIT 1 [ RunTime:0.000738s ]
[2023-09-12T13:49:31+08:00][sql] SELECT * FROM `jm_browse_index` WHERE  `ip` = '111.75.6.135' ORDER BY `id` DESC LIMIT 1 [ RunTime:0.000668s ]
[2023-09-12T13:49:31+08:00][sql] INSERT INTO `jm_browse_index` SET `cid` = 78 , `url` = '/show/177.html' , `ip` = '111.75.6.135' , `mark` = 'e80af15bac1b38d8b0e75c737c135041' , `user_agent` = 'Mozilla/5.0 (Windows NT 6.1; WOW64) AppleWebKit/537.36 (KHTML, like Gecko) Chrome/86.0.4240.198 Safari/537.36' , `create_time` = '2023-09-12 13:49:31.864515' [ RunTime:0.000630s ]
[2023-09-12T13:49:31+08:00][sql] SELECT * FROM `jm_news_index` WHERE  `id` = 177 LIMIT 1 [ RunTime:0.000555s ]
[2023-09-12T13:49:31+08:00][sql] SHOW FULL COLUMNS FROM `jm_category` [ RunTime:0.002732s ]
[2023-09-12T13:49:31+08:00][sql] SELECT * FROM `jm_category` WHERE  `id` = 78 LIMIT 1 [ RunTime:0.000677s ]
[2023-09-12T13:49:31+08:00][sql] SELECT * FROM `jm_category` WHERE  `id` = 74 LIMIT 1 [ RunTime:0.000532s ]
[2023-09-12T13:49:31+08:00][sql] SHOW FULL COLUMNS FROM `jm_ad_index` [ RunTime:0.002203s ]
[2023-09-12T13:49:31+08:00][sql] SELECT * FROM `jm_ad_index` WHERE  `g_id` = 74 LIMIT 1 [ RunTime:0.000711s ]
[2023-09-12T13:49:31+08:00][sql] SELECT * FROM `jm_category` WHERE  `pid` = 74 [ RunTime:0.000531s ]
[2023-09-12T13:49:31+08:00][sql] SELECT * FROM `jm_news_index` WHERE  `c_id` = 78  AND `id` > 177  AND `status` = 1 LIMIT 1 [ RunTime:0.000656s ]
[2023-09-12T13:49:31+08:00][sql] SELECT * FROM `jm_news_index` WHERE  `c_id` = 78  AND `id` < 177  AND `status` = 1 LIMIT 1 [ RunTime:0.000688s ]
[2023-09-12T13:50:08+08:00][sql] CONNECT:[ UseTime:0.000800s ] mysql:host=127.0.0.1;port=3306;dbname=www_fsqf_com;charset=utf8
[2023-09-12T13:50:08+08:00][sql] SHOW FULL COLUMNS FROM `jm_nav` [ RunTime:0.001918s ]
[2023-09-12T13:50:08+08:00][sql] SELECT * FROM `jm_nav` ORDER BY `sort` ASC [ RunTime:0.000434s ]
[2023-09-12T13:50:08+08:00][sql] SHOW FULL COLUMNS FROM `jm_browse_index` [ RunTime:0.001518s ]
[2023-09-12T13:50:08+08:00][sql] SHOW FULL COLUMNS FROM `jm_news_index` [ RunTime:0.001672s ]
[2023-09-12T13:50:08+08:00][sql] SELECT `c_id` FROM `jm_news_index` WHERE  `id` = 177 LIMIT 1 [ RunTime:0.000379s ]
[2023-09-12T13:50:08+08:00][sql] SELECT * FROM `jm_browse_index` WHERE  `ip` = '123.6.49.15' ORDER BY `id` DESC LIMIT 1 [ RunTime:0.000896s ]
[2023-09-12T13:50:08+08:00][sql] INSERT INTO `jm_browse_index` SET `cid` = 78 , `url` = '/show/177.html' , `ip` = '123.6.49.15' , `mark` = 'e87c03997415d6e356f0dbf0827ac906' , `user_agent` = 'Mozilla/5.0 (Linux; Android 8.0; Pixel 2 Build/OPD3.170816.012) AppleWebKit/537.36 (KHTML, like Gecko) Chrome/87.0.4280.88 Mobile Safari/537.36' , `create_time` = '2023-09-12 13:50:08.608611' [ RunTime:0.000463s ]
[2023-09-12T13:50:08+08:00][sql] SELECT * FROM `jm_news_index` WHERE  `id` = 177 LIMIT 1 [ RunTime:0.000436s ]
[2023-09-12T13:50:08+08:00][sql] SHOW FULL COLUMNS FROM `jm_category` [ RunTime:0.001649s ]
[2023-09-12T13:50:08+08:00][sql] SELECT * FROM `jm_category` WHERE  `id` = 78 LIMIT 1 [ RunTime:0.000581s ]
[2023-09-12T13:50:08+08:00][sql] SELECT * FROM `jm_category` WHERE  `id` = 74 LIMIT 1 [ RunTime:0.000401s ]
[2023-09-12T13:50:08+08:00][sql] SHOW FULL COLUMNS FROM `jm_ad_index` [ RunTime:0.001440s ]
[2023-09-12T13:50:08+08:00][sql] SELECT * FROM `jm_ad_index` WHERE  `g_id` = 74 LIMIT 1 [ RunTime:0.000519s ]
[2023-09-12T13:50:08+08:00][sql] SELECT * FROM `jm_category` WHERE  `pid` = 74 [ RunTime:0.000380s ]
[2023-09-12T13:50:08+08:00][sql] SELECT * FROM `jm_news_index` WHERE  `c_id` = 78  AND `id` > 177  AND `status` = 1 LIMIT 1 [ RunTime:0.000453s ]
[2023-09-12T13:50:08+08:00][sql] SELECT * FROM `jm_news_index` WHERE  `c_id` = 78  AND `id` < 177  AND `status` = 1 LIMIT 1 [ RunTime:0.000449s ]
[2023-09-12T13:50:08+08:00][sql] CONNECT:[ UseTime:0.000754s ] mysql:host=127.0.0.1;port=3306;dbname=www_fsqf_com;charset=utf8
[2023-09-12T13:50:08+08:00][sql] SHOW FULL COLUMNS FROM `jm_nav` [ RunTime:0.001798s ]
[2023-09-12T13:50:08+08:00][sql] SELECT * FROM `jm_nav` ORDER BY `sort` ASC [ RunTime:0.000552s ]
[2023-09-12T13:50:08+08:00][sql] SHOW FULL COLUMNS FROM `jm_browse_index` [ RunTime:0.001400s ]
[2023-09-12T13:50:08+08:00][sql] SHOW FULL COLUMNS FROM `jm_news_index` [ RunTime:0.001693s ]
[2023-09-12T13:50:08+08:00][sql] SELECT `c_id` FROM `jm_news_index` WHERE  `id` = 177 LIMIT 1 [ RunTime:0.000490s ]
[2023-09-12T13:50:08+08:00][sql] SELECT * FROM `jm_browse_index` WHERE  `ip` = '123.6.49.15' ORDER BY `id` DESC LIMIT 1 [ RunTime:0.000518s ]
[2023-09-12T13:50:08+08:00][sql] SELECT * FROM `jm_news_index` WHERE  `id` = 177 LIMIT 1 [ RunTime:0.000386s ]
[2023-09-12T13:50:08+08:00][sql] SHOW FULL COLUMNS FROM `jm_category` [ RunTime:0.001473s ]
[2023-09-12T13:50:08+08:00][sql] SELECT * FROM `jm_category` WHERE  `id` = 78 LIMIT 1 [ RunTime:0.000672s ]
[2023-09-12T13:50:08+08:00][sql] SELECT * FROM `jm_category` WHERE  `id` = 74 LIMIT 1 [ RunTime:0.000623s ]
[2023-09-12T13:50:08+08:00][sql] SHOW FULL COLUMNS FROM `jm_ad_index` [ RunTime:0.002065s ]
[2023-09-12T13:50:08+08:00][sql] SELECT * FROM `jm_ad_index` WHERE  `g_id` = 74 LIMIT 1 [ RunTime:0.000679s ]
[2023-09-12T13:50:08+08:00][sql] SELECT * FROM `jm_category` WHERE  `pid` = 74 [ RunTime:0.000486s ]
[2023-09-12T13:50:08+08:00][sql] SELECT * FROM `jm_news_index` WHERE  `c_id` = 78  AND `id` > 177  AND `status` = 1 LIMIT 1 [ RunTime:0.000483s ]
[2023-09-12T13:50:08+08:00][sql] SELECT * FROM `jm_news_index` WHERE  `c_id` = 78  AND `id` < 177  AND `status` = 1 LIMIT 1 [ RunTime:0.000478s ]
[2023-09-12T14:00:10+08:00][sql] CONNECT:[ UseTime:0.000707s ] mysql:host=127.0.0.1;port=3306;dbname=www_fsqf_com;charset=utf8
[2023-09-12T14:00:10+08:00][sql] SHOW FULL COLUMNS FROM `jm_nav` [ RunTime:0.001739s ]
[2023-09-12T14:00:10+08:00][sql] SELECT * FROM `jm_nav` ORDER BY `sort` ASC [ RunTime:0.000370s ]
[2023-09-12T14:00:10+08:00][sql] SHOW FULL COLUMNS FROM `jm_browse_index` [ RunTime:0.001294s ]
[2023-09-12T14:00:10+08:00][sql] SELECT * FROM `jm_browse_index` WHERE  `ip` = '111.225.148.20' ORDER BY `id` DESC LIMIT 1 [ RunTime:0.000863s ]
[2023-09-12T14:00:10+08:00][sql] INSERT INTO `jm_browse_index` SET `cid` = 78 , `url` = '/list/78.html' , `ip` = '111.225.148.20' , `mark` = '46cdf758826f04dadc004778c9154882' , `user_agent` = 'Mozilla/5.0 (Linux; Android 5.0) AppleWebKit/537.36 (KHTML, like Gecko) Mobile Safari/537.36 (compatible; Bytespider; https://zhanzhang.toutiao.com/)' , `create_time` = '2023-09-12 14:00:10.135994' [ RunTime:0.000395s ]
[2023-09-12T14:00:10+08:00][sql] SHOW FULL COLUMNS FROM `jm_category` [ RunTime:0.001717s ]
[2023-09-12T14:00:10+08:00][sql] SELECT `pid` FROM `jm_category` WHERE  `id` = 78 LIMIT 1 [ RunTime:0.000433s ]
[2023-09-12T14:00:10+08:00][sql] SHOW FULL COLUMNS FROM `jm_news_index` [ RunTime:0.001507s ]
[2023-09-12T14:00:10+08:00][sql] SELECT COUNT(*) AS think_count FROM `jm_news_index` WHERE  `status` = 1  AND `c_id` = 78 LIMIT 1 [ RunTime:0.000383s ]
[2023-09-12T14:00:10+08:00][sql] SELECT * FROM `jm_news_index` WHERE  `status` = 1  AND `c_id` = 78 ORDER BY `create_time` DESC LIMIT 0,5 [ RunTime:0.000522s ]
[2023-09-12T14:00:10+08:00][sql] SELECT * FROM `jm_category` WHERE  `id` = 78 LIMIT 1 [ RunTime:0.000360s ]
[2023-09-12T14:00:10+08:00][sql] SELECT * FROM `jm_category` WHERE  `id` = 74 LIMIT 1 [ RunTime:0.000277s ]
[2023-09-12T14:00:10+08:00][sql] SHOW FULL COLUMNS FROM `jm_ad_index` [ RunTime:0.001289s ]
[2023-09-12T14:00:10+08:00][sql] SELECT * FROM `jm_ad_index` WHERE  `g_id` = 74 LIMIT 1 [ RunTime:0.000397s ]
[2023-09-12T14:00:10+08:00][sql] SELECT * FROM `jm_category` WHERE  `pid` = 74 ORDER BY `sort` ASC [ RunTime:0.000471s ]
[2023-09-12T14:05:39+08:00][sql] CONNECT:[ UseTime:0.000976s ] mysql:host=127.0.0.1;port=3306;dbname=www_fsqf_com;charset=utf8
[2023-09-12T14:05:39+08:00][sql] SHOW FULL COLUMNS FROM `jm_nav` [ RunTime:0.001999s ]
[2023-09-12T14:05:39+08:00][sql] SELECT * FROM `jm_nav` ORDER BY `sort` ASC [ RunTime:0.000707s ]
[2023-09-12T14:05:39+08:00][sql] SHOW FULL COLUMNS FROM `jm_browse_index` [ RunTime:0.001561s ]
[2023-09-12T14:05:39+08:00][sql] SHOW FULL COLUMNS FROM `jm_news_index` [ RunTime:0.001943s ]
[2023-09-12T14:05:39+08:00][sql] SELECT `c_id` FROM `jm_news_index` WHERE  `id` = 166 LIMIT 1 [ RunTime:0.000723s ]
[2023-09-12T14:05:39+08:00][sql] SELECT * FROM `jm_browse_index` WHERE  `ip` = '110.249.201.209' ORDER BY `id` DESC LIMIT 1 [ RunTime:0.001032s ]
[2023-09-12T14:05:39+08:00][sql] INSERT INTO `jm_browse_index` SET `cid` = 77 , `url` = '/show/166.html' , `ip` = '110.249.201.209' , `mark` = 'b200a0e18ecceab63c122caa1096f6c3' , `user_agent` = 'Mozilla/5.0 (Linux; Android 5.0) AppleWebKit/537.36 (KHTML, like Gecko) Mobile Safari/537.36 (compatible; Bytespider; https://zhanzhang.toutiao.com/)' , `create_time` = '2023-09-12 14:05:39.909122' [ RunTime:0.000506s ]
[2023-09-12T14:05:39+08:00][sql] SELECT * FROM `jm_news_index` WHERE  `id` = 166 LIMIT 1 [ RunTime:0.000614s ]
[2023-09-12T14:05:39+08:00][sql] SHOW FULL COLUMNS FROM `jm_category` [ RunTime:0.002511s ]
[2023-09-12T14:05:39+08:00][sql] SELECT * FROM `jm_category` WHERE  `id` = 77 LIMIT 1 [ RunTime:0.000739s ]
[2023-09-12T14:05:39+08:00][sql] SELECT * FROM `jm_category` WHERE  `id` = 74 LIMIT 1 [ RunTime:0.000410s ]
[2023-09-12T14:05:39+08:00][sql] SHOW FULL COLUMNS FROM `jm_ad_index` [ RunTime:0.001457s ]
[2023-09-12T14:05:39+08:00][sql] SELECT * FROM `jm_ad_index` WHERE  `g_id` = 74 LIMIT 1 [ RunTime:0.000507s ]
[2023-09-12T14:05:39+08:00][sql] SELECT * FROM `jm_category` WHERE  `pid` = 74 [ RunTime:0.000352s ]
[2023-09-12T14:05:39+08:00][sql] SELECT * FROM `jm_news_index` WHERE  `c_id` = 77  AND `id` > 166  AND `status` = 1 LIMIT 1 [ RunTime:0.000518s ]
[2023-09-12T14:05:39+08:00][sql] SELECT * FROM `jm_news_index` WHERE  `c_id` = 77  AND `id` < 166  AND `status` = 1 LIMIT 1 [ RunTime:0.000505s ]
[2023-09-12T14:17:30+08:00][sql] CONNECT:[ UseTime:0.000645s ] mysql:host=127.0.0.1;port=3306;dbname=www_fsqf_com;charset=utf8
[2023-09-12T14:17:30+08:00][sql] SHOW FULL COLUMNS FROM `jm_nav` [ RunTime:0.001660s ]
[2023-09-12T14:17:30+08:00][sql] SELECT * FROM `jm_nav` ORDER BY `sort` ASC [ RunTime:0.000588s ]
[2023-09-12T14:17:30+08:00][sql] SHOW FULL COLUMNS FROM `jm_browse_index` [ RunTime:0.001409s ]
[2023-09-12T14:17:30+08:00][sql] SELECT * FROM `jm_browse_index` WHERE  `ip` = '111.75.6.135' ORDER BY `id` DESC LIMIT 1 [ RunTime:0.000731s ]
[2023-09-12T14:17:30+08:00][sql] INSERT INTO `jm_browse_index` SET `cid` = 0 , `url` = '/page/1.html' , `ip` = '111.75.6.135' , `mark` = '0af94547b55acd7f1c7ee34a80c495a5' , `user_agent` = 'Mozilla/5.0 (Windows NT 6.1; WOW64) AppleWebKit/537.36 (KHTML, like Gecko) Chrome/86.0.4240.198 Safari/537.36' , `create_time` = '2023-09-12 14:17:30.534257' [ RunTime:0.000587s ]
[2023-09-12T14:17:30+08:00][sql] SHOW FULL COLUMNS FROM `jm_page_index` [ RunTime:0.002351s ]
[2023-09-12T14:17:30+08:00][sql] SELECT * FROM `jm_page_index` WHERE  `id` = 1 LIMIT 1 [ RunTime:0.000874s ]
[2023-09-12T14:17:30+08:00][sql] SHOW FULL COLUMNS FROM `jm_category` [ RunTime:0.002067s ]
[2023-09-12T14:17:30+08:00][sql] SELECT * FROM `jm_category` WHERE  `id` = 52 LIMIT 1 [ RunTime:0.000672s ]
[2023-09-12T14:17:30+08:00][sql] SELECT * FROM `jm_category` WHERE  `id` = 0 LIMIT 1 [ RunTime:0.000477s ]
[2023-09-12T14:17:30+08:00][sql] SHOW FULL COLUMNS FROM `jm_ad_index` [ RunTime:0.002019s ]
[2023-09-12T14:17:30+08:00][sql] SELECT * FROM `jm_ad_index` WHERE  `g_id` = 52 LIMIT 1 [ RunTime:0.000514s ]
[2023-09-12T14:17:30+08:00][sql] SELECT `id` FROM `jm_page_index` WHERE  `c_id` = 52 LIMIT 1 [ RunTime:0.000396s ]
[2023-09-12T14:17:30+08:00][sql] SELECT * FROM `jm_category` WHERE  `pid` = 52 [ RunTime:0.000360s ]
[2023-09-12T14:17:30+08:00][sql] SELECT * FROM `jm_page_index` WHERE  `c_id` = 76 ORDER BY `sort` ASC [ RunTime:0.000498s ]
[2023-09-12T14:18:18+08:00][sql] CONNECT:[ UseTime:0.000731s ] mysql:host=127.0.0.1;port=3306;dbname=www_fsqf_com;charset=utf8
[2023-09-12T14:18:18+08:00][sql] SHOW FULL COLUMNS FROM `jm_nav` [ RunTime:0.001950s ]
[2023-09-12T14:18:18+08:00][sql] SELECT * FROM `jm_nav` ORDER BY `sort` ASC [ RunTime:0.000487s ]
[2023-09-12T14:18:18+08:00][sql] SHOW FULL COLUMNS FROM `jm_browse_index` [ RunTime:0.001324s ]
[2023-09-12T14:18:18+08:00][sql] SELECT * FROM `jm_browse_index` WHERE  `ip` = '27.115.124.6' ORDER BY `id` DESC LIMIT 1 [ RunTime:0.000962s ]
[2023-09-12T14:18:18+08:00][sql] INSERT INTO `jm_browse_index` SET `cid` = 0 , `url` = '/page/1.html' , `ip` = '27.115.124.6' , `mark` = '177e65bf0ec73e0c1e0b5aef99746e9f' , `user_agent` = 'Mozilla/5.0 (Linux; Android 8.0; Pixel 2 Build/OPD3.170816.012) AppleWebKit/537.36 (KHTML, like Gecko) Chrome/87.0.4280.88 Mobile Safari/537.36' , `create_time` = '2023-09-12 14:18:18.965353' [ RunTime:0.000483s ]
[2023-09-12T14:18:18+08:00][sql] SHOW FULL COLUMNS FROM `jm_page_index` [ RunTime:0.001298s ]
[2023-09-12T14:18:18+08:00][sql] SELECT * FROM `jm_page_index` WHERE  `id` = 1 LIMIT 1 [ RunTime:0.000443s ]
[2023-09-12T14:18:18+08:00][sql] SHOW FULL COLUMNS FROM `jm_category` [ RunTime:0.001458s ]
[2023-09-12T14:18:18+08:00][sql] SELECT * FROM `jm_category` WHERE  `id` = 52 LIMIT 1 [ RunTime:0.000593s ]
[2023-09-12T14:18:18+08:00][sql] SELECT * FROM `jm_category` WHERE  `id` = 0 LIMIT 1 [ RunTime:0.000296s ]
[2023-09-12T14:18:18+08:00][sql] SHOW FULL COLUMNS FROM `jm_ad_index` [ RunTime:0.001311s ]
[2023-09-12T14:18:18+08:00][sql] SELECT * FROM `jm_ad_index` WHERE  `g_id` = 52 LIMIT 1 [ RunTime:0.000439s ]
[2023-09-12T14:18:18+08:00][sql] SELECT `id` FROM `jm_page_index` WHERE  `c_id` = 52 LIMIT 1 [ RunTime:0.000313s ]
[2023-09-12T14:18:18+08:00][sql] SELECT * FROM `jm_category` WHERE  `pid` = 52 [ RunTime:0.000271s ]
[2023-09-12T14:18:18+08:00][sql] SELECT * FROM `jm_page_index` WHERE  `c_id` = 76 ORDER BY `sort` ASC [ RunTime:0.000322s ]
[2023-09-12T15:20:12+08:00][sql] CONNECT:[ UseTime:0.000883s ] mysql:host=127.0.0.1;port=3306;dbname=www_fsqf_com;charset=utf8
[2023-09-12T15:20:12+08:00][sql] SHOW FULL COLUMNS FROM `jm_nav` [ RunTime:0.002687s ]
[2023-09-12T15:20:12+08:00][sql] SELECT * FROM `jm_nav` ORDER BY `sort` ASC [ RunTime:0.001000s ]
[2023-09-12T15:20:12+08:00][sql] SHOW FULL COLUMNS FROM `jm_browse_index` [ RunTime:0.001549s ]
[2023-09-12T15:20:12+08:00][sql] SELECT * FROM `jm_browse_index` WHERE  `ip` = '110.249.202.57' ORDER BY `id` DESC LIMIT 1 [ RunTime:0.001217s ]
[2023-09-12T15:20:12+08:00][sql] INSERT INTO `jm_browse_index` SET `cid` = 74 , `url` = '/list/74.html' , `ip` = '110.249.202.57' , `mark` = '92d8f547e6fd7dfec8ac7323a1083e57' , `user_agent` = 'Mozilla/5.0 (Linux; Android 5.0) AppleWebKit/537.36 (KHTML, like Gecko) Mobile Safari/537.36 (compatible; Bytespider; https://zhanzhang.toutiao.com/)' , `create_time` = '2023-09-12 15:20:12.103284' [ RunTime:0.000525s ]
[2023-09-12T15:20:12+08:00][sql] SHOW FULL COLUMNS FROM `jm_category` [ RunTime:0.002546s ]
[2023-09-12T15:20:12+08:00][sql] SELECT `pid` FROM `jm_category` WHERE  `id` = 74 LIMIT 1 [ RunTime:0.000832s ]
[2023-09-12T15:20:12+08:00][sql] SELECT `id` FROM `jm_category` WHERE  `pid` = 74 [ RunTime:0.000445s ]
[2023-09-12T15:20:12+08:00][sql] SHOW FULL COLUMNS FROM `jm_news_index` [ RunTime:0.001734s ]
[2023-09-12T15:20:12+08:00][sql] SELECT COUNT(*) AS think_count FROM `jm_news_index` WHERE  `status` = 1  AND `c_id` IN (77,78,79) LIMIT 1 [ RunTime:0.000976s ]
[2023-09-12T15:20:12+08:00][sql] SELECT * FROM `jm_news_index` WHERE  `status` = 1  AND `c_id` IN (77,78,79) ORDER BY `create_time` DESC LIMIT 0,5 [ RunTime:0.000854s ]
[2023-09-12T15:20:12+08:00][sql] SELECT * FROM `jm_category` WHERE  `id` = 74 LIMIT 1 [ RunTime:0.000421s ]
[2023-09-12T15:20:12+08:00][sql] SELECT * FROM `jm_category` WHERE  `id` = 0 LIMIT 1 [ RunTime:0.000365s ]
[2023-09-12T15:20:12+08:00][sql] SHOW FULL COLUMNS FROM `jm_ad_index` [ RunTime:0.001518s ]
[2023-09-12T15:20:12+08:00][sql] SELECT * FROM `jm_ad_index` WHERE  `g_id` = 74 LIMIT 1 [ RunTime:0.000767s ]
[2023-09-12T15:20:12+08:00][sql] SELECT * FROM `jm_category` WHERE  `pid` = 74 ORDER BY `sort` ASC [ RunTime:0.000579s ]
[2023-09-12T15:58:41+08:00][sql] CONNECT:[ UseTime:0.000761s ] mysql:host=127.0.0.1;port=3306;dbname=www_fsqf_com;charset=utf8
[2023-09-12T15:58:41+08:00][sql] SHOW FULL COLUMNS FROM `jm_nav` [ RunTime:0.001880s ]
[2023-09-12T15:58:41+08:00][sql] SELECT * FROM `jm_nav` ORDER BY `sort` ASC [ RunTime:0.000676s ]
[2023-09-12T15:58:41+08:00][sql] SHOW FULL COLUMNS FROM `jm_browse_index` [ RunTime:0.001326s ]
[2023-09-12T15:58:41+08:00][sql] SHOW FULL COLUMNS FROM `jm_news_index` [ RunTime:0.001533s ]
[2023-09-12T15:58:41+08:00][sql] SELECT `c_id` FROM `jm_news_index` WHERE  `id` = 173 LIMIT 1 [ RunTime:0.000518s ]
[2023-09-12T15:58:41+08:00][sql] SELECT * FROM `jm_browse_index` WHERE  `ip` = '111.225.149.87' ORDER BY `id` DESC LIMIT 1 [ RunTime:0.001019s ]
[2023-09-12T15:58:41+08:00][sql] INSERT INTO `jm_browse_index` SET `cid` = 79 , `url` = '/show/173.html' , `ip` = '111.225.149.87' , `mark` = '3588ef8f81796a955fee4dd07e6eeaeb' , `user_agent` = 'Mozilla/5.0 (Linux; Android 5.0) AppleWebKit/537.36 (KHTML, like Gecko) Mobile Safari/537.36 (compatible; Bytespider; https://zhanzhang.toutiao.com/)' , `create_time` = '2023-09-12 15:58:41.823717' [ RunTime:0.000386s ]
[2023-09-12T15:58:41+08:00][sql] SELECT * FROM `jm_news_index` WHERE  `id` = 173 LIMIT 1 [ RunTime:0.000472s ]
[2023-09-12T15:58:41+08:00][sql] SHOW FULL COLUMNS FROM `jm_category` [ RunTime:0.001671s ]
[2023-09-12T15:58:41+08:00][sql] SELECT * FROM `jm_category` WHERE  `id` = 79 LIMIT 1 [ RunTime:0.000630s ]
[2023-09-12T15:58:41+08:00][sql] SELECT * FROM `jm_category` WHERE  `id` = 74 LIMIT 1 [ RunTime:0.000346s ]
[2023-09-12T15:58:41+08:00][sql] SHOW FULL COLUMNS FROM `jm_ad_index` [ RunTime:0.001410s ]
[2023-09-12T15:58:41+08:00][sql] SELECT * FROM `jm_ad_index` WHERE  `g_id` = 74 LIMIT 1 [ RunTime:0.000586s ]
[2023-09-12T15:58:41+08:00][sql] SELECT * FROM `jm_category` WHERE  `pid` = 74 [ RunTime:0.000384s ]
[2023-09-12T15:58:41+08:00][sql] SELECT * FROM `jm_news_index` WHERE  `c_id` = 79  AND `id` > 173  AND `status` = 1 LIMIT 1 [ RunTime:0.000423s ]
[2023-09-12T15:58:41+08:00][sql] SELECT * FROM `jm_news_index` WHERE  `c_id` = 79  AND `id` < 173  AND `status` = 1 LIMIT 1 [ RunTime:0.000421s ]
[2023-09-12T16:02:41+08:00][sql] CONNECT:[ UseTime:0.000992s ] mysql:host=127.0.0.1;port=3306;dbname=www_fsqf_com;charset=utf8
[2023-09-12T16:02:41+08:00][sql] SHOW FULL COLUMNS FROM `jm_nav` [ RunTime:0.002584s ]
[2023-09-12T16:02:41+08:00][sql] SELECT * FROM `jm_nav` ORDER BY `sort` ASC [ RunTime:0.000713s ]
[2023-09-12T16:02:41+08:00][sql] SHOW FULL COLUMNS FROM `jm_browse_index` [ RunTime:0.001693s ]
[2023-09-12T16:02:41+08:00][sql] SHOW FULL COLUMNS FROM `jm_news_index` [ RunTime:0.002148s ]
[2023-09-12T16:02:41+08:00][sql] SELECT `c_id` FROM `jm_news_index` WHERE  `id` = 175 LIMIT 1 [ RunTime:0.000685s ]
[2023-09-12T16:02:41+08:00][sql] SELECT * FROM `jm_browse_index` WHERE  `ip` = '110.249.201.165' ORDER BY `id` DESC LIMIT 1 [ RunTime:0.001078s ]
[2023-09-12T16:02:41+08:00][sql] INSERT INTO `jm_browse_index` SET `cid` = 79 , `url` = '/show/175.html' , `ip` = '110.249.201.165' , `mark` = '5ff85fddd2e56ea11c05940d10c25518' , `user_agent` = 'Mozilla/5.0 (Linux; Android 5.0) AppleWebKit/537.36 (KHTML, like Gecko) Mobile Safari/537.36 (compatible; Bytespider; https://zhanzhang.toutiao.com/)' , `create_time` = '2023-09-12 16:02:41.801109' [ RunTime:0.000521s ]
[2023-09-12T16:02:41+08:00][sql] SELECT * FROM `jm_news_index` WHERE  `id` = 175 LIMIT 1 [ RunTime:0.000430s ]
[2023-09-12T16:02:41+08:00][sql] SHOW FULL COLUMNS FROM `jm_category` [ RunTime:0.002289s ]
[2023-09-12T16:02:41+08:00][sql] SELECT * FROM `jm_category` WHERE  `id` = 79 LIMIT 1 [ RunTime:0.000658s ]
[2023-09-12T16:02:41+08:00][sql] SELECT * FROM `jm_category` WHERE  `id` = 74 LIMIT 1 [ RunTime:0.000444s ]
[2023-09-12T16:02:41+08:00][sql] SHOW FULL COLUMNS FROM `jm_ad_index` [ RunTime:0.002333s ]
[2023-09-12T16:02:41+08:00][sql] SELECT * FROM `jm_ad_index` WHERE  `g_id` = 74 LIMIT 1 [ RunTime:0.000743s ]
[2023-09-12T16:02:41+08:00][sql] SELECT * FROM `jm_category` WHERE  `pid` = 74 [ RunTime:0.000475s ]
[2023-09-12T16:02:41+08:00][sql] SELECT * FROM `jm_news_index` WHERE  `c_id` = 79  AND `id` > 175  AND `status` = 1 LIMIT 1 [ RunTime:0.000622s ]
[2023-09-12T16:02:41+08:00][sql] SELECT * FROM `jm_news_index` WHERE  `c_id` = 79  AND `id` < 175  AND `status` = 1 LIMIT 1 [ RunTime:0.000578s ]
[2023-09-12T17:41:45+08:00][sql] CONNECT:[ UseTime:0.000812s ] mysql:host=127.0.0.1;port=3306;dbname=www_fsqf_com;charset=utf8
[2023-09-12T17:41:45+08:00][sql] SHOW FULL COLUMNS FROM `jm_nav` [ RunTime:0.002069s ]
[2023-09-12T17:41:45+08:00][sql] SELECT * FROM `jm_nav` ORDER BY `sort` ASC [ RunTime:0.001060s ]
[2023-09-12T17:41:45+08:00][sql] SHOW FULL COLUMNS FROM `jm_browse_index` [ RunTime:0.001589s ]
[2023-09-12T17:41:45+08:00][sql] SHOW FULL COLUMNS FROM `jm_news_index` [ RunTime:0.001682s ]
[2023-09-12T17:41:45+08:00][sql] SELECT `c_id` FROM `jm_news_index` WHERE  `id` = 176 LIMIT 1 [ RunTime:0.000633s ]
[2023-09-12T17:41:45+08:00][sql] SELECT * FROM `jm_browse_index` WHERE  `ip` = '110.249.201.189' ORDER BY `id` DESC LIMIT 1 [ RunTime:0.001168s ]
[2023-09-12T17:41:45+08:00][sql] INSERT INTO `jm_browse_index` SET `cid` = 78 , `url` = '/show/176.html' , `ip` = '110.249.201.189' , `mark` = '55dd92340e09c8f6bd37a9f9d0c319b6' , `user_agent` = 'Mozilla/5.0 (Linux; Android 5.0) AppleWebKit/537.36 (KHTML, like Gecko) Mobile Safari/537.36 (compatible; Bytespider; https://zhanzhang.toutiao.com/)' , `create_time` = '2023-09-12 17:41:45.824103' [ RunTime:0.000544s ]
[2023-09-12T17:41:45+08:00][sql] SELECT * FROM `jm_news_index` WHERE  `id` = 176 LIMIT 1 [ RunTime:0.000664s ]
[2023-09-12T17:41:45+08:00][sql] SHOW FULL COLUMNS FROM `jm_category` [ RunTime:0.001865s ]
[2023-09-12T17:41:45+08:00][sql] SELECT * FROM `jm_category` WHERE  `id` = 78 LIMIT 1 [ RunTime:0.000761s ]
[2023-09-12T17:41:45+08:00][sql] SELECT * FROM `jm_category` WHERE  `id` = 74 LIMIT 1 [ RunTime:0.000480s ]
[2023-09-12T17:41:45+08:00][sql] SHOW FULL COLUMNS FROM `jm_ad_index` [ RunTime:0.001729s ]
[2023-09-12T17:41:45+08:00][sql] SELECT * FROM `jm_ad_index` WHERE  `g_id` = 74 LIMIT 1 [ RunTime:0.000585s ]
[2023-09-12T17:41:45+08:00][sql] SELECT * FROM `jm_category` WHERE  `pid` = 74 [ RunTime:0.000394s ]
[2023-09-12T17:41:45+08:00][sql] SELECT * FROM `jm_news_index` WHERE  `c_id` = 78  AND `id` > 176  AND `status` = 1 LIMIT 1 [ RunTime:0.000533s ]
[2023-09-12T17:41:45+08:00][sql] SELECT * FROM `jm_news_index` WHERE  `c_id` = 78  AND `id` < 176  AND `status` = 1 LIMIT 1 [ RunTime:0.000609s ]
[2023-09-12T20:03:53+08:00][sql] CONNECT:[ UseTime:0.001211s ] mysql:host=127.0.0.1;port=3306;dbname=www_fsqf_com;charset=utf8
[2023-09-12T20:03:53+08:00][sql] SHOW FULL COLUMNS FROM `jm_nav` [ RunTime:0.002773s ]
[2023-09-12T20:03:53+08:00][sql] SELECT * FROM `jm_nav` ORDER BY `sort` ASC [ RunTime:0.000996s ]
[2023-09-12T20:03:53+08:00][sql] SHOW FULL COLUMNS FROM `jm_browse_index` [ RunTime:0.001598s ]
[2023-09-12T20:03:53+08:00][sql] SELECT * FROM `jm_browse_index` WHERE  `ip` = '183.24.67.203' ORDER BY `id` DESC LIMIT 1 [ RunTime:0.001256s ]
[2023-09-12T20:03:53+08:00][sql] INSERT INTO `jm_browse_index` SET `cid` = 0 , `url` = '/' , `ip` = '183.24.67.203' , `mark` = 'e05ff7a506cde31a455a0e818f3c32ad' , `user_agent` = 'Mozilla/5.0 (Windows NT 10.0; Win64; x64) AppleWebKit/537.36 (KHTML, like Gecko) Chrome/116.0.0.0 Safari/537.36' , `create_time` = '2023-09-12 20:03:53.520663' [ RunTime:0.000560s ]
[2023-09-12T20:03:53+08:00][sql] SHOW FULL COLUMNS FROM `jm_news_index` [ RunTime:0.002197s ]
[2023-09-12T20:03:53+08:00][sql] SELECT * FROM `jm_news_index` WHERE  `c_id` = 78  AND `status` = 1 ORDER BY `create_time` DESC LIMIT 5 [ RunTime:0.001101s ]
[2023-09-12T20:03:53+08:00][sql] SELECT * FROM `jm_news_index` WHERE  `c_id` = 79  AND `status` = 1 ORDER BY `create_time` DESC LIMIT 5 [ RunTime:0.000647s ]
[2023-09-12T20:03:53+08:00][sql] SELECT * FROM `jm_news_index` WHERE  `c_id` = 77  AND `status` = 1 ORDER BY `create_time` DESC LIMIT 5 [ RunTime:0.000697s ]
[2023-09-12T20:04:17+08:00][sql] CONNECT:[ UseTime:0.000701s ] mysql:host=127.0.0.1;port=3306;dbname=www_fsqf_com;charset=utf8
[2023-09-12T20:04:17+08:00][sql] SHOW FULL COLUMNS FROM `jm_nav` [ RunTime:0.001865s ]
[2023-09-12T20:04:17+08:00][sql] SELECT * FROM `jm_nav` ORDER BY `sort` ASC [ RunTime:0.000587s ]
[2023-09-12T20:04:17+08:00][sql] SHOW FULL COLUMNS FROM `jm_browse_index` [ RunTime:0.001485s ]
[2023-09-12T20:04:17+08:00][sql] SHOW FULL COLUMNS FROM `jm_news_index` [ RunTime:0.001690s ]
[2023-09-12T20:04:17+08:00][sql] SELECT `c_id` FROM `jm_news_index` WHERE  `id` = 169 LIMIT 1 [ RunTime:0.000542s ]
[2023-09-12T20:04:17+08:00][sql] SELECT * FROM `jm_browse_index` WHERE  `ip` = '110.249.202.121' ORDER BY `id` DESC LIMIT 1 [ RunTime:0.000968s ]
[2023-09-12T20:04:17+08:00][sql] INSERT INTO `jm_browse_index` SET `cid` = 77 , `url` = '/show/169.html' , `ip` = '110.249.202.121' , `mark` = 'be13372ba062c91475566ad1b875b6ab' , `user_agent` = 'Mozilla/5.0 (Linux; Android 5.0) AppleWebKit/537.36 (KHTML, like Gecko) Mobile Safari/537.36 (compatible; Bytespider; https://zhanzhang.toutiao.com/)' , `create_time` = '2023-09-12 20:04:17.310030' [ RunTime:0.000510s ]
[2023-09-12T20:04:17+08:00][sql] SELECT * FROM `jm_news_index` WHERE  `id` = 169 LIMIT 1 [ RunTime:0.000736s ]
[2023-09-12T20:04:17+08:00][sql] SHOW FULL COLUMNS FROM `jm_category` [ RunTime:0.001917s ]
[2023-09-12T20:04:17+08:00][sql] SELECT * FROM `jm_category` WHERE  `id` = 77 LIMIT 1 [ RunTime:0.000678s ]
[2023-09-12T20:04:17+08:00][sql] SELECT * FROM `jm_category` WHERE  `id` = 74 LIMIT 1 [ RunTime:0.000366s ]
[2023-09-12T20:04:17+08:00][sql] SHOW FULL COLUMNS FROM `jm_ad_index` [ RunTime:0.001558s ]
[2023-09-12T20:04:17+08:00][sql] SELECT * FROM `jm_ad_index` WHERE  `g_id` = 74 LIMIT 1 [ RunTime:0.000657s ]
[2023-09-12T20:04:17+08:00][sql] SELECT * FROM `jm_category` WHERE  `pid` = 74 [ RunTime:0.000439s ]
[2023-09-12T20:04:17+08:00][sql] SELECT * FROM `jm_news_index` WHERE  `c_id` = 77  AND `id` > 169  AND `status` = 1 LIMIT 1 [ RunTime:0.000495s ]
[2023-09-12T20:04:17+08:00][sql] SELECT * FROM `jm_news_index` WHERE  `c_id` = 77  AND `id` < 169  AND `status` = 1 LIMIT 1 [ RunTime:0.000475s ]
