[2023-09-25T01:12:36+08:00][sql] CONNECT:[ UseTime:0.000724s ] mysql:host=127.0.0.1;port=3306;dbname=www_fsqf_com;charset=utf8
[2023-09-25T01:12:36+08:00][sql] SHOW FULL COLUMNS FROM `jm_nav` [ RunTime:0.001606s ]
[2023-09-25T01:12:36+08:00][sql] SELECT * FROM `jm_nav` ORDER BY `sort` ASC [ RunTime:0.000484s ]
[2023-09-25T01:12:36+08:00][sql] SHOW FULL COLUMNS FROM `jm_browse_index` [ RunTime:0.001355s ]
[2023-09-25T01:12:36+08:00][sql] SHOW FULL COLUMNS FROM `jm_news_index` [ RunTime:0.001581s ]
[2023-09-25T01:12:36+08:00][sql] SELECT `c_id` FROM `jm_news_index` WHERE  `id` = 171 LIMIT 1 [ RunTime:0.000528s ]
[2023-09-25T01:12:36+08:00][sql] SELECT * FROM `jm_browse_index` WHERE  `ip` = '116.179.32.137' ORDER BY `id` DESC LIMIT 1 [ RunTime:0.001259s ]
[2023-09-25T01:12:36+08:00][sql] INSERT INTO `jm_browse_index` SET `cid` = 79 , `url` = '/show/171.html' , `ip` = '116.179.32.137' , `mark` = 'f6df7672fdf9bf6259353faa935ab1e5' , `user_agent` = 'Mozilla/5.0 (compatible; Baiduspider/2.0; +http://www.baidu.com/search/spider.html)' , `create_time` = '2023-09-25 01:12:36.630914' [ RunTime:0.000494s ]
[2023-09-25T01:12:36+08:00][sql] SELECT * FROM `jm_news_index` WHERE  `id` = 171 LIMIT 1 [ RunTime:0.000572s ]
[2023-09-25T01:12:36+08:00][sql] SHOW FULL COLUMNS FROM `jm_category` [ RunTime:0.001746s ]
[2023-09-25T01:12:36+08:00][sql] SELECT * FROM `jm_category` WHERE  `id` = 79 LIMIT 1 [ RunTime:0.000597s ]
[2023-09-25T01:12:36+08:00][sql] SELECT * FROM `jm_category` WHERE  `id` = 74 LIMIT 1 [ RunTime:0.000550s ]
[2023-09-25T01:12:36+08:00][sql] SHOW FULL COLUMNS FROM `jm_ad_index` [ RunTime:0.002030s ]
[2023-09-25T01:12:36+08:00][sql] SELECT * FROM `jm_ad_index` WHERE  `g_id` = 74 LIMIT 1 [ RunTime:0.000702s ]
[2023-09-25T01:12:36+08:00][sql] SELECT * FROM `jm_category` WHERE  `pid` = 74 [ RunTime:0.000479s ]
[2023-09-25T01:12:36+08:00][sql] SELECT * FROM `jm_news_index` WHERE  `c_id` = 79  AND `id` > 171  AND `status` = 1 LIMIT 1 [ RunTime:0.000705s ]
[2023-09-25T01:12:36+08:00][sql] SELECT * FROM `jm_news_index` WHERE  `c_id` = 79  AND `id` < 171  AND `status` = 1 LIMIT 1 [ RunTime:0.000527s ]
[2023-09-25T01:12:36+08:00][sql] CONNECT:[ UseTime:0.000809s ] mysql:host=127.0.0.1;port=3306;dbname=www_fsqf_com;charset=utf8
[2023-09-25T01:12:36+08:00][sql] SHOW FULL COLUMNS FROM `jm_nav` [ RunTime:0.002150s ]
[2023-09-25T01:12:36+08:00][sql] SELECT * FROM `jm_nav` ORDER BY `sort` ASC [ RunTime:0.000711s ]
[2023-09-25T01:12:36+08:00][sql] SHOW FULL COLUMNS FROM `jm_browse_index` [ RunTime:0.001336s ]
[2023-09-25T01:12:36+08:00][sql] SHOW FULL COLUMNS FROM `jm_news_index` [ RunTime:0.001643s ]
[2023-09-25T01:12:36+08:00][sql] SELECT `c_id` FROM `jm_news_index` WHERE  `id` = 175 LIMIT 1 [ RunTime:0.000621s ]
[2023-09-25T01:12:36+08:00][sql] SELECT * FROM `jm_browse_index` WHERE  `ip` = '116.179.32.242' ORDER BY `id` DESC LIMIT 1 [ RunTime:0.001548s ]
[2023-09-25T01:12:36+08:00][sql] INSERT INTO `jm_browse_index` SET `cid` = 79 , `url` = '/show/175.html' , `ip` = '116.179.32.242' , `mark` = '3625290930a5dbe4303e186244777c88' , `user_agent` = 'Mozilla/5.0 (compatible; Baiduspider/2.0; +http://www.baidu.com/search/spider.html)' , `create_time` = '2023-09-25 01:12:36.605018' [ RunTime:0.000815s ]
[2023-09-25T01:12:36+08:00][sql] SELECT * FROM `jm_news_index` WHERE  `id` = 175 LIMIT 1 [ RunTime:0.000870s ]
[2023-09-25T01:12:36+08:00][sql] SHOW FULL COLUMNS FROM `jm_category` [ RunTime:0.002618s ]
[2023-09-25T01:12:36+08:00][sql] SELECT * FROM `jm_category` WHERE  `id` = 79 LIMIT 1 [ RunTime:0.000837s ]
[2023-09-25T01:12:36+08:00][sql] SELECT * FROM `jm_category` WHERE  `id` = 74 LIMIT 1 [ RunTime:0.000523s ]
[2023-09-25T01:12:36+08:00][sql] SHOW FULL COLUMNS FROM `jm_ad_index` [ RunTime:0.001693s ]
[2023-09-25T01:12:36+08:00][sql] SELECT * FROM `jm_ad_index` WHERE  `g_id` = 74 LIMIT 1 [ RunTime:0.000745s ]
[2023-09-25T01:12:36+08:00][sql] SELECT * FROM `jm_category` WHERE  `pid` = 74 [ RunTime:0.000438s ]
[2023-09-25T01:12:36+08:00][sql] SELECT * FROM `jm_news_index` WHERE  `c_id` = 79  AND `id` > 175  AND `status` = 1 LIMIT 1 [ RunTime:0.000552s ]
[2023-09-25T01:12:36+08:00][sql] SELECT * FROM `jm_news_index` WHERE  `c_id` = 79  AND `id` < 175  AND `status` = 1 LIMIT 1 [ RunTime:0.000889s ]
[2023-09-25T01:12:36+08:00][sql] CONNECT:[ UseTime:0.000838s ] mysql:host=127.0.0.1;port=3306;dbname=www_fsqf_com;charset=utf8
[2023-09-25T01:12:36+08:00][sql] SHOW FULL COLUMNS FROM `jm_nav` [ RunTime:0.002256s ]
[2023-09-25T01:12:36+08:00][sql] SELECT * FROM `jm_nav` ORDER BY `sort` ASC [ RunTime:0.000798s ]
[2023-09-25T01:12:36+08:00][sql] SHOW FULL COLUMNS FROM `jm_browse_index` [ RunTime:0.002320s ]
[2023-09-25T01:12:36+08:00][sql] SHOW FULL COLUMNS FROM `jm_news_index` [ RunTime:0.002305s ]
[2023-09-25T01:12:36+08:00][sql] SELECT `c_id` FROM `jm_news_index` WHERE  `id` = 168 LIMIT 1 [ RunTime:0.000687s ]
[2023-09-25T01:12:36+08:00][sql] SELECT * FROM `jm_browse_index` WHERE  `ip` = '220.181.108.80' ORDER BY `id` DESC LIMIT 1 [ RunTime:0.000884s ]
[2023-09-25T01:12:36+08:00][sql] INSERT INTO `jm_browse_index` SET `cid` = 77 , `url` = '/show/168.html' , `ip` = '220.181.108.80' , `mark` = '28bb39f66e8578ee1e308a6eaad8bb90' , `user_agent` = 'Mozilla/5.0 (compatible; Baiduspider/2.0; +http://www.baidu.com/search/spider.html)' , `create_time` = '2023-09-25 01:12:36.664429' [ RunTime:0.000608s ]
[2023-09-25T01:12:36+08:00][sql] SELECT * FROM `jm_news_index` WHERE  `id` = 168 LIMIT 1 [ RunTime:0.000549s ]
[2023-09-25T01:12:36+08:00][sql] SHOW FULL COLUMNS FROM `jm_category` [ RunTime:0.002265s ]
[2023-09-25T01:12:36+08:00][sql] SELECT * FROM `jm_category` WHERE  `id` = 77 LIMIT 1 [ RunTime:0.000703s ]
[2023-09-25T01:12:36+08:00][sql] SELECT * FROM `jm_category` WHERE  `id` = 74 LIMIT 1 [ RunTime:0.000414s ]
[2023-09-25T01:12:36+08:00][sql] SHOW FULL COLUMNS FROM `jm_ad_index` [ RunTime:0.002147s ]
[2023-09-25T01:12:36+08:00][sql] SELECT * FROM `jm_ad_index` WHERE  `g_id` = 74 LIMIT 1 [ RunTime:0.000596s ]
[2023-09-25T01:12:36+08:00][sql] SELECT * FROM `jm_category` WHERE  `pid` = 74 [ RunTime:0.000468s ]
[2023-09-25T01:12:36+08:00][sql] SELECT * FROM `jm_news_index` WHERE  `c_id` = 77  AND `id` > 168  AND `status` = 1 LIMIT 1 [ RunTime:0.000611s ]
[2023-09-25T01:12:36+08:00][sql] SELECT * FROM `jm_news_index` WHERE  `c_id` = 77  AND `id` < 168  AND `status` = 1 LIMIT 1 [ RunTime:0.000509s ]
[2023-09-25T01:12:36+08:00][sql] CONNECT:[ UseTime:0.001044s ] mysql:host=127.0.0.1;port=3306;dbname=www_fsqf_com;charset=utf8
[2023-09-25T01:12:36+08:00][sql] SHOW FULL COLUMNS FROM `jm_nav` [ RunTime:0.002538s ]
[2023-09-25T01:12:36+08:00][sql] SELECT * FROM `jm_nav` ORDER BY `sort` ASC [ RunTime:0.000624s ]
[2023-09-25T01:12:36+08:00][sql] SHOW FULL COLUMNS FROM `jm_browse_index` [ RunTime:0.001744s ]
[2023-09-25T01:12:36+08:00][sql] SELECT * FROM `jm_browse_index` WHERE  `ip` = '220.181.108.101' ORDER BY `id` DESC LIMIT 1 [ RunTime:0.000986s ]
[2023-09-25T01:12:36+08:00][sql] INSERT INTO `jm_browse_index` SET `cid` = 0 , `url` = '/page/11.html' , `ip` = '220.181.108.101' , `mark` = '8d5182b4f4069d2809266e46aa013b16' , `user_agent` = 'Mozilla/5.0 (compatible; Baiduspider/2.0; +http://www.baidu.com/search/spider.html)' , `create_time` = '2023-09-25 01:12:36.916210' [ RunTime:0.000666s ]
[2023-09-25T01:12:36+08:00][sql] SHOW FULL COLUMNS FROM `jm_page_index` [ RunTime:0.002033s ]
[2023-09-25T01:12:36+08:00][sql] SELECT * FROM `jm_page_index` WHERE  `id` = 11 LIMIT 1 [ RunTime:0.000950s ]
[2023-09-25T01:12:36+08:00][sql] SHOW FULL COLUMNS FROM `jm_category` [ RunTime:0.001595s ]
[2023-09-25T01:12:36+08:00][sql] SELECT * FROM `jm_category` WHERE  `id` = 76 LIMIT 1 [ RunTime:0.000625s ]
[2023-09-25T01:12:36+08:00][sql] SELECT * FROM `jm_category` WHERE  `id` = 0 LIMIT 1 [ RunTime:0.000403s ]
[2023-09-25T01:12:36+08:00][sql] SHOW FULL COLUMNS FROM `jm_ad_index` [ RunTime:0.001435s ]
[2023-09-25T01:12:36+08:00][sql] SELECT * FROM `jm_ad_index` WHERE  `g_id` = 76 LIMIT 1 [ RunTime:0.000573s ]
[2023-09-25T01:12:36+08:00][sql] SELECT `id` FROM `jm_page_index` WHERE  `c_id` = 76 LIMIT 1 [ RunTime:0.000384s ]
[2023-09-25T01:12:36+08:00][sql] SELECT * FROM `jm_category` WHERE  `pid` = 76 [ RunTime:0.000435s ]
[2023-09-25T01:12:36+08:00][sql] SELECT * FROM `jm_page_index` WHERE  `c_id` = 76 ORDER BY `sort` ASC [ RunTime:0.000498s ]
[2023-09-25T01:20:30+08:00][sql] CONNECT:[ UseTime:0.000809s ] mysql:host=127.0.0.1;port=3306;dbname=www_fsqf_com;charset=utf8
[2023-09-25T01:20:30+08:00][sql] SHOW FULL COLUMNS FROM `jm_nav` [ RunTime:0.001847s ]
[2023-09-25T01:20:30+08:00][sql] SELECT * FROM `jm_nav` ORDER BY `sort` ASC [ RunTime:0.000417s ]
[2023-09-25T01:20:30+08:00][sql] SHOW FULL COLUMNS FROM `jm_browse_index` [ RunTime:0.001370s ]
[2023-09-25T01:20:30+08:00][sql] SELECT * FROM `jm_browse_index` WHERE  `ip` = '220.181.108.112' ORDER BY `id` DESC LIMIT 1 [ RunTime:0.000632s ]
[2023-09-25T01:20:30+08:00][sql] INSERT INTO `jm_browse_index` SET `cid` = 74 , `url` = '/list/74.html' , `ip` = '220.181.108.112' , `mark` = '8f38bfe27b8d1a249877b37a30287722' , `user_agent` = 'Mozilla/5.0 (compatible; Baiduspider/2.0; +http://www.baidu.com/search/spider.html)' , `create_time` = '2023-09-25 01:20:30.593057' [ RunTime:0.000441s ]
[2023-09-25T01:20:30+08:00][sql] SHOW FULL COLUMNS FROM `jm_category` [ RunTime:0.001487s ]
[2023-09-25T01:20:30+08:00][sql] SELECT `pid` FROM `jm_category` WHERE  `id` = 74 LIMIT 1 [ RunTime:0.000445s ]
[2023-09-25T01:20:30+08:00][sql] SELECT `id` FROM `jm_category` WHERE  `pid` = 74 [ RunTime:0.000393s ]
[2023-09-25T01:20:30+08:00][sql] SHOW FULL COLUMNS FROM `jm_news_index` [ RunTime:0.001509s ]
[2023-09-25T01:20:30+08:00][sql] SELECT COUNT(*) AS think_count FROM `jm_news_index` WHERE  `status` = 1  AND `c_id` IN (77,78,79) LIMIT 1 [ RunTime:0.000571s ]
[2023-09-25T01:20:30+08:00][sql] SELECT * FROM `jm_news_index` WHERE  `status` = 1  AND `c_id` IN (77,78,79) ORDER BY `create_time` DESC LIMIT 0,5 [ RunTime:0.000839s ]
[2023-09-25T01:20:30+08:00][sql] SELECT * FROM `jm_category` WHERE  `id` = 74 LIMIT 1 [ RunTime:0.000472s ]
[2023-09-25T01:20:30+08:00][sql] SELECT * FROM `jm_category` WHERE  `id` = 0 LIMIT 1 [ RunTime:0.000410s ]
[2023-09-25T01:20:30+08:00][sql] SHOW FULL COLUMNS FROM `jm_ad_index` [ RunTime:0.001505s ]
[2023-09-25T01:20:30+08:00][sql] SELECT * FROM `jm_ad_index` WHERE  `g_id` = 74 LIMIT 1 [ RunTime:0.000433s ]
[2023-09-25T01:20:30+08:00][sql] SELECT * FROM `jm_category` WHERE  `pid` = 74 ORDER BY `sort` ASC [ RunTime:0.000433s ]
[2023-09-25T01:45:56+08:00][sql] CONNECT:[ UseTime:0.000925s ] mysql:host=127.0.0.1;port=3306;dbname=www_fsqf_com;charset=utf8
[2023-09-25T01:45:56+08:00][sql] SHOW FULL COLUMNS FROM `jm_nav` [ RunTime:0.002486s ]
[2023-09-25T01:45:56+08:00][sql] SELECT * FROM `jm_nav` ORDER BY `sort` ASC [ RunTime:0.000531s ]
[2023-09-25T01:45:56+08:00][sql] SHOW FULL COLUMNS FROM `jm_browse_index` [ RunTime:0.001527s ]
[2023-09-25T01:45:56+08:00][sql] SELECT * FROM `jm_browse_index` WHERE  `ip` = '116.179.32.207' ORDER BY `id` DESC LIMIT 1 [ RunTime:0.001292s ]
[2023-09-25T01:45:56+08:00][sql] INSERT INTO `jm_browse_index` SET `cid` = 0 , `url` = '/page/10.html' , `ip` = '116.179.32.207' , `mark` = 'e8634c486d4b47c5b75480e2a9390622' , `user_agent` = 'Mozilla/5.0 (compatible; Baiduspider/2.0; +http://www.baidu.com/search/spider.html)' , `create_time` = '2023-09-25 01:45:56.526095' [ RunTime:0.000557s ]
[2023-09-25T01:45:56+08:00][sql] SHOW FULL COLUMNS FROM `jm_page_index` [ RunTime:0.001522s ]
[2023-09-25T01:45:56+08:00][sql] SELECT * FROM `jm_page_index` WHERE  `id` = 10 LIMIT 1 [ RunTime:0.000954s ]
[2023-09-25T01:45:56+08:00][sql] SHOW FULL COLUMNS FROM `jm_category` [ RunTime:0.001689s ]
[2023-09-25T01:45:56+08:00][sql] SELECT * FROM `jm_category` WHERE  `id` = 76 LIMIT 1 [ RunTime:0.000433s ]
[2023-09-25T01:45:56+08:00][sql] SELECT * FROM `jm_category` WHERE  `id` = 0 LIMIT 1 [ RunTime:0.000374s ]
[2023-09-25T01:45:56+08:00][sql] SHOW FULL COLUMNS FROM `jm_ad_index` [ RunTime:0.001345s ]
[2023-09-25T01:45:56+08:00][sql] SELECT * FROM `jm_ad_index` WHERE  `g_id` = 76 LIMIT 1 [ RunTime:0.000482s ]
[2023-09-25T01:45:56+08:00][sql] SELECT `id` FROM `jm_page_index` WHERE  `c_id` = 76 LIMIT 1 [ RunTime:0.000350s ]
[2023-09-25T01:45:56+08:00][sql] SELECT * FROM `jm_category` WHERE  `pid` = 76 [ RunTime:0.000401s ]
[2023-09-25T01:45:56+08:00][sql] SELECT * FROM `jm_page_index` WHERE  `c_id` = 76 ORDER BY `sort` ASC [ RunTime:0.000440s ]
[2023-09-25T01:45:56+08:00][sql] CONNECT:[ UseTime:0.000696s ] mysql:host=127.0.0.1;port=3306;dbname=www_fsqf_com;charset=utf8
[2023-09-25T01:45:56+08:00][sql] SHOW FULL COLUMNS FROM `jm_nav` [ RunTime:0.001622s ]
[2023-09-25T01:45:56+08:00][sql] SELECT * FROM `jm_nav` ORDER BY `sort` ASC [ RunTime:0.000646s ]
[2023-09-25T01:45:56+08:00][sql] SHOW FULL COLUMNS FROM `jm_browse_index` [ RunTime:0.001566s ]
[2023-09-25T01:45:56+08:00][sql] SELECT * FROM `jm_browse_index` WHERE  `ip` = '220.181.108.113' ORDER BY `id` DESC LIMIT 1 [ RunTime:0.000835s ]
[2023-09-25T01:45:56+08:00][sql] INSERT INTO `jm_browse_index` SET `cid` = 74 , `url` = '/list/74.html' , `ip` = '220.181.108.113' , `mark` = 'b1958921c4c740ddee8845b196164e03' , `user_agent` = 'Mozilla/5.0 (compatible; Baiduspider/2.0; +http://www.baidu.com/search/spider.html)' , `create_time` = '2023-09-25 01:45:56.529573' [ RunTime:0.000528s ]
[2023-09-25T01:45:56+08:00][sql] SHOW FULL COLUMNS FROM `jm_category` [ RunTime:0.001493s ]
[2023-09-25T01:45:56+08:00][sql] SELECT `pid` FROM `jm_category` WHERE  `id` = 74 LIMIT 1 [ RunTime:0.000539s ]
[2023-09-25T01:45:56+08:00][sql] SELECT `id` FROM `jm_category` WHERE  `pid` = 74 [ RunTime:0.000364s ]
[2023-09-25T01:45:56+08:00][sql] SHOW FULL COLUMNS FROM `jm_news_index` [ RunTime:0.001419s ]
[2023-09-25T01:45:56+08:00][sql] SELECT COUNT(*) AS think_count FROM `jm_news_index` WHERE  `status` = 1  AND `c_id` IN (77,78,79) LIMIT 1 [ RunTime:0.000626s ]
[2023-09-25T01:45:56+08:00][sql] SELECT * FROM `jm_news_index` WHERE  `status` = 1  AND `c_id` IN (77,78,79) ORDER BY `create_time` DESC LIMIT 0,5 [ RunTime:0.000797s ]
[2023-09-25T01:45:56+08:00][sql] SELECT * FROM `jm_category` WHERE  `id` = 74 LIMIT 1 [ RunTime:0.000412s ]
[2023-09-25T01:45:56+08:00][sql] SELECT * FROM `jm_category` WHERE  `id` = 0 LIMIT 1 [ RunTime:0.000383s ]
[2023-09-25T01:45:56+08:00][sql] SHOW FULL COLUMNS FROM `jm_ad_index` [ RunTime:0.001415s ]
[2023-09-25T01:45:56+08:00][sql] SELECT * FROM `jm_ad_index` WHERE  `g_id` = 74 LIMIT 1 [ RunTime:0.000591s ]
[2023-09-25T01:45:56+08:00][sql] SELECT * FROM `jm_category` WHERE  `pid` = 74 ORDER BY `sort` ASC [ RunTime:0.000427s ]
[2023-09-25T01:45:56+08:00][sql] CONNECT:[ UseTime:0.000740s ] mysql:host=127.0.0.1;port=3306;dbname=www_fsqf_com;charset=utf8
[2023-09-25T01:45:56+08:00][sql] SHOW FULL COLUMNS FROM `jm_nav` [ RunTime:0.002036s ]
[2023-09-25T01:45:56+08:00][sql] SELECT * FROM `jm_nav` ORDER BY `sort` ASC [ RunTime:0.000612s ]
[2023-09-25T01:45:56+08:00][sql] SHOW FULL COLUMNS FROM `jm_browse_index` [ RunTime:0.001442s ]
[2023-09-25T01:45:56+08:00][sql] SHOW FULL COLUMNS FROM `jm_news_index` [ RunTime:0.001647s ]
[2023-09-25T01:45:56+08:00][sql] SELECT `c_id` FROM `jm_news_index` WHERE  `id` = 172 LIMIT 1 [ RunTime:0.000550s ]
[2023-09-25T01:45:56+08:00][sql] SELECT * FROM `jm_browse_index` WHERE  `ip` = '116.179.32.199' ORDER BY `id` DESC LIMIT 1 [ RunTime:0.000671s ]
[2023-09-25T01:45:56+08:00][sql] INSERT INTO `jm_browse_index` SET `cid` = 79 , `url` = '/show/172.html' , `ip` = '116.179.32.199' , `mark` = '0944ce904f4db423513f463e6edbfd3e' , `user_agent` = 'Mozilla/5.0 (compatible; Baiduspider/2.0; +http://www.baidu.com/search/spider.html)' , `create_time` = '2023-09-25 01:45:56.611232' [ RunTime:0.000600s ]
[2023-09-25T01:45:56+08:00][sql] SELECT * FROM `jm_news_index` WHERE  `id` = 172 LIMIT 1 [ RunTime:0.000584s ]
[2023-09-25T01:45:56+08:00][sql] SHOW FULL COLUMNS FROM `jm_category` [ RunTime:0.001707s ]
[2023-09-25T01:45:56+08:00][sql] SELECT * FROM `jm_category` WHERE  `id` = 79 LIMIT 1 [ RunTime:0.000546s ]
[2023-09-25T01:45:56+08:00][sql] SELECT * FROM `jm_category` WHERE  `id` = 74 LIMIT 1 [ RunTime:0.000341s ]
[2023-09-25T01:45:56+08:00][sql] SHOW FULL COLUMNS FROM `jm_ad_index` [ RunTime:0.001309s ]
[2023-09-25T01:45:56+08:00][sql] SELECT * FROM `jm_ad_index` WHERE  `g_id` = 74 LIMIT 1 [ RunTime:0.000452s ]
[2023-09-25T01:45:56+08:00][sql] SELECT * FROM `jm_category` WHERE  `pid` = 74 [ RunTime:0.000417s ]
[2023-09-25T01:45:56+08:00][sql] SELECT * FROM `jm_news_index` WHERE  `c_id` = 79  AND `id` > 172  AND `status` = 1 LIMIT 1 [ RunTime:0.000498s ]
[2023-09-25T01:45:56+08:00][sql] SELECT * FROM `jm_news_index` WHERE  `c_id` = 79  AND `id` < 172  AND `status` = 1 LIMIT 1 [ RunTime:0.000464s ]
[2023-09-25T01:45:56+08:00][sql] CONNECT:[ UseTime:0.000684s ] mysql:host=127.0.0.1;port=3306;dbname=www_fsqf_com;charset=utf8
[2023-09-25T01:45:56+08:00][sql] SHOW FULL COLUMNS FROM `jm_nav` [ RunTime:0.001696s ]
[2023-09-25T01:45:56+08:00][sql] SELECT * FROM `jm_nav` ORDER BY `sort` ASC [ RunTime:0.000601s ]
[2023-09-25T01:45:56+08:00][sql] SHOW FULL COLUMNS FROM `jm_browse_index` [ RunTime:0.001485s ]
[2023-09-25T01:45:56+08:00][sql] SHOW FULL COLUMNS FROM `jm_news_index` [ RunTime:0.001590s ]
[2023-09-25T01:45:56+08:00][sql] SELECT `c_id` FROM `jm_news_index` WHERE  `id` = 177 LIMIT 1 [ RunTime:0.000542s ]
[2023-09-25T01:45:56+08:00][sql] SELECT * FROM `jm_browse_index` WHERE  `ip` = '220.181.108.101' ORDER BY `id` DESC LIMIT 1 [ RunTime:0.000489s ]
[2023-09-25T01:45:56+08:00][sql] INSERT INTO `jm_browse_index` SET `cid` = 78 , `url` = '/show/177.html' , `ip` = '220.181.108.101' , `mark` = '2939533901f256dcd71360fd22902a0e' , `user_agent` = 'Mozilla/5.0 (compatible; Baiduspider/2.0; +http://www.baidu.com/search/spider.html)' , `create_time` = '2023-09-25 01:45:56.635736' [ RunTime:0.000865s ]
[2023-09-25T01:45:56+08:00][sql] SELECT * FROM `jm_news_index` WHERE  `id` = 177 LIMIT 1 [ RunTime:0.000490s ]
[2023-09-25T01:45:56+08:00][sql] SHOW FULL COLUMNS FROM `jm_category` [ RunTime:0.001809s ]
[2023-09-25T01:45:56+08:00][sql] SELECT * FROM `jm_category` WHERE  `id` = 78 LIMIT 1 [ RunTime:0.000724s ]
[2023-09-25T01:45:56+08:00][sql] SELECT * FROM `jm_category` WHERE  `id` = 74 LIMIT 1 [ RunTime:0.000473s ]
[2023-09-25T01:45:56+08:00][sql] SHOW FULL COLUMNS FROM `jm_ad_index` [ RunTime:0.001927s ]
[2023-09-25T01:45:56+08:00][sql] SELECT * FROM `jm_ad_index` WHERE  `g_id` = 74 LIMIT 1 [ RunTime:0.000595s ]
[2023-09-25T01:45:56+08:00][sql] SELECT * FROM `jm_category` WHERE  `pid` = 74 [ RunTime:0.000421s ]
[2023-09-25T01:45:56+08:00][sql] SELECT * FROM `jm_news_index` WHERE  `c_id` = 78  AND `id` > 177  AND `status` = 1 LIMIT 1 [ RunTime:0.000586s ]
[2023-09-25T01:45:56+08:00][sql] SELECT * FROM `jm_news_index` WHERE  `c_id` = 78  AND `id` < 177  AND `status` = 1 LIMIT 1 [ RunTime:0.000531s ]
[2023-09-25T01:45:56+08:00][sql] CONNECT:[ UseTime:0.000986s ] mysql:host=127.0.0.1;port=3306;dbname=www_fsqf_com;charset=utf8
[2023-09-25T01:45:56+08:00][sql] SHOW FULL COLUMNS FROM `jm_nav` [ RunTime:0.002476s ]
[2023-09-25T01:45:56+08:00][sql] SELECT * FROM `jm_nav` ORDER BY `sort` ASC [ RunTime:0.000686s ]
[2023-09-25T01:45:56+08:00][sql] SHOW FULL COLUMNS FROM `jm_browse_index` [ RunTime:0.001782s ]
[2023-09-25T01:45:56+08:00][sql] SELECT * FROM `jm_browse_index` WHERE  `ip` = '116.179.32.201' ORDER BY `id` DESC LIMIT 1 [ RunTime:0.000707s ]
[2023-09-25T01:45:56+08:00][sql] INSERT INTO `jm_browse_index` SET `cid` = 0 , `url` = '/page/9.html' , `ip` = '116.179.32.201' , `mark` = '99cee1346d32374a0738dc134344eeb2' , `user_agent` = 'Mozilla/5.0 (compatible; Baiduspider/2.0; +http://www.baidu.com/search/spider.html)' , `create_time` = '2023-09-25 01:45:56.720366' [ RunTime:0.000565s ]
[2023-09-25T01:45:56+08:00][sql] SHOW FULL COLUMNS FROM `jm_page_index` [ RunTime:0.001492s ]
[2023-09-25T01:45:56+08:00][sql] SELECT * FROM `jm_page_index` WHERE  `id` = 9 LIMIT 1 [ RunTime:0.000712s ]
[2023-09-25T01:45:56+08:00][sql] SHOW FULL COLUMNS FROM `jm_category` [ RunTime:0.002205s ]
[2023-09-25T01:45:56+08:00][sql] SELECT * FROM `jm_category` WHERE  `id` = 76 LIMIT 1 [ RunTime:0.000667s ]
[2023-09-25T01:45:56+08:00][sql] SELECT * FROM `jm_category` WHERE  `id` = 0 LIMIT 1 [ RunTime:0.000463s ]
[2023-09-25T01:45:56+08:00][sql] SHOW FULL COLUMNS FROM `jm_ad_index` [ RunTime:0.001957s ]
[2023-09-25T01:45:56+08:00][sql] SELECT * FROM `jm_ad_index` WHERE  `g_id` = 76 LIMIT 1 [ RunTime:0.000634s ]
[2023-09-25T01:45:56+08:00][sql] SELECT `id` FROM `jm_page_index` WHERE  `c_id` = 76 LIMIT 1 [ RunTime:0.000397s ]
[2023-09-25T01:45:56+08:00][sql] SELECT * FROM `jm_category` WHERE  `pid` = 76 [ RunTime:0.000452s ]
[2023-09-25T01:45:56+08:00][sql] SELECT * FROM `jm_page_index` WHERE  `c_id` = 76 ORDER BY `sort` ASC [ RunTime:0.000514s ]
[2023-09-25T01:53:50+08:00][sql] CONNECT:[ UseTime:0.000929s ] mysql:host=127.0.0.1;port=3306;dbname=www_fsqf_com;charset=utf8
[2023-09-25T01:53:50+08:00][sql] SHOW FULL COLUMNS FROM `jm_nav` [ RunTime:0.002616s ]
[2023-09-25T01:53:50+08:00][sql] SELECT * FROM `jm_nav` ORDER BY `sort` ASC [ RunTime:0.000859s ]
[2023-09-25T01:53:50+08:00][sql] SHOW FULL COLUMNS FROM `jm_browse_index` [ RunTime:0.001644s ]
[2023-09-25T01:53:50+08:00][sql] SELECT * FROM `jm_browse_index` WHERE  `ip` = '220.181.108.158' ORDER BY `id` DESC LIMIT 1 [ RunTime:0.000850s ]
[2023-09-25T01:53:50+08:00][sql] INSERT INTO `jm_browse_index` SET `cid` = 79 , `url` = '/list/79.html' , `ip` = '220.181.108.158' , `mark` = '49ab8d13d9b58f225bdfd62b42180661' , `user_agent` = 'Mozilla/5.0 (compatible; Baiduspider/2.0; +http://www.baidu.com/search/spider.html)' , `create_time` = '2023-09-25 01:53:50.574726' [ RunTime:0.000486s ]
[2023-09-25T01:53:50+08:00][sql] SHOW FULL COLUMNS FROM `jm_category` [ RunTime:0.002099s ]
[2023-09-25T01:53:50+08:00][sql] SELECT `pid` FROM `jm_category` WHERE  `id` = 79 LIMIT 1 [ RunTime:0.000565s ]
[2023-09-25T01:53:50+08:00][sql] SHOW FULL COLUMNS FROM `jm_news_index` [ RunTime:0.001943s ]
[2023-09-25T01:53:50+08:00][sql] SELECT COUNT(*) AS think_count FROM `jm_news_index` WHERE  `status` = 1  AND `c_id` = 79 LIMIT 1 [ RunTime:0.000735s ]
[2023-09-25T01:53:50+08:00][sql] SELECT * FROM `jm_news_index` WHERE  `status` = 1  AND `c_id` = 79 ORDER BY `create_time` DESC LIMIT 0,5 [ RunTime:0.000806s ]
[2023-09-25T01:53:50+08:00][sql] SELECT * FROM `jm_category` WHERE  `id` = 79 LIMIT 1 [ RunTime:0.000438s ]
[2023-09-25T01:53:50+08:00][sql] SELECT * FROM `jm_category` WHERE  `id` = 74 LIMIT 1 [ RunTime:0.000315s ]
[2023-09-25T01:53:50+08:00][sql] SHOW FULL COLUMNS FROM `jm_ad_index` [ RunTime:0.001493s ]
[2023-09-25T01:53:50+08:00][sql] SELECT * FROM `jm_ad_index` WHERE  `g_id` = 74 LIMIT 1 [ RunTime:0.000499s ]
[2023-09-25T01:53:50+08:00][sql] SELECT * FROM `jm_category` WHERE  `pid` = 74 ORDER BY `sort` ASC [ RunTime:0.000407s ]
[2023-09-25T01:54:18+08:00][sql] CONNECT:[ UseTime:0.000829s ] mysql:host=127.0.0.1;port=3306;dbname=www_fsqf_com;charset=utf8
[2023-09-25T01:54:18+08:00][sql] SHOW FULL COLUMNS FROM `jm_nav` [ RunTime:0.002015s ]
[2023-09-25T01:54:18+08:00][sql] SELECT * FROM `jm_nav` ORDER BY `sort` ASC [ RunTime:0.000654s ]
[2023-09-25T01:54:18+08:00][sql] SHOW FULL COLUMNS FROM `jm_browse_index` [ RunTime:0.001516s ]
[2023-09-25T01:54:18+08:00][sql] SELECT * FROM `jm_browse_index` WHERE  `ip` = '192.36.109.114' ORDER BY `id` DESC LIMIT 1 [ RunTime:0.000656s ]
[2023-09-25T01:54:18+08:00][sql] INSERT INTO `jm_browse_index` SET `cid` = 0 , `url` = '/' , `ip` = '192.36.109.114' , `mark` = '0de130a2229432d74c55482058eb4ecc' , `user_agent` = 'Mozilla/5.0 (Windows NT 10.0; Win64; x64) AppleWebKit/537.36 (KHTML, like Gecko) Chrome/103.0.5060.134 Safari/537.36 Edg/103.0.1264.71' , `create_time` = '2023-09-25 01:54:18.464262' [ RunTime:0.000661s ]
[2023-09-25T01:54:18+08:00][sql] SHOW FULL COLUMNS FROM `jm_news_index` [ RunTime:0.001745s ]
[2023-09-25T01:54:18+08:00][sql] SELECT * FROM `jm_news_index` WHERE  `c_id` = 78  AND `status` = 1 ORDER BY `create_time` DESC LIMIT 5 [ RunTime:0.000621s ]
[2023-09-25T01:54:18+08:00][sql] SELECT * FROM `jm_news_index` WHERE  `c_id` = 79  AND `status` = 1 ORDER BY `create_time` DESC LIMIT 5 [ RunTime:0.000617s ]
[2023-09-25T01:54:18+08:00][sql] SELECT * FROM `jm_news_index` WHERE  `c_id` = 77  AND `status` = 1 ORDER BY `create_time` DESC LIMIT 5 [ RunTime:0.000620s ]
[2023-09-25T02:19:16+08:00][sql] CONNECT:[ UseTime:0.001030s ] mysql:host=127.0.0.1;port=3306;dbname=www_fsqf_com;charset=utf8
[2023-09-25T02:19:16+08:00][sql] SHOW FULL COLUMNS FROM `jm_nav` [ RunTime:0.002077s ]
[2023-09-25T02:19:16+08:00][sql] SELECT * FROM `jm_nav` ORDER BY `sort` ASC [ RunTime:0.000535s ]
[2023-09-25T02:19:16+08:00][sql] SHOW FULL COLUMNS FROM `jm_browse_index` [ RunTime:0.001331s ]
[2023-09-25T02:19:16+08:00][sql] SELECT * FROM `jm_browse_index` WHERE  `ip` = '116.179.32.220' ORDER BY `id` DESC LIMIT 1 [ RunTime:0.001237s ]
[2023-09-25T02:19:16+08:00][sql] INSERT INTO `jm_browse_index` SET `cid` = 0 , `url` = '/page/12.html' , `ip` = '116.179.32.220' , `mark` = '8b8343d9a9d5a73e735392d2975773b4' , `user_agent` = 'Mozilla/5.0 (compatible; Baiduspider/2.0; +http://www.baidu.com/search/spider.html)' , `create_time` = '2023-09-25 02:19:16.529253' [ RunTime:0.000430s ]
[2023-09-25T02:19:16+08:00][sql] SHOW FULL COLUMNS FROM `jm_page_index` [ RunTime:0.002724s ]
[2023-09-25T02:19:16+08:00][sql] SELECT * FROM `jm_page_index` WHERE  `id` = 12 LIMIT 1 [ RunTime:0.000781s ]
[2023-09-25T02:19:16+08:00][sql] SHOW FULL COLUMNS FROM `jm_category` [ RunTime:0.001532s ]
[2023-09-25T02:19:16+08:00][sql] SELECT * FROM `jm_category` WHERE  `id` = 76 LIMIT 1 [ RunTime:0.000690s ]
[2023-09-25T02:19:16+08:00][sql] SELECT * FROM `jm_category` WHERE  `id` = 0 LIMIT 1 [ RunTime:0.000466s ]
[2023-09-25T02:19:16+08:00][sql] SHOW FULL COLUMNS FROM `jm_ad_index` [ RunTime:0.001295s ]
[2023-09-25T02:19:16+08:00][sql] SELECT * FROM `jm_ad_index` WHERE  `g_id` = 76 LIMIT 1 [ RunTime:0.000656s ]
[2023-09-25T02:19:16+08:00][sql] SELECT `id` FROM `jm_page_index` WHERE  `c_id` = 76 LIMIT 1 [ RunTime:0.000431s ]
[2023-09-25T02:19:16+08:00][sql] SELECT * FROM `jm_category` WHERE  `pid` = 76 [ RunTime:0.000323s ]
[2023-09-25T02:19:16+08:00][sql] SELECT * FROM `jm_page_index` WHERE  `c_id` = 76 ORDER BY `sort` ASC [ RunTime:0.000365s ]
[2023-09-25T02:19:16+08:00][sql] CONNECT:[ UseTime:0.000618s ] mysql:host=127.0.0.1;port=3306;dbname=www_fsqf_com;charset=utf8
[2023-09-25T02:19:16+08:00][sql] SHOW FULL COLUMNS FROM `jm_nav` [ RunTime:0.001775s ]
[2023-09-25T02:19:16+08:00][sql] SELECT * FROM `jm_nav` ORDER BY `sort` ASC [ RunTime:0.000543s ]
[2023-09-25T02:19:16+08:00][sql] SHOW FULL COLUMNS FROM `jm_browse_index` [ RunTime:0.001448s ]
[2023-09-25T02:19:16+08:00][sql] SHOW FULL COLUMNS FROM `jm_news_index` [ RunTime:0.002183s ]
[2023-09-25T02:19:16+08:00][sql] SELECT `c_id` FROM `jm_news_index` WHERE  `id` = 166 LIMIT 1 [ RunTime:0.000505s ]
[2023-09-25T02:19:16+08:00][sql] SELECT * FROM `jm_browse_index` WHERE  `ip` = '220.181.108.102' ORDER BY `id` DESC LIMIT 1 [ RunTime:0.001175s ]
[2023-09-25T02:19:16+08:00][sql] INSERT INTO `jm_browse_index` SET `cid` = 77 , `url` = '/show/166.html' , `ip` = '220.181.108.102' , `mark` = 'a81c7613671cc2a40c10be8e20802f4d' , `user_agent` = 'Mozilla/5.0 (compatible; Baiduspider/2.0; +http://www.baidu.com/search/spider.html)' , `create_time` = '2023-09-25 02:19:16.553983' [ RunTime:0.000468s ]
[2023-09-25T02:19:16+08:00][sql] SELECT * FROM `jm_news_index` WHERE  `id` = 166 LIMIT 1 [ RunTime:0.000505s ]
[2023-09-25T02:19:16+08:00][sql] SHOW FULL COLUMNS FROM `jm_category` [ RunTime:0.001501s ]
[2023-09-25T02:19:16+08:00][sql] SELECT * FROM `jm_category` WHERE  `id` = 77 LIMIT 1 [ RunTime:0.000561s ]
[2023-09-25T02:19:16+08:00][sql] SELECT * FROM `jm_category` WHERE  `id` = 74 LIMIT 1 [ RunTime:0.000446s ]
[2023-09-25T02:19:16+08:00][sql] SHOW FULL COLUMNS FROM `jm_ad_index` [ RunTime:0.001345s ]
[2023-09-25T02:19:16+08:00][sql] SELECT * FROM `jm_ad_index` WHERE  `g_id` = 74 LIMIT 1 [ RunTime:0.000501s ]
[2023-09-25T02:19:16+08:00][sql] SELECT * FROM `jm_category` WHERE  `pid` = 74 [ RunTime:0.000408s ]
[2023-09-25T02:19:16+08:00][sql] SELECT * FROM `jm_news_index` WHERE  `c_id` = 77  AND `id` > 166  AND `status` = 1 LIMIT 1 [ RunTime:0.000529s ]
[2023-09-25T02:19:16+08:00][sql] SELECT * FROM `jm_news_index` WHERE  `c_id` = 77  AND `id` < 166  AND `status` = 1 LIMIT 1 [ RunTime:0.000428s ]
[2023-09-25T02:19:16+08:00][sql] CONNECT:[ UseTime:0.000850s ] mysql:host=127.0.0.1;port=3306;dbname=www_fsqf_com;charset=utf8
[2023-09-25T02:19:16+08:00][sql] SHOW FULL COLUMNS FROM `jm_nav` [ RunTime:0.002455s ]
[2023-09-25T02:19:16+08:00][sql] SELECT * FROM `jm_nav` ORDER BY `sort` ASC [ RunTime:0.000521s ]
[2023-09-25T02:19:16+08:00][sql] SHOW FULL COLUMNS FROM `jm_browse_index` [ RunTime:0.001700s ]
[2023-09-25T02:19:16+08:00][sql] SHOW FULL COLUMNS FROM `jm_news_index` [ RunTime:0.002989s ]
[2023-09-25T02:19:16+08:00][sql] SELECT `c_id` FROM `jm_news_index` WHERE  `id` = 175 LIMIT 1 [ RunTime:0.000629s ]
[2023-09-25T02:19:16+08:00][sql] SELECT * FROM `jm_browse_index` WHERE  `ip` = '182.107.44.7' ORDER BY `id` DESC LIMIT 1 [ RunTime:0.001209s ]
[2023-09-25T02:19:16+08:00][sql] INSERT INTO `jm_browse_index` SET `cid` = 79 , `url` = '/show/175.html' , `ip` = '182.107.44.7' , `mark` = '8acfb1de6aac9e33a58b9df17dc7f46f' , `user_agent` = 'Mozilla/5.0 (Windows NT 10.0; WOW64) AppleWebKit/537.36 (KHTML, like Gecko) Chrome/48.0.2564.116 Safari/537.36' , `create_time` = '2023-09-25 02:19:16.613561' [ RunTime:0.000469s ]
[2023-09-25T02:19:16+08:00][sql] SELECT * FROM `jm_news_index` WHERE  `id` = 175 LIMIT 1 [ RunTime:0.000752s ]
[2023-09-25T02:19:16+08:00][sql] SHOW FULL COLUMNS FROM `jm_category` [ RunTime:0.002255s ]
[2023-09-25T02:19:16+08:00][sql] SELECT * FROM `jm_category` WHERE  `id` = 79 LIMIT 1 [ RunTime:0.000620s ]
[2023-09-25T02:19:16+08:00][sql] SELECT * FROM `jm_category` WHERE  `id` = 74 LIMIT 1 [ RunTime:0.000416s ]
[2023-09-25T02:19:16+08:00][sql] SHOW FULL COLUMNS FROM `jm_ad_index` [ RunTime:0.001720s ]
[2023-09-25T02:19:16+08:00][sql] SELECT * FROM `jm_ad_index` WHERE  `g_id` = 74 LIMIT 1 [ RunTime:0.000584s ]
[2023-09-25T02:19:16+08:00][sql] SELECT * FROM `jm_category` WHERE  `pid` = 74 [ RunTime:0.000338s ]
[2023-09-25T02:19:16+08:00][sql] SELECT * FROM `jm_news_index` WHERE  `c_id` = 79  AND `id` > 175  AND `status` = 1 LIMIT 1 [ RunTime:0.000560s ]
[2023-09-25T02:19:16+08:00][sql] SELECT * FROM `jm_news_index` WHERE  `c_id` = 79  AND `id` < 175  AND `status` = 1 LIMIT 1 [ RunTime:0.000686s ]
[2023-09-25T02:22:35+08:00][sql] CONNECT:[ UseTime:0.001056s ] mysql:host=127.0.0.1;port=3306;dbname=www_fsqf_com;charset=utf8
[2023-09-25T02:22:35+08:00][sql] SHOW FULL COLUMNS FROM `jm_nav` [ RunTime:0.002232s ]
[2023-09-25T02:22:35+08:00][sql] SELECT * FROM `jm_nav` ORDER BY `sort` ASC [ RunTime:0.000908s ]
[2023-09-25T02:22:35+08:00][sql] SHOW FULL COLUMNS FROM `jm_browse_index` [ RunTime:0.001516s ]
[2023-09-25T02:22:35+08:00][sql] SELECT * FROM `jm_browse_index` WHERE  `ip` = '183.213.172.16' ORDER BY `id` DESC LIMIT 1 [ RunTime:0.001389s ]
[2023-09-25T02:22:35+08:00][sql] INSERT INTO `jm_browse_index` SET `cid` = 0 , `url` = '/page/11.html' , `ip` = '183.213.172.16' , `mark` = '900366c97a5974dcc33daaedde85a755' , `user_agent` = 'Mozilla/5.0 (Windows NT 10.0; WOW64) AppleWebKit/537.36 (KHTML, like Gecko) Chrome/48.0.2564.116 Safari/537.36' , `create_time` = '2023-09-25 02:22:34.987685' [ RunTime:0.000561s ]
[2023-09-25T02:22:35+08:00][sql] SHOW FULL COLUMNS FROM `jm_page_index` [ RunTime:0.001645s ]
[2023-09-25T02:22:35+08:00][sql] SELECT * FROM `jm_page_index` WHERE  `id` = 11 LIMIT 1 [ RunTime:0.000692s ]
[2023-09-25T02:22:35+08:00][sql] SHOW FULL COLUMNS FROM `jm_category` [ RunTime:0.001644s ]
[2023-09-25T02:22:35+08:00][sql] SELECT * FROM `jm_category` WHERE  `id` = 76 LIMIT 1 [ RunTime:0.000602s ]
[2023-09-25T02:22:35+08:00][sql] SELECT * FROM `jm_category` WHERE  `id` = 0 LIMIT 1 [ RunTime:0.000379s ]
[2023-09-25T02:22:35+08:00][sql] SHOW FULL COLUMNS FROM `jm_ad_index` [ RunTime:0.001509s ]
[2023-09-25T02:22:35+08:00][sql] SELECT * FROM `jm_ad_index` WHERE  `g_id` = 76 LIMIT 1 [ RunTime:0.000534s ]
[2023-09-25T02:22:35+08:00][sql] SELECT `id` FROM `jm_page_index` WHERE  `c_id` = 76 LIMIT 1 [ RunTime:0.000375s ]
[2023-09-25T02:22:35+08:00][sql] SELECT * FROM `jm_category` WHERE  `pid` = 76 [ RunTime:0.000632s ]
[2023-09-25T02:22:35+08:00][sql] SELECT * FROM `jm_page_index` WHERE  `c_id` = 76 ORDER BY `sort` ASC [ RunTime:0.000463s ]
[2023-09-25T02:22:35+08:00][sql] CONNECT:[ UseTime:0.000738s ] mysql:host=127.0.0.1;port=3306;dbname=www_fsqf_com;charset=utf8
[2023-09-25T02:22:35+08:00][sql] SHOW FULL COLUMNS FROM `jm_nav` [ RunTime:0.001829s ]
[2023-09-25T02:22:35+08:00][sql] SELECT * FROM `jm_nav` ORDER BY `sort` ASC [ RunTime:0.000614s ]
[2023-09-25T02:22:35+08:00][sql] SHOW FULL COLUMNS FROM `jm_browse_index` [ RunTime:0.001485s ]
[2023-09-25T02:22:35+08:00][sql] SHOW FULL COLUMNS FROM `jm_news_index` [ RunTime:0.001857s ]
[2023-09-25T02:22:35+08:00][sql] SELECT `c_id` FROM `jm_news_index` WHERE  `id` = 168 LIMIT 1 [ RunTime:0.000565s ]
[2023-09-25T02:22:35+08:00][sql] SELECT * FROM `jm_browse_index` WHERE  `ip` = '101.229.147.124' ORDER BY `id` DESC LIMIT 1 [ RunTime:0.001343s ]
[2023-09-25T02:22:35+08:00][sql] INSERT INTO `jm_browse_index` SET `cid` = 77 , `url` = '/show/168.html' , `ip` = '101.229.147.124' , `mark` = 'a717f7c32d913869ef6be20d34bcc435' , `user_agent` = 'Mozilla/5.0 (Windows NT 10.0; WOW64) AppleWebKit/537.36 (KHTML, like Gecko) Chrome/48.0.2564.116 Safari/537.36' , `create_time` = '2023-09-25 02:22:35.004427' [ RunTime:0.000570s ]
[2023-09-25T02:22:35+08:00][sql] SELECT * FROM `jm_news_index` WHERE  `id` = 168 LIMIT 1 [ RunTime:0.000543s ]
[2023-09-25T02:22:35+08:00][sql] SHOW FULL COLUMNS FROM `jm_category` [ RunTime:0.001848s ]
[2023-09-25T02:22:35+08:00][sql] SELECT * FROM `jm_category` WHERE  `id` = 77 LIMIT 1 [ RunTime:0.000607s ]
[2023-09-25T02:22:35+08:00][sql] SELECT * FROM `jm_category` WHERE  `id` = 74 LIMIT 1 [ RunTime:0.000389s ]
[2023-09-25T02:22:35+08:00][sql] SHOW FULL COLUMNS FROM `jm_ad_index` [ RunTime:0.001330s ]
[2023-09-25T02:22:35+08:00][sql] SELECT * FROM `jm_ad_index` WHERE  `g_id` = 74 LIMIT 1 [ RunTime:0.000514s ]
[2023-09-25T02:22:35+08:00][sql] SELECT * FROM `jm_category` WHERE  `pid` = 74 [ RunTime:0.000326s ]
[2023-09-25T02:22:35+08:00][sql] SELECT * FROM `jm_news_index` WHERE  `c_id` = 77  AND `id` > 168  AND `status` = 1 LIMIT 1 [ RunTime:0.000462s ]
[2023-09-25T02:22:35+08:00][sql] SELECT * FROM `jm_news_index` WHERE  `c_id` = 77  AND `id` < 168  AND `status` = 1 LIMIT 1 [ RunTime:0.000463s ]
[2023-09-25T02:25:55+08:00][sql] CONNECT:[ UseTime:0.000776s ] mysql:host=127.0.0.1;port=3306;dbname=www_fsqf_com;charset=utf8
[2023-09-25T02:25:55+08:00][sql] SHOW FULL COLUMNS FROM `jm_nav` [ RunTime:0.001843s ]
[2023-09-25T02:25:55+08:00][sql] SELECT * FROM `jm_nav` ORDER BY `sort` ASC [ RunTime:0.000521s ]
[2023-09-25T02:25:55+08:00][sql] SHOW FULL COLUMNS FROM `jm_browse_index` [ RunTime:0.001371s ]
[2023-09-25T02:25:55+08:00][sql] SHOW FULL COLUMNS FROM `jm_news_index` [ RunTime:0.002178s ]
[2023-09-25T02:25:55+08:00][sql] SELECT `c_id` FROM `jm_news_index` WHERE  `id` = 171 LIMIT 1 [ RunTime:0.000647s ]
[2023-09-25T02:25:55+08:00][sql] SELECT * FROM `jm_browse_index` WHERE  `ip` = '112.10.176.145' ORDER BY `id` DESC LIMIT 1 [ RunTime:0.001287s ]
[2023-09-25T02:25:55+08:00][sql] INSERT INTO `jm_browse_index` SET `cid` = 79 , `url` = '/show/171.html' , `ip` = '112.10.176.145' , `mark` = 'c29e5fbb16c97455743431f4b4a93a8b' , `user_agent` = 'Mozilla/5.0 (Windows NT 10.0; WOW64) AppleWebKit/537.36 (KHTML, like Gecko) Chrome/48.0.2564.116 Safari/537.36' , `create_time` = '2023-09-25 02:25:55.007794' [ RunTime:0.000681s ]
[2023-09-25T02:25:55+08:00][sql] SELECT * FROM `jm_news_index` WHERE  `id` = 171 LIMIT 1 [ RunTime:0.000818s ]
[2023-09-25T02:25:55+08:00][sql] SHOW FULL COLUMNS FROM `jm_category` [ RunTime:0.002773s ]
[2023-09-25T02:25:55+08:00][sql] SELECT * FROM `jm_category` WHERE  `id` = 79 LIMIT 1 [ RunTime:0.000677s ]
[2023-09-25T02:25:55+08:00][sql] SELECT * FROM `jm_category` WHERE  `id` = 74 LIMIT 1 [ RunTime:0.000469s ]
[2023-09-25T02:25:55+08:00][sql] SHOW FULL COLUMNS FROM `jm_ad_index` [ RunTime:0.002005s ]
[2023-09-25T02:25:55+08:00][sql] SELECT * FROM `jm_ad_index` WHERE  `g_id` = 74 LIMIT 1 [ RunTime:0.000637s ]
[2023-09-25T02:25:55+08:00][sql] SELECT * FROM `jm_category` WHERE  `pid` = 74 [ RunTime:0.000452s ]
[2023-09-25T02:25:55+08:00][sql] SELECT * FROM `jm_news_index` WHERE  `c_id` = 79  AND `id` > 171  AND `status` = 1 LIMIT 1 [ RunTime:0.000679s ]
[2023-09-25T02:25:55+08:00][sql] SELECT * FROM `jm_news_index` WHERE  `c_id` = 79  AND `id` < 171  AND `status` = 1 LIMIT 1 [ RunTime:0.000611s ]
[2023-09-25T02:27:10+08:00][sql] CONNECT:[ UseTime:0.001039s ] mysql:host=127.0.0.1;port=3306;dbname=www_fsqf_com;charset=utf8
[2023-09-25T02:27:10+08:00][sql] SHOW FULL COLUMNS FROM `jm_nav` [ RunTime:0.002042s ]
[2023-09-25T02:27:10+08:00][sql] SELECT * FROM `jm_nav` ORDER BY `sort` ASC [ RunTime:0.000592s ]
[2023-09-25T02:27:10+08:00][sql] SHOW FULL COLUMNS FROM `jm_browse_index` [ RunTime:0.001571s ]
[2023-09-25T02:27:10+08:00][sql] SHOW FULL COLUMNS FROM `jm_news_index` [ RunTime:0.002228s ]
[2023-09-25T02:27:10+08:00][sql] SELECT `c_id` FROM `jm_news_index` WHERE  `id` = 176 LIMIT 1 [ RunTime:0.000631s ]
[2023-09-25T02:27:10+08:00][sql] SELECT * FROM `jm_browse_index` WHERE  `ip` = '116.179.32.230' ORDER BY `id` DESC LIMIT 1 [ RunTime:0.001310s ]
[2023-09-25T02:27:10+08:00][sql] INSERT INTO `jm_browse_index` SET `cid` = 78 , `url` = '/show/176.html' , `ip` = '116.179.32.230' , `mark` = 'ba44bd796185aa2fb8effd3b37050b53' , `user_agent` = 'Mozilla/5.0 (compatible; Baiduspider/2.0; +http://www.baidu.com/search/spider.html)' , `create_time` = '2023-09-25 02:27:10.600641' [ RunTime:0.000475s ]
[2023-09-25T02:27:10+08:00][sql] SELECT * FROM `jm_news_index` WHERE  `id` = 176 LIMIT 1 [ RunTime:0.000467s ]
[2023-09-25T02:27:10+08:00][sql] SHOW FULL COLUMNS FROM `jm_category` [ RunTime:0.001614s ]
[2023-09-25T02:27:10+08:00][sql] SELECT * FROM `jm_category` WHERE  `id` = 78 LIMIT 1 [ RunTime:0.000521s ]
[2023-09-25T02:27:10+08:00][sql] SELECT * FROM `jm_category` WHERE  `id` = 74 LIMIT 1 [ RunTime:0.000316s ]
[2023-09-25T02:27:10+08:00][sql] SHOW FULL COLUMNS FROM `jm_ad_index` [ RunTime:0.001357s ]
[2023-09-25T02:27:10+08:00][sql] SELECT * FROM `jm_ad_index` WHERE  `g_id` = 74 LIMIT 1 [ RunTime:0.000577s ]
[2023-09-25T02:27:10+08:00][sql] SELECT * FROM `jm_category` WHERE  `pid` = 74 [ RunTime:0.000401s ]
[2023-09-25T02:27:10+08:00][sql] SELECT * FROM `jm_news_index` WHERE  `c_id` = 78  AND `id` > 176  AND `status` = 1 LIMIT 1 [ RunTime:0.000587s ]
[2023-09-25T02:27:10+08:00][sql] SELECT * FROM `jm_news_index` WHERE  `c_id` = 78  AND `id` < 176  AND `status` = 1 LIMIT 1 [ RunTime:0.000481s ]
[2023-09-25T02:52:36+08:00][sql] CONNECT:[ UseTime:0.000887s ] mysql:host=127.0.0.1;port=3306;dbname=www_fsqf_com;charset=utf8
[2023-09-25T02:52:36+08:00][sql] SHOW FULL COLUMNS FROM `jm_nav` [ RunTime:0.001829s ]
[2023-09-25T02:52:36+08:00][sql] SELECT * FROM `jm_nav` ORDER BY `sort` ASC [ RunTime:0.000485s ]
[2023-09-25T02:52:36+08:00][sql] SHOW FULL COLUMNS FROM `jm_browse_index` [ RunTime:0.001330s ]
[2023-09-25T02:52:36+08:00][sql] SELECT * FROM `jm_browse_index` WHERE  `ip` = '180.126.44.126' ORDER BY `id` DESC LIMIT 1 [ RunTime:0.001264s ]
[2023-09-25T02:52:36+08:00][sql] INSERT INTO `jm_browse_index` SET `cid` = 0 , `url` = '/page/9.html' , `ip` = '180.126.44.126' , `mark` = '392c42cdf291c599087e8fa920592259' , `user_agent` = 'Mozilla/5.0 (Windows NT 10.0; WOW64) AppleWebKit/537.36 (KHTML, like Gecko) Chrome/48.0.2564.116 Safari/537.36' , `create_time` = '2023-09-25 02:52:36.678086' [ RunTime:0.000513s ]
[2023-09-25T02:52:36+08:00][sql] SHOW FULL COLUMNS FROM `jm_page_index` [ RunTime:0.001731s ]
[2023-09-25T02:52:36+08:00][sql] SELECT * FROM `jm_page_index` WHERE  `id` = 9 LIMIT 1 [ RunTime:0.000427s ]
[2023-09-25T02:52:36+08:00][sql] SHOW FULL COLUMNS FROM `jm_category` [ RunTime:0.001468s ]
[2023-09-25T02:52:36+08:00][sql] SELECT * FROM `jm_category` WHERE  `id` = 76 LIMIT 1 [ RunTime:0.000333s ]
[2023-09-25T02:52:36+08:00][sql] SELECT * FROM `jm_category` WHERE  `id` = 0 LIMIT 1 [ RunTime:0.000976s ]
[2023-09-25T02:52:36+08:00][sql] SHOW FULL COLUMNS FROM `jm_ad_index` [ RunTime:0.001365s ]
[2023-09-25T02:52:36+08:00][sql] SELECT * FROM `jm_ad_index` WHERE  `g_id` = 76 LIMIT 1 [ RunTime:0.000335s ]
[2023-09-25T02:52:36+08:00][sql] SELECT `id` FROM `jm_page_index` WHERE  `c_id` = 76 LIMIT 1 [ RunTime:0.000314s ]
[2023-09-25T02:52:36+08:00][sql] SELECT * FROM `jm_category` WHERE  `pid` = 76 [ RunTime:0.000289s ]
[2023-09-25T02:52:36+08:00][sql] SELECT * FROM `jm_page_index` WHERE  `c_id` = 76 ORDER BY `sort` ASC [ RunTime:0.000310s ]
[2023-09-25T02:52:36+08:00][sql] CONNECT:[ UseTime:0.000885s ] mysql:host=127.0.0.1;port=3306;dbname=www_fsqf_com;charset=utf8
[2023-09-25T02:52:36+08:00][sql] SHOW FULL COLUMNS FROM `jm_nav` [ RunTime:0.001762s ]
[2023-09-25T02:52:36+08:00][sql] SELECT * FROM `jm_nav` ORDER BY `sort` ASC [ RunTime:0.000488s ]
[2023-09-25T02:52:36+08:00][sql] SHOW FULL COLUMNS FROM `jm_browse_index` [ RunTime:0.001444s ]
[2023-09-25T02:52:36+08:00][sql] SHOW FULL COLUMNS FROM `jm_news_index` [ RunTime:0.001736s ]
[2023-09-25T02:52:36+08:00][sql] SELECT `c_id` FROM `jm_news_index` WHERE  `id` = 177 LIMIT 1 [ RunTime:0.000380s ]
[2023-09-25T02:52:36+08:00][sql] SELECT * FROM `jm_browse_index` WHERE  `ip` = '117.92.186.154' ORDER BY `id` DESC LIMIT 1 [ RunTime:0.001072s ]
[2023-09-25T02:52:36+08:00][sql] INSERT INTO `jm_browse_index` SET `cid` = 78 , `url` = '/show/177.html' , `ip` = '117.92.186.154' , `mark` = 'e8692821f27263f13b984d5ff7f714c4' , `user_agent` = 'Mozilla/5.0 (Windows NT 10.0; WOW64) AppleWebKit/537.36 (KHTML, like Gecko) Chrome/48.0.2564.116 Safari/537.36' , `create_time` = '2023-09-25 02:52:36.726529' [ RunTime:0.000498s ]
[2023-09-25T02:52:36+08:00][sql] SELECT * FROM `jm_news_index` WHERE  `id` = 177 LIMIT 1 [ RunTime:0.000455s ]
[2023-09-25T02:52:36+08:00][sql] SHOW FULL COLUMNS FROM `jm_category` [ RunTime:0.001482s ]
[2023-09-25T02:52:36+08:00][sql] SELECT * FROM `jm_category` WHERE  `id` = 78 LIMIT 1 [ RunTime:0.000521s ]
[2023-09-25T02:52:36+08:00][sql] SELECT * FROM `jm_category` WHERE  `id` = 74 LIMIT 1 [ RunTime:0.000456s ]
[2023-09-25T02:52:36+08:00][sql] SHOW FULL COLUMNS FROM `jm_ad_index` [ RunTime:0.001565s ]
[2023-09-25T02:52:36+08:00][sql] SELECT * FROM `jm_ad_index` WHERE  `g_id` = 74 LIMIT 1 [ RunTime:0.000422s ]
[2023-09-25T02:52:36+08:00][sql] SELECT * FROM `jm_category` WHERE  `pid` = 74 [ RunTime:0.000360s ]
[2023-09-25T02:52:36+08:00][sql] SELECT * FROM `jm_news_index` WHERE  `c_id` = 78  AND `id` > 177  AND `status` = 1 LIMIT 1 [ RunTime:0.000488s ]
[2023-09-25T02:52:36+08:00][sql] SELECT * FROM `jm_news_index` WHERE  `c_id` = 78  AND `id` < 177  AND `status` = 1 LIMIT 1 [ RunTime:0.000446s ]
[2023-09-25T02:52:36+08:00][sql] CONNECT:[ UseTime:0.000793s ] mysql:host=127.0.0.1;port=3306;dbname=www_fsqf_com;charset=utf8
[2023-09-25T02:52:36+08:00][sql] SHOW FULL COLUMNS FROM `jm_nav` [ RunTime:0.001694s ]
[2023-09-25T02:52:36+08:00][sql] SELECT * FROM `jm_nav` ORDER BY `sort` ASC [ RunTime:0.000623s ]
[2023-09-25T02:52:36+08:00][sql] SHOW FULL COLUMNS FROM `jm_browse_index` [ RunTime:0.001354s ]
[2023-09-25T02:52:36+08:00][sql] SELECT * FROM `jm_browse_index` WHERE  `ip` = '183.161.254.124' ORDER BY `id` DESC LIMIT 1 [ RunTime:0.001247s ]
[2023-09-25T02:52:36+08:00][sql] INSERT INTO `jm_browse_index` SET `cid` = 0 , `url` = '/page/10.html' , `ip` = '183.161.254.124' , `mark` = '5d2cd5675220a1781a0677f360c64d7f' , `user_agent` = 'Mozilla/5.0 (Windows NT 10.0; WOW64) AppleWebKit/537.36 (KHTML, like Gecko) Chrome/48.0.2564.116 Safari/537.36' , `create_time` = '2023-09-25 02:52:36.742725' [ RunTime:0.000497s ]
[2023-09-25T02:52:36+08:00][sql] SHOW FULL COLUMNS FROM `jm_page_index` [ RunTime:0.002895s ]
[2023-09-25T02:52:36+08:00][sql] SELECT * FROM `jm_page_index` WHERE  `id` = 10 LIMIT 1 [ RunTime:0.000810s ]
[2023-09-25T02:52:36+08:00][sql] SHOW FULL COLUMNS FROM `jm_category` [ RunTime:0.002611s ]
[2023-09-25T02:52:36+08:00][sql] SELECT * FROM `jm_category` WHERE  `id` = 76 LIMIT 1 [ RunTime:0.000734s ]
[2023-09-25T02:52:36+08:00][sql] SELECT * FROM `jm_category` WHERE  `id` = 0 LIMIT 1 [ RunTime:0.000432s ]
[2023-09-25T02:52:36+08:00][sql] SHOW FULL COLUMNS FROM `jm_ad_index` [ RunTime:0.002287s ]
[2023-09-25T02:52:36+08:00][sql] SELECT * FROM `jm_ad_index` WHERE  `g_id` = 76 LIMIT 1 [ RunTime:0.000831s ]
[2023-09-25T02:52:36+08:00][sql] SELECT `id` FROM `jm_page_index` WHERE  `c_id` = 76 LIMIT 1 [ RunTime:0.000472s ]
[2023-09-25T02:52:36+08:00][sql] SELECT * FROM `jm_category` WHERE  `pid` = 76 [ RunTime:0.000486s ]
[2023-09-25T02:52:36+08:00][sql] SELECT * FROM `jm_page_index` WHERE  `c_id` = 76 ORDER BY `sort` ASC [ RunTime:0.000554s ]
[2023-09-25T02:52:36+08:00][sql] CONNECT:[ UseTime:0.000738s ] mysql:host=127.0.0.1;port=3306;dbname=www_fsqf_com;charset=utf8
[2023-09-25T02:52:36+08:00][sql] SHOW FULL COLUMNS FROM `jm_nav` [ RunTime:0.001812s ]
[2023-09-25T02:52:36+08:00][sql] SELECT * FROM `jm_nav` ORDER BY `sort` ASC [ RunTime:0.000553s ]
[2023-09-25T02:52:36+08:00][sql] SHOW FULL COLUMNS FROM `jm_browse_index` [ RunTime:0.001598s ]
[2023-09-25T02:52:36+08:00][sql] SHOW FULL COLUMNS FROM `jm_news_index` [ RunTime:0.001714s ]
[2023-09-25T02:52:36+08:00][sql] SELECT `c_id` FROM `jm_news_index` WHERE  `id` = 172 LIMIT 1 [ RunTime:0.000511s ]
[2023-09-25T02:52:36+08:00][sql] SELECT * FROM `jm_browse_index` WHERE  `ip` = '58.219.123.133' ORDER BY `id` DESC LIMIT 1 [ RunTime:0.001050s ]
[2023-09-25T02:52:36+08:00][sql] INSERT INTO `jm_browse_index` SET `cid` = 79 , `url` = '/show/172.html' , `ip` = '58.219.123.133' , `mark` = 'baeafbf246ac175cbe65d104460fb005' , `user_agent` = 'Mozilla/5.0 (Windows NT 10.0; WOW64) AppleWebKit/537.36 (KHTML, like Gecko) Chrome/48.0.2564.116 Safari/537.36' , `create_time` = '2023-09-25 02:52:36.943593' [ RunTime:0.000465s ]
[2023-09-25T02:52:36+08:00][sql] SELECT * FROM `jm_news_index` WHERE  `id` = 172 LIMIT 1 [ RunTime:0.000590s ]
[2023-09-25T02:52:36+08:00][sql] SHOW FULL COLUMNS FROM `jm_category` [ RunTime:0.002027s ]
[2023-09-25T02:52:36+08:00][sql] SELECT * FROM `jm_category` WHERE  `id` = 79 LIMIT 1 [ RunTime:0.000511s ]
[2023-09-25T02:52:36+08:00][sql] SELECT * FROM `jm_category` WHERE  `id` = 74 LIMIT 1 [ RunTime:0.000367s ]
[2023-09-25T02:52:36+08:00][sql] SHOW FULL COLUMNS FROM `jm_ad_index` [ RunTime:0.002023s ]
[2023-09-25T02:52:36+08:00][sql] SELECT * FROM `jm_ad_index` WHERE  `g_id` = 74 LIMIT 1 [ RunTime:0.000523s ]
[2023-09-25T02:52:36+08:00][sql] SELECT * FROM `jm_category` WHERE  `pid` = 74 [ RunTime:0.000436s ]
[2023-09-25T02:52:36+08:00][sql] SELECT * FROM `jm_news_index` WHERE  `c_id` = 79  AND `id` > 172  AND `status` = 1 LIMIT 1 [ RunTime:0.000592s ]
[2023-09-25T02:52:36+08:00][sql] SELECT * FROM `jm_news_index` WHERE  `c_id` = 79  AND `id` < 172  AND `status` = 1 LIMIT 1 [ RunTime:0.000579s ]
[2023-09-25T02:52:38+08:00][sql] CONNECT:[ UseTime:0.001081s ] mysql:host=127.0.0.1;port=3306;dbname=www_fsqf_com;charset=utf8
[2023-09-25T02:52:38+08:00][sql] SHOW FULL COLUMNS FROM `jm_nav` [ RunTime:0.002822s ]
[2023-09-25T02:52:38+08:00][sql] SELECT * FROM `jm_nav` ORDER BY `sort` ASC [ RunTime:0.000805s ]
[2023-09-25T02:52:38+08:00][sql] SHOW FULL COLUMNS FROM `jm_browse_index` [ RunTime:0.002473s ]
[2023-09-25T02:52:38+08:00][sql] SELECT * FROM `jm_browse_index` WHERE  `ip` = '222.142.46.168' ORDER BY `id` DESC LIMIT 1 [ RunTime:0.001514s ]
[2023-09-25T02:52:38+08:00][sql] INSERT INTO `jm_browse_index` SET `cid` = 74 , `url` = '/list/74.html' , `ip` = '222.142.46.168' , `mark` = '5ad08801540bc7dba5a72f5726a82a2e' , `user_agent` = 'Mozilla/5.0 (Windows NT 10.0; WOW64) AppleWebKit/537.36 (KHTML, like Gecko) Chrome/48.0.2564.116 Safari/537.36' , `create_time` = '2023-09-25 02:52:38.207529' [ RunTime:0.000546s ]
[2023-09-25T02:52:38+08:00][sql] SHOW FULL COLUMNS FROM `jm_category` [ RunTime:0.001985s ]
[2023-09-25T02:52:38+08:00][sql] SELECT `pid` FROM `jm_category` WHERE  `id` = 74 LIMIT 1 [ RunTime:0.000486s ]
[2023-09-25T02:52:38+08:00][sql] SELECT `id` FROM `jm_category` WHERE  `pid` = 74 [ RunTime:0.000341s ]
[2023-09-25T02:52:38+08:00][sql] SHOW FULL COLUMNS FROM `jm_news_index` [ RunTime:0.001497s ]
[2023-09-25T02:52:38+08:00][sql] SELECT COUNT(*) AS think_count FROM `jm_news_index` WHERE  `status` = 1  AND `c_id` IN (77,78,79) LIMIT 1 [ RunTime:0.000484s ]
[2023-09-25T02:52:38+08:00][sql] SELECT * FROM `jm_news_index` WHERE  `status` = 1  AND `c_id` IN (77,78,79) ORDER BY `create_time` DESC LIMIT 0,5 [ RunTime:0.000656s ]
[2023-09-25T02:52:38+08:00][sql] SELECT * FROM `jm_category` WHERE  `id` = 74 LIMIT 1 [ RunTime:0.000759s ]
[2023-09-25T02:52:38+08:00][sql] SELECT * FROM `jm_category` WHERE  `id` = 0 LIMIT 1 [ RunTime:0.000467s ]
[2023-09-25T02:52:38+08:00][sql] SHOW FULL COLUMNS FROM `jm_ad_index` [ RunTime:0.002260s ]
[2023-09-25T02:52:38+08:00][sql] SELECT * FROM `jm_ad_index` WHERE  `g_id` = 74 LIMIT 1 [ RunTime:0.000723s ]
[2023-09-25T02:52:38+08:00][sql] SELECT * FROM `jm_category` WHERE  `pid` = 74 ORDER BY `sort` ASC [ RunTime:0.000495s ]
[2023-09-25T02:57:52+08:00][sql] CONNECT:[ UseTime:0.001030s ] mysql:host=127.0.0.1;port=3306;dbname=www_fsqf_com;charset=utf8
[2023-09-25T02:57:52+08:00][sql] SHOW FULL COLUMNS FROM `jm_nav` [ RunTime:0.002015s ]
[2023-09-25T02:57:52+08:00][sql] SELECT * FROM `jm_nav` ORDER BY `sort` ASC [ RunTime:0.000420s ]
[2023-09-25T02:57:52+08:00][sql] SHOW FULL COLUMNS FROM `jm_browse_index` [ RunTime:0.001507s ]
[2023-09-25T02:57:52+08:00][sql] SELECT * FROM `jm_browse_index` WHERE  `ip` = '35.86.115.108' ORDER BY `id` DESC LIMIT 1 [ RunTime:0.001217s ]
[2023-09-25T02:57:52+08:00][sql] INSERT INTO `jm_browse_index` SET `cid` = 0 , `url` = '/' , `ip` = '35.86.115.108' , `mark` = '530c4df6cceb6c2d303696e857497d75' , `user_agent` = 'Mozilla/5.0 (X11; Linux x86_64; rv:55.0) Gecko/20100101 Firefox/55.0' , `create_time` = '2023-09-25 02:57:52.519851' [ RunTime:0.000494s ]
[2023-09-25T02:57:52+08:00][sql] SHOW FULL COLUMNS FROM `jm_news_index` [ RunTime:0.001663s ]
[2023-09-25T02:57:52+08:00][sql] SELECT * FROM `jm_news_index` WHERE  `c_id` = 78  AND `status` = 1 ORDER BY `create_time` DESC LIMIT 5 [ RunTime:0.000743s ]
[2023-09-25T02:57:52+08:00][sql] SELECT * FROM `jm_news_index` WHERE  `c_id` = 79  AND `status` = 1 ORDER BY `create_time` DESC LIMIT 5 [ RunTime:0.000673s ]
[2023-09-25T02:57:52+08:00][sql] SELECT * FROM `jm_news_index` WHERE  `c_id` = 77  AND `status` = 1 ORDER BY `create_time` DESC LIMIT 5 [ RunTime:0.000642s ]
[2023-09-25T03:00:30+08:00][sql] CONNECT:[ UseTime:0.000793s ] mysql:host=127.0.0.1;port=3306;dbname=www_fsqf_com;charset=utf8
[2023-09-25T03:00:30+08:00][sql] SHOW FULL COLUMNS FROM `jm_nav` [ RunTime:0.001885s ]
[2023-09-25T03:00:30+08:00][sql] SELECT * FROM `jm_nav` ORDER BY `sort` ASC [ RunTime:0.000636s ]
[2023-09-25T03:00:30+08:00][sql] SHOW FULL COLUMNS FROM `jm_browse_index` [ RunTime:0.001435s ]
[2023-09-25T03:00:30+08:00][sql] SELECT * FROM `jm_browse_index` WHERE  `ip` = '116.179.32.26' ORDER BY `id` DESC LIMIT 1 [ RunTime:0.001267s ]
[2023-09-25T03:00:30+08:00][sql] INSERT INTO `jm_browse_index` SET `cid` = 0 , `url` = '/page/1.html' , `ip` = '116.179.32.26' , `mark` = '36b02058f1c45c193419fc757fdb5841' , `user_agent` = 'Mozilla/5.0 (compatible; Baiduspider/2.0; +http://www.baidu.com/search/spider.html)' , `create_time` = '2023-09-25 03:00:30.545699' [ RunTime:0.000509s ]
[2023-09-25T03:00:30+08:00][sql] SHOW FULL COLUMNS FROM `jm_page_index` [ RunTime:0.003086s ]
[2023-09-25T03:00:30+08:00][sql] SELECT * FROM `jm_page_index` WHERE  `id` = 1 LIMIT 1 [ RunTime:0.000979s ]
[2023-09-25T03:00:30+08:00][sql] SHOW FULL COLUMNS FROM `jm_category` [ RunTime:0.002855s ]
[2023-09-25T03:00:30+08:00][sql] SELECT * FROM `jm_category` WHERE  `id` = 52 LIMIT 1 [ RunTime:0.000986s ]
[2023-09-25T03:00:30+08:00][sql] SELECT * FROM `jm_category` WHERE  `id` = 0 LIMIT 1 [ RunTime:0.000571s ]
[2023-09-25T03:00:30+08:00][sql] SHOW FULL COLUMNS FROM `jm_ad_index` [ RunTime:0.002424s ]
[2023-09-25T03:00:30+08:00][sql] SELECT * FROM `jm_ad_index` WHERE  `g_id` = 52 LIMIT 1 [ RunTime:0.000832s ]
[2023-09-25T03:00:30+08:00][sql] SELECT `id` FROM `jm_page_index` WHERE  `c_id` = 52 LIMIT 1 [ RunTime:0.000476s ]
[2023-09-25T03:00:30+08:00][sql] SELECT * FROM `jm_category` WHERE  `pid` = 52 [ RunTime:0.001164s ]
[2023-09-25T03:00:30+08:00][sql] SELECT * FROM `jm_page_index` WHERE  `c_id` = 76 ORDER BY `sort` ASC [ RunTime:0.001059s ]
[2023-09-25T03:00:30+08:00][sql] CONNECT:[ UseTime:0.001184s ] mysql:host=127.0.0.1;port=3306;dbname=www_fsqf_com;charset=utf8
[2023-09-25T03:00:30+08:00][sql] SHOW FULL COLUMNS FROM `jm_nav` [ RunTime:0.002890s ]
[2023-09-25T03:00:30+08:00][sql] SELECT * FROM `jm_nav` ORDER BY `sort` ASC [ RunTime:0.000867s ]
[2023-09-25T03:00:30+08:00][sql] SHOW FULL COLUMNS FROM `jm_browse_index` [ RunTime:0.002704s ]
[2023-09-25T03:00:30+08:00][sql] SELECT * FROM `jm_browse_index` WHERE  `ip` = '116.179.32.169' ORDER BY `id` DESC LIMIT 1 [ RunTime:0.002377s ]
[2023-09-25T03:00:30+08:00][sql] INSERT INTO `jm_browse_index` SET `cid` = 74 , `url` = '/list/74.html?page=2' , `ip` = '116.179.32.169' , `mark` = '440867a60ce19da5a501d400d9046f5b' , `user_agent` = 'Mozilla/5.0 (compatible; Baiduspider/2.0; +http://www.baidu.com/search/spider.html)' , `create_time` = '2023-09-25 03:00:30.644447' [ RunTime:0.000614s ]
[2023-09-25T03:00:30+08:00][sql] SHOW FULL COLUMNS FROM `jm_category` [ RunTime:0.002527s ]
[2023-09-25T03:00:30+08:00][sql] SELECT `pid` FROM `jm_category` WHERE  `id` = 74 LIMIT 1 [ RunTime:0.000717s ]
[2023-09-25T03:00:30+08:00][sql] SELECT `id` FROM `jm_category` WHERE  `pid` = 74 [ RunTime:0.000395s ]
[2023-09-25T03:00:30+08:00][sql] SHOW FULL COLUMNS FROM `jm_news_index` [ RunTime:0.002014s ]
[2023-09-25T03:00:30+08:00][sql] SELECT COUNT(*) AS think_count FROM `jm_news_index` WHERE  `status` = 1  AND `c_id` IN (77,78,79) LIMIT 1 [ RunTime:0.000644s ]
[2023-09-25T03:00:30+08:00][sql] SELECT * FROM `jm_news_index` WHERE  `status` = 1  AND `c_id` IN (77,78,79) ORDER BY `create_time` DESC LIMIT 5,5 [ RunTime:0.001079s ]
[2023-09-25T03:00:30+08:00][sql] SELECT * FROM `jm_category` WHERE  `id` = 74 LIMIT 1 [ RunTime:0.000455s ]
[2023-09-25T03:00:30+08:00][sql] SELECT * FROM `jm_category` WHERE  `id` = 0 LIMIT 1 [ RunTime:0.000463s ]
[2023-09-25T03:00:30+08:00][sql] SHOW FULL COLUMNS FROM `jm_ad_index` [ RunTime:0.001946s ]
[2023-09-25T03:00:30+08:00][sql] SELECT * FROM `jm_ad_index` WHERE  `g_id` = 74 LIMIT 1 [ RunTime:0.000574s ]
[2023-09-25T03:00:30+08:00][sql] SELECT * FROM `jm_category` WHERE  `pid` = 74 ORDER BY `sort` ASC [ RunTime:0.000451s ]
[2023-09-25T03:00:30+08:00][sql] CONNECT:[ UseTime:0.001752s ] mysql:host=127.0.0.1;port=3306;dbname=www_fsqf_com;charset=utf8
[2023-09-25T03:00:30+08:00][sql] SHOW FULL COLUMNS FROM `jm_nav` [ RunTime:0.002676s ]
[2023-09-25T03:00:30+08:00][sql] SELECT * FROM `jm_nav` ORDER BY `sort` ASC [ RunTime:0.000763s ]
[2023-09-25T03:00:30+08:00][sql] SHOW FULL COLUMNS FROM `jm_browse_index` [ RunTime:0.001989s ]
[2023-09-25T03:00:30+08:00][sql] SELECT * FROM `jm_browse_index` WHERE  `ip` = '175.13.18.107' ORDER BY `id` DESC LIMIT 1 [ RunTime:0.001790s ]
[2023-09-25T03:00:30+08:00][sql] INSERT INTO `jm_browse_index` SET `cid` = 74 , `url` = '/list/74.html' , `ip` = '175.13.18.107' , `mark` = '23e675f4df82986493149aa680e19a1b' , `user_agent` = 'Mozilla/5.0 (Windows NT 10.0; WOW64) AppleWebKit/537.36 (KHTML, like Gecko) Chrome/48.0.2564.116 Safari/537.36' , `create_time` = '2023-09-25 03:00:30.716521' [ RunTime:0.000498s ]
[2023-09-25T03:00:30+08:00][sql] SHOW FULL COLUMNS FROM `jm_category` [ RunTime:0.002949s ]
[2023-09-25T03:00:30+08:00][sql] SELECT `pid` FROM `jm_category` WHERE  `id` = 74 LIMIT 1 [ RunTime:0.000705s ]
[2023-09-25T03:00:30+08:00][sql] SELECT `id` FROM `jm_category` WHERE  `pid` = 74 [ RunTime:0.000456s ]
[2023-09-25T03:00:30+08:00][sql] SHOW FULL COLUMNS FROM `jm_news_index` [ RunTime:0.002451s ]
[2023-09-25T03:00:30+08:00][sql] SELECT COUNT(*) AS think_count FROM `jm_news_index` WHERE  `status` = 1  AND `c_id` IN (77,78,79) LIMIT 1 [ RunTime:0.000948s ]
[2023-09-25T03:00:30+08:00][sql] SELECT * FROM `jm_news_index` WHERE  `status` = 1  AND `c_id` IN (77,78,79) ORDER BY `create_time` DESC LIMIT 0,5 [ RunTime:0.002196s ]
[2023-09-25T03:00:30+08:00][sql] SELECT * FROM `jm_category` WHERE  `id` = 74 LIMIT 1 [ RunTime:0.000587s ]
[2023-09-25T03:00:30+08:00][sql] SELECT * FROM `jm_category` WHERE  `id` = 0 LIMIT 1 [ RunTime:0.000443s ]
[2023-09-25T03:00:30+08:00][sql] SHOW FULL COLUMNS FROM `jm_ad_index` [ RunTime:0.002552s ]
[2023-09-25T03:00:30+08:00][sql] SELECT * FROM `jm_ad_index` WHERE  `g_id` = 74 LIMIT 1 [ RunTime:0.000753s ]
[2023-09-25T03:00:30+08:00][sql] SELECT * FROM `jm_category` WHERE  `pid` = 74 ORDER BY `sort` ASC [ RunTime:0.000471s ]
[2023-09-25T03:00:30+08:00][sql] CONNECT:[ UseTime:0.000874s ] mysql:host=127.0.0.1;port=3306;dbname=www_fsqf_com;charset=utf8
[2023-09-25T03:00:30+08:00][sql] SHOW FULL COLUMNS FROM `jm_nav` [ RunTime:0.002301s ]
[2023-09-25T03:00:30+08:00][sql] SELECT * FROM `jm_nav` ORDER BY `sort` ASC [ RunTime:0.000551s ]
[2023-09-25T03:00:30+08:00][sql] SHOW FULL COLUMNS FROM `jm_browse_index` [ RunTime:0.001828s ]
[2023-09-25T03:00:30+08:00][sql] SELECT * FROM `jm_browse_index` WHERE  `ip` = '110.153.85.213' ORDER BY `id` DESC LIMIT 1 [ RunTime:0.001245s ]
[2023-09-25T03:00:30+08:00][sql] INSERT INTO `jm_browse_index` SET `cid` = 79 , `url` = '/list/79.html' , `ip` = '110.153.85.213' , `mark` = '972d257a28574c785fb7abdba0621053' , `user_agent` = 'Mozilla/5.0 (Windows NT 10.0; WOW64) AppleWebKit/537.36 (KHTML, like Gecko) Chrome/48.0.2564.116 Safari/537.36' , `create_time` = '2023-09-25 03:00:30.797897' [ RunTime:0.000554s ]
[2023-09-25T03:00:30+08:00][sql] SHOW FULL COLUMNS FROM `jm_category` [ RunTime:0.002159s ]
[2023-09-25T03:00:30+08:00][sql] SELECT `pid` FROM `jm_category` WHERE  `id` = 79 LIMIT 1 [ RunTime:0.000420s ]
[2023-09-25T03:00:30+08:00][sql] SHOW FULL COLUMNS FROM `jm_news_index` [ RunTime:0.001670s ]
[2023-09-25T03:00:30+08:00][sql] SELECT COUNT(*) AS think_count FROM `jm_news_index` WHERE  `status` = 1  AND `c_id` = 79 LIMIT 1 [ RunTime:0.000704s ]
[2023-09-25T03:00:30+08:00][sql] SELECT * FROM `jm_news_index` WHERE  `status` = 1  AND `c_id` = 79 ORDER BY `create_time` DESC LIMIT 0,5 [ RunTime:0.000841s ]
[2023-09-25T03:00:30+08:00][sql] SELECT * FROM `jm_category` WHERE  `id` = 79 LIMIT 1 [ RunTime:0.000388s ]
[2023-09-25T03:00:30+08:00][sql] SELECT * FROM `jm_category` WHERE  `id` = 74 LIMIT 1 [ RunTime:0.000347s ]
[2023-09-25T03:00:30+08:00][sql] SHOW FULL COLUMNS FROM `jm_ad_index` [ RunTime:0.001809s ]
[2023-09-25T03:00:30+08:00][sql] SELECT * FROM `jm_ad_index` WHERE  `g_id` = 74 LIMIT 1 [ RunTime:0.000344s ]
[2023-09-25T03:00:30+08:00][sql] SELECT * FROM `jm_category` WHERE  `pid` = 74 ORDER BY `sort` ASC [ RunTime:0.000384s ]
[2023-09-25T03:19:20+08:00][sql] CONNECT:[ UseTime:0.001028s ] mysql:host=127.0.0.1;port=3306;dbname=www_fsqf_com;charset=utf8
[2023-09-25T03:19:20+08:00][sql] SHOW FULL COLUMNS FROM `jm_nav` [ RunTime:0.002170s ]
[2023-09-25T03:19:20+08:00][sql] SELECT * FROM `jm_nav` ORDER BY `sort` ASC [ RunTime:0.000437s ]
[2023-09-25T03:19:20+08:00][sql] SHOW FULL COLUMNS FROM `jm_browse_index` [ RunTime:0.001308s ]
[2023-09-25T03:19:20+08:00][sql] SELECT * FROM `jm_browse_index` WHERE  `ip` = '117.93.39.241' ORDER BY `id` DESC LIMIT 1 [ RunTime:0.001788s ]
[2023-09-25T03:19:20+08:00][sql] INSERT INTO `jm_browse_index` SET `cid` = 0 , `url` = '/page/12.html' , `ip` = '117.93.39.241' , `mark` = 'e2a40792eb8ddb2825062e31c3e3277f' , `user_agent` = 'Mozilla/5.0 (Windows NT 10.0; WOW64) AppleWebKit/537.36 (KHTML, like Gecko) Chrome/48.0.2564.116 Safari/537.36' , `create_time` = '2023-09-25 03:19:20.790157' [ RunTime:0.000733s ]
[2023-09-25T03:19:20+08:00][sql] SHOW FULL COLUMNS FROM `jm_page_index` [ RunTime:0.001952s ]
[2023-09-25T03:19:20+08:00][sql] SELECT * FROM `jm_page_index` WHERE  `id` = 12 LIMIT 1 [ RunTime:0.000533s ]
[2023-09-25T03:19:20+08:00][sql] SHOW FULL COLUMNS FROM `jm_category` [ RunTime:0.002341s ]
[2023-09-25T03:19:20+08:00][sql] SELECT * FROM `jm_category` WHERE  `id` = 76 LIMIT 1 [ RunTime:0.000582s ]
[2023-09-25T03:19:20+08:00][sql] SELECT * FROM `jm_category` WHERE  `id` = 0 LIMIT 1 [ RunTime:0.000412s ]
[2023-09-25T03:19:20+08:00][sql] SHOW FULL COLUMNS FROM `jm_ad_index` [ RunTime:0.002198s ]
[2023-09-25T03:19:20+08:00][sql] SELECT * FROM `jm_ad_index` WHERE  `g_id` = 76 LIMIT 1 [ RunTime:0.000511s ]
[2023-09-25T03:19:20+08:00][sql] SELECT `id` FROM `jm_page_index` WHERE  `c_id` = 76 LIMIT 1 [ RunTime:0.000409s ]
[2023-09-25T03:19:20+08:00][sql] SELECT * FROM `jm_category` WHERE  `pid` = 76 [ RunTime:0.000767s ]
[2023-09-25T03:19:20+08:00][sql] SELECT * FROM `jm_page_index` WHERE  `c_id` = 76 ORDER BY `sort` ASC [ RunTime:0.000478s ]
[2023-09-25T03:27:16+08:00][sql] CONNECT:[ UseTime:0.000898s ] mysql:host=127.0.0.1;port=3306;dbname=www_fsqf_com;charset=utf8
[2023-09-25T03:27:16+08:00][sql] SHOW FULL COLUMNS FROM `jm_nav` [ RunTime:0.002128s ]
[2023-09-25T03:27:16+08:00][sql] SELECT * FROM `jm_nav` ORDER BY `sort` ASC [ RunTime:0.000678s ]
[2023-09-25T03:27:16+08:00][sql] SHOW FULL COLUMNS FROM `jm_browse_index` [ RunTime:0.001530s ]
[2023-09-25T03:27:16+08:00][sql] SHOW FULL COLUMNS FROM `jm_news_index` [ RunTime:0.001782s ]
[2023-09-25T03:27:16+08:00][sql] SELECT `c_id` FROM `jm_news_index` WHERE  `id` = 176 LIMIT 1 [ RunTime:0.000553s ]
[2023-09-25T03:27:16+08:00][sql] SELECT * FROM `jm_browse_index` WHERE  `ip` = '218.70.85.218' ORDER BY `id` DESC LIMIT 1 [ RunTime:0.001505s ]
[2023-09-25T03:27:16+08:00][sql] INSERT INTO `jm_browse_index` SET `cid` = 78 , `url` = '/show/176.html' , `ip` = '218.70.85.218' , `mark` = 'e9bab519e5f12e2649350e0cdc793175' , `user_agent` = 'Mozilla/5.0 (Windows NT 10.0; WOW64) AppleWebKit/537.36 (KHTML, like Gecko) Chrome/48.0.2564.116 Safari/537.36' , `create_time` = '2023-09-25 03:27:16.052441' [ RunTime:0.000582s ]
[2023-09-25T03:27:16+08:00][sql] SELECT * FROM `jm_news_index` WHERE  `id` = 176 LIMIT 1 [ RunTime:0.000593s ]
[2023-09-25T03:27:16+08:00][sql] SHOW FULL COLUMNS FROM `jm_category` [ RunTime:0.002611s ]
[2023-09-25T03:27:16+08:00][sql] SELECT * FROM `jm_category` WHERE  `id` = 78 LIMIT 1 [ RunTime:0.000743s ]
[2023-09-25T03:27:16+08:00][sql] SELECT * FROM `jm_category` WHERE  `id` = 74 LIMIT 1 [ RunTime:0.000481s ]
[2023-09-25T03:27:16+08:00][sql] SHOW FULL COLUMNS FROM `jm_ad_index` [ RunTime:0.001762s ]
[2023-09-25T03:27:16+08:00][sql] SELECT * FROM `jm_ad_index` WHERE  `g_id` = 74 LIMIT 1 [ RunTime:0.000619s ]
[2023-09-25T03:27:16+08:00][sql] SELECT * FROM `jm_category` WHERE  `pid` = 74 [ RunTime:0.000425s ]
[2023-09-25T03:27:16+08:00][sql] SELECT * FROM `jm_news_index` WHERE  `c_id` = 78  AND `id` > 176  AND `status` = 1 LIMIT 1 [ RunTime:0.000531s ]
[2023-09-25T03:27:16+08:00][sql] SELECT * FROM `jm_news_index` WHERE  `c_id` = 78  AND `id` < 176  AND `status` = 1 LIMIT 1 [ RunTime:0.000477s ]
[2023-09-25T03:52:42+08:00][sql] CONNECT:[ UseTime:0.001009s ] mysql:host=127.0.0.1;port=3306;dbname=www_fsqf_com;charset=utf8
[2023-09-25T03:52:42+08:00][sql] SHOW FULL COLUMNS FROM `jm_nav` [ RunTime:0.001992s ]
[2023-09-25T03:52:42+08:00][sql] SELECT * FROM `jm_nav` ORDER BY `sort` ASC [ RunTime:0.000751s ]
[2023-09-25T03:52:42+08:00][sql] SHOW FULL COLUMNS FROM `jm_browse_index` [ RunTime:0.001602s ]
[2023-09-25T03:52:42+08:00][sql] SHOW FULL COLUMNS FROM `jm_news_index` [ RunTime:0.002213s ]
[2023-09-25T03:52:42+08:00][sql] SELECT `c_id` FROM `jm_news_index` WHERE  `id` = 166 LIMIT 1 [ RunTime:0.000548s ]
[2023-09-25T03:52:42+08:00][sql] SELECT * FROM `jm_browse_index` WHERE  `ip` = '58.214.135.85' ORDER BY `id` DESC LIMIT 1 [ RunTime:0.001241s ]
[2023-09-25T03:52:42+08:00][sql] INSERT INTO `jm_browse_index` SET `cid` = 77 , `url` = '/show/166.html' , `ip` = '58.214.135.85' , `mark` = '7e310985df52c08b2ecc72532e64f43b' , `user_agent` = 'Mozilla/5.0 (Windows NT 10.0; WOW64) AppleWebKit/537.36 (KHTML, like Gecko) Chrome/48.0.2564.116 Safari/537.36' , `create_time` = '2023-09-25 03:52:42.001052' [ RunTime:0.001008s ]
[2023-09-25T03:52:42+08:00][sql] SELECT * FROM `jm_news_index` WHERE  `id` = 166 LIMIT 1 [ RunTime:0.000526s ]
[2023-09-25T03:52:42+08:00][sql] SHOW FULL COLUMNS FROM `jm_category` [ RunTime:0.001804s ]
[2023-09-25T03:52:42+08:00][sql] SELECT * FROM `jm_category` WHERE  `id` = 77 LIMIT 1 [ RunTime:0.000617s ]
[2023-09-25T03:52:42+08:00][sql] SELECT * FROM `jm_category` WHERE  `id` = 74 LIMIT 1 [ RunTime:0.000339s ]
[2023-09-25T03:52:42+08:00][sql] SHOW FULL COLUMNS FROM `jm_ad_index` [ RunTime:0.001550s ]
[2023-09-25T03:52:42+08:00][sql] SELECT * FROM `jm_ad_index` WHERE  `g_id` = 74 LIMIT 1 [ RunTime:0.000572s ]
[2023-09-25T03:52:42+08:00][sql] SELECT * FROM `jm_category` WHERE  `pid` = 74 [ RunTime:0.000757s ]
[2023-09-25T03:52:42+08:00][sql] SELECT * FROM `jm_news_index` WHERE  `c_id` = 77  AND `id` > 166  AND `status` = 1 LIMIT 1 [ RunTime:0.000570s ]
[2023-09-25T03:52:42+08:00][sql] SELECT * FROM `jm_news_index` WHERE  `c_id` = 77  AND `id` < 166  AND `status` = 1 LIMIT 1 [ RunTime:0.000521s ]
[2023-09-25T04:00:36+08:00][sql] CONNECT:[ UseTime:0.000794s ] mysql:host=127.0.0.1;port=3306;dbname=www_fsqf_com;charset=utf8
[2023-09-25T04:00:36+08:00][sql] SHOW FULL COLUMNS FROM `jm_nav` [ RunTime:0.001852s ]
[2023-09-25T04:00:36+08:00][sql] SELECT * FROM `jm_nav` ORDER BY `sort` ASC [ RunTime:0.000423s ]
[2023-09-25T04:00:36+08:00][sql] SHOW FULL COLUMNS FROM `jm_browse_index` [ RunTime:0.001312s ]
[2023-09-25T04:00:36+08:00][sql] SELECT * FROM `jm_browse_index` WHERE  `ip` = '58.210.211.12' ORDER BY `id` DESC LIMIT 1 [ RunTime:0.001206s ]
[2023-09-25T04:00:36+08:00][sql] INSERT INTO `jm_browse_index` SET `cid` = 0 , `url` = '/page/1.html' , `ip` = '58.210.211.12' , `mark` = '2883ddc9c97686b76597fd4c1b33dbbc' , `user_agent` = 'Mozilla/5.0 (Windows NT 10.0; WOW64) AppleWebKit/537.36 (KHTML, like Gecko) Chrome/48.0.2564.116 Safari/537.36' , `create_time` = '2023-09-25 04:00:36.123947' [ RunTime:0.000571s ]
[2023-09-25T04:00:36+08:00][sql] SHOW FULL COLUMNS FROM `jm_page_index` [ RunTime:0.001465s ]
[2023-09-25T04:00:36+08:00][sql] SELECT * FROM `jm_page_index` WHERE  `id` = 1 LIMIT 1 [ RunTime:0.000914s ]
[2023-09-25T04:00:36+08:00][sql] SHOW FULL COLUMNS FROM `jm_category` [ RunTime:0.001617s ]
[2023-09-25T04:00:36+08:00][sql] SELECT * FROM `jm_category` WHERE  `id` = 52 LIMIT 1 [ RunTime:0.000608s ]
[2023-09-25T04:00:36+08:00][sql] SELECT * FROM `jm_category` WHERE  `id` = 0 LIMIT 1 [ RunTime:0.000601s ]
[2023-09-25T04:00:36+08:00][sql] SHOW FULL COLUMNS FROM `jm_ad_index` [ RunTime:0.002202s ]
[2023-09-25T04:00:36+08:00][sql] SELECT * FROM `jm_ad_index` WHERE  `g_id` = 52 LIMIT 1 [ RunTime:0.000774s ]
[2023-09-25T04:00:36+08:00][sql] SELECT `id` FROM `jm_page_index` WHERE  `c_id` = 52 LIMIT 1 [ RunTime:0.000471s ]
[2023-09-25T04:00:36+08:00][sql] SELECT * FROM `jm_category` WHERE  `pid` = 52 [ RunTime:0.000427s ]
[2023-09-25T04:00:36+08:00][sql] SELECT * FROM `jm_page_index` WHERE  `c_id` = 76 ORDER BY `sort` ASC [ RunTime:0.000505s ]
[2023-09-25T04:03:56+08:00][sql] CONNECT:[ UseTime:0.000823s ] mysql:host=127.0.0.1;port=3306;dbname=www_fsqf_com;charset=utf8
[2023-09-25T04:03:56+08:00][sql] SHOW FULL COLUMNS FROM `jm_nav` [ RunTime:0.002320s ]
[2023-09-25T04:03:56+08:00][sql] SELECT * FROM `jm_nav` ORDER BY `sort` ASC [ RunTime:0.000638s ]
[2023-09-25T04:03:56+08:00][sql] SHOW FULL COLUMNS FROM `jm_browse_index` [ RunTime:0.001859s ]
[2023-09-25T04:03:56+08:00][sql] SELECT * FROM `jm_browse_index` WHERE  `ip` = '39.129.119.241' ORDER BY `id` DESC LIMIT 1 [ RunTime:0.001788s ]
[2023-09-25T04:03:56+08:00][sql] INSERT INTO `jm_browse_index` SET `cid` = 74 , `url` = '/list/74.html?page=2' , `ip` = '39.129.119.241' , `mark` = '6a82178bde3bdf4b483eb3dd060b04bc' , `user_agent` = 'Mozilla/5.0 (Windows NT 10.0; WOW64) AppleWebKit/537.36 (KHTML, like Gecko) Chrome/48.0.2564.116 Safari/537.36' , `create_time` = '2023-09-25 04:03:56.102795' [ RunTime:0.000482s ]
[2023-09-25T04:03:56+08:00][sql] SHOW FULL COLUMNS FROM `jm_category` [ RunTime:0.002219s ]
[2023-09-25T04:03:56+08:00][sql] SELECT `pid` FROM `jm_category` WHERE  `id` = 74 LIMIT 1 [ RunTime:0.000545s ]
[2023-09-25T04:03:56+08:00][sql] SELECT `id` FROM `jm_category` WHERE  `pid` = 74 [ RunTime:0.000330s ]
[2023-09-25T04:03:56+08:00][sql] SHOW FULL COLUMNS FROM `jm_news_index` [ RunTime:0.001903s ]
[2023-09-25T04:03:56+08:00][sql] SELECT COUNT(*) AS think_count FROM `jm_news_index` WHERE  `status` = 1  AND `c_id` IN (77,78,79) LIMIT 1 [ RunTime:0.000651s ]
[2023-09-25T04:03:56+08:00][sql] SELECT * FROM `jm_news_index` WHERE  `status` = 1  AND `c_id` IN (77,78,79) ORDER BY `create_time` DESC LIMIT 5,5 [ RunTime:0.001425s ]
[2023-09-25T04:03:56+08:00][sql] SELECT * FROM `jm_category` WHERE  `id` = 74 LIMIT 1 [ RunTime:0.000452s ]
[2023-09-25T04:03:56+08:00][sql] SELECT * FROM `jm_category` WHERE  `id` = 0 LIMIT 1 [ RunTime:0.000359s ]
[2023-09-25T04:03:56+08:00][sql] SHOW FULL COLUMNS FROM `jm_ad_index` [ RunTime:0.001878s ]
[2023-09-25T04:03:56+08:00][sql] SELECT * FROM `jm_ad_index` WHERE  `g_id` = 74 LIMIT 1 [ RunTime:0.000579s ]
[2023-09-25T04:03:56+08:00][sql] SELECT * FROM `jm_category` WHERE  `pid` = 74 ORDER BY `sort` ASC [ RunTime:0.000427s ]
[2023-09-25T05:40:28+08:00][sql] CONNECT:[ UseTime:0.000754s ] mysql:host=127.0.0.1;port=3306;dbname=www_fsqf_com;charset=utf8
[2023-09-25T05:40:28+08:00][sql] SHOW FULL COLUMNS FROM `jm_nav` [ RunTime:0.001795s ]
[2023-09-25T05:40:28+08:00][sql] SELECT * FROM `jm_nav` ORDER BY `sort` ASC [ RunTime:0.000752s ]
[2023-09-25T05:40:28+08:00][sql] SHOW FULL COLUMNS FROM `jm_browse_index` [ RunTime:0.001394s ]
[2023-09-25T05:40:28+08:00][sql] SELECT * FROM `jm_browse_index` WHERE  `ip` = '52.167.144.219' ORDER BY `id` DESC LIMIT 1 [ RunTime:0.001017s ]
[2023-09-25T05:40:28+08:00][sql] SHOW FULL COLUMNS FROM `jm_news_index` [ RunTime:0.001449s ]
[2023-09-25T05:40:28+08:00][sql] SELECT * FROM `jm_news_index` WHERE  `c_id` = 78  AND `status` = 1 ORDER BY `create_time` DESC LIMIT 5 [ RunTime:0.001085s ]
[2023-09-25T05:40:28+08:00][sql] SELECT * FROM `jm_news_index` WHERE  `c_id` = 79  AND `status` = 1 ORDER BY `create_time` DESC LIMIT 5 [ RunTime:0.000703s ]
[2023-09-25T05:40:28+08:00][sql] SELECT * FROM `jm_news_index` WHERE  `c_id` = 77  AND `status` = 1 ORDER BY `create_time` DESC LIMIT 5 [ RunTime:0.000606s ]
[2023-09-25T05:55:26+08:00][sql] CONNECT:[ UseTime:0.000774s ] mysql:host=127.0.0.1;port=3306;dbname=www_fsqf_com;charset=utf8
[2023-09-25T05:55:26+08:00][sql] SHOW FULL COLUMNS FROM `jm_nav` [ RunTime:0.001775s ]
[2023-09-25T05:55:26+08:00][sql] SELECT * FROM `jm_nav` ORDER BY `sort` ASC [ RunTime:0.000596s ]
[2023-09-25T05:55:26+08:00][sql] SHOW FULL COLUMNS FROM `jm_browse_index` [ RunTime:0.001291s ]
[2023-09-25T05:55:26+08:00][sql] SELECT * FROM `jm_browse_index` WHERE  `ip` = '34.222.68.25' ORDER BY `id` DESC LIMIT 1 [ RunTime:0.001347s ]
[2023-09-25T05:55:26+08:00][sql] INSERT INTO `jm_browse_index` SET `cid` = 0 , `url` = '/' , `ip` = '34.222.68.25' , `mark` = 'c513a085ab2688a52e4c79cb6f05025b' , `user_agent` = 'Mozilla/5.0 (X11; Linux x86_64) AppleWebKit/537.36 (KHTML, like Gecko) Chrome/83.0.4103.97 Safari/537.36' , `create_time` = '2023-09-25 05:55:26.663196' [ RunTime:0.000531s ]
[2023-09-25T05:55:26+08:00][sql] SHOW FULL COLUMNS FROM `jm_news_index` [ RunTime:0.001657s ]
[2023-09-25T05:55:26+08:00][sql] SELECT * FROM `jm_news_index` WHERE  `c_id` = 78  AND `status` = 1 ORDER BY `create_time` DESC LIMIT 5 [ RunTime:0.000679s ]
[2023-09-25T05:55:26+08:00][sql] SELECT * FROM `jm_news_index` WHERE  `c_id` = 79  AND `status` = 1 ORDER BY `create_time` DESC LIMIT 5 [ RunTime:0.000560s ]
[2023-09-25T05:55:26+08:00][sql] SELECT * FROM `jm_news_index` WHERE  `c_id` = 77  AND `status` = 1 ORDER BY `create_time` DESC LIMIT 5 [ RunTime:0.000697s ]
[2023-09-25T05:56:50+08:00][sql] CONNECT:[ UseTime:0.000713s ] mysql:host=127.0.0.1;port=3306;dbname=www_fsqf_com;charset=utf8
[2023-09-25T05:56:50+08:00][sql] SHOW FULL COLUMNS FROM `jm_nav` [ RunTime:0.001713s ]
[2023-09-25T05:56:50+08:00][sql] SELECT * FROM `jm_nav` ORDER BY `sort` ASC [ RunTime:0.000643s ]
[2023-09-25T05:56:50+08:00][sql] SHOW FULL COLUMNS FROM `jm_browse_index` [ RunTime:0.001325s ]
[2023-09-25T05:56:50+08:00][sql] SELECT * FROM `jm_browse_index` WHERE  `ip` = '34.215.249.166' ORDER BY `id` DESC LIMIT 1 [ RunTime:0.001158s ]
[2023-09-25T05:56:50+08:00][sql] INSERT INTO `jm_browse_index` SET `cid` = 0 , `url` = '/' , `ip` = '34.215.249.166' , `mark` = '93d73efecb6addbb907ed040b576a74f' , `user_agent` = 'Mozilla/5.0 (X11; Linux x86_64) AppleWebKit/537.36 (KHTML, like Gecko) Chrome/83.0.4103.97 Safari/537.36' , `create_time` = '2023-09-25 05:56:50.952416' [ RunTime:0.000423s ]
[2023-09-25T05:56:50+08:00][sql] SHOW FULL COLUMNS FROM `jm_news_index` [ RunTime:0.001665s ]
[2023-09-25T05:56:50+08:00][sql] SELECT * FROM `jm_news_index` WHERE  `c_id` = 78  AND `status` = 1 ORDER BY `create_time` DESC LIMIT 5 [ RunTime:0.000745s ]
[2023-09-25T05:56:50+08:00][sql] SELECT * FROM `jm_news_index` WHERE  `c_id` = 79  AND `status` = 1 ORDER BY `create_time` DESC LIMIT 5 [ RunTime:0.000718s ]
[2023-09-25T05:56:50+08:00][sql] SELECT * FROM `jm_news_index` WHERE  `c_id` = 77  AND `status` = 1 ORDER BY `create_time` DESC LIMIT 5 [ RunTime:0.000753s ]
[2023-09-25T06:05:44+08:00][sql] CONNECT:[ UseTime:0.000867s ] mysql:host=127.0.0.1;port=3306;dbname=www_fsqf_com;charset=utf8
[2023-09-25T06:05:44+08:00][sql] SHOW FULL COLUMNS FROM `jm_nav` [ RunTime:0.001981s ]
[2023-09-25T06:05:44+08:00][sql] SELECT * FROM `jm_nav` ORDER BY `sort` ASC [ RunTime:0.000545s ]
[2023-09-25T06:05:44+08:00][sql] SHOW FULL COLUMNS FROM `jm_browse_index` [ RunTime:0.001366s ]
[2023-09-25T06:05:44+08:00][sql] SELECT * FROM `jm_browse_index` WHERE  `ip` = '61.147.15.65' ORDER BY `id` DESC LIMIT 1 [ RunTime:0.000645s ]
[2023-09-25T06:05:44+08:00][sql] INSERT INTO `jm_browse_index` SET `cid` = 0 , `url` = '/' , `ip` = '61.147.15.65' , `mark` = 'eabf93d95157f4e99fa9d9eb0040ae69' , `user_agent` = 'Dalvik/2.1.0 (Linux; U; Android 9.0; ZTE BA520 Build/MRA58K)' , `create_time` = '2023-09-25 06:05:44.730035' [ RunTime:0.000440s ]
[2023-09-25T06:05:44+08:00][sql] SHOW FULL COLUMNS FROM `jm_news_index` [ RunTime:0.001703s ]
[2023-09-25T06:05:44+08:00][sql] SELECT * FROM `jm_news_index` WHERE  `c_id` = 78  AND `status` = 1 ORDER BY `create_time` DESC LIMIT 5 [ RunTime:0.000716s ]
[2023-09-25T06:05:44+08:00][sql] SELECT * FROM `jm_news_index` WHERE  `c_id` = 79  AND `status` = 1 ORDER BY `create_time` DESC LIMIT 5 [ RunTime:0.000578s ]
[2023-09-25T06:05:44+08:00][sql] SELECT * FROM `jm_news_index` WHERE  `c_id` = 77  AND `status` = 1 ORDER BY `create_time` DESC LIMIT 5 [ RunTime:0.000540s ]
[2023-09-25T06:06:08+08:00][sql] CONNECT:[ UseTime:0.000987s ] mysql:host=127.0.0.1;port=3306;dbname=www_fsqf_com;charset=utf8
[2023-09-25T06:06:08+08:00][sql] SHOW FULL COLUMNS FROM `jm_nav` [ RunTime:0.001952s ]
[2023-09-25T06:06:08+08:00][sql] SELECT * FROM `jm_nav` ORDER BY `sort` ASC [ RunTime:0.000603s ]
[2023-09-25T06:06:08+08:00][sql] SHOW FULL COLUMNS FROM `jm_browse_index` [ RunTime:0.001554s ]
[2023-09-25T06:06:08+08:00][sql] SELECT * FROM `jm_browse_index` WHERE  `ip` = '61.147.15.65' ORDER BY `id` DESC LIMIT 1 [ RunTime:0.000638s ]
[2023-09-25T06:06:08+08:00][sql] INSERT INTO `jm_browse_index` SET `cid` = 0 , `url` = '/' , `ip` = '61.147.15.65' , `mark` = '1725a2f362274f4bc54cc319f6a72b10' , `user_agent` = 'Mozilla/5.0 (Windows; U; Windows NT 5.1; en-US) AppleWebKit/532.1 (KHTML, like Gecko) Chrome/4.0.219.0 Safari/532.1' , `create_time` = '2023-09-25 06:06:08.538146' [ RunTime:0.000434s ]
[2023-09-25T06:06:08+08:00][sql] SHOW FULL COLUMNS FROM `jm_news_index` [ RunTime:0.002055s ]
[2023-09-25T06:06:08+08:00][sql] SELECT * FROM `jm_news_index` WHERE  `c_id` = 78  AND `status` = 1 ORDER BY `create_time` DESC LIMIT 5 [ RunTime:0.000767s ]
[2023-09-25T06:06:08+08:00][sql] SELECT * FROM `jm_news_index` WHERE  `c_id` = 79  AND `status` = 1 ORDER BY `create_time` DESC LIMIT 5 [ RunTime:0.000644s ]
[2023-09-25T06:06:08+08:00][sql] SELECT * FROM `jm_news_index` WHERE  `c_id` = 77  AND `status` = 1 ORDER BY `create_time` DESC LIMIT 5 [ RunTime:0.000573s ]
[2023-09-25T06:06:59+08:00][sql] CONNECT:[ UseTime:0.000788s ] mysql:host=127.0.0.1;port=3306;dbname=www_fsqf_com;charset=utf8
[2023-09-25T06:06:59+08:00][sql] SHOW FULL COLUMNS FROM `jm_nav` [ RunTime:0.001957s ]
[2023-09-25T06:06:59+08:00][sql] SELECT * FROM `jm_nav` ORDER BY `sort` ASC [ RunTime:0.000590s ]
[2023-09-25T06:06:59+08:00][sql] SHOW FULL COLUMNS FROM `jm_browse_index` [ RunTime:0.001453s ]
[2023-09-25T06:06:59+08:00][sql] SELECT * FROM `jm_browse_index` WHERE  `ip` = '61.147.21.51' ORDER BY `id` DESC LIMIT 1 [ RunTime:0.000655s ]
[2023-09-25T06:06:59+08:00][sql] SHOW FULL COLUMNS FROM `jm_news_index` [ RunTime:0.002007s ]
[2023-09-25T06:06:59+08:00][sql] SELECT * FROM `jm_news_index` WHERE  `c_id` = 78  AND `status` = 1 ORDER BY `create_time` DESC LIMIT 5 [ RunTime:0.000912s ]
[2023-09-25T06:06:59+08:00][sql] SELECT * FROM `jm_news_index` WHERE  `c_id` = 79  AND `status` = 1 ORDER BY `create_time` DESC LIMIT 5 [ RunTime:0.000755s ]
[2023-09-25T06:06:59+08:00][sql] SELECT * FROM `jm_news_index` WHERE  `c_id` = 77  AND `status` = 1 ORDER BY `create_time` DESC LIMIT 5 [ RunTime:0.000641s ]
[2023-09-25T06:07:29+08:00][sql] CONNECT:[ UseTime:0.000810s ] mysql:host=127.0.0.1;port=3306;dbname=www_fsqf_com;charset=utf8
[2023-09-25T06:07:29+08:00][sql] SHOW FULL COLUMNS FROM `jm_nav` [ RunTime:0.001803s ]
[2023-09-25T06:07:29+08:00][sql] SELECT * FROM `jm_nav` ORDER BY `sort` ASC [ RunTime:0.000517s ]
[2023-09-25T06:07:29+08:00][sql] SHOW FULL COLUMNS FROM `jm_browse_index` [ RunTime:0.001302s ]
[2023-09-25T06:07:29+08:00][sql] SELECT * FROM `jm_browse_index` WHERE  `ip` = '61.147.15.67' ORDER BY `id` DESC LIMIT 1 [ RunTime:0.000710s ]
[2023-09-25T06:07:29+08:00][sql] SHOW FULL COLUMNS FROM `jm_news_index` [ RunTime:0.001343s ]
[2023-09-25T06:07:29+08:00][sql] SELECT * FROM `jm_news_index` WHERE  `c_id` = 78  AND `status` = 1 ORDER BY `create_time` DESC LIMIT 5 [ RunTime:0.000665s ]
[2023-09-25T06:07:29+08:00][sql] SELECT * FROM `jm_news_index` WHERE  `c_id` = 79  AND `status` = 1 ORDER BY `create_time` DESC LIMIT 5 [ RunTime:0.000577s ]
[2023-09-25T06:07:29+08:00][sql] SELECT * FROM `jm_news_index` WHERE  `c_id` = 77  AND `status` = 1 ORDER BY `create_time` DESC LIMIT 5 [ RunTime:0.000554s ]
[2023-09-25T11:42:45+08:00][sql] CONNECT:[ UseTime:0.000782s ] mysql:host=127.0.0.1;port=3306;dbname=www_fsqf_com;charset=utf8
[2023-09-25T11:42:45+08:00][sql] SHOW FULL COLUMNS FROM `jm_nav` [ RunTime:0.001852s ]
[2023-09-25T11:42:45+08:00][sql] SELECT * FROM `jm_nav` ORDER BY `sort` ASC [ RunTime:0.000671s ]
[2023-09-25T11:42:45+08:00][sql] SHOW FULL COLUMNS FROM `jm_browse_index` [ RunTime:0.001391s ]
[2023-09-25T11:42:45+08:00][sql] SELECT * FROM `jm_browse_index` WHERE  `ip` = '124.71.166.204' ORDER BY `id` DESC LIMIT 1 [ RunTime:0.000697s ]
[2023-09-25T11:42:45+08:00][sql] INSERT INTO `jm_browse_index` SET `cid` = 0 , `url` = '/' , `ip` = '124.71.166.204' , `mark` = '243c8ab2b2ef6630d8114e334b9b54ff' , `user_agent` = 'Mozilla/5.0 (Windows NT 5.0; Win64; x64) AppleWebKit/537.36 (KHTML, like Gecko) Chrome/78.0.3732.88 Safari/537.36' , `create_time` = '2023-09-25 11:42:45.437573' [ RunTime:0.000745s ]
[2023-09-25T11:42:45+08:00][sql] SHOW FULL COLUMNS FROM `jm_news_index` [ RunTime:0.002053s ]
[2023-09-25T11:42:45+08:00][sql] SELECT * FROM `jm_news_index` WHERE  `c_id` = 78  AND `status` = 1 ORDER BY `create_time` DESC LIMIT 5 [ RunTime:0.001214s ]
[2023-09-25T11:42:45+08:00][sql] SELECT * FROM `jm_news_index` WHERE  `c_id` = 79  AND `status` = 1 ORDER BY `create_time` DESC LIMIT 5 [ RunTime:0.000817s ]
[2023-09-25T11:42:45+08:00][sql] SELECT * FROM `jm_news_index` WHERE  `c_id` = 77  AND `status` = 1 ORDER BY `create_time` DESC LIMIT 5 [ RunTime:0.000663s ]
[2023-09-25T11:42:45+08:00][sql] CONNECT:[ UseTime:0.000805s ] mysql:host=127.0.0.1;port=3306;dbname=www_fsqf_com;charset=utf8
[2023-09-25T11:42:45+08:00][sql] SHOW FULL COLUMNS FROM `jm_nav` [ RunTime:0.001970s ]
[2023-09-25T11:42:45+08:00][sql] SELECT * FROM `jm_nav` ORDER BY `sort` ASC [ RunTime:0.000549s ]
[2023-09-25T11:42:45+08:00][sql] SHOW FULL COLUMNS FROM `jm_browse_index` [ RunTime:0.002679s ]
[2023-09-25T11:42:45+08:00][sql] SELECT * FROM `jm_browse_index` WHERE  `ip` = '124.71.166.204' ORDER BY `id` DESC LIMIT 1 [ RunTime:0.000846s ]
[2023-09-25T11:42:45+08:00][sql] INSERT INTO `jm_browse_index` SET `cid` = 0 , `url` = '/page/2.html' , `ip` = '124.71.166.204' , `mark` = '7f2a222ebe96338db3fcae366b55c38d' , `user_agent` = 'Mozilla/5.0 (Windows NT 5.4; Win64; x64) AppleWebKit/537.36 (KHTML, like Gecko) Chrome/70.0.1334.88 Safari/537.36' , `create_time` = '2023-09-25 11:42:45.585808' [ RunTime:0.000568s ]
[2023-09-25T11:42:45+08:00][sql] SHOW FULL COLUMNS FROM `jm_page_index` [ RunTime:0.001972s ]
[2023-09-25T11:42:45+08:00][sql] SELECT * FROM `jm_page_index` WHERE  `id` = 2 LIMIT 1 [ RunTime:0.000652s ]
[2023-09-25T11:42:45+08:00][sql] SHOW FULL COLUMNS FROM `jm_category` [ RunTime:0.001630s ]
[2023-09-25T11:42:45+08:00][sql] SELECT * FROM `jm_category` WHERE  `id` = 75 LIMIT 1 [ RunTime:0.000677s ]
[2023-09-25T11:42:45+08:00][sql] SELECT * FROM `jm_category` WHERE  `id` = 0 LIMIT 1 [ RunTime:0.000405s ]
[2023-09-25T11:42:45+08:00][sql] SHOW FULL COLUMNS FROM `jm_ad_index` [ RunTime:0.001497s ]
[2023-09-25T11:42:45+08:00][sql] SELECT * FROM `jm_ad_index` WHERE  `g_id` = 75 LIMIT 1 [ RunTime:0.000656s ]
[2023-09-25T11:42:45+08:00][sql] SELECT `id` FROM `jm_page_index` WHERE  `c_id` = 75 LIMIT 1 [ RunTime:0.000298s ]
[2023-09-25T11:42:45+08:00][sql] SELECT * FROM `jm_category` WHERE  `pid` = 75 [ RunTime:0.000337s ]
[2023-09-25T11:42:45+08:00][sql] SELECT * FROM `jm_page_index` WHERE  `c_id` = 76 ORDER BY `sort` ASC [ RunTime:0.000338s ]
[2023-09-25T21:23:58+08:00][sql] CONNECT:[ UseTime:0.001020s ] mysql:host=127.0.0.1;port=3306;dbname=www_fsqf_com;charset=utf8
[2023-09-25T21:23:58+08:00][sql] SHOW FULL COLUMNS FROM `jm_nav` [ RunTime:0.002680s ]
[2023-09-25T21:23:58+08:00][sql] SELECT * FROM `jm_nav` ORDER BY `sort` ASC [ RunTime:0.000828s ]
[2023-09-25T21:23:58+08:00][sql] SHOW FULL COLUMNS FROM `jm_browse_index` [ RunTime:0.001596s ]
[2023-09-25T21:23:58+08:00][sql] SELECT * FROM `jm_browse_index` WHERE  `ip` = '221.238.91.182' ORDER BY `id` DESC LIMIT 1 [ RunTime:0.001084s ]
[2023-09-25T21:23:58+08:00][sql] SHOW FULL COLUMNS FROM `jm_news_index` [ RunTime:0.001514s ]
[2023-09-25T21:23:58+08:00][sql] SELECT * FROM `jm_news_index` WHERE  `c_id` = 78  AND `status` = 1 ORDER BY `create_time` DESC LIMIT 5 [ RunTime:0.000952s ]
[2023-09-25T21:23:58+08:00][sql] SELECT * FROM `jm_news_index` WHERE  `c_id` = 79  AND `status` = 1 ORDER BY `create_time` DESC LIMIT 5 [ RunTime:0.001087s ]
[2023-09-25T21:23:58+08:00][sql] SELECT * FROM `jm_news_index` WHERE  `c_id` = 77  AND `status` = 1 ORDER BY `create_time` DESC LIMIT 5 [ RunTime:0.000630s ]
