[2024-05-23T01:02:54+08:00][sql] CONNECT:[ UseTime:0.001000s ] mysql:host=127.0.0.1;port=3306;dbname=www_fsqf_com;charset=utf8
[2024-05-23T01:02:54+08:00][sql] SHOW FULL COLUMNS FROM `jm_nav` [ RunTime:0.002708s ]
[2024-05-23T01:02:54+08:00][sql] SELECT * FROM `jm_nav` ORDER BY `sort` ASC [ RunTime:0.000959s ]
[2024-05-23T01:02:54+08:00][sql] SHOW FULL COLUMNS FROM `jm_browse_index` [ RunTime:0.001874s ]
[2024-05-23T01:02:54+08:00][sql] SHOW FULL COLUMNS FROM `jm_news_index` [ RunTime:0.002193s ]
[2024-05-23T01:02:54+08:00][sql] SELECT `c_id` FROM `jm_news_index` WHERE  `id` = 174 LIMIT 1 [ RunTime:0.000900s ]
[2024-05-23T01:02:54+08:00][sql] SELECT * FROM `jm_browse_index` WHERE  `ip` = '60.188.10.57' ORDER BY `id` DESC LIMIT 1 [ RunTime:0.007204s ]
[2024-05-23T01:02:54+08:00][sql] INSERT INTO `jm_browse_index` SET `cid` = 79 , `url` = '/show/174.html' , `ip` = '60.188.10.57' , `mark` = '75e6dbaa1630f3d3ae6ac40d4d0eab0f' , `user_agent` = 'Mozilla/5.0 (Windows NT 6.1; Win64; x64) AppleWebKit/537.36 (KHTML, like Gecko) Chrome/69.0.3497.81 YisouSpider/5.0 Safari/537.36' , `create_time` = '2024-05-23 01:02:54.226351' [ RunTime:0.000690s ]
[2024-05-23T01:02:54+08:00][sql] SELECT * FROM `jm_news_index` WHERE  `id` = 174 LIMIT 1 [ RunTime:0.000442s ]
[2024-05-23T01:02:54+08:00][sql] SHOW FULL COLUMNS FROM `jm_category` [ RunTime:0.001961s ]
[2024-05-23T01:02:54+08:00][sql] SELECT * FROM `jm_category` WHERE  `id` = 79 LIMIT 1 [ RunTime:0.000840s ]
[2024-05-23T01:02:54+08:00][sql] SELECT * FROM `jm_category` WHERE  `id` = 74 LIMIT 1 [ RunTime:0.000311s ]
[2024-05-23T01:02:54+08:00][sql] SHOW FULL COLUMNS FROM `jm_ad_index` [ RunTime:0.001655s ]
[2024-05-23T01:02:54+08:00][sql] SELECT * FROM `jm_ad_index` WHERE  `g_id` = 74 LIMIT 1 [ RunTime:0.000670s ]
[2024-05-23T01:02:54+08:00][sql] SELECT * FROM `jm_category` WHERE  `pid` = 74 [ RunTime:0.000319s ]
[2024-05-23T01:02:54+08:00][sql] SELECT * FROM `jm_news_index` WHERE  `c_id` = 79  AND `id` > 174  AND `status` = 1 LIMIT 1 [ RunTime:0.000452s ]
[2024-05-23T01:02:54+08:00][sql] SELECT * FROM `jm_news_index` WHERE  `c_id` = 79  AND `id` < 174  AND `status` = 1 LIMIT 1 [ RunTime:0.000501s ]
[2024-05-23T01:07:05+08:00][sql] CONNECT:[ UseTime:0.000871s ] mysql:host=127.0.0.1;port=3306;dbname=www_fsqf_com;charset=utf8
[2024-05-23T01:07:05+08:00][sql] SHOW FULL COLUMNS FROM `jm_nav` [ RunTime:0.003894s ]
[2024-05-23T01:07:05+08:00][sql] SELECT * FROM `jm_nav` ORDER BY `sort` ASC [ RunTime:0.000761s ]
[2024-05-23T01:07:05+08:00][sql] SHOW FULL COLUMNS FROM `jm_browse_index` [ RunTime:0.003014s ]
[2024-05-23T01:07:05+08:00][sql] SELECT * FROM `jm_browse_index` WHERE  `ip` = '220.175.48.134' ORDER BY `id` DESC LIMIT 1 [ RunTime:0.003410s ]
[2024-05-23T01:07:05+08:00][sql] INSERT INTO `jm_browse_index` SET `cid` = 0 , `url` = '/' , `ip` = '220.175.48.134' , `mark` = 'b3300cdf0d0c97ba6f91d4cdf947c19f' , `user_agent` = 'python-requests/2.28.2' , `create_time` = '2024-05-23 01:07:05.963986' [ RunTime:0.000884s ]
[2024-05-23T01:07:05+08:00][sql] SHOW FULL COLUMNS FROM `jm_news_index` [ RunTime:0.002154s ]
[2024-05-23T01:07:05+08:00][sql] SELECT * FROM `jm_news_index` WHERE  `c_id` = 78  AND `status` = 1 ORDER BY `create_time` DESC LIMIT 5 [ RunTime:0.001050s ]
[2024-05-23T01:07:05+08:00][sql] SELECT * FROM `jm_news_index` WHERE  `c_id` = 79  AND `status` = 1 ORDER BY `create_time` DESC LIMIT 5 [ RunTime:0.000790s ]
[2024-05-23T01:07:05+08:00][sql] SELECT * FROM `jm_news_index` WHERE  `c_id` = 77  AND `status` = 1 ORDER BY `create_time` DESC LIMIT 5 [ RunTime:0.000851s ]
[2024-05-23T01:35:06+08:00][sql] CONNECT:[ UseTime:0.002132s ] mysql:host=127.0.0.1;port=3306;dbname=www_fsqf_com;charset=utf8
[2024-05-23T01:35:06+08:00][sql] SHOW FULL COLUMNS FROM `jm_nav` [ RunTime:0.002635s ]
[2024-05-23T01:35:06+08:00][sql] SELECT * FROM `jm_nav` ORDER BY `sort` ASC [ RunTime:0.000499s ]
[2024-05-23T01:35:06+08:00][sql] SHOW FULL COLUMNS FROM `jm_browse_index` [ RunTime:0.001559s ]
[2024-05-23T01:35:06+08:00][sql] SELECT * FROM `jm_browse_index` WHERE  `ip` = '42.83.147.56' ORDER BY `id` DESC LIMIT 1 [ RunTime:0.005814s ]
[2024-05-23T01:35:06+08:00][sql] SHOW FULL COLUMNS FROM `jm_news_index` [ RunTime:0.002958s ]
[2024-05-23T01:35:06+08:00][sql] SELECT * FROM `jm_news_index` WHERE  `c_id` = 78  AND `status` = 1 ORDER BY `create_time` DESC LIMIT 5 [ RunTime:0.001003s ]
[2024-05-23T01:35:06+08:00][sql] SELECT * FROM `jm_news_index` WHERE  `c_id` = 79  AND `status` = 1 ORDER BY `create_time` DESC LIMIT 5 [ RunTime:0.000949s ]
[2024-05-23T01:35:06+08:00][sql] SELECT * FROM `jm_news_index` WHERE  `c_id` = 77  AND `status` = 1 ORDER BY `create_time` DESC LIMIT 5 [ RunTime:0.000607s ]
[2024-05-23T03:30:25+08:00][sql] CONNECT:[ UseTime:0.001415s ] mysql:host=127.0.0.1;port=3306;dbname=www_fsqf_com;charset=utf8
[2024-05-23T03:30:25+08:00][sql] SHOW FULL COLUMNS FROM `jm_nav` [ RunTime:0.002657s ]
[2024-05-23T03:30:25+08:00][sql] SELECT * FROM `jm_nav` ORDER BY `sort` ASC [ RunTime:0.001007s ]
[2024-05-23T03:30:25+08:00][sql] SHOW FULL COLUMNS FROM `jm_browse_index` [ RunTime:0.002059s ]
[2024-05-23T03:30:25+08:00][sql] SELECT * FROM `jm_browse_index` WHERE  `ip` = '40.77.167.41' ORDER BY `id` DESC LIMIT 1 [ RunTime:0.008376s ]
[2024-05-23T03:30:25+08:00][sql] INSERT INTO `jm_browse_index` SET `cid` = 0 , `url` = '/page/1691504455811839.jpg' , `ip` = '40.77.167.41' , `mark` = '6637f47e59afb357d71c2e6e0ccd1bac' , `user_agent` = 'Mozilla/5.0 AppleWebKit/537.36 (KHTML, like Gecko; compatible; bingbot/2.0; +http://www.bing.com/bingbot.htm) Chrome/116.0.1938.76 Safari/537.36' , `create_time` = '2024-05-23 03:30:25.459506' [ RunTime:0.000812s ]
[2024-05-23T03:30:25+08:00][sql] SHOW FULL COLUMNS FROM `jm_page_index` [ RunTime:0.002387s ]
[2024-05-23T03:30:25+08:00][sql] SELECT * FROM `jm_page_index` WHERE  `id` = 1691504455811839 LIMIT 1 [ RunTime:0.001261s ]
[2024-05-23T03:30:25+08:00][sql] SHOW FULL COLUMNS FROM `jm_category` [ RunTime:0.002418s ]
[2024-05-23T03:30:25+08:00][sql] SELECT * FROM `jm_category` WHERE  `id` IS NULL LIMIT 1 [ RunTime:0.000769s ]
[2024-05-23T03:30:25+08:00][sql] SELECT * FROM `jm_category` WHERE  `id` IS NULL LIMIT 1 [ RunTime:0.000346s ]
[2024-05-23T03:30:25+08:00][sql] SHOW FULL COLUMNS FROM `jm_ad_index` [ RunTime:0.001626s ]
[2024-05-23T03:30:25+08:00][sql] SELECT * FROM `jm_ad_index` WHERE  `g_id` IS NULL LIMIT 1 [ RunTime:0.000594s ]
[2024-05-23T03:30:25+08:00][sql] SELECT * FROM `jm_page_index` WHERE  `c_id` = 76 ORDER BY `sort` ASC [ RunTime:0.000413s ]
[2024-05-23T03:42:15+08:00][sql] CONNECT:[ UseTime:0.001043s ] mysql:host=127.0.0.1;port=3306;dbname=www_fsqf_com;charset=utf8
[2024-05-23T03:42:15+08:00][sql] SHOW FULL COLUMNS FROM `jm_nav` [ RunTime:0.003842s ]
[2024-05-23T03:42:15+08:00][sql] SELECT * FROM `jm_nav` ORDER BY `sort` ASC [ RunTime:0.001122s ]
[2024-05-23T03:42:15+08:00][sql] SHOW FULL COLUMNS FROM `jm_browse_index` [ RunTime:0.001877s ]
[2024-05-23T03:42:15+08:00][sql] SELECT * FROM `jm_browse_index` WHERE  `ip` = '40.77.167.62' ORDER BY `id` DESC LIMIT 1 [ RunTime:0.000620s ]
[2024-05-23T03:42:15+08:00][sql] SHOW FULL COLUMNS FROM `jm_news_index` [ RunTime:0.001603s ]
[2024-05-23T03:42:15+08:00][sql] SELECT * FROM `jm_news_index` WHERE  `c_id` = 78  AND `status` = 1 ORDER BY `create_time` DESC LIMIT 5 [ RunTime:0.000970s ]
[2024-05-23T03:42:15+08:00][sql] SELECT * FROM `jm_news_index` WHERE  `c_id` = 79  AND `status` = 1 ORDER BY `create_time` DESC LIMIT 5 [ RunTime:0.000714s ]
[2024-05-23T03:42:15+08:00][sql] SELECT * FROM `jm_news_index` WHERE  `c_id` = 77  AND `status` = 1 ORDER BY `create_time` DESC LIMIT 5 [ RunTime:0.000646s ]
[2024-05-23T04:38:24+08:00][sql] CONNECT:[ UseTime:0.001228s ] mysql:host=127.0.0.1;port=3306;dbname=www_fsqf_com;charset=utf8
[2024-05-23T04:38:24+08:00][sql] SHOW FULL COLUMNS FROM `jm_nav` [ RunTime:0.003577s ]
[2024-05-23T04:38:24+08:00][sql] SELECT * FROM `jm_nav` ORDER BY `sort` ASC [ RunTime:0.001077s ]
[2024-05-23T04:38:24+08:00][sql] SHOW FULL COLUMNS FROM `jm_browse_index` [ RunTime:0.002076s ]
[2024-05-23T04:38:24+08:00][sql] SELECT * FROM `jm_browse_index` WHERE  `ip` = '60.188.9.86' ORDER BY `id` DESC LIMIT 1 [ RunTime:0.007318s ]
[2024-05-23T04:38:24+08:00][sql] INSERT INTO `jm_browse_index` SET `cid` = 0 , `url` = '/page/1.html' , `ip` = '60.188.9.86' , `mark` = 'eb70d9123bae969558c59342459ed351' , `user_agent` = 'Mozilla/5.0 (Windows NT 6.1; Win64; x64) AppleWebKit/537.36 (KHTML, like Gecko) Chrome/69.0.3497.81 YisouSpider/5.0 Safari/537.36' , `create_time` = '2024-05-23 04:38:24.542916' [ RunTime:0.000628s ]
[2024-05-23T04:38:24+08:00][sql] SHOW FULL COLUMNS FROM `jm_page_index` [ RunTime:0.002900s ]
[2024-05-23T04:38:24+08:00][sql] SELECT * FROM `jm_page_index` WHERE  `id` = 1 LIMIT 1 [ RunTime:0.000977s ]
[2024-05-23T04:38:24+08:00][sql] SHOW FULL COLUMNS FROM `jm_category` [ RunTime:0.002062s ]
[2024-05-23T04:38:24+08:00][sql] SELECT * FROM `jm_category` WHERE  `id` = 52 LIMIT 1 [ RunTime:0.000740s ]
[2024-05-23T04:38:24+08:00][sql] SELECT * FROM `jm_category` WHERE  `id` = 0 LIMIT 1 [ RunTime:0.000374s ]
[2024-05-23T04:38:24+08:00][sql] SHOW FULL COLUMNS FROM `jm_ad_index` [ RunTime:0.001865s ]
[2024-05-23T04:38:24+08:00][sql] SELECT * FROM `jm_ad_index` WHERE  `g_id` = 52 LIMIT 1 [ RunTime:0.000649s ]
[2024-05-23T04:38:24+08:00][sql] SELECT `id` FROM `jm_page_index` WHERE  `c_id` = 52 LIMIT 1 [ RunTime:0.000314s ]
[2024-05-23T04:38:24+08:00][sql] SELECT * FROM `jm_category` WHERE  `pid` = 52 [ RunTime:0.000509s ]
[2024-05-23T04:38:24+08:00][sql] SELECT * FROM `jm_page_index` WHERE  `c_id` = 76 ORDER BY `sort` ASC [ RunTime:0.000507s ]
[2024-05-23T04:38:47+08:00][sql] CONNECT:[ UseTime:0.001654s ] mysql:host=127.0.0.1;port=3306;dbname=www_fsqf_com;charset=utf8
[2024-05-23T04:38:47+08:00][sql] SHOW FULL COLUMNS FROM `jm_nav` [ RunTime:0.003912s ]
[2024-05-23T04:38:47+08:00][sql] SELECT * FROM `jm_nav` ORDER BY `sort` ASC [ RunTime:0.001069s ]
[2024-05-23T04:38:47+08:00][sql] SHOW FULL COLUMNS FROM `jm_browse_index` [ RunTime:0.003139s ]
[2024-05-23T04:38:47+08:00][sql] SELECT * FROM `jm_browse_index` WHERE  `ip` = '120.24.250.155' ORDER BY `id` DESC LIMIT 1 [ RunTime:0.001866s ]
[2024-05-23T04:38:47+08:00][sql] SHOW FULL COLUMNS FROM `jm_news_index` [ RunTime:0.001730s ]
[2024-05-23T04:38:47+08:00][sql] SELECT * FROM `jm_news_index` WHERE  `c_id` = 78  AND `status` = 1 ORDER BY `create_time` DESC LIMIT 5 [ RunTime:0.000919s ]
[2024-05-23T04:38:47+08:00][sql] SELECT * FROM `jm_news_index` WHERE  `c_id` = 79  AND `status` = 1 ORDER BY `create_time` DESC LIMIT 5 [ RunTime:0.000661s ]
[2024-05-23T04:38:47+08:00][sql] SELECT * FROM `jm_news_index` WHERE  `c_id` = 77  AND `status` = 1 ORDER BY `create_time` DESC LIMIT 5 [ RunTime:0.000609s ]
[2024-05-23T04:38:49+08:00][sql] CONNECT:[ UseTime:0.001725s ] mysql:host=127.0.0.1;port=3306;dbname=www_fsqf_com;charset=utf8
[2024-05-23T04:38:49+08:00][sql] SHOW FULL COLUMNS FROM `jm_nav` [ RunTime:0.003690s ]
[2024-05-23T04:38:49+08:00][sql] SELECT * FROM `jm_nav` ORDER BY `sort` ASC [ RunTime:0.000831s ]
[2024-05-23T04:38:49+08:00][sql] SHOW FULL COLUMNS FROM `jm_browse_index` [ RunTime:0.002684s ]
[2024-05-23T04:38:49+08:00][sql] SELECT * FROM `jm_browse_index` WHERE  `ip` = '120.24.250.155' ORDER BY `id` DESC LIMIT 1 [ RunTime:0.001412s ]
[2024-05-23T04:38:49+08:00][sql] SHOW FULL COLUMNS FROM `jm_news_index` [ RunTime:0.001959s ]
[2024-05-23T04:38:49+08:00][sql] SELECT * FROM `jm_news_index` WHERE  `c_id` = 78  AND `status` = 1 ORDER BY `create_time` DESC LIMIT 5 [ RunTime:0.000668s ]
[2024-05-23T04:38:49+08:00][sql] SELECT * FROM `jm_news_index` WHERE  `c_id` = 79  AND `status` = 1 ORDER BY `create_time` DESC LIMIT 5 [ RunTime:0.000618s ]
[2024-05-23T04:38:49+08:00][sql] SELECT * FROM `jm_news_index` WHERE  `c_id` = 77  AND `status` = 1 ORDER BY `create_time` DESC LIMIT 5 [ RunTime:0.000603s ]
[2024-05-23T08:48:55+08:00][sql] CONNECT:[ UseTime:0.000995s ] mysql:host=127.0.0.1;port=3306;dbname=www_fsqf_com;charset=utf8
[2024-05-23T08:48:55+08:00][sql] SHOW FULL COLUMNS FROM `jm_nav` [ RunTime:0.002376s ]
[2024-05-23T08:48:55+08:00][sql] SELECT * FROM `jm_nav` ORDER BY `sort` ASC [ RunTime:0.001336s ]
[2024-05-23T08:48:55+08:00][sql] SHOW FULL COLUMNS FROM `jm_browse_index` [ RunTime:0.002288s ]
[2024-05-23T08:48:55+08:00][sql] SELECT * FROM `jm_browse_index` WHERE  `ip` = '60.188.10.208' ORDER BY `id` DESC LIMIT 1 [ RunTime:0.003506s ]
[2024-05-23T08:48:55+08:00][sql] INSERT INTO `jm_browse_index` SET `cid` = 74 , `url` = '/list/74.html?page=3' , `ip` = '60.188.10.208' , `mark` = '41f36726d2b2e028dd67cc71540e3326' , `user_agent` = 'Mozilla/5.0 (Windows NT 6.1; Win64; x64) AppleWebKit/537.36 (KHTML, like Gecko) Chrome/69.0.3497.81 YisouSpider/5.0 Safari/537.36' , `create_time` = '2024-05-23 08:48:55.425195' [ RunTime:0.000787s ]
[2024-05-23T08:48:55+08:00][sql] SHOW FULL COLUMNS FROM `jm_category` [ RunTime:0.004238s ]
[2024-05-23T08:48:55+08:00][sql] SELECT `pid` FROM `jm_category` WHERE  `id` = 74 LIMIT 1 [ RunTime:0.001473s ]
[2024-05-23T08:48:55+08:00][sql] SELECT `id` FROM `jm_category` WHERE  `pid` = 74 [ RunTime:0.000596s ]
[2024-05-23T08:48:55+08:00][sql] SHOW FULL COLUMNS FROM `jm_news_index` [ RunTime:0.003687s ]
[2024-05-23T08:48:55+08:00][sql] SELECT COUNT(*) AS think_count FROM `jm_news_index` WHERE  `status` = 1  AND `c_id` IN (77,78,79) LIMIT 1 [ RunTime:0.001498s ]
[2024-05-23T08:48:55+08:00][sql] SELECT * FROM `jm_news_index` WHERE  `status` = 1  AND `c_id` IN (77,78,79) ORDER BY `create_time` DESC LIMIT 10,5 [ RunTime:0.001381s ]
[2024-05-23T08:48:55+08:00][sql] SELECT * FROM `jm_category` WHERE  `id` = 74 LIMIT 1 [ RunTime:0.000392s ]
[2024-05-23T08:48:55+08:00][sql] SELECT * FROM `jm_category` WHERE  `id` = 0 LIMIT 1 [ RunTime:0.000261s ]
[2024-05-23T08:48:55+08:00][sql] SHOW FULL COLUMNS FROM `jm_ad_index` [ RunTime:0.001433s ]
[2024-05-23T08:48:55+08:00][sql] SELECT * FROM `jm_ad_index` WHERE  `g_id` = 74 LIMIT 1 [ RunTime:0.000746s ]
[2024-05-23T08:48:55+08:00][sql] SELECT * FROM `jm_category` WHERE  `pid` = 74 ORDER BY `sort` ASC [ RunTime:0.000320s ]
[2024-05-23T10:48:58+08:00][sql] CONNECT:[ UseTime:0.001682s ] mysql:host=127.0.0.1;port=3306;dbname=www_fsqf_com;charset=utf8
[2024-05-23T10:48:58+08:00][sql] SHOW FULL COLUMNS FROM `jm_nav` [ RunTime:0.003533s ]
[2024-05-23T10:48:58+08:00][sql] SELECT * FROM `jm_nav` ORDER BY `sort` ASC [ RunTime:0.001586s ]
[2024-05-23T10:48:58+08:00][sql] SHOW FULL COLUMNS FROM `jm_browse_index` [ RunTime:0.002528s ]
[2024-05-23T10:48:58+08:00][sql] SELECT * FROM `jm_browse_index` WHERE  `ip` = '52.167.144.184' ORDER BY `id` DESC LIMIT 1 [ RunTime:0.007680s ]
[2024-05-23T10:48:58+08:00][sql] INSERT INTO `jm_browse_index` SET `cid` = 0 , `url` = '/' , `ip` = '52.167.144.184' , `mark` = '95729c53d7f8d18a003450f24862cc23' , `user_agent` = 'Mozilla/5.0 AppleWebKit/537.36 (KHTML, like Gecko; compatible; bingbot/2.0; +http://www.bing.com/bingbot.htm) Chrome/116.0.1938.76 Safari/537.36' , `create_time` = '2024-05-23 10:48:58.560526' [ RunTime:0.000487s ]
[2024-05-23T10:48:58+08:00][sql] SHOW FULL COLUMNS FROM `jm_news_index` [ RunTime:0.002173s ]
[2024-05-23T10:48:58+08:00][sql] SELECT * FROM `jm_news_index` WHERE  `c_id` = 78  AND `status` = 1 ORDER BY `create_time` DESC LIMIT 5 [ RunTime:0.015534s ]
[2024-05-23T10:48:58+08:00][sql] SELECT * FROM `jm_news_index` WHERE  `c_id` = 79  AND `status` = 1 ORDER BY `create_time` DESC LIMIT 5 [ RunTime:0.001361s ]
[2024-05-23T10:48:58+08:00][sql] SELECT * FROM `jm_news_index` WHERE  `c_id` = 77  AND `status` = 1 ORDER BY `create_time` DESC LIMIT 5 [ RunTime:0.001041s ]
[2024-05-23T11:00:50+08:00][sql] CONNECT:[ UseTime:0.000853s ] mysql:host=127.0.0.1;port=3306;dbname=www_fsqf_com;charset=utf8
[2024-05-23T11:00:50+08:00][sql] SHOW FULL COLUMNS FROM `jm_nav` [ RunTime:0.002002s ]
[2024-05-23T11:00:50+08:00][sql] SELECT * FROM `jm_nav` ORDER BY `sort` ASC [ RunTime:0.000853s ]
[2024-05-23T11:00:50+08:00][sql] SHOW FULL COLUMNS FROM `jm_browse_index` [ RunTime:0.001761s ]
[2024-05-23T11:00:50+08:00][sql] SELECT * FROM `jm_browse_index` WHERE  `ip` = '220.175.48.134' ORDER BY `id` DESC LIMIT 1 [ RunTime:0.000855s ]
[2024-05-23T11:00:50+08:00][sql] SHOW FULL COLUMNS FROM `jm_news_index` [ RunTime:0.001935s ]
[2024-05-23T11:00:50+08:00][sql] SELECT * FROM `jm_news_index` WHERE  `c_id` = 78  AND `status` = 1 ORDER BY `create_time` DESC LIMIT 5 [ RunTime:0.001641s ]
[2024-05-23T11:00:50+08:00][sql] SELECT * FROM `jm_news_index` WHERE  `c_id` = 79  AND `status` = 1 ORDER BY `create_time` DESC LIMIT 5 [ RunTime:0.001042s ]
[2024-05-23T11:00:50+08:00][sql] SELECT * FROM `jm_news_index` WHERE  `c_id` = 77  AND `status` = 1 ORDER BY `create_time` DESC LIMIT 5 [ RunTime:0.000993s ]
[2024-05-23T11:00:50+08:00][sql] CONNECT:[ UseTime:0.000879s ] mysql:host=127.0.0.1;port=3306;dbname=www_fsqf_com;charset=utf8
[2024-05-23T11:00:50+08:00][sql] SHOW FULL COLUMNS FROM `jm_nav` [ RunTime:0.001970s ]
[2024-05-23T11:00:50+08:00][sql] SELECT * FROM `jm_nav` ORDER BY `sort` ASC [ RunTime:0.000596s ]
[2024-05-23T11:00:50+08:00][sql] SHOW FULL COLUMNS FROM `jm_browse_index` [ RunTime:0.001697s ]
[2024-05-23T11:00:50+08:00][sql] SELECT * FROM `jm_browse_index` WHERE  `ip` = '220.175.48.134' ORDER BY `id` DESC LIMIT 1 [ RunTime:0.000582s ]
[2024-05-23T11:00:50+08:00][sql] INSERT INTO `jm_browse_index` SET `cid` = 77 , `url` = '/list/77.html' , `ip` = '220.175.48.134' , `mark` = 'b47d3015a22838f394e5add17f818da8' , `user_agent` = 'python-requests/2.28.2' , `create_time` = '2024-05-23 11:00:50.929451' [ RunTime:0.000594s ]
[2024-05-23T11:00:50+08:00][sql] SHOW FULL COLUMNS FROM `jm_category` [ RunTime:0.001614s ]
[2024-05-23T11:00:50+08:00][sql] SELECT `pid` FROM `jm_category` WHERE  `id` = 77 LIMIT 1 [ RunTime:0.000655s ]
[2024-05-23T11:00:50+08:00][sql] SHOW FULL COLUMNS FROM `jm_news_index` [ RunTime:0.001581s ]
[2024-05-23T11:00:50+08:00][sql] SELECT COUNT(*) AS think_count FROM `jm_news_index` WHERE  `status` = 1  AND `c_id` = 77 LIMIT 1 [ RunTime:0.000636s ]
[2024-05-23T11:00:50+08:00][sql] SELECT * FROM `jm_news_index` WHERE  `status` = 1  AND `c_id` = 77 ORDER BY `create_time` DESC LIMIT 0,5 [ RunTime:0.000680s ]
[2024-05-23T11:00:50+08:00][sql] SELECT * FROM `jm_category` WHERE  `id` = 77 LIMIT 1 [ RunTime:0.000467s ]
[2024-05-23T11:00:50+08:00][sql] SELECT * FROM `jm_category` WHERE  `id` = 74 LIMIT 1 [ RunTime:0.000348s ]
[2024-05-23T11:00:50+08:00][sql] SHOW FULL COLUMNS FROM `jm_ad_index` [ RunTime:0.001774s ]
[2024-05-23T11:00:50+08:00][sql] SELECT * FROM `jm_ad_index` WHERE  `g_id` = 74 LIMIT 1 [ RunTime:0.000698s ]
[2024-05-23T11:00:50+08:00][sql] SELECT * FROM `jm_category` WHERE  `pid` = 74 ORDER BY `sort` ASC [ RunTime:0.000334s ]
[2024-05-23T11:00:55+08:00][sql] CONNECT:[ UseTime:0.001273s ] mysql:host=127.0.0.1;port=3306;dbname=www_fsqf_com;charset=utf8
[2024-05-23T11:00:55+08:00][sql] SHOW FULL COLUMNS FROM `jm_nav` [ RunTime:0.004395s ]
[2024-05-23T11:00:55+08:00][sql] SELECT * FROM `jm_nav` ORDER BY `sort` ASC [ RunTime:0.001184s ]
[2024-05-23T11:00:55+08:00][sql] SHOW FULL COLUMNS FROM `jm_browse_index` [ RunTime:0.001706s ]
[2024-05-23T11:00:55+08:00][sql] SELECT * FROM `jm_browse_index` WHERE  `ip` = '220.175.48.134' ORDER BY `id` DESC LIMIT 1 [ RunTime:0.000583s ]
[2024-05-23T11:00:55+08:00][sql] INSERT INTO `jm_browse_index` SET `cid` = 0 , `url` = '/page/13.html' , `ip` = '220.175.48.134' , `mark` = 'c310039bf570785ca5d94c903c418be6' , `user_agent` = 'python-requests/2.28.2' , `create_time` = '2024-05-23 11:00:55.656210' [ RunTime:0.000437s ]
[2024-05-23T11:00:55+08:00][sql] SHOW FULL COLUMNS FROM `jm_page_index` [ RunTime:0.002283s ]
[2024-05-23T11:00:55+08:00][sql] SELECT * FROM `jm_page_index` WHERE  `id` = 13 LIMIT 1 [ RunTime:0.000934s ]
[2024-05-23T11:00:55+08:00][sql] SHOW FULL COLUMNS FROM `jm_category` [ RunTime:0.002443s ]
[2024-05-23T11:00:55+08:00][sql] SELECT * FROM `jm_category` WHERE  `id` = 76 LIMIT 1 [ RunTime:0.000711s ]
[2024-05-23T11:00:55+08:00][sql] SELECT * FROM `jm_category` WHERE  `id` = 0 LIMIT 1 [ RunTime:0.000457s ]
[2024-05-23T11:00:55+08:00][sql] SHOW FULL COLUMNS FROM `jm_ad_index` [ RunTime:0.002195s ]
[2024-05-23T11:00:55+08:00][sql] SELECT * FROM `jm_ad_index` WHERE  `g_id` = 76 LIMIT 1 [ RunTime:0.000662s ]
[2024-05-23T11:00:55+08:00][sql] SELECT `id` FROM `jm_page_index` WHERE  `c_id` = 76 LIMIT 1 [ RunTime:0.000297s ]
[2024-05-23T11:00:55+08:00][sql] SELECT * FROM `jm_category` WHERE  `pid` = 76 [ RunTime:0.000369s ]
[2024-05-23T11:00:55+08:00][sql] SELECT * FROM `jm_page_index` WHERE  `c_id` = 76 ORDER BY `sort` ASC [ RunTime:0.000397s ]
[2024-05-23T11:00:58+08:00][sql] CONNECT:[ UseTime:0.000921s ] mysql:host=127.0.0.1;port=3306;dbname=www_fsqf_com;charset=utf8
[2024-05-23T11:00:58+08:00][sql] SHOW FULL COLUMNS FROM `jm_nav` [ RunTime:0.001921s ]
[2024-05-23T11:00:58+08:00][sql] SELECT * FROM `jm_nav` ORDER BY `sort` ASC [ RunTime:0.000655s ]
[2024-05-23T11:00:58+08:00][sql] SHOW FULL COLUMNS FROM `jm_browse_index` [ RunTime:0.001713s ]
[2024-05-23T11:00:58+08:00][sql] SELECT * FROM `jm_browse_index` WHERE  `ip` = '220.175.48.134' ORDER BY `id` DESC LIMIT 1 [ RunTime:0.000529s ]
[2024-05-23T11:00:58+08:00][sql] INSERT INTO `jm_browse_index` SET `cid` = 0 , `url` = '/page/12.html' , `ip` = '220.175.48.134' , `mark` = 'f376e957f9c88b29f6522a4cf5fcaceb' , `user_agent` = 'python-requests/2.28.2' , `create_time` = '2024-05-23 11:00:58.186758' [ RunTime:0.000383s ]
[2024-05-23T11:00:58+08:00][sql] SHOW FULL COLUMNS FROM `jm_page_index` [ RunTime:0.002071s ]
[2024-05-23T11:00:58+08:00][sql] SELECT * FROM `jm_page_index` WHERE  `id` = 12 LIMIT 1 [ RunTime:0.000649s ]
[2024-05-23T11:00:58+08:00][sql] SHOW FULL COLUMNS FROM `jm_category` [ RunTime:0.001702s ]
[2024-05-23T11:00:58+08:00][sql] SELECT * FROM `jm_category` WHERE  `id` = 76 LIMIT 1 [ RunTime:0.000556s ]
[2024-05-23T11:00:58+08:00][sql] SELECT * FROM `jm_category` WHERE  `id` = 0 LIMIT 1 [ RunTime:0.000460s ]
[2024-05-23T11:00:58+08:00][sql] SHOW FULL COLUMNS FROM `jm_ad_index` [ RunTime:0.001942s ]
[2024-05-23T11:00:58+08:00][sql] SELECT * FROM `jm_ad_index` WHERE  `g_id` = 76 LIMIT 1 [ RunTime:0.000601s ]
[2024-05-23T11:00:58+08:00][sql] SELECT `id` FROM `jm_page_index` WHERE  `c_id` = 76 LIMIT 1 [ RunTime:0.000345s ]
[2024-05-23T11:00:58+08:00][sql] SELECT * FROM `jm_category` WHERE  `pid` = 76 [ RunTime:0.000391s ]
[2024-05-23T11:00:58+08:00][sql] SELECT * FROM `jm_page_index` WHERE  `c_id` = 76 ORDER BY `sort` ASC [ RunTime:0.000416s ]
[2024-05-23T11:01:00+08:00][sql] CONNECT:[ UseTime:0.000855s ] mysql:host=127.0.0.1;port=3306;dbname=www_fsqf_com;charset=utf8
[2024-05-23T11:01:00+08:00][sql] SHOW FULL COLUMNS FROM `jm_nav` [ RunTime:0.002245s ]
[2024-05-23T11:01:00+08:00][sql] SELECT * FROM `jm_nav` ORDER BY `sort` ASC [ RunTime:0.000512s ]
[2024-05-23T11:01:00+08:00][sql] SHOW FULL COLUMNS FROM `jm_browse_index` [ RunTime:0.001359s ]
[2024-05-23T11:01:00+08:00][sql] SELECT * FROM `jm_browse_index` WHERE  `ip` = '220.175.48.134' ORDER BY `id` DESC LIMIT 1 [ RunTime:0.000489s ]
[2024-05-23T11:01:00+08:00][sql] INSERT INTO `jm_browse_index` SET `cid` = 0 , `url` = '/page/11.html' , `ip` = '220.175.48.134' , `mark` = '6bf8a0a0df7241f5bdfda17061658641' , `user_agent` = 'python-requests/2.28.2' , `create_time` = '2024-05-23 11:01:00.432467' [ RunTime:0.000405s ]
[2024-05-23T11:01:00+08:00][sql] SHOW FULL COLUMNS FROM `jm_page_index` [ RunTime:0.001482s ]
[2024-05-23T11:01:00+08:00][sql] SELECT * FROM `jm_page_index` WHERE  `id` = 11 LIMIT 1 [ RunTime:0.000517s ]
[2024-05-23T11:01:00+08:00][sql] SHOW FULL COLUMNS FROM `jm_category` [ RunTime:0.001406s ]
[2024-05-23T11:01:00+08:00][sql] SELECT * FROM `jm_category` WHERE  `id` = 76 LIMIT 1 [ RunTime:0.000543s ]
[2024-05-23T11:01:00+08:00][sql] SELECT * FROM `jm_category` WHERE  `id` = 0 LIMIT 1 [ RunTime:0.000316s ]
[2024-05-23T11:01:00+08:00][sql] SHOW FULL COLUMNS FROM `jm_ad_index` [ RunTime:0.001555s ]
[2024-05-23T11:01:00+08:00][sql] SELECT * FROM `jm_ad_index` WHERE  `g_id` = 76 LIMIT 1 [ RunTime:0.000517s ]
[2024-05-23T11:01:00+08:00][sql] SELECT `id` FROM `jm_page_index` WHERE  `c_id` = 76 LIMIT 1 [ RunTime:0.000275s ]
[2024-05-23T11:01:00+08:00][sql] SELECT * FROM `jm_category` WHERE  `pid` = 76 [ RunTime:0.000306s ]
[2024-05-23T11:01:00+08:00][sql] SELECT * FROM `jm_page_index` WHERE  `c_id` = 76 ORDER BY `sort` ASC [ RunTime:0.000334s ]
[2024-05-23T11:01:03+08:00][sql] CONNECT:[ UseTime:0.001586s ] mysql:host=127.0.0.1;port=3306;dbname=www_fsqf_com;charset=utf8
[2024-05-23T11:01:03+08:00][sql] SHOW FULL COLUMNS FROM `jm_nav` [ RunTime:0.003007s ]
[2024-05-23T11:01:03+08:00][sql] SELECT * FROM `jm_nav` ORDER BY `sort` ASC [ RunTime:0.000768s ]
[2024-05-23T11:01:03+08:00][sql] SHOW FULL COLUMNS FROM `jm_browse_index` [ RunTime:0.003333s ]
[2024-05-23T11:01:03+08:00][sql] SELECT * FROM `jm_browse_index` WHERE  `ip` = '220.175.48.134' ORDER BY `id` DESC LIMIT 1 [ RunTime:0.001089s ]
[2024-05-23T11:01:03+08:00][sql] INSERT INTO `jm_browse_index` SET `cid` = 0 , `url` = '/page/10.html' , `ip` = '220.175.48.134' , `mark` = 'b0b684632e3ad938c572aaf43542683b' , `user_agent` = 'python-requests/2.28.2' , `create_time` = '2024-05-23 11:01:03.269125' [ RunTime:0.000811s ]
[2024-05-23T11:01:03+08:00][sql] SHOW FULL COLUMNS FROM `jm_page_index` [ RunTime:0.003374s ]
[2024-05-23T11:01:03+08:00][sql] SELECT * FROM `jm_page_index` WHERE  `id` = 10 LIMIT 1 [ RunTime:0.000889s ]
[2024-05-23T11:01:03+08:00][sql] SHOW FULL COLUMNS FROM `jm_category` [ RunTime:0.002200s ]
[2024-05-23T11:01:03+08:00][sql] SELECT * FROM `jm_category` WHERE  `id` = 76 LIMIT 1 [ RunTime:0.000629s ]
[2024-05-23T11:01:03+08:00][sql] SELECT * FROM `jm_category` WHERE  `id` = 0 LIMIT 1 [ RunTime:0.000492s ]
[2024-05-23T11:01:03+08:00][sql] SHOW FULL COLUMNS FROM `jm_ad_index` [ RunTime:0.002373s ]
[2024-05-23T11:01:03+08:00][sql] SELECT * FROM `jm_ad_index` WHERE  `g_id` = 76 LIMIT 1 [ RunTime:0.000673s ]
[2024-05-23T11:01:03+08:00][sql] SELECT `id` FROM `jm_page_index` WHERE  `c_id` = 76 LIMIT 1 [ RunTime:0.000400s ]
[2024-05-23T11:01:03+08:00][sql] SELECT * FROM `jm_category` WHERE  `pid` = 76 [ RunTime:0.000461s ]
[2024-05-23T11:01:03+08:00][sql] SELECT * FROM `jm_page_index` WHERE  `c_id` = 76 ORDER BY `sort` ASC [ RunTime:0.000457s ]
[2024-05-23T11:01:05+08:00][sql] CONNECT:[ UseTime:0.001224s ] mysql:host=127.0.0.1;port=3306;dbname=www_fsqf_com;charset=utf8
[2024-05-23T11:01:05+08:00][sql] SHOW FULL COLUMNS FROM `jm_nav` [ RunTime:0.002972s ]
[2024-05-23T11:01:05+08:00][sql] SELECT * FROM `jm_nav` ORDER BY `sort` ASC [ RunTime:0.000794s ]
[2024-05-23T11:01:05+08:00][sql] SHOW FULL COLUMNS FROM `jm_browse_index` [ RunTime:0.002127s ]
[2024-05-23T11:01:05+08:00][sql] SELECT * FROM `jm_browse_index` WHERE  `ip` = '220.175.48.134' ORDER BY `id` DESC LIMIT 1 [ RunTime:0.000705s ]
[2024-05-23T11:01:05+08:00][sql] INSERT INTO `jm_browse_index` SET `cid` = 0 , `url` = '/page/9.html' , `ip` = '220.175.48.134' , `mark` = '2d63a7102eba4ee780278e3505392afa' , `user_agent` = 'python-requests/2.28.2' , `create_time` = '2024-05-23 11:01:05.680542' [ RunTime:0.000498s ]
[2024-05-23T11:01:05+08:00][sql] SHOW FULL COLUMNS FROM `jm_page_index` [ RunTime:0.001807s ]
[2024-05-23T11:01:05+08:00][sql] SELECT * FROM `jm_page_index` WHERE  `id` = 9 LIMIT 1 [ RunTime:0.000692s ]
[2024-05-23T11:01:05+08:00][sql] SHOW FULL COLUMNS FROM `jm_category` [ RunTime:0.001620s ]
[2024-05-23T11:01:05+08:00][sql] SELECT * FROM `jm_category` WHERE  `id` = 76 LIMIT 1 [ RunTime:0.000661s ]
[2024-05-23T11:01:05+08:00][sql] SELECT * FROM `jm_category` WHERE  `id` = 0 LIMIT 1 [ RunTime:0.000494s ]
[2024-05-23T11:01:05+08:00][sql] SHOW FULL COLUMNS FROM `jm_ad_index` [ RunTime:0.001339s ]
[2024-05-23T11:01:05+08:00][sql] SELECT * FROM `jm_ad_index` WHERE  `g_id` = 76 LIMIT 1 [ RunTime:0.000634s ]
[2024-05-23T11:01:05+08:00][sql] SELECT `id` FROM `jm_page_index` WHERE  `c_id` = 76 LIMIT 1 [ RunTime:0.000401s ]
[2024-05-23T11:01:05+08:00][sql] SELECT * FROM `jm_category` WHERE  `pid` = 76 [ RunTime:0.000364s ]
[2024-05-23T11:01:05+08:00][sql] SELECT * FROM `jm_page_index` WHERE  `c_id` = 76 ORDER BY `sort` ASC [ RunTime:0.000455s ]
[2024-05-23T11:01:07+08:00][sql] CONNECT:[ UseTime:0.000866s ] mysql:host=127.0.0.1;port=3306;dbname=www_fsqf_com;charset=utf8
[2024-05-23T11:01:07+08:00][sql] SHOW FULL COLUMNS FROM `jm_nav` [ RunTime:0.001782s ]
[2024-05-23T11:01:07+08:00][sql] SELECT * FROM `jm_nav` ORDER BY `sort` ASC [ RunTime:0.000500s ]
[2024-05-23T11:01:07+08:00][sql] SHOW FULL COLUMNS FROM `jm_browse_index` [ RunTime:0.001472s ]
[2024-05-23T11:01:07+08:00][sql] SELECT * FROM `jm_browse_index` WHERE  `ip` = '220.175.48.134' ORDER BY `id` DESC LIMIT 1 [ RunTime:0.000568s ]
[2024-05-23T11:01:07+08:00][sql] INSERT INTO `jm_browse_index` SET `cid` = 74 , `url` = '/list/74.html' , `ip` = '220.175.48.134' , `mark` = '58f56ec35f0eafb91b8a726a57789190' , `user_agent` = 'python-requests/2.28.2' , `create_time` = '2024-05-23 11:01:07.934158' [ RunTime:0.000405s ]
[2024-05-23T11:01:07+08:00][sql] SHOW FULL COLUMNS FROM `jm_category` [ RunTime:0.002186s ]
[2024-05-23T11:01:07+08:00][sql] SELECT `pid` FROM `jm_category` WHERE  `id` = 74 LIMIT 1 [ RunTime:0.000643s ]
[2024-05-23T11:01:07+08:00][sql] SELECT `id` FROM `jm_category` WHERE  `pid` = 74 [ RunTime:0.000387s ]
[2024-05-23T11:01:07+08:00][sql] SHOW FULL COLUMNS FROM `jm_news_index` [ RunTime:0.002059s ]
[2024-05-23T11:01:07+08:00][sql] SELECT COUNT(*) AS think_count FROM `jm_news_index` WHERE  `status` = 1  AND `c_id` IN (77,78,79) LIMIT 1 [ RunTime:0.000727s ]
[2024-05-23T11:01:07+08:00][sql] SELECT * FROM `jm_news_index` WHERE  `status` = 1  AND `c_id` IN (77,78,79) ORDER BY `create_time` DESC LIMIT 0,5 [ RunTime:0.000843s ]
[2024-05-23T11:01:07+08:00][sql] SELECT * FROM `jm_category` WHERE  `id` = 74 LIMIT 1 [ RunTime:0.000474s ]
[2024-05-23T11:01:07+08:00][sql] SELECT * FROM `jm_category` WHERE  `id` = 0 LIMIT 1 [ RunTime:0.000284s ]
[2024-05-23T11:01:07+08:00][sql] SHOW FULL COLUMNS FROM `jm_ad_index` [ RunTime:0.001656s ]
[2024-05-23T11:01:07+08:00][sql] SELECT * FROM `jm_ad_index` WHERE  `g_id` = 74 LIMIT 1 [ RunTime:0.000519s ]
[2024-05-23T11:01:07+08:00][sql] SELECT * FROM `jm_category` WHERE  `pid` = 74 ORDER BY `sort` ASC [ RunTime:0.000367s ]
[2024-05-23T11:01:11+08:00][sql] CONNECT:[ UseTime:0.000769s ] mysql:host=127.0.0.1;port=3306;dbname=www_fsqf_com;charset=utf8
[2024-05-23T11:01:11+08:00][sql] SHOW FULL COLUMNS FROM `jm_nav` [ RunTime:0.001708s ]
[2024-05-23T11:01:11+08:00][sql] SELECT * FROM `jm_nav` ORDER BY `sort` ASC [ RunTime:0.000507s ]
[2024-05-23T11:01:11+08:00][sql] SHOW FULL COLUMNS FROM `jm_browse_index` [ RunTime:0.001297s ]
[2024-05-23T11:01:11+08:00][sql] SELECT * FROM `jm_browse_index` WHERE  `ip` = '220.175.48.134' ORDER BY `id` DESC LIMIT 1 [ RunTime:0.000524s ]
[2024-05-23T11:01:11+08:00][sql] INSERT INTO `jm_browse_index` SET `cid` = 0 , `url` = '/page/1.html' , `ip` = '220.175.48.134' , `mark` = 'ba8ff0234a4007af66fb912f32985b37' , `user_agent` = 'python-requests/2.28.2' , `create_time` = '2024-05-23 11:01:11.868781' [ RunTime:0.000523s ]
[2024-05-23T11:01:11+08:00][sql] SHOW FULL COLUMNS FROM `jm_page_index` [ RunTime:0.003521s ]
[2024-05-23T11:01:11+08:00][sql] SELECT * FROM `jm_page_index` WHERE  `id` = 1 LIMIT 1 [ RunTime:0.001087s ]
[2024-05-23T11:01:11+08:00][sql] SHOW FULL COLUMNS FROM `jm_category` [ RunTime:0.002457s ]
[2024-05-23T11:01:11+08:00][sql] SELECT * FROM `jm_category` WHERE  `id` = 52 LIMIT 1 [ RunTime:0.000477s ]
[2024-05-23T11:01:11+08:00][sql] SELECT * FROM `jm_category` WHERE  `id` = 0 LIMIT 1 [ RunTime:0.000316s ]
[2024-05-23T11:01:11+08:00][sql] SHOW FULL COLUMNS FROM `jm_ad_index` [ RunTime:0.001372s ]
[2024-05-23T11:01:11+08:00][sql] SELECT * FROM `jm_ad_index` WHERE  `g_id` = 52 LIMIT 1 [ RunTime:0.000521s ]
[2024-05-23T11:01:11+08:00][sql] SELECT `id` FROM `jm_page_index` WHERE  `c_id` = 52 LIMIT 1 [ RunTime:0.000297s ]
[2024-05-23T11:01:11+08:00][sql] SELECT * FROM `jm_category` WHERE  `pid` = 52 [ RunTime:0.000328s ]
[2024-05-23T11:01:11+08:00][sql] SELECT * FROM `jm_page_index` WHERE  `c_id` = 76 ORDER BY `sort` ASC [ RunTime:0.000337s ]
[2024-05-23T11:01:14+08:00][sql] CONNECT:[ UseTime:0.001252s ] mysql:host=127.0.0.1;port=3306;dbname=www_fsqf_com;charset=utf8
[2024-05-23T11:01:14+08:00][sql] SHOW FULL COLUMNS FROM `jm_nav` [ RunTime:0.002138s ]
[2024-05-23T11:01:14+08:00][sql] SELECT * FROM `jm_nav` ORDER BY `sort` ASC [ RunTime:0.000571s ]
[2024-05-23T11:01:14+08:00][sql] SHOW FULL COLUMNS FROM `jm_browse_index` [ RunTime:0.001446s ]
[2024-05-23T11:01:14+08:00][sql] SELECT * FROM `jm_browse_index` WHERE  `ip` = '220.175.48.134' ORDER BY `id` DESC LIMIT 1 [ RunTime:0.000614s ]
[2024-05-23T11:01:14+08:00][sql] INSERT INTO `jm_browse_index` SET `cid` = 0 , `url` = '/page/2.html' , `ip` = '220.175.48.134' , `mark` = '5135c3bac8a5d15855271ea058413c3d' , `user_agent` = 'python-requests/2.28.2' , `create_time` = '2024-05-23 11:01:14.308397' [ RunTime:0.000887s ]
[2024-05-23T11:01:14+08:00][sql] SHOW FULL COLUMNS FROM `jm_page_index` [ RunTime:0.002033s ]
[2024-05-23T11:01:14+08:00][sql] SELECT * FROM `jm_page_index` WHERE  `id` = 2 LIMIT 1 [ RunTime:0.000693s ]
[2024-05-23T11:01:14+08:00][sql] SHOW FULL COLUMNS FROM `jm_category` [ RunTime:0.001988s ]
[2024-05-23T11:01:14+08:00][sql] SELECT * FROM `jm_category` WHERE  `id` = 75 LIMIT 1 [ RunTime:0.000759s ]
[2024-05-23T11:01:14+08:00][sql] SELECT * FROM `jm_category` WHERE  `id` = 0 LIMIT 1 [ RunTime:0.000463s ]
[2024-05-23T11:01:14+08:00][sql] SHOW FULL COLUMNS FROM `jm_ad_index` [ RunTime:0.001951s ]
[2024-05-23T11:01:14+08:00][sql] SELECT * FROM `jm_ad_index` WHERE  `g_id` = 75 LIMIT 1 [ RunTime:0.000709s ]
[2024-05-23T11:01:14+08:00][sql] SELECT `id` FROM `jm_page_index` WHERE  `c_id` = 75 LIMIT 1 [ RunTime:0.000400s ]
[2024-05-23T11:01:14+08:00][sql] SELECT * FROM `jm_category` WHERE  `pid` = 75 [ RunTime:0.000331s ]
[2024-05-23T11:01:14+08:00][sql] SELECT * FROM `jm_page_index` WHERE  `c_id` = 76 ORDER BY `sort` ASC [ RunTime:0.000427s ]
[2024-05-23T11:01:17+08:00][sql] CONNECT:[ UseTime:0.001121s ] mysql:host=127.0.0.1;port=3306;dbname=www_fsqf_com;charset=utf8
[2024-05-23T11:01:17+08:00][sql] SHOW FULL COLUMNS FROM `jm_nav` [ RunTime:0.003706s ]
[2024-05-23T11:01:17+08:00][sql] SELECT * FROM `jm_nav` ORDER BY `sort` ASC [ RunTime:0.001251s ]
[2024-05-23T11:01:17+08:00][sql] SHOW FULL COLUMNS FROM `jm_browse_index` [ RunTime:0.001548s ]
[2024-05-23T11:01:17+08:00][sql] SELECT * FROM `jm_browse_index` WHERE  `ip` = '220.175.48.134' ORDER BY `id` DESC LIMIT 1 [ RunTime:0.000600s ]
[2024-05-23T11:01:17+08:00][sql] INSERT INTO `jm_browse_index` SET `cid` = 78 , `url` = '/list/78.html' , `ip` = '220.175.48.134' , `mark` = '0ae6a4edc1c77eeaecc465586d6e1c74' , `user_agent` = 'python-requests/2.28.2' , `create_time` = '2024-05-23 11:01:17.151052' [ RunTime:0.000416s ]
[2024-05-23T11:01:17+08:00][sql] SHOW FULL COLUMNS FROM `jm_category` [ RunTime:0.001909s ]
[2024-05-23T11:01:17+08:00][sql] SELECT `pid` FROM `jm_category` WHERE  `id` = 78 LIMIT 1 [ RunTime:0.000792s ]
[2024-05-23T11:01:17+08:00][sql] SHOW FULL COLUMNS FROM `jm_news_index` [ RunTime:0.002075s ]
[2024-05-23T11:01:17+08:00][sql] SELECT COUNT(*) AS think_count FROM `jm_news_index` WHERE  `status` = 1  AND `c_id` = 78 LIMIT 1 [ RunTime:0.000610s ]
[2024-05-23T11:01:17+08:00][sql] SELECT * FROM `jm_news_index` WHERE  `status` = 1  AND `c_id` = 78 ORDER BY `create_time` DESC LIMIT 0,5 [ RunTime:0.000634s ]
[2024-05-23T11:01:17+08:00][sql] SELECT * FROM `jm_category` WHERE  `id` = 78 LIMIT 1 [ RunTime:0.000465s ]
[2024-05-23T11:01:17+08:00][sql] SELECT * FROM `jm_category` WHERE  `id` = 74 LIMIT 1 [ RunTime:0.000362s ]
[2024-05-23T11:01:17+08:00][sql] SHOW FULL COLUMNS FROM `jm_ad_index` [ RunTime:0.001775s ]
[2024-05-23T11:01:17+08:00][sql] SELECT * FROM `jm_ad_index` WHERE  `g_id` = 74 LIMIT 1 [ RunTime:0.000474s ]
[2024-05-23T11:01:17+08:00][sql] SELECT * FROM `jm_category` WHERE  `pid` = 74 ORDER BY `sort` ASC [ RunTime:0.000381s ]
[2024-05-23T11:01:19+08:00][sql] CONNECT:[ UseTime:0.000973s ] mysql:host=127.0.0.1;port=3306;dbname=www_fsqf_com;charset=utf8
[2024-05-23T11:01:19+08:00][sql] SHOW FULL COLUMNS FROM `jm_nav` [ RunTime:0.003519s ]
[2024-05-23T11:01:19+08:00][sql] SELECT * FROM `jm_nav` ORDER BY `sort` ASC [ RunTime:0.000960s ]
[2024-05-23T11:01:19+08:00][sql] SHOW FULL COLUMNS FROM `jm_browse_index` [ RunTime:0.001637s ]
[2024-05-23T11:01:19+08:00][sql] SHOW FULL COLUMNS FROM `jm_news_index` [ RunTime:0.001793s ]
[2024-05-23T11:01:19+08:00][sql] SELECT `c_id` FROM `jm_news_index` WHERE  `id` = 176 LIMIT 1 [ RunTime:0.000500s ]
[2024-05-23T11:01:19+08:00][sql] SELECT * FROM `jm_browse_index` WHERE  `ip` = '220.175.48.134' ORDER BY `id` DESC LIMIT 1 [ RunTime:0.000442s ]
[2024-05-23T11:01:19+08:00][sql] INSERT INTO `jm_browse_index` SET `cid` = 78 , `url` = '/show/176.html' , `ip` = '220.175.48.134' , `mark` = '75a2b5804f6924399f9ad7fdddb17789' , `user_agent` = 'python-requests/2.28.2' , `create_time` = '2024-05-23 11:01:19.345104' [ RunTime:0.000391s ]
[2024-05-23T11:01:19+08:00][sql] SELECT * FROM `jm_news_index` WHERE  `id` = 176 LIMIT 1 [ RunTime:0.000626s ]
[2024-05-23T11:01:19+08:00][sql] SHOW FULL COLUMNS FROM `jm_category` [ RunTime:0.002078s ]
[2024-05-23T11:01:19+08:00][sql] SELECT * FROM `jm_category` WHERE  `id` = 78 LIMIT 1 [ RunTime:0.000653s ]
[2024-05-23T11:01:19+08:00][sql] SELECT * FROM `jm_category` WHERE  `id` = 74 LIMIT 1 [ RunTime:0.000422s ]
[2024-05-23T11:01:19+08:00][sql] SHOW FULL COLUMNS FROM `jm_ad_index` [ RunTime:0.001679s ]
[2024-05-23T11:01:19+08:00][sql] SELECT * FROM `jm_ad_index` WHERE  `g_id` = 74 LIMIT 1 [ RunTime:0.000551s ]
[2024-05-23T11:01:19+08:00][sql] SELECT * FROM `jm_category` WHERE  `pid` = 74 [ RunTime:0.000419s ]
[2024-05-23T11:01:19+08:00][sql] SELECT * FROM `jm_news_index` WHERE  `c_id` = 78  AND `id` > 176  AND `status` = 1 LIMIT 1 [ RunTime:0.000524s ]
[2024-05-23T11:01:19+08:00][sql] SELECT * FROM `jm_news_index` WHERE  `c_id` = 78  AND `id` < 176  AND `status` = 1 LIMIT 1 [ RunTime:0.000406s ]
[2024-05-23T11:01:22+08:00][sql] CONNECT:[ UseTime:0.001023s ] mysql:host=127.0.0.1;port=3306;dbname=www_fsqf_com;charset=utf8
[2024-05-23T11:01:22+08:00][sql] SHOW FULL COLUMNS FROM `jm_nav` [ RunTime:0.001892s ]
[2024-05-23T11:01:22+08:00][sql] SELECT * FROM `jm_nav` ORDER BY `sort` ASC [ RunTime:0.000644s ]
[2024-05-23T11:01:22+08:00][sql] SHOW FULL COLUMNS FROM `jm_browse_index` [ RunTime:0.001679s ]
[2024-05-23T11:01:22+08:00][sql] SHOW FULL COLUMNS FROM `jm_news_index` [ RunTime:0.001880s ]
[2024-05-23T11:01:22+08:00][sql] SELECT `c_id` FROM `jm_news_index` WHERE  `id` = 177 LIMIT 1 [ RunTime:0.000660s ]
[2024-05-23T11:01:22+08:00][sql] SELECT * FROM `jm_browse_index` WHERE  `ip` = '220.175.48.134' ORDER BY `id` DESC LIMIT 1 [ RunTime:0.000852s ]
[2024-05-23T11:01:22+08:00][sql] INSERT INTO `jm_browse_index` SET `cid` = 78 , `url` = '/show/177.html' , `ip` = '220.175.48.134' , `mark` = 'fd97844e626a03678bb32179b872c232' , `user_agent` = 'python-requests/2.28.2' , `create_time` = '2024-05-23 11:01:22.476027' [ RunTime:0.000621s ]
[2024-05-23T11:01:22+08:00][sql] SELECT * FROM `jm_news_index` WHERE  `id` = 177 LIMIT 1 [ RunTime:0.000775s ]
[2024-05-23T11:01:22+08:00][sql] SHOW FULL COLUMNS FROM `jm_category` [ RunTime:0.002973s ]
[2024-05-23T11:01:22+08:00][sql] SELECT * FROM `jm_category` WHERE  `id` = 78 LIMIT 1 [ RunTime:0.000796s ]
[2024-05-23T11:01:22+08:00][sql] SELECT * FROM `jm_category` WHERE  `id` = 74 LIMIT 1 [ RunTime:0.000488s ]
[2024-05-23T11:01:22+08:00][sql] SHOW FULL COLUMNS FROM `jm_ad_index` [ RunTime:0.002741s ]
[2024-05-23T11:01:22+08:00][sql] SELECT * FROM `jm_ad_index` WHERE  `g_id` = 74 LIMIT 1 [ RunTime:0.000782s ]
[2024-05-23T11:01:22+08:00][sql] SELECT * FROM `jm_category` WHERE  `pid` = 74 [ RunTime:0.000562s ]
[2024-05-23T11:01:22+08:00][sql] SELECT * FROM `jm_news_index` WHERE  `c_id` = 78  AND `id` > 177  AND `status` = 1 LIMIT 1 [ RunTime:0.000485s ]
[2024-05-23T11:01:22+08:00][sql] SELECT * FROM `jm_news_index` WHERE  `c_id` = 78  AND `id` < 177  AND `status` = 1 LIMIT 1 [ RunTime:0.000636s ]
[2024-05-23T11:01:24+08:00][sql] CONNECT:[ UseTime:0.000777s ] mysql:host=127.0.0.1;port=3306;dbname=www_fsqf_com;charset=utf8
[2024-05-23T11:01:24+08:00][sql] SHOW FULL COLUMNS FROM `jm_nav` [ RunTime:0.001751s ]
[2024-05-23T11:01:24+08:00][sql] SELECT * FROM `jm_nav` ORDER BY `sort` ASC [ RunTime:0.000591s ]
[2024-05-23T11:01:24+08:00][sql] SHOW FULL COLUMNS FROM `jm_browse_index` [ RunTime:0.001598s ]
[2024-05-23T11:01:24+08:00][sql] SELECT * FROM `jm_browse_index` WHERE  `ip` = '220.175.48.134' ORDER BY `id` DESC LIMIT 1 [ RunTime:0.000601s ]
[2024-05-23T11:01:24+08:00][sql] INSERT INTO `jm_browse_index` SET `cid` = 79 , `url` = '/list/79.html' , `ip` = '220.175.48.134' , `mark` = '21b43944d418f1120a8da14892f8e12b' , `user_agent` = 'python-requests/2.28.2' , `create_time` = '2024-05-23 11:01:24.812224' [ RunTime:0.000782s ]
[2024-05-23T11:01:24+08:00][sql] SHOW FULL COLUMNS FROM `jm_category` [ RunTime:0.003798s ]
[2024-05-23T11:01:24+08:00][sql] SELECT `pid` FROM `jm_category` WHERE  `id` = 79 LIMIT 1 [ RunTime:0.000591s ]
[2024-05-23T11:01:24+08:00][sql] SHOW FULL COLUMNS FROM `jm_news_index` [ RunTime:0.001458s ]
[2024-05-23T11:01:24+08:00][sql] SELECT COUNT(*) AS think_count FROM `jm_news_index` WHERE  `status` = 1  AND `c_id` = 79 LIMIT 1 [ RunTime:0.000711s ]
[2024-05-23T11:01:24+08:00][sql] SELECT * FROM `jm_news_index` WHERE  `status` = 1  AND `c_id` = 79 ORDER BY `create_time` DESC LIMIT 0,5 [ RunTime:0.000858s ]
[2024-05-23T11:01:24+08:00][sql] SELECT * FROM `jm_category` WHERE  `id` = 79 LIMIT 1 [ RunTime:0.000517s ]
[2024-05-23T11:01:24+08:00][sql] SELECT * FROM `jm_category` WHERE  `id` = 74 LIMIT 1 [ RunTime:0.000268s ]
[2024-05-23T11:01:24+08:00][sql] SHOW FULL COLUMNS FROM `jm_ad_index` [ RunTime:0.001712s ]
[2024-05-23T11:01:24+08:00][sql] SELECT * FROM `jm_ad_index` WHERE  `g_id` = 74 LIMIT 1 [ RunTime:0.000607s ]
[2024-05-23T11:01:24+08:00][sql] SELECT * FROM `jm_category` WHERE  `pid` = 74 ORDER BY `sort` ASC [ RunTime:0.000409s ]
[2024-05-23T11:01:28+08:00][sql] CONNECT:[ UseTime:0.001035s ] mysql:host=127.0.0.1;port=3306;dbname=www_fsqf_com;charset=utf8
[2024-05-23T11:01:28+08:00][sql] SHOW FULL COLUMNS FROM `jm_nav` [ RunTime:0.003336s ]
[2024-05-23T11:01:28+08:00][sql] SELECT * FROM `jm_nav` ORDER BY `sort` ASC [ RunTime:0.000846s ]
[2024-05-23T11:01:28+08:00][sql] SHOW FULL COLUMNS FROM `jm_browse_index` [ RunTime:0.002398s ]
[2024-05-23T11:01:28+08:00][sql] SHOW FULL COLUMNS FROM `jm_news_index` [ RunTime:0.002481s ]
[2024-05-23T11:01:28+08:00][sql] SELECT `c_id` FROM `jm_news_index` WHERE  `id` = 171 LIMIT 1 [ RunTime:0.000630s ]
[2024-05-23T11:01:28+08:00][sql] SELECT * FROM `jm_browse_index` WHERE  `ip` = '220.175.48.134' ORDER BY `id` DESC LIMIT 1 [ RunTime:0.000624s ]
[2024-05-23T11:01:28+08:00][sql] INSERT INTO `jm_browse_index` SET `cid` = 79 , `url` = '/show/171.html' , `ip` = '220.175.48.134' , `mark` = 'd08ced4b02abde584f87f26afe2224d6' , `user_agent` = 'python-requests/2.28.2' , `create_time` = '2024-05-23 11:01:28.371358' [ RunTime:0.000497s ]
[2024-05-23T11:01:28+08:00][sql] SELECT * FROM `jm_news_index` WHERE  `id` = 171 LIMIT 1 [ RunTime:0.001239s ]
[2024-05-23T11:01:28+08:00][sql] SHOW FULL COLUMNS FROM `jm_category` [ RunTime:0.004371s ]
[2024-05-23T11:01:28+08:00][sql] SELECT * FROM `jm_category` WHERE  `id` = 79 LIMIT 1 [ RunTime:0.001194s ]
[2024-05-23T11:01:28+08:00][sql] SELECT * FROM `jm_category` WHERE  `id` = 74 LIMIT 1 [ RunTime:0.000383s ]
[2024-05-23T11:01:28+08:00][sql] SHOW FULL COLUMNS FROM `jm_ad_index` [ RunTime:0.001475s ]
[2024-05-23T11:01:28+08:00][sql] SELECT * FROM `jm_ad_index` WHERE  `g_id` = 74 LIMIT 1 [ RunTime:0.000642s ]
[2024-05-23T11:01:28+08:00][sql] SELECT * FROM `jm_category` WHERE  `pid` = 74 [ RunTime:0.000404s ]
[2024-05-23T11:01:28+08:00][sql] SELECT * FROM `jm_news_index` WHERE  `c_id` = 79  AND `id` > 171  AND `status` = 1 LIMIT 1 [ RunTime:0.000521s ]
[2024-05-23T11:01:28+08:00][sql] SELECT * FROM `jm_news_index` WHERE  `c_id` = 79  AND `id` < 171  AND `status` = 1 LIMIT 1 [ RunTime:0.000502s ]
[2024-05-23T11:01:31+08:00][sql] CONNECT:[ UseTime:0.000965s ] mysql:host=127.0.0.1;port=3306;dbname=www_fsqf_com;charset=utf8
[2024-05-23T11:01:31+08:00][sql] SHOW FULL COLUMNS FROM `jm_nav` [ RunTime:0.002715s ]
[2024-05-23T11:01:31+08:00][sql] SELECT * FROM `jm_nav` ORDER BY `sort` ASC [ RunTime:0.000817s ]
[2024-05-23T11:01:31+08:00][sql] SHOW FULL COLUMNS FROM `jm_browse_index` [ RunTime:0.002221s ]
[2024-05-23T11:01:31+08:00][sql] SHOW FULL COLUMNS FROM `jm_news_index` [ RunTime:0.002318s ]
[2024-05-23T11:01:31+08:00][sql] SELECT `c_id` FROM `jm_news_index` WHERE  `id` = 172 LIMIT 1 [ RunTime:0.000577s ]
[2024-05-23T11:01:31+08:00][sql] SELECT * FROM `jm_browse_index` WHERE  `ip` = '220.175.48.134' ORDER BY `id` DESC LIMIT 1 [ RunTime:0.000540s ]
[2024-05-23T11:01:31+08:00][sql] INSERT INTO `jm_browse_index` SET `cid` = 79 , `url` = '/show/172.html' , `ip` = '220.175.48.134' , `mark` = '0fd5b73e277695ec0614377d326d3e47' , `user_agent` = 'python-requests/2.28.2' , `create_time` = '2024-05-23 11:01:31.133870' [ RunTime:0.000481s ]
[2024-05-23T11:01:31+08:00][sql] SELECT * FROM `jm_news_index` WHERE  `id` = 172 LIMIT 1 [ RunTime:0.000899s ]
[2024-05-23T11:01:31+08:00][sql] SHOW FULL COLUMNS FROM `jm_category` [ RunTime:0.002486s ]
[2024-05-23T11:01:31+08:00][sql] SELECT * FROM `jm_category` WHERE  `id` = 79 LIMIT 1 [ RunTime:0.000561s ]
[2024-05-23T11:01:31+08:00][sql] SELECT * FROM `jm_category` WHERE  `id` = 74 LIMIT 1 [ RunTime:0.000299s ]
[2024-05-23T11:01:31+08:00][sql] SHOW FULL COLUMNS FROM `jm_ad_index` [ RunTime:0.001348s ]
[2024-05-23T11:01:31+08:00][sql] SELECT * FROM `jm_ad_index` WHERE  `g_id` = 74 LIMIT 1 [ RunTime:0.000457s ]
[2024-05-23T11:01:31+08:00][sql] SELECT * FROM `jm_category` WHERE  `pid` = 74 [ RunTime:0.000345s ]
[2024-05-23T11:01:31+08:00][sql] SELECT * FROM `jm_news_index` WHERE  `c_id` = 79  AND `id` > 172  AND `status` = 1 LIMIT 1 [ RunTime:0.000466s ]
[2024-05-23T11:01:31+08:00][sql] SELECT * FROM `jm_news_index` WHERE  `c_id` = 79  AND `id` < 172  AND `status` = 1 LIMIT 1 [ RunTime:0.000414s ]
[2024-05-23T11:01:33+08:00][sql] CONNECT:[ UseTime:0.000798s ] mysql:host=127.0.0.1;port=3306;dbname=www_fsqf_com;charset=utf8
[2024-05-23T11:01:33+08:00][sql] SHOW FULL COLUMNS FROM `jm_nav` [ RunTime:0.003458s ]
[2024-05-23T11:01:33+08:00][sql] SELECT * FROM `jm_nav` ORDER BY `sort` ASC [ RunTime:0.000695s ]
[2024-05-23T11:01:33+08:00][sql] SHOW FULL COLUMNS FROM `jm_browse_index` [ RunTime:0.003186s ]
[2024-05-23T11:01:33+08:00][sql] SHOW FULL COLUMNS FROM `jm_news_index` [ RunTime:0.002319s ]
[2024-05-23T11:01:33+08:00][sql] SELECT `c_id` FROM `jm_news_index` WHERE  `id` = 173 LIMIT 1 [ RunTime:0.000293s ]
[2024-05-23T11:01:33+08:00][sql] SELECT * FROM `jm_browse_index` WHERE  `ip` = '220.175.48.134' ORDER BY `id` DESC LIMIT 1 [ RunTime:0.000296s ]
[2024-05-23T11:01:33+08:00][sql] INSERT INTO `jm_browse_index` SET `cid` = 79 , `url` = '/show/173.html' , `ip` = '220.175.48.134' , `mark` = '4d704199cccbd7db867e6b33f317c3cf' , `user_agent` = 'python-requests/2.28.2' , `create_time` = '2024-05-23 11:01:33.563548' [ RunTime:0.000303s ]
[2024-05-23T11:01:33+08:00][sql] SELECT * FROM `jm_news_index` WHERE  `id` = 173 LIMIT 1 [ RunTime:0.000462s ]
[2024-05-23T11:01:33+08:00][sql] SHOW FULL COLUMNS FROM `jm_category` [ RunTime:0.002933s ]
[2024-05-23T11:01:33+08:00][sql] SELECT * FROM `jm_category` WHERE  `id` = 79 LIMIT 1 [ RunTime:0.000812s ]
[2024-05-23T11:01:33+08:00][sql] SELECT * FROM `jm_category` WHERE  `id` = 74 LIMIT 1 [ RunTime:0.000438s ]
[2024-05-23T11:01:33+08:00][sql] SHOW FULL COLUMNS FROM `jm_ad_index` [ RunTime:0.001851s ]
[2024-05-23T11:01:33+08:00][sql] SELECT * FROM `jm_ad_index` WHERE  `g_id` = 74 LIMIT 1 [ RunTime:0.000640s ]
[2024-05-23T11:01:33+08:00][sql] SELECT * FROM `jm_category` WHERE  `pid` = 74 [ RunTime:0.000744s ]
[2024-05-23T11:01:33+08:00][sql] SELECT * FROM `jm_news_index` WHERE  `c_id` = 79  AND `id` > 173  AND `status` = 1 LIMIT 1 [ RunTime:0.000877s ]
[2024-05-23T11:01:33+08:00][sql] SELECT * FROM `jm_news_index` WHERE  `c_id` = 79  AND `id` < 173  AND `status` = 1 LIMIT 1 [ RunTime:0.000603s ]
[2024-05-23T11:01:36+08:00][sql] CONNECT:[ UseTime:0.000972s ] mysql:host=127.0.0.1;port=3306;dbname=www_fsqf_com;charset=utf8
[2024-05-23T11:01:36+08:00][sql] SHOW FULL COLUMNS FROM `jm_nav` [ RunTime:0.003311s ]
[2024-05-23T11:01:36+08:00][sql] SELECT * FROM `jm_nav` ORDER BY `sort` ASC [ RunTime:0.000629s ]
[2024-05-23T11:01:36+08:00][sql] SHOW FULL COLUMNS FROM `jm_browse_index` [ RunTime:0.003024s ]
[2024-05-23T11:01:36+08:00][sql] SHOW FULL COLUMNS FROM `jm_news_index` [ RunTime:0.001597s ]
[2024-05-23T11:01:36+08:00][sql] SELECT `c_id` FROM `jm_news_index` WHERE  `id` = 174 LIMIT 1 [ RunTime:0.000825s ]
[2024-05-23T11:01:36+08:00][sql] SELECT * FROM `jm_browse_index` WHERE  `ip` = '220.175.48.134' ORDER BY `id` DESC LIMIT 1 [ RunTime:0.000584s ]
[2024-05-23T11:01:36+08:00][sql] INSERT INTO `jm_browse_index` SET `cid` = 79 , `url` = '/show/174.html' , `ip` = '220.175.48.134' , `mark` = '8bfc057c54d497f40c11666c0ee8a80a' , `user_agent` = 'python-requests/2.28.2' , `create_time` = '2024-05-23 11:01:36.420541' [ RunTime:0.000679s ]
[2024-05-23T11:01:36+08:00][sql] SELECT * FROM `jm_news_index` WHERE  `id` = 174 LIMIT 1 [ RunTime:0.000848s ]
[2024-05-23T11:01:36+08:00][sql] SHOW FULL COLUMNS FROM `jm_category` [ RunTime:0.002771s ]
[2024-05-23T11:01:36+08:00][sql] SELECT * FROM `jm_category` WHERE  `id` = 79 LIMIT 1 [ RunTime:0.000612s ]
[2024-05-23T11:01:36+08:00][sql] SELECT * FROM `jm_category` WHERE  `id` = 74 LIMIT 1 [ RunTime:0.000669s ]
[2024-05-23T11:01:36+08:00][sql] SHOW FULL COLUMNS FROM `jm_ad_index` [ RunTime:0.002175s ]
[2024-05-23T11:01:36+08:00][sql] SELECT * FROM `jm_ad_index` WHERE  `g_id` = 74 LIMIT 1 [ RunTime:0.000551s ]
[2024-05-23T11:01:36+08:00][sql] SELECT * FROM `jm_category` WHERE  `pid` = 74 [ RunTime:0.000546s ]
[2024-05-23T11:01:36+08:00][sql] SELECT * FROM `jm_news_index` WHERE  `c_id` = 79  AND `id` > 174  AND `status` = 1 LIMIT 1 [ RunTime:0.000601s ]
[2024-05-23T11:01:36+08:00][sql] SELECT * FROM `jm_news_index` WHERE  `c_id` = 79  AND `id` < 174  AND `status` = 1 LIMIT 1 [ RunTime:0.000678s ]
[2024-05-23T11:01:40+08:00][sql] CONNECT:[ UseTime:0.000735s ] mysql:host=127.0.0.1;port=3306;dbname=www_fsqf_com;charset=utf8
[2024-05-23T11:01:40+08:00][sql] SHOW FULL COLUMNS FROM `jm_nav` [ RunTime:0.003382s ]
[2024-05-23T11:01:40+08:00][sql] SELECT * FROM `jm_nav` ORDER BY `sort` ASC [ RunTime:0.000415s ]
[2024-05-23T11:01:40+08:00][sql] SHOW FULL COLUMNS FROM `jm_browse_index` [ RunTime:0.001406s ]
[2024-05-23T11:01:40+08:00][sql] SHOW FULL COLUMNS FROM `jm_news_index` [ RunTime:0.001550s ]
[2024-05-23T11:01:40+08:00][sql] SELECT `c_id` FROM `jm_news_index` WHERE  `id` = 175 LIMIT 1 [ RunTime:0.000454s ]
[2024-05-23T11:01:40+08:00][sql] SELECT * FROM `jm_browse_index` WHERE  `ip` = '220.175.48.134' ORDER BY `id` DESC LIMIT 1 [ RunTime:0.000301s ]
[2024-05-23T11:01:40+08:00][sql] INSERT INTO `jm_browse_index` SET `cid` = 79 , `url` = '/show/175.html' , `ip` = '220.175.48.134' , `mark` = '33c9c56aeeb2bf3730da0e13b37c0b0e' , `user_agent` = 'python-requests/2.28.2' , `create_time` = '2024-05-23 11:01:40.082639' [ RunTime:0.000341s ]
[2024-05-23T11:01:40+08:00][sql] SELECT * FROM `jm_news_index` WHERE  `id` = 175 LIMIT 1 [ RunTime:0.000619s ]
[2024-05-23T11:01:40+08:00][sql] SHOW FULL COLUMNS FROM `jm_category` [ RunTime:0.001973s ]
[2024-05-23T11:01:40+08:00][sql] SELECT * FROM `jm_category` WHERE  `id` = 79 LIMIT 1 [ RunTime:0.000570s ]
[2024-05-23T11:01:40+08:00][sql] SELECT * FROM `jm_category` WHERE  `id` = 74 LIMIT 1 [ RunTime:0.000492s ]
[2024-05-23T11:01:40+08:00][sql] SHOW FULL COLUMNS FROM `jm_ad_index` [ RunTime:0.002297s ]
[2024-05-23T11:01:40+08:00][sql] SELECT * FROM `jm_ad_index` WHERE  `g_id` = 74 LIMIT 1 [ RunTime:0.000506s ]
[2024-05-23T11:01:40+08:00][sql] SELECT * FROM `jm_category` WHERE  `pid` = 74 [ RunTime:0.000513s ]
[2024-05-23T11:01:40+08:00][sql] SELECT * FROM `jm_news_index` WHERE  `c_id` = 79  AND `id` > 175  AND `status` = 1 LIMIT 1 [ RunTime:0.000623s ]
[2024-05-23T11:01:40+08:00][sql] SELECT * FROM `jm_news_index` WHERE  `c_id` = 79  AND `id` < 175  AND `status` = 1 LIMIT 1 [ RunTime:0.000665s ]
[2024-05-23T12:53:31+08:00][sql] CONNECT:[ UseTime:0.001546s ] mysql:host=127.0.0.1;port=3306;dbname=www_fsqf_com;charset=utf8
[2024-05-23T12:53:31+08:00][sql] SHOW FULL COLUMNS FROM `jm_nav` [ RunTime:0.006040s ]
[2024-05-23T12:53:31+08:00][sql] SELECT * FROM `jm_nav` ORDER BY `sort` ASC [ RunTime:0.002119s ]
[2024-05-23T12:53:31+08:00][sql] SHOW FULL COLUMNS FROM `jm_browse_index` [ RunTime:0.002830s ]
[2024-05-23T12:53:31+08:00][sql] SELECT * FROM `jm_browse_index` WHERE  `ip` = '60.188.11.26' ORDER BY `id` DESC LIMIT 1 [ RunTime:0.006804s ]
[2024-05-23T12:53:31+08:00][sql] INSERT INTO `jm_browse_index` SET `cid` = 0 , `url` = '/page/2.html' , `ip` = '60.188.11.26' , `mark` = '826fd2e332a5d485fb93a2300fedd40d' , `user_agent` = 'Mozilla/5.0 (Windows NT 6.1; Win64; x64) AppleWebKit/537.36 (KHTML, like Gecko) Chrome/69.0.3497.81 YisouSpider/5.0 Safari/537.36' , `create_time` = '2024-05-23 12:53:31.542992' [ RunTime:0.002578s ]
[2024-05-23T12:53:31+08:00][sql] SHOW FULL COLUMNS FROM `jm_page_index` [ RunTime:0.004862s ]
[2024-05-23T12:53:31+08:00][sql] SELECT * FROM `jm_page_index` WHERE  `id` = 2 LIMIT 1 [ RunTime:0.001402s ]
[2024-05-23T12:53:31+08:00][sql] SHOW FULL COLUMNS FROM `jm_category` [ RunTime:0.003345s ]
[2024-05-23T12:53:31+08:00][sql] SELECT * FROM `jm_category` WHERE  `id` = 75 LIMIT 1 [ RunTime:0.001109s ]
[2024-05-23T12:53:31+08:00][sql] SELECT * FROM `jm_category` WHERE  `id` = 0 LIMIT 1 [ RunTime:0.000476s ]
[2024-05-23T12:53:31+08:00][sql] SHOW FULL COLUMNS FROM `jm_ad_index` [ RunTime:0.002714s ]
[2024-05-23T12:53:31+08:00][sql] SELECT * FROM `jm_ad_index` WHERE  `g_id` = 75 LIMIT 1 [ RunTime:0.001164s ]
[2024-05-23T12:53:31+08:00][sql] SELECT `id` FROM `jm_page_index` WHERE  `c_id` = 75 LIMIT 1 [ RunTime:0.000442s ]
[2024-05-23T12:53:31+08:00][sql] SELECT * FROM `jm_category` WHERE  `pid` = 75 [ RunTime:0.000409s ]
[2024-05-23T12:53:31+08:00][sql] SELECT * FROM `jm_page_index` WHERE  `c_id` = 76 ORDER BY `sort` ASC [ RunTime:0.000355s ]
[2024-05-23T16:39:59+08:00][sql] CONNECT:[ UseTime:0.001086s ] mysql:host=127.0.0.1;port=3306;dbname=www_fsqf_com;charset=utf8
[2024-05-23T16:39:59+08:00][sql] SHOW FULL COLUMNS FROM `jm_nav` [ RunTime:0.002560s ]
[2024-05-23T16:39:59+08:00][sql] SELECT * FROM `jm_nav` ORDER BY `sort` ASC [ RunTime:0.001204s ]
[2024-05-23T16:39:59+08:00][sql] SHOW FULL COLUMNS FROM `jm_browse_index` [ RunTime:0.002147s ]
[2024-05-23T16:39:59+08:00][sql] SELECT * FROM `jm_browse_index` WHERE  `ip` = '112.13.112.147' ORDER BY `id` DESC LIMIT 1 [ RunTime:0.005387s ]
[2024-05-23T16:39:59+08:00][sql] INSERT INTO `jm_browse_index` SET `cid` = 74 , `url` = '/list/74.html?page=1' , `ip` = '112.13.112.147' , `mark` = 'f578203a095ac87b5f999ed71b9b1268' , `user_agent` = 'Mozilla/5.0 (Windows NT 6.1; Win64; x64) AppleWebKit/537.36 (KHTML, like Gecko) Chrome/69.0.3497.81 YisouSpider/5.0 Safari/537.36' , `create_time` = '2024-05-23 16:39:58.819203' [ RunTime:0.023472s ]
[2024-05-23T16:39:59+08:00][sql] SHOW FULL COLUMNS FROM `jm_category` [ RunTime:0.003137s ]
[2024-05-23T16:39:59+08:00][sql] SELECT `pid` FROM `jm_category` WHERE  `id` = 74 LIMIT 1 [ RunTime:0.001457s ]
[2024-05-23T16:39:59+08:00][sql] SELECT `id` FROM `jm_category` WHERE  `pid` = 74 [ RunTime:0.000694s ]
[2024-05-23T16:39:59+08:00][sql] SHOW FULL COLUMNS FROM `jm_news_index` [ RunTime:0.003351s ]
[2024-05-23T16:39:59+08:00][sql] SELECT COUNT(*) AS think_count FROM `jm_news_index` WHERE  `status` = 1  AND `c_id` IN (77,78,79) LIMIT 1 [ RunTime:0.054132s ]
[2024-05-23T16:39:59+08:00][sql] SELECT * FROM `jm_news_index` WHERE  `status` = 1  AND `c_id` IN (77,78,79) ORDER BY `create_time` DESC LIMIT 0,5 [ RunTime:0.001964s ]
[2024-05-23T16:39:59+08:00][sql] SELECT * FROM `jm_category` WHERE  `id` = 74 LIMIT 1 [ RunTime:0.001051s ]
[2024-05-23T16:39:59+08:00][sql] SELECT * FROM `jm_category` WHERE  `id` = 0 LIMIT 1 [ RunTime:0.000532s ]
[2024-05-23T16:39:59+08:00][sql] SHOW FULL COLUMNS FROM `jm_ad_index` [ RunTime:0.002438s ]
[2024-05-23T16:39:59+08:00][sql] SELECT * FROM `jm_ad_index` WHERE  `g_id` = 74 LIMIT 1 [ RunTime:0.000740s ]
[2024-05-23T16:39:59+08:00][sql] SELECT * FROM `jm_category` WHERE  `pid` = 74 ORDER BY `sort` ASC [ RunTime:0.000332s ]
[2024-05-23T19:28:28+08:00][sql] CONNECT:[ UseTime:0.001569s ] mysql:host=127.0.0.1;port=3306;dbname=www_fsqf_com;charset=utf8
[2024-05-23T19:28:28+08:00][sql] SHOW FULL COLUMNS FROM `jm_nav` [ RunTime:0.004628s ]
[2024-05-23T19:28:28+08:00][sql] SELECT * FROM `jm_nav` ORDER BY `sort` ASC [ RunTime:0.001649s ]
[2024-05-23T19:28:28+08:00][sql] SHOW FULL COLUMNS FROM `jm_browse_index` [ RunTime:0.003335s ]
[2024-05-23T19:28:28+08:00][error] [8]: 1
[2024-05-23T19:49:23+08:00][sql] CONNECT:[ UseTime:0.001845s ] mysql:host=127.0.0.1;port=3306;dbname=www_fsqf_com;charset=utf8
[2024-05-23T19:49:23+08:00][sql] SHOW FULL COLUMNS FROM `jm_nav` [ RunTime:0.003804s ]
[2024-05-23T19:49:23+08:00][sql] SELECT * FROM `jm_nav` ORDER BY `sort` ASC [ RunTime:0.805690s ]
[2024-05-23T19:49:23+08:00][sql] SHOW FULL COLUMNS FROM `jm_browse_index` [ RunTime:0.003982s ]
[2024-05-23T19:49:23+08:00][sql] SHOW FULL COLUMNS FROM `jm_news_index` [ RunTime:0.004762s ]
[2024-05-23T19:49:23+08:00][sql] SELECT `c_id` FROM `jm_news_index` WHERE  `id` = 166 LIMIT 1 [ RunTime:0.449046s ]
[2024-05-23T19:49:23+08:00][sql] SELECT * FROM `jm_browse_index` WHERE  `ip` = '220.175.48.134' ORDER BY `id` DESC LIMIT 1 [ RunTime:0.001840s ]
[2024-05-23T19:49:23+08:00][sql] INSERT INTO `jm_browse_index` SET `cid` = 77 , `url` = '/show/166.html' , `ip` = '220.175.48.134' , `mark` = 'b8769ff9328227f7d6c93805c7ce115c' , `user_agent` = 'python-requests/2.28.2' , `create_time` = '2024-05-23 19:49:22.234528' [ RunTime:0.622784s ]
[2024-05-23T19:49:23+08:00][sql] SELECT * FROM `jm_news_index` WHERE  `id` = 166 LIMIT 1 [ RunTime:0.001272s ]
[2024-05-23T19:49:23+08:00][sql] SHOW FULL COLUMNS FROM `jm_category` [ RunTime:0.002642s ]
[2024-05-23T19:49:23+08:00][sql] SELECT * FROM `jm_category` WHERE  `id` = 77 LIMIT 1 [ RunTime:0.000959s ]
[2024-05-23T19:49:23+08:00][sql] SELECT * FROM `jm_category` WHERE  `id` = 74 LIMIT 1 [ RunTime:0.000508s ]
[2024-05-23T19:49:23+08:00][sql] SHOW FULL COLUMNS FROM `jm_ad_index` [ RunTime:0.001920s ]
[2024-05-23T19:49:23+08:00][sql] SELECT * FROM `jm_ad_index` WHERE  `g_id` = 74 LIMIT 1 [ RunTime:0.000727s ]
[2024-05-23T19:49:23+08:00][sql] SELECT * FROM `jm_category` WHERE  `pid` = 74 [ RunTime:0.000392s ]
[2024-05-23T19:49:23+08:00][sql] SELECT * FROM `jm_news_index` WHERE  `c_id` = 77  AND `id` > 166  AND `status` = 1 LIMIT 1 [ RunTime:0.000591s ]
[2024-05-23T19:49:23+08:00][sql] SELECT * FROM `jm_news_index` WHERE  `c_id` = 77  AND `id` < 166  AND `status` = 1 LIMIT 1 [ RunTime:0.000593s ]
[2024-05-23T19:49:25+08:00][sql] CONNECT:[ UseTime:0.001178s ] mysql:host=127.0.0.1;port=3306;dbname=www_fsqf_com;charset=utf8
[2024-05-23T19:49:25+08:00][sql] SHOW FULL COLUMNS FROM `jm_nav` [ RunTime:0.003338s ]
[2024-05-23T19:49:25+08:00][sql] SELECT * FROM `jm_nav` ORDER BY `sort` ASC [ RunTime:0.000884s ]
[2024-05-23T19:49:25+08:00][sql] SHOW FULL COLUMNS FROM `jm_browse_index` [ RunTime:0.002393s ]
[2024-05-23T19:49:25+08:00][sql] SHOW FULL COLUMNS FROM `jm_news_index` [ RunTime:0.001682s ]
[2024-05-23T19:49:25+08:00][sql] SELECT `c_id` FROM `jm_news_index` WHERE  `id` = 167 LIMIT 1 [ RunTime:0.000502s ]
[2024-05-23T19:49:25+08:00][sql] SELECT * FROM `jm_browse_index` WHERE  `ip` = '220.175.48.134' ORDER BY `id` DESC LIMIT 1 [ RunTime:0.000499s ]
[2024-05-23T19:49:25+08:00][sql] INSERT INTO `jm_browse_index` SET `cid` = 77 , `url` = '/show/167.html' , `ip` = '220.175.48.134' , `mark` = '80d595bb78705e3fb5b44cb409dea011' , `user_agent` = 'python-requests/2.28.2' , `create_time` = '2024-05-23 19:49:25.575449' [ RunTime:0.000370s ]
[2024-05-23T19:49:25+08:00][sql] SELECT * FROM `jm_news_index` WHERE  `id` = 167 LIMIT 1 [ RunTime:0.000605s ]
[2024-05-23T19:49:25+08:00][sql] SHOW FULL COLUMNS FROM `jm_category` [ RunTime:0.003493s ]
[2024-05-23T19:49:25+08:00][sql] SELECT * FROM `jm_category` WHERE  `id` = 77 LIMIT 1 [ RunTime:0.000656s ]
[2024-05-23T19:49:25+08:00][sql] SELECT * FROM `jm_category` WHERE  `id` = 74 LIMIT 1 [ RunTime:0.000357s ]
[2024-05-23T19:49:25+08:00][sql] SHOW FULL COLUMNS FROM `jm_ad_index` [ RunTime:0.001825s ]
[2024-05-23T19:49:25+08:00][sql] SELECT * FROM `jm_ad_index` WHERE  `g_id` = 74 LIMIT 1 [ RunTime:0.000836s ]
[2024-05-23T19:49:25+08:00][sql] SELECT * FROM `jm_category` WHERE  `pid` = 74 [ RunTime:0.000479s ]
[2024-05-23T19:49:25+08:00][sql] SELECT * FROM `jm_news_index` WHERE  `c_id` = 77  AND `id` > 167  AND `status` = 1 LIMIT 1 [ RunTime:0.000635s ]
[2024-05-23T19:49:25+08:00][sql] SELECT * FROM `jm_news_index` WHERE  `c_id` = 77  AND `id` < 167  AND `status` = 1 LIMIT 1 [ RunTime:0.000577s ]
[2024-05-23T19:49:27+08:00][sql] CONNECT:[ UseTime:0.000883s ] mysql:host=127.0.0.1;port=3306;dbname=www_fsqf_com;charset=utf8
[2024-05-23T19:49:27+08:00][sql] SHOW FULL COLUMNS FROM `jm_nav` [ RunTime:0.002354s ]
[2024-05-23T19:49:27+08:00][sql] SELECT * FROM `jm_nav` ORDER BY `sort` ASC [ RunTime:0.000703s ]
[2024-05-23T19:49:27+08:00][sql] SHOW FULL COLUMNS FROM `jm_browse_index` [ RunTime:0.001736s ]
[2024-05-23T19:49:27+08:00][sql] SHOW FULL COLUMNS FROM `jm_news_index` [ RunTime:0.001800s ]
[2024-05-23T19:49:27+08:00][sql] SELECT `c_id` FROM `jm_news_index` WHERE  `id` = 168 LIMIT 1 [ RunTime:0.000561s ]
[2024-05-23T19:49:27+08:00][sql] SELECT * FROM `jm_browse_index` WHERE  `ip` = '220.175.48.134' ORDER BY `id` DESC LIMIT 1 [ RunTime:0.000517s ]
[2024-05-23T19:49:27+08:00][sql] INSERT INTO `jm_browse_index` SET `cid` = 77 , `url` = '/show/168.html' , `ip` = '220.175.48.134' , `mark` = '8e544c4404dfae434aadf26936d1d2ec' , `user_agent` = 'python-requests/2.28.2' , `create_time` = '2024-05-23 19:49:27.841950' [ RunTime:0.000392s ]
[2024-05-23T19:49:27+08:00][sql] SELECT * FROM `jm_news_index` WHERE  `id` = 168 LIMIT 1 [ RunTime:0.000527s ]
[2024-05-23T19:49:27+08:00][sql] SHOW FULL COLUMNS FROM `jm_category` [ RunTime:0.002654s ]
[2024-05-23T19:49:27+08:00][sql] SELECT * FROM `jm_category` WHERE  `id` = 77 LIMIT 1 [ RunTime:0.000955s ]
[2024-05-23T19:49:27+08:00][sql] SELECT * FROM `jm_category` WHERE  `id` = 74 LIMIT 1 [ RunTime:0.000633s ]
[2024-05-23T19:49:27+08:00][sql] SHOW FULL COLUMNS FROM `jm_ad_index` [ RunTime:0.002220s ]
[2024-05-23T19:49:27+08:00][sql] SELECT * FROM `jm_ad_index` WHERE  `g_id` = 74 LIMIT 1 [ RunTime:0.000767s ]
[2024-05-23T19:49:27+08:00][sql] SELECT * FROM `jm_category` WHERE  `pid` = 74 [ RunTime:0.000504s ]
[2024-05-23T19:49:27+08:00][sql] SELECT * FROM `jm_news_index` WHERE  `c_id` = 77  AND `id` > 168  AND `status` = 1 LIMIT 1 [ RunTime:0.000571s ]
[2024-05-23T19:49:27+08:00][sql] SELECT * FROM `jm_news_index` WHERE  `c_id` = 77  AND `id` < 168  AND `status` = 1 LIMIT 1 [ RunTime:0.000468s ]
[2024-05-23T19:49:30+08:00][sql] CONNECT:[ UseTime:0.000764s ] mysql:host=127.0.0.1;port=3306;dbname=www_fsqf_com;charset=utf8
[2024-05-23T19:49:30+08:00][sql] SHOW FULL COLUMNS FROM `jm_nav` [ RunTime:0.002147s ]
[2024-05-23T19:49:30+08:00][sql] SELECT * FROM `jm_nav` ORDER BY `sort` ASC [ RunTime:0.000533s ]
[2024-05-23T19:49:30+08:00][sql] SHOW FULL COLUMNS FROM `jm_browse_index` [ RunTime:0.001363s ]
[2024-05-23T19:49:30+08:00][sql] SHOW FULL COLUMNS FROM `jm_news_index` [ RunTime:0.002018s ]
[2024-05-23T19:49:30+08:00][sql] SELECT `c_id` FROM `jm_news_index` WHERE  `id` = 169 LIMIT 1 [ RunTime:0.000568s ]
[2024-05-23T19:49:30+08:00][sql] SELECT * FROM `jm_browse_index` WHERE  `ip` = '220.175.48.134' ORDER BY `id` DESC LIMIT 1 [ RunTime:0.000520s ]
[2024-05-23T19:49:30+08:00][sql] INSERT INTO `jm_browse_index` SET `cid` = 77 , `url` = '/show/169.html' , `ip` = '220.175.48.134' , `mark` = 'bd2bd2cb31f81182534a4b02e1013b50' , `user_agent` = 'python-requests/2.28.2' , `create_time` = '2024-05-23 19:49:30.762660' [ RunTime:0.000417s ]
[2024-05-23T19:49:30+08:00][sql] SELECT * FROM `jm_news_index` WHERE  `id` = 169 LIMIT 1 [ RunTime:0.000822s ]
[2024-05-23T19:49:30+08:00][sql] SHOW FULL COLUMNS FROM `jm_category` [ RunTime:0.002450s ]
[2024-05-23T19:49:30+08:00][sql] SELECT * FROM `jm_category` WHERE  `id` = 77 LIMIT 1 [ RunTime:0.000844s ]
[2024-05-23T19:49:30+08:00][sql] SELECT * FROM `jm_category` WHERE  `id` = 74 LIMIT 1 [ RunTime:0.000568s ]
[2024-05-23T19:49:30+08:00][sql] SHOW FULL COLUMNS FROM `jm_ad_index` [ RunTime:0.002396s ]
[2024-05-23T19:49:30+08:00][sql] SELECT * FROM `jm_ad_index` WHERE  `g_id` = 74 LIMIT 1 [ RunTime:0.000954s ]
[2024-05-23T19:49:30+08:00][sql] SELECT * FROM `jm_category` WHERE  `pid` = 74 [ RunTime:0.000560s ]
[2024-05-23T19:49:30+08:00][sql] SELECT * FROM `jm_news_index` WHERE  `c_id` = 77  AND `id` > 169  AND `status` = 1 LIMIT 1 [ RunTime:0.000795s ]
[2024-05-23T19:49:30+08:00][sql] SELECT * FROM `jm_news_index` WHERE  `c_id` = 77  AND `id` < 169  AND `status` = 1 LIMIT 1 [ RunTime:0.001024s ]
[2024-05-23T19:49:33+08:00][sql] CONNECT:[ UseTime:0.000846s ] mysql:host=127.0.0.1;port=3306;dbname=www_fsqf_com;charset=utf8
[2024-05-23T19:49:33+08:00][sql] SHOW FULL COLUMNS FROM `jm_nav` [ RunTime:0.001941s ]
[2024-05-23T19:49:33+08:00][sql] SELECT * FROM `jm_nav` ORDER BY `sort` ASC [ RunTime:0.000555s ]
[2024-05-23T19:49:33+08:00][sql] SHOW FULL COLUMNS FROM `jm_browse_index` [ RunTime:0.001329s ]
[2024-05-23T19:49:33+08:00][sql] SHOW FULL COLUMNS FROM `jm_news_index` [ RunTime:0.001864s ]
[2024-05-23T19:49:33+08:00][sql] SELECT `c_id` FROM `jm_news_index` WHERE  `id` = 170 LIMIT 1 [ RunTime:0.000741s ]
[2024-05-23T19:49:33+08:00][sql] SELECT * FROM `jm_browse_index` WHERE  `ip` = '220.175.48.134' ORDER BY `id` DESC LIMIT 1 [ RunTime:0.000650s ]
[2024-05-23T19:49:33+08:00][sql] INSERT INTO `jm_browse_index` SET `cid` = 77 , `url` = '/show/170.html' , `ip` = '220.175.48.134' , `mark` = '8298df4398000efb4f229c861caf319f' , `user_agent` = 'python-requests/2.28.2' , `create_time` = '2024-05-23 19:49:33.008944' [ RunTime:0.000514s ]
[2024-05-23T19:49:33+08:00][sql] SELECT * FROM `jm_news_index` WHERE  `id` = 170 LIMIT 1 [ RunTime:0.000591s ]
[2024-05-23T19:49:33+08:00][sql] SHOW FULL COLUMNS FROM `jm_category` [ RunTime:0.002161s ]
[2024-05-23T19:49:33+08:00][sql] SELECT * FROM `jm_category` WHERE  `id` = 77 LIMIT 1 [ RunTime:0.000724s ]
[2024-05-23T19:49:33+08:00][sql] SELECT * FROM `jm_category` WHERE  `id` = 74 LIMIT 1 [ RunTime:0.000405s ]
[2024-05-23T19:49:33+08:00][sql] SHOW FULL COLUMNS FROM `jm_ad_index` [ RunTime:0.001963s ]
[2024-05-23T19:49:33+08:00][sql] SELECT * FROM `jm_ad_index` WHERE  `g_id` = 74 LIMIT 1 [ RunTime:0.000745s ]
[2024-05-23T19:49:33+08:00][sql] SELECT * FROM `jm_category` WHERE  `pid` = 74 [ RunTime:0.000478s ]
[2024-05-23T19:49:33+08:00][sql] SELECT * FROM `jm_news_index` WHERE  `c_id` = 77  AND `id` > 170  AND `status` = 1 LIMIT 1 [ RunTime:0.000776s ]
[2024-05-23T19:49:33+08:00][sql] SELECT * FROM `jm_news_index` WHERE  `c_id` = 77  AND `id` < 170  AND `status` = 1 LIMIT 1 [ RunTime:0.000605s ]
[2024-05-23T19:49:36+08:00][sql] CONNECT:[ UseTime:0.001350s ] mysql:host=127.0.0.1;port=3306;dbname=www_fsqf_com;charset=utf8
[2024-05-23T19:49:36+08:00][sql] SHOW FULL COLUMNS FROM `jm_nav` [ RunTime:0.003984s ]
[2024-05-23T19:49:36+08:00][sql] SELECT * FROM `jm_nav` ORDER BY `sort` ASC [ RunTime:0.001174s ]
[2024-05-23T19:49:36+08:00][sql] SHOW FULL COLUMNS FROM `jm_browse_index` [ RunTime:0.002457s ]
[2024-05-23T19:49:36+08:00][sql] SELECT * FROM `jm_browse_index` WHERE  `ip` = '220.175.48.134' ORDER BY `id` DESC LIMIT 1 [ RunTime:0.000561s ]
[2024-05-23T19:49:36+08:00][sql] INSERT INTO `jm_browse_index` SET `cid` = 74 , `url` = '/list/74.html?page=2' , `ip` = '220.175.48.134' , `mark` = '252ff5c5b8bf13ddc5655813321bcd2e' , `user_agent` = 'python-requests/2.28.2' , `create_time` = '2024-05-23 19:49:36.450376' [ RunTime:0.000345s ]
[2024-05-23T19:49:36+08:00][sql] SHOW FULL COLUMNS FROM `jm_category` [ RunTime:0.001987s ]
[2024-05-23T19:49:36+08:00][sql] SELECT `pid` FROM `jm_category` WHERE  `id` = 74 LIMIT 1 [ RunTime:0.000800s ]
[2024-05-23T19:49:36+08:00][sql] SELECT `id` FROM `jm_category` WHERE  `pid` = 74 [ RunTime:0.000650s ]
[2024-05-23T19:49:36+08:00][sql] SHOW FULL COLUMNS FROM `jm_news_index` [ RunTime:0.002333s ]
[2024-05-23T19:49:36+08:00][sql] SELECT COUNT(*) AS think_count FROM `jm_news_index` WHERE  `status` = 1  AND `c_id` IN (77,78,79) LIMIT 1 [ RunTime:0.001038s ]
[2024-05-23T19:49:36+08:00][sql] SELECT * FROM `jm_news_index` WHERE  `status` = 1  AND `c_id` IN (77,78,79) ORDER BY `create_time` DESC LIMIT 5,5 [ RunTime:0.001160s ]
[2024-05-23T19:49:36+08:00][sql] SELECT * FROM `jm_category` WHERE  `id` = 74 LIMIT 1 [ RunTime:0.000627s ]
[2024-05-23T19:49:36+08:00][sql] SELECT * FROM `jm_category` WHERE  `id` = 0 LIMIT 1 [ RunTime:0.000467s ]
[2024-05-23T19:49:36+08:00][sql] SHOW FULL COLUMNS FROM `jm_ad_index` [ RunTime:0.001987s ]
[2024-05-23T19:49:36+08:00][sql] SELECT * FROM `jm_ad_index` WHERE  `g_id` = 74 LIMIT 1 [ RunTime:0.000698s ]
[2024-05-23T19:49:36+08:00][sql] SELECT * FROM `jm_category` WHERE  `pid` = 74 ORDER BY `sort` ASC [ RunTime:0.000515s ]
[2024-05-23T19:49:38+08:00][sql] CONNECT:[ UseTime:0.001441s ] mysql:host=127.0.0.1;port=3306;dbname=www_fsqf_com;charset=utf8
[2024-05-23T19:49:38+08:00][sql] SHOW FULL COLUMNS FROM `jm_nav` [ RunTime:0.004094s ]
[2024-05-23T19:49:38+08:00][sql] SELECT * FROM `jm_nav` ORDER BY `sort` ASC [ RunTime:0.001071s ]
[2024-05-23T19:49:38+08:00][sql] SHOW FULL COLUMNS FROM `jm_browse_index` [ RunTime:0.002278s ]
[2024-05-23T19:49:38+08:00][sql] SELECT * FROM `jm_browse_index` WHERE  `ip` = '220.175.48.134' ORDER BY `id` DESC LIMIT 1 [ RunTime:0.000651s ]
[2024-05-23T19:49:38+08:00][sql] INSERT INTO `jm_browse_index` SET `cid` = 74 , `url` = '/list/74.html?page=3' , `ip` = '220.175.48.134' , `mark` = 'fb29fd793da82c861b4048159f6a726a' , `user_agent` = 'python-requests/2.28.2' , `create_time` = '2024-05-23 19:49:38.708938' [ RunTime:0.000502s ]
[2024-05-23T19:49:38+08:00][sql] SHOW FULL COLUMNS FROM `jm_category` [ RunTime:0.003915s ]
[2024-05-23T19:49:38+08:00][sql] SELECT `pid` FROM `jm_category` WHERE  `id` = 74 LIMIT 1 [ RunTime:0.001100s ]
[2024-05-23T19:49:38+08:00][sql] SELECT `id` FROM `jm_category` WHERE  `pid` = 74 [ RunTime:0.000805s ]
[2024-05-23T19:49:38+08:00][sql] SHOW FULL COLUMNS FROM `jm_news_index` [ RunTime:0.004034s ]
[2024-05-23T19:49:38+08:00][sql] SELECT COUNT(*) AS think_count FROM `jm_news_index` WHERE  `status` = 1  AND `c_id` IN (77,78,79) LIMIT 1 [ RunTime:0.001799s ]
[2024-05-23T19:49:38+08:00][sql] SELECT * FROM `jm_news_index` WHERE  `status` = 1  AND `c_id` IN (77,78,79) ORDER BY `create_time` DESC LIMIT 10,5 [ RunTime:0.001448s ]
[2024-05-23T19:49:38+08:00][sql] SELECT * FROM `jm_category` WHERE  `id` = 74 LIMIT 1 [ RunTime:0.000669s ]
[2024-05-23T19:49:38+08:00][sql] SELECT * FROM `jm_category` WHERE  `id` = 0 LIMIT 1 [ RunTime:0.000518s ]
[2024-05-23T19:49:38+08:00][sql] SHOW FULL COLUMNS FROM `jm_ad_index` [ RunTime:0.003356s ]
[2024-05-23T19:49:38+08:00][sql] SELECT * FROM `jm_ad_index` WHERE  `g_id` = 74 LIMIT 1 [ RunTime:0.000658s ]
[2024-05-23T19:49:38+08:00][sql] SELECT * FROM `jm_category` WHERE  `pid` = 74 ORDER BY `sort` ASC [ RunTime:0.000411s ]
[2024-05-23T20:25:21+08:00][sql] CONNECT:[ UseTime:0.001061s ] mysql:host=127.0.0.1;port=3306;dbname=www_fsqf_com;charset=utf8
[2024-05-23T20:25:21+08:00][sql] SHOW FULL COLUMNS FROM `jm_nav` [ RunTime:0.002684s ]
[2024-05-23T20:25:21+08:00][sql] SELECT * FROM `jm_nav` ORDER BY `sort` ASC [ RunTime:0.000869s ]
[2024-05-23T20:25:21+08:00][sql] SHOW FULL COLUMNS FROM `jm_browse_index` [ RunTime:0.002013s ]
[2024-05-23T20:25:21+08:00][sql] SELECT * FROM `jm_browse_index` WHERE  `ip` = '35.93.210.80' ORDER BY `id` DESC LIMIT 1 [ RunTime:0.008904s ]
[2024-05-23T20:25:21+08:00][sql] INSERT INTO `jm_browse_index` SET `cid` = 0 , `url` = '/' , `ip` = '35.93.210.80' , `mark` = '4a7cbfb075f50ce8fc1c8e7e196a40a3' , `user_agent` = 'Mozilla/5.0 (X11; Linux x86_64) AppleWebKit/537.36 (KHTML, like Gecko) Chrome/83.0.4103.97 Safari/537.36' , `create_time` = '2024-05-23 20:25:21.775958' [ RunTime:0.000685s ]
[2024-05-23T20:25:21+08:00][sql] SHOW FULL COLUMNS FROM `jm_news_index` [ RunTime:0.004776s ]
[2024-05-23T20:25:21+08:00][sql] SELECT * FROM `jm_news_index` WHERE  `c_id` = 78  AND `status` = 1 ORDER BY `create_time` DESC LIMIT 5 [ RunTime:0.002229s ]
[2024-05-23T20:25:21+08:00][sql] SELECT * FROM `jm_news_index` WHERE  `c_id` = 79  AND `status` = 1 ORDER BY `create_time` DESC LIMIT 5 [ RunTime:0.001401s ]
[2024-05-23T20:25:21+08:00][sql] SELECT * FROM `jm_news_index` WHERE  `c_id` = 77  AND `status` = 1 ORDER BY `create_time` DESC LIMIT 5 [ RunTime:0.001051s ]
