[2024-04-04T01:16:26+08:00][sql] CONNECT:[ UseTime:0.001685s ] mysql:host=127.0.0.1;port=3306;dbname=www_fsqf_com;charset=utf8
[2024-04-04T01:16:26+08:00][sql] SHOW FULL COLUMNS FROM `jm_nav` [ RunTime:0.003624s ]
[2024-04-04T01:16:26+08:00][sql] SELECT * FROM `jm_nav` ORDER BY `sort` ASC [ RunTime:0.001201s ]
[2024-04-04T01:16:26+08:00][sql] SHOW FULL COLUMNS FROM `jm_browse_index` [ RunTime:0.002753s ]
[2024-04-04T01:16:26+08:00][sql] SHOW FULL COLUMNS FROM `jm_news_index` [ RunTime:0.001370s ]
[2024-04-04T01:16:26+08:00][sql] SELECT `c_id` FROM `jm_news_index` WHERE  `id` = 166 LIMIT 1 [ RunTime:0.000514s ]
[2024-04-04T01:16:26+08:00][sql] SELECT * FROM `jm_browse_index` WHERE  `ip` = '112.13.112.31' ORDER BY `id` DESC LIMIT 1 [ RunTime:0.001228s ]
[2024-04-04T01:16:26+08:00][sql] INSERT INTO `jm_browse_index` SET `cid` = 77 , `url` = '/show/166.html' , `ip` = '112.13.112.31' , `mark` = '7e5ca168d6955ab8f3d9a739d181e67b' , `user_agent` = 'Mozilla/5.0 (Windows NT 6.1; Win64; x64) AppleWebKit/537.36 (KHTML, like Gecko) Chrome/69.0.3497.81 YisouSpider/5.0 Safari/537.36' , `create_time` = '2024-04-04 01:16:26.835276' [ RunTime:0.000377s ]
[2024-04-04T01:16:26+08:00][sql] SELECT * FROM `jm_news_index` WHERE  `id` = 166 LIMIT 1 [ RunTime:0.000857s ]
[2024-04-04T01:16:26+08:00][sql] SHOW FULL COLUMNS FROM `jm_category` [ RunTime:0.001893s ]
[2024-04-04T01:16:26+08:00][sql] SELECT * FROM `jm_category` WHERE  `id` = 77 LIMIT 1 [ RunTime:0.000741s ]
[2024-04-04T01:16:26+08:00][sql] SELECT * FROM `jm_category` WHERE  `id` = 74 LIMIT 1 [ RunTime:0.000342s ]
[2024-04-04T01:16:26+08:00][sql] SHOW FULL COLUMNS FROM `jm_ad_index` [ RunTime:0.001636s ]
[2024-04-04T01:16:26+08:00][sql] SELECT * FROM `jm_ad_index` WHERE  `g_id` = 74 LIMIT 1 [ RunTime:0.000613s ]
[2024-04-04T01:16:26+08:00][sql] SELECT * FROM `jm_category` WHERE  `pid` = 74 [ RunTime:0.000397s ]
[2024-04-04T01:16:26+08:00][sql] SELECT * FROM `jm_news_index` WHERE  `c_id` = 77  AND `id` > 166  AND `status` = 1 LIMIT 1 [ RunTime:0.000450s ]
[2024-04-04T01:16:26+08:00][sql] SELECT * FROM `jm_news_index` WHERE  `c_id` = 77  AND `id` < 166  AND `status` = 1 LIMIT 1 [ RunTime:0.000398s ]
[2024-04-04T01:17:12+08:00][sql] CONNECT:[ UseTime:0.000624s ] mysql:host=127.0.0.1;port=3306;dbname=www_fsqf_com;charset=utf8
[2024-04-04T01:17:12+08:00][sql] SHOW FULL COLUMNS FROM `jm_nav` [ RunTime:0.003609s ]
[2024-04-04T01:17:12+08:00][sql] SELECT * FROM `jm_nav` ORDER BY `sort` ASC [ RunTime:0.000763s ]
[2024-04-04T01:17:12+08:00][sql] SHOW FULL COLUMNS FROM `jm_browse_index` [ RunTime:0.001551s ]
[2024-04-04T01:17:12+08:00][sql] SHOW FULL COLUMNS FROM `jm_news_index` [ RunTime:0.001794s ]
[2024-04-04T01:17:12+08:00][sql] SELECT `c_id` FROM `jm_news_index` WHERE  `id` = 167 LIMIT 1 [ RunTime:0.000518s ]
[2024-04-04T01:17:12+08:00][sql] SELECT * FROM `jm_browse_index` WHERE  `ip` = '101.67.49.84' ORDER BY `id` DESC LIMIT 1 [ RunTime:0.005634s ]
[2024-04-04T01:17:12+08:00][sql] INSERT INTO `jm_browse_index` SET `cid` = 77 , `url` = '/show/167.html' , `ip` = '101.67.49.84' , `mark` = 'b0cd893f6cdf354094b08513bb2c92a2' , `user_agent` = 'Mozilla/5.0 (Windows NT 6.1; Win64; x64) AppleWebKit/537.36 (KHTML, like Gecko) Chrome/69.0.3497.81 YisouSpider/5.0 Safari/537.36' , `create_time` = '2024-04-04 01:17:12.336001' [ RunTime:0.000667s ]
[2024-04-04T01:17:12+08:00][sql] SELECT * FROM `jm_news_index` WHERE  `id` = 167 LIMIT 1 [ RunTime:0.000731s ]
[2024-04-04T01:17:12+08:00][sql] SHOW FULL COLUMNS FROM `jm_category` [ RunTime:0.002820s ]
[2024-04-04T01:17:12+08:00][sql] SELECT * FROM `jm_category` WHERE  `id` = 77 LIMIT 1 [ RunTime:0.000581s ]
[2024-04-04T01:17:12+08:00][sql] SELECT * FROM `jm_category` WHERE  `id` = 74 LIMIT 1 [ RunTime:0.000503s ]
[2024-04-04T01:17:12+08:00][sql] SHOW FULL COLUMNS FROM `jm_ad_index` [ RunTime:0.002025s ]
[2024-04-04T01:17:12+08:00][sql] SELECT * FROM `jm_ad_index` WHERE  `g_id` = 74 LIMIT 1 [ RunTime:0.000694s ]
[2024-04-04T01:17:12+08:00][sql] SELECT * FROM `jm_category` WHERE  `pid` = 74 [ RunTime:0.000488s ]
[2024-04-04T01:17:12+08:00][sql] SELECT * FROM `jm_news_index` WHERE  `c_id` = 77  AND `id` > 167  AND `status` = 1 LIMIT 1 [ RunTime:0.000547s ]
[2024-04-04T01:17:12+08:00][sql] SELECT * FROM `jm_news_index` WHERE  `c_id` = 77  AND `id` < 167  AND `status` = 1 LIMIT 1 [ RunTime:0.000525s ]
[2024-04-04T01:43:35+08:00][sql] CONNECT:[ UseTime:0.002325s ] mysql:host=127.0.0.1;port=3306;dbname=www_fsqf_com;charset=utf8
[2024-04-04T01:43:35+08:00][sql] SHOW FULL COLUMNS FROM `jm_nav` [ RunTime:0.004396s ]
[2024-04-04T01:43:35+08:00][sql] SELECT * FROM `jm_nav` ORDER BY `sort` ASC [ RunTime:0.000967s ]
[2024-04-04T01:43:35+08:00][sql] SHOW FULL COLUMNS FROM `jm_browse_index` [ RunTime:0.001698s ]
[2024-04-04T01:43:35+08:00][sql] SELECT * FROM `jm_browse_index` WHERE  `ip` = '42.83.147.41' ORDER BY `id` DESC LIMIT 1 [ RunTime:0.001038s ]
[2024-04-04T01:43:35+08:00][sql] SHOW FULL COLUMNS FROM `jm_news_index` [ RunTime:0.001247s ]
[2024-04-04T01:43:35+08:00][sql] SELECT * FROM `jm_news_index` WHERE  `c_id` = 78  AND `status` = 1 ORDER BY `create_time` DESC LIMIT 5 [ RunTime:0.000533s ]
[2024-04-04T01:43:35+08:00][sql] SELECT * FROM `jm_news_index` WHERE  `c_id` = 79  AND `status` = 1 ORDER BY `create_time` DESC LIMIT 5 [ RunTime:0.000539s ]
[2024-04-04T01:43:35+08:00][sql] SELECT * FROM `jm_news_index` WHERE  `c_id` = 77  AND `status` = 1 ORDER BY `create_time` DESC LIMIT 5 [ RunTime:0.000507s ]
[2024-04-04T05:23:56+08:00][sql] CONNECT:[ UseTime:0.001082s ] mysql:host=127.0.0.1;port=3306;dbname=www_fsqf_com;charset=utf8
[2024-04-04T05:23:56+08:00][sql] SHOW FULL COLUMNS FROM `jm_nav` [ RunTime:0.001786s ]
[2024-04-04T05:23:56+08:00][sql] SELECT * FROM `jm_nav` ORDER BY `sort` ASC [ RunTime:0.000552s ]
[2024-04-04T05:23:56+08:00][sql] SHOW FULL COLUMNS FROM `jm_browse_index` [ RunTime:0.001448s ]
[2024-04-04T05:23:56+08:00][sql] SELECT * FROM `jm_browse_index` WHERE  `ip` = '93.158.127.79' ORDER BY `id` DESC LIMIT 1 [ RunTime:0.005018s ]
[2024-04-04T05:23:56+08:00][sql] INSERT INTO `jm_browse_index` SET `cid` = 0 , `url` = '/' , `ip` = '93.158.127.79' , `mark` = 'ded3362bb19a0762c0cbc56b180e210b' , `user_agent` = 'Mozilla/5.0 (iPhone; CPU iPhone OS 16_3 like Mac OS X) AppleWebKit/605.1.15 (KHTML, like Gecko) CriOS/122.0.6261.89 Mobile/15E148 Safari/604' , `create_time` = '2024-04-04 05:23:56.471544' [ RunTime:0.000487s ]
[2024-04-04T05:23:56+08:00][sql] SHOW FULL COLUMNS FROM `jm_news_index` [ RunTime:0.001564s ]
[2024-04-04T05:23:56+08:00][sql] SELECT * FROM `jm_news_index` WHERE  `c_id` = 78  AND `status` = 1 ORDER BY `create_time` DESC LIMIT 5 [ RunTime:0.000834s ]
[2024-04-04T05:23:56+08:00][sql] SELECT * FROM `jm_news_index` WHERE  `c_id` = 79  AND `status` = 1 ORDER BY `create_time` DESC LIMIT 5 [ RunTime:0.000660s ]
[2024-04-04T05:23:56+08:00][sql] SELECT * FROM `jm_news_index` WHERE  `c_id` = 77  AND `status` = 1 ORDER BY `create_time` DESC LIMIT 5 [ RunTime:0.000637s ]
[2024-04-04T05:59:08+08:00][sql] CONNECT:[ UseTime:0.000745s ] mysql:host=127.0.0.1;port=3306;dbname=www_fsqf_com;charset=utf8
[2024-04-04T05:59:08+08:00][sql] SHOW FULL COLUMNS FROM `jm_nav` [ RunTime:0.002062s ]
[2024-04-04T05:59:08+08:00][sql] SELECT * FROM `jm_nav` ORDER BY `sort` ASC [ RunTime:0.000709s ]
[2024-04-04T05:59:08+08:00][sql] SHOW FULL COLUMNS FROM `jm_browse_index` [ RunTime:0.001602s ]
[2024-04-04T05:59:08+08:00][sql] SELECT * FROM `jm_browse_index` WHERE  `ip` = '120.24.250.155' ORDER BY `id` DESC LIMIT 1 [ RunTime:0.000927s ]
[2024-04-04T05:59:08+08:00][sql] SHOW FULL COLUMNS FROM `jm_news_index` [ RunTime:0.001783s ]
[2024-04-04T05:59:08+08:00][sql] SELECT * FROM `jm_news_index` WHERE  `c_id` = 78  AND `status` = 1 ORDER BY `create_time` DESC LIMIT 5 [ RunTime:0.000761s ]
[2024-04-04T05:59:08+08:00][sql] SELECT * FROM `jm_news_index` WHERE  `c_id` = 79  AND `status` = 1 ORDER BY `create_time` DESC LIMIT 5 [ RunTime:0.000690s ]
[2024-04-04T05:59:08+08:00][sql] SELECT * FROM `jm_news_index` WHERE  `c_id` = 77  AND `status` = 1 ORDER BY `create_time` DESC LIMIT 5 [ RunTime:0.000647s ]
[2024-04-04T05:59:09+08:00][sql] CONNECT:[ UseTime:0.000766s ] mysql:host=127.0.0.1;port=3306;dbname=www_fsqf_com;charset=utf8
[2024-04-04T05:59:09+08:00][sql] SHOW FULL COLUMNS FROM `jm_nav` [ RunTime:0.001537s ]
[2024-04-04T05:59:09+08:00][sql] SELECT * FROM `jm_nav` ORDER BY `sort` ASC [ RunTime:0.000530s ]
[2024-04-04T05:59:09+08:00][sql] SHOW FULL COLUMNS FROM `jm_browse_index` [ RunTime:0.001673s ]
[2024-04-04T05:59:09+08:00][sql] SELECT * FROM `jm_browse_index` WHERE  `ip` = '120.24.250.155' ORDER BY `id` DESC LIMIT 1 [ RunTime:0.000854s ]
[2024-04-04T05:59:09+08:00][sql] SHOW FULL COLUMNS FROM `jm_news_index` [ RunTime:0.001848s ]
[2024-04-04T05:59:09+08:00][sql] SELECT * FROM `jm_news_index` WHERE  `c_id` = 78  AND `status` = 1 ORDER BY `create_time` DESC LIMIT 5 [ RunTime:0.000718s ]
[2024-04-04T05:59:09+08:00][sql] SELECT * FROM `jm_news_index` WHERE  `c_id` = 79  AND `status` = 1 ORDER BY `create_time` DESC LIMIT 5 [ RunTime:0.000722s ]
[2024-04-04T05:59:09+08:00][sql] SELECT * FROM `jm_news_index` WHERE  `c_id` = 77  AND `status` = 1 ORDER BY `create_time` DESC LIMIT 5 [ RunTime:0.000644s ]
[2024-04-04T08:57:21+08:00][sql] CONNECT:[ UseTime:0.000624s ] mysql:host=127.0.0.1;port=3306;dbname=www_fsqf_com;charset=utf8
[2024-04-04T08:57:21+08:00][sql] SHOW FULL COLUMNS FROM `jm_nav` [ RunTime:0.003193s ]
[2024-04-04T08:57:21+08:00][sql] SELECT * FROM `jm_nav` ORDER BY `sort` ASC [ RunTime:0.000827s ]
[2024-04-04T08:57:21+08:00][sql] SHOW FULL COLUMNS FROM `jm_browse_index` [ RunTime:0.001860s ]
[2024-04-04T08:57:21+08:00][sql] SHOW FULL COLUMNS FROM `jm_news_index` [ RunTime:0.002127s ]
[2024-04-04T08:57:21+08:00][sql] SELECT `c_id` FROM `jm_news_index` WHERE  `id` = 168 LIMIT 1 [ RunTime:0.000638s ]
[2024-04-04T08:57:21+08:00][sql] SELECT * FROM `jm_browse_index` WHERE  `ip` = '60.188.10.36' ORDER BY `id` DESC LIMIT 1 [ RunTime:0.003384s ]
[2024-04-04T08:57:21+08:00][sql] INSERT INTO `jm_browse_index` SET `cid` = 77 , `url` = '/show/168.html' , `ip` = '60.188.10.36' , `mark` = '2575481e24dc91dffc6b6770978b952e' , `user_agent` = 'Mozilla/5.0 (Windows NT 6.1; Win64; x64) AppleWebKit/537.36 (KHTML, like Gecko) Chrome/69.0.3497.81 YisouSpider/5.0 Safari/537.36' , `create_time` = '2024-04-04 08:57:21.853235' [ RunTime:0.000399s ]
[2024-04-04T08:57:21+08:00][sql] SELECT * FROM `jm_news_index` WHERE  `id` = 168 LIMIT 1 [ RunTime:0.000333s ]
[2024-04-04T08:57:21+08:00][sql] SHOW FULL COLUMNS FROM `jm_category` [ RunTime:0.001304s ]
[2024-04-04T08:57:21+08:00][sql] SELECT * FROM `jm_category` WHERE  `id` = 77 LIMIT 1 [ RunTime:0.000701s ]
[2024-04-04T08:57:21+08:00][sql] SELECT * FROM `jm_category` WHERE  `id` = 74 LIMIT 1 [ RunTime:0.000533s ]
[2024-04-04T08:57:21+08:00][sql] SHOW FULL COLUMNS FROM `jm_ad_index` [ RunTime:0.001709s ]
[2024-04-04T08:57:21+08:00][sql] SELECT * FROM `jm_ad_index` WHERE  `g_id` = 74 LIMIT 1 [ RunTime:0.000636s ]
[2024-04-04T08:57:21+08:00][sql] SELECT * FROM `jm_category` WHERE  `pid` = 74 [ RunTime:0.000456s ]
[2024-04-04T08:57:21+08:00][sql] SELECT * FROM `jm_news_index` WHERE  `c_id` = 77  AND `id` > 168  AND `status` = 1 LIMIT 1 [ RunTime:0.000725s ]
[2024-04-04T08:57:21+08:00][sql] SELECT * FROM `jm_news_index` WHERE  `c_id` = 77  AND `id` < 168  AND `status` = 1 LIMIT 1 [ RunTime:0.000567s ]
[2024-04-04T09:23:06+08:00][sql] CONNECT:[ UseTime:0.000833s ] mysql:host=127.0.0.1;port=3306;dbname=www_fsqf_com;charset=utf8
[2024-04-04T09:23:06+08:00][sql] SHOW FULL COLUMNS FROM `jm_nav` [ RunTime:0.001649s ]
[2024-04-04T09:23:06+08:00][sql] SELECT * FROM `jm_nav` ORDER BY `sort` ASC [ RunTime:0.000568s ]
[2024-04-04T09:23:06+08:00][sql] SHOW FULL COLUMNS FROM `jm_browse_index` [ RunTime:0.001573s ]
[2024-04-04T09:23:06+08:00][sql] SELECT * FROM `jm_browse_index` WHERE  `ip` = '60.188.9.93' ORDER BY `id` DESC LIMIT 1 [ RunTime:0.004692s ]
[2024-04-04T09:23:06+08:00][sql] INSERT INTO `jm_browse_index` SET `cid` = 0 , `url` = '/' , `ip` = '60.188.9.93' , `mark` = '2845db9699b3a424c0dc9c66ef73feed' , `user_agent` = 'Mozilla/5.0 (iPhone; CPU iPhone OS 10_3 like Mac OS X) AppleWebKit/602.1.50 (KHTML, like Gecko) CriOS/56.0.2924.75 Mobile/14E5239e YisouSpider/5.0 Safari/602.1' , `create_time` = '2024-04-04 09:23:06.216504' [ RunTime:0.000432s ]
[2024-04-04T09:23:06+08:00][sql] SHOW FULL COLUMNS FROM `jm_news_index` [ RunTime:0.001636s ]
[2024-04-04T09:23:06+08:00][sql] SELECT * FROM `jm_news_index` WHERE  `c_id` = 78  AND `status` = 1 ORDER BY `create_time` DESC LIMIT 5 [ RunTime:0.000708s ]
[2024-04-04T09:23:06+08:00][sql] SELECT * FROM `jm_news_index` WHERE  `c_id` = 79  AND `status` = 1 ORDER BY `create_time` DESC LIMIT 5 [ RunTime:0.000620s ]
[2024-04-04T09:23:06+08:00][sql] SELECT * FROM `jm_news_index` WHERE  `c_id` = 77  AND `status` = 1 ORDER BY `create_time` DESC LIMIT 5 [ RunTime:0.000767s ]
[2024-04-04T13:00:24+08:00][sql] CONNECT:[ UseTime:0.000661s ] mysql:host=127.0.0.1;port=3306;dbname=www_fsqf_com;charset=utf8
[2024-04-04T13:00:24+08:00][sql] SHOW FULL COLUMNS FROM `jm_nav` [ RunTime:0.002891s ]
[2024-04-04T13:00:24+08:00][sql] SELECT * FROM `jm_nav` ORDER BY `sort` ASC [ RunTime:0.000954s ]
[2024-04-04T13:00:24+08:00][sql] SHOW FULL COLUMNS FROM `jm_browse_index` [ RunTime:0.002082s ]
[2024-04-04T13:00:24+08:00][sql] SELECT * FROM `jm_browse_index` WHERE  `ip` = '220.175.48.134' ORDER BY `id` DESC LIMIT 1 [ RunTime:0.000853s ]
[2024-04-04T13:00:24+08:00][sql] SHOW FULL COLUMNS FROM `jm_news_index` [ RunTime:0.003280s ]
[2024-04-04T13:00:24+08:00][sql] SELECT * FROM `jm_news_index` WHERE  `c_id` = 78  AND `status` = 1 ORDER BY `create_time` DESC LIMIT 5 [ RunTime:0.001300s ]
[2024-04-04T13:00:24+08:00][sql] SELECT * FROM `jm_news_index` WHERE  `c_id` = 79  AND `status` = 1 ORDER BY `create_time` DESC LIMIT 5 [ RunTime:0.001149s ]
[2024-04-04T13:00:24+08:00][sql] SELECT * FROM `jm_news_index` WHERE  `c_id` = 77  AND `status` = 1 ORDER BY `create_time` DESC LIMIT 5 [ RunTime:0.001010s ]
[2024-04-04T13:00:24+08:00][sql] CONNECT:[ UseTime:0.000876s ] mysql:host=127.0.0.1;port=3306;dbname=www_fsqf_com;charset=utf8
[2024-04-04T13:00:24+08:00][sql] SHOW FULL COLUMNS FROM `jm_nav` [ RunTime:0.001515s ]
[2024-04-04T13:00:24+08:00][sql] SELECT * FROM `jm_nav` ORDER BY `sort` ASC [ RunTime:0.000521s ]
[2024-04-04T13:00:24+08:00][sql] SHOW FULL COLUMNS FROM `jm_browse_index` [ RunTime:0.001134s ]
[2024-04-04T13:00:24+08:00][sql] SELECT * FROM `jm_browse_index` WHERE  `ip` = '220.175.48.134' ORDER BY `id` DESC LIMIT 1 [ RunTime:0.000419s ]
[2024-04-04T13:00:24+08:00][sql] INSERT INTO `jm_browse_index` SET `cid` = 0 , `url` = '/page/12.html' , `ip` = '220.175.48.134' , `mark` = 'f376e957f9c88b29f6522a4cf5fcaceb' , `user_agent` = 'python-requests/2.28.2' , `create_time` = '2024-04-04 13:00:24.605816' [ RunTime:0.000432s ]
[2024-04-04T13:00:24+08:00][sql] SHOW FULL COLUMNS FROM `jm_page_index` [ RunTime:0.002184s ]
[2024-04-04T13:00:24+08:00][sql] SELECT * FROM `jm_page_index` WHERE  `id` = 12 LIMIT 1 [ RunTime:0.000802s ]
[2024-04-04T13:00:24+08:00][sql] SHOW FULL COLUMNS FROM `jm_category` [ RunTime:0.002134s ]
[2024-04-04T13:00:24+08:00][sql] SELECT * FROM `jm_category` WHERE  `id` = 76 LIMIT 1 [ RunTime:0.000727s ]
[2024-04-04T13:00:24+08:00][sql] SELECT * FROM `jm_category` WHERE  `id` = 0 LIMIT 1 [ RunTime:0.000381s ]
[2024-04-04T13:00:24+08:00][sql] SHOW FULL COLUMNS FROM `jm_ad_index` [ RunTime:0.001956s ]
[2024-04-04T13:00:24+08:00][sql] SELECT * FROM `jm_ad_index` WHERE  `g_id` = 76 LIMIT 1 [ RunTime:0.000714s ]
[2024-04-04T13:00:24+08:00][sql] SELECT `id` FROM `jm_page_index` WHERE  `c_id` = 76 LIMIT 1 [ RunTime:0.000320s ]
[2024-04-04T13:00:24+08:00][sql] SELECT * FROM `jm_category` WHERE  `pid` = 76 [ RunTime:0.000329s ]
[2024-04-04T13:00:24+08:00][sql] SELECT * FROM `jm_page_index` WHERE  `c_id` = 76 ORDER BY `sort` ASC [ RunTime:0.000261s ]
[2024-04-04T13:00:31+08:00][sql] CONNECT:[ UseTime:0.001225s ] mysql:host=127.0.0.1;port=3306;dbname=www_fsqf_com;charset=utf8
[2024-04-04T13:00:31+08:00][sql] SHOW FULL COLUMNS FROM `jm_nav` [ RunTime:0.003626s ]
[2024-04-04T13:00:31+08:00][sql] SELECT * FROM `jm_nav` ORDER BY `sort` ASC [ RunTime:0.000906s ]
[2024-04-04T13:00:31+08:00][sql] SHOW FULL COLUMNS FROM `jm_browse_index` [ RunTime:0.001368s ]
[2024-04-04T13:00:31+08:00][sql] SELECT * FROM `jm_browse_index` WHERE  `ip` = '220.175.48.134' ORDER BY `id` DESC LIMIT 1 [ RunTime:0.000455s ]
[2024-04-04T13:00:31+08:00][sql] INSERT INTO `jm_browse_index` SET `cid` = 0 , `url` = '/page/11.html' , `ip` = '220.175.48.134' , `mark` = '6bf8a0a0df7241f5bdfda17061658641' , `user_agent` = 'python-requests/2.28.2' , `create_time` = '2024-04-04 13:00:31.005729' [ RunTime:0.000390s ]
[2024-04-04T13:00:31+08:00][sql] SHOW FULL COLUMNS FROM `jm_page_index` [ RunTime:0.002006s ]
[2024-04-04T13:00:31+08:00][sql] SELECT * FROM `jm_page_index` WHERE  `id` = 11 LIMIT 1 [ RunTime:0.000672s ]
[2024-04-04T13:00:31+08:00][sql] SHOW FULL COLUMNS FROM `jm_category` [ RunTime:0.002136s ]
[2024-04-04T13:00:31+08:00][sql] SELECT * FROM `jm_category` WHERE  `id` = 76 LIMIT 1 [ RunTime:0.000579s ]
[2024-04-04T13:00:31+08:00][sql] SELECT * FROM `jm_category` WHERE  `id` = 0 LIMIT 1 [ RunTime:0.000495s ]
[2024-04-04T13:00:31+08:00][sql] SHOW FULL COLUMNS FROM `jm_ad_index` [ RunTime:0.001785s ]
[2024-04-04T13:00:31+08:00][sql] SELECT * FROM `jm_ad_index` WHERE  `g_id` = 76 LIMIT 1 [ RunTime:0.000530s ]
[2024-04-04T13:00:31+08:00][sql] SELECT `id` FROM `jm_page_index` WHERE  `c_id` = 76 LIMIT 1 [ RunTime:0.000258s ]
[2024-04-04T13:00:31+08:00][sql] SELECT * FROM `jm_category` WHERE  `pid` = 76 [ RunTime:0.000269s ]
[2024-04-04T13:00:31+08:00][sql] SELECT * FROM `jm_page_index` WHERE  `c_id` = 76 ORDER BY `sort` ASC [ RunTime:0.000332s ]
[2024-04-04T13:00:33+08:00][sql] CONNECT:[ UseTime:0.000556s ] mysql:host=127.0.0.1;port=3306;dbname=www_fsqf_com;charset=utf8
[2024-04-04T13:00:33+08:00][sql] SHOW FULL COLUMNS FROM `jm_nav` [ RunTime:0.003563s ]
[2024-04-04T13:00:33+08:00][sql] SELECT * FROM `jm_nav` ORDER BY `sort` ASC [ RunTime:0.000839s ]
[2024-04-04T13:00:33+08:00][sql] SHOW FULL COLUMNS FROM `jm_browse_index` [ RunTime:0.002213s ]
[2024-04-04T13:00:33+08:00][sql] SELECT * FROM `jm_browse_index` WHERE  `ip` = '220.175.48.134' ORDER BY `id` DESC LIMIT 1 [ RunTime:0.000614s ]
[2024-04-04T13:00:33+08:00][sql] INSERT INTO `jm_browse_index` SET `cid` = 0 , `url` = '/page/9.html' , `ip` = '220.175.48.134' , `mark` = '2d63a7102eba4ee780278e3505392afa' , `user_agent` = 'python-requests/2.28.2' , `create_time` = '2024-04-04 13:00:33.422750' [ RunTime:0.000424s ]
[2024-04-04T13:00:33+08:00][sql] SHOW FULL COLUMNS FROM `jm_page_index` [ RunTime:0.002676s ]
[2024-04-04T13:00:33+08:00][sql] SELECT * FROM `jm_page_index` WHERE  `id` = 9 LIMIT 1 [ RunTime:0.000596s ]
[2024-04-04T13:00:33+08:00][sql] SHOW FULL COLUMNS FROM `jm_category` [ RunTime:0.001745s ]
[2024-04-04T13:00:33+08:00][sql] SELECT * FROM `jm_category` WHERE  `id` = 76 LIMIT 1 [ RunTime:0.000579s ]
[2024-04-04T13:00:33+08:00][sql] SELECT * FROM `jm_category` WHERE  `id` = 0 LIMIT 1 [ RunTime:0.000377s ]
[2024-04-04T13:00:33+08:00][sql] SHOW FULL COLUMNS FROM `jm_ad_index` [ RunTime:0.001827s ]
[2024-04-04T13:00:33+08:00][sql] SELECT * FROM `jm_ad_index` WHERE  `g_id` = 76 LIMIT 1 [ RunTime:0.000550s ]
[2024-04-04T13:00:33+08:00][sql] SELECT `id` FROM `jm_page_index` WHERE  `c_id` = 76 LIMIT 1 [ RunTime:0.000334s ]
[2024-04-04T13:00:33+08:00][sql] SELECT * FROM `jm_category` WHERE  `pid` = 76 [ RunTime:0.000325s ]
[2024-04-04T13:00:33+08:00][sql] SELECT * FROM `jm_page_index` WHERE  `c_id` = 76 ORDER BY `sort` ASC [ RunTime:0.000372s ]
[2024-04-04T13:00:35+08:00][sql] CONNECT:[ UseTime:0.001049s ] mysql:host=127.0.0.1;port=3306;dbname=www_fsqf_com;charset=utf8
[2024-04-04T13:00:35+08:00][sql] SHOW FULL COLUMNS FROM `jm_nav` [ RunTime:0.001852s ]
[2024-04-04T13:00:35+08:00][sql] SELECT * FROM `jm_nav` ORDER BY `sort` ASC [ RunTime:0.000629s ]
[2024-04-04T13:00:35+08:00][sql] SHOW FULL COLUMNS FROM `jm_browse_index` [ RunTime:0.001779s ]
[2024-04-04T13:00:35+08:00][sql] SELECT * FROM `jm_browse_index` WHERE  `ip` = '220.175.48.134' ORDER BY `id` DESC LIMIT 1 [ RunTime:0.000674s ]
[2024-04-04T13:00:35+08:00][sql] INSERT INTO `jm_browse_index` SET `cid` = 0 , `url` = '/page/1.html' , `ip` = '220.175.48.134' , `mark` = 'ba8ff0234a4007af66fb912f32985b37' , `user_agent` = 'python-requests/2.28.2' , `create_time` = '2024-04-04 13:00:35.812351' [ RunTime:0.000438s ]
[2024-04-04T13:00:35+08:00][sql] SHOW FULL COLUMNS FROM `jm_page_index` [ RunTime:0.001848s ]
[2024-04-04T13:00:35+08:00][sql] SELECT * FROM `jm_page_index` WHERE  `id` = 1 LIMIT 1 [ RunTime:0.000665s ]
[2024-04-04T13:00:35+08:00][sql] SHOW FULL COLUMNS FROM `jm_category` [ RunTime:0.001859s ]
[2024-04-04T13:00:35+08:00][sql] SELECT * FROM `jm_category` WHERE  `id` = 52 LIMIT 1 [ RunTime:0.000660s ]
[2024-04-04T13:00:35+08:00][sql] SELECT * FROM `jm_category` WHERE  `id` = 0 LIMIT 1 [ RunTime:0.000515s ]
[2024-04-04T13:00:35+08:00][sql] SHOW FULL COLUMNS FROM `jm_ad_index` [ RunTime:0.001792s ]
[2024-04-04T13:00:35+08:00][sql] SELECT * FROM `jm_ad_index` WHERE  `g_id` = 52 LIMIT 1 [ RunTime:0.000679s ]
[2024-04-04T13:00:35+08:00][sql] SELECT `id` FROM `jm_page_index` WHERE  `c_id` = 52 LIMIT 1 [ RunTime:0.000420s ]
[2024-04-04T13:00:35+08:00][sql] SELECT * FROM `jm_category` WHERE  `pid` = 52 [ RunTime:0.000474s ]
[2024-04-04T13:00:35+08:00][sql] SELECT * FROM `jm_page_index` WHERE  `c_id` = 76 ORDER BY `sort` ASC [ RunTime:0.000510s ]
[2024-04-04T13:00:39+08:00][sql] CONNECT:[ UseTime:0.000742s ] mysql:host=127.0.0.1;port=3306;dbname=www_fsqf_com;charset=utf8
[2024-04-04T13:00:39+08:00][sql] SHOW FULL COLUMNS FROM `jm_nav` [ RunTime:0.001445s ]
[2024-04-04T13:00:39+08:00][sql] SELECT * FROM `jm_nav` ORDER BY `sort` ASC [ RunTime:0.000488s ]
[2024-04-04T13:00:39+08:00][sql] SHOW FULL COLUMNS FROM `jm_browse_index` [ RunTime:0.001198s ]
[2024-04-04T13:00:39+08:00][sql] SELECT * FROM `jm_browse_index` WHERE  `ip` = '220.175.48.134' ORDER BY `id` DESC LIMIT 1 [ RunTime:0.000471s ]
[2024-04-04T13:00:39+08:00][sql] INSERT INTO `jm_browse_index` SET `cid` = 78 , `url` = '/list/78.html' , `ip` = '220.175.48.134' , `mark` = '0ae6a4edc1c77eeaecc465586d6e1c74' , `user_agent` = 'python-requests/2.28.2' , `create_time` = '2024-04-04 13:00:39.354988' [ RunTime:0.000383s ]
[2024-04-04T13:00:39+08:00][sql] SHOW FULL COLUMNS FROM `jm_category` [ RunTime:0.003707s ]
[2024-04-04T13:00:39+08:00][sql] SELECT `pid` FROM `jm_category` WHERE  `id` = 78 LIMIT 1 [ RunTime:0.000887s ]
[2024-04-04T13:00:39+08:00][sql] SHOW FULL COLUMNS FROM `jm_news_index` [ RunTime:0.001624s ]
[2024-04-04T13:00:39+08:00][sql] SELECT COUNT(*) AS think_count FROM `jm_news_index` WHERE  `status` = 1  AND `c_id` = 78 LIMIT 1 [ RunTime:0.000650s ]
[2024-04-04T13:00:39+08:00][sql] SELECT * FROM `jm_news_index` WHERE  `status` = 1  AND `c_id` = 78 ORDER BY `create_time` DESC LIMIT 0,5 [ RunTime:0.000723s ]
[2024-04-04T13:00:39+08:00][sql] SELECT * FROM `jm_category` WHERE  `id` = 78 LIMIT 1 [ RunTime:0.000516s ]
[2024-04-04T13:00:39+08:00][sql] SELECT * FROM `jm_category` WHERE  `id` = 74 LIMIT 1 [ RunTime:0.000311s ]
[2024-04-04T13:00:39+08:00][sql] SHOW FULL COLUMNS FROM `jm_ad_index` [ RunTime:0.001281s ]
[2024-04-04T13:00:39+08:00][sql] SELECT * FROM `jm_ad_index` WHERE  `g_id` = 74 LIMIT 1 [ RunTime:0.000430s ]
[2024-04-04T13:00:39+08:00][sql] SELECT * FROM `jm_category` WHERE  `pid` = 74 ORDER BY `sort` ASC [ RunTime:0.000335s ]
[2024-04-04T13:00:41+08:00][sql] CONNECT:[ UseTime:0.001115s ] mysql:host=127.0.0.1;port=3306;dbname=www_fsqf_com;charset=utf8
[2024-04-04T13:00:41+08:00][sql] SHOW FULL COLUMNS FROM `jm_nav` [ RunTime:0.003050s ]
[2024-04-04T13:00:41+08:00][sql] SELECT * FROM `jm_nav` ORDER BY `sort` ASC [ RunTime:0.000898s ]
[2024-04-04T13:00:41+08:00][sql] SHOW FULL COLUMNS FROM `jm_browse_index` [ RunTime:0.002408s ]
[2024-04-04T13:00:41+08:00][sql] SHOW FULL COLUMNS FROM `jm_news_index` [ RunTime:0.001768s ]
[2024-04-04T13:00:41+08:00][sql] SELECT `c_id` FROM `jm_news_index` WHERE  `id` = 176 LIMIT 1 [ RunTime:0.000486s ]
[2024-04-04T13:00:41+08:00][sql] SELECT * FROM `jm_browse_index` WHERE  `ip` = '220.175.48.134' ORDER BY `id` DESC LIMIT 1 [ RunTime:0.000559s ]
[2024-04-04T13:00:41+08:00][sql] INSERT INTO `jm_browse_index` SET `cid` = 78 , `url` = '/show/176.html' , `ip` = '220.175.48.134' , `mark` = '75a2b5804f6924399f9ad7fdddb17789' , `user_agent` = 'python-requests/2.28.2' , `create_time` = '2024-04-04 13:00:41.599750' [ RunTime:0.000685s ]
[2024-04-04T13:00:41+08:00][sql] SELECT * FROM `jm_news_index` WHERE  `id` = 176 LIMIT 1 [ RunTime:0.000680s ]
[2024-04-04T13:00:41+08:00][sql] SHOW FULL COLUMNS FROM `jm_category` [ RunTime:0.002641s ]
[2024-04-04T13:00:41+08:00][sql] SELECT * FROM `jm_category` WHERE  `id` = 78 LIMIT 1 [ RunTime:0.000684s ]
[2024-04-04T13:00:41+08:00][sql] SELECT * FROM `jm_category` WHERE  `id` = 74 LIMIT 1 [ RunTime:0.000663s ]
[2024-04-04T13:00:41+08:00][sql] SHOW FULL COLUMNS FROM `jm_ad_index` [ RunTime:0.002045s ]
[2024-04-04T13:00:41+08:00][sql] SELECT * FROM `jm_ad_index` WHERE  `g_id` = 74 LIMIT 1 [ RunTime:0.000493s ]
[2024-04-04T13:00:41+08:00][sql] SELECT * FROM `jm_category` WHERE  `pid` = 74 [ RunTime:0.000403s ]
[2024-04-04T13:00:41+08:00][sql] SELECT * FROM `jm_news_index` WHERE  `c_id` = 78  AND `id` > 176  AND `status` = 1 LIMIT 1 [ RunTime:0.000526s ]
[2024-04-04T13:00:41+08:00][sql] SELECT * FROM `jm_news_index` WHERE  `c_id` = 78  AND `id` < 176  AND `status` = 1 LIMIT 1 [ RunTime:0.000469s ]
[2024-04-04T13:00:44+08:00][sql] CONNECT:[ UseTime:0.001351s ] mysql:host=127.0.0.1;port=3306;dbname=www_fsqf_com;charset=utf8
[2024-04-04T13:00:44+08:00][sql] SHOW FULL COLUMNS FROM `jm_nav` [ RunTime:0.003090s ]
[2024-04-04T13:00:44+08:00][sql] SELECT * FROM `jm_nav` ORDER BY `sort` ASC [ RunTime:0.001091s ]
[2024-04-04T13:00:44+08:00][sql] SHOW FULL COLUMNS FROM `jm_browse_index` [ RunTime:0.002873s ]
[2024-04-04T13:00:44+08:00][sql] SELECT * FROM `jm_browse_index` WHERE  `ip` = '220.175.48.134' ORDER BY `id` DESC LIMIT 1 [ RunTime:0.000999s ]
[2024-04-04T13:00:44+08:00][sql] INSERT INTO `jm_browse_index` SET `cid` = 79 , `url` = '/list/79.html' , `ip` = '220.175.48.134' , `mark` = '21b43944d418f1120a8da14892f8e12b' , `user_agent` = 'python-requests/2.28.2' , `create_time` = '2024-04-04 13:00:44.419629' [ RunTime:0.000724s ]
[2024-04-04T13:00:44+08:00][sql] SHOW FULL COLUMNS FROM `jm_category` [ RunTime:0.003424s ]
[2024-04-04T13:00:44+08:00][sql] SELECT `pid` FROM `jm_category` WHERE  `id` = 79 LIMIT 1 [ RunTime:0.000823s ]
[2024-04-04T13:00:44+08:00][sql] SHOW FULL COLUMNS FROM `jm_news_index` [ RunTime:0.002701s ]
[2024-04-04T13:00:44+08:00][sql] SELECT COUNT(*) AS think_count FROM `jm_news_index` WHERE  `status` = 1  AND `c_id` = 79 LIMIT 1 [ RunTime:0.000799s ]
[2024-04-04T13:00:44+08:00][sql] SELECT * FROM `jm_news_index` WHERE  `status` = 1  AND `c_id` = 79 ORDER BY `create_time` DESC LIMIT 0,5 [ RunTime:0.001162s ]
[2024-04-04T13:00:44+08:00][sql] SELECT * FROM `jm_category` WHERE  `id` = 79 LIMIT 1 [ RunTime:0.000659s ]
[2024-04-04T13:00:44+08:00][sql] SELECT * FROM `jm_category` WHERE  `id` = 74 LIMIT 1 [ RunTime:0.000631s ]
[2024-04-04T13:00:44+08:00][sql] SHOW FULL COLUMNS FROM `jm_ad_index` [ RunTime:0.001878s ]
[2024-04-04T13:00:44+08:00][sql] SELECT * FROM `jm_ad_index` WHERE  `g_id` = 74 LIMIT 1 [ RunTime:0.000401s ]
[2024-04-04T13:00:44+08:00][sql] SELECT * FROM `jm_category` WHERE  `pid` = 74 ORDER BY `sort` ASC [ RunTime:0.000289s ]
[2024-04-04T13:00:46+08:00][sql] CONNECT:[ UseTime:0.001064s ] mysql:host=127.0.0.1;port=3306;dbname=www_fsqf_com;charset=utf8
[2024-04-04T13:00:46+08:00][sql] SHOW FULL COLUMNS FROM `jm_nav` [ RunTime:0.003326s ]
[2024-04-04T13:00:46+08:00][sql] SELECT * FROM `jm_nav` ORDER BY `sort` ASC [ RunTime:0.001392s ]
[2024-04-04T13:00:46+08:00][sql] SHOW FULL COLUMNS FROM `jm_browse_index` [ RunTime:0.001706s ]
[2024-04-04T13:00:46+08:00][sql] SHOW FULL COLUMNS FROM `jm_news_index` [ RunTime:0.001924s ]
[2024-04-04T13:00:46+08:00][sql] SELECT `c_id` FROM `jm_news_index` WHERE  `id` = 173 LIMIT 1 [ RunTime:0.000565s ]
[2024-04-04T13:00:46+08:00][sql] SELECT * FROM `jm_browse_index` WHERE  `ip` = '220.175.48.134' ORDER BY `id` DESC LIMIT 1 [ RunTime:0.000590s ]
[2024-04-04T13:00:46+08:00][sql] INSERT INTO `jm_browse_index` SET `cid` = 79 , `url` = '/show/173.html' , `ip` = '220.175.48.134' , `mark` = '4d704199cccbd7db867e6b33f317c3cf' , `user_agent` = 'python-requests/2.28.2' , `create_time` = '2024-04-04 13:00:46.809794' [ RunTime:0.000590s ]
[2024-04-04T13:00:46+08:00][sql] SELECT * FROM `jm_news_index` WHERE  `id` = 173 LIMIT 1 [ RunTime:0.000590s ]
[2024-04-04T13:00:46+08:00][sql] SHOW FULL COLUMNS FROM `jm_category` [ RunTime:0.002072s ]
[2024-04-04T13:00:46+08:00][sql] SELECT * FROM `jm_category` WHERE  `id` = 79 LIMIT 1 [ RunTime:0.000558s ]
[2024-04-04T13:00:46+08:00][sql] SELECT * FROM `jm_category` WHERE  `id` = 74 LIMIT 1 [ RunTime:0.000389s ]
[2024-04-04T13:00:46+08:00][sql] SHOW FULL COLUMNS FROM `jm_ad_index` [ RunTime:0.001405s ]
[2024-04-04T13:00:46+08:00][sql] SELECT * FROM `jm_ad_index` WHERE  `g_id` = 74 LIMIT 1 [ RunTime:0.000498s ]
[2024-04-04T13:00:46+08:00][sql] SELECT * FROM `jm_category` WHERE  `pid` = 74 [ RunTime:0.000286s ]
[2024-04-04T13:00:46+08:00][sql] SELECT * FROM `jm_news_index` WHERE  `c_id` = 79  AND `id` > 173  AND `status` = 1 LIMIT 1 [ RunTime:0.000381s ]
[2024-04-04T13:00:46+08:00][sql] SELECT * FROM `jm_news_index` WHERE  `c_id` = 79  AND `id` < 173  AND `status` = 1 LIMIT 1 [ RunTime:0.000352s ]
[2024-04-04T13:00:49+08:00][sql] CONNECT:[ UseTime:0.001151s ] mysql:host=127.0.0.1;port=3306;dbname=www_fsqf_com;charset=utf8
[2024-04-04T13:00:49+08:00][sql] SHOW FULL COLUMNS FROM `jm_nav` [ RunTime:0.003484s ]
[2024-04-04T13:00:49+08:00][sql] SELECT * FROM `jm_nav` ORDER BY `sort` ASC [ RunTime:0.000894s ]
[2024-04-04T13:00:49+08:00][sql] SHOW FULL COLUMNS FROM `jm_browse_index` [ RunTime:0.001402s ]
[2024-04-04T13:00:49+08:00][sql] SHOW FULL COLUMNS FROM `jm_news_index` [ RunTime:0.001426s ]
[2024-04-04T13:00:49+08:00][sql] SELECT `c_id` FROM `jm_news_index` WHERE  `id` = 175 LIMIT 1 [ RunTime:0.000389s ]
[2024-04-04T13:00:49+08:00][sql] SELECT * FROM `jm_browse_index` WHERE  `ip` = '220.175.48.134' ORDER BY `id` DESC LIMIT 1 [ RunTime:0.000410s ]
[2024-04-04T13:00:49+08:00][sql] INSERT INTO `jm_browse_index` SET `cid` = 79 , `url` = '/show/175.html' , `ip` = '220.175.48.134' , `mark` = '33c9c56aeeb2bf3730da0e13b37c0b0e' , `user_agent` = 'python-requests/2.28.2' , `create_time` = '2024-04-04 13:00:49.075490' [ RunTime:0.000319s ]
[2024-04-04T13:00:49+08:00][sql] SELECT * FROM `jm_news_index` WHERE  `id` = 175 LIMIT 1 [ RunTime:0.000509s ]
[2024-04-04T13:00:49+08:00][sql] SHOW FULL COLUMNS FROM `jm_category` [ RunTime:0.001977s ]
[2024-04-04T13:00:49+08:00][sql] SELECT * FROM `jm_category` WHERE  `id` = 79 LIMIT 1 [ RunTime:0.000616s ]
[2024-04-04T13:00:49+08:00][sql] SELECT * FROM `jm_category` WHERE  `id` = 74 LIMIT 1 [ RunTime:0.000473s ]
[2024-04-04T13:00:49+08:00][sql] SHOW FULL COLUMNS FROM `jm_ad_index` [ RunTime:0.001733s ]
[2024-04-04T13:00:49+08:00][sql] SELECT * FROM `jm_ad_index` WHERE  `g_id` = 74 LIMIT 1 [ RunTime:0.000651s ]
[2024-04-04T13:00:49+08:00][sql] SELECT * FROM `jm_category` WHERE  `pid` = 74 [ RunTime:0.000476s ]
[2024-04-04T13:00:49+08:00][sql] SELECT * FROM `jm_news_index` WHERE  `c_id` = 79  AND `id` > 175  AND `status` = 1 LIMIT 1 [ RunTime:0.000977s ]
[2024-04-04T13:00:49+08:00][sql] SELECT * FROM `jm_news_index` WHERE  `c_id` = 79  AND `id` < 175  AND `status` = 1 LIMIT 1 [ RunTime:0.000783s ]
[2024-04-04T13:00:51+08:00][sql] CONNECT:[ UseTime:0.001207s ] mysql:host=127.0.0.1;port=3306;dbname=www_fsqf_com;charset=utf8
[2024-04-04T13:00:51+08:00][sql] SHOW FULL COLUMNS FROM `jm_nav` [ RunTime:0.003102s ]
[2024-04-04T13:00:51+08:00][sql] SELECT * FROM `jm_nav` ORDER BY `sort` ASC [ RunTime:0.000869s ]
[2024-04-04T13:00:51+08:00][sql] SHOW FULL COLUMNS FROM `jm_browse_index` [ RunTime:0.001669s ]
[2024-04-04T13:00:51+08:00][sql] SHOW FULL COLUMNS FROM `jm_news_index` [ RunTime:0.001883s ]
[2024-04-04T13:00:51+08:00][sql] SELECT `c_id` FROM `jm_news_index` WHERE  `id` = 166 LIMIT 1 [ RunTime:0.000494s ]
[2024-04-04T13:00:51+08:00][sql] SELECT * FROM `jm_browse_index` WHERE  `ip` = '220.175.48.134' ORDER BY `id` DESC LIMIT 1 [ RunTime:0.000428s ]
[2024-04-04T13:00:51+08:00][sql] INSERT INTO `jm_browse_index` SET `cid` = 77 , `url` = '/show/166.html' , `ip` = '220.175.48.134' , `mark` = 'b8769ff9328227f7d6c93805c7ce115c' , `user_agent` = 'python-requests/2.28.2' , `create_time` = '2024-04-04 13:00:51.839988' [ RunTime:0.000390s ]
[2024-04-04T13:00:51+08:00][sql] SELECT * FROM `jm_news_index` WHERE  `id` = 166 LIMIT 1 [ RunTime:0.000452s ]
[2024-04-04T13:00:51+08:00][sql] SHOW FULL COLUMNS FROM `jm_category` [ RunTime:0.001495s ]
[2024-04-04T13:00:51+08:00][sql] SELECT * FROM `jm_category` WHERE  `id` = 77 LIMIT 1 [ RunTime:0.000508s ]
[2024-04-04T13:00:51+08:00][sql] SELECT * FROM `jm_category` WHERE  `id` = 74 LIMIT 1 [ RunTime:0.000459s ]
[2024-04-04T13:00:51+08:00][sql] SHOW FULL COLUMNS FROM `jm_ad_index` [ RunTime:0.001452s ]
[2024-04-04T13:00:51+08:00][sql] SELECT * FROM `jm_ad_index` WHERE  `g_id` = 74 LIMIT 1 [ RunTime:0.000497s ]
[2024-04-04T13:00:51+08:00][sql] SELECT * FROM `jm_category` WHERE  `pid` = 74 [ RunTime:0.000342s ]
[2024-04-04T13:00:51+08:00][sql] SELECT * FROM `jm_news_index` WHERE  `c_id` = 77  AND `id` > 166  AND `status` = 1 LIMIT 1 [ RunTime:0.000510s ]
[2024-04-04T13:00:51+08:00][sql] SELECT * FROM `jm_news_index` WHERE  `c_id` = 77  AND `id` < 166  AND `status` = 1 LIMIT 1 [ RunTime:0.000415s ]
[2024-04-04T13:00:54+08:00][sql] CONNECT:[ UseTime:0.001072s ] mysql:host=127.0.0.1;port=3306;dbname=www_fsqf_com;charset=utf8
[2024-04-04T13:00:54+08:00][sql] SHOW FULL COLUMNS FROM `jm_nav` [ RunTime:0.003243s ]
[2024-04-04T13:00:54+08:00][sql] SELECT * FROM `jm_nav` ORDER BY `sort` ASC [ RunTime:0.000616s ]
[2024-04-04T13:00:54+08:00][sql] SHOW FULL COLUMNS FROM `jm_browse_index` [ RunTime:0.002631s ]
[2024-04-04T13:00:54+08:00][sql] SHOW FULL COLUMNS FROM `jm_news_index` [ RunTime:0.002638s ]
[2024-04-04T13:00:54+08:00][sql] SELECT `c_id` FROM `jm_news_index` WHERE  `id` = 168 LIMIT 1 [ RunTime:0.000333s ]
[2024-04-04T13:00:54+08:00][sql] SELECT * FROM `jm_browse_index` WHERE  `ip` = '220.175.48.134' ORDER BY `id` DESC LIMIT 1 [ RunTime:0.000401s ]
[2024-04-04T13:00:54+08:00][sql] INSERT INTO `jm_browse_index` SET `cid` = 77 , `url` = '/show/168.html' , `ip` = '220.175.48.134' , `mark` = '8e544c4404dfae434aadf26936d1d2ec' , `user_agent` = 'python-requests/2.28.2' , `create_time` = '2024-04-04 13:00:54.866533' [ RunTime:0.000753s ]
[2024-04-04T13:00:54+08:00][sql] SELECT * FROM `jm_news_index` WHERE  `id` = 168 LIMIT 1 [ RunTime:0.000855s ]
[2024-04-04T13:00:54+08:00][sql] SHOW FULL COLUMNS FROM `jm_category` [ RunTime:0.003048s ]
[2024-04-04T13:00:54+08:00][sql] SELECT * FROM `jm_category` WHERE  `id` = 77 LIMIT 1 [ RunTime:0.000652s ]
[2024-04-04T13:00:54+08:00][sql] SELECT * FROM `jm_category` WHERE  `id` = 74 LIMIT 1 [ RunTime:0.000474s ]
[2024-04-04T13:00:54+08:00][sql] SHOW FULL COLUMNS FROM `jm_ad_index` [ RunTime:0.002301s ]
[2024-04-04T13:00:54+08:00][sql] SELECT * FROM `jm_ad_index` WHERE  `g_id` = 74 LIMIT 1 [ RunTime:0.000524s ]
[2024-04-04T13:00:54+08:00][sql] SELECT * FROM `jm_category` WHERE  `pid` = 74 [ RunTime:0.000701s ]
[2024-04-04T13:00:54+08:00][sql] SELECT * FROM `jm_news_index` WHERE  `c_id` = 77  AND `id` > 168  AND `status` = 1 LIMIT 1 [ RunTime:0.000939s ]
[2024-04-04T13:00:54+08:00][sql] SELECT * FROM `jm_news_index` WHERE  `c_id` = 77  AND `id` < 168  AND `status` = 1 LIMIT 1 [ RunTime:0.000758s ]
[2024-04-04T13:00:57+08:00][sql] CONNECT:[ UseTime:0.001098s ] mysql:host=127.0.0.1;port=3306;dbname=www_fsqf_com;charset=utf8
[2024-04-04T13:00:57+08:00][sql] SHOW FULL COLUMNS FROM `jm_nav` [ RunTime:0.003093s ]
[2024-04-04T13:00:57+08:00][sql] SELECT * FROM `jm_nav` ORDER BY `sort` ASC [ RunTime:0.001069s ]
[2024-04-04T13:00:57+08:00][sql] SHOW FULL COLUMNS FROM `jm_browse_index` [ RunTime:0.002609s ]
[2024-04-04T13:00:57+08:00][sql] SHOW FULL COLUMNS FROM `jm_news_index` [ RunTime:0.002003s ]
[2024-04-04T13:00:57+08:00][sql] SELECT `c_id` FROM `jm_news_index` WHERE  `id` = 170 LIMIT 1 [ RunTime:0.000563s ]
[2024-04-04T13:00:57+08:00][sql] SELECT * FROM `jm_browse_index` WHERE  `ip` = '220.175.48.134' ORDER BY `id` DESC LIMIT 1 [ RunTime:0.000482s ]
[2024-04-04T13:00:57+08:00][sql] INSERT INTO `jm_browse_index` SET `cid` = 77 , `url` = '/show/170.html' , `ip` = '220.175.48.134' , `mark` = '8298df4398000efb4f229c861caf319f' , `user_agent` = 'python-requests/2.28.2' , `create_time` = '2024-04-04 13:00:57.134259' [ RunTime:0.000412s ]
[2024-04-04T13:00:57+08:00][sql] SELECT * FROM `jm_news_index` WHERE  `id` = 170 LIMIT 1 [ RunTime:0.000593s ]
[2024-04-04T13:00:57+08:00][sql] SHOW FULL COLUMNS FROM `jm_category` [ RunTime:0.002223s ]
[2024-04-04T13:00:57+08:00][sql] SELECT * FROM `jm_category` WHERE  `id` = 77 LIMIT 1 [ RunTime:0.000623s ]
[2024-04-04T13:00:57+08:00][sql] SELECT * FROM `jm_category` WHERE  `id` = 74 LIMIT 1 [ RunTime:0.000617s ]
[2024-04-04T13:00:57+08:00][sql] SHOW FULL COLUMNS FROM `jm_ad_index` [ RunTime:0.002147s ]
[2024-04-04T13:00:57+08:00][sql] SELECT * FROM `jm_ad_index` WHERE  `g_id` = 74 LIMIT 1 [ RunTime:0.000698s ]
[2024-04-04T13:00:57+08:00][sql] SELECT * FROM `jm_category` WHERE  `pid` = 74 [ RunTime:0.000499s ]
[2024-04-04T13:00:57+08:00][sql] SELECT * FROM `jm_news_index` WHERE  `c_id` = 77  AND `id` > 170  AND `status` = 1 LIMIT 1 [ RunTime:0.000710s ]
[2024-04-04T13:00:57+08:00][sql] SELECT * FROM `jm_news_index` WHERE  `c_id` = 77  AND `id` < 170  AND `status` = 1 LIMIT 1 [ RunTime:0.000821s ]
[2024-04-04T13:12:40+08:00][sql] CONNECT:[ UseTime:0.000603s ] mysql:host=127.0.0.1;port=3306;dbname=www_fsqf_com;charset=utf8
[2024-04-04T13:12:40+08:00][sql] SHOW FULL COLUMNS FROM `jm_nav` [ RunTime:0.003062s ]
[2024-04-04T13:12:40+08:00][sql] SELECT * FROM `jm_nav` ORDER BY `sort` ASC [ RunTime:0.000555s ]
[2024-04-04T13:12:40+08:00][sql] SHOW FULL COLUMNS FROM `jm_browse_index` [ RunTime:0.002262s ]
[2024-04-04T13:12:40+08:00][sql] SELECT * FROM `jm_browse_index` WHERE  `ip` = '39.173.107.112' ORDER BY `id` DESC LIMIT 1 [ RunTime:0.007430s ]
[2024-04-04T13:12:40+08:00][sql] INSERT INTO `jm_browse_index` SET `cid` = 0 , `url` = '/page/2.html' , `ip` = '39.173.107.112' , `mark` = '26c9ab80b475a6fd38f922109036f650' , `user_agent` = 'Mozilla/5.0 (Windows NT 6.1; Win64; x64) AppleWebKit/537.36 (KHTML, like Gecko) Chrome/69.0.3497.81 YisouSpider/5.0 Safari/537.36' , `create_time` = '2024-04-04 13:12:40.351102' [ RunTime:0.000547s ]
[2024-04-04T13:12:40+08:00][sql] SHOW FULL COLUMNS FROM `jm_page_index` [ RunTime:0.002882s ]
[2024-04-04T13:12:40+08:00][sql] SELECT * FROM `jm_page_index` WHERE  `id` = 2 LIMIT 1 [ RunTime:0.000943s ]
[2024-04-04T13:12:40+08:00][sql] SHOW FULL COLUMNS FROM `jm_category` [ RunTime:0.002627s ]
[2024-04-04T13:12:40+08:00][sql] SELECT * FROM `jm_category` WHERE  `id` = 75 LIMIT 1 [ RunTime:0.000833s ]
[2024-04-04T13:12:40+08:00][sql] SELECT * FROM `jm_category` WHERE  `id` = 0 LIMIT 1 [ RunTime:0.000824s ]
[2024-04-04T13:12:40+08:00][sql] SHOW FULL COLUMNS FROM `jm_ad_index` [ RunTime:0.002473s ]
[2024-04-04T13:12:40+08:00][sql] SELECT * FROM `jm_ad_index` WHERE  `g_id` = 75 LIMIT 1 [ RunTime:0.000690s ]
[2024-04-04T13:12:40+08:00][sql] SELECT `id` FROM `jm_page_index` WHERE  `c_id` = 75 LIMIT 1 [ RunTime:0.000409s ]
[2024-04-04T13:12:40+08:00][sql] SELECT * FROM `jm_category` WHERE  `pid` = 75 [ RunTime:0.000586s ]
[2024-04-04T13:12:40+08:00][sql] SELECT * FROM `jm_page_index` WHERE  `c_id` = 76 ORDER BY `sort` ASC [ RunTime:0.000507s ]
[2024-04-04T14:31:09+08:00][sql] CONNECT:[ UseTime:0.001081s ] mysql:host=127.0.0.1;port=3306;dbname=www_fsqf_com;charset=utf8
[2024-04-04T14:31:09+08:00][sql] SHOW FULL COLUMNS FROM `jm_nav` [ RunTime:0.003617s ]
[2024-04-04T14:31:09+08:00][sql] SELECT * FROM `jm_nav` ORDER BY `sort` ASC [ RunTime:0.001185s ]
[2024-04-04T14:31:09+08:00][sql] SHOW FULL COLUMNS FROM `jm_browse_index` [ RunTime:0.002787s ]
[2024-04-04T14:31:09+08:00][sql] SELECT * FROM `jm_browse_index` WHERE  `ip` = '120.24.250.155' ORDER BY `id` DESC LIMIT 1 [ RunTime:0.000808s ]
[2024-04-04T14:31:09+08:00][sql] SHOW FULL COLUMNS FROM `jm_news_index` [ RunTime:0.001228s ]
[2024-04-04T14:31:09+08:00][sql] SELECT * FROM `jm_news_index` WHERE  `c_id` = 78  AND `status` = 1 ORDER BY `create_time` DESC LIMIT 5 [ RunTime:0.000570s ]
[2024-04-04T14:31:09+08:00][sql] SELECT * FROM `jm_news_index` WHERE  `c_id` = 79  AND `status` = 1 ORDER BY `create_time` DESC LIMIT 5 [ RunTime:0.000492s ]
[2024-04-04T14:31:09+08:00][sql] SELECT * FROM `jm_news_index` WHERE  `c_id` = 77  AND `status` = 1 ORDER BY `create_time` DESC LIMIT 5 [ RunTime:0.000441s ]
[2024-04-04T15:06:10+08:00][sql] CONNECT:[ UseTime:0.000808s ] mysql:host=127.0.0.1;port=3306;dbname=www_fsqf_com;charset=utf8
[2024-04-04T15:06:10+08:00][sql] SHOW FULL COLUMNS FROM `jm_nav` [ RunTime:0.001604s ]
[2024-04-04T15:06:10+08:00][sql] SELECT * FROM `jm_nav` ORDER BY `sort` ASC [ RunTime:0.000630s ]
[2024-04-04T15:06:10+08:00][sql] SHOW FULL COLUMNS FROM `jm_browse_index` [ RunTime:0.001301s ]
[2024-04-04T15:06:10+08:00][sql] SELECT * FROM `jm_browse_index` WHERE  `ip` = '39.173.107.132' ORDER BY `id` DESC LIMIT 1 [ RunTime:0.005226s ]
[2024-04-04T15:06:10+08:00][sql] INSERT INTO `jm_browse_index` SET `cid` = 79 , `url` = '/list/79.html' , `ip` = '39.173.107.132' , `mark` = 'd7062eed3dcee1b7bb67380d3856f750' , `user_agent` = 'Mozilla/5.0 (Windows NT 6.1; Win64; x64) AppleWebKit/537.36 (KHTML, like Gecko) Chrome/69.0.3497.81 YisouSpider/5.0 Safari/537.36' , `create_time` = '2024-04-04 15:06:10.501509' [ RunTime:0.000367s ]
[2024-04-04T15:06:10+08:00][sql] SHOW FULL COLUMNS FROM `jm_category` [ RunTime:0.001673s ]
[2024-04-04T15:06:10+08:00][sql] SELECT `pid` FROM `jm_category` WHERE  `id` = 79 LIMIT 1 [ RunTime:0.000550s ]
[2024-04-04T15:06:10+08:00][sql] SHOW FULL COLUMNS FROM `jm_news_index` [ RunTime:0.001662s ]
[2024-04-04T15:06:10+08:00][sql] SELECT COUNT(*) AS think_count FROM `jm_news_index` WHERE  `status` = 1  AND `c_id` = 79 LIMIT 1 [ RunTime:0.000505s ]
[2024-04-04T15:06:10+08:00][sql] SELECT * FROM `jm_news_index` WHERE  `status` = 1  AND `c_id` = 79 ORDER BY `create_time` DESC LIMIT 0,5 [ RunTime:0.000712s ]
[2024-04-04T15:06:10+08:00][sql] SELECT * FROM `jm_category` WHERE  `id` = 79 LIMIT 1 [ RunTime:0.000373s ]
[2024-04-04T15:06:10+08:00][sql] SELECT * FROM `jm_category` WHERE  `id` = 74 LIMIT 1 [ RunTime:0.000308s ]
[2024-04-04T15:06:10+08:00][sql] SHOW FULL COLUMNS FROM `jm_ad_index` [ RunTime:0.001431s ]
[2024-04-04T15:06:10+08:00][sql] SELECT * FROM `jm_ad_index` WHERE  `g_id` = 74 LIMIT 1 [ RunTime:0.000527s ]
[2024-04-04T15:06:10+08:00][sql] SELECT * FROM `jm_category` WHERE  `pid` = 74 ORDER BY `sort` ASC [ RunTime:0.000342s ]
[2024-04-04T15:09:27+08:00][sql] CONNECT:[ UseTime:0.001210s ] mysql:host=127.0.0.1;port=3306;dbname=www_fsqf_com;charset=utf8
[2024-04-04T15:09:27+08:00][sql] SHOW FULL COLUMNS FROM `jm_nav` [ RunTime:0.003466s ]
[2024-04-04T15:09:27+08:00][sql] SELECT * FROM `jm_nav` ORDER BY `sort` ASC [ RunTime:0.000823s ]
[2024-04-04T15:09:27+08:00][sql] SHOW FULL COLUMNS FROM `jm_browse_index` [ RunTime:0.001968s ]
[2024-04-04T15:09:27+08:00][sql] SHOW FULL COLUMNS FROM `jm_news_index` [ RunTime:0.002026s ]
[2024-04-04T15:09:27+08:00][sql] SELECT `c_id` FROM `jm_news_index` WHERE  `id` = 177 LIMIT 1 [ RunTime:0.000376s ]
[2024-04-04T15:09:27+08:00][sql] SELECT * FROM `jm_browse_index` WHERE  `ip` = '39.173.105.193' ORDER BY `id` DESC LIMIT 1 [ RunTime:0.002366s ]
[2024-04-04T15:09:27+08:00][sql] INSERT INTO `jm_browse_index` SET `cid` = 78 , `url` = '/show/177.html' , `ip` = '39.173.105.193' , `mark` = 'efb1610011d9c43d50742381fd26712e' , `user_agent` = 'Mozilla/5.0 (Windows NT 6.1; Win64; x64) AppleWebKit/537.36 (KHTML, like Gecko) Chrome/69.0.3497.81 YisouSpider/5.0 Safari/537.36' , `create_time` = '2024-04-04 15:09:27.314485' [ RunTime:0.000408s ]
[2024-04-04T15:09:27+08:00][sql] SELECT * FROM `jm_news_index` WHERE  `id` = 177 LIMIT 1 [ RunTime:0.000420s ]
[2024-04-04T15:09:27+08:00][sql] SHOW FULL COLUMNS FROM `jm_category` [ RunTime:0.001710s ]
[2024-04-04T15:09:27+08:00][sql] SELECT * FROM `jm_category` WHERE  `id` = 78 LIMIT 1 [ RunTime:0.000408s ]
[2024-04-04T15:09:27+08:00][sql] SELECT * FROM `jm_category` WHERE  `id` = 74 LIMIT 1 [ RunTime:0.000312s ]
[2024-04-04T15:09:27+08:00][sql] SHOW FULL COLUMNS FROM `jm_ad_index` [ RunTime:0.001696s ]
[2024-04-04T15:09:27+08:00][sql] SELECT * FROM `jm_ad_index` WHERE  `g_id` = 74 LIMIT 1 [ RunTime:0.000458s ]
[2024-04-04T15:09:27+08:00][sql] SELECT * FROM `jm_category` WHERE  `pid` = 74 [ RunTime:0.000352s ]
[2024-04-04T15:09:27+08:00][sql] SELECT * FROM `jm_news_index` WHERE  `c_id` = 78  AND `id` > 177  AND `status` = 1 LIMIT 1 [ RunTime:0.000506s ]
[2024-04-04T15:09:27+08:00][sql] SELECT * FROM `jm_news_index` WHERE  `c_id` = 78  AND `id` < 177  AND `status` = 1 LIMIT 1 [ RunTime:0.000591s ]
